00:00:00.101.566 INFO root: added file handler at 2021-09-13.16:47:19
00:00:00.101.566 INFO root: columns 1 -> 2
00:00:01.542.007 INFO root: Constraints: 100101010
00:00:01.542.008 INFO root: cons_SSB_card = 1
00:00:01.543.008 INFO root: cons_SSB_box_lb = 0
00:00:01.543.008 INFO root: cons_SSB_box_ub = 0
00:00:01.543.008 INFO root: cons_SSB_lb = 1
00:00:01.543.009 INFO root: cons_SSB_ub = 0
00:00:01.543.009 INFO root: cons_MC_card = 1
00:00:01.544.009 INFO root: cons_MC_matching = 0
00:00:01.544.009 INFO root: cons_MC_lb = 1
00:00:01.544.009 INFO root: cons_MC_ub2 = 0
00:00:01.932.397 INFO root: full ssb
00:00:02.044.510 INFO root: load .cache/SboxDivision.components_anf_closures.self_sboxBD59AECE64673816.args_068BA53CAF4BB89BC84341E5E0A9E860E078799A9E9F3CD8F2B19C3FC4CEC936 succeeded
00:00:02.056.521 INFO root: anfsI 255
00:00:02.062.527 INFO root: load .cache/SboxDivision.components_anf_closures.self_sboxFA83BF4B256071FB.args_068BA53CAF4BB89BC84341E5E0A9E860E078799A9E9F3CD8F2B19C3FC4CEC936 succeeded
00:00:02.073.538 INFO root: anfsO 255
00:00:02.140.606 INFO root: load .cache/SboxDivision.cnf_lb.self_sbox391D96FD000E6C5B.args_068BA53CAF4BB89BC84341E5E0A9E860E078799A9E9F3CD8F2B19C3FC4CEC936 succeeded
00:00:04.848.313 INFO root: SSB round 2 column 0
00:00:06.089.554 INFO root: load .cache/SboxDivision.minimal_max.self_sbox0F7EC76E48F1C66A.args_068BA53CAF4BB89BC84341E5E0A9E860E078799A9E9F3CD8F2B19C3FC4CEC936 succeeded
00:00:13.252.717 INFO root: load .cache/SboxDivision.divcore.self_sbox0F7EC76E48F1C66A.args_068BA53CAF4BB89BC84341E5E0A9E860E078799A9E9F3CD8F2B19C3FC4CEC936 succeeded
00:00:19.107.572 INFO root: load .cache/SboxDivision.cnf_lb.self_sbox0F7EC76E48F1C66A.args_068BA53CAF4BB89BC84341E5E0A9E860E078799A9E9F3CD8F2B19C3FC4CEC936 succeeded
00:00:29.835.300 INFO root: SSB round 2 column 1
00:00:31.064.530 INFO root: load .cache/SboxDivision.minimal_max.self_sbox97CD3E51D99FE8E5.args_068BA53CAF4BB89BC84341E5E0A9E860E078799A9E9F3CD8F2B19C3FC4CEC936 succeeded
00:00:38.595.060 INFO root: load .cache/SboxDivision.divcore.self_sbox97CD3E51D99FE8E5.args_068BA53CAF4BB89BC84341E5E0A9E860E078799A9E9F3CD8F2B19C3FC4CEC936 succeeded
00:00:45.044.510 INFO root: load .cache/SboxDivision.cnf_lb.self_sbox97CD3E51D99FE8E5.args_068BA53CAF4BB89BC84341E5E0A9E860E078799A9E9F3CD8F2B19C3FC4CEC936 succeeded
00:00:55.951.417 INFO root: SSB round 2 column 2
00:00:56.918.383 INFO root: load .cache/SboxDivision.minimal_max.self_sboxFA83BF4B256071FB.args_068BA53CAF4BB89BC84341E5E0A9E860E078799A9E9F3CD8F2B19C3FC4CEC936 succeeded
00:01:04.203.668 INFO root: load .cache/SboxDivision.divcore.self_sboxFA83BF4B256071FB.args_068BA53CAF4BB89BC84341E5E0A9E860E078799A9E9F3CD8F2B19C3FC4CEC936 succeeded
00:01:10.184.650 INFO root: load .cache/SboxDivision.cnf_lb.self_sboxFA83BF4B256071FB.args_068BA53CAF4BB89BC84341E5E0A9E860E078799A9E9F3CD8F2B19C3FC4CEC936 succeeded
00:01:20.830.295 INFO root: SSB round 2 column 3
00:01:46.551.016 INFO root: SSB round 4 column 0
00:02:09.317.782 INFO root: SSB round 4 column 1
00:02:10.479.944 INFO root: load .cache/SboxDivision.minimal_max.self_sboxB5083D73B8917F33.args_068BA53CAF4BB89BC84341E5E0A9E860E078799A9E9F3CD8F2B19C3FC4CEC936 succeeded
00:02:17.718.183 INFO root: load .cache/SboxDivision.divcore.self_sboxB5083D73B8917F33.args_068BA53CAF4BB89BC84341E5E0A9E860E078799A9E9F3CD8F2B19C3FC4CEC936 succeeded
00:02:23.757.223 INFO root: load .cache/SboxDivision.cnf_lb.self_sboxB5083D73B8917F33.args_068BA53CAF4BB89BC84341E5E0A9E860E078799A9E9F3CD8F2B19C3FC4CEC936 succeeded
00:02:34.462.928 INFO root: SSB round 4 column 2
00:02:57.408.873 INFO root: SSB round 4 column 3
00:03:23.149.615 INFO root: mask pairs: 255 x 255 = 65025
00:03:23.150.615 INFO root: #trails 0 
00:03:23.150.615 INFO root: mask pair #1 / 65025: 0001000101110110 1010101100001011anfI_max <DenseSet hash=a3e45429ddd0d4d0 n=16 wt=98 | 3:2 4:28 5:44 6:24> anfO_max <DenseSet hash=7d3b015bd58ec935 n=16 wt=69 | 3:3 4:7 5:21 6:38>
00:03:28.795.261 INFO root: solving SAT...
00:04:16.931.396 INFO root: SAT solve time: 48.13495635986328
00:04:16.931.397 INFO root: SAT_times: 48.1 - 48.1, avg 48.1 med 48.1
00:04:16.932.397 INFO root: middle division transition ~0111000000001001 -> 0000011100000111 (~5 -> 6)
00:04:16.932.397 INFO root: mid transition: 0111000000001001 0000011100000111 5 6
00:04:16.932.398 INFO root: full trace:
00:04:16.933.398 INFO root: 1111 1000 1111 1111 1111 1111 1111 1111 1111 1111 1111 1111 1111 0110 1111 1111# initial
00:04:16.933.399 INFO root: 1111 1011 1111 1111 1101 1111 1111 1111 1101 1111 1111 1111 1111 1111 1110 1101# after SR MC SR
00:04:16.934.399 INFO root: 0011 1111 1111 1111 1111 0101 1100 1010 1000 0100 1111 1001 0000 0100 0010 0011# after SSB
00:04:16.935.400 INFO root: 0110 0111 0111 0111 0111 1101 0111 1001 0000 0000 1011 0101 1111 1101 0000 1010# after SR MC SR
00:04:16.935.400 INFO root: 0000 0000 0000 1000 1000 0000 1000 0000 0000 0100 0000 0100 1000 0000 0000 0000# after SSB
00:04:16.936.401 INFO root: 0000 0000 0000 0000 0000 0000 0111 0000 0000 0000 0000 0000 0000 0000 0111 0000# after SR MC SR
00:04:16.936.401 INFO root: 
00:04:16.936.402 INFO root: new trail: 0111000000001001 -> 0000011100000111
00:04:16.937.402 INFO root: #trails 1 
00:04:16.938.403 INFO root: mask pair #3 / 65025: 0001000000000000 0000000100001011anfI_max <DenseSet hash=c624d6a10178ac83 n=16 wt=78 | 3:11 4:28 5:28 6:11> anfO_max <DenseSet hash=c418589f79620783 n=16 wt=72 | 3:7 4:8 5:31 6:26>
00:04:22.653.118 INFO root: solving SAT...
00:06:20.637.102 INFO root: SAT solve time: 117.98338556289673
00:06:20.637.103 INFO root: SAT_times: 48.1 - 118.0, avg 83.1 med 118.0
00:06:20.638.103 INFO root: middle division transition ~1011000000000111 -> 0111110100000000 (~6 -> 6)
00:06:20.638.103 INFO root: mid transition: 1011000000000111 0111110100000000 6 6
00:06:20.638.103 INFO root: full trace:
00:06:20.639.104 INFO root: 1111 0100 1111 1111 1111 1111 1111 1111 1111 1111 1111 1111 1111 1000 1111 1111# initial
00:06:20.639.104 INFO root: 1111 0111 1011 1111 1111 1111 1111 1111 0111 1111 1111 0111 1111 1111 1011 0111# after SR MC SR
00:06:20.639.105 INFO root: 1111 0110 0000 1001 0100 1000 0010 1111 1000 0100 1111 0011 0010 1111 1001 0000# after SSB
00:06:20.640.105 INFO root: 1001 1011 1011 1101 0000 1111 0000 1110 0110 1101 1111 0000 0000 0000 1101 0000# after SR MC SR
00:06:20.640.105 INFO root: 0000 0000 0100 0100 0000 0000 0000 0000 0001 0100 0000 0000 0000 0010 0100 0000# after SSB
00:06:20.641.106 INFO root: 0000 0000 0111 0000 0000 0000 1101 0000 0000 0000 0000 0000 0000 0000 0000 0000# after SR MC SR
00:06:20.641.106 INFO root: 
00:06:20.641.106 INFO root: new trail: 1011000000000111 -> 0111110100000000
00:06:20.641.107 INFO root: #trails 2 
00:06:20.642.107 INFO root: mask pair #4 / 65025: 0110000101100000 0001000000011011anfI_max <DenseSet hash=c849beb70883d108 n=16 wt=89 | 3:2 4:8 5:55 6:24> anfO_max <DenseSet hash=22b63d02171a338b n=16 wt=75 | 3:1 4:11 5:28 6:35>
00:06:26.648.113 INFO root: solving SAT...
00:06:47.943.409 INFO root: SAT solve time: 21.294853448867798
00:06:47.944.409 INFO root: SAT_times: 21.3 - 118.0, avg 62.5 med 48.1
00:06:47.944.410 INFO root: middle division transition ~1011000011010000 -> 1011011100000000 (~6 -> 6)
00:06:47.945.410 INFO root: mid transition: 1011000011010000 1011011100000000 6 6
00:06:47.945.410 INFO root: full trace:
00:06:47.945.411 INFO root: 1111 0100 1111 1111 1111 1111 1111 1111 1111 0010 1111 1111 1111 1111 1111 1111# initial
00:06:47.946.411 INFO root: 1111 1111 1111 1111 1110 1111 0111 1111 1111 1101 1111 1110 1110 1111 1011 1111# after SR MC SR
00:06:47.946.412 INFO root: 1000 0100 0000 1111 0100 1111 0100 1010 0100 0100 1111 1111 1111 1000 1011 1101# after SSB
00:06:47.947.412 INFO root: 1101 1011 0000 1101 0001 0000 0111 1010 1111 1011 1101 0111 0000 1111 0111 0000# after SR MC SR
00:06:47.947.413 INFO root: 0000 0000 1000 1000 0100 0000 0000 0000 1000 1000 0000 0000 0000 0100 0000 0000# after SSB
00:06:47.948.413 INFO root: 0000 0000 1011 0000 0000 0000 0111 0000 0000 0000 0000 0000 0000 0000 0000 0000# after SR MC SR
00:06:47.948.413 INFO root: 
00:06:47.948.414 INFO root: new trail: 1011000011010000 -> 1011011100000000
00:06:47.949.414 INFO root: #trails 3 
00:06:47.949.415 INFO root: mask pair #9 / 65025: 0111011001100110 0001000100010000anfI_max <DenseSet hash=d270e91736bbf697 n=16 wt=72 | 3:1 4:8 5:35 6:28> anfO_max <DenseSet hash=66e265c40070a695 n=16 wt=65 | 3:2 5:20 6:43>
00:06:53.809.274 INFO root: solving SAT...
00:07:36.875.341 INFO root: SAT solve time: 43.06610703468323
00:07:36.876.341 INFO root: SAT_times: 21.3 - 118.0, avg 57.6 med 48.1
00:07:36.876.342 INFO root: middle division transition ~1011110100000000 -> 1101000001100000 (~6 -> 5)
00:07:36.877.342 INFO root: mid transition: 1011110100000000 1101000001100000 6 5
00:07:36.877.342 INFO root: full trace:
00:07:36.877.342 INFO root: 1111 0100 1111 1111 1111 0010 1111 1111 1111 1111 1111 1111 1111 1111 1111 1111# initial
00:07:36.878.343 INFO root: 1101 0111 1111 1111 1011 1111 1111 1111 1111 1111 1011 1101 1111 1101 1111 1111# after SR MC SR
00:07:36.878.343 INFO root: 1000 0100 0010 1111 1000 0000 1111 0101 0001 1000 0010 0010 1001 1111 1000 1000# after SSB
00:07:36.879.344 INFO root: 0000 0111 0000 1101 1011 1101 1111 0100 1100 0000 0000 0000 0000 0101 0101 1011# after SR MC SR
00:07:36.879.344 INFO root: 0001 0000 0100 0000 0000 0000 0000 0100 0000 0000 0100 0000 0000 0100 0000 0000# after SSB
00:07:36.879.345 INFO root: 0000 0000 1101 0000 0000 0000 0000 0000 0000 0000 0110 0000 0000 0000 0000 0000# after SR MC SR
00:07:36.880.345 INFO root: 
00:07:36.880.345 INFO root: new trail: 1011110100000000 -> 1101000001100000
00:07:36.881.346 INFO root: #trails 4 
00:07:36.881.346 INFO root: mask pair #20 / 65025: 0111011000000000 1011000000010001anfI_max <DenseSet hash=3243f0f9336aa8fa n=16 wt=80 | 3:3 4:23 5:29 6:25> anfO_max <DenseSet hash=a3fed670aaf0b3d4 n=16 wt=85 | 3:2 4:14 5:44 6:25>
00:07:43.105.570 INFO root: solving SAT...
00:07:57.896.361 INFO root: SAT solve time: 14.790105819702148
00:07:57.896.362 INFO root: SAT_times: 14.8 - 118.0, avg 49.1 med 43.1
00:07:57.897.362 INFO root: middle division transition ~0000011100001010 -> 0000110101110000 (~5 -> 6)
00:07:57.897.362 INFO root: mid transition: 0000011100001010 0000110101110000 5 6
00:07:57.897.363 INFO root: full trace:
00:07:57.898.363 INFO root: 1111 1111 1111 1111 1111 1000 1111 1111 1111 1111 1111 1111 1111 0101 1111 1111# initial
00:07:57.898.364 INFO root: 1011 1111 1111 1111 1111 1011 1111 1111 1111 1111 1011 1111 1111 0111 1111 1101# after SR MC SR
00:07:57.899.364 INFO root: 0101 0100 1000 1000 0010 0001 0101 1111 1111 0001 1001 0100 0101 1000 1111 0100# after SSB
00:07:57.899.364 INFO root: 1000 1101 1110 0111 0000 1100 1110 1101 1100 0100 1100 0000 0000 0000 1011 0111# after SR MC SR
00:07:57.899.365 INFO root: 0000 0000 0000 0000 0001 1000 0000 0000 0000 0000 0010 0000 0000 0000 0110 1000# after SSB
00:07:57.900.365 INFO root: 0000 0000 0000 0000 0000 0000 1101 0000 0000 0000 0111 0000 0000 0000 0000 0000# after SR MC SR
00:07:57.900.365 INFO root: 
00:07:57.900.366 INFO root: new trail: 0000011100001010 -> 0000110101110000
00:07:57.901.366 INFO root: #trails 5 
00:07:57.901.367 INFO root: mask pair #24 / 65025: 0110011001100111 1011000000011010anfI_max <DenseSet hash=d495d72a6baa3179 n=16 wt=82 | 3:2 4:4 5:45 6:31> anfO_max <DenseSet hash=1e6ffff0029b56e0 n=16 wt=62 | 3:2 4:4 5:22 6:34>
00:08:03.622.088 INFO root: solving SAT...
00:08:51.940.406 INFO root: SAT solve time: 48.317556619644165
00:08:51.941.406 INFO root: SAT_times: 14.8 - 118.0, avg 48.9 med 48.1
00:08:51.941.407 INFO root: middle division transition ~0111011100000000 -> 1011000000001011 (~6 -> 6)
00:08:51.942.407 INFO root: mid transition: 0111011100000000 1011000000001011 6 6
00:08:51.942.407 INFO root: full trace:
00:08:51.942.408 INFO root: 1111 1000 1111 1111 1111 1000 1111 1111 1111 1111 1111 1111 1111 1111 1111 1111# initial
00:08:51.943.408 INFO root: 1111 1111 1111 1111 1101 1111 1111 1101 1111 1111 1110 0111 1111 0111 1110 1111# after SR MC SR
00:08:51.943.409 INFO root: 0111 1111 0111 0010 1111 0100 0110 1111 0101 1100 1000 0000 0010 0100 1011 1011# after SSB
00:08:51.944.409 INFO root: 1101 1101 1111 1011 0000 0000 0110 1011 1011 1100 0000 1001 1101 0110 0110 1110# after SR MC SR
00:08:51.945.410 INFO root: 0000 0000 1000 0000 0000 0000 1000 1000 0000 0000 0000 1000 0100 1000 0000 0000# after SSB
00:08:51.945.410 INFO root: 0000 0000 1011 0000 0000 0000 0000 0000 0000 0000 0000 0000 0000 0000 1011 0000# after SR MC SR
00:08:51.945.411 INFO root: 
00:08:51.946.411 INFO root: new trail: 0111011100000000 -> 1011000000001011
00:08:51.947.412 INFO root: #trails 6 
00:08:51.947.412 INFO root: mask pair #49 / 65025: 0110011100000111 1010000000010000anfI_max <DenseSet hash=d7bf7d4c7b2b05a3 n=16 wt=82 | 3:1 4:17 5:38 6:26> anfO_max <DenseSet hash=a2c4b7455ead6456 n=16 wt=89 | 3:3 4:15 5:46 6:25>
00:08:58.085.550 INFO root: solving SAT...
00:09:18.915.380 INFO root: SAT solve time: 20.82939863204956
00:09:18.915.380 INFO root: SAT_times: 14.8 - 118.0, avg 44.9 med 43.1
00:09:18.916.381 INFO root: middle division transition ~1011000000000111 -> 1011011100000000 (~6 -> 6)
00:09:18.916.381 INFO root: mid transition: 1011000000000111 1011011100000000 6 6
00:09:18.916.381 INFO root: full trace:
00:09:18.916.382 INFO root: 1111 0100 1111 1111 1111 1111 1111 1111 1111 1111 1111 1111 1111 1000 1111 1111# initial
00:09:18.917.382 INFO root: 1111 1110 1101 1111 0111 0111 1111 1111 1111 1111 1111 1110 1111 1111 1111 0111# after SR MC SR
00:09:18.917.383 INFO root: 0011 1111 1111 0001 1111 0011 1000 0100 1000 1111 0101 0011 1000 0000 0010 0111# after SSB
00:09:18.918.383 INFO root: 0101 0111 1101 1111 0000 0000 0000 1011 1101 0111 1011 0111 0111 0100 1001 0000# after SR MC SR
00:09:18.918.384 INFO root: 0000 0000 0100 0100 1000 0000 0000 1010 0000 0100 0000 0000 0000 0000 0000 0000# after SSB
00:09:18.919.384 INFO root: 0000 0000 1011 0000 0000 0000 0111 0000 0000 0000 0000 0000 0000 0000 0000 0000# after SR MC SR
00:09:18.919.384 INFO root: 
00:09:18.919.385 INFO root: new trail: 1011000000000111 -> 1011011100000000
00:09:18.920.385 INFO root: #trails 7 
00:09:18.920.386 INFO root: mask pair #52 / 65025: 0000000100010001 0001000110111010anfI_max <DenseSet hash=58b46028bcc09c4d n=16 wt=81 | 3:1 4:14 5:40 6:26> anfO_max <DenseSet hash=c4f367e7662bdd95 n=16 wt=75 | 3:3 4:10 5:34 6:28>
00:09:24.608.074 INFO root: solving SAT...
00:09:58.028.493 INFO root: SAT solve time: 33.418835163116455
00:09:58.028.494 INFO root: SAT_times: 14.8 - 118.0, avg 43.5 med 43.1
00:09:58.029.494 INFO root: middle division transition ~1011000000001011 -> 1011100100000000 (~6 -> 5)
00:09:58.029.494 INFO root: mid transition: 1011000000001011 1011100100000000 6 5
00:09:58.029.494 INFO root: full trace:
00:09:58.030.495 INFO root: 1111 0100 1111 1111 1111 1111 1111 1111 1111 1111 1111 1111 1111 0100 1111 1111# initial
00:09:58.030.495 INFO root: 1111 1111 1111 1111 1101 1101 1111 1111 1011 1111 1111 1101 1111 1111 1011 1101# after SR MC SR
00:09:58.031.496 INFO root: 0010 0100 0001 0100 1111 1111 0010 1111 0000 0101 1111 0100 0100 0100 1111 0000# after SSB
00:09:58.031.497 INFO root: 1011 0000 1111 1101 1011 0101 1011 0001 0000 1010 1010 0001 1011 0111 0000 0000# after SR MC SR
00:09:58.032.497 INFO root: 0000 0000 0100 0000 0000 0000 0000 0010 0100 0100 0000 0000 0000 0000 0100 0000# after SSB
00:09:58.033.498 INFO root: 0000 0000 1011 0000 0000 0000 1001 0000 0000 0000 0000 0000 0000 0000 0000 0000# after SR MC SR
00:09:58.033.498 INFO root: 
00:09:58.033.498 INFO root: new trail: 1011000000001011 -> 1011100100000000
00:09:58.034.499 INFO root: #trails 8 
00:09:58.035.500 INFO root: mask pair #66 / 65025: 0111000000000110 1011000100000000anfI_max <DenseSet hash=c063a03e902c4111 n=16 wt=92 | 3:2 4:9 5:61 6:20> anfO_max <DenseSet hash=0cb6b626482b812c n=16 wt=68 | 3:5 4:10 5:25 6:28>
00:10:04.176.642 INFO root: solving SAT...
00:10:26.925.391 INFO root: SAT solve time: 22.748424291610718
00:10:26.926.391 INFO root: SAT_times: 14.8 - 118.0, avg 41.2 med 33.4
00:10:26.926.391 INFO root: middle division transition ~1101000000000111 -> 0000000001101011 (~6 -> 5)
00:10:26.926.392 INFO root: mid transition: 1101000000000111 0000000001101011 6 5
00:10:26.927.392 INFO root: full trace:
00:10:26.927.392 INFO root: 1111 0010 1111 1111 1111 1111 1111 1111 1111 1111 1111 1111 1111 1000 1111 1111# initial
00:10:26.928.393 INFO root: 1111 1110 0111 1111 1111 1101 1111 1111 0111 1111 1111 1101 1111 1111 0111 1111# after SR MC SR
00:10:26.928.394 INFO root: 1111 0100 1111 0010 0100 0001 0100 1111 1011 1000 0010 1000 1110 1000 0000 0011# after SSB
00:10:26.929.394 INFO root: 1011 0101 0111 0000 0001 0111 1110 1100 0111 0000 0000 0000 0000 1101 1011 1110# after SR MC SR
00:10:26.929.395 INFO root: 0000 0000 0000 0000 0000 0010 0001 0000 0000 0000 0001 1000 0100 0000 0000 0000# after SSB
00:10:26.930.395 INFO root: 0000 0000 0000 0000 0000 0000 0000 0000 0000 0000 0110 0000 0000 0000 1011 0000# after SR MC SR
00:10:26.930.396 INFO root: 
00:10:26.931.396 INFO root: new trail: 1101000000000111 -> 0000000001101011
00:10:26.932.397 INFO root: #trails 9 
00:10:26.932.398 INFO root: mask pair #83 / 65025: 0111011101110111 1010000100011011anfI_max <DenseSet hash=62247a808e416d9f n=16 wt=106 | 3:6 4:23 5:59 6:18> anfO_max <DenseSet hash=840ec5a3d728cbaa n=16 wt=86 | 3:3 4:26 5:34 6:23>
00:10:32.651.116 INFO root: solving SAT...
00:11:18.434.899 INFO root: SAT solve time: 45.782397985458374
00:11:18.434.900 INFO root: SAT_times: 14.8 - 118.0, avg 41.6 med 43.1
00:11:18.435.900 INFO root: middle division transition ~0111000001110000 -> 0111000000000111 (~6 -> 6)
00:11:18.435.900 INFO root: mid transition: 0111000001110000 0111000000000111 6 6
00:11:18.435.901 INFO root: full trace:
00:11:18.436.901 INFO root: 1111 1000 1111 1111 1111 1111 1111 1111 1111 1000 1111 1111 1111 1111 1111 1111# initial
00:11:18.436.902 INFO root: 1111 1011 1111 1101 1111 1111 0111 1111 1111 1101 1111 1011 1111 1111 1011 1111# after SR MC SR
00:11:18.437.902 INFO root: 1111 0100 1111 0001 1111 0010 0100 0010 1111 1111 0000 1000 1111 0000 0010 1000# after SSB
00:11:18.437.902 INFO root: 0001 1101 0111 1111 1000 0000 1111 0000 1011 1100 0111 1011 0000 0011 0000 1011# after SR MC SR
00:11:18.437.903 INFO root: 0000 0000 1000 0000 0000 0000 0010 0100 0000 0000 0000 0010 0100 1000 0000 0000# after SSB
00:11:18.438.903 INFO root: 0000 0000 0111 0000 0000 0000 0000 0000 0000 0000 0000 0000 0000 0000 0111 0000# after SR MC SR
00:11:18.438.903 INFO root: 
00:11:18.438.904 INFO root: new trail: 0111000001110000 -> 0111000000000111
00:11:18.439.904 INFO root: #trails 10 
00:11:18.439.905 INFO root: mask pair #93 / 65025: 0110000101110110 0000101100010001anfI_max <DenseSet hash=f9b6d677c94b5fc7 n=16 wt=68 | 3:4 4:18 5:14 6:32> anfO_max <DenseSet hash=74b28b19e976f6ab n=16 wt=75 | 3:3 4:12 5:33 6:27>
00:11:24.324.789 INFO root: solving SAT...
00:11:37.085.551 INFO root: SAT solve time: 12.761273384094238
00:11:37.086.551 INFO root: SAT_times: 12.8 - 118.0, avg 39.0 med 33.4
00:11:37.086.552 INFO root: middle division transition ~0000001100001101 -> 0000000010111100 (~5 -> 5)
00:11:37.087.552 INFO root: mid transition: 0000001100001101 0000000010111100 5 5
00:11:37.087.552 INFO root: full trace:
00:11:37.087.553 INFO root: 1111 1111 1111 1111 1111 1100 1111 1111 1111 1111 1111 1111 1111 0010 1111 1111# initial
00:11:37.088.553 INFO root: 1111 1111 1011 1111 1111 1111 1111 1111 0111 1111 1011 1111 1111 0111 1111 1101# after SR MC SR
00:11:37.088.553 INFO root: 1111 0011 0001 1100 0100 0011 1000 1000 0111 1001 0100 0011 0111 1111 0110 1111# after SSB
00:11:37.089.554 INFO root: 1011 1100 1011 0000 0111 0000 1011 1101 1011 1111 1100 1011 0000 0111 0000 1011# after SR MC SR
00:11:37.089.555 INFO root: 0000 0100 0000 0000 0000 0010 0000 0000 0000 0000 0100 0000 1000 0000 0000 0100# after SSB
00:11:37.090.555 INFO root: 0000 0000 0000 0000 0000 0000 0000 0000 0000 0000 1011 0000 0000 0000 1100 0000# after SR MC SR
00:11:37.090.556 INFO root: 
00:11:37.091.556 INFO root: new trail: 0000001100001101 -> 0000000010111100
00:11:37.092.557 INFO root: #trails 11 
00:11:37.093.558 INFO root: mask pair #128 / 65025: 0000000000000110 1011000100010000anfI_max <DenseSet hash=68c34902e61fdf85 n=16 wt=92 | 3:2 4:18 5:64 6:8> anfO_max <DenseSet hash=2b64f83ed899bc62 n=16 wt=65 | 3:1 4:2 5:25 6:37>
00:11:42.718.184 INFO root: solving SAT...
00:12:13.650.115 INFO root: SAT solve time: 30.930829763412476
00:12:13.650.116 INFO root: SAT_times: 12.8 - 118.0, avg 38.3 med 33.4
00:12:13.651.116 INFO root: middle division transition ~0000101100001011 -> 1101110100000000 (~6 -> 6)
00:12:13.651.116 INFO root: mid transition: 0000101100001011 1101110100000000 6 6
00:12:13.651.116 INFO root: full trace:
00:12:13.651.117 INFO root: 1111 1111 1111 1111 1111 0100 1111 1111 1111 1111 1111 1111 1111 0100 1111 1111# initial
00:12:13.652.117 INFO root: 0011 1111 1101 1111 1111 1101 1111 1011 1011 1111 1111 1111 1111 1111 1111 1111# after SR MC SR
00:12:13.652.118 INFO root: 1111 0100 1011 1110 0000 0010 0010 0100 1100 0100 0100 1111 1000 1111 1111 0010# after SSB
00:12:13.653.118 INFO root: 0000 1111 1111 0110 1011 0000 0111 0110 1101 0000 0111 0000 1101 1001 0000 0111# after SR MC SR
00:12:13.653.118 INFO root: 0000 0000 0010 0100 0000 0000 0000 0000 0010 0001 0000 0000 0000 1000 0010 0000# after SSB
00:12:13.653.119 INFO root: 0000 0000 1101 0000 0000 0000 1101 0000 0000 0000 0000 0000 0000 0000 0000 0000# after SR MC SR
00:12:13.654.119 INFO root: 
00:12:13.654.119 INFO root: new trail: 0000101100001011 -> 1101110100000000
00:12:13.655.121 INFO root: #trails 12 
00:12:13.656.121 INFO root: mask pair #235 / 65025: 0000000000000110 0001000010100001anfI_max <DenseSet hash=68c34902e61fdf85 n=16 wt=92 | 3:2 4:18 5:64 6:8> anfO_max <DenseSet hash=8851642c57979867 n=16 wt=91 | 3:3 4:12 5:55 6:21>
00:12:19.623.088 INFO root: solving SAT...
00:12:54.627.092 INFO root: SAT solve time: 35.0033016204834
00:12:54.627.092 INFO root: SAT_times: 12.8 - 118.0, avg 38.1 med 33.4
00:12:54.627.093 INFO root: middle division transition ~0000011110110000 -> 1101100100000000 (~6 -> 5)
00:12:54.628.093 INFO root: mid transition: 0000011110110000 1101100100000000 6 5
00:12:54.628.093 INFO root: full trace:
00:12:54.629.094 INFO root: 1111 1111 1111 1111 1111 1000 1111 1111 1111 0100 1111 1111 1111 1111 1111 1111# initial
00:12:54.629.094 INFO root: 1111 1111 1111 1011 1111 1111 0111 1111 1111 1111 1011 1111 0111 0101 1111 1111# after SR MC SR
00:12:54.630.095 INFO root: 0100 1111 0100 1000 1101 0010 0010 0011 1111 1100 0100 0100 1100 1000 0010 1111# after SSB
00:12:54.630.095 INFO root: 1101 1011 0000 0011 0000 1001 1001 1101 1110 0111 0001 0101 0000 0000 1101 1110# after SR MC SR
00:12:54.630.096 INFO root: 0000 0000 0010 1000 0100 0000 0000 0001 0000 0000 0000 0000 0000 0010 0000 0000# after SSB
00:12:54.631.096 INFO root: 0000 0000 1101 0000 0000 0000 1001 0000 0000 0000 0000 0000 0000 0000 0000 0000# after SR MC SR
00:12:54.631.096 INFO root: 
00:12:54.631.096 INFO root: new trail: 0000011110110000 -> 1101100100000000
00:12:54.634.099 INFO root: #trails 13 
00:12:54.635.100 INFO root: mask pair #539 / 65025: 0001011101100000 0000000100010001anfI_max <DenseSet hash=3491516ac9e3f559 n=16 wt=99 | 3:3 4:26 5:47 6:23> anfO_max <DenseSet hash=6285007a3f53da3c n=16 wt=82 | 3:2 4:15 5:42 6:23>
00:13:00.764.230 INFO root: solving SAT...
00:13:53.255.720 INFO root: SAT solve time: 52.490050315856934
00:13:53.255.721 INFO root: SAT_times: 12.8 - 118.0, avg 39.1 med 35.0
00:13:53.256.721 INFO root: middle division transition ~1010000001110000 -> 0000011110010000 (~5 -> 5)
00:13:53.256.721 INFO root: mid transition: 1010000001110000 0000011110010000 5 5
00:13:53.256.721 INFO root: full trace:
00:13:53.256.722 INFO root: 1111 0101 1111 1111 1111 1111 1111 1111 1111 1000 1111 1111 1111 1111 1111 1111# initial
00:13:53.257.722 INFO root: 1111 1111 1111 1101 0111 1111 1011 1111 1111 1101 1111 1110 1111 1111 1111 1111# after SR MC SR
00:13:53.257.722 INFO root: 1111 1000 1111 1110 0110 1111 1010 1001 0100 1000 0100 0100 1000 1010 0100 0110# after SSB
00:13:53.257.723 INFO root: 1101 0000 1111 1011 0111 0111 0000 1101 0000 1000 0101 0000 1011 1101 0110 1100# after SR MC SR
00:13:53.258.723 INFO root: 0010 0000 0000 0100 0000 0000 0000 0000 0000 0010 0100 0000 0000 0000 0100 0000# after SSB
00:13:53.258.723 INFO root: 0000 0000 0000 0000 0000 0000 0111 0000 0000 0000 1001 0000 0000 0000 0000 0000# after SR MC SR
00:13:53.258.724 INFO root: 
00:13:53.259.724 INFO root: new trail: 1010000001110000 -> 0000011110010000
00:13:53.263.728 INFO root: #trails 14 
00:13:53.263.729 INFO root: mask pair #979 / 65025: 0000000000000110 1011101000011010anfI_max <DenseSet hash=68c34902e61fdf85 n=16 wt=92 | 3:2 4:18 5:64 6:8> anfO_max <DenseSet hash=e620a2dfd85db438 n=16 wt=89 | 3:4 4:22 5:39 6:24>
00:13:58.788.254 INFO root: solving SAT...
00:14:46.405.871 INFO root: SAT solve time: 47.61623406410217
00:14:46.406.871 INFO root: SAT_times: 12.8 - 118.0, avg 39.7 med 35.0
00:14:46.406.871 INFO root: middle division transition ~0000011100000011 -> 0000101111010000 (~5 -> 6)
00:14:46.406.872 INFO root: mid transition: 0000011100000011 0000101111010000 5 6
00:14:46.407.872 INFO root: full trace:
00:14:46.407.872 INFO root: 1111 1111 1111 1111 1111 1000 1111 1111 1111 1111 1111 1111 1111 1100 1111 1111# initial
00:14:46.408.873 INFO root: 0111 1111 0111 1111 1111 1111 1111 1011 1111 1111 1111 1111 1111 1011 1111 1011# after SR MC SR
00:14:46.408.874 INFO root: 1011 0100 1010 0100 0100 1111 1111 0010 1011 0010 0110 1111 1111 0010 1000 0000# after SSB
00:14:46.409.874 INFO root: 0000 1111 1101 0000 1011 0010 1101 1101 1000 0000 1110 0111 1000 0111 1101 1100# after SR MC SR
00:14:46.409.875 INFO root: 0100 0000 0000 0100 0000 1000 0000 0000 0000 0010 0100 0000 0000 0000 0100 0000# after SSB
00:14:46.410.875 INFO root: 0000 0000 0000 0000 0000 0000 1011 0000 0000 0000 1101 0000 0000 0000 0000 0000# after SR MC SR
00:14:46.410.875 INFO root: 
00:14:46.410.876 INFO root: new trail: 0000011100000011 -> 0000101111010000
00:14:46.416.881 INFO root: #trails 15 
00:14:46.416.881 INFO root: mask pair #1317 / 65025: 0000011100010111 1011101100000000anfI_max <DenseSet hash=f7ec6f497b944cb0 n=16 wt=94 | 3:2 4:33 5:36 6:23> anfO_max <DenseSet hash=ab2a4a6137438c2e n=16 wt=87 | 3:2 4:25 5:44 6:16>
00:14:54.714.179 INFO root: solving SAT...
00:15:39.316.781 INFO root: SAT solve time: 44.60161566734314
00:15:39.317.782 INFO root: SAT_times: 12.8 - 118.0, avg 40.0 med 43.1
00:15:39.318.783 INFO root: middle division transition ~0000110100000111 -> 0000011110010000 (~6 -> 5)
00:15:39.318.783 INFO root: mid transition: 0000110100000111 0000011110010000 6 5
00:15:39.318.784 INFO root: full trace:
00:15:39.319.785 INFO root: 1111 1111 1111 1111 1111 0010 1111 1111 1111 1111 1111 1111 1111 1000 1111 1111# initial
00:15:39.320.786 INFO root: 1101 1111 1111 1111 1111 1011 1111 1111 0111 1111 1101 1111 1111 1011 1111 1101# after SR MC SR
00:15:39.321.786 INFO root: 0110 0011 1001 1111 0010 0000 0010 0011 0010 1111 1111 0010 0010 0100 0010 1000# after SSB
00:15:39.322.787 INFO root: 0101 0000 0000 1011 0000 1101 1011 1110 0000 0111 0000 0111 0001 1010 1001 1110# after SR MC SR
00:15:39.323.788 INFO root: 0000 0000 0000 0010 0010 0010 0000 0000 0000 0000 0000 0000 0000 0000 0001 0010# after SSB
00:15:39.324.789 INFO root: 0000 0000 0000 0000 0000 0000 0111 0000 0000 0000 1001 0000 0000 0000 0000 0000# after SR MC SR
00:15:39.324.790 INFO root: 
00:15:39.325.790 INFO root: new trail: 0000110100000111 -> 0000011110010000
00:15:39.355.820 INFO root: #trails 16 
00:15:39.355.821 INFO root: mask pair #1348 / 65025: 0000000001110000 0000101010100001anfI_max <DenseSet hash=9396a3c3f81fa08d n=16 wt=85 | 3:6 4:14 5:48 6:17> anfO_max <DenseSet hash=2e367860c36884c1 n=16 wt=77 | 3:6 4:18 5:31 6:22>
00:15:47.001.466 INFO root: solving SAT...
00:16:19.776.241 INFO root: SAT solve time: 32.77418351173401
00:16:19.776.242 INFO root: SAT_times: 12.8 - 118.0, avg 39.6 med 35.0
00:16:19.777.242 INFO root: middle division transition ~0000101100000011 -> 0111101100000000 (~5 -> 6)
00:16:19.777.243 INFO root: mid transition: 0000101100000011 0111101100000000 5 6
00:16:19.777.243 INFO root: full trace:
00:16:19.778.243 INFO root: 1111 1111 1111 1111 1111 0100 1111 1111 1111 1111 1111 1111 1111 1100 1111 1111# initial
00:16:19.779.244 INFO root: 0111 1111 1111 1111 1111 1111 1111 1111 1011 1111 1011 1111 1111 0111 1111 1101# after SR MC SR
00:16:19.779.245 INFO root: 0100 1010 0100 0110 1000 0100 1111 0010 0001 1000 0100 0100 0001 1111 0010 1111# after SSB
00:16:19.780.245 INFO root: 0000 0000 0000 0000 1001 0000 0101 0000 1111 0000 1011 1101 0111 1111 0111 0111# after SR MC SR
00:16:19.780.246 INFO root: 0000 0000 0000 0000 0010 0000 0000 0100 1000 0001 0000 0000 0000 0001 0100 0000# after SSB
00:16:19.781.246 INFO root: 0000 0000 0111 0000 0000 0000 1011 0000 0000 0000 0000 0000 0000 0000 0000 0000# after SR MC SR
00:16:19.781.247 INFO root: 
00:16:19.782.247 INFO root: new trail: 0000101100000011 -> 0111101100000000
00:16:19.791.256 INFO root: #trails 17 
00:16:19.791.256 INFO root: mask pair #2279 / 65025: 0111000101110000 0000101110100001anfI_max <DenseSet hash=66e7d2ad69ef6c29 n=16 wt=87 | 3:3 4:8 5:49 6:27> anfO_max <DenseSet hash=ccdfad3714fcd29f n=16 wt=81 | 3:2 4:17 5:45 6:17>
00:16:26.290.756 INFO root: solving SAT...
00:16:44.716.181 INFO root: SAT solve time: 18.424925088882446
00:16:44.716.182 INFO root: SAT_times: 12.8 - 118.0, avg 38.4 med 35.0
00:16:44.717.182 INFO root: middle division transition ~0000000001111011 -> 1011000000001011 (~6 -> 6)
00:16:44.717.182 INFO root: mid transition: 0000000001111011 1011000000001011 6 6
00:16:44.717.182 INFO root: full trace:
00:16:44.718.183 INFO root: 1111 1111 1111 1111 1111 1111 1111 1111 1111 1000 1111 1111 1111 0100 1111 1111# initial
00:16:44.718.183 INFO root: 1111 1111 1110 0111 1111 1011 1110 1111 1101 1110 1111 1111 1111 1111 1111 1111# after SR MC SR
00:16:44.718.184 INFO root: 0010 0100 0101 1111 0101 1001 1000 0001 1111 1000 1000 1111 1100 0001 1111 1111# after SSB
00:16:44.719.184 INFO root: 0111 0111 0011 1110 1101 1011 0111 1101 0000 1110 1010 1001 0101 0000 0000 1110# after SR MC SR
00:16:44.719.184 INFO root: 0000 0001 0010 0000 0000 0000 0000 0010 0000 0000 0000 0100 0010 1000 0000 0000# after SSB
00:16:44.719.185 INFO root: 0000 0000 1011 0000 0000 0000 0000 0000 0000 0000 0000 0000 0000 0000 1011 0000# after SR MC SR
00:16:44.720.185 INFO root: 
00:16:44.720.185 INFO root: new trail: 0000000001111011 -> 1011000000001011
00:16:44.745.210 INFO root: #trails 18 
00:16:44.745.210 INFO root: mask pair #4784 / 65025: 0110011001100110 0000101110100001anfI_max <DenseSet hash=1c89e9ac8a09e7d6 n=16 wt=83 | 3:2 4:12 5:38 6:31> anfO_max <DenseSet hash=ccdfad3714fcd29f n=16 wt=81 | 3:2 4:17 5:45 6:17>
00:16:50.467.932 INFO root: solving SAT...
00:17:35.619.085 INFO root: SAT solve time: 45.151941537857056
00:17:35.620.085 INFO root: SAT_times: 12.8 - 118.0, avg 38.7 med 35.0
00:17:35.620.086 INFO root: middle division transition ~0010000000001101 -> 0111011000000000 (~4 -> 5)
00:17:35.621.086 INFO root: mid transition: 0010000000001101 0111011000000000 4 5
00:17:35.621.086 INFO root: full trace:
00:17:35.621.087 INFO root: 1111 1101 1111 1111 1111 1111 1111 1111 1111 1111 1111 1111 1111 0010 1111 1111# initial
00:17:35.622.087 INFO root: 1111 1111 1111 1111 1111 0111 1111 1111 1101 1111 1111 1111 1111 1111 0111 1101# after SR MC SR
00:17:35.622.087 INFO root: 1000 0010 1010 1010 1111 0010 0010 1111 1100 1010 0100 0100 1000 1111 1111 1000# after SSB
00:17:35.623.088 INFO root: 0001 0000 1101 0111 0100 1101 1011 0100 1110 0111 0000 0000 1011 0011 0111 1011# after SR MC SR
00:17:35.623.088 INFO root: 0000 0000 0100 0000 1000 0000 0000 0100 0001 0100 0000 0000 0000 0000 0000 0000# after SSB
00:17:35.623.089 INFO root: 0000 0000 0111 0000 0000 0000 0110 0000 0000 0000 0000 0000 0000 0000 0000 0000# after SR MC SR
00:17:35.624.089 INFO root: 
00:17:35.624.089 INFO root: new trail: 0010000000001101 -> 0111011000000000
00:17:35.627.092 INFO root: #trails 19 
00:17:35.627.093 INFO root: mask pair #4965 / 65025: 0111000100010111 0000101010110000anfI_max <DenseSet hash=b86ab074183281a0 n=16 wt=111 | 3:1 4:19 5:77 6:14> anfO_max <DenseSet hash=af2ead387528fae6 n=16 wt=83 | 3:2 4:12 5:45 6:24>
00:17:41.410.875 INFO root: solving SAT...
00:17:54.260.725 INFO root: SAT solve time: 12.84941554069519
00:17:54.260.726 INFO root: SAT_times: 12.8 - 118.0, avg 37.4 med 35.0
00:17:54.261.726 INFO root: middle division transition ~0000000001110111 -> 0111101100000000 (~6 -> 6)
00:17:54.261.726 INFO root: mid transition: 0000000001110111 0111101100000000 6 6
00:17:54.261.727 INFO root: full trace:
00:17:54.262.727 INFO root: 1111 1111 1111 1111 1111 1111 1111 1111 1111 1000 1111 1111 1111 1000 1111 1111# initial
00:17:54.262.727 INFO root: 1111 1111 1101 0111 1111 0111 1011 1111 1011 1111 1111 1111 0111 1111 1111 1111# after SR MC SR
00:17:54.262.728 INFO root: 0010 0101 0110 1011 1000 1111 1100 0100 0100 0111 1111 1111 0001 0110 0000 1111# after SSB
00:17:54.263.728 INFO root: 1111 1101 0000 0000 0000 1101 1100 1110 1011 1101 1101 1011 1100 1110 0111 0000# after SR MC SR
00:17:54.263.728 INFO root: 0000 0000 1000 0100 1000 0000 0000 0000 1000 0010 0000 0000 0000 0001 0000 0000# after SSB
00:17:54.263.729 INFO root: 0000 0000 0111 0000 0000 0000 1011 0000 0000 0000 0000 0000 0000 0000 0000 0000# after SR MC SR
00:17:54.264.729 INFO root: 
00:17:54.264.729 INFO root: new trail: 0000000001110111 -> 0111101100000000
00:17:54.270.735 INFO root: #trails 20 
00:17:54.270.736 INFO root: mask pair #5612 / 65025: 0000000000000110 1011101000000000anfI_max <DenseSet hash=68c34902e61fdf85 n=16 wt=92 | 3:2 4:18 5:64 6:8> anfO_max <DenseSet hash=53b35de24340db18 n=16 wt=86 | 3:3 4:25 5:45 6:13>
00:18:00.119.584 INFO root: solving SAT...
00:18:49.779.244 INFO root: SAT solve time: 49.659799575805664
00:18:49.780.245 INFO root: SAT_times: 12.8 - 118.0, avg 38.0 med 35.0
00:18:49.780.245 INFO root: middle division transition ~1011000010110000 -> 0000110101110000 (~6 -> 6)
00:18:49.780.246 INFO root: mid transition: 1011000010110000 0000110101110000 6 6
00:18:49.780.246 INFO root: full trace:
00:18:49.781.246 INFO root: 1111 0100 1111 1111 1111 1111 1111 1111 1111 0100 1111 1111 1111 1111 1111 1111# initial
00:18:49.781.247 INFO root: 1111 1101 1111 0111 1111 1111 1111 1111 1111 0111 1111 1101 1101 1111 1011 1111# after SR MC SR
00:18:49.782.247 INFO root: 0010 1000 1111 0110 1001 0001 0010 0010 1100 1111 0100 1111 1111 0011 1100 0000# after SSB
00:18:49.782.248 INFO root: 0000 1111 1010 1111 1101 0110 1000 0111 0011 1011 0000 0000 1001 0000 1101 0111# after SR MC SR
00:18:49.783.248 INFO root: 0000 0000 0000 0100 0100 0100 0000 0000 0000 0010 0010 0000 0000 0000 0000 1000# after SSB
00:18:49.783.249 INFO root: 0000 0000 0000 0000 0000 0000 1101 0000 0000 0000 0111 0000 0000 0000 0000 0000# after SR MC SR
00:18:49.784.249 INFO root: 
00:18:49.784.249 INFO root: new trail: 1011000010110000 -> 0000110101110000
00:18:49.897.363 INFO root: #trails 21 
00:18:49.898.363 INFO root: mask pair #16874 / 65025: 0000000000000110 1011000110111010anfI_max <DenseSet hash=68c34902e61fdf85 n=16 wt=92 | 3:2 4:18 5:64 6:8> anfO_max <DenseSet hash=50c977de7afb2d8d n=16 wt=82 | 3:4 4:10 5:40 6:28>
00:18:55.831.297 INFO root: solving SAT...
00:19:35.687.152 INFO root: SAT solve time: 39.85513138771057
00:19:35.688.153 INFO root: SAT_times: 12.8 - 118.0, avg 38.1 med 39.9
00:19:35.688.153 INFO root: middle division transition ~0000000010111011 -> 0111000001110000 (~6 -> 6)
00:19:35.689.154 INFO root: mid transition: 0000000010111011 0111000001110000 6 6
00:19:35.689.154 INFO root: full trace:
00:19:35.689.155 INFO root: 1111 1111 1111 1111 1111 1111 1111 1111 1111 0100 1111 1111 1111 0100 1111 1111# initial
00:19:35.690.155 INFO root: 1111 1111 1111 1110 1111 1011 1011 1111 1101 1111 1111 1111 1011 1111 1111 1110# after SR MC SR
00:19:35.691.156 INFO root: 0000 1100 1111 1111 0010 1111 0100 1101 1000 0001 0010 1111 1111 1111 1110 1000# after SSB
00:19:35.691.157 INFO root: 0000 1101 1011 1101 0110 1110 0111 0111 1110 0111 0000 1011 0000 0111 1101 1101# after SR MC SR
00:19:35.692.157 INFO root: 1000 0000 1000 0000 0000 0001 0000 0001 0000 0000 0000 0000 0000 1000 0000 0100# after SSB
00:19:35.692.158 INFO root: 0000 0000 0111 0000 0000 0000 0000 0000 0000 0000 0111 0000 0000 0000 0000 0000# after SR MC SR
00:19:35.693.158 INFO root: 
00:19:35.693.158 INFO root: new trail: 0000000010111011 -> 0111000001110000
00:19:35.887.352 INFO root: #trails 22 
00:19:35.887.353 INFO root: mask pair #33761 / 65025: 0000000000000110 0000101110101011anfI_max <DenseSet hash=68c34902e61fdf85 n=16 wt=92 | 3:2 4:18 5:64 6:8> anfO_max <DenseSet hash=0d3ee2df1ad917ab n=16 wt=85 | 3:3 4:16 5:43 6:23>
00:19:45.334.800 INFO root: solving SAT...
00:20:02.936.401 INFO root: SAT solve time: 17.60075831413269
00:20:02.936.401 INFO root: SAT_times: 12.8 - 118.0, avg 37.2 med 35.0
00:20:02.936.402 INFO root: middle division transition ~0000110101010000 -> 1011000000001101 (~5 -> 6)
00:20:02.937.402 INFO root: mid transition: 0000110101010000 1011000000001101 5 6
00:20:02.937.402 INFO root: full trace:
00:20:02.937.403 INFO root: 1111 1111 1111 1111 1111 0010 1111 1111 1111 1010 1111 1111 1111 1111 1111 1111# initial
00:20:02.938.403 INFO root: 1101 1111 1111 1111 1111 1111 1111 0111 1111 1101 1011 1111 0111 1111 1111 1111# after SR MC SR
00:20:02.938.403 INFO root: 0000 1001 0100 0111 0010 0010 1000 1111 1111 1111 1111 1001 1000 0010 1100 0010# after SSB
00:20:02.939.404 INFO root: 1011 0000 1111 1111 1011 0000 1101 0000 0111 0000 0111 1011 1011 0000 0000 0111# after SR MC SR
00:20:02.939.404 INFO root: 0000 0000 0100 0000 0000 0000 0010 1000 0001 0000 0000 0100 1000 0000 0000 0000# after SSB
00:20:02.939.405 INFO root: 0000 0000 1011 0000 0000 0000 0000 0000 0000 0000 0000 0000 0000 0000 1101 0000# after SR MC SR
00:20:02.940.405 INFO root: 
00:20:02.940.405 INFO root: new trail: 0000110101010000 -> 1011000000001101
00:20:02.984.450 INFO root: #trails 23 
00:20:02.985.450 INFO root: mask pair #39275 / 65025: 0000000000000110 1011101000011011anfI_max <DenseSet hash=68c34902e61fdf85 n=16 wt=92 | 3:2 4:18 5:64 6:8> anfO_max <DenseSet hash=d5e253d2b5cbbe9f n=16 wt=78 | 3:4 4:17 5:34 6:23>
00:20:09.187.652 INFO root: solving SAT...
00:20:55.337.803 INFO root: SAT solve time: 46.150174140930176
00:20:55.338.803 INFO root: SAT_times: 12.8 - 118.0, avg 37.6 med 39.9
00:20:55.338.804 INFO root: middle division transition ~1001000000001011 -> 0000011101110000 (~5 -> 6)
00:20:55.339.804 INFO root: mid transition: 1001000000001011 0000011101110000 5 6
00:20:55.339.804 INFO root: full trace:
00:20:55.339.804 INFO root: 1111 0110 1111 1111 1111 1111 1111 1111 1111 1111 1111 1111 1111 0100 1111 1111# initial
00:20:55.339.805 INFO root: 1111 0111 1011 1111 1111 1111 1111 1111 1011 1111 1111 1101 1111 1111 1111 1110# after SR MC SR
00:20:55.340.805 INFO root: 0111 1011 1111 1001 0010 0100 1111 0001 0011 1111 0011 0010 1111 0010 1000 0010# after SSB
00:20:55.340.806 INFO root: 1011 1011 1011 1011 1101 0000 0000 0000 1101 1111 0001 1101 0100 1011 1101 1010# after SR MC SR
00:20:55.341.806 INFO root: 0001 0000 0000 0100 0100 1000 0000 0000 0000 0010 0010 0000 0000 0000 0000 0000# after SSB
00:20:55.341.806 INFO root: 0000 0000 0000 0000 0000 0000 0111 0000 0000 0000 0111 0000 0000 0000 0000 0000# after SR MC SR
00:20:55.341.806 INFO root: 
00:20:55.341.807 INFO root: new trail: 1001000000001011 -> 0000011101110000
00:20:55.355.821 INFO root: #trails 24 
00:20:55.356.821 INFO root: mask pair #40438 / 65025: 0110011000000001 0000000000010000anfI_max <DenseSet hash=5dcedb7458fee61f n=16 wt=100 | 3:2 4:24 5:58 6:16> anfO_max <DenseSet hash=8055c9ac1b7851b6 n=16 wt=70 | 3:5 4:14 5:32 6:19>
00:21:01.355.820 INFO root: solving SAT...
00:21:39.389.855 INFO root: SAT solve time: 38.03390026092529
00:21:39.390.855 INFO root: SAT_times: 12.8 - 118.0, avg 37.6 med 38.0
00:21:39.390.856 INFO root: middle division transition ~0000110101110000 -> 1001000000001101 (~6 -> 5)
00:21:39.391.856 INFO root: mid transition: 0000110101110000 1001000000001101 6 5
00:21:39.391.856 INFO root: full trace:
00:21:39.392.857 INFO root: 1111 1111 1111 1111 1111 0010 1111 1111 1111 1000 1111 1111 1111 1111 1111 1111# initial
00:21:39.392.858 INFO root: 1011 1111 1111 1011 1111 1111 1111 1111 1111 1101 1011 1111 1011 1110 1111 1111# after SR MC SR
00:21:39.393.858 INFO root: 0110 1000 1111 0110 1000 1000 1101 1111 1101 1000 0100 0101 0100 0010 1000 0011# after SSB
00:21:39.394.859 INFO root: 0000 0101 1011 0000 1100 1011 1001 0111 1110 1101 1110 0000 0000 0000 1110 1110# after SR MC SR
00:21:39.394.859 INFO root: 0000 0000 0010 0000 0000 0000 1000 0000 0000 0000 0000 0010 0010 1000 0000 0000# after SSB
00:21:39.395.860 INFO root: 0000 0000 1001 0000 0000 0000 0000 0000 0000 0000 0000 0000 0000 0000 1101 0000# after SR MC SR
00:21:39.395.860 INFO root: 
00:21:39.395.861 INFO root: new trail: 0000110101110000 -> 1001000000001101
00:21:39.489.954 INFO root: #trails 25 
00:21:39.489.955 INFO root: mask pair #47041 / 65025: 0001000101110111 1011101110100001anfI_max <DenseSet hash=742c2a1e10906ccc n=16 wt=89 | 3:2 4:6 5:55 6:26> anfO_max <DenseSet hash=808dd2555fdb2975 n=16 wt=74 | 3:1 4:19 5:34 6:20>
00:21:47.427.893 INFO root: solving SAT...
00:22:20.229.694 INFO root: SAT solve time: 32.80064797401428
00:22:20.229.694 INFO root: SAT_times: 12.8 - 118.0, avg 37.4 med 38.0
00:22:20.230.695 INFO root: middle division transition ~0111000000001011 -> 1011000011010000 (~6 -> 6)
00:22:20.230.695 INFO root: mid transition: 0111000000001011 1011000011010000 6 6
00:22:20.230.695 INFO root: full trace:
00:22:20.231.696 INFO root: 1111 1000 1111 1111 1111 1111 1111 1111 1111 1111 1111 1111 1111 0100 1111 1111# initial
00:22:20.231.697 INFO root: 1111 1101 1011 1111 1011 1110 1111 1111 1111 1111 1111 1111 1111 1111 1110 0111# after SR MC SR
00:22:20.232.697 INFO root: 0100 0001 1010 1011 1001 0010 0100 0010 1111 1101 0010 0100 0010 0101 0010 1111# after SSB
00:22:20.232.698 INFO root: 0110 0000 0111 1001 0000 0111 1111 0000 0100 1101 1011 1111 0000 0011 0000 0110# after SR MC SR
00:22:20.233.698 INFO root: 0000 0000 0100 0000 0000 1000 0000 1000 0001 0000 0010 0000 0000 0000 0000 1000# after SSB
00:22:20.233.699 INFO root: 0000 0000 1011 0000 0000 0000 0000 0000 0000 0000 1101 0000 0000 0000 0000 0000# after SR MC SR
00:22:20.234.699 INFO root: 
00:22:20.234.699 INFO root: new trail: 0111000000001011 -> 1011000011010000
00:22:20.427.893 INFO root: 
00:22:20.428.893 INFO root: final SAT_times: 12.8 - 118.0, avg 37.4 med 38.0
00:22:20.428.893 INFO root: SAT_times all [12.761273384094238, 12.84941554069519, 14.790105819702148, 17.60075831413269, 18.424925088882446, 20.82939863204956, 21.294853448867798, 22.748424291610718, 30.930829763412476, 32.77418351173401, 32.80064797401428, 33.418835163116455, 35.0033016204834, 38.03390026092529, 39.85513138771057, 43.06610703468323, 44.60161566734314, 45.151941537857056, 45.782397985458374, 46.150174140930176, 47.61623406410217, 48.13495635986328, 48.317556619644165, 49.659799575805664, 52.490050315856934, 117.98338556289673]
00:22:20.428.893 INFO root: Trails:
00:22:20.428.894 INFO root: trail ~0111000000001001 -> 0000011100000111: 1111100011111111111111111111111111111111111111111111011011111111 1111101111111111110111111111111111011111111111111111111111101101 0011111111111111111101011100101010000100111110010000010000100011 0110011101110111011111010111100100000000101101011111110100001010 0000000000001000100000001000000000000100000001001000000000000000 0000000000000000000000000111000000000000000000000000000001110000
00:22:20.429.894 INFO root: trail ~1011000000000111 -> 0111110100000000: 1111010011111111111111111111111111111111111111111111100011111111 1111011110111111111111111111111101111111111101111111111110110111 1111011000001001010010000010111110000100111100110010111110010000 1001101110111101000011110000111001101101111100000000000011010000 0000000001000100000000000000000000010100000000000000001001000000 0000000001110000000000001101000000000000000000000000000000000000
00:22:20.429.895 INFO root: trail ~1011000011010000 -> 1011011100000000: 1111010011111111111111111111111111110010111111111111111111111111 1111111111111111111011110111111111111101111111101110111110111111 1000010000001111010011110100101001000100111111111111100010111101 1101101100001101000100000111101011111011110101110000111101110000 0000000010001000010000000000000010001000000000000000010000000000 0000000010110000000000000111000000000000000000000000000000000000
00:22:20.430.895 INFO root: trail ~1011110100000000 -> 1101000001100000: 1111010011111111111100101111111111111111111111111111111111111111 1101011111111111101111111111111111111111101111011111110111111111 1000010000101111100000001111010100011000001000101001111110001000 0000011100001101101111011111010011000000000000000000010101011011 0001000001000000000000000000010000000000010000000000010000000000 0000000011010000000000000000000000000000011000000000000000000000
00:22:20.430.895 INFO root: trail ~0000011100001010 -> 0000110101110000: 1111111111111111111110001111111111111111111111111111010111111111 1011111111111111111110111111111111111111101111111111011111111101 0101010010001000001000010101111111110001100101000101100011110100 1000110111100111000011001110110111000100110000000000000010110111 0000000000000000000110000000000000000000001000000000000001101000 0000000000000000000000001101000000000000011100000000000000000000
00:22:20.431.896 INFO root: trail ~0111011100000000 -> 1011000000001011: 1111100011111111111110001111111111111111111111111111111111111111 1111111111111111110111111111110111111111111001111111011111101111 0111111101110010111101000110111101011100100000000010010010111011 1101110111111011000000000110101110111100000010011101011001101110 0000000010000000000000001000100000000000000010000100100000000000 0000000010110000000000000000000000000000000000000000000010110000
00:22:20.431.896 INFO root: trail ~1011000000000111 -> 1011011100000000: 1111010011111111111111111111111111111111111111111111100011111111 1111111011011111011101111111111111111111111111101111111111110111 0011111111110001111100111000010010001111010100111000000000100111 0101011111011111000000000000101111010111101101110111010010010000 0000000001000100100000000000101000000100000000000000000000000000 0000000010110000000000000111000000000000000000000000000000000000
00:22:20.431.897 INFO root: trail ~1011000000001011 -> 1011100100000000: 1111010011111111111111111111111111111111111111111111010011111111 1111111111111111110111011111111110111111111111011111111110111101 0010010000010100111111110010111100000101111101000100010011110000 1011000011111101101101011011000100001010101000011011011100000000 0000000001000000000000000000001001000100000000000000000001000000 0000000010110000000000001001000000000000000000000000000000000000
00:22:20.432.897 INFO root: trail ~1101000000000111 -> 0000000001101011: 1111001011111111111111111111111111111111111111111111100011111111 1111111001111111111111011111111101111111111111011111111101111111 1111010011110010010000010100111110111000001010001110100000000011 1011010101110000000101111110110001110000000000000000110110111110 0000000000000000000000100001000000000000000110000100000000000000 0000000000000000000000000000000000000000011000000000000010110000
00:22:20.432.897 INFO root: trail ~0111000001110000 -> 0111000000000111: 1111100011111111111111111111111111111000111111111111111111111111 1111101111111101111111110111111111111101111110111111111110111111 1111010011110001111100100100001011111111000010001111000000101000 0001110101111111100000001111000010111100011110110000001100001011 0000000010000000000000000010010000000000000000100100100000000000 0000000001110000000000000000000000000000000000000000000001110000
00:22:20.432.898 INFO root: trail ~0000001100001101 -> 0000000010111100: 1111111111111111111111001111111111111111111111111111001011111111 1111111110111111111111111111111101111111101111111111011111111101 1111001100011100010000111000100001111001010000110111111101101111 1011110010110000011100001011110110111111110010110000011100001011 0000010000000000000000100000000000000000010000001000000000000100 0000000000000000000000000000000000000000101100000000000011000000
00:22:20.433.898 INFO root: trail ~0000101100001011 -> 1101110100000000: 1111111111111111111101001111111111111111111111111111010011111111 0011111111011111111111011111101110111111111111111111111111111111 1111010010111110000000100010010011000100010011111000111111110010 0000111111110110101100000111011011010000011100001101100100000111 0000000000100100000000000000000000100001000000000000100000100000 0000000011010000000000001101000000000000000000000000000000000000
00:22:20.433.899 INFO root: trail ~0000011110110000 -> 1101100100000000: 1111111111111111111110001111111111110100111111111111111111111111 1111111111111011111111110111111111111111101111110111010111111111 0100111101001000110100100010001111111100010001001100100000101111 1101101100000011000010011001110111100111000101010000000011011110 0000000000101000010000000000000100000000000000000000001000000000 0000000011010000000000001001000000000000000000000000000000000000
00:22:20.434.899 INFO root: trail ~1010000001110000 -> 0000011110010000: 1111010111111111111111111111111111111000111111111111111111111111 1111111111111101011111111011111111111101111111101111111111111111 1111100011111110011011111010100101001000010001001000101001000110 1101000011111011011101110000110100001000010100001011110101101100 0010000000000100000000000000000000000010010000000000000001000000 0000000000000000000000000111000000000000100100000000000000000000
00:22:20.434.899 INFO root: trail ~0000011100000011 -> 0000101111010000: 1111111111111111111110001111111111111111111111111111110011111111 0111111101111111111111111111101111111111111111111111101111111011 1011010010100100010011111111001010110010011011111111001010000000 0000111111010000101100101101110110000000111001111000011111011100 0100000000000100000010000000000000000010010000000000000001000000 0000000000000000000000001011000000000000110100000000000000000000
00:22:20.434.900 INFO root: trail ~0000110100000111 -> 0000011110010000: 1111111111111111111100101111111111111111111111111111100011111111 1101111111111111111110111111111101111111110111111111101111111101 0110001110011111001000000010001100101111111100100010010000101000 0101000000001011000011011011111000000111000001110001101010011110 0000000000000010001000100000000000000000000000000000000000010010 0000000000000000000000000111000000000000100100000000000000000000
00:22:20.435.900 INFO root: trail ~0000101100000011 -> 0111101100000000: 1111111111111111111101001111111111111111111111111111110011111111 0111111111111111111111111111111110111111101111111111011111111101 0100101001000110100001001111001000011000010001000001111100101111 0000000000000000100100000101000011110000101111010111111101110111 0000000000000000001000000000010010000001000000000000000101000000 0000000001110000000000001011000000000000000000000000000000000000
00:22:20.435.901 INFO root: trail ~0000000001111011 -> 1011000000001011: 1111111111111111111111111111111111111000111111111111010011111111 1111111111100111111110111110111111011110111111111111111111111111 0010010001011111010110011000000111111000100011111100000111111111 0111011100111110110110110111110100001110101010010101000000001110 0000000100100000000000000000001000000000000001000010100000000000 0000000010110000000000000000000000000000000000000000000010110000
00:22:20.436.901 INFO root: trail ~0010000000001101 -> 0111011000000000: 1111110111111111111111111111111111111111111111111111001011111111 1111111111111111111101111111111111011111111111111111111101111101 1000001010101010111100100010111111001010010001001000111111111000 0001000011010111010011011011010011100111000000001011001101111011 0000000001000000100000000000010000010100000000000000000000000000 0000000001110000000000000110000000000000000000000000000000000000
00:22:20.436.901 INFO root: trail ~0000000001110111 -> 0111101100000000: 1111111111111111111111111111111111111000111111111111100011111111 1111111111010111111101111011111110111111111111110111111111111111 0010010101101011100011111100010001000111111111110001011000001111 1111110100000000000011011100111010111101110110111100111001110000 0000000010000100100000000000000010000010000000000000000100000000 0000000001110000000000001011000000000000000000000000000000000000
00:22:20.436.902 INFO root: trail ~1011000010110000 -> 0000110101110000: 1111010011111111111111111111111111110100111111111111111111111111 1111110111110111111111111111111111110111111111011101111110111111 0010100011110110100100010010001011001111010011111111001111000000 0000111110101111110101101000011100111011000000001001000011010111 0000000000000100010001000000000000000010001000000000000000001000 0000000000000000000000001101000000000000011100000000000000000000
00:22:20.437.902 INFO root: trail ~0000000010111011 -> 0111000001110000: 1111111111111111111111111111111111110100111111111111010011111111 1111111111111110111110111011111111011111111111111011111111111110 0000110011111111001011110100110110000001001011111111111111101000 0000110110111101011011100111011111100111000010110000011111011101 1000000010000000000000010000000100000000000000000000100000000100 0000000001110000000000000000000000000000011100000000000000000000
00:22:20.437.902 INFO root: trail ~0000110101010000 -> 1011000000001101: 1111111111111111111100101111111111111010111111111111111111111111 1101111111111111111111111111011111111101101111110111111111111111 0000100101000111001000101000111111111111111110011000001011000010 1011000011111111101100001101000001110000011110111011000000000111 0000000001000000000000000010100000010000000001001000000000000000 0000000010110000000000000000000000000000000000000000000011010000
00:22:20.438.903 INFO root: trail ~1001000000001011 -> 0000011101110000: 1111011011111111111111111111111111111111111111111111010011111111 1111011110111111111111111111111110111111111111011111111111111110 0111101111111001001001001111000100111111001100101111001010000010 1011101110111011110100000000000011011111000111010100101111011010 0001000000000100010010000000000000000010001000000000000000000000 0000000000000000000000000111000000000000011100000000000000000000
00:22:20.438.903 INFO root: trail ~0000110101110000 -> 1001000000001101: 1111111111111111111100101111111111111000111111111111111111111111 1011111111111011111111111111111111111101101111111011111011111111 0110100011110110100010001101111111011000010001010100001010000011 0000010110110000110010111001011111101101111000000000000011101110 0000000000100000000000001000000000000000000000100010100000000000 0000000010010000000000000000000000000000000000000000000011010000
00:22:20.438.904 INFO root: trail ~0111000000001011 -> 1011000011010000: 1111100011111111111111111111111111111111111111111111010011111111 1111110110111111101111101111111111111111111111111111111111100111 0100000110101011100100100100001011111101001001000010010100101111 0110000001111001000001111111000001001101101111110000001100000110 0000000001000000000010000000100000010000001000000000000000001000 0000000010110000000000000000000000000000110100000000000000000000
00:22:20.438.904 INFO root: 
00:22:20.439.904 INFO root: Greedy:
00:22:20.454.920 INFO root: greedy iter, tocover 65025
00:22:30.410.876 INFO root: trail (Bin(0b0010000000001101, n=16), Bin(0b0111011000000000, n=16)) cnt 46080
00:22:30.567.033 INFO root: -----
00:22:30.568.033 INFO root: greedy iter, tocover 18945
00:22:31.766.231 INFO root: trail (Bin(0b1010000001110000, n=16), Bin(0b0000011110010000, n=16)) cnt 10944
00:22:31.814.279 INFO root: -----
00:22:31.814.280 INFO root: greedy iter, tocover 8001
00:22:32.333.798 INFO root: trail (Bin(0b0000001100001101, n=16), Bin(0b0000000010111100, n=16)) cnt 3856
00:22:32.354.819 INFO root: -----
00:22:32.354.820 INFO root: greedy iter, tocover 4145
00:22:32.618.083 INFO root: trail (Bin(0b0000101100000011, n=16), Bin(0b0111101100000000, n=16)) cnt 1948
00:22:32.628.093 INFO root: -----
00:22:32.628.094 INFO root: greedy iter, tocover 2197
00:22:32.767.233 INFO root: trail (Bin(0b0000011100000011, n=16), Bin(0b0000101111010000, n=16)) cnt 1060
00:22:32.773.238 INFO root: -----
00:22:32.773.239 INFO root: greedy iter, tocover 1137
00:22:32.845.311 INFO root: trail (Bin(0b0111000000001001, n=16), Bin(0b0000011100000111, n=16)) cnt 604
00:22:32.849.314 INFO root: -----
00:22:32.849.314 INFO root: greedy iter, tocover 533
00:22:32.883.349 INFO root: trail (Bin(0b0000011110110000, n=16), Bin(0b1101100100000000, n=16)) cnt 240
00:22:32.885.350 INFO root: -----
00:22:32.885.351 INFO root: greedy iter, tocover 293
00:22:32.904.370 INFO root: trail (Bin(0b0000011100001010, n=16), Bin(0b0000110101110000, n=16)) cnt 136
00:22:32.905.371 INFO root: -----
00:22:32.905.371 INFO root: greedy iter, tocover 157
00:22:32.916.381 INFO root: trail (Bin(0b1011000000001011, n=16), Bin(0b1011100100000000, n=16)) cnt 63
00:22:32.916.382 INFO root: -----
00:22:32.917.382 INFO root: greedy iter, tocover 94
00:22:32.923.388 INFO root: trail (Bin(0b0000110101010000, n=16), Bin(0b1011000000001101, n=16)) cnt 40
00:22:32.924.389 INFO root: -----
00:22:32.924.389 INFO root: greedy iter, tocover 54
00:22:32.928.393 INFO root: trail (Bin(0b0000000010111011, n=16), Bin(0b0111000001110000, n=16)) cnt 19
00:22:32.928.393 INFO root: -----
00:22:32.928.394 INFO root: greedy iter, tocover 35
00:22:32.931.396 INFO root: trail (Bin(0b0000101100001011, n=16), Bin(0b1101110100000000, n=16)) cnt 12
00:22:32.931.396 INFO root: -----
00:22:32.931.397 INFO root: greedy iter, tocover 23
00:22:32.933.398 INFO root: trail (Bin(0b0111000000001011, n=16), Bin(0b1011000011010000, n=16)) cnt 6
00:22:32.933.399 INFO root: -----
00:22:32.934.399 INFO root: greedy iter, tocover 17
00:22:32.935.400 INFO root: trail (Bin(0b1001000000001011, n=16), Bin(0b0000011101110000, n=16)) cnt 5
00:22:32.935.401 INFO root: -----
00:22:32.936.401 INFO root: greedy iter, tocover 12
00:22:32.937.402 INFO root: trail (Bin(0b1101000000000111, n=16), Bin(0b0000000001101011, n=16)) cnt 4
00:22:32.937.402 INFO root: -----
00:22:32.937.402 INFO root: greedy iter, tocover 8
00:22:32.938.403 INFO root: trail (Bin(0b1011110100000000, n=16), Bin(0b1101000001100000, n=16)) cnt 3
00:22:32.938.404 INFO root: -----
00:22:32.938.404 INFO root: greedy iter, tocover 5
00:22:32.939.404 INFO root: trail (Bin(0b1011000010110000, n=16), Bin(0b0000110101110000, n=16)) cnt 2
00:22:32.939.405 INFO root: -----
00:22:32.940.405 INFO root: greedy iter, tocover 3
00:22:32.940.405 INFO root: trail (Bin(0b0000110101110000, n=16), Bin(0b1001000000001101, n=16)) cnt 1
00:22:32.940.406 INFO root: -----
00:22:32.941.406 INFO root: greedy iter, tocover 2
00:22:32.941.406 INFO root: trail (Bin(0b0000110100000111, n=16), Bin(0b0000011110010000, n=16)) cnt 1
00:22:32.941.407 INFO root: -----
00:22:32.942.407 INFO root: greedy iter, tocover 1
00:22:32.942.407 INFO root: trail (Bin(0b0111000001110000, n=16), Bin(0b0111000000000111, n=16)) cnt 1
00:22:32.942.408 INFO root: -----
00:22:32.943.408 INFO root: chosen trails: 20
00:22:32.943.409 INFO root: trail ~0010000000001101 -> 0111011000000000: 1111110111111111111111111111111111111111111111111111001011111111 1111111111111111111101111111111111011111111111111111111101111101 1000001010101010111100100010111111001010010001001000111111111000 0001000011010111010011011011010011100111000000001011001101111011 0000000001000000100000000000010000010100000000000000000000000000 0000000001110000000000000110000000000000000000000000000000000000
00:22:32.944.410 INFO root: trail ~1010000001110000 -> 0000011110010000: 1111010111111111111111111111111111111000111111111111111111111111 1111111111111101011111111011111111111101111111101111111111111111 1111100011111110011011111010100101001000010001001000101001000110 1101000011111011011101110000110100001000010100001011110101101100 0010000000000100000000000000000000000010010000000000000001000000 0000000000000000000000000111000000000000100100000000000000000000
00:22:32.946.411 INFO root: trail ~0000001100001101 -> 0000000010111100: 1111111111111111111111001111111111111111111111111111001011111111 1111111110111111111111111111111101111111101111111111011111111101 1111001100011100010000111000100001111001010000110111111101101111 1011110010110000011100001011110110111111110010110000011100001011 0000010000000000000000100000000000000000010000001000000000000100 0000000000000000000000000000000000000000101100000000000011000000
00:22:32.947.412 INFO root: trail ~0000101100000011 -> 0111101100000000: 1111111111111111111101001111111111111111111111111111110011111111 0111111111111111111111111111111110111111101111111111011111111101 0100101001000110100001001111001000011000010001000001111100101111 0000000000000000100100000101000011110000101111010111111101110111 0000000000000000001000000000010010000001000000000000000101000000 0000000001110000000000001011000000000000000000000000000000000000
00:22:32.948.414 INFO root: trail ~0000011100000011 -> 0000101111010000: 1111111111111111111110001111111111111111111111111111110011111111 0111111101111111111111111111101111111111111111111111101111111011 1011010010100100010011111111001010110010011011111111001010000000 0000111111010000101100101101110110000000111001111000011111011100 0100000000000100000010000000000000000010010000000000000001000000 0000000000000000000000001011000000000000110100000000000000000000
00:22:32.949.415 INFO root: trail ~0111000000001001 -> 0000011100000111: 1111100011111111111111111111111111111111111111111111011011111111 1111101111111111110111111111111111011111111111111111111111101101 0011111111111111111101011100101010000100111110010000010000100011 0110011101110111011111010111100100000000101101011111110100001010 0000000000001000100000001000000000000100000001001000000000000000 0000000000000000000000000111000000000000000000000000000001110000
00:22:32.951.416 INFO root: trail ~0000011110110000 -> 1101100100000000: 1111111111111111111110001111111111110100111111111111111111111111 1111111111111011111111110111111111111111101111110111010111111111 0100111101001000110100100010001111111100010001001100100000101111 1101101100000011000010011001110111100111000101010000000011011110 0000000000101000010000000000000100000000000000000000001000000000 0000000011010000000000001001000000000000000000000000000000000000
00:22:32.952.417 INFO root: trail ~0000011100001010 -> 0000110101110000: 1111111111111111111110001111111111111111111111111111010111111111 1011111111111111111110111111111111111111101111111111011111111101 0101010010001000001000010101111111110001100101000101100011110100 1000110111100111000011001110110111000100110000000000000010110111 0000000000000000000110000000000000000000001000000000000001101000 0000000000000000000000001101000000000000011100000000000000000000
00:22:32.953.418 INFO root: trail ~1011000000001011 -> 1011100100000000: 1111010011111111111111111111111111111111111111111111010011111111 1111111111111111110111011111111110111111111111011111111110111101 0010010000010100111111110010111100000101111101000100010011110000 1011000011111101101101011011000100001010101000011011011100000000 0000000001000000000000000000001001000100000000000000000001000000 0000000010110000000000001001000000000000000000000000000000000000
00:22:32.954.420 INFO root: trail ~0000110101010000 -> 1011000000001101: 1111111111111111111100101111111111111010111111111111111111111111 1101111111111111111111111111011111111101101111110111111111111111 0000100101000111001000101000111111111111111110011000001011000010 1011000011111111101100001101000001110000011110111011000000000111 0000000001000000000000000010100000010000000001001000000000000000 0000000010110000000000000000000000000000000000000000000011010000
00:22:32.956.421 INFO root: trail ~0000000010111011 -> 0111000001110000: 1111111111111111111111111111111111110100111111111111010011111111 1111111111111110111110111011111111011111111111111011111111111110 0000110011111111001011110100110110000001001011111111111111101000 0000110110111101011011100111011111100111000010110000011111011101 1000000010000000000000010000000100000000000000000000100000000100 0000000001110000000000000000000000000000011100000000000000000000
00:22:32.957.422 INFO root: trail ~0000101100001011 -> 1101110100000000: 1111111111111111111101001111111111111111111111111111010011111111 0011111111011111111111011111101110111111111111111111111111111111 1111010010111110000000100010010011000100010011111000111111110010 0000111111110110101100000111011011010000011100001101100100000111 0000000000100100000000000000000000100001000000000000100000100000 0000000011010000000000001101000000000000000000000000000000000000
00:22:32.958.423 INFO root: trail ~0111000000001011 -> 1011000011010000: 1111100011111111111111111111111111111111111111111111010011111111 1111110110111111101111101111111111111111111111111111111111100111 0100000110101011100100100100001011111101001001000010010100101111 0110000001111001000001111111000001001101101111110000001100000110 0000000001000000000010000000100000010000001000000000000000001000 0000000010110000000000000000000000000000110100000000000000000000
00:22:32.959.425 INFO root: trail ~1001000000001011 -> 0000011101110000: 1111011011111111111111111111111111111111111111111111010011111111 1111011110111111111111111111111110111111111111011111111111111110 0111101111111001001001001111000100111111001100101111001010000010 1011101110111011110100000000000011011111000111010100101111011010 0001000000000100010010000000000000000010001000000000000000000000 0000000000000000000000000111000000000000011100000000000000000000
00:22:32.961.426 INFO root: trail ~1101000000000111 -> 0000000001101011: 1111001011111111111111111111111111111111111111111111100011111111 1111111001111111111111011111111101111111111111011111111101111111 1111010011110010010000010100111110111000001010001110100000000011 1011010101110000000101111110110001110000000000000000110110111110 0000000000000000000000100001000000000000000110000100000000000000 0000000000000000000000000000000000000000011000000000000010110000
00:22:32.962.427 INFO root: trail ~1011110100000000 -> 1101000001100000: 1111010011111111111100101111111111111111111111111111111111111111 1101011111111111101111111111111111111111101111011111110111111111 1000010000101111100000001111010100011000001000101001111110001000 0000011100001101101111011111010011000000000000000000010101011011 0001000001000000000000000000010000000000010000000000010000000000 0000000011010000000000000000000000000000011000000000000000000000
00:22:32.964.429 INFO root: trail ~1011000010110000 -> 0000110101110000: 1111010011111111111111111111111111110100111111111111111111111111 1111110111110111111111111111111111110111111111011101111110111111 0010100011110110100100010010001011001111010011111111001111000000 0000111110101111110101101000011100111011000000001001000011010111 0000000000000100010001000000000000000010001000000000000000001000 0000000000000000000000001101000000000000011100000000000000000000
00:22:32.965.430 INFO root: trail ~0000110101110000 -> 1001000000001101: 1111111111111111111100101111111111111000111111111111111111111111 1011111111111011111111111111111111111101101111111011111011111111 0110100011110110100010001101111111011000010001010100001010000011 0000010110110000110010111001011111101101111000000000000011101110 0000000000100000000000001000000000000000000000100010100000000000 0000000010010000000000000000000000000000000000000000000011010000
00:22:32.967.432 INFO root: trail ~0000110100000111 -> 0000011110010000: 1111111111111111111100101111111111111111111111111111100011111111 1101111111111111111110111111111101111111110111111111101111111101 0110001110011111001000000010001100101111111100100010010000101000 0101000000001011000011011011111000000111000001110001101010011110 0000000000000010001000100000000000000000000000000000000000010010 0000000000000000000000000111000000000000100100000000000000000000
00:22:32.968.433 INFO root: trail ~0111000001110000 -> 0111000000000111: 1111100011111111111111111111111111111000111111111111111111111111 1111101111111101111111110111111111111101111110111111111110111111 1111010011110001111100100100001011111111000010001111000000101000 0001110101111111100000001111000010111100011110110000001100001011 0000000010000000000000000010010000000000000000100100100000000000 0000000001110000000000000000000000000000000000000000000001110000
00:22:32.969.434 INFO root: end
