00:00:00.118.527 INFO root: added file handler at 2021-09-13.16:16:08
00:00:00.118.527 INFO root: columns 0 -> 2
00:00:01.459.868 INFO root: Constraints: 100101010
00:00:01.459.868 INFO root: cons_SSB_card = 1
00:00:01.459.868 INFO root: cons_SSB_box_lb = 0
00:00:01.459.868 INFO root: cons_SSB_box_ub = 0
00:00:01.460.869 INFO root: cons_SSB_lb = 1
00:00:01.460.869 INFO root: cons_SSB_ub = 0
00:00:01.460.869 INFO root: cons_MC_card = 1
00:00:01.460.869 INFO root: cons_MC_matching = 0
00:00:01.460.869 INFO root: cons_MC_lb = 1
00:00:01.460.869 INFO root: cons_MC_ub2 = 0
00:00:01.788.197 INFO root: full ssb
00:00:01.924.333 INFO root: load .cache/SboxDivision.components_anf_closures.self_sboxB3EE8018B75371CE.args_068BA53CAF4BB89BC84341E5E0A9E860E078799A9E9F3CD8F2B19C3FC4CEC936 succeeded
00:00:01.935.344 INFO root: anfsI 255
00:00:01.944.353 INFO root: load .cache/SboxDivision.components_anf_closures.self_sboxFA83BF4B256071FB.args_068BA53CAF4BB89BC84341E5E0A9E860E078799A9E9F3CD8F2B19C3FC4CEC936 succeeded
00:00:01.955.364 INFO root: anfsO 255
00:00:02.024.433 INFO root: load .cache/SboxDivision.cnf_lb.self_sbox391D96FD000E6C5B.args_068BA53CAF4BB89BC84341E5E0A9E860E078799A9E9F3CD8F2B19C3FC4CEC936 succeeded
00:00:04.650.059 INFO root: SSB round 2 column 0
00:00:06.385.794 INFO root: load .cache/SboxDivision.minimal_max.self_sbox0F7EC76E48F1C66A.args_068BA53CAF4BB89BC84341E5E0A9E860E078799A9E9F3CD8F2B19C3FC4CEC936 succeeded
00:00:14.374.783 INFO root: load .cache/SboxDivision.divcore.self_sbox0F7EC76E48F1C66A.args_068BA53CAF4BB89BC84341E5E0A9E860E078799A9E9F3CD8F2B19C3FC4CEC936 succeeded
00:00:20.427.836 INFO root: load .cache/SboxDivision.cnf_lb.self_sbox0F7EC76E48F1C66A.args_068BA53CAF4BB89BC84341E5E0A9E860E078799A9E9F3CD8F2B19C3FC4CEC936 succeeded
00:00:31.230.639 INFO root: SSB round 2 column 1
00:00:33.062.471 INFO root: load .cache/SboxDivision.minimal_max.self_sbox97CD3E51D99FE8E5.args_068BA53CAF4BB89BC84341E5E0A9E860E078799A9E9F3CD8F2B19C3FC4CEC936 succeeded
00:00:41.144.553 INFO root: load .cache/SboxDivision.divcore.self_sbox97CD3E51D99FE8E5.args_068BA53CAF4BB89BC84341E5E0A9E860E078799A9E9F3CD8F2B19C3FC4CEC936 succeeded
00:00:47.267.676 INFO root: load .cache/SboxDivision.cnf_lb.self_sbox97CD3E51D99FE8E5.args_068BA53CAF4BB89BC84341E5E0A9E860E078799A9E9F3CD8F2B19C3FC4CEC936 succeeded
00:00:58.086.495 INFO root: SSB round 2 column 2
00:00:59.648.057 INFO root: load .cache/SboxDivision.minimal_max.self_sboxFA83BF4B256071FB.args_068BA53CAF4BB89BC84341E5E0A9E860E078799A9E9F3CD8F2B19C3FC4CEC936 succeeded
00:01:07.641.050 INFO root: load .cache/SboxDivision.divcore.self_sboxFA83BF4B256071FB.args_068BA53CAF4BB89BC84341E5E0A9E860E078799A9E9F3CD8F2B19C3FC4CEC936 succeeded
00:01:13.700.109 INFO root: load .cache/SboxDivision.cnf_lb.self_sboxFA83BF4B256071FB.args_068BA53CAF4BB89BC84341E5E0A9E860E078799A9E9F3CD8F2B19C3FC4CEC936 succeeded
00:01:24.390.799 INFO root: SSB round 2 column 3
00:01:49.895.305 INFO root: SSB round 4 column 0
00:02:12.998.407 INFO root: SSB round 4 column 1
00:02:14.614.023 INFO root: load .cache/SboxDivision.minimal_max.self_sboxB5083D73B8917F33.args_068BA53CAF4BB89BC84341E5E0A9E860E078799A9E9F3CD8F2B19C3FC4CEC936 succeeded
00:02:24.647.056 INFO root: load .cache/SboxDivision.divcore.self_sboxB5083D73B8917F33.args_068BA53CAF4BB89BC84341E5E0A9E860E078799A9E9F3CD8F2B19C3FC4CEC936 succeeded
00:02:32.769.178 INFO root: load .cache/SboxDivision.cnf_lb.self_sboxB5083D73B8917F33.args_068BA53CAF4BB89BC84341E5E0A9E860E078799A9E9F3CD8F2B19C3FC4CEC936 succeeded
00:02:45.063.472 INFO root: SSB round 4 column 2
00:03:08.160.569 INFO root: SSB round 4 column 3
00:03:34.407.816 INFO root: mask pairs: 255 x 255 = 65025
00:03:34.407.816 INFO root: #trails 0 
00:03:34.408.817 INFO root: mask pair #1 / 65025: 0000000000010111 1011101110101011anfI_max <DenseSet hash=1131a400fd658f41 n=16 wt=85 | 3:2 4:18 5:41 6:24> anfO_max <DenseSet hash=f1fbe5bec0cd958f n=16 wt=75 | 3:3 4:22 5:28 6:22>
00:03:42.884.293 INFO root: solving SAT...
00:04:17.805.214 INFO root: SAT solve time: 34.92009377479553
00:04:17.806.215 INFO root: SAT_times: 34.9 - 34.9, avg 34.9 med 34.9
00:04:17.806.215 INFO root: middle division transition ~0000000010111011 -> 0000011101110000 (~6 -> 6)
00:04:17.807.216 INFO root: mid transition: 0000000010111011 0000011101110000 6 6
00:04:17.807.216 INFO root: full trace:
00:04:17.807.216 INFO root: 1111 1111 1111 1111 1111 1111 1111 1111 0100 1111 1111 1111 0100 1111 1111 1111# initial
00:04:17.808.217 INFO root: 1111 1101 1011 1111 1011 1111 1111 1111 1110 1111 1111 1111 1111 1111 1011 1110# after SR MC SR
00:04:17.809.218 INFO root: 1111 0011 0100 1111 1000 0010 0100 1111 0100 0100 0000 1000 0101 1111 1111 1000# after SSB
00:04:17.809.218 INFO root: 0111 0000 1001 1011 1110 1101 0001 0000 1011 0111 0101 1011 1110 1000 0000 1001# after SR MC SR
00:04:17.810.219 INFO root: 1001 0000 0000 0010 0010 0000 0000 0000 0000 1000 0100 0000 0000 0000 0000 0000# after SSB
00:04:17.810.219 INFO root: 0000 0000 0000 0000 0000 0000 0111 0000 0000 0000 0111 0000 0000 0000 0000 0000# after SR MC SR
00:04:17.811.220 INFO root: 
00:04:17.811.220 INFO root: new trail: 0000000010111011 -> 0000011101110000
00:04:17.811.220 INFO root: #trails 1 
00:04:17.812.221 INFO root: mask pair #2 / 65025: 0111000000010110 1011000100001011anfI_max <DenseSet hash=388fac01acc150c5 n=16 wt=73 | 4:3 5:36 6:34> anfO_max <DenseSet hash=9fc4f7a82eb5244c n=16 wt=69 | 3:1 4:3 5:30 6:35>
00:04:25.884.293 INFO root: solving SAT...
00:05:25.731.140 INFO root: SAT solve time: 59.84627962112427
00:05:25.731.140 INFO root: SAT_times: 34.9 - 59.8, avg 47.4 med 59.8
00:05:25.732.141 INFO root: middle division transition ~0000110110100000 -> 0000000001110111 (~5 -> 6)
00:05:25.732.141 INFO root: mid transition: 0000110110100000 0000000001110111 5 6
00:05:25.732.141 INFO root: full trace:
00:05:25.733.142 INFO root: 1111 1111 1111 1111 0010 1111 1111 1111 0101 1111 1111 1111 1111 1111 1111 1111# initial
00:05:25.733.142 INFO root: 1111 1111 1011 1011 1111 1111 1101 1111 1011 0111 1111 1111 1111 1111 1111 1111# after SR MC SR
00:05:25.734.143 INFO root: 1111 1111 0001 1111 1011 1000 0001 1001 1110 0100 1110 0001 1101 1000 0100 1111# after SSB
00:05:25.735.144 INFO root: 1111 0000 1010 0000 0111 1001 1011 1101 0000 1011 0110 1011 0111 1011 1110 1011# after SR MC SR
00:05:25.735.144 INFO root: 1000 0000 0000 0000 0000 0100 1000 0000 0000 0000 0100 1000 1000 0000 0000 0000# after SSB
00:05:25.736.145 INFO root: 0000 0000 0000 0000 0000 0000 0000 0000 0000 0000 0111 0000 0000 0000 0111 0000# after SR MC SR
00:05:25.736.145 INFO root: 
00:05:25.736.145 INFO root: new trail: 0000110110100000 -> 0000000001110111
00:05:25.737.146 INFO root: #trails 2 
00:05:25.737.146 INFO root: mask pair #3 / 65025: 0001000101100110 0001000110100001anfI_max <DenseSet hash=ead42ce4be027983 n=16 wt=96 | 3:2 4:12 5:62 6:20> anfO_max <DenseSet hash=b22c28f0c17c8128 n=16 wt=92 | 3:4 4:20 5:44 6:24>
00:05:35.183.592 INFO root: solving SAT...
00:06:12.391.800 INFO root: SAT solve time: 37.20804452896118
00:06:12.392.801 INFO root: SAT_times: 34.9 - 59.8, avg 44.0 med 37.2
00:06:12.392.801 INFO root: middle division transition ~0111010100000000 -> 1101000000001011 (~5 -> 6)
00:06:12.392.801 INFO root: mid transition: 0111010100000000 1101000000001011 5 6
00:06:12.393.802 INFO root: full trace:
00:06:12.393.802 INFO root: 1000 1111 1111 1111 1010 1111 1111 1111 1111 1111 1111 1111 1111 1111 1111 1111# initial
00:06:12.394.803 INFO root: 1110 1111 1111 0111 1111 1111 0111 1011 1111 1111 1111 1111 1111 1011 1111 1111# after SR MC SR
00:06:12.394.803 INFO root: 1111 0100 1000 1000 0011 0100 1001 0110 1111 1111 1111 0010 1000 1001 1110 0001# after SSB
00:06:12.395.804 INFO root: 0111 0000 1101 0111 0101 0110 1101 0111 0001 1111 0111 1101 0000 0001 0000 1110# after SR MC SR
00:06:12.395.804 INFO root: 0000 0100 0000 0000 0000 0000 1000 1000 0010 0000 0000 0100 0000 1000 0000 0000# after SSB
00:06:12.395.804 INFO root: 0000 0000 1101 0000 0000 0000 0000 0000 0000 0000 0000 0000 0000 0000 1011 0000# after SR MC SR
00:06:12.396.805 INFO root: 
00:06:12.396.805 INFO root: new trail: 0111010100000000 -> 1101000000001011
00:06:12.396.805 INFO root: #trails 3 
00:06:12.397.806 INFO root: mask pair #6 / 65025: 0110011101110110 0000000110110001anfI_max <DenseSet hash=cfa6c3dd385c6182 n=16 wt=94 | 3:3 4:10 5:62 6:19> anfO_max <DenseSet hash=ba3e8198957dab7c n=16 wt=79 | 3:1 4:10 5:40 6:28>
00:06:20.872.281 INFO root: solving SAT...
00:06:54.880.289 INFO root: SAT solve time: 34.006786584854126
00:06:54.880.289 INFO root: SAT_times: 34.0 - 59.8, avg 41.5 med 37.2
00:06:54.881.290 INFO root: middle division transition ~1101110100000000 -> 0000011100001001 (~6 -> 5)
00:06:54.881.290 INFO root: mid transition: 1101110100000000 0000011100001001 6 5
00:06:54.881.290 INFO root: full trace:
00:06:54.882.291 INFO root: 0010 1111 1111 1111 0010 1111 1111 1111 1111 1111 1111 1111 1111 1111 1111 1111# initial
00:06:54.882.291 INFO root: 1011 1111 1111 0111 1111 1111 1011 1111 1111 1101 1101 1111 1111 1101 1111 1111# after SR MC SR
00:06:54.883.292 INFO root: 1000 0000 0100 1111 0011 1111 0000 0100 0100 0101 1111 0001 1111 0100 1000 1111# after SSB
00:06:54.884.293 INFO root: 1101 0000 0010 1011 0000 0000 0000 1011 0111 1101 1111 0101 1011 1110 1101 0000# after SR MC SR
00:06:54.884.293 INFO root: 0000 1000 0000 0100 0010 0000 0100 0000 0000 0000 0000 0000 0000 0000 0100 0000# after SSB
00:06:54.885.294 INFO root: 0000 0000 0000 0000 0000 0000 0111 0000 0000 0000 0000 0000 0000 0000 1001 0000# after SR MC SR
00:06:54.885.294 INFO root: 
00:06:54.885.294 INFO root: new trail: 1101110100000000 -> 0000011100001001
00:06:54.886.295 INFO root: #trails 4 
00:06:54.886.295 INFO root: mask pair #9 / 65025: 0001000100010001 0001000010100001anfI_max <DenseSet hash=0d8a7e93b0f6b163 n=16 wt=74 | 3:4 4:9 5:30 6:31> anfO_max <DenseSet hash=8851642c57979867 n=16 wt=91 | 3:3 4:12 5:55 6:21>
00:07:04.761.170 INFO root: solving SAT...
00:07:40.369.778 INFO root: SAT solve time: 35.60726261138916
00:07:40.369.778 INFO root: SAT_times: 34.0 - 59.8, avg 40.3 med 35.6
00:07:40.370.779 INFO root: middle division transition ~1011101100000000 -> 1011000000001101 (~6 -> 6)
00:07:40.370.779 INFO root: mid transition: 1011101100000000 1011000000001101 6 6
00:07:40.370.779 INFO root: full trace:
00:07:40.371.780 INFO root: 0100 1111 1111 1111 0100 1111 1111 1111 1111 1111 1111 1111 1111 1111 1111 1111# initial
00:07:40.371.780 INFO root: 1111 1111 1111 0111 1111 1111 0111 1101 1111 1111 1011 1111 1101 1101 1111 1111# after SR MC SR
00:07:40.372.781 INFO root: 1111 1001 0000 0010 0111 0010 0010 0001 1000 0100 0010 1001 0101 1111 1111 0110# after SSB
00:07:40.372.781 INFO root: 0010 0000 1001 1101 1111 1111 0010 1100 0000 0110 1100 1011 1101 1011 0000 0000# after SR MC SR
00:07:40.373.782 INFO root: 0000 0100 0000 0000 0000 0000 0010 0010 1000 0000 0000 0000 0010 0100 0000 0000# after SSB
00:07:40.373.782 INFO root: 0000 0000 1011 0000 0000 0000 0000 0000 0000 0000 0000 0000 0000 0000 1101 0000# after SR MC SR
00:07:40.374.783 INFO root: 
00:07:40.374.783 INFO root: new trail: 1011101100000000 -> 1011000000001101
00:07:40.375.784 INFO root: #trails 5 
00:07:40.375.784 INFO root: mask pair #11 / 65025: 0000000001110000 1011101000000001anfI_max <DenseSet hash=9396a3c3f81fa08d n=16 wt=85 | 3:6 4:14 5:48 6:17> anfO_max <DenseSet hash=047a48052f135681 n=16 wt=83 | 3:2 4:14 5:47 6:20>
00:07:49.132.541 INFO root: solving SAT...
00:09:27.569.978 INFO root: SAT solve time: 98.43644046783447
00:09:27.570.979 INFO root: SAT_times: 34.0 - 98.4, avg 50.0 med 37.2
00:09:27.570.979 INFO root: middle division transition ~0110000001110000 -> 0111000000000111 (~5 -> 6)
00:09:27.571.980 INFO root: mid transition: 0110000001110000 0111000000000111 5 6
00:09:27.571.980 INFO root: full trace:
00:09:27.571.980 INFO root: 1001 1111 1111 1111 1111 1111 1111 1111 1000 1111 1111 1111 1111 1111 1111 1111# initial
00:09:27.572.981 INFO root: 0111 1111 1011 1111 1111 1011 1111 1111 1111 1111 1111 1111 1111 0111 1111 0111# after SR MC SR
00:09:27.572.981 INFO root: 1111 1001 1001 0111 1111 0100 1111 0100 1001 0010 0010 1001 0001 0010 0010 1111# after SSB
00:09:27.573.982 INFO root: 0000 1101 0000 0000 0111 0000 1001 0111 1101 1011 1101 0110 1111 1111 0001 1101# after SR MC SR
00:09:27.573.982 INFO root: 0000 0010 1000 0000 0000 0000 0000 0000 1000 0000 0000 0010 0100 0010 0000 0000# after SSB
00:09:27.573.982 INFO root: 0000 0000 0111 0000 0000 0000 0000 0000 0000 0000 0000 0000 0000 0000 0111 0000# after SR MC SR
00:09:27.574.983 INFO root: 
00:09:27.574.983 INFO root: new trail: 0110000001110000 -> 0111000000000111
00:09:27.574.983 INFO root: #trails 6 
00:09:27.575.984 INFO root: mask pair #25 / 65025: 0000011101100110 0001101100010001anfI_max <DenseSet hash=44932850633d2014 n=16 wt=89 | 3:4 4:15 5:46 6:24> anfO_max <DenseSet hash=290c8aa4a596467a n=16 wt=73 | 3:6 4:11 5:30 6:26>
00:09:35.543.952 INFO root: solving SAT...
00:11:26.719.128 INFO root: SAT solve time: 111.17578506469727
00:11:26.720.129 INFO root: SAT_times: 34.0 - 111.2, avg 58.7 med 37.2
00:11:26.720.129 INFO root: middle division transition ~0000011101110000 -> 0000000011010111 (~6 -> 6)
00:11:26.720.129 INFO root: mid transition: 0000011101110000 0000000011010111 6 6
00:11:26.720.129 INFO root: full trace:
00:11:26.721.130 INFO root: 1111 1111 1111 1111 1000 1111 1111 1111 1000 1111 1111 1111 1111 1111 1111 1111# initial
00:11:26.721.130 INFO root: 1111 1111 0111 1111 1111 1011 0111 1111 1111 1011 1111 1111 0111 1111 1111 1101# after SR MC SR
00:11:26.722.131 INFO root: 1111 0010 1111 1111 0010 0100 0010 1001 0110 0101 1001 0010 0110 0001 0000 1011# after SSB
00:11:26.722.131 INFO root: 1011 0000 1011 1000 0111 0010 1011 0001 1010 0000 1101 0000 0111 0111 1001 1101# after SR MC SR
00:11:26.723.132 INFO root: 0001 0001 0000 0000 0000 0000 0010 0000 0000 0000 0100 0000 0001 0000 0000 1000# after SSB
00:11:26.723.132 INFO root: 0000 0000 0000 0000 0000 0000 0000 0000 0000 0000 1101 0000 0000 0000 0111 0000# after SR MC SR
00:11:26.723.132 INFO root: 
00:11:26.723.132 INFO root: new trail: 0000011101110000 -> 0000000011010111
00:11:26.724.133 INFO root: #trails 7 
00:11:26.725.134 INFO root: mask pair #36 / 65025: 0111000000000110 0001101010111011anfI_max <DenseSet hash=c063a03e902c4111 n=16 wt=92 | 3:2 4:9 5:61 6:20> anfO_max <DenseSet hash=c1b078d25e22cc46 n=16 wt=71 | 3:1 4:10 5:26 6:34>
00:11:34.343.752 INFO root: solving SAT...
00:11:55.565.974 INFO root: SAT solve time: 21.222036361694336
00:11:55.566.975 INFO root: SAT_times: 21.2 - 111.2, avg 54.1 med 37.2
00:11:55.566.975 INFO root: middle division transition ~0000101101110000 -> 1101011100000000 (~6 -> 6)
00:11:55.566.975 INFO root: mid transition: 0000101101110000 1101011100000000 6 6
00:11:55.567.976 INFO root: full trace:
00:11:55.567.976 INFO root: 1111 1111 1111 1111 0100 1111 1111 1111 1000 1111 1111 1111 1111 1111 1111 1111# initial
00:11:55.567.976 INFO root: 1111 1111 0111 1111 1111 1011 1111 1111 1111 1101 1111 1111 1010 1111 1111 1101# after SR MC SR
00:11:55.568.977 INFO root: 1111 0010 1111 0101 1000 0010 1011 1111 0100 1111 0100 1111 0010 0000 1000 0001# after SSB
00:11:55.568.977 INFO root: 0111 0111 1011 0111 1110 1101 1100 1111 1101 0011 0000 0000 0001 0000 0111 0000# after SR MC SR
00:11:55.569.978 INFO root: 0000 0000 0010 0010 0001 0000 0000 0001 0010 0100 0000 0000 0000 0000 0000 0000# after SSB
00:11:55.569.978 INFO root: 0000 0000 1101 0000 0000 0000 0111 0000 0000 0000 0000 0000 0000 0000 0000 0000# after SR MC SR
00:11:55.569.978 INFO root: 
00:11:55.569.978 INFO root: new trail: 0000101101110000 -> 1101011100000000
00:11:55.570.979 INFO root: #trails 8 
00:11:55.570.980 INFO root: mask pair #57 / 65025: 0000000000010111 1010000010101010anfI_max <DenseSet hash=1131a400fd658f41 n=16 wt=85 | 3:2 4:18 5:41 6:24> anfO_max <DenseSet hash=11c10f2fe4f89e46 n=16 wt=76 | 3:2 4:8 5:33 6:33>
00:12:03.761.170 INFO root: solving SAT...
00:12:38.814.223 INFO root: SAT solve time: 35.052417278289795
00:12:38.814.223 INFO root: SAT_times: 21.2 - 111.2, avg 51.9 med 35.6
00:12:38.815.224 INFO root: middle division transition ~0000000001110110 -> 1011011100000000 (~5 -> 6)
00:12:38.815.224 INFO root: mid transition: 0000000001110110 1011011100000000 5 6
00:12:38.815.224 INFO root: full trace:
00:12:38.816.225 INFO root: 1111 1111 1111 1111 1111 1111 1111 1111 1000 1111 1111 1111 1001 1111 1111 1111# initial
00:12:38.816.225 INFO root: 1111 1111 1110 1111 0111 1011 1111 1111 1111 1111 1111 1011 1111 1111 1111 1011# after SR MC SR
00:12:38.817.226 INFO root: 1111 1111 0101 1000 1110 1000 0100 0000 0010 1110 1111 0011 1010 1000 1111 1111# after SSB
00:12:38.817.226 INFO root: 0111 0000 0000 0111 1011 0111 1011 1111 0001 0110 0111 1011 0111 1011 1101 0000# after SR MC SR
00:12:38.818.227 INFO root: 0000 0000 0000 0010 0010 0000 0000 1000 0001 0000 0000 0000 0000 1000 1000 0000# after SSB
00:12:38.818.227 INFO root: 0000 0000 1011 0000 0000 0000 0111 0000 0000 0000 0000 0000 0000 0000 0000 0000# after SR MC SR
00:12:38.818.228 INFO root: 
00:12:38.819.228 INFO root: new trail: 0000000001110110 -> 1011011100000000
00:12:38.820.229 INFO root: #trails 9 
00:12:38.820.229 INFO root: mask pair #59 / 65025: 0000000101100001 1011101100010001anfI_max <DenseSet hash=f9a2622cd9ba514d n=16 wt=92 | 3:1 4:16 5:50 6:25> anfO_max <DenseSet hash=6e9da375b5224210 n=16 wt=76 | 3:3 4:11 5:40 6:22>
00:12:47.101.510 INFO root: solving SAT...
00:14:29.763.172 INFO root: SAT solve time: 102.6616108417511
00:14:29.764.173 INFO root: SAT_times: 21.2 - 111.2, avg 57.0 med 37.2
00:14:29.764.173 INFO root: middle division transition ~1011110000000000 -> 1011000010110000 (~5 -> 6)
00:14:29.764.174 INFO root: mid transition: 1011110000000000 1011000010110000 5 6
00:14:29.765.174 INFO root: full trace:
00:14:29.765.174 INFO root: 0100 1111 1111 1111 0011 1111 1111 1111 1111 1111 1111 1111 1111 1111 1111 1111# initial
00:14:29.766.175 INFO root: 1101 1111 1111 1111 1111 1111 1111 0111 1111 1101 0111 1111 0111 1111 1111 1111# after SR MC SR
00:14:29.766.175 INFO root: 0010 1111 0010 1111 1111 1111 1111 0110 0101 0100 1110 0100 0000 1000 1000 0100# after SSB
00:14:29.766.175 INFO root: 1101 1101 1110 1111 1011 0000 1011 0000 0000 0000 1110 0000 1101 1110 1101 1110# after SR MC SR
00:14:29.767.176 INFO root: 0000 0000 0100 0000 0000 1000 0000 0010 0100 0000 0100 0000 0000 0000 0000 0010# after SSB
00:14:29.767.176 INFO root: 0000 0000 1011 0000 0000 0000 0000 0000 0000 0000 1011 0000 0000 0000 0000 0000# after SR MC SR
00:14:29.767.176 INFO root: 
00:14:29.768.177 INFO root: new trail: 1011110000000000 -> 1011000010110000
00:14:29.768.177 INFO root: #trails 10 
00:14:29.769.178 INFO root: mask pair #84 / 65025: 0001011101100000 0000000100000000anfI_max <DenseSet hash=3491516ac9e3f559 n=16 wt=99 | 3:3 4:26 5:47 6:23> anfO_max <DenseSet hash=e602ded485a2d8fc n=16 wt=77 | 3:5 4:19 5:42 6:11>
00:14:37.516.925 INFO root: solving SAT...
00:15:26.840.249 INFO root: SAT solve time: 49.323392152786255
00:15:26.841.250 INFO root: SAT_times: 21.2 - 111.2, avg 56.3 med 37.2
00:15:26.841.250 INFO root: middle division transition ~1011101100000000 -> 0111110100000000 (~6 -> 6)
00:15:26.841.250 INFO root: mid transition: 1011101100000000 0111110100000000 6 6
00:15:26.841.250 INFO root: full trace:
00:15:26.842.251 INFO root: 0100 1111 1111 1111 0100 1111 1111 1111 1111 1111 1111 1111 1111 1111 1111 1111# initial
00:15:26.842.251 INFO root: 1101 1111 1111 0111 1111 1111 1011 1111 1111 1111 1101 1111 0111 1011 1111 1111# after SR MC SR
00:15:26.843.252 INFO root: 0000 0100 0110 0101 1111 1000 0010 1111 0010 0100 0000 0100 0010 1111 1111 1001# after SSB
00:15:26.843.252 INFO root: 0001 1011 1101 1111 0000 1010 1011 0000 1101 0000 0000 0001 1111 1001 0000 1011# after SR MC SR
00:15:26.844.253 INFO root: 0000 0000 0000 0100 1000 0000 0000 0010 0010 0000 0000 0000 0000 1000 0010 0000# after SSB
00:15:26.845.254 INFO root: 0000 0000 0111 0000 0000 0000 1101 0000 0000 0000 0000 0000 0000 0000 0000 0000# after SR MC SR
00:15:26.845.254 INFO root: 
00:15:26.845.254 INFO root: new trail: 1011101100000000 -> 0111110100000000
00:15:26.847.256 INFO root: #trails 11 
00:15:26.847.256 INFO root: mask pair #112 / 65025: 0111011101110111 0001101000011010anfI_max <DenseSet hash=62247a808e416d9f n=16 wt=106 | 3:6 4:23 5:59 6:18> anfO_max <DenseSet hash=f29e91a2f74d931a n=16 wt=85 | 3:2 4:10 5:45 6:28>
00:15:34.455.864 INFO root: solving SAT...
00:16:07.823.232 INFO root: SAT solve time: 33.36801052093506
00:16:07.824.233 INFO root: SAT_times: 21.2 - 111.2, avg 54.4 med 37.2
00:16:07.824.233 INFO root: middle division transition ~0000101100000111 -> 0000101111010000 (~6 -> 6)
00:16:07.824.233 INFO root: mid transition: 0000101100000111 0000101111010000 6 6
00:16:07.825.234 INFO root: full trace:
00:16:07.825.234 INFO root: 1111 1111 1111 1111 0100 1111 1111 1111 1111 1111 1111 1111 1000 1111 1111 1111# initial
00:16:07.825.234 INFO root: 1111 1111 1111 0111 1011 1111 1011 1111 1111 1011 1111 0111 1111 1111 1110 1111# after SR MC SR
00:16:07.826.235 INFO root: 1111 0100 1000 1111 1000 1111 0001 0000 0001 0011 0010 1101 1111 0100 1001 1000# after SSB
00:16:07.826.235 INFO root: 0111 0010 0000 0111 1111 0000 0011 0111 0000 0010 1001 0111 1011 0011 0001 1011# after SR MC SR
00:16:07.827.236 INFO root: 1000 0000 0000 1000 1000 0000 0000 0000 0000 0010 0100 0000 0000 0000 0000 0010# after SSB
00:16:07.827.236 INFO root: 0000 0000 0000 0000 0000 0000 1011 0000 0000 0000 1101 0000 0000 0000 0000 0000# after SR MC SR
00:16:07.828.237 INFO root: 
00:16:07.828.237 INFO root: new trail: 0000101100000111 -> 0000101111010000
00:16:07.829.238 INFO root: #trails 12 
00:16:07.829.238 INFO root: mask pair #132 / 65025: 0110000001110001 0000000000011010anfI_max <DenseSet hash=1f7c167a9d7918bf n=16 wt=71 | 3:1 4:7 5:29 6:34> anfO_max <DenseSet hash=ebf46623965bf8b9 n=16 wt=74 | 3:3 4:13 5:35 6:23>
00:16:15.806.215 INFO root: solving SAT...
00:16:47.077.486 INFO root: SAT solve time: 31.269800901412964
00:16:47.077.486 INFO root: SAT_times: 21.2 - 111.2, avg 52.6 med 35.6
00:16:47.077.486 INFO root: middle division transition ~0111101100000000 -> 0000110100001011 (~6 -> 6)
00:16:47.078.487 INFO root: mid transition: 0111101100000000 0000110100001011 6 6
00:16:47.078.487 INFO root: full trace:
00:16:47.078.487 INFO root: 1000 1111 1111 1111 0100 1111 1111 1111 1111 1111 1111 1111 1111 1111 1111 1111# initial
00:16:47.079.488 INFO root: 1011 1111 1111 0111 1111 1111 0111 1111 1111 1111 0111 1111 0111 1011 1111 1111# after SR MC SR
00:16:47.079.488 INFO root: 0100 1111 1111 1001 0000 1011 0010 1111 1111 1000 0010 0111 1000 0100 0000 0011# after SSB
00:16:47.080.489 INFO root: 0111 1101 0111 0111 1101 1111 0000 0000 1101 0000 1110 1101 0000 0100 0000 1101# after SR MC SR
00:16:47.080.489 INFO root: 0000 1000 0000 0000 0000 0000 0000 0000 0000 0010 0000 0010 0010 0000 0110 0000# after SSB
00:16:47.081.490 INFO root: 0000 0000 0000 0000 0000 0000 1101 0000 0000 0000 0000 0000 0000 0000 1011 0000# after SR MC SR
00:16:47.081.490 INFO root: 
00:16:47.081.490 INFO root: new trail: 0111101100000000 -> 0000110100001011
00:16:47.082.491 INFO root: #trails 13 
00:16:47.083.492 INFO root: mask pair #184 / 65025: 0111011101110001 0000000100000000anfI_max <DenseSet hash=72ad57a55da612ce n=16 wt=99 | 3:2 4:7 5:68 6:22> anfO_max <DenseSet hash=e602ded485a2d8fc n=16 wt=77 | 3:5 4:19 5:42 6:11>
00:16:54.827.236 INFO root: solving SAT...
00:17:30.878.287 INFO root: SAT solve time: 36.05097675323486
00:17:30.879.288 INFO root: SAT_times: 21.2 - 111.2, avg 51.4 med 36.1
00:17:30.879.288 INFO root: middle division transition ~0111101100000000 -> 0111000000001011 (~6 -> 6)
00:17:30.879.288 INFO root: mid transition: 0111101100000000 0111000000001011 6 6
00:17:30.880.289 INFO root: full trace:
00:17:30.880.289 INFO root: 1000 1111 1111 1111 0100 1111 1111 1111 1111 1111 1111 1111 1111 1111 1111 1111# initial
00:17:30.881.290 INFO root: 0111 1111 1111 1111 1111 1111 1101 1011 1111 0111 1111 1111 0111 0111 1111 1111# after SR MC SR
00:17:30.881.290 INFO root: 0010 1111 1000 1101 0000 1000 1101 0111 1111 0000 1111 1111 1000 1000 1000 0101# after SSB
00:17:30.881.290 INFO root: 1101 1011 1011 0010 1011 1110 0000 1001 1110 0100 0000 0111 0110 1011 1110 0000# after SR MC SR
00:17:30.882.291 INFO root: 0000 0100 0000 0000 0000 0000 1000 0100 1000 0000 0000 0000 0010 0001 0000 0000# after SSB
00:17:30.882.291 INFO root: 0000 0000 0111 0000 0000 0000 0000 0000 0000 0000 0000 0000 0000 0000 1011 0000# after SR MC SR
00:17:30.882.291 INFO root: 
00:17:30.883.292 INFO root: new trail: 0111101100000000 -> 0111000000001011
00:17:30.884.293 INFO root: #trails 14 
00:17:30.884.293 INFO root: mask pair #213 / 65025: 0000000101110110 1011000010100001anfI_max <DenseSet hash=22d998d895da8c5e n=16 wt=92 | 3:3 4:27 5:37 6:25> anfO_max <DenseSet hash=34895b7ee6851471 n=16 wt=94 | 3:1 4:22 5:52 6:19>
00:17:38.704.113 INFO root: solving SAT...
00:18:17.946.355 INFO root: SAT solve time: 39.241284132003784
00:18:17.946.355 INFO root: SAT_times: 21.2 - 111.2, avg 50.6 med 36.1
00:18:17.947.356 INFO root: middle division transition ~1011000000000111 -> 1101000000001101 (~6 -> 6)
00:18:17.947.356 INFO root: mid transition: 1011000000000111 1101000000001101 6 6
00:18:17.947.356 INFO root: full trace:
00:18:17.948.357 INFO root: 0100 1111 1111 1111 1111 1111 1111 1111 1111 1111 1111 1111 1000 1111 1111 1111# initial
00:18:17.948.357 INFO root: 1011 1010 1111 1111 1011 1111 1111 0111 1111 1111 1111 1111 1111 0111 1111 1111# after SR MC SR
00:18:17.949.358 INFO root: 1000 1001 1111 0101 0101 0000 1111 0100 0101 1111 1111 0010 0010 1100 1111 1111# after SSB
00:18:17.949.359 INFO root: 0000 0000 0000 1011 1101 1111 0111 1110 1011 1101 1011 0111 0111 1101 1001 1010# after SR MC SR
00:18:17.950.359 INFO root: 0000 1000 0100 0000 0000 0000 0000 0100 0000 0000 0000 0001 0100 0100 0000 0000# after SSB
00:18:17.950.360 INFO root: 0000 0000 1101 0000 0000 0000 0000 0000 0000 0000 0000 0000 0000 0000 1101 0000# after SR MC SR
00:18:17.951.360 INFO root: 
00:18:17.951.360 INFO root: new trail: 1011000000000111 -> 1101000000001101
00:18:17.954.363 INFO root: #trails 15 
00:18:17.955.364 INFO root: mask pair #390 / 65025: 0111000000000000 0000101100010001anfI_max <DenseSet hash=8e86f97a32b682a0 n=16 wt=72 | 3:11 4:22 5:23 6:16> anfO_max <DenseSet hash=74b28b19e976f6ab n=16 wt=75 | 3:3 4:12 5:33 6:27>
00:18:25.982.391 INFO root: solving SAT...
00:18:57.769.178 INFO root: SAT solve time: 31.786953926086426
00:18:57.770.179 INFO root: SAT_times: 21.2 - 111.2, avg 49.4 med 36.1
00:18:57.770.179 INFO root: middle division transition ~1101000000000111 -> 0000101100001101 (~6 -> 6)
00:18:57.770.179 INFO root: mid transition: 1101000000000111 0000101100001101 6 6
00:18:57.771.180 INFO root: full trace:
00:18:57.771.180 INFO root: 0010 1111 1111 1111 1111 1111 1111 1111 1111 1111 1111 1111 1000 1111 1111 1111# initial
00:18:57.772.181 INFO root: 1101 1111 1111 1111 1101 1111 1111 1110 1111 1111 1111 0111 1111 1110 0111 1111# after SR MC SR
00:18:57.772.181 INFO root: 1111 1111 0100 1111 0010 0011 0010 1111 0000 1110 1010 0100 0011 1111 1111 0000# after SSB
00:18:57.772.181 INFO root: 1110 1011 0111 0111 1100 0111 1011 1010 0111 1110 0000 0100 1101 1011 1100 0000# after SR MC SR
00:18:57.773.182 INFO root: 0000 0100 0000 0000 0100 0000 0000 0000 0000 0100 0000 0100 0010 0000 1000 0000# after SSB
00:18:57.773.182 INFO root: 0000 0000 0000 0000 0000 0000 1011 0000 0000 0000 0000 0000 0000 0000 1101 0000# after SR MC SR
00:18:57.773.182 INFO root: 
00:18:57.774.183 INFO root: new trail: 1101000000000111 -> 0000101100001101
00:18:57.775.184 INFO root: #trails 16 
00:18:57.775.184 INFO root: mask pair #425 / 65025: 0000000100000110 1011101110101010anfI_max <DenseSet hash=6101de51291d9ed2 n=16 wt=89 | 3:5 4:17 5:45 6:22> anfO_max <DenseSet hash=8cb2958ce8323508 n=16 wt=66 | 3:3 4:8 5:22 6:33>
00:19:05.865.274 INFO root: solving SAT...
00:19:23.168.578 INFO root: SAT solve time: 17.302490949630737
00:19:23.169.578 INFO root: SAT_times: 17.3 - 111.2, avg 47.6 med 35.6
00:19:23.169.578 INFO root: middle division transition ~1011000001110000 -> 0000000010111101 (~6 -> 6)
00:19:23.170.579 INFO root: mid transition: 1011000001110000 0000000010111101 6 6
00:19:23.170.579 INFO root: full trace:
00:19:23.171.580 INFO root: 0100 1111 1111 1111 1111 1111 1111 1111 1000 1111 1111 1111 1111 1111 1111 1111# initial
00:19:23.171.581 INFO root: 1010 1111 1111 1111 1111 1011 1111 1111 1101 1111 0111 1111 1111 1111 1111 0111# after SR MC SR
00:19:23.172.581 INFO root: 0100 0001 0010 1111 0001 0010 0100 1111 0111 1111 1000 0001 1111 1111 1111 0100# after SSB
00:19:23.173.582 INFO root: 0000 1001 0111 1011 0011 0111 1111 1011 1011 1011 0010 1101 1101 0000 0000 0111# after SR MC SR
00:19:23.173.582 INFO root: 0000 0000 0000 0000 0000 1000 0010 0000 0000 0000 0100 0010 0100 0000 0000 0010# after SSB
00:19:23.173.582 INFO root: 0000 0000 0000 0000 0000 0000 0000 0000 0000 0000 1011 0000 0000 0000 1101 0000# after SR MC SR
00:19:23.173.583 INFO root: 
00:19:23.174.583 INFO root: new trail: 1011000001110000 -> 0000000010111101
00:19:23.175.584 INFO root: #trails 17 
00:19:23.175.584 INFO root: mask pair #480 / 65025: 0110011101110001 1011101010110000anfI_max <DenseSet hash=043ae6884940d1df n=16 wt=78 | 3:1 4:6 5:44 6:27> anfO_max <DenseSet hash=9183080537a467e9 n=16 wt=80 | 3:4 4:17 5:42 6:17>
00:19:30.938.347 INFO root: solving SAT...
00:19:54.445.854 INFO root: SAT solve time: 23.506067276000977
00:19:54.445.854 INFO root: SAT_times: 17.3 - 111.2, avg 46.2 med 35.6
00:19:54.446.855 INFO root: middle division transition ~0000000010110111 -> 0000000011010111 (~6 -> 6)
00:19:54.446.855 INFO root: mid transition: 0000000010110111 0000000011010111 6 6
00:19:54.446.855 INFO root: full trace:
00:19:54.447.856 INFO root: 1111 1111 1111 1111 1111 1111 1111 1111 0100 1111 1111 1111 1000 1111 1111 1111# initial
00:19:54.448.857 INFO root: 1111 0111 0111 1111 1101 1101 1111 1111 0111 1111 1111 0111 1111 1111 1111 1111# after SR MC SR
00:19:54.448.857 INFO root: 1101 0100 1111 1000 1111 1110 0100 0100 0000 1000 0110 1111 0010 1000 1000 0100# after SSB
00:19:54.449.858 INFO root: 1101 1111 0000 0000 0000 1011 1111 0000 1101 0000 1101 0000 1101 0111 1101 0000# after SR MC SR
00:19:54.449.859 INFO root: 0100 0010 0000 0000 0000 0100 1000 0000 0000 0000 0100 0000 0100 0000 0000 0000# after SSB
00:19:54.450.859 INFO root: 0000 0000 0000 0000 0000 0000 0000 0000 0000 0000 1101 0000 0000 0000 0111 0000# after SR MC SR
00:19:54.450.859 INFO root: 
00:19:54.451.860 INFO root: new trail: 0000000010110111 -> 0000000011010111
00:19:54.455.864 INFO root: #trails 18 
00:19:54.456.865 INFO root: mask pair #700 / 65025: 0000000001110110 0000000100000000anfI_max <DenseSet hash=87819fc915ff4819 n=16 wt=90 | 3:4 4:32 5:37 6:17> anfO_max <DenseSet hash=e602ded485a2d8fc n=16 wt=77 | 3:5 4:19 5:42 6:11>
00:20:04.039.448 INFO root: solving SAT...
00:21:21.003.412 INFO root: SAT solve time: 76.96344232559204
00:21:21.004.413 INFO root: SAT_times: 17.3 - 111.2, avg 47.8 med 35.6
00:21:21.004.413 INFO root: middle division transition ~0000000001110010 -> 0000000001111011 (~4 -> 6)
00:21:21.004.413 INFO root: mid transition: 0000000001110010 0000000001111011 4 6
00:21:21.005.414 INFO root: full trace:
00:21:21.005.414 INFO root: 1111 1111 1111 1111 1111 1111 1111 1111 1000 1111 1111 1111 1101 1111 1111 1111# initial
00:21:21.006.415 INFO root: 1111 1111 1011 1111 1011 1011 1111 1111 1111 1111 1111 1111 1111 1111 1111 1011# after SR MC SR
00:21:21.006.415 INFO root: 0100 1111 0010 0100 1001 1000 0101 0100 1000 0011 0011 1111 1111 1000 1111 0010# after SSB
00:21:21.007.416 INFO root: 1101 1111 1100 1011 1111 1100 1101 0000 0000 0000 0000 1011 1011 1010 0111 0000# after SR MC SR
00:21:21.007.416 INFO root: 0010 1000 0000 0000 0000 0010 0100 0000 0000 0000 0000 0000 0010 0000 0000 0001# after SSB
00:21:21.008.417 INFO root: 0000 0000 0000 0000 0000 0000 0000 0000 0000 0000 0111 0000 0000 0000 1011 0000# after SR MC SR
00:21:21.008.417 INFO root: 
00:21:21.008.418 INFO root: new trail: 0000000001110010 -> 0000000001111011
00:21:21.016.425 INFO root: #trails 19 
00:21:21.017.426 INFO root: mask pair #1219 / 65025: 0000000001110110 1010000100011010anfI_max <DenseSet hash=87819fc915ff4819 n=16 wt=90 | 3:4 4:32 5:37 6:17> anfO_max <DenseSet hash=e943ea316055201e n=16 wt=73 | 3:2 4:11 5:30 6:30>
00:21:28.701.110 INFO root: solving SAT...
00:22:03.533.942 INFO root: SAT solve time: 34.83176612854004
00:22:03.534.943 INFO root: SAT_times: 17.3 - 111.2, avg 47.2 med 35.6
00:22:03.534.943 INFO root: middle division transition ~1100000001110000 -> 1011011100000000 (~5 -> 6)
00:22:03.535.944 INFO root: mid transition: 1100000001110000 1011011100000000 5 6
00:22:03.535.944 INFO root: full trace:
00:22:03.535.944 INFO root: 0011 1111 1111 1111 1111 1111 1111 1111 1000 1111 1111 1111 1111 1111 1111 1111# initial
00:22:03.536.945 INFO root: 1111 1111 0111 1111 1111 1111 1111 0111 0111 1111 1110 1111 1111 1111 1111 1101# after SR MC SR
00:22:03.536.945 INFO root: 0010 1111 0000 0010 0010 1111 1111 0001 1111 1111 0100 0100 1000 1111 1111 0001# after SSB
00:22:03.537.946 INFO root: 0000 1010 0000 1101 1010 1101 1111 0101 1011 0000 0111 1011 1101 0101 1011 0111# after SR MC SR
00:22:03.537.946 INFO root: 0000 0000 0010 0010 1000 0000 0000 0010 0000 0000 0000 0000 0000 1000 0010 0000# after SSB
00:22:03.537.947 INFO root: 0000 0000 1011 0000 0000 0000 0111 0000 0000 0000 0000 0000 0000 0000 0000 0000# after SR MC SR
00:22:03.538.947 INFO root: 
00:22:03.538.947 INFO root: new trail: 1100000001110000 -> 1011011100000000
00:22:03.543.952 INFO root: #trails 20 
00:22:03.544.953 INFO root: mask pair #1711 / 65025: 0110000000000000 1011101110111010anfI_max <DenseSet hash=1f35bb0005968012 n=16 wt=76 | 3:5 4:20 5:32 6:19> anfO_max <DenseSet hash=860ce7344fdc88fa n=16 wt=85 | 3:2 4:14 5:45 6:24>
00:22:11.360.769 INFO root: solving SAT...
00:22:59.101.510 INFO root: SAT solve time: 47.74059319496155
00:22:59.102.511 INFO root: SAT_times: 17.3 - 111.2, avg 47.2 med 35.6
00:22:59.102.511 INFO root: middle division transition ~0000110110110000 -> 0000000011011101 (~6 -> 6)
00:22:59.102.511 INFO root: mid transition: 0000110110110000 0000000011011101 6 6
00:22:59.103.512 INFO root: full trace:
00:22:59.103.512 INFO root: 1111 1111 1111 1111 0010 1111 1111 1111 0100 1111 1111 1111 1111 1111 1111 1111# initial
00:22:59.104.513 INFO root: 1111 1111 1101 1111 1111 1111 0111 1111 1011 1011 1111 1111 1101 1111 1111 1101# after SR MC SR
00:22:59.104.513 INFO root: 1000 1111 0010 1000 0001 1111 1000 0100 1001 1000 0101 1111 1000 1000 1001 1100# after SSB
00:22:59.104.514 INFO root: 0010 1111 1001 0110 0101 0000 1011 1101 0111 0000 0011 1111 0000 1110 0000 0000# after SR MC SR
00:22:59.105.514 INFO root: 0010 0010 0000 0000 0000 0100 0100 0000 0000 0000 0000 0100 0000 0000 0000 1000# after SSB
00:22:59.105.514 INFO root: 0000 0000 0000 0000 0000 0000 0000 0000 0000 0000 1101 0000 0000 0000 1101 0000# after SR MC SR
00:22:59.105.514 INFO root: 
00:22:59.106.515 INFO root: new trail: 0000110110110000 -> 0000000011011101
00:22:59.107.516 INFO root: #trails 21 
00:22:59.107.516 INFO root: mask pair #1721 / 65025: 0001011101110001 0000000010110000anfI_max <DenseSet hash=c4efdb37981e65b3 n=16 wt=91 | 3:3 4:4 5:61 6:23> anfO_max <DenseSet hash=4538e1ec0db6e265 n=16 wt=59 | 3:5 4:16 5:24 6:14>
00:23:06.815.224 INFO root: solving SAT...
00:23:21.652.061 INFO root: SAT solve time: 14.836353540420532
00:23:21.653.062 INFO root: SAT_times: 14.8 - 111.2, avg 45.7 med 35.6
00:23:21.653.062 INFO root: middle division transition ~0000101110110000 -> 1011101100000000 (~6 -> 6)
00:23:21.653.063 INFO root: mid transition: 0000101110110000 1011101100000000 6 6
00:23:21.654.063 INFO root: full trace:
00:23:21.654.063 INFO root: 1111 1111 1111 1111 0100 1111 1111 1111 0100 1111 1111 1111 1111 1111 1111 1111# initial
00:23:21.655.064 INFO root: 1111 1111 1111 1110 1111 1011 1011 1111 1011 1111 1111 1111 0111 1111 1111 1011# after SR MC SR
00:23:21.655.064 INFO root: 1111 0100 0100 0010 1000 1111 0100 0010 0010 1000 0010 0010 0000 0101 1111 1000# after SSB
00:23:21.656.065 INFO root: 1100 0001 0000 1011 0011 1000 1110 0110 0000 0010 1011 0000 0000 1110 0000 1111# after SR MC SR
00:23:21.656.066 INFO root: 0000 0000 0000 0100 0000 0000 0000 1000 0001 0010 0000 0000 0000 1000 0100 0000# after SSB
00:23:21.657.066 INFO root: 0000 0000 1011 0000 0000 0000 1011 0000 0000 0000 0000 0000 0000 0000 0000 0000# after SR MC SR
00:23:21.657.066 INFO root: 
00:23:21.658.067 INFO root: new trail: 0000101110110000 -> 1011101100000000
00:23:21.669.078 INFO root: #trails 22 
00:23:21.669.078 INFO root: mask pair #2698 / 65025: 0001011001100001 0000000010110000anfI_max <DenseSet hash=1d8426b92b3c0d89 n=16 wt=81 | 3:2 4:18 5:34 6:27> anfO_max <DenseSet hash=4538e1ec0db6e265 n=16 wt=59 | 3:5 4:16 5:24 6:14>
00:23:30.288.697 INFO root: solving SAT...
00:23:54.058.467 INFO root: SAT solve time: 23.769572257995605
00:23:54.059.468 INFO root: SAT_times: 14.8 - 111.2, avg 44.8 med 35.1
00:23:54.059.468 INFO root: middle division transition ~0000101100001101 -> 0000110100000111 (~6 -> 6)
00:23:54.060.469 INFO root: mid transition: 0000101100001101 0000110100000111 6 6
00:23:54.060.469 INFO root: full trace:
00:23:54.060.469 INFO root: 1111 1111 1111 1111 0100 1111 1111 1111 1111 1111 1111 1111 0010 1111 1111 1111# initial
00:23:54.061.470 INFO root: 1111 1101 1111 0111 0111 1111 1111 1111 1111 0111 1111 1111 1101 1111 1011 1111# after SR MC SR
00:23:54.061.470 INFO root: 0010 0101 0100 0100 1111 1110 1111 1111 0000 1111 0010 0100 0010 0000 0010 1001# after SSB
00:23:54.062.471 INFO root: 1010 1101 0111 1110 1001 1100 0000 0000 0000 1101 1101 0011 1111 1100 1000 0000# after SR MC SR
00:23:54.063.472 INFO root: 0000 0001 0000 0100 1000 0000 1000 0000 0000 0010 0000 0000 1000 0000 0000 0000# after SSB
00:23:54.063.472 INFO root: 0000 0000 0000 0000 0000 0000 1101 0000 0000 0000 0000 0000 0000 0000 0111 0000# after SR MC SR
00:23:54.064.473 INFO root: 
00:23:54.064.473 INFO root: new trail: 0000101100001101 -> 0000110100000111
00:23:54.106.515 INFO root: #trails 23 
00:23:54.106.515 INFO root: mask pair #7414 / 65025: 0110011000000000 0000000000010001anfI_max <DenseSet hash=582deb465656658b n=16 wt=73 | 3:4 4:9 5:26 6:34> anfO_max <DenseSet hash=a4d41487fe11637b n=16 wt=90 | 3:3 4:24 5:41 6:22>
00:24:02.022.431 INFO root: solving SAT...
00:24:40.879.288 INFO root: SAT solve time: 38.85620450973511
00:24:40.879.288 INFO root: SAT_times: 14.8 - 111.2, avg 44.5 med 35.6
00:24:40.880.289 INFO root: middle division transition ~0111000001110000 -> 0111011100000000 (~6 -> 6)
00:24:40.880.289 INFO root: mid transition: 0111000001110000 0111011100000000 6 6
00:24:40.880.289 INFO root: full trace:
00:24:40.881.290 INFO root: 1000 1111 1111 1111 1111 1111 1111 1111 1000 1111 1111 1111 1111 1111 1111 1111# initial
00:24:40.881.290 INFO root: 1011 1111 1101 1111 1111 0111 1111 1101 1111 1111 0111 1111 1111 1111 1111 0111# after SR MC SR
00:24:40.882.291 INFO root: 1111 1010 1111 0000 0110 0010 0000 1000 0010 1111 1001 1111 0111 0100 0100 1000# after SSB
00:24:40.882.291 INFO root: 1111 1010 0000 0011 1011 0000 1010 0000 0111 0111 1100 1011 0000 0110 0001 1111# after SR MC SR
00:24:40.883.292 INFO root: 0000 0000 1000 0100 0010 0000 0000 0100 1000 0100 0000 0000 0000 0000 0000 0000# after SSB
00:24:40.883.292 INFO root: 0000 0000 0111 0000 0000 0000 0111 0000 0000 0000 0000 0000 0000 0000 0000 0000# after SR MC SR
00:24:40.884.293 INFO root: 
00:24:40.884.293 INFO root: new trail: 0111000001110000 -> 0111011100000000
00:24:40.895.304 INFO root: #trails 24 
00:24:40.895.304 INFO root: mask pair #8379 / 65025: 0111000000000000 1011000000000000anfI_max <DenseSet hash=8e86f97a32b682a0 n=16 wt=72 | 3:11 4:22 5:23 6:16> anfO_max <DenseSet hash=5fa4d26b96d67071 n=16 wt=59 | 3:2 5:40 6:17>
00:24:48.957.366 INFO root: solving SAT...
00:25:03.050.459 INFO root: SAT solve time: 14.092464208602905
00:25:03.050.459 INFO root: SAT_times: 14.1 - 111.2, avg 43.3 med 35.1
00:25:03.051.460 INFO root: middle division transition ~0000000001111101 -> 0000011110110000 (~6 -> 6)
00:25:03.051.460 INFO root: mid transition: 0000000001111101 0000011110110000 6 6
00:25:03.051.460 INFO root: full trace:
00:25:03.052.461 INFO root: 1111 1111 1111 1111 1111 1111 1111 1111 1000 1111 1111 1111 0010 1111 1111 1111# initial
00:25:03.052.461 INFO root: 1111 1111 0111 1111 0111 1101 1111 1111 1111 1111 1111 1111 1111 1111 1010 1101# after SR MC SR
00:25:03.053.462 INFO root: 1111 1111 0010 1000 1111 0100 0000 0101 0001 1100 0010 1111 1000 0110 1111 0101# after SSB
00:25:03.053.462 INFO root: 1111 0111 0000 0111 0000 0111 1101 0000 1101 1100 1111 1011 0111 0000 1101 0000# after SR MC SR
00:25:03.054.463 INFO root: 0100 0000 0000 0000 0100 0000 0000 0000 0000 0010 1000 0000 0000 0000 1000 0001# after SSB
00:25:03.054.463 INFO root: 0000 0000 0000 0000 0000 0000 0111 0000 0000 0000 1011 0000 0000 0000 0000 0000# after SR MC SR
00:25:03.055.464 INFO root: 
00:25:03.055.464 INFO root: new trail: 0000000001111101 -> 0000011110110000
00:25:03.120.529 INFO root: #trails 25 
00:25:03.120.529 INFO root: mask pair #13685 / 65025: 0000011001110110 0000000010110000anfI_max <DenseSet hash=39daf18ec289a8c2 n=16 wt=84 | 3:1 4:23 5:36 6:24> anfO_max <DenseSet hash=4538e1ec0db6e265 n=16 wt=59 | 3:5 4:16 5:24 6:14>
00:25:10.879.288 INFO root: solving SAT...
00:25:51.163.572 INFO root: SAT solve time: 40.283549308776855
00:25:51.163.572 INFO root: SAT_times: 14.1 - 111.2, avg 43.2 med 35.6
00:25:51.164.573 INFO root: middle division transition ~0000000001110111 -> 1101000000001010 (~6 -> 5)
00:25:51.164.573 INFO root: mid transition: 0000000001110111 1101000000001010 6 5
00:25:51.164.573 INFO root: full trace:
00:25:51.165.574 INFO root: 1111 1111 1111 1111 1111 1111 1111 1111 1000 1111 1111 1111 1000 1111 1111 1111# initial
00:25:51.165.575 INFO root: 1111 1011 1111 1111 1111 1011 1111 1111 1101 1111 1111 0111 1111 1111 0111 1110# after SR MC SR
00:25:51.166.575 INFO root: 0010 0000 0100 0100 0101 1111 0100 0010 1111 0010 1000 1000 1000 1100 1111 0001# after SSB
00:25:51.167.576 INFO root: 0000 0000 0010 0111 0000 1111 0111 0000 0000 1001 1111 0111 0000 1101 0000 1101# after SR MC SR
00:25:51.167.576 INFO root: 0000 0100 0100 0000 0000 0000 1000 1000 0000 0000 0000 0000 0000 0010 0000 0000# after SSB
00:25:51.168.577 INFO root: 0000 0000 1101 0000 0000 0000 0000 0000 0000 0000 0000 0000 0000 0000 1010 0000# after SR MC SR
00:25:51.168.577 INFO root: 
00:25:51.168.577 INFO root: new trail: 0000000001110111 -> 1101000000001010
00:25:51.185.594 INFO root: #trails 26 
00:25:51.186.595 INFO root: mask pair #14662 / 65025: 0001000100010000 0000000010110000anfI_max <DenseSet hash=f2ec2763f7e8dd45 n=16 wt=96 | 3:6 4:29 5:30 6:31> anfO_max <DenseSet hash=4538e1ec0db6e265 n=16 wt=59 | 3:5 4:16 5:24 6:14>
00:25:58.797.206 INFO root: solving SAT...
00:26:27.904.313 INFO root: SAT solve time: 29.106505155563354
00:26:27.904.313 INFO root: SAT_times: 14.1 - 111.2, avg 42.7 med 35.1
00:26:27.904.314 INFO root: middle division transition ~1101000011010000 -> 0000000000110111 (~6 -> 5)
00:26:27.905.314 INFO root: mid transition: 1101000011010000 0000000000110111 6 5
00:26:27.905.314 INFO root: full trace:
00:26:27.905.314 INFO root: 0010 1111 1111 1111 1111 1111 1111 1111 0010 1111 1111 1111 1111 1111 1111 1111# initial
00:26:27.906.315 INFO root: 1111 1111 0111 1111 1111 1111 1111 1011 0111 1111 1101 1111 1111 1011 1111 0111# after SR MC SR
00:26:27.906.315 INFO root: 0010 0010 0000 1011 1000 0110 1100 1010 1000 0010 1111 0010 1111 1111 0010 1010# after SSB
00:26:27.907.316 INFO root: 1101 0111 1110 0000 1100 1111 1011 0000 0000 0000 1011 0000 1011 1011 1101 0000# after SR MC SR
00:26:27.907.316 INFO root: 0000 0010 0000 0000 0000 1000 0001 0000 0000 0000 1000 0000 1000 0000 0000 0000# after SSB
00:26:27.907.317 INFO root: 0000 0000 0000 0000 0000 0000 0000 0000 0000 0000 0011 0000 0000 0000 0111 0000# after SR MC SR
00:26:27.908.317 INFO root: 
00:26:27.908.317 INFO root: new trail: 1101000011010000 -> 0000000000110111
00:26:27.936.345 INFO root: #trails 27 
00:26:27.937.346 INFO root: mask pair #18129 / 65025: 0111000100000000 0000000100000000anfI_max <DenseSet hash=008e7887ec8cffa5 n=16 wt=96 | 3:8 4:21 5:51 6:16> anfO_max <DenseSet hash=e602ded485a2d8fc n=16 wt=77 | 3:5 4:19 5:42 6:11>
00:26:35.479.888 INFO root: solving SAT...
00:26:46.950.359 INFO root: SAT solve time: 11.47027587890625
00:26:46.951.360 INFO root: SAT_times: 11.5 - 111.2, avg 41.6 med 35.1
00:26:46.951.360 INFO root: middle division transition ~0000000010111011 -> 1010000011010000 (~6 -> 5)
00:26:46.951.360 INFO root: mid transition: 0000000010111011 1010000011010000 6 5
00:26:46.951.361 INFO root: full trace:
00:26:46.952.361 INFO root: 1111 1111 1111 1111 1111 1111 1111 1111 0100 1111 1111 1111 0100 1111 1111 1111# initial
00:26:46.952.362 INFO root: 1111 1101 1101 1111 1011 1110 1111 1111 1111 1111 1111 1101 1111 1111 1111 1101# after SR MC SR
00:26:46.953.362 INFO root: 1101 1110 1111 1111 0010 1111 1000 1110 1000 0001 1010 0100 1111 0001 1101 0000# after SSB
00:26:46.953.362 INFO root: 0111 1011 1011 0000 0111 0000 1110 1011 0111 1101 0000 1101 0111 1101 0000 0111# after SR MC SR
00:26:46.954.363 INFO root: 0001 0000 0010 0000 0000 0010 0000 0000 1000 0000 0000 0000 0000 0000 0000 0010# after SSB
00:26:46.954.363 INFO root: 0000 0000 1010 0000 0000 0000 0000 0000 0000 0000 1101 0000 0000 0000 0000 0000# after SR MC SR
00:26:46.954.363 INFO root: 
00:26:46.955.364 INFO root: new trail: 0000000010111011 -> 1010000011010000
00:26:47.001.410 INFO root: #trails 28 
00:26:47.001.410 INFO root: mask pair #23833 / 65025: 0000011101110000 1011101110110000anfI_max <DenseSet hash=240c4b5db8ab49a8 n=16 wt=79 | 3:4 4:14 5:35 6:26> anfO_max <DenseSet hash=65eb52b654b0ca09 n=16 wt=84 | 3:9 4:15 5:42 6:18>
00:26:54.794.203 INFO root: solving SAT...
00:27:26.894.303 INFO root: SAT solve time: 32.09919333457947
00:27:26.894.303 INFO root: SAT_times: 11.5 - 111.2, avg 41.2 med 34.9
00:27:26.895.304 INFO root: middle division transition ~0000011100001101 -> 0111011100000000 (~6 -> 6)
00:27:26.895.304 INFO root: mid transition: 0000011100001101 0111011100000000 6 6
00:27:26.895.304 INFO root: full trace:
00:27:26.896.305 INFO root: 1111 1111 1111 1111 1000 1111 1111 1111 1111 1111 1111 1111 0010 1111 1111 1111# initial
00:27:26.896.305 INFO root: 1111 1101 1111 1101 1101 1111 1101 1111 1111 1110 1111 0111 1111 1111 1111 1111# after SR MC SR
00:27:26.897.306 INFO root: 0100 1000 1100 0010 0101 1111 1111 0100 1111 0000 0100 1111 1001 1111 1000 0000# after SSB
00:27:26.897.307 INFO root: 1011 1011 1011 0100 1100 1010 0000 0000 1111 1101 0000 1011 0000 1110 1110 1010# after SR MC SR
00:27:26.898.307 INFO root: 0000 0000 0100 0100 0010 0000 0000 0000 0010 0100 0000 0000 0000 0001 0000 0000# after SSB
00:27:26.898.308 INFO root: 0000 0000 0111 0000 0000 0000 0111 0000 0000 0000 0000 0000 0000 0000 0000 0000# after SR MC SR
00:27:26.899.308 INFO root: 
00:27:26.899.308 INFO root: new trail: 0000011100001101 -> 0111011100000000
00:27:27.027.436 INFO root: #trails 29 
00:27:27.027.436 INFO root: mask pair #35221 / 65025: 0000011000000001 1010000000000000anfI_max <DenseSet hash=dc150230fc7940b2 n=16 wt=87 | 3:3 4:5 5:48 6:31> anfO_max <DenseSet hash=4d700f45c27717be n=16 wt=76 | 3:9 4:32 5:27 6:8>
00:27:34.986.395 INFO root: solving SAT...
00:28:09.762.172 INFO root: SAT solve time: 34.77548789978027
00:28:09.763.172 INFO root: SAT_times: 11.5 - 111.2, avg 41.0 med 34.9
00:28:09.763.172 INFO root: middle division transition ~1011000010110000 -> 1101000001110000 (~6 -> 6)
00:28:09.764.173 INFO root: mid transition: 1011000010110000 1101000001110000 6 6
00:28:09.764.173 INFO root: full trace:
00:28:09.764.173 INFO root: 0100 1111 1111 1111 1111 1111 1111 1111 0100 1111 1111 1111 1111 1111 1111 1111# initial
00:28:09.765.174 INFO root: 1111 1111 1111 1111 1111 1101 1111 1100 0111 1111 0111 1111 1111 1111 1111 0111# after SR MC SR
00:28:09.765.174 INFO root: 0011 1111 0100 0000 1111 0010 1111 1110 0111 1110 0010 0010 0100 0100 1011 1111# after SSB
00:28:09.765.175 INFO root: 1110 1101 0000 1101 1011 0111 0010 0111 0101 0111 1001 1100 1011 0000 1001 1011# after SR MC SR
00:28:09.766.175 INFO root: 0100 0000 0000 0000 0000 0000 0000 1000 1000 0000 0100 0000 0000 0010 0000 0010# after SSB
00:28:09.766.175 INFO root: 0000 0000 1101 0000 0000 0000 0000 0000 0000 0000 0111 0000 0000 0000 0000 0000# after SR MC SR
00:28:09.766.176 INFO root: 
00:28:09.767.176 INFO root: new trail: 1011000010110000 -> 1101000001110000
00:28:09.794.203 INFO root: #trails 30 
00:28:09.794.203 INFO root: mask pair #38562 / 65025: 0110011100010000 0000000010110000anfI_max <DenseSet hash=259a9d5fa58ffd44 n=16 wt=79 | 3:3 4:8 5:42 6:26> anfO_max <DenseSet hash=4538e1ec0db6e265 n=16 wt=59 | 3:5 4:16 5:24 6:14>
00:28:17.677.086 INFO root: solving SAT...
00:30:08.525.934 INFO root: SAT solve time: 110.84721374511719
00:30:08.525.934 INFO root: SAT_times: 11.5 - 111.2, avg 43.3 med 34.9
00:30:08.526.935 INFO root: middle division transition ~0111000000001101 -> 0000000001110111 (~6 -> 6)
00:30:08.526.935 INFO root: mid transition: 0111000000001101 0000000001110111 6 6
00:30:08.526.935 INFO root: full trace:
00:30:08.527.936 INFO root: 1000 1111 1111 1111 1111 1111 1111 1111 1111 1111 1111 1111 0010 1111 1111 1111# initial
00:30:08.527.936 INFO root: 1111 1110 1111 1111 0111 1111 1111 1110 1111 1111 1101 1101 1111 1011 1111 1111# after SR MC SR
00:30:08.528.937 INFO root: 1111 0100 1010 0101 1111 0010 1000 1010 1010 0100 1111 0001 1111 0010 0010 0010# after SSB
00:30:08.529.938 INFO root: 0111 0111 1101 1010 1100 0000 1101 1111 0111 0111 1101 0000 0000 0000 0101 0010# after SR MC SR
00:30:08.529.938 INFO root: 0000 0000 0000 0000 0000 0001 0010 0000 0000 0000 0010 0100 1000 0000 0000 1000# after SSB
00:30:08.529.939 INFO root: 0000 0000 0000 0000 0000 0000 0000 0000 0000 0000 0111 0000 0000 0000 0111 0000# after SR MC SR
00:30:08.530.939 INFO root: 
00:30:08.530.939 INFO root: new trail: 0111000000001101 -> 0000000001110111
00:30:08.710.119 INFO root: #trails 31 
00:30:08.710.119 INFO root: mask pair #63791 / 65025: 0001000100000000 0000000100000000anfI_max <DenseSet hash=bd76f5598cd603f2 n=16 wt=89 | 3:4 4:15 5:53 6:17> anfO_max <DenseSet hash=e602ded485a2d8fc n=16 wt=77 | 3:5 4:19 5:42 6:11>
00:30:17.925.334 INFO root: solving SAT...
00:30:54.365.774 INFO root: SAT solve time: 36.44025421142578
00:30:54.366.775 INFO root: SAT_times: 11.5 - 111.2, avg 43.1 med 35.1
00:30:54.366.775 INFO root: middle division transition ~0000101100001101 -> 0111000000001101 (~6 -> 6)
00:30:54.366.775 INFO root: mid transition: 0000101100001101 0111000000001101 6 6
00:30:54.367.776 INFO root: full trace:
00:30:54.367.776 INFO root: 1111 1111 1111 1111 0100 1111 1111 1111 1111 1111 1111 1111 0010 1111 1111 1111# initial
00:30:54.368.777 INFO root: 1111 1101 1111 1011 0111 1111 1101 1111 1111 1111 1111 1101 1101 1111 1111 1111# after SR MC SR
00:30:54.368.777 INFO root: 0110 0101 0010 0100 1111 1111 1111 1001 0000 0100 0101 1111 1000 0100 1000 0000# after SSB
00:30:54.369.778 INFO root: 0011 1010 0000 0011 1011 1101 1011 0111 0000 0000 0100 1101 0101 0101 1011 0001# after SR MC SR
00:30:54.369.778 INFO root: 0000 0000 0100 0000 0000 0000 0000 0001 0000 0000 0000 0001 0011 0010 0000 0000# after SSB
00:30:54.370.779 INFO root: 0000 0000 0111 0000 0000 0000 0000 0000 0000 0000 0000 0000 0000 0000 1101 0000# after SR MC SR
00:30:54.370.779 INFO root: 
00:30:54.370.779 INFO root: new trail: 0000101100001101 -> 0111000000001101
00:30:54.383.792 INFO root: 
00:30:54.383.792 INFO root: final SAT_times: 11.5 - 111.2, avg 43.1 med 35.1
00:30:54.384.793 INFO root: SAT_times all [11.47027587890625, 14.092464208602905, 14.836353540420532, 17.302490949630737, 21.222036361694336, 23.506067276000977, 23.769572257995605, 29.106505155563354, 31.269800901412964, 31.786953926086426, 32.09919333457947, 33.36801052093506, 34.006786584854126, 34.77548789978027, 34.83176612854004, 34.92009377479553, 35.052417278289795, 35.60726261138916, 36.05097675323486, 36.44025421142578, 37.20804452896118, 38.85620450973511, 39.241284132003784, 40.283549308776855, 47.74059319496155, 49.323392152786255, 59.84627962112427, 76.96344232559204, 98.43644046783447, 102.6616108417511, 110.84721374511719, 111.17578506469727]
00:30:54.384.793 INFO root: Trails:
00:30:54.384.793 INFO root: trail ~0000000010111011 -> 0000011101110000: 1111111111111111111111111111111101001111111111110100111111111111 1111110110111111101111111111111111101111111111111111111110111110 1111001101001111100000100100111101000100000010000101111111111000 0111000010011011111011010001000010110111010110111110100000001001 1001000000000010001000000000000000001000010000000000000000000000 0000000000000000000000000111000000000000011100000000000000000000
00:30:54.385.794 INFO root: trail ~0000110110100000 -> 0000000001110111: 1111111111111111001011111111111101011111111111111111111111111111 1111111110111011111111111101111110110111111111111111111111111111 1111111100011111101110000001100111100100111000011101100001001111 1111000010100000011110011011110100001011011010110111101111101011 1000000000000000000001001000000000000000010010001000000000000000 0000000000000000000000000000000000000000011100000000000001110000
00:30:54.385.794 INFO root: trail ~0111010100000000 -> 1101000000001011: 1000111111111111101011111111111111111111111111111111111111111111 1110111111110111111111110111101111111111111111111111101111111111 1111010010001000001101001001011011111111111100101000100111100001 0111000011010111010101101101011100011111011111010000000100001110 0000010000000000000000001000100000100000000001000000100000000000 0000000011010000000000000000000000000000000000000000000010110000
00:30:54.386.795 INFO root: trail ~1101110100000000 -> 0000011100001001: 0010111111111111001011111111111111111111111111111111111111111111 1011111111110111111111111011111111111101110111111111110111111111 1000000001001111001111110000010001000101111100011111010010001111 1101000000101011000000000000101101111101111101011011111011010000 0000100000000100001000000100000000000000000000000000000001000000 0000000000000000000000000111000000000000000000000000000010010000
00:30:54.386.795 INFO root: trail ~1011101100000000 -> 1011000000001101: 0100111111111111010011111111111111111111111111111111111111111111 1111111111110111111111110111110111111111101111111101110111111111 1111100100000010011100100010000110000100001010010101111111110110 0010000010011101111111110010110000000110110010111101101100000000 0000010000000000000000000010001010000000000000000010010000000000 0000000010110000000000000000000000000000000000000000000011010000
00:30:54.387.796 INFO root: trail ~0110000001110000 -> 0111000000000111: 1001111111111111111111111111111110001111111111111111111111111111 0111111110111111111110111111111111111111111111111111011111110111 1111100110010111111101001111010010010010001010010001001000101111 0000110100000000011100001001011111011011110101101111111100011101 0000001010000000000000000000000010000000000000100100001000000000 0000000001110000000000000000000000000000000000000000000001110000
00:30:54.387.796 INFO root: trail ~0000011101110000 -> 0000000011010111: 1111111111111111100011111111111110001111111111111111111111111111 1111111101111111111110110111111111111011111111110111111111111101 1111001011111111001001000010100101100101100100100110000100001011 1011000010111000011100101011000110100000110100000111011110011101 0001000100000000000000000010000000000000010000000001000000001000 0000000000000000000000000000000000000000110100000000000001110000
00:30:54.388.797 INFO root: trail ~0000101101110000 -> 1101011100000000: 1111111111111111010011111111111110001111111111111111111111111111 1111111101111111111110111111111111111101111111111010111111111101 1111001011110101100000101011111101001111010011110010000010000001 0111011110110111111011011100111111010011000000000001000001110000 0000000000100010000100000000000100100100000000000000000000000000 0000000011010000000000000111000000000000000000000000000000000000
00:30:54.389.798 INFO root: trail ~0000000001110110 -> 1011011100000000: 1111111111111111111111111111111110001111111111111001111111111111 1111111111101111011110111111111111111111111110111111111111111011 1111111101011000111010000100000000101110111100111010100011111111 0111000000000111101101111011111100010110011110110111101111010000 0000000000000010001000000000100000010000000000000000100010000000 0000000010110000000000000111000000000000000000000000000000000000
00:30:54.389.798 INFO root: trail ~1011110000000000 -> 1011000010110000: 0100111111111111001111111111111111111111111111111111111111111111 1101111111111111111111111111011111111101011111110111111111111111 0010111100101111111111111111011001010100111001000000100010000100 1101110111101111101100001011000000000000111000001101111011011110 0000000001000000000010000000001001000000010000000000000000000010 0000000010110000000000000000000000000000101100000000000000000000
00:30:54.390.799 INFO root: trail ~1011101100000000 -> 0111110100000000: 0100111111111111010011111111111111111111111111111111111111111111 1101111111110111111111111011111111111111110111110111101111111111 0000010001100101111110000010111100100100000001000010111111111001 0001101111011111000010101011000011010000000000011111100100001011 0000000000000100100000000000001000100000000000000000100000100000 0000000001110000000000001101000000000000000000000000000000000000
00:30:54.390.799 INFO root: trail ~0000101100000111 -> 0000101111010000: 1111111111111111010011111111111111111111111111111000111111111111 1111111111110111101111111011111111111011111101111111111111101111 1111010010001111100011110001000000010011001011011111010010011000 0111001000000111111100000011011100000010100101111011001100011011 1000000000001000100000000000000000000010010000000000000000000010 0000000000000000000000001011000000000000110100000000000000000000
00:30:54.391.800 INFO root: trail ~0111101100000000 -> 0000110100001011: 1000111111111111010011111111111111111111111111111111111111111111 1011111111110111111111110111111111111111011111110111101111111111 0100111111111001000010110010111111111000001001111000010000000011 0111110101110111110111110000000011010000111011010000010000001101 0000100000000000000000000000000000000010000000100010000001100000 0000000000000000000000001101000000000000000000000000000010110000
00:30:54.391.800 INFO root: trail ~0111101100000000 -> 0111000000001011: 1000111111111111010011111111111111111111111111111111111111111111 0111111111111111111111111101101111110111111111110111011111111111 0010111110001101000010001101011111110000111111111000100010000101 1101101110110010101111100000100111100100000001110110101111100000 0000010000000000000000001000010010000000000000000010000100000000 0000000001110000000000000000000000000000000000000000000010110000
00:30:54.392.801 INFO root: trail ~1011000000000111 -> 1101000000001101: 0100111111111111111111111111111111111111111111111000111111111111 1011101011111111101111111111011111111111111111111111011111111111 1000100111110101010100001111010001011111111100100010110011111111 0000000000001011110111110111111010111101101101110111110110011010 0000100001000000000000000000010000000000000000010100010000000000 0000000011010000000000000000000000000000000000000000000011010000
00:30:54.392.801 INFO root: trail ~1101000000000111 -> 0000101100001101: 0010111111111111111111111111111111111111111111111000111111111111 1101111111111111110111111111111011111111111101111111111001111111 1111111101001111001000110010111100001110101001000011111111110000 1110101101110111110001111011101001111110000001001101101111000000 0000010000000000010000000000000000000100000001000010000010000000 0000000000000000000000001011000000000000000000000000000011010000
00:30:54.393.802 INFO root: trail ~1011000001110000 -> 0000000010111101: 0100111111111111111111111111111110001111111111111111111111111111 1010111111111111111110111111111111011111011111111111111111110111 0100000100101111000100100100111101111111100000011111111111110100 0000100101111011001101111111101110111011001011011101000000000111 0000000000000000000010000010000000000000010000100100000000000010 0000000000000000000000000000000000000000101100000000000011010000
00:30:54.393.802 INFO root: trail ~0000000010110111 -> 0000000011010111: 1111111111111111111111111111111101001111111111111000111111111111 1111011101111111110111011111111101111111111101111111111111111111 1101010011111000111111100100010000001000011011110010100010000100 1101111100000000000010111111000011010000110100001101011111010000 0100001000000000000001001000000000000000010000000100000000000000 0000000000000000000000000000000000000000110100000000000001110000
00:30:54.393.803 INFO root: trail ~0000000001110010 -> 0000000001111011: 1111111111111111111111111111111110001111111111111101111111111111 1111111110111111101110111111111111111111111111111111111111111011 0100111100100100100110000101010010000011001111111111100011110010 1101111111001011111111001101000000000000000010111011101001110000 0010100000000000000000100100000000000000000000000010000000000001 0000000000000000000000000000000000000000011100000000000010110000
00:30:54.394.803 INFO root: trail ~1100000001110000 -> 1011011100000000: 0011111111111111111111111111111110001111111111111111111111111111 1111111101111111111111111111011101111111111011111111111111111101 0010111100000010001011111111000111111111010001001000111111110001 0000101000001101101011011111010110110000011110111101010110110111 0000000000100010100000000000001000000000000000000000100000100000 0000000010110000000000000111000000000000000000000000000000000000
00:30:54.394.803 INFO root: trail ~0000110110110000 -> 0000000011011101: 1111111111111111001011111111111101001111111111111111111111111111 1111111111011111111111110111111110111011111111111101111111111101 1000111100101000000111111000010010011000010111111000100010011100 0010111110010110010100001011110101110000001111110000111000000000 0010001000000000000001000100000000000000000001000000000000001000 0000000000000000000000000000000000000000110100000000000011010000
00:30:54.395.804 INFO root: trail ~0000101110110000 -> 1011101100000000: 1111111111111111010011111111111101001111111111111111111111111111 1111111111111110111110111011111110111111111111110111111111111011 1111010001000010100011110100001000101000001000100000010111111000 1100000100001011001110001110011000000010101100000000111000001111 0000000000000100000000000000100000010010000000000000100001000000 0000000010110000000000001011000000000000000000000000000000000000
00:30:54.395.804 INFO root: trail ~0000101100001101 -> 0000110100000111: 1111111111111111010011111111111111111111111111110010111111111111 1111110111110111011111111111111111110111111111111101111110111111 0010010101000100111111101111111100001111001001000010000000101001 1010110101111110100111000000000000001101110100111111110010000000 0000000100000100100000001000000000000010000000001000000000000000 0000000000000000000000001101000000000000000000000000000001110000
00:30:54.395.804 INFO root: trail ~0111000001110000 -> 0111011100000000: 1000111111111111111111111111111110001111111111111111111111111111 1011111111011111111101111111110111111111011111111111111111110111 1111101011110000011000100000100000101111100111110111010001001000 1111101000000011101100001010000001110111110010110000011000011111 0000000010000100001000000000010010000100000000000000000000000000 0000000001110000000000000111000000000000000000000000000000000000
00:30:54.396.805 INFO root: trail ~0000000001111101 -> 0000011110110000: 1111111111111111111111111111111110001111111111110010111111111111 1111111101111111011111011111111111111111111111111111111110101101 1111111100101000111101000000010100011100001011111000011011110101 1111011100000111000001111101000011011100111110110111000011010000 0100000000000000010000000000000000000010100000000000000010000001 0000000000000000000000000111000000000000101100000000000000000000
00:30:54.396.805 INFO root: trail ~0000000001110111 -> 1101000000001010: 1111111111111111111111111111111110001111111111111000111111111111 1111101111111111111110111111111111011111111101111111111101111110 0010000001000100010111110100001011110010100010001000110011110001 0000000000100111000011110111000000001001111101110000110100001101 0000010001000000000000001000100000000000000000000000001000000000 0000000011010000000000000000000000000000000000000000000010100000
00:30:54.397.806 INFO root: trail ~1101000011010000 -> 0000000000110111: 0010111111111111111111111111111100101111111111111111111111111111 1111111101111111111111111111101101111111110111111111101111110111 0010001000001011100001101100101010000010111100101111111100101010 1101011111100000110011111011000000000000101100001011101111010000 0000001000000000000010000001000000000000100000001000000000000000 0000000000000000000000000000000000000000001100000000000001110000
00:30:54.397.806 INFO root: trail ~0000000010111011 -> 1010000011010000: 1111111111111111111111111111111101001111111111110100111111111111 1111110111011111101111101111111111111111111111011111111111111101 1101111011111111001011111000111010000001101001001111000111010000 0111101110110000011100001110101101111101000011010111110100000111 0001000000100000000000100000000010000000000000000000000000000010 0000000010100000000000000000000000000000110100000000000000000000
00:30:54.397.806 INFO root: trail ~0000011100001101 -> 0111011100000000: 1111111111111111100011111111111111111111111111110010111111111111 1111110111111101110111111101111111111110111101111111111111111111 0100100011000010010111111111010011110000010011111001111110000000 1011101110110100110010100000000011111101000010110000111011101010 0000000001000100001000000000000000100100000000000000000100000000 0000000001110000000000000111000000000000000000000000000000000000
00:30:54.398.807 INFO root: trail ~1011000010110000 -> 1101000001110000: 0100111111111111111111111111111101001111111111111111111111111111 1111111111111111111111011111110001111111011111111111111111110111 0011111101000000111100101111111001111110001000100100010010111111 1110110100001101101101110010011101010111100111001011000010011011 0100000000000000000000000000100010000000010000000000001000000010 0000000011010000000000000000000000000000011100000000000000000000
00:30:54.398.807 INFO root: trail ~0111000000001101 -> 0000000001110111: 1000111111111111111111111111111111111111111111110010111111111111 1111111011111111011111111111111011111111110111011111101111111111 1111010010100101111100101000101010100100111100011111001000100010 0111011111011010110000001101111101110111110100000000000001010010 0000000000000000000000010010000000000000001001001000000000001000 0000000000000000000000000000000000000000011100000000000001110000
00:30:54.399.808 INFO root: trail ~0000101100001101 -> 0111000000001101: 1111111111111111010011111111111111111111111111110010111111111111 1111110111111011011111111101111111111111111111011101111111111111 0110010100100100111111111111100100000100010111111000010010000000 0011101000000011101111011011011100000000010011010101010110110001 0000000001000000000000000000000100000000000000010011001000000000 0000000001110000000000000000000000000000000000000000000011010000
00:30:54.399.808 INFO root: 
00:30:54.399.808 INFO root: Greedy:
00:30:54.415.824 INFO root: greedy iter, tocover 65025
00:31:04.626.035 INFO root: trail (Bin(0b0000000001110010, n=16), Bin(0b0000000001111011, n=16)) cnt 30720
00:31:04.722.131 INFO root: -----
00:31:04.722.131 INFO root: greedy iter, tocover 34305
00:31:06.190.599 INFO root: trail (Bin(0b0000000010111011, n=16), Bin(0b1010000011010000, n=16)) cnt 13056
00:31:06.243.652 INFO root: -----
00:31:06.243.652 INFO root: greedy iter, tocover 21249
00:31:07.400.809 INFO root: trail (Bin(0b1101000011010000, n=16), Bin(0b0000000000110111, n=16)) cnt 8160
00:31:07.430.840 INFO root: -----
00:31:07.431.840 INFO root: greedy iter, tocover 13089
00:31:08.001.410 INFO root: trail (Bin(0b1101110100000000, n=16), Bin(0b0000011100001001, n=16)) cnt 5100
00:31:08.019.428 INFO root: -----
00:31:08.019.428 INFO root: greedy iter, tocover 7989
00:31:08.383.792 INFO root: trail (Bin(0b0000000001110110, n=16), Bin(0b1011011100000000, n=16)) cnt 2976
00:31:08.395.804 INFO root: -----
00:31:08.395.804 INFO root: greedy iter, tocover 5013
00:31:08.625.034 INFO root: trail (Bin(0b1011110000000000, n=16), Bin(0b1011000010110000, n=16)) cnt 1620
00:31:08.638.047 INFO root: -----
00:31:08.638.047 INFO root: greedy iter, tocover 3393
00:31:08.803.213 INFO root: trail (Bin(0b0000110110100000, n=16), Bin(0b0000000001110111, n=16)) cnt 1124
00:31:08.809.218 INFO root: -----
00:31:08.809.218 INFO root: greedy iter, tocover 2269
00:31:08.916.325 INFO root: trail (Bin(0b0110000001110000, n=16), Bin(0b0111000000000111, n=16)) cnt 708
00:31:08.919.328 INFO root: -----
00:31:08.920.329 INFO root: greedy iter, tocover 1561
00:31:08.994.403 INFO root: trail (Bin(0b0000011100001101, n=16), Bin(0b0111011100000000, n=16)) cnt 484
00:31:08.997.406 INFO root: -----
00:31:08.997.406 INFO root: greedy iter, tocover 1077
00:31:09.048.457 INFO root: trail (Bin(0b0000101100001101, n=16), Bin(0b0000110100000111, n=16)) cnt 326
00:31:09.050.459 INFO root: -----
00:31:09.050.459 INFO root: greedy iter, tocover 751
00:31:09.087.497 INFO root: trail (Bin(0b1011000001110000, n=16), Bin(0b0000000010111101, n=16)) cnt 233
00:31:09.089.498 INFO root: -----
00:31:09.089.498 INFO root: greedy iter, tocover 518
00:31:09.113.522 INFO root: trail (Bin(0b0000000001110111, n=16), Bin(0b1101000000001010, n=16)) cnt 157
00:31:09.115.524 INFO root: -----
00:31:09.115.524 INFO root: greedy iter, tocover 361
00:31:09.132.541 INFO root: trail (Bin(0b0111101100000000, n=16), Bin(0b0111000000001011, n=16)) cnt 106
00:31:09.133.542 INFO root: -----
00:31:09.133.542 INFO root: greedy iter, tocover 255
00:31:09.145.554 INFO root: trail (Bin(0b1011101100000000, n=16), Bin(0b0111110100000000, n=16)) cnt 72
00:31:09.146.555 INFO root: -----
00:31:09.146.555 INFO root: greedy iter, tocover 183
00:31:09.155.564 INFO root: trail (Bin(0b1100000001110000, n=16), Bin(0b1011011100000000, n=16)) cnt 53
00:31:09.155.565 INFO root: -----
00:31:09.156.565 INFO root: greedy iter, tocover 130
00:31:09.162.571 INFO root: trail (Bin(0b0000000010110111, n=16), Bin(0b0000000011010111, n=16)) cnt 38
00:31:09.163.572 INFO root: -----
00:31:09.163.572 INFO root: greedy iter, tocover 92
00:31:09.168.577 INFO root: trail (Bin(0b0000101110110000, n=16), Bin(0b1011101100000000, n=16)) cnt 26
00:31:09.168.577 INFO root: -----
00:31:09.168.577 INFO root: greedy iter, tocover 66
00:31:09.172.581 INFO root: trail (Bin(0b0000000010111011, n=16), Bin(0b0000011101110000, n=16)) cnt 21
00:31:09.172.581 INFO root: -----
00:31:09.172.581 INFO root: greedy iter, tocover 45
00:31:09.175.584 INFO root: trail (Bin(0b1101000000000111, n=16), Bin(0b0000101100001101, n=16)) cnt 12
00:31:09.175.584 INFO root: -----
00:31:09.175.584 INFO root: greedy iter, tocover 33
00:31:09.177.586 INFO root: trail (Bin(0b1011000010110000, n=16), Bin(0b1101000001110000, n=16)) cnt 10
00:31:09.178.587 INFO root: -----
00:31:09.178.587 INFO root: greedy iter, tocover 23
00:31:09.179.588 INFO root: trail (Bin(0b0000110110110000, n=16), Bin(0b0000000011011101, n=16)) cnt 7
00:31:09.179.589 INFO root: -----
00:31:09.180.589 INFO root: greedy iter, tocover 16
00:31:09.181.590 INFO root: trail (Bin(0b0111101100000000, n=16), Bin(0b0000110100001011, n=16)) cnt 6
00:31:09.181.590 INFO root: -----
00:31:09.181.590 INFO root: greedy iter, tocover 10
00:31:09.182.591 INFO root: trail (Bin(0b1011000000000111, n=16), Bin(0b1101000000001101, n=16)) cnt 3
00:31:09.182.591 INFO root: -----
00:31:09.182.591 INFO root: greedy iter, tocover 7
00:31:09.183.592 INFO root: trail (Bin(0b0111000001110000, n=16), Bin(0b0111011100000000, n=16)) cnt 2
00:31:09.183.592 INFO root: -----
00:31:09.183.592 INFO root: greedy iter, tocover 5
00:31:09.184.593 INFO root: trail (Bin(0b0000101100001101, n=16), Bin(0b0111000000001101, n=16)) cnt 1
00:31:09.184.593 INFO root: -----
00:31:09.184.593 INFO root: greedy iter, tocover 4
00:31:09.185.594 INFO root: trail (Bin(0b0111000000001101, n=16), Bin(0b0000000001110111, n=16)) cnt 1
00:31:09.185.594 INFO root: -----
00:31:09.185.594 INFO root: greedy iter, tocover 3
00:31:09.185.595 INFO root: trail (Bin(0b0000000001111101, n=16), Bin(0b0000011110110000, n=16)) cnt 1
00:31:09.186.595 INFO root: -----
00:31:09.186.595 INFO root: greedy iter, tocover 2
00:31:09.186.595 INFO root: trail (Bin(0b0000101101110000, n=16), Bin(0b1101011100000000, n=16)) cnt 1
00:31:09.186.596 INFO root: -----
00:31:09.187.596 INFO root: greedy iter, tocover 1
00:31:09.187.596 INFO root: trail (Bin(0b0111010100000000, n=16), Bin(0b1101000000001011, n=16)) cnt 1
00:31:09.187.596 INFO root: -----
00:31:09.188.597 INFO root: chosen trails: 29
00:31:09.188.597 INFO root: trail ~0000000001110010 -> 0000000001111011: 1111111111111111111111111111111110001111111111111101111111111111 1111111110111111101110111111111111111111111111111111111111111011 0100111100100100100110000101010010000011001111111111100011110010 1101111111001011111111001101000000000000000010111011101001110000 0010100000000000000000100100000000000000000000000010000000000001 0000000000000000000000000000000000000000011100000000000010110000
00:31:09.189.598 INFO root: trail ~0000000010111011 -> 1010000011010000: 1111111111111111111111111111111101001111111111110100111111111111 1111110111011111101111101111111111111111111111011111111111111101 1101111011111111001011111000111010000001101001001111000111010000 0111101110110000011100001110101101111101000011010111110100000111 0001000000100000000000100000000010000000000000000000000000000010 0000000010100000000000000000000000000000110100000000000000000000
00:31:09.189.598 INFO root: trail ~1101000011010000 -> 0000000000110111: 0010111111111111111111111111111100101111111111111111111111111111 1111111101111111111111111111101101111111110111111111101111110111 0010001000001011100001101100101010000010111100101111111100101010 1101011111100000110011111011000000000000101100001011101111010000 0000001000000000000010000001000000000000100000001000000000000000 0000000000000000000000000000000000000000001100000000000001110000
00:31:09.190.599 INFO root: trail ~1101110100000000 -> 0000011100001001: 0010111111111111001011111111111111111111111111111111111111111111 1011111111110111111111111011111111111101110111111111110111111111 1000000001001111001111110000010001000101111100011111010010001111 1101000000101011000000000000101101111101111101011011111011010000 0000100000000100001000000100000000000000000000000000000001000000 0000000000000000000000000111000000000000000000000000000010010000
00:31:09.191.600 INFO root: trail ~0000000001110110 -> 1011011100000000: 1111111111111111111111111111111110001111111111111001111111111111 1111111111101111011110111111111111111111111110111111111111111011 1111111101011000111010000100000000101110111100111010100011111111 0111000000000111101101111011111100010110011110110111101111010000 0000000000000010001000000000100000010000000000000000100010000000 0000000010110000000000000111000000000000000000000000000000000000
00:31:09.191.600 INFO root: trail ~1011110000000000 -> 1011000010110000: 0100111111111111001111111111111111111111111111111111111111111111 1101111111111111111111111111011111111101011111110111111111111111 0010111100101111111111111111011001010100111001000000100010000100 1101110111101111101100001011000000000000111000001101111011011110 0000000001000000000010000000001001000000010000000000000000000010 0000000010110000000000000000000000000000101100000000000000000000
00:31:09.192.601 INFO root: trail ~0000110110100000 -> 0000000001110111: 1111111111111111001011111111111101011111111111111111111111111111 1111111110111011111111111101111110110111111111111111111111111111 1111111100011111101110000001100111100100111000011101100001001111 1111000010100000011110011011110100001011011010110111101111101011 1000000000000000000001001000000000000000010010001000000000000000 0000000000000000000000000000000000000000011100000000000001110000
00:31:09.192.602 INFO root: trail ~0110000001110000 -> 0111000000000111: 1001111111111111111111111111111110001111111111111111111111111111 0111111110111111111110111111111111111111111111111111011111110111 1111100110010111111101001111010010010010001010010001001000101111 0000110100000000011100001001011111011011110101101111111100011101 0000001010000000000000000000000010000000000000100100001000000000 0000000001110000000000000000000000000000000000000000000001110000
00:31:09.193.602 INFO root: trail ~0000011100001101 -> 0111011100000000: 1111111111111111100011111111111111111111111111110010111111111111 1111110111111101110111111101111111111110111101111111111111111111 0100100011000010010111111111010011110000010011111001111110000000 1011101110110100110010100000000011111101000010110000111011101010 0000000001000100001000000000000000100100000000000000000100000000 0000000001110000000000000111000000000000000000000000000000000000
00:31:09.194.603 INFO root: trail ~0000101100001101 -> 0000110100000111: 1111111111111111010011111111111111111111111111110010111111111111 1111110111110111011111111111111111110111111111111101111110111111 0010010101000100111111101111111100001111001001000010000000101001 1010110101111110100111000000000000001101110100111111110010000000 0000000100000100100000001000000000000010000000001000000000000000 0000000000000000000000001101000000000000000000000000000001110000
00:31:09.194.604 INFO root: trail ~1011000001110000 -> 0000000010111101: 0100111111111111111111111111111110001111111111111111111111111111 1010111111111111111110111111111111011111011111111111111111110111 0100000100101111000100100100111101111111100000011111111111110100 0000100101111011001101111111101110111011001011011101000000000111 0000000000000000000010000010000000000000010000100100000000000010 0000000000000000000000000000000000000000101100000000000011010000
00:31:09.195.604 INFO root: trail ~0000000001110111 -> 1101000000001010: 1111111111111111111111111111111110001111111111111000111111111111 1111101111111111111110111111111111011111111101111111111101111110 0010000001000100010111110100001011110010100010001000110011110001 0000000000100111000011110111000000001001111101110000110100001101 0000010001000000000000001000100000000000000000000000001000000000 0000000011010000000000000000000000000000000000000000000010100000
00:31:09.196.605 INFO root: trail ~0111101100000000 -> 0111000000001011: 1000111111111111010011111111111111111111111111111111111111111111 0111111111111111111111111101101111110111111111110111011111111111 0010111110001101000010001101011111110000111111111000100010000101 1101101110110010101111100000100111100100000001110110101111100000 0000010000000000000000001000010010000000000000000010000100000000 0000000001110000000000000000000000000000000000000000000010110000
00:31:09.197.606 INFO root: trail ~1011101100000000 -> 0111110100000000: 0100111111111111010011111111111111111111111111111111111111111111 1101111111110111111111111011111111111111110111110111101111111111 0000010001100101111110000010111100100100000001000010111111111001 0001101111011111000010101011000011010000000000011111100100001011 0000000000000100100000000000001000100000000000000000100000100000 0000000001110000000000001101000000000000000000000000000000000000
00:31:09.197.606 INFO root: trail ~1100000001110000 -> 1011011100000000: 0011111111111111111111111111111110001111111111111111111111111111 1111111101111111111111111111011101111111111011111111111111111101 0010111100000010001011111111000111111111010001001000111111110001 0000101000001101101011011111010110110000011110111101010110110111 0000000000100010100000000000001000000000000000000000100000100000 0000000010110000000000000111000000000000000000000000000000000000
00:31:09.198.607 INFO root: trail ~0000000010110111 -> 0000000011010111: 1111111111111111111111111111111101001111111111111000111111111111 1111011101111111110111011111111101111111111101111111111111111111 1101010011111000111111100100010000001000011011110010100010000100 1101111100000000000010111111000011010000110100001101011111010000 0100001000000000000001001000000000000000010000000100000000000000 0000000000000000000000000000000000000000110100000000000001110000
00:31:09.199.608 INFO root: trail ~0000101110110000 -> 1011101100000000: 1111111111111111010011111111111101001111111111111111111111111111 1111111111111110111110111011111110111111111111110111111111111011 1111010001000010100011110100001000101000001000100000010111111000 1100000100001011001110001110011000000010101100000000111000001111 0000000000000100000000000000100000010010000000000000100001000000 0000000010110000000000001011000000000000000000000000000000000000
00:31:09.199.608 INFO root: trail ~0000000010111011 -> 0000011101110000: 1111111111111111111111111111111101001111111111110100111111111111 1111110110111111101111111111111111101111111111111111111110111110 1111001101001111100000100100111101000100000010000101111111111000 0111000010011011111011010001000010110111010110111110100000001001 1001000000000010001000000000000000001000010000000000000000000000 0000000000000000000000000111000000000000011100000000000000000000
00:31:09.200.609 INFO root: trail ~1101000000000111 -> 0000101100001101: 0010111111111111111111111111111111111111111111111000111111111111 1101111111111111110111111111111011111111111101111111111001111111 1111111101001111001000110010111100001110101001000011111111110000 1110101101110111110001111011101001111110000001001101101111000000 0000010000000000010000000000000000000100000001000010000010000000 0000000000000000000000001011000000000000000000000000000011010000
00:31:09.201.610 INFO root: trail ~1011000010110000 -> 1101000001110000: 0100111111111111111111111111111101001111111111111111111111111111 1111111111111111111111011111110001111111011111111111111111110111 0011111101000000111100101111111001111110001000100100010010111111 1110110100001101101101110010011101010111100111001011000010011011 0100000000000000000000000000100010000000010000000000001000000010 0000000011010000000000000000000000000000011100000000000000000000
00:31:09.202.611 INFO root: trail ~0000110110110000 -> 0000000011011101: 1111111111111111001011111111111101001111111111111111111111111111 1111111111011111111111110111111110111011111111111101111111111101 1000111100101000000111111000010010011000010111111000100010011100 0010111110010110010100001011110101110000001111110000111000000000 0010001000000000000001000100000000000000000001000000000000001000 0000000000000000000000000000000000000000110100000000000011010000
00:31:09.202.611 INFO root: trail ~0111101100000000 -> 0000110100001011: 1000111111111111010011111111111111111111111111111111111111111111 1011111111110111111111110111111111111111011111110111101111111111 0100111111111001000010110010111111111000001001111000010000000011 0111110101110111110111110000000011010000111011010000010000001101 0000100000000000000000000000000000000010000000100010000001100000 0000000000000000000000001101000000000000000000000000000010110000
00:31:09.203.612 INFO root: trail ~1011000000000111 -> 1101000000001101: 0100111111111111111111111111111111111111111111111000111111111111 1011101011111111101111111111011111111111111111111111011111111111 1000100111110101010100001111010001011111111100100010110011111111 0000000000001011110111110111111010111101101101110111110110011010 0000100001000000000000000000010000000000000000010100010000000000 0000000011010000000000000000000000000000000000000000000011010000
00:31:09.204.613 INFO root: trail ~0111000001110000 -> 0111011100000000: 1000111111111111111111111111111110001111111111111111111111111111 1011111111011111111101111111110111111111011111111111111111110111 1111101011110000011000100000100000101111100111110111010001001000 1111101000000011101100001010000001110111110010110000011000011111 0000000010000100001000000000010010000100000000000000000000000000 0000000001110000000000000111000000000000000000000000000000000000
00:31:09.204.613 INFO root: trail ~0000101100001101 -> 0111000000001101: 1111111111111111010011111111111111111111111111110010111111111111 1111110111111011011111111101111111111111111111011101111111111111 0110010100100100111111111111100100000100010111111000010010000000 0011101000000011101111011011011100000000010011010101010110110001 0000000001000000000000000000000100000000000000010011001000000000 0000000001110000000000000000000000000000000000000000000011010000
00:31:09.205.614 INFO root: trail ~0111000000001101 -> 0000000001110111: 1000111111111111111111111111111111111111111111110010111111111111 1111111011111111011111111111111011111111110111011111101111111111 1111010010100101111100101000101010100100111100011111001000100010 0111011111011010110000001101111101110111110100000000000001010010 0000000000000000000000010010000000000000001001001000000000001000 0000000000000000000000000000000000000000011100000000000001110000
00:31:09.205.614 INFO root: trail ~0000000001111101 -> 0000011110110000: 1111111111111111111111111111111110001111111111110010111111111111 1111111101111111011111011111111111111111111111111111111110101101 1111111100101000111101000000010100011100001011111000011011110101 1111011100000111000001111101000011011100111110110111000011010000 0100000000000000010000000000000000000010100000000000000010000001 0000000000000000000000000111000000000000101100000000000000000000
00:31:09.206.615 INFO root: trail ~0000101101110000 -> 1101011100000000: 1111111111111111010011111111111110001111111111111111111111111111 1111111101111111111110111111111111111101111111111010111111111101 1111001011110101100000101011111101001111010011110010000010000001 0111011110110111111011011100111111010011000000000001000001110000 0000000000100010000100000000000100100100000000000000000000000000 0000000011010000000000000111000000000000000000000000000000000000
00:31:09.207.616 INFO root: trail ~0111010100000000 -> 1101000000001011: 1000111111111111101011111111111111111111111111111111111111111111 1110111111110111111111110111101111111111111111111111101111111111 1111010010001000001101001001011011111111111100101000100111100001 0111000011010111010101101101011100011111011111010000000100001110 0000010000000000000000001000100000100000000001000000100000000000 0000000011010000000000000000000000000000000000000000000010110000
00:31:09.207.616 INFO root: end
