00:00:05.635.344 INFO root: starting at 2021-09-13.18:47:56
00:00:05.635.344 INFO root: I = 3 J = 1:
00:00:05.636.345 INFO root: ~0000010100000111 -> 0111100100000000:
00:00:05.637.346 INFO root:    1111111111111111111111111111101011111111111111111111111111111000
00:00:05.637.346 INFO root:    0111111111011111111111011111011011111111111111111111111111111111
00:00:05.637.346 INFO root:    1000111100100010110001000101010011111000111111110010110000101101
00:00:05.638.347 INFO root:    0000110001110000101100001000101110111000110111011101011111011010
00:00:05.638.347 INFO root:    0000010000010000000000000010100000000000000000000010000000000000
00:00:05.638.347 INFO root:    0000011100000000000010010000000000000000000000000000000000000000
00:00:07.397.106 INFO root: load .cache/SboxDivision.full_dppt.self_sbox0F7EC76E48F1C66A.args_068BA53CAF4BB89BC84341E5E0A9E860E078799A9E9F3CD8F2B19C3FC4CEC936 succeeded
00:00:09.812.521 INFO root: load .cache/SboxDivision.full_dppt.self_sbox97CD3E51D99FE8E5.args_068BA53CAF4BB89BC84341E5E0A9E860E078799A9E9F3CD8F2B19C3FC4CEC936 succeeded
00:00:12.003.712 INFO root: load .cache/SboxDivision.full_dppt.self_sboxFA83BF4B256071FB.args_068BA53CAF4BB89BC84341E5E0A9E860E078799A9E9F3CD8F2B19C3FC4CEC936 succeeded
00:00:17.795.504 INFO root: load .cache/SboxDivision.full_dppt.self_sboxB5083D73B8917F33.args_068BA53CAF4BB89BC84341E5E0A9E860E078799A9E9F3CD8F2B19C3FC4CEC936 succeeded
00:00:22.220.929 INFO root: verify ok! 8 SuperSboxes 12 MixColumns
00:00:22.221.930 INFO root: ~1101000000000110 -> 0000101100001100:
00:00:22.222.931 INFO root:    1111111111110010111111111111111111111111111111111111111111111001
00:00:22.222.931 INFO root:    1111111111111111111111110111001111111101111111110111111111111111
00:00:22.222.931 INFO root:    1001100111110010010010110010100010001000011011111111111101001000
00:00:22.223.932 INFO root:    1101101110110000011010000000110110111000011011010111000010111101
00:00:22.223.932 INFO root:    0010000000100000000000000000000000100000000000000000010000000100
00:00:22.223.932 INFO root:    0000000000000000000010110000000000000000000000000000110000000000
00:00:35.671.380 INFO root: verify ok! 8 SuperSboxes 12 MixColumns
00:00:35.672.381 INFO root: ~1101001100000000 -> 0101110100000000:
00:00:35.672.381 INFO root:    1111111111110010111111111111110011111111111111111111111111111111
00:00:35.672.381 INFO root:    1111111101111011111111111111111101111101111111111101111111111111
00:00:35.673.382 INFO root:    0000100011111111001011111000110110001000010000101111100010000010
00:00:35.673.382 INFO root:    1111000011011101010110111100000000000000000001111010110010011101
00:00:35.673.382 INFO root:    0000000110000000000000000000100000100000000000001000000000000000
00:00:35.674.383 INFO root:    0000010100000000000011010000000000000000000000000000000000000000
00:00:46.640.349 INFO root: verify ok! 8 SuperSboxes 12 MixColumns
00:00:46.641.350 INFO root: ~0000000000111011 -> 0000011101110000:
00:00:46.641.350 INFO root:    1111111111111111111111111111111111111111111111001111111111110100
00:00:46.642.351 INFO root:    0111111111111111111011111111110111111111111111111111110110111111
00:00:46.642.351 INFO root:    1000111110111000100000110010111110000100010011010100110111111010
00:00:46.642.351 INFO root:    0001101110111111000010110000000011011101010101110000101110110110
00:00:46.643.352 INFO root:    0000000010001000000100000000100000000001000000000000000100000000
00:00:46.643.352 INFO root:    0000000000000000000001110000000000000111000000000000000000000000
00:00:58.341.050 INFO root: verify ok! 8 SuperSboxes 12 MixColumns
00:00:58.343.052 INFO root: ~1011110000000000 -> 0000000010110111:
00:00:58.343.052 INFO root:    1111111111110100111111111111001111111111111111111111111111111111
00:00:58.343.052 INFO root:    1111111101111101111111111111111111110111111111111011111111111011
00:00:58.344.053 INFO root:    0001111100111000111110011000111111111000111101001000010000100000
00:00:58.344.053 INFO root:    1110000010100000110100110100011111011101000001010111010011001111
00:00:58.344.053 INFO root:    1000000000001000000100000000000000001000100000000000000000001000
00:00:58.345.054 INFO root:    0000000000000000000000000000000000001011000000000000011100000000
00:01:10.028.737 INFO root: verify ok! 8 SuperSboxes 12 MixColumns
00:01:10.028.737 INFO root: ~0000000001111100 -> 1011000001110000:
00:01:10.029.738 INFO root:    1111111111111111111111111111111111111111111110001111111111110011
00:01:10.029.738 INFO root:    1101011111111111111111111111111111111111011111011111111111011111
00:01:10.029.738 INFO root:    1001001000111111111111111101010000100111011111011100001100010100
00:01:10.030.739 INFO root:    1001000000001011101110111111001100001011110111011100101101111110
00:01:10.030.739 INFO root:    0000000000000001000000000010000000000010000001001000000001000000
00:01:10.030.739 INFO root:    0000101100000000000000000000000000000111000000000000000000000000
00:01:22.821.530 INFO root: verify ok! 8 SuperSboxes 12 MixColumns
00:01:22.822.531 INFO root: ~0000000011011011 -> 0000011100000101:
00:01:22.823.532 INFO root:    1111111111111111111111111111111111111111111100101111111111110100
00:01:22.823.532 INFO root:    0111111111111111101111111111111111111111110110111111110111011111
00:01:22.824.533 INFO root:    1111111100000101000000100010111110001111111111000010000101000100
00:01:22.824.533 INFO root:    0011011110110111011001011101110100000000111000000100001111100001
00:01:22.824.533 INFO root:    0000000000100000000000000000000000100000010000000000100000000010
00:01:22.825.534 INFO root:    0000000000000000000001110000000000000000000000000000010100000000
00:01:38.370.079 INFO root: verify ok! 8 SuperSboxes 12 MixColumns
00:01:38.371.080 INFO root: ~0000110110110000 -> 1101000011000000:
00:01:38.371.080 INFO root:    1111111111111111111111111111001011111111111101001111111111111111
00:01:38.371.080 INFO root:    1111111101111111011101111111111111111111111101111111111101111101
00:01:38.372.081 INFO root:    0010100011110000100011110101111100100010111010001111001000001000
00:01:38.372.081 INFO root:    0000101101110000000001111100011100000000011101100000101111011111
00:01:38.372.081 INFO root:    0000100000000010000000000001000000000000000001000000000000010000
00:01:38.373.082 INFO root:    0000110100000000000000000000000000001100000000000000000000000000
00:01:51.014.723 INFO root: verify ok! 8 SuperSboxes 12 MixColumns
00:01:51.015.724 INFO root: ~1011000000000111 -> 0000110111010000:
00:01:51.015.724 INFO root:    1111111111110100111111111111111111111111111111111111111111111000
00:01:51.016.725 INFO root:    0111111111110111111111111111110111111011011111111011111111111111
00:01:51.016.725 INFO root:    0111110101111000000010101111101111111111001011110010011010000000
00:01:51.016.725 INFO root:    1010111001110101111011010000000001110110011011011001101010111101
00:01:51.017.726 INFO root:    0000000000000000001000000000100000100001000000000000010010000000
00:01:51.017.726 INFO root:    0000000000000000000011010000000000001101000000000000000000000000
00:02:04.531.240 INFO root: verify ok! 8 SuperSboxes 12 MixColumns
00:02:04.532.241 INFO root: ~1100110100000000 -> 1101000000000111:
00:02:04.532.241 INFO root:    1111111111110011111111111111001011111111111111111111111111111111
00:02:04.533.242 INFO root:    1111111111110111111110111011111111011111111111111111111111111011
00:02:04.533.242 INFO root:    0101100001000000001000100101001000101111111110001111001110011111
00:02:04.534.242 INFO root:    0010011101111100000001101011111100000000111001011010101111100000
00:02:04.534.243 INFO root:    0010010000000000000000001000000000000000001000100000000000000100
00:02:04.534.243 INFO root:    0000110100000000000000000000000000000000000000000000011100000000
00:02:19.515.224 INFO root: verify ok! 8 SuperSboxes 12 MixColumns
00:02:19.516.225 INFO root: ~0000011100001011 -> 0111000000001011:
00:02:19.516.225 INFO root:    1111111111111111111111111111100011111111111111111111111111110100
00:02:19.517.226 INFO root:    1011111101111111111101111111101111111111111111111111110111110111
00:02:19.517.226 INFO root:    0010001010000001100111111111001000110000010001001111110000100100
00:02:19.518.227 INFO root:    0111010000000000111111011100100000000000101100010101000011111011
00:02:19.518.227 INFO root:    1000100000000000000000000100000000000000010000001000000000000010
00:02:19.518.227 INFO root:    0000011100000000000000000000000000000000000000000000101100000000
00:02:30.672.381 INFO root: verify ok! 8 SuperSboxes 12 MixColumns
00:02:30.673.382 INFO root: ~1011000000001010 -> 1101000000001011:
00:02:30.673.382 INFO root:    1111111111110100111111111111111111111111111111111111111111110101
00:02:30.673.382 INFO root:    0111111111111101111111110111111111111101111011111111111111111111
00:02:30.674.383 INFO root:    0010111100011111001101001110010101011011100000101111111100100010
00:02:30.674.383 INFO root:    0000111101111110100100000100011101111101000010111011010010111110
00:02:30.674.383 INFO root:    0000001000000000000001000000000000000000001000101000000000001000
00:02:30.675.384 INFO root:    0000110100000000000000000000000000000000000000000000101100000000
00:02:44.218.927 INFO root: verify ok! 8 SuperSboxes 12 MixColumns
00:02:44.219.928 INFO root: ~0000000010111011 -> 0000110100000111:
00:02:44.219.928 INFO root:    1111111111111111111111111111111111111111111101001111111111110100
00:02:44.220.929 INFO root:    0111110111111111101111111111111011111111110111101111111111111111
00:02:44.220.929 INFO root:    0000111100010100100010001111010100110100111101001111100011111000
00:02:44.220.929 INFO root:    0000011100001100110101110011000010110111011111110000110111010000
00:02:44.221.930 INFO root:    0000000000000000000000100000000100010000001000000000001000000100
00:02:44.221.930 INFO root:    0000000000000000000011010000000000000000000000000000011100000000
00:02:55.963.672 INFO root: verify ok! 8 SuperSboxes 12 MixColumns
00:02:55.964.673 INFO root: ~1011000000000111 -> 0111000011010000:
00:02:55.965.674 INFO root:    1111111111110100111111111111111111111111111111111111111111111000
00:02:55.965.674 INFO root:    0111111111111101111111110111011111110111111111111111101111111111
00:02:55.965.674 INFO root:    1000001011110001010111110010101011110000010010000010010001000100
00:02:55.966.675 INFO root:    1101010010110000011111111010000011111010111100000000000000000000
00:02:55.966.675 INFO root:    0000010000000000010000000010000000000010000000000010000000100000
00:02:55.966.675 INFO root:    0000011100000000000000000000000000001101000000000000000000000000
00:03:06.974.683 INFO root: verify ok! 8 SuperSboxes 12 MixColumns
00:03:06.975.684 INFO root: ~0000110110110000 -> 0111000001110000:
00:03:06.975.684 INFO root:    1111111111111111111111111111001011111111111101001111111111111111
00:03:06.976.685 INFO root:    1111111101111111110101111111111111111111111101111111111110111101
00:03:06.976.685 INFO root:    1000111100010000100001000010011110000100101101001111001011111111
00:03:06.976.685 INFO root:    0111111101011101101101101110000001010000101100000000011110110000
00:03:06.977.686 INFO root:    0000010000000000010000000010000000000100000000100000000000010000
00:03:06.977.686 INFO root:    0000011100000000000000000000000000000111000000000000000000000000
00:03:18.499.208 INFO root: verify ok! 8 SuperSboxes 12 MixColumns
00:03:18.501.210 INFO root: ~0000000010110111 -> 1011100100000000:
00:03:18.501.210 INFO root:    1111111111111111111111111111111111111111111101001111111111111000
00:03:18.501.210 INFO root:    0111111111111111011111111111011111111111111101111111101111101111
00:03:18.502.211 INFO root:    1000011111011000000000100100000011111111111111111011001011111000
00:03:18.502.211 INFO root:    0111101110110000101110100111001100001011000000110111101011011011
00:03:18.502.211 INFO root:    0000100010000000000000000000000000000000000001001000010000000000
00:03:18.502.211 INFO root:    0000101100000000000010010000000000000000000000000000000000000000
00:03:30.066.775 INFO root: verify ok! 8 SuperSboxes 12 MixColumns
00:03:30.067.776 INFO root: ~1101101100000000 -> 0111110000000000:
00:03:30.068.777 INFO root:    1111111111110010111111111111010011111111111111111111111111111111
00:03:30.068.777 INFO root:    1111111111111101111111011110111101111111111111110111111111111101
00:03:30.068.777 INFO root:    1111111110011111001010111111001000000010011011000011001111110000
00:03:30.069.778 INFO root:    0000011100000111011100000011110110101001110101111011011111011011
00:03:30.069.778 INFO root:    0000000000000000000000000100001000000000000000011000010000000000
00:03:30.069.778 INFO root:    0000011100000000000011000000000000000000000000000000000000000000
00:03:45.450.159 INFO root: verify ok! 8 SuperSboxes 12 MixColumns
00:03:45.451.160 INFO root: ~0000011101110000 -> 1011000000000111:
00:03:45.452.161 INFO root:    1111111111111111111111111111100011111111111110001111111111111111
00:03:45.452.161 INFO root:    1111101111111111111111011111111111101111111111101111111111101110
00:03:45.453.162 INFO root:    1111111110110010111101000100010010010000111101001000100011110100
00:03:45.453.162 INFO root:    1111000000000000000001011011000011010111101111111011110110110110
00:03:45.454.163 INFO root:    0010100000000000000000000000000000000000001001001000000000000001
00:03:45.454.163 INFO root:    0000101100000000000000000000000000000000000000000000011100000000
00:03:59.488.197 INFO root: verify ok! 8 SuperSboxes 12 MixColumns
00:03:59.489.198 INFO root: ~0000101100000111 -> 1101000000001101:
00:03:59.489.198 INFO root:    1111111111111111111111111111010011111111111111111111111111111000
00:03:59.489.198 INFO root:    0111111101111111111111111111011101111111111111111111110111111011
00:03:59.490.199 INFO root:    0010111101100100000010001000111111110110101000011011100111110100
00:03:59.490.199 INFO root:    0000000001111000111111110000000011010111110010110111101101010110
00:03:59.490.199 INFO root:    1000010000000000000000100100000000000000000000000100000000000100
00:03:59.491.200 INFO root:    0000110100000000000000000000000000000000000000000000110100000000
00:04:12.572.281 INFO root: verify ok! 8 SuperSboxes 12 MixColumns
00:04:12.574.283 INFO root: ~0000000001111011 -> 1101010100000000:
00:04:12.575.284 INFO root:    1111111111111111111111111111111111111111111110001111111111110100
00:04:12.575.284 INFO root:    1011111111111111011111111111111111111111101101111111111011011111
00:04:12.576.285 INFO root:    0100111110001000001011110010111100100100111001011000100110000010
00:04:12.577.286 INFO root:    0111101000001110101100110000011110110001000011010000110100001101
00:04:12.577.286 INFO root:    0000010000000000000000000000000100000000000000100100100000000000
00:04:12.578.287 INFO root:    0000110100000000000001010000000000000000000000000000000000000000
00:04:27.437.146 INFO root: verify ok! 8 SuperSboxes 12 MixColumns
00:04:27.438.147 INFO root: ~0000110100000111 -> 0111000000001011:
00:04:27.438.147 INFO root:    1111111111111111111111111111001011111111111111111111111111111000
00:04:27.439.148 INFO root:    0111111101111111111110111111011111111111111011111111111111111101
00:04:27.439.148 INFO root:    0010010101000000001111110100111111111010000110001000100000110010
00:04:27.439.148 INFO root:    1011000001110101001001111110010111110100110001000000000010110000
00:04:27.440.149 INFO root:    0100100000000000000000000010000000000000001000001000000000000100
00:04:27.440.149 INFO root:    0000011100000000000000000000000000000000000000000000101100000000
00:04:38.659.368 INFO root: verify ok! 8 SuperSboxes 12 MixColumns
00:04:38.660.369 INFO root: ~0000101110110000 -> 0000110110110000:
00:04:38.660.369 INFO root:    1111111111111111111111111111010011111111111101001111111111111111
00:04:38.660.369 INFO root:    1111011111111111110110111111111111011111111111111111111111011011
00:04:38.661.370 INFO root:    1111111110001111000000000100001001001111111110111000011101000010
00:04:38.661.370 INFO root:    0111111000001110000000000000101001110111111110111101000011011101
00:04:38.661.370 INFO root:    0000000000100001000000000000100010000010000000000000000000010000
00:04:38.662.371 INFO root:    0000000000000000000011010000000000001011000000000000000000000000
00:04:49.689.398 INFO root: verify ok! 8 SuperSboxes 12 MixColumns
00:04:49.689.398 INFO root: verified 22 trails for I 3 J 1
00:04:49.690.399 INFO root: generating ANFs... I
00:04:49.915.624 INFO root: load .cache/SboxDivision.components_anf_closures.self_sboxC188DCAA77C45B94.args_0A482B9CD9E7EAF940EBCF3535BE3082A49F858505A0A6EA9511114359BB0EE6 succeeded
00:04:50.009.718 INFO root: unique masks 2021
00:04:50.009.718 INFO root: generating ANFs... J
00:04:50.472.180 INFO root: load .cache/SboxDivision.components_anf_closures.self_sbox57571A0BC333968E.args_0A482B9CD9E7EAF940EBCF3535BE3082A49F858505A0A6EA9511114359BB0EE6 succeeded
00:04:50.555.264 INFO root: unique masks 1785
00:04:50.556.265 INFO root: enumerating all mask pairs
00:05:01.381.090 INFO root: verified all masks for I 3 J 1
00:05:01.382.091 INFO root: VERIFIED I 3 J 1
