00:00:00.135.538 INFO root: added file handler at 2021-09-13.16:16:08
00:00:00.135.538 INFO root: columns 0 -> 0
00:00:01.571.974 INFO root: Constraints: 100101010
00:00:01.571.974 INFO root: cons_SSB_card = 1
00:00:01.571.974 INFO root: cons_SSB_box_lb = 0
00:00:01.571.975 INFO root: cons_SSB_box_ub = 0
00:00:01.571.975 INFO root: cons_SSB_lb = 1
00:00:01.572.975 INFO root: cons_SSB_ub = 0
00:00:01.572.975 INFO root: cons_MC_card = 1
00:00:01.572.975 INFO root: cons_MC_matching = 0
00:00:01.572.975 INFO root: cons_MC_lb = 1
00:00:01.572.976 INFO root: cons_MC_ub2 = 0
00:00:01.907.311 INFO root: full ssb
00:00:02.252.655 INFO root: load .cache/SboxDivision.components_anf_closures.self_sboxB3EE8018B75371CE.args_068BA53CAF4BB89BC84341E5E0A9E860E078799A9E9F3CD8F2B19C3FC4CEC936 succeeded
00:00:02.263.667 INFO root: anfsI 255
00:00:02.277.680 INFO root: load .cache/SboxDivision.components_anf_closures.self_sbox0F7EC76E48F1C66A.args_068BA53CAF4BB89BC84341E5E0A9E860E078799A9E9F3CD8F2B19C3FC4CEC936 succeeded
00:00:02.295.699 INFO root: anfsO 255
00:00:02.393.796 INFO root: load .cache/SboxDivision.cnf_lb.self_sbox391D96FD000E6C5B.args_068BA53CAF4BB89BC84341E5E0A9E860E078799A9E9F3CD8F2B19C3FC4CEC936 succeeded
00:00:05.114.517 INFO root: SSB round 2 column 0
00:00:06.446.849 INFO root: load .cache/SboxDivision.minimal_max.self_sbox0F7EC76E48F1C66A.args_068BA53CAF4BB89BC84341E5E0A9E860E078799A9E9F3CD8F2B19C3FC4CEC936 succeeded
00:00:14.373.776 INFO root: load .cache/SboxDivision.divcore.self_sbox0F7EC76E48F1C66A.args_068BA53CAF4BB89BC84341E5E0A9E860E078799A9E9F3CD8F2B19C3FC4CEC936 succeeded
00:00:20.545.948 INFO root: load .cache/SboxDivision.cnf_lb.self_sbox0F7EC76E48F1C66A.args_068BA53CAF4BB89BC84341E5E0A9E860E078799A9E9F3CD8F2B19C3FC4CEC936 succeeded
00:00:31.423.826 INFO root: SSB round 2 column 1
00:00:33.068.472 INFO root: load .cache/SboxDivision.minimal_max.self_sbox97CD3E51D99FE8E5.args_068BA53CAF4BB89BC84341E5E0A9E860E078799A9E9F3CD8F2B19C3FC4CEC936 succeeded
00:00:41.163.566 INFO root: load .cache/SboxDivision.divcore.self_sbox97CD3E51D99FE8E5.args_068BA53CAF4BB89BC84341E5E0A9E860E078799A9E9F3CD8F2B19C3FC4CEC936 succeeded
00:00:47.319.722 INFO root: load .cache/SboxDivision.cnf_lb.self_sbox97CD3E51D99FE8E5.args_068BA53CAF4BB89BC84341E5E0A9E860E078799A9E9F3CD8F2B19C3FC4CEC936 succeeded
00:00:58.145.549 INFO root: SSB round 2 column 2
00:00:59.646.049 INFO root: load .cache/SboxDivision.minimal_max.self_sboxFA83BF4B256071FB.args_068BA53CAF4BB89BC84341E5E0A9E860E078799A9E9F3CD8F2B19C3FC4CEC936 succeeded
00:01:07.674.078 INFO root: load .cache/SboxDivision.divcore.self_sboxFA83BF4B256071FB.args_068BA53CAF4BB89BC84341E5E0A9E860E078799A9E9F3CD8F2B19C3FC4CEC936 succeeded
00:01:13.746.150 INFO root: load .cache/SboxDivision.cnf_lb.self_sboxFA83BF4B256071FB.args_068BA53CAF4BB89BC84341E5E0A9E860E078799A9E9F3CD8F2B19C3FC4CEC936 succeeded
00:01:24.497.901 INFO root: SSB round 2 column 3
00:01:50.039.442 INFO root: SSB round 4 column 0
00:02:13.283.686 INFO root: SSB round 4 column 1
00:02:14.918.321 INFO root: load .cache/SboxDivision.minimal_max.self_sboxB5083D73B8917F33.args_068BA53CAF4BB89BC84341E5E0A9E860E078799A9E9F3CD8F2B19C3FC4CEC936 succeeded
00:02:23.904.307 INFO root: load .cache/SboxDivision.divcore.self_sboxB5083D73B8917F33.args_068BA53CAF4BB89BC84341E5E0A9E860E078799A9E9F3CD8F2B19C3FC4CEC936 succeeded
00:02:31.095.498 INFO root: load .cache/SboxDivision.cnf_lb.self_sboxB5083D73B8917F33.args_068BA53CAF4BB89BC84341E5E0A9E860E078799A9E9F3CD8F2B19C3FC4CEC936 succeeded
00:02:44.308.711 INFO root: SSB round 4 column 2
00:03:07.497.900 INFO root: SSB round 4 column 3
00:03:33.940.343 INFO root: mask pairs: 255 x 255 = 65025
00:03:33.940.343 INFO root: #trails 0 
00:03:33.941.344 INFO root: mask pair #1 / 65025: 0001000101100000 1011000100001010anfI_max <DenseSet hash=1735a206e35e2b44 n=16 wt=105 | 3:2 4:10 5:77 6:16> anfO_max <DenseSet hash=66132c061ab553ac n=16 wt=66 | 3:3 4:9 5:24 6:30>
00:03:42.565.969 INFO root: solving SAT...
00:03:58.364.767 INFO root: SAT solve time: 15.798144817352295
00:03:58.364.768 INFO root: SAT_times: 15.8 - 15.8, avg 15.8 med 15.8
00:03:58.365.768 INFO root: middle division transition ~0000110100001001 -> 0000000010110111 (~5 -> 6)
00:03:58.365.768 INFO root: mid transition: 0000110100001001 0000000010110111 5 6
00:03:58.365.769 INFO root: full trace:
00:03:58.366.769 INFO root: 1111 1111 1111 1111 0010 1111 1111 1111 1111 1111 1111 1111 0110 1111 1111 1111# initial
00:03:58.367.770 INFO root: 1111 1011 1111 1101 1111 1111 1101 1111 1111 1111 1111 1111 1101 1111 1101 1111# after SR MC SR
00:03:58.367.770 INFO root: 0100 0011 1000 1000 0001 1111 0100 1111 1111 0001 0100 1010 1111 1111 0110 0100# after SSB
00:03:58.368.771 INFO root: 0000 0000 1111 0000 0111 1011 0000 0011 1011 1101 1010 1101 0011 1101 0111 0111# after SR MC SR
00:03:58.368.772 INFO root: 0000 0000 0100 0000 1010 0000 0000 0100 0000 0000 0000 0000 0000 0010 0010 0000# after SSB
00:03:58.369.772 INFO root: 0000 0000 0000 0000 0000 0000 0000 0000 1011 0000 0000 0000 0111 0000 0000 0000# after SR MC SR
00:03:58.369.773 INFO root: 
00:03:58.370.773 INFO root: new trail: 0000110100001001 -> 0000000010110111
00:03:58.370.774 INFO root: #trails 1 
00:03:58.371.774 INFO root: mask pair #4 / 65025: 0000000101100111 0001101000000001anfI_max <DenseSet hash=1e30568ee05a594c n=16 wt=81 | 3:1 4:7 5:44 6:29> anfO_max <DenseSet hash=1eb7265b7a275614 n=16 wt=83 | 3:5 4:16 5:40 6:22>
00:04:05.972.376 INFO root: solving SAT...
00:04:44.252.655 INFO root: SAT solve time: 38.278892993927
00:04:44.253.656 INFO root: SAT_times: 15.8 - 38.3, avg 27.0 med 38.3
00:04:44.253.657 INFO root: middle division transition ~0000101111010000 -> 0000110000001101 (~6 -> 5)
00:04:44.254.657 INFO root: mid transition: 0000101111010000 0000110000001101 6 5
00:04:44.254.657 INFO root: full trace:
00:04:44.255.658 INFO root: 1111 1111 1111 1111 0100 1111 1111 1111 0010 1111 1111 1111 1111 1111 1111 1111# initial
00:04:44.255.659 INFO root: 1111 1111 1101 1011 1111 1011 1101 1111 0111 1111 1111 1111 0111 1111 1111 1111# after SR MC SR
00:04:44.256.660 INFO root: 1010 0010 0010 1111 1111 0100 0000 1000 0000 0110 1111 1111 1000 1111 1000 1111# after SSB
00:04:44.257.660 INFO root: 0111 0000 0000 0110 0111 1011 0111 1110 1101 1011 0011 0000 1110 1101 1011 0000# after SR MC SR
00:04:44.258.661 INFO root: 0000 0000 0000 0100 0010 0000 0100 0000 0000 0010 0000 0000 1000 0000 0000 0000# after SSB
00:04:44.258.662 INFO root: 0000 0000 0000 0000 1100 0000 0000 0000 0000 0000 0000 0000 1101 0000 0000 0000# after SR MC SR
00:04:44.259.662 INFO root: 
00:04:44.259.662 INFO root: new trail: 0000101111010000 -> 0000110000001101
00:04:44.260.663 INFO root: #trails 2 
00:04:44.260.664 INFO root: mask pair #10 / 65025: 0001011000000000 0000000000011010anfI_max <DenseSet hash=fa5ff23bf1fdb9a0 n=16 wt=74 | 4:7 5:37 6:30> anfO_max <DenseSet hash=ebf46623965bf8b9 n=16 wt=74 | 3:3 4:13 5:35 6:23>
00:04:52.214.618 INFO root: solving SAT...
00:05:37.170.574 INFO root: SAT solve time: 44.95535349845886
00:05:37.171.574 INFO root: SAT_times: 15.8 - 45.0, avg 33.0 med 38.3
00:05:37.171.575 INFO root: middle division transition ~0000101100000111 -> 1100101100000000 (~6 -> 5)
00:05:37.172.575 INFO root: mid transition: 0000101100000111 1100101100000000 6 5
00:05:37.172.575 INFO root: full trace:
00:05:37.172.576 INFO root: 1111 1111 1111 1111 0100 1111 1111 1111 1111 1111 1111 1111 1000 1111 1111 1111# initial
00:05:37.173.576 INFO root: 1111 0111 1111 1011 1111 1111 1101 1111 1111 1111 1111 0111 1101 1111 1110 1111# after SR MC SR
00:05:37.174.577 INFO root: 1100 1111 0000 0000 1111 0101 0011 1111 0001 0100 1111 0010 1111 1000 1111 0100# after SSB
00:05:37.174.578 INFO root: 1111 1101 1011 0111 0011 0000 0000 0000 0000 1101 0110 0111 0111 0111 1101 1011# after SR MC SR
00:05:37.175.578 INFO root: 0010 0100 0000 0000 0000 0000 0000 0000 0000 0000 0010 0100 0010 0000 0000 0000# after SSB
00:05:37.175.579 INFO root: 1100 0000 0000 0000 1011 0000 0000 0000 0000 0000 0000 0000 0000 0000 0000 0000# after SR MC SR
00:05:37.176.579 INFO root: 
00:05:37.176.579 INFO root: new trail: 0000101100000111 -> 1100101100000000
00:05:37.177.580 INFO root: #trails 3 
00:05:37.177.581 INFO root: mask pair #16 / 65025: 0110011100010000 0001101010111010anfI_max <DenseSet hash=259a9d5fa58ffd44 n=16 wt=79 | 3:3 4:8 5:42 6:26> anfO_max <DenseSet hash=9ccbba0f79827bb7 n=16 wt=76 | 3:6 4:9 5:42 6:19>
00:05:45.036.439 INFO root: solving SAT...
00:06:19.161.564 INFO root: SAT solve time: 34.124945402145386
00:06:19.162.565 INFO root: SAT_times: 15.8 - 45.0, avg 33.3 med 38.3
00:06:19.162.565 INFO root: middle division transition ~0000101101110000 -> 0111000000000111 (~6 -> 6)
00:06:19.162.566 INFO root: mid transition: 0000101101110000 0111000000000111 6 6
00:06:19.163.566 INFO root: full trace:
00:06:19.163.566 INFO root: 1111 1111 1111 1111 0100 1111 1111 1111 1000 1111 1111 1111 1111 1111 1111 1111# initial
00:06:19.164.567 INFO root: 1111 1111 0111 1011 1111 1111 1111 1111 0111 0111 1111 1111 1011 1111 1111 0111# after SR MC SR
00:06:19.164.568 INFO root: 1111 0010 0110 1111 0000 0010 0100 0001 0100 1111 1110 1111 0100 1110 1111 0000# after SSB
00:06:19.165.568 INFO root: 0000 1001 0000 1011 0000 1101 1101 1010 1011 1110 1011 1101 1110 1101 1001 1000# after SR MC SR
00:06:19.165.569 INFO root: 1000 0000 0000 1000 0000 0001 0000 0000 0000 0010 0000 0000 0000 0000 1000 1000# after SSB
00:06:19.166.569 INFO root: 0111 0000 0000 0000 0000 0000 0000 0000 0000 0000 0000 0000 0111 0000 0000 0000# after SR MC SR
00:06:19.166.569 INFO root: 
00:06:19.166.570 INFO root: new trail: 0000101101110000 -> 0111000000000111
00:06:19.167.570 INFO root: #trails 4 
00:06:19.168.571 INFO root: mask pair #17 / 65025: 0111011101100111 1010000010110000anfI_max <DenseSet hash=f23a84863ac76418 n=16 wt=92 | 3:2 4:9 5:55 6:26> anfO_max <DenseSet hash=1a8dfb26200531c3 n=16 wt=75 | 3:5 4:22 5:30 6:18>
00:06:27.288.692 INFO root: solving SAT...
00:07:02.061.464 INFO root: SAT solve time: 34.77209830284119
00:07:02.061.465 INFO root: SAT_times: 15.8 - 45.0, avg 33.6 med 34.8
00:07:02.062.465 INFO root: middle division transition ~1011110100000000 -> 0000101100000111 (~6 -> 6)
00:07:02.062.465 INFO root: mid transition: 1011110100000000 0000101100000111 6 6
00:07:02.062.466 INFO root: full trace:
00:07:02.063.466 INFO root: 0100 1111 1111 1111 0010 1111 1111 1111 1111 1111 1111 1111 1111 1111 1111 1111# initial
00:07:02.063.467 INFO root: 1101 1111 1111 1111 1111 1111 1011 1011 1111 1011 0111 1111 1101 1111 1111 1111# after SR MC SR
00:07:02.064.467 INFO root: 1000 1100 0000 0110 1111 1111 1111 0100 0010 1111 0111 1000 0000 1000 1100 1111# after SSB
00:07:02.064.468 INFO root: 1100 1011 0000 0111 0000 1101 0111 1011 0000 1110 1111 0110 1110 1110 0011 0000# after SR MC SR
00:07:02.065.468 INFO root: 0000 1000 0000 0000 0010 0000 0100 0000 0000 1000 0000 0010 0000 0000 0100 0000# after SSB
00:07:02.066.469 INFO root: 0000 0000 0000 0000 1011 0000 0000 0000 0000 0000 0000 0000 0111 0000 0000 0000# after SR MC SR
00:07:02.066.469 INFO root: 
00:07:02.066.470 INFO root: new trail: 1011110100000000 -> 0000101100000111
00:07:02.067.470 INFO root: #trails 5 
00:07:02.067.471 INFO root: mask pair #31 / 65025: 0110011101110111 1011101100000001anfI_max <DenseSet hash=4d784acf88b99f10 n=16 wt=96 | 3:3 4:16 5:54 6:23> anfO_max <DenseSet hash=5ae8280722275ffa n=16 wt=84 | 3:6 4:17 5:40 6:21>
00:07:11.184.587 INFO root: solving SAT...
00:07:48.072.475 INFO root: SAT solve time: 36.88714957237244
00:07:48.072.475 INFO root: SAT_times: 15.8 - 45.0, avg 34.1 med 36.9
00:07:48.072.476 INFO root: middle division transition ~0101011100000000 -> 1011000011010000 (~5 -> 6)
00:07:48.073.476 INFO root: mid transition: 0101011100000000 1011000011010000 5 6
00:07:48.073.476 INFO root: full trace:
00:07:48.073.477 INFO root: 1010 1111 1111 1111 1000 1111 1111 1111 1111 1111 1111 1111 1111 1111 1111 1111# initial
00:07:48.074.477 INFO root: 1111 1111 1111 0111 1111 1111 1111 1111 1111 0111 1101 1111 1101 0111 1111 1111# after SR MC SR
00:07:48.074.477 INFO root: 1111 1000 0010 0100 0101 1000 0101 0110 1111 1011 1000 0100 1111 0100 1111 1111# after SSB
00:07:48.075.478 INFO root: 0100 0000 0110 1101 1011 1011 0111 0111 1101 1111 1101 1011 0000 0111 0110 0000# after SR MC SR
00:07:48.075.478 INFO root: 0000 0000 1000 0000 0000 1000 0000 0000 1000 0000 0001 0000 0000 0010 0000 1000# after SSB
00:07:48.075.479 INFO root: 1011 0000 0000 0000 0000 0000 0000 0000 1101 0000 0000 0000 0000 0000 0000 0000# after SR MC SR
00:07:48.076.479 INFO root: 
00:07:48.076.479 INFO root: new trail: 0101011100000000 -> 1011000011010000
00:07:48.076.480 INFO root: #trails 6 
00:07:48.077.480 INFO root: mask pair #48 / 65025: 0111000100010001 1010000110111011anfI_max <DenseSet hash=ab734f87dee7a161 n=16 wt=106 | 3:3 4:11 5:70 6:22> anfO_max <DenseSet hash=3bfe76d0150354cf n=16 wt=78 | 3:3 4:19 5:28 6:28>
00:07:56.490.894 INFO root: solving SAT...
00:08:41.236.639 INFO root: SAT solve time: 44.744962215423584
00:08:41.236.639 INFO root: SAT_times: 15.8 - 45.0, avg 35.7 med 36.9
00:08:41.237.640 INFO root: middle division transition ~1011000010110000 -> 0000011101110000 (~6 -> 6)
00:08:41.237.640 INFO root: mid transition: 1011000010110000 0000011101110000 6 6
00:08:41.237.640 INFO root: full trace:
00:08:41.238.641 INFO root: 0100 1111 1111 1111 1111 1111 1111 1111 0100 1111 1111 1111 1111 1111 1111 1111# initial
00:08:41.238.641 INFO root: 0111 1111 0111 1111 1111 1111 1111 1011 0111 1111 1111 1111 1111 1011 1111 1101# after SR MC SR
00:08:41.239.642 INFO root: 0000 0010 1111 0110 0010 0011 0100 0010 0010 0100 0101 0000 1111 1111 0100 1111# after SSB
00:08:41.239.643 INFO root: 0101 1011 1101 0000 1101 0000 1000 0100 1011 1111 1010 0000 0000 1011 0000 1111# after SR MC SR
00:08:41.240.643 INFO root: 0000 0100 0010 0000 0000 0000 0000 1000 0000 0000 0000 0010 0100 0100 0000 0000# after SSB
00:08:41.241.644 INFO root: 0000 0000 0000 0000 0111 0000 0000 0000 0111 0000 0000 0000 0000 0000 0000 0000# after SR MC SR
00:08:41.241.644 INFO root: 
00:08:41.241.644 INFO root: new trail: 1011000010110000 -> 0000011101110000
00:08:41.242.645 INFO root: #trails 7 
00:08:41.243.646 INFO root: mask pair #59 / 65025: 0001011000010110 0000101000010000anfI_max <DenseSet hash=147dadc3b536282f n=16 wt=115 | 3:4 4:20 5:75 6:16> anfO_max <DenseSet hash=3e7d34c5a264724d n=16 wt=69 | 3:1 4:6 5:23 6:39>
00:08:49.344.748 INFO root: solving SAT...
00:09:22.692.096 INFO root: SAT solve time: 33.347371339797974
00:09:22.693.096 INFO root: SAT_times: 15.8 - 45.0, avg 35.4 med 36.9
00:09:22.693.097 INFO root: middle division transition ~0000000011011011 -> 1101000000001101 (~6 -> 6)
00:09:22.694.097 INFO root: mid transition: 0000000011011011 1101000000001101 6 6
00:09:22.694.097 INFO root: full trace:
00:09:22.694.098 INFO root: 1111 1111 1111 1111 1111 1111 1111 1111 0010 1111 1111 1111 0100 1111 1111 1111# initial
00:09:22.695.098 INFO root: 1111 1101 1110 1111 1101 1111 1111 1111 1101 1111 1111 1011 1111 1111 1111 1101# after SR MC SR
00:09:22.696.099 INFO root: 0101 1111 1111 0010 0000 1111 1111 0000 1111 0001 0010 1111 1000 0100 1000 0100# after SSB
00:09:22.696.099 INFO root: 0000 0111 1011 0000 1111 0000 0000 1100 0111 0000 1111 0111 1101 0101 1011 1011# after SR MC SR
00:09:22.697.100 INFO root: 1000 0000 0000 0000 1000 0000 0000 0000 0000 0001 1000 0000 0000 0000 0010 0100# after SSB
00:09:22.697.100 INFO root: 1101 0000 0000 0000 0000 0000 0000 0000 0000 0000 0000 0000 1101 0000 0000 0000# after SR MC SR
00:09:22.697.101 INFO root: 
00:09:22.698.101 INFO root: new trail: 0000000011011011 -> 1101000000001101
00:09:22.699.102 INFO root: #trails 8 
00:09:22.699.102 INFO root: mask pair #83 / 65025: 0000000101100110 0001101100000000anfI_max <DenseSet hash=9e7fdd463a45db21 n=16 wt=85 | 3:3 4:7 5:46 6:29> anfO_max <DenseSet hash=15a820b8b8862124 n=16 wt=90 | 3:4 4:22 5:46 6:18>
00:09:30.777.180 INFO root: solving SAT...
00:10:12.578.981 INFO root: SAT solve time: 41.799747705459595
00:10:12.578.981 INFO root: SAT_times: 15.8 - 45.0, avg 36.1 med 36.9
00:10:12.579.982 INFO root: middle division transition ~0111110100000000 -> 0000000010110111 (~6 -> 6)
00:10:12.579.982 INFO root: mid transition: 0111110100000000 0000000010110111 6 6
00:10:12.579.982 INFO root: full trace:
00:10:12.580.983 INFO root: 1000 1111 1111 1111 0010 1111 1111 1111 1111 1111 1111 1111 1111 1111 1111 1111# initial
00:10:12.580.984 INFO root: 1111 1111 1111 0111 1111 1111 0111 1101 1111 1101 0110 1111 1111 1111 1111 1111# after SR MC SR
00:10:12.581.984 INFO root: 1111 0100 0000 1000 1111 0100 1011 1000 1111 0100 1111 1111 1111 1111 1111 0000# after SSB
00:10:12.581.985 INFO root: 0000 1101 0000 1011 1011 1011 1111 1011 0111 0000 0111 0111 1011 1101 1101 1011# after SR MC SR
00:10:12.582.985 INFO root: 0000 0000 1000 0010 0000 0000 0000 0010 0100 0100 0000 0000 0000 0000 0100 0000# after SSB
00:10:12.582.986 INFO root: 0000 0000 0000 0000 0000 0000 0000 0000 1011 0000 0000 0000 0111 0000 0000 0000# after SR MC SR
00:10:12.583.986 INFO root: 
00:10:12.583.986 INFO root: new trail: 0111110100000000 -> 0000000010110111
00:10:12.584.987 INFO root: #trails 9 
00:10:12.584.987 INFO root: mask pair #88 / 65025: 0110011001110111 1011101100011010anfI_max <DenseSet hash=b887579a659448f9 n=16 wt=116 | 3:4 4:33 5:66 6:13> anfO_max <DenseSet hash=d17d8201d8a74bdb n=16 wt=78 | 3:5 4:22 5:26 6:25>
00:10:20.437.840 INFO root: solving SAT...
00:11:06.002.406 INFO root: SAT solve time: 45.564865827560425
00:11:06.003.406 INFO root: SAT_times: 15.8 - 45.6, avg 37.0 med 38.3
00:11:06.004.407 INFO root: middle division transition ~0000110110110000 -> 0000000001110111 (~6 -> 6)
00:11:06.004.407 INFO root: mid transition: 0000110110110000 0000000001110111 6 6
00:11:06.004.407 INFO root: full trace:
00:11:06.005.408 INFO root: 1111 1111 1111 1111 0010 1111 1111 1111 0100 1111 1111 1111 1111 1111 1111 1111# initial
00:11:06.006.409 INFO root: 1111 1111 0111 1101 1111 0111 1110 1111 1110 1111 1111 1111 1011 1111 1111 1111# after SR MC SR
00:11:06.006.410 INFO root: 1100 0101 1111 0010 0001 1111 1111 1111 0010 0111 0000 0011 0100 0101 1000 1100# after SSB
00:11:06.007.410 INFO root: 0100 1101 0000 0000 0000 1111 1101 0111 0111 0000 0010 0111 1101 0111 1011 1111# after SR MC SR
00:11:06.007.411 INFO root: 0000 0000 0000 0010 0000 0000 0000 1000 0100 0010 0000 0000 0000 1000 1000 0000# after SSB
00:11:06.008.411 INFO root: 0000 0000 0000 0000 0000 0000 0000 0000 0111 0000 0000 0000 0111 0000 0000 0000# after SR MC SR
00:11:06.008.412 INFO root: 
00:11:06.009.412 INFO root: new trail: 0000110110110000 -> 0000000001110111
00:11:06.010.413 INFO root: #trails 10 
00:11:06.010.414 INFO root: mask pair #117 / 65025: 0111000100000000 1011000100010001anfI_max <DenseSet hash=008e7887ec8cffa5 n=16 wt=96 | 3:8 4:21 5:51 6:16> anfO_max <DenseSet hash=2a6b0354e671c8d2 n=16 wt=79 | 3:1 4:16 5:36 6:26>
00:11:16.491.894 INFO root: solving SAT...
00:12:44.482.885 INFO root: SAT solve time: 87.99073386192322
00:12:44.483.886 INFO root: SAT_times: 15.8 - 88.0, avg 41.7 med 38.3
00:12:44.483.886 INFO root: middle division transition ~1101000000000111 -> 1101101100000000 (~6 -> 6)
00:12:44.483.887 INFO root: mid transition: 1101000000000111 1101101100000000 6 6
00:12:44.484.887 INFO root: full trace:
00:12:44.484.888 INFO root: 0010 1111 1111 1111 1111 1111 1111 1111 1111 1111 1111 1111 1000 1111 1111 1111# initial
00:12:44.485.888 INFO root: 1011 1110 1111 1111 1011 1111 1111 1101 1111 1111 1111 1111 1111 1011 1101 1111# after SR MC SR
00:12:44.485.889 INFO root: 0000 1000 1000 1011 1111 0001 0010 0010 1000 0011 1111 1111 1000 0010 0101 0100# after SSB
00:12:44.486.889 INFO root: 0000 1101 0111 0000 1011 0000 1011 0000 1000 1111 1011 0000 1111 0111 0001 0000# after SR MC SR
00:12:44.487.890 INFO root: 0010 1000 0000 0000 0000 0100 1000 0000 0000 0000 1000 0000 0100 0000 0000 0000# after SSB
00:12:44.487.891 INFO root: 1101 0000 0000 0000 1011 0000 0000 0000 0000 0000 0000 0000 0000 0000 0000 0000# after SR MC SR
00:12:44.488.891 INFO root: 
00:12:44.488.891 INFO root: new trail: 1101000000000111 -> 1101101100000000
00:12:44.489.892 INFO root: #trails 11 
00:12:44.490.893 INFO root: mask pair #132 / 65025: 0001000001110111 1011000110111011anfI_max <DenseSet hash=56d99468e25a1240 n=16 wt=88 | 3:3 4:9 5:46 6:30> anfO_max <DenseSet hash=8b362185f41d3530 n=16 wt=81 | 3:4 4:15 5:37 6:25>
00:12:52.563.966 INFO root: solving SAT...
00:13:40.023.427 INFO root: SAT solve time: 47.4597384929657
00:13:40.024.427 INFO root: SAT_times: 15.8 - 88.0, avg 42.1 med 41.8
00:13:40.024.428 INFO root: middle division transition ~1101000010110000 -> 1011000001110000 (~6 -> 6)
00:13:40.025.428 INFO root: mid transition: 1101000010110000 1011000001110000 6 6
00:13:40.025.428 INFO root: full trace:
00:13:40.026.429 INFO root: 0010 1111 1111 1111 1111 1111 1111 1111 0100 1111 1111 1111 1111 1111 1111 1111# initial
00:13:40.026.429 INFO root: 1101 1111 1011 1111 1111 1111 1111 0111 1011 1111 1111 1111 1111 0111 1111 0111# after SR MC SR
00:13:40.027.430 INFO root: 0100 1111 1100 0100 0010 0100 0010 1000 0101 0010 0100 0101 0010 0100 1111 1000# after SSB
00:13:40.027.430 INFO root: 0000 1010 1011 1100 1101 0000 0001 0111 1101 0101 0000 1001 1010 0001 1000 0000# after SR MC SR
00:13:40.028.431 INFO root: 1100 0000 0010 0000 0000 0000 0000 0000 0000 0000 0000 0000 0000 0101 0000 0100# after SSB
00:13:40.028.431 INFO root: 1011 0000 0000 0000 0000 0000 0000 0000 0111 0000 0000 0000 0000 0000 0000 0000# after SR MC SR
00:13:40.028.432 INFO root: 
00:13:40.029.432 INFO root: new trail: 1101000010110000 -> 1011000001110000
00:13:40.031.434 INFO root: #trails 12 
00:13:40.031.434 INFO root: mask pair #205 / 65025: 0000011100000000 1010000000000000anfI_max <DenseSet hash=180867645060661f n=16 wt=68 | 3:5 4:16 5:16 6:31> anfO_max <DenseSet hash=4d700f45c27717be n=16 wt=76 | 3:9 4:32 5:27 6:8>
00:13:47.749.152 INFO root: solving SAT...
00:15:35.650.054 INFO root: SAT solve time: 107.90113186836243
00:15:35.651.054 INFO root: SAT_times: 15.8 - 107.9, avg 47.2 med 41.8
00:15:35.651.054 INFO root: middle division transition ~1101110100000000 -> 1011011100000000 (~6 -> 6)
00:15:35.652.055 INFO root: mid transition: 1101110100000000 1011011100000000 6 6
00:15:35.652.055 INFO root: full trace:
00:15:35.652.055 INFO root: 0010 1111 1111 1111 0010 1111 1111 1111 1111 1111 1111 1111 1111 1111 1111 1111# initial
00:15:35.653.056 INFO root: 1111 1111 1111 1111 1111 1111 1110 1011 1111 1011 1101 1111 0111 1101 1111 1111# after SR MC SR
00:15:35.653.056 INFO root: 1111 0100 0100 1000 1111 0100 0000 0100 1000 0000 1111 1111 0111 1111 1111 0010# after SSB
00:15:35.653.057 INFO root: 0000 1001 1011 0000 1011 0000 1101 1111 0001 1101 0111 0000 1101 0111 1011 1011# after SR MC SR
00:15:35.654.057 INFO root: 0000 0000 0000 0000 0000 1000 0100 0000 0000 0000 0001 0100 1000 0000 0000 1000# after SSB
00:15:35.654.057 INFO root: 1011 0000 0000 0000 0111 0000 0000 0000 0000 0000 0000 0000 0000 0000 0000 0000# after SR MC SR
00:15:35.654.058 INFO root: 
00:15:35.655.058 INFO root: new trail: 1101110100000000 -> 1011011100000000
00:15:35.655.059 INFO root: #trails 13 
00:15:35.656.059 INFO root: mask pair #211 / 65025: 0110011001110111 0001000100000000anfI_max <DenseSet hash=b887579a659448f9 n=16 wt=116 | 3:4 4:33 5:66 6:13> anfO_max <DenseSet hash=cbdb95d6143c2555 n=16 wt=70 | 3:4 4:7 5:23 6:36>
00:15:43.425.828 INFO root: solving SAT...
00:16:10.209.613 INFO root: SAT solve time: 26.783848762512207
00:16:10.210.613 INFO root: SAT_times: 15.8 - 107.9, avg 45.7 med 41.8
00:16:10.210.614 INFO root: middle division transition ~1011000000001011 -> 1011000000000111 (~6 -> 6)
00:16:10.211.614 INFO root: mid transition: 1011000000001011 1011000000000111 6 6
00:16:10.211.614 INFO root: full trace:
00:16:10.211.614 INFO root: 0100 1111 1111 1111 1111 1111 1111 1111 1111 1111 1111 1111 0100 1111 1111 1111# initial
00:16:10.212.615 INFO root: 0111 0111 1111 1111 1111 1111 1111 1111 1111 1111 1110 1101 1111 1101 1101 1111# after SR MC SR
00:16:10.212.615 INFO root: 1100 1000 1011 0100 0100 1111 0001 1111 1111 0110 0110 1001 0010 0000 0010 0010# after SSB
00:16:10.213.616 INFO root: 0111 0111 1101 1101 0001 1001 0011 0100 1011 0000 1100 0100 0000 1101 0000 1110# after SR MC SR
00:16:10.213.616 INFO root: 1100 0000 0000 0010 0000 0000 0000 0000 0000 1000 0000 0000 0000 0000 0100 0100# after SSB
00:16:10.213.617 INFO root: 1011 0000 0000 0000 0000 0000 0000 0000 0000 0000 0000 0000 0111 0000 0000 0000# after SR MC SR
00:16:10.214.617 INFO root: 
00:16:10.214.617 INFO root: new trail: 1011000000001011 -> 1011000000000111
00:16:10.215.618 INFO root: #trails 14 
00:16:10.215.618 INFO root: mask pair #214 / 65025: 0000011000000000 1011000110100001anfI_max <DenseSet hash=cecad50aad4f61fc n=16 wt=62 | 3:5 4:9 5:19 6:29> anfO_max <DenseSet hash=4708b0dbf924f88e n=16 wt=86 | 3:2 4:21 5:41 6:22>
00:16:18.119.522 INFO root: solving SAT...
00:16:51.354.758 INFO root: SAT solve time: 33.23482155799866
00:16:51.355.758 INFO root: SAT_times: 15.8 - 107.9, avg 44.9 med 38.3
00:16:51.355.759 INFO root: middle division transition ~1101000011010000 -> 0000000010011101 (~6 -> 5)
00:16:51.356.759 INFO root: mid transition: 1101000011010000 0000000010011101 6 5
00:16:51.356.759 INFO root: full trace:
00:16:51.356.759 INFO root: 0010 1111 1111 1111 1111 1111 1111 1111 0010 1111 1111 1111 1111 1111 1111 1111# initial
00:16:51.357.760 INFO root: 1011 1111 0111 1111 1111 1110 1111 1101 1011 1111 1111 1111 1111 0111 1111 1111# after SR MC SR
00:16:51.357.760 INFO root: 1110 0100 1100 0100 1111 1000 0100 1000 0101 0001 1111 0100 0000 0010 0110 1111# after SSB
00:16:51.358.761 INFO root: 1011 0000 1000 0100 0111 0101 1011 1011 0000 1000 1101 0000 1110 1011 0000 0111# after SR MC SR
00:16:51.358.762 INFO root: 0000 0000 0000 0000 0100 0000 0000 0010 0001 0100 0000 0000 0000 0000 1000 0000# after SSB
00:16:51.359.762 INFO root: 0000 0000 0000 0000 0000 0000 0000 0000 1001 0000 0000 0000 1101 0000 0000 0000# after SR MC SR
00:16:51.359.762 INFO root: 
00:16:51.360.763 INFO root: new trail: 1101000011010000 -> 0000000010011101
00:16:51.361.764 INFO root: #trails 15 
00:16:51.362.765 INFO root: mask pair #243 / 65025: 0111000001110111 0000101110110001anfI_max <DenseSet hash=9700d8b61a5940a2 n=16 wt=80 | 3:2 4:9 5:40 6:29> anfO_max <DenseSet hash=ef8638eed3785e01 n=16 wt=93 | 3:7 4:29 5:39 6:18>
00:16:59.242.645 INFO root: solving SAT...
00:17:29.563.966 INFO root: SAT solve time: 30.320834398269653
00:17:29.564.967 INFO root: SAT_times: 15.8 - 107.9, avg 44.0 med 38.3
00:17:29.564.967 INFO root: middle division transition ~0000110100001011 -> 1101000000001011 (~6 -> 6)
00:17:29.564.968 INFO root: mid transition: 0000110100001011 1101000000001011 6 6
00:17:29.565.968 INFO root: full trace:
00:17:29.565.969 INFO root: 1111 1111 1111 1111 0010 1111 1111 1111 1111 1111 1111 1111 0100 1111 1111 1111# initial
00:17:29.566.969 INFO root: 1111 1111 1111 1111 1011 1111 1101 1111 1111 1100 1111 1101 1111 1111 1101 1111# after SR MC SR
00:17:29.567.970 INFO root: 0001 0010 0100 1111 1111 1111 1000 1100 0101 0010 0010 1100 1111 0010 1100 0010# after SSB
00:17:29.567.970 INFO root: 0000 1101 0000 1011 1010 0111 0111 1110 0111 1001 0101 0000 1110 1001 0111 0000# after SR MC SR
00:17:29.568.971 INFO root: 0010 0000 0000 0000 0001 0001 0000 0000 0000 0010 0000 0000 0000 0000 0100 0010# after SSB
00:17:29.568.971 INFO root: 1101 0000 0000 0000 0000 0000 0000 0000 0000 0000 0000 0000 1011 0000 0000 0000# after SR MC SR
00:17:29.568.972 INFO root: 
00:17:29.569.972 INFO root: new trail: 0000110100001011 -> 1101000000001011
00:17:29.571.974 INFO root: #trails 16 
00:17:29.571.974 INFO root: mask pair #295 / 65025: 0000011001110111 1010000000010001anfI_max <DenseSet hash=f732fb69616ff986 n=16 wt=97 | 3:3 4:18 5:50 6:26> anfO_max <DenseSet hash=1cb7c5bc033688cb n=16 wt=97 | 3:3 4:30 5:44 6:20>
00:17:37.321.724 INFO root: solving SAT...
00:18:19.650.053 INFO root: SAT solve time: 42.328508615493774
00:18:19.650.054 INFO root: SAT_times: 15.8 - 107.9, avg 43.9 med 38.3
00:18:19.651.054 INFO root: middle division transition ~0111000011010000 -> 0111000001110000 (~6 -> 6)
00:18:19.651.054 INFO root: mid transition: 0111000011010000 0111000001110000 6 6
00:18:19.651.055 INFO root: full trace:
00:18:19.652.055 INFO root: 1000 1111 1111 1111 1111 1111 1111 1111 0010 1111 1111 1111 1111 1111 1111 1111# initial
00:18:19.652.055 INFO root: 0111 1111 1110 1111 1111 1111 1111 1111 1011 1111 1110 1111 1111 1110 1111 0111# after SR MC SR
00:18:19.653.056 INFO root: 0100 0100 0100 1111 0010 1111 0100 1000 1000 1111 1101 0100 0001 1000 1000 0100# after SSB
00:18:19.653.056 INFO root: 1111 1011 0000 0110 0001 1110 0110 1011 0000 1110 0100 0000 1011 0010 0000 0100# after SR MC SR
00:18:19.653.057 INFO root: 1000 0000 0001 0000 0000 0100 0000 0000 0010 0000 0000 0000 0000 0100 0000 1000# after SSB
00:18:19.654.057 INFO root: 0111 0000 0000 0000 0000 0000 0000 0000 0111 0000 0000 0000 0000 0000 0000 0000# after SR MC SR
00:18:19.654.057 INFO root: 
00:18:19.654.057 INFO root: new trail: 0111000011010000 -> 0111000001110000
00:18:19.655.059 INFO root: #trails 17 
00:18:19.656.059 INFO root: mask pair #330 / 65025: 0001000000000000 0001101000011011anfI_max <DenseSet hash=c624d6a10178ac83 n=16 wt=78 | 3:11 4:28 5:28 6:11> anfO_max <DenseSet hash=b3eb1dad9ff66f3f n=16 wt=71 | 3:6 4:17 5:25 6:23>
00:18:27.940.344 INFO root: solving SAT...
00:19:04.291.694 INFO root: SAT solve time: 36.35017371177673
00:19:04.292.695 INFO root: SAT_times: 15.8 - 107.9, avg 43.5 med 38.3
00:19:04.292.695 INFO root: middle division transition ~0000101100001101 -> 0000000010111011 (~6 -> 6)
00:19:04.292.696 INFO root: mid transition: 0000101100001101 0000000010111011 6 6
00:19:04.293.696 INFO root: full trace:
00:19:04.293.696 INFO root: 1111 1111 1111 1111 0100 1111 1111 1111 1111 1111 1111 1111 0010 1111 1111 1111# initial
00:19:04.293.697 INFO root: 1111 1101 1111 1101 0111 1111 1101 1111 1111 1111 1111 1111 0111 1111 1011 1111# after SR MC SR
00:19:04.294.697 INFO root: 0000 0010 1111 1001 1111 1011 0010 1111 0010 1111 1100 1111 1010 1111 0000 0001# after SSB
00:19:04.294.698 INFO root: 1011 0000 1101 1101 1011 1011 0111 0000 1101 1101 0000 1101 0010 1011 1001 1111# after SR MC SR
00:19:04.295.698 INFO root: 0000 0000 0000 0100 1000 0000 0000 1000 1000 0000 0000 0000 0000 0010 0010 0000# after SSB
00:19:04.295.698 INFO root: 0000 0000 0000 0000 0000 0000 0000 0000 1011 0000 0000 0000 1011 0000 0000 0000# after SR MC SR
00:19:04.295.699 INFO root: 
00:19:04.295.699 INFO root: new trail: 0000101100001101 -> 0000000010111011
00:19:04.300.703 INFO root: #trails 18 
00:19:04.300.703 INFO root: mask pair #745 / 65025: 0111011100010110 0000000100000000anfI_max <DenseSet hash=ce61109cc95bba95 n=16 wt=77 | 3:2 4:9 5:29 6:37> anfO_max <DenseSet hash=e602ded485a2d8fc n=16 wt=77 | 3:5 4:19 5:42 6:11>
00:19:12.326.729 INFO root: solving SAT...
00:19:48.473.877 INFO root: SAT solve time: 36.14674353599548
00:19:48.474.877 INFO root: SAT_times: 15.8 - 107.9, avg 43.1 med 36.9
00:19:48.474.877 INFO root: middle division transition ~1101000000000111 -> 0111000010110000 (~6 -> 6)
00:19:48.474.878 INFO root: mid transition: 1101000000000111 0111000010110000 6 6
00:19:48.475.878 INFO root: full trace:
00:19:48.475.878 INFO root: 0010 1111 1111 1111 1111 1111 1111 1111 1111 1111 1111 1111 1000 1111 1111 1111# initial
00:19:48.476.879 INFO root: 1101 1101 1111 1111 1011 1111 1111 1111 1111 1111 1011 0111 1111 0111 1111 1111# after SR MC SR
00:19:48.476.879 INFO root: 0000 0100 1111 1000 0010 0000 0100 1011 0100 0100 1001 1111 1111 1111 1110 0011# after SSB
00:19:48.476.880 INFO root: 0000 0000 1111 0000 1111 1011 0000 0000 1010 1101 0001 1110 1011 0111 0111 0111# after SR MC SR
00:19:48.477.880 INFO root: 1000 0000 0010 0000 0000 0010 0000 0100 0010 0000 1000 0000 0000 0000 0000 0000# after SSB
00:19:48.477.881 INFO root: 0111 0000 0000 0000 0000 0000 0000 0000 1011 0000 0000 0000 0000 0000 0000 0000# after SR MC SR
00:19:48.477.881 INFO root: 
00:19:48.478.881 INFO root: new trail: 1101000000000111 -> 0111000010110000
00:19:48.481.884 INFO root: #trails 19 
00:19:48.481.885 INFO root: mask pair #1042 / 65025: 0001011000010110 1011101100011011anfI_max <DenseSet hash=147dadc3b536282f n=16 wt=115 | 3:4 4:20 5:75 6:16> anfO_max <DenseSet hash=7a0c9e34f3e54397 n=16 wt=68 | 3:2 4:7 5:33 6:26>
00:19:57.732.136 INFO root: solving SAT...
00:20:42.747.150 INFO root: SAT solve time: 45.013577461242676
00:20:42.747.150 INFO root: SAT_times: 15.8 - 107.9, avg 43.2 med 38.3
00:20:42.747.151 INFO root: middle division transition ~0110000010110000 -> 0000110101010000 (~5 -> 5)
00:20:42.748.151 INFO root: mid transition: 0110000010110000 0000110101010000 5 5
00:20:42.748.151 INFO root: full trace:
00:20:42.748.151 INFO root: 1001 1111 1111 1111 1111 1111 1111 1111 0100 1111 1111 1111 1111 1111 1111 1111# initial
00:20:42.749.152 INFO root: 1111 1111 1101 1111 1111 0111 1111 1011 1011 1111 0111 1111 1111 1111 1111 1111# after SR MC SR
00:20:42.749.152 INFO root: 0100 1111 1111 0011 0100 0001 0000 0100 0111 1000 0100 1000 1111 1111 0010 1111# after SSB
00:20:42.749.153 INFO root: 0101 0000 1011 0000 1011 0111 1100 1100 1011 1011 1000 1011 0000 1010 1101 0111# after SR MC SR
00:20:42.750.153 INFO root: 0000 0010 0001 0000 0000 0000 0001 0000 0010 0000 0000 0010 0000 0000 0000 0000# after SSB
00:20:42.750.153 INFO root: 0000 0000 0000 0000 1101 0000 0000 0000 0101 0000 0000 0000 0000 0000 0000 0000# after SR MC SR
00:20:42.750.154 INFO root: 
00:20:42.751.154 INFO root: new trail: 0110000010110000 -> 0000110101010000
00:20:42.770.173 INFO root: #trails 20 
00:20:42.771.174 INFO root: mask pair #3379 / 65025: 0111000000000000 0001000010100001anfI_max <DenseSet hash=8e86f97a32b682a0 n=16 wt=72 | 3:11 4:22 5:23 6:16> anfO_max <DenseSet hash=8851642c57979867 n=16 wt=91 | 3:3 4:12 5:55 6:21>
00:20:50.295.698 INFO root: solving SAT...
00:21:32.718.121 INFO root: SAT solve time: 42.42183017730713
00:21:32.718.121 INFO root: SAT_times: 15.8 - 107.9, avg 43.2 med 38.3
00:21:32.718.122 INFO root: middle division transition ~0000011100000111 -> 1011010100000000 (~6 -> 5)
00:21:32.719.122 INFO root: mid transition: 0000011100000111 1011010100000000 6 5
00:21:32.719.122 INFO root: full trace:
00:21:32.719.123 INFO root: 1111 1111 1111 1111 1000 1111 1111 1111 1111 1111 1111 1111 1000 1111 1111 1111# initial
00:21:32.720.123 INFO root: 1111 1111 1111 1101 1110 1111 1111 1111 1111 1011 1111 1011 1011 1111 1110 1111# after SR MC SR
00:21:32.720.124 INFO root: 0001 1010 1111 1011 0100 0110 1111 1000 0100 1111 0111 1001 1000 0101 1111 1000# after SSB
00:21:32.721.124 INFO root: 1010 1101 1010 0111 0111 0000 1101 0000 0111 0111 1101 1011 0111 0011 0000 1101# after SR MC SR
00:21:32.721.124 INFO root: 1000 0010 0000 0000 0000 0000 0000 0000 0000 0000 1000 0000 0001 0000 0000 0100# after SSB
00:21:32.721.125 INFO root: 1011 0000 0000 0000 0101 0000 0000 0000 0000 0000 0000 0000 0000 0000 0000 0000# after SR MC SR
00:21:32.722.125 INFO root: 
00:21:32.722.125 INFO root: new trail: 0000011100000111 -> 1011010100000000
00:21:32.723.127 INFO root: #trails 21 
00:21:32.724.127 INFO root: mask pair #3445 / 65025: 0001011000010000 0000000100001011anfI_max <DenseSet hash=63c49b438da7ffa4 n=16 wt=112 | 3:2 4:11 5:83 6:16> anfO_max <DenseSet hash=c418589f79620783 n=16 wt=72 | 3:7 4:8 5:31 6:26>
00:21:40.430.833 INFO root: solving SAT...
00:23:29.182.585 INFO root: SAT solve time: 108.75134205818176
00:23:29.182.585 INFO root: SAT_times: 15.8 - 108.8, avg 46.1 med 41.8
00:23:29.183.586 INFO root: middle division transition ~1011000010110000 -> 0000000011011101 (~6 -> 6)
00:23:29.183.586 INFO root: mid transition: 1011000010110000 0000000011011101 6 6
00:23:29.183.586 INFO root: full trace:
00:23:29.184.587 INFO root: 0100 1111 1111 1111 1111 1111 1111 1111 0100 1111 1111 1111 1111 1111 1111 1111# initial
00:23:29.184.587 INFO root: 1101 1111 1011 1111 1111 0111 1111 0111 1111 1111 1111 1111 1111 1101 1111 0111# after SR MC SR
00:23:29.185.588 INFO root: 0110 0010 1100 0100 1111 0010 1000 1111 0100 0100 0100 0010 0111 0010 1111 0000# after SSB
00:23:29.185.588 INFO root: 1011 0000 0000 0101 0001 1010 1000 0000 1011 1111 0010 0110 1101 0000 1011 1011# after SR MC SR
00:23:29.186.589 INFO root: 0000 0000 0000 0000 0100 0000 0000 1000 0100 0100 0000 0000 0000 1000 0010 0000# after SSB
00:23:29.186.590 INFO root: 0000 0000 0000 0000 0000 0000 0000 0000 1101 0000 0000 0000 1101 0000 0000 0000# after SR MC SR
00:23:29.186.590 INFO root: 
00:23:29.187.590 INFO root: new trail: 1011000010110000 -> 0000000011011101
00:23:29.211.614 INFO root: #trails 22 
00:23:29.212.615 INFO root: mask pair #5604 / 65025: 0001011101100000 0001101100000001anfI_max <DenseSet hash=3491516ac9e3f559 n=16 wt=99 | 3:3 4:26 5:47 6:23> anfO_max <DenseSet hash=496a07d0a4b659bb n=16 wt=78 | 3:2 4:18 5:35 6:23>
00:23:37.273.677 INFO root: solving SAT...
00:24:17.046.449 INFO root: SAT solve time: 39.771519899368286
00:24:17.046.449 INFO root: SAT_times: 15.8 - 108.8, avg 45.9 med 39.8
00:24:17.047.450 INFO root: middle division transition ~0000000011010111 -> 0111000000001100 (~6 -> 5)
00:24:17.047.450 INFO root: mid transition: 0000000011010111 0111000000001100 6 5
00:24:17.047.450 INFO root: full trace:
00:24:17.048.451 INFO root: 1111 1111 1111 1111 1111 1111 1111 1111 0010 1111 1111 1111 1000 1111 1111 1111# initial
00:24:17.048.451 INFO root: 1111 1111 1101 1111 1011 0111 1111 1111 1011 1111 1111 1101 1111 1111 1110 1111# after SR MC SR
00:24:17.048.452 INFO root: 0000 1100 1000 0010 1111 1111 1000 0001 0100 0100 1100 1111 1100 0010 0001 1111# after SSB
00:24:17.049.452 INFO root: 0010 0000 0000 1011 0111 0001 1011 1100 1011 0010 1111 0111 0000 0111 0111 0000# after SR MC SR
00:24:17.050.453 INFO root: 1000 0000 0000 0000 0000 0000 0000 0000 0000 0100 0010 0000 0000 0000 0010 1000# after SSB
00:24:17.050.453 INFO root: 0111 0000 0000 0000 0000 0000 0000 0000 0000 0000 0000 0000 1100 0000 0000 0000# after SR MC SR
00:24:17.050.454 INFO root: 
00:24:17.051.454 INFO root: new trail: 0000000011010111 -> 0111000000001100
00:24:17.071.474 INFO root: #trails 23 
00:24:17.071.474 INFO root: mask pair #7774 / 65025: 0111000100010111 1011101110101011anfI_max <DenseSet hash=b86ab074183281a0 n=16 wt=111 | 3:1 4:19 5:77 6:14> anfO_max <DenseSet hash=f1fbe5bec0cd958f n=16 wt=75 | 3:3 4:22 5:28 6:22>
00:24:24.865.268 INFO root: solving SAT...
00:24:40.950.354 INFO root: SAT solve time: 16.085087776184082
00:24:40.951.354 INFO root: SAT_times: 15.8 - 108.8, avg 44.6 med 39.8
00:24:40.951.354 INFO root: middle division transition ~0000000011010111 -> 0000110100001011 (~6 -> 6)
00:24:40.951.355 INFO root: mid transition: 0000000011010111 0000110100001011 6 6
00:24:40.952.355 INFO root: full trace:
00:24:40.952.355 INFO root: 1111 1111 1111 1111 1111 1111 1111 1111 0010 1111 1111 1111 1000 1111 1111 1111# initial
00:24:40.952.356 INFO root: 1111 1101 1111 1111 1111 1100 1111 1111 0111 1111 1111 1011 1111 1111 1110 1111# after SR MC SR
00:24:40.953.356 INFO root: 1111 0100 0100 0001 0100 0100 1101 0010 0100 0001 1111 1111 0100 0110 1111 1111# after SSB
00:24:40.953.356 INFO root: 1111 0111 0000 1010 0111 0111 1100 1011 1001 1101 1011 0100 0000 1101 0101 0000# after SR MC SR
00:24:40.953.357 INFO root: 0000 0100 0000 0000 1000 0000 0000 0000 0000 0001 0000 0100 0100 0000 0100 0000# after SSB
00:24:40.954.357 INFO root: 0000 0000 0000 0000 1101 0000 0000 0000 0000 0000 0000 0000 1011 0000 0000 0000# after SR MC SR
00:24:40.954.357 INFO root: 
00:24:40.954.357 INFO root: new trail: 0000000011010111 -> 0000110100001011
00:24:40.968.371 INFO root: #trails 24 
00:24:40.968.371 INFO root: mask pair #9575 / 65025: 0001000101100000 1011101100001010anfI_max <DenseSet hash=1735a206e35e2b44 n=16 wt=105 | 3:2 4:10 5:77 6:16> anfO_max <DenseSet hash=f61f054de45705ab n=16 wt=92 | 3:4 4:24 5:44 6:20>
00:24:49.160.563 INFO root: solving SAT...
00:25:10.845.248 INFO root: SAT solve time: 21.68383550643921
00:25:10.845.248 INFO root: SAT_times: 15.8 - 108.8, avg 43.7 med 38.3
00:25:10.845.249 INFO root: middle division transition ~1101000000000111 -> 0111000000001101 (~6 -> 6)
00:25:10.846.249 INFO root: mid transition: 1101000000000111 0111000000001101 6 6
00:25:10.846.249 INFO root: full trace:
00:25:10.846.249 INFO root: 0010 1111 1111 1111 1111 1111 1111 1111 1111 1111 1111 1111 1000 1111 1111 1111# initial
00:25:10.847.250 INFO root: 1011 0111 1111 1111 1101 1111 1111 0111 1111 1111 1101 1111 1111 1111 1110 1111# after SR MC SR
00:25:10.847.250 INFO root: 1000 0100 1100 0010 1111 0111 0100 1100 0000 1010 1000 1111 1000 1111 0010 1110# after SSB
00:25:10.847.251 INFO root: 0101 1011 1110 0000 0000 1001 1011 1101 0100 0101 0000 1111 1101 1101 0000 0011# after SR MC SR
00:25:10.848.251 INFO root: 1000 0000 0000 1000 0000 0100 0000 0000 0000 0001 0000 0000 0000 0000 0010 1000# after SSB
00:25:10.848.251 INFO root: 0111 0000 0000 0000 0000 0000 0000 0000 0000 0000 0000 0000 1101 0000 0000 0000# after SR MC SR
00:25:10.848.252 INFO root: 
00:25:10.849.252 INFO root: new trail: 1101000000000111 -> 0111000000001101
00:25:10.856.259 INFO root: #trails 25 
00:25:10.856.260 INFO root: mask pair #10410 / 65025: 0110011000000001 1010000000001010anfI_max <DenseSet hash=5dcedb7458fee61f n=16 wt=100 | 3:2 4:24 5:58 6:16> anfO_max <DenseSet hash=e25bc44c1ba9c480 n=16 wt=70 | 3:5 4:9 5:36 6:20>
00:25:19.142.546 INFO root: solving SAT...
00:26:48.257.661 INFO root: SAT solve time: 89.11431574821472
00:26:48.258.661 INFO root: SAT_times: 15.8 - 108.8, avg 45.4 med 39.8
00:26:48.258.661 INFO root: middle division transition ~1011101100000000 -> 1101011100000000 (~6 -> 6)
00:26:48.258.662 INFO root: mid transition: 1011101100000000 1101011100000000 6 6
00:26:48.259.662 INFO root: full trace:
00:26:48.259.662 INFO root: 0100 1111 1111 1111 0100 1111 1111 1111 1111 1111 1111 1111 1111 1111 1111 1111# initial
00:26:48.259.663 INFO root: 0111 1111 1111 1111 1111 1111 1101 1011 1111 1101 1111 1111 0111 1101 1111 1111# after SR MC SR
00:26:48.260.663 INFO root: 0000 1111 1111 0110 1111 0010 0011 1111 0100 0100 0011 1100 1001 0000 1000 1001# after SSB
00:26:48.260.663 INFO root: 0101 0111 0010 1010 1110 0111 0000 1101 1001 0111 0000 1110 1101 0000 0100 1110# after SR MC SR
00:26:48.260.664 INFO root: 0001 0100 0000 0000 0000 0000 0000 0000 0000 0000 1000 0100 0100 0000 0000 0100# after SSB
00:26:48.261.664 INFO root: 1101 0000 0000 0000 0111 0000 0000 0000 0000 0000 0000 0000 0000 0000 0000 0000# after SR MC SR
00:26:48.261.664 INFO root: 
00:26:48.261.665 INFO root: new trail: 1011101100000000 -> 1101011100000000
00:26:48.285.688 INFO root: #trails 26 
00:26:48.286.689 INFO root: mask pair #13387 / 65025: 0111011101100001 1011101100010000anfI_max <DenseSet hash=7d2ddd1c2c319e21 n=16 wt=108 | 3:2 4:9 5:77 6:20> anfO_max <DenseSet hash=5313c47f6b378915 n=16 wt=86 | 3:5 4:21 5:43 6:17>
00:26:56.062.465 INFO root: solving SAT...
00:27:33.669.073 INFO root: SAT solve time: 37.60710096359253
00:27:33.670.073 INFO root: SAT_times: 15.8 - 108.8, avg 45.2 med 38.3
00:27:33.670.073 INFO root: middle division transition ~0000101100001011 -> 0000101110110000 (~6 -> 6)
00:27:33.670.074 INFO root: mid transition: 0000101100001011 0000101110110000 6 6
00:27:33.671.074 INFO root: full trace:
00:27:33.671.074 INFO root: 1111 1111 1111 1111 0100 1111 1111 1111 1111 1111 1111 1111 0100 1111 1111 1111# initial
00:27:33.672.075 INFO root: 1111 1111 1111 1001 1011 1111 1111 1111 1111 1011 1111 1111 1111 1111 1010 1111# after SR MC SR
00:27:33.672.075 INFO root: 1111 0100 0100 0100 1001 1100 0100 1111 1100 0100 1111 0100 0010 1111 0010 0010# after SSB
00:27:33.673.076 INFO root: 1111 0001 1101 0000 0000 1001 1100 0111 0111 0110 1111 0111 0001 0000 0000 1011# after SR MC SR
00:27:33.673.076 INFO root: 0000 1000 0010 0000 0000 0000 0100 1000 0010 0000 0000 0000 1000 0000 0000 0000# after SSB
00:27:33.674.077 INFO root: 0000 0000 0000 0000 1011 0000 0000 0000 1011 0000 0000 0000 0000 0000 0000 0000# after SR MC SR
00:27:33.674.077 INFO root: 
00:27:33.674.077 INFO root: new trail: 0000101100001011 -> 0000101110110000
00:27:33.686.089 INFO root: #trails 27 
00:27:33.687.090 INFO root: mask pair #14279 / 65025: 0111011100000001 0000000100000000anfI_max <DenseSet hash=2216c3d8ad9d912c n=16 wt=89 | 4:19 5:47 6:23> anfO_max <DenseSet hash=e602ded485a2d8fc n=16 wt=77 | 3:5 4:19 5:42 6:11>
00:27:41.543.946 INFO root: solving SAT...
00:28:05.002.405 INFO root: SAT solve time: 23.458500146865845
00:28:05.002.405 INFO root: SAT_times: 15.8 - 108.8, avg 44.4 med 38.3
00:28:05.003.406 INFO root: middle division transition ~0000011100000111 -> 0111000000000011 (~6 -> 5)
00:28:05.003.406 INFO root: mid transition: 0000011100000111 0111000000000011 6 5
00:28:05.003.406 INFO root: full trace:
00:28:05.004.407 INFO root: 1111 1111 1111 1111 1000 1111 1111 1111 1111 1111 1111 1111 1000 1111 1111 1111# initial
00:28:05.004.407 INFO root: 1111 0111 1111 1110 1110 1111 0111 1111 1111 0111 1111 0111 1111 1111 1111 1111# after SR MC SR
00:28:05.005.408 INFO root: 0011 1111 1000 0010 1111 0100 1111 1000 1111 0010 1100 0001 0100 0000 0100 1000# after SSB
00:28:05.005.409 INFO root: 1101 1011 1101 0111 0101 0001 0000 0000 0000 0000 1010 1010 1111 1000 1101 0110# after SR MC SR
00:28:05.006.409 INFO root: 1000 0000 0000 0000 1000 0100 0000 0000 0000 0000 0000 0000 0000 0000 0010 1000# after SSB
00:28:05.006.410 INFO root: 0111 0000 0000 0000 0000 0000 0000 0000 0000 0000 0000 0000 0011 0000 0000 0000# after SR MC SR
00:28:05.007.410 INFO root: 
00:28:05.007.410 INFO root: new trail: 0000011100000111 -> 0111000000000011
00:28:05.013.417 INFO root: #trails 28 
00:28:05.014.417 INFO root: mask pair #14742 / 65025: 0001000101100000 0000101110101011anfI_max <DenseSet hash=1735a206e35e2b44 n=16 wt=105 | 3:2 4:10 5:77 6:16> anfO_max <DenseSet hash=0d3ee2df1ad917ab n=16 wt=85 | 3:3 4:16 5:43 6:23>
00:28:12.680.084 INFO root: solving SAT...
00:28:47.129.532 INFO root: SAT solve time: 34.44779109954834
00:28:47.129.532 INFO root: SAT_times: 15.8 - 108.8, avg 44.0 med 37.6
00:28:47.130.533 INFO root: middle division transition ~0111000000001010 -> 0000000010111011 (~5 -> 6)
00:28:47.130.533 INFO root: mid transition: 0111000000001010 0000000010111011 5 6
00:28:47.130.533 INFO root: full trace:
00:28:47.130.534 INFO root: 1000 1111 1111 1111 1111 1111 1111 1111 1111 1111 1111 1111 0101 1111 1111 1111# initial
00:28:47.131.534 INFO root: 1101 1111 1111 1111 1011 1111 1111 0111 1111 1111 1111 1111 1111 0111 1101 1111# after SR MC SR
00:28:47.131.535 INFO root: 1111 0100 0100 0010 1000 1111 0100 1000 0100 0010 1000 1111 0000 1011 1111 0100# after SSB
00:28:47.132.535 INFO root: 0000 0000 1011 0000 0111 0111 0111 1101 0000 1011 1011 1101 0100 1111 0000 0000# after SR MC SR
00:28:47.132.535 INFO root: 0000 0000 1000 1000 0000 0000 0000 0000 0001 1001 0000 0000 0000 0100 0000 0000# after SSB
00:28:47.132.536 INFO root: 0000 0000 0000 0000 0000 0000 0000 0000 1011 0000 0000 0000 1011 0000 0000 0000# after SR MC SR
00:28:47.133.536 INFO root: 
00:28:47.133.536 INFO root: new trail: 0111000000001010 -> 0000000010111011
00:28:47.138.541 INFO root: #trails 29 
00:28:47.139.542 INFO root: mask pair #15335 / 65025: 0000011100010110 0000000100000000anfI_max <DenseSet hash=2c8ef5f50c9492ec n=16 wt=95 | 3:2 4:12 5:60 6:21> anfO_max <DenseSet hash=e602ded485a2d8fc n=16 wt=77 | 3:5 4:19 5:42 6:11>
00:28:55.045.449 INFO root: solving SAT...
00:29:37.522.925 INFO root: SAT solve time: 42.4762909412384
00:29:37.522.926 INFO root: SAT_times: 15.8 - 108.8, avg 44.0 med 38.3
00:29:37.523.926 INFO root: middle division transition ~1011000000000111 -> 0111110100000000 (~6 -> 6)
00:29:37.523.926 INFO root: mid transition: 1011000000000111 0111110100000000 6 6
00:29:37.523.927 INFO root: full trace:
00:29:37.524.927 INFO root: 0100 1111 1111 1111 1111 1111 1111 1111 1111 1111 1111 1111 1000 1111 1111 1111# initial
00:29:37.524.927 INFO root: 1111 1111 1111 1111 0111 1111 1111 0110 1111 1111 1111 1011 1111 1011 1110 1111# after SR MC SR
00:29:37.524.928 INFO root: 1000 1000 1111 1111 0010 1000 0010 0000 0010 1001 1111 1001 1111 1111 1100 1000# after SSB
00:29:37.525.928 INFO root: 0000 0010 0111 0000 1110 0000 0111 1010 0111 1011 1011 1000 1011 1010 0111 1101# after SR MC SR
00:29:37.525.929 INFO root: 0001 0010 0000 0000 0000 0000 0001 0000 0000 0000 0001 0000 0100 0000 0000 1000# after SSB
00:29:37.526.929 INFO root: 0111 0000 0000 0000 1101 0000 0000 0000 0000 0000 0000 0000 0000 0000 0000 0000# after SR MC SR
00:29:37.526.929 INFO root: 
00:29:37.526.929 INFO root: new trail: 1011000000000111 -> 0111110100000000
00:29:37.549.953 INFO root: #trails 30 
00:29:37.550.953 INFO root: mask pair #17579 / 65025: 0110011001110111 1011000010100001anfI_max <DenseSet hash=b887579a659448f9 n=16 wt=116 | 3:4 4:33 5:66 6:13> anfO_max <DenseSet hash=34895b7ee6851471 n=16 wt=94 | 3:1 4:22 5:52 6:19>
00:29:46.060.464 INFO root: solving SAT...
00:30:15.454.857 INFO root: SAT solve time: 29.392486572265625
00:30:15.454.857 INFO root: SAT_times: 15.8 - 108.8, avg 43.5 med 37.6
00:30:15.455.858 INFO root: middle division transition ~0000011000000111 -> 1100000010110000 (~5 -> 5)
00:30:15.455.858 INFO root: mid transition: 0000011000000111 1100000010110000 5 5
00:30:15.455.858 INFO root: full trace:
00:30:15.456.859 INFO root: 1111 1111 1111 1111 1001 1111 1111 1111 1111 1111 1111 1111 1000 1111 1111 1111# initial
00:30:15.456.859 INFO root: 1111 1110 1111 1111 1111 1111 1111 1111 1111 1110 1111 1101 1011 1111 0111 1111# after SR MC SR
00:30:15.456.860 INFO root: 0010 0010 1100 1111 1111 0001 1111 0100 1001 1000 1111 1000 0101 1111 0001 0010# after SSB
00:30:15.457.860 INFO root: 0000 1011 0000 1101 1011 1101 0111 1111 1011 0001 1011 0000 1011 0000 0011 1101# after SR MC SR
00:30:15.457.861 INFO root: 0000 0000 1000 0000 0000 0100 0000 0100 1000 0000 0000 0000 0000 0000 0000 0100# after SSB
00:30:15.458.861 INFO root: 1100 0000 0000 0000 0000 0000 0000 0000 1011 0000 0000 0000 0000 0000 0000 0000# after SR MC SR
00:30:15.458.861 INFO root: 
00:30:15.458.861 INFO root: new trail: 0000011000000111 -> 1100000010110000
00:30:15.496.899 INFO root: #trails 31 
00:30:15.496.899 INFO root: mask pair #22239 / 65025: 0111000100010111 0001101010111010anfI_max <DenseSet hash=b86ab074183281a0 n=16 wt=111 | 3:1 4:19 5:77 6:14> anfO_max <DenseSet hash=9ccbba0f79827bb7 n=16 wt=76 | 3:6 4:9 5:42 6:19>
00:30:27.173.576 INFO root: solving SAT...
00:31:23.950.354 INFO root: SAT solve time: 56.776363372802734
00:31:23.951.354 INFO root: SAT_times: 15.8 - 108.8, avg 43.9 med 38.3
00:31:23.951.354 INFO root: middle division transition ~0000000010111101 -> 0000110100001010 (~6 -> 5)
00:31:23.951.355 INFO root: mid transition: 0000000010111101 0000110100001010 6 5
00:31:23.952.355 INFO root: full trace:
00:31:23.952.355 INFO root: 1111 1111 1111 1111 1111 1111 1111 1111 0100 1111 1111 1111 0010 1111 1111 1111# initial
00:31:23.952.356 INFO root: 1111 1111 1110 1111 0111 0111 1111 1111 1011 1111 1111 1101 1111 1111 1101 1111# after SR MC SR
00:31:23.953.356 INFO root: 0010 0010 0100 1100 0001 1111 1110 0101 0010 1001 1000 0100 0001 0100 0001 1111# after SSB
00:31:23.953.356 INFO root: 0111 0000 1110 0111 1110 0000 1101 1111 0000 0000 1101 0000 0000 0000 1110 0110# after SR MC SR
00:31:23.954.357 INFO root: 0000 0000 0000 1000 0000 0000 1000 0000 0000 0000 0000 0010 0100 0000 0100 0000# after SSB
00:31:23.954.357 INFO root: 0000 0000 0000 0000 1101 0000 0000 0000 0000 0000 0000 0000 1010 0000 0000 0000# after SR MC SR
00:31:23.954.357 INFO root: 
00:31:23.954.358 INFO root: new trail: 0000000010111101 -> 0000110100001010
00:31:23.984.388 INFO root: #trails 32 
00:31:23.985.388 INFO root: mask pair #26221 / 65025: 0111000101100001 1010000000000000anfI_max <DenseSet hash=678df7d432c9fcb7 n=16 wt=91 | 3:3 4:10 5:57 6:21> anfO_max <DenseSet hash=4d700f45c27717be n=16 wt=76 | 3:9 4:32 5:27 6:8>
00:31:31.531.934 INFO root: solving SAT...
00:32:24.898.301 INFO root: SAT solve time: 53.36630058288574
00:32:24.898.302 INFO root: SAT_times: 15.8 - 108.8, avg 44.2 med 38.3
00:32:24.899.302 INFO root: middle division transition ~0000110110010000 -> 1101011100000000 (~5 -> 6)
00:32:24.899.302 INFO root: mid transition: 0000110110010000 1101011100000000 5 6
00:32:24.899.302 INFO root: full trace:
00:32:24.900.303 INFO root: 1111 1111 1111 1111 0010 1111 1111 1111 0110 1111 1111 1111 1111 1111 1111 1111# initial
00:32:24.900.303 INFO root: 1111 1111 1100 1101 1111 1111 1111 1111 1111 1101 1111 1111 1011 1111 1111 1111# after SR MC SR
00:32:24.900.304 INFO root: 0100 1010 1111 1001 1111 0111 0100 0010 1111 0101 0100 1111 0001 1111 0110 0010# after SSB
00:32:24.901.304 INFO root: 1101 0111 1101 1100 0000 1101 1001 0000 1111 1101 0000 0111 1101 0111 1100 1101# after SR MC SR
00:32:24.901.304 INFO root: 0100 0100 0000 0000 0000 1000 0000 0000 0000 0000 0010 0100 0100 0000 0000 0000# after SSB
00:32:24.901.305 INFO root: 1101 0000 0000 0000 0111 0000 0000 0000 0000 0000 0000 0000 0000 0000 0000 0000# after SR MC SR
00:32:24.902.305 INFO root: 
00:32:24.902.305 INFO root: new trail: 0000110110010000 -> 1101011100000000
00:32:25.083.486 INFO root: #trails 33 
00:32:25.083.486 INFO root: mask pair #55080 / 65025: 0110011000000001 1011101010110000anfI_max <DenseSet hash=5dcedb7458fee61f n=16 wt=100 | 3:2 4:24 5:58 6:16> anfO_max <DenseSet hash=9183080537a467e9 n=16 wt=80 | 3:4 4:17 5:42 6:17>
00:32:32.586.990 INFO root: solving SAT...
00:32:55.307.711 INFO root: SAT solve time: 22.72035050392151
00:32:55.308.711 INFO root: SAT_times: 15.8 - 108.8, avg 43.6 med 38.3
00:32:55.308.712 INFO root: middle division transition ~0111000000001010 -> 1101000001110000 (~5 -> 6)
00:32:55.309.712 INFO root: mid transition: 0111000000001010 1101000001110000 5 6
00:32:55.309.712 INFO root: full trace:
00:32:55.309.713 INFO root: 1000 1111 1111 1111 1111 1111 1111 1111 1111 1111 1111 1111 0101 1111 1111 1111# initial
00:32:55.310.713 INFO root: 1011 0111 1111 1111 1111 1111 1111 1101 1111 1111 1101 1111 1111 1111 1110 1111# after SR MC SR
00:32:55.310.714 INFO root: 1001 1111 0001 0100 1111 1000 0010 1000 0100 0011 1000 0011 1000 0100 0100 1111# after SSB
00:32:55.311.714 INFO root: 0111 0000 0000 1100 0111 1111 1101 0011 0000 0000 0000 1010 1011 1110 0111 0000# after SR MC SR
00:32:55.311.715 INFO root: 0000 0000 0010 0000 0000 1001 0000 0000 0010 0000 0000 0000 0000 0010 0000 0010# after SSB
00:32:55.312.715 INFO root: 1101 0000 0000 0000 0000 0000 0000 0000 0111 0000 0000 0000 0000 0000 0000 0000# after SR MC SR
00:32:55.312.715 INFO root: 
00:32:55.312.716 INFO root: new trail: 0111000000001010 -> 1101000001110000
00:32:55.411.815 INFO root: 
00:32:55.412.815 INFO root: final SAT_times: 15.8 - 108.8, avg 43.6 med 38.3
00:32:55.412.815 INFO root: SAT_times all [15.798144817352295, 16.085087776184082, 21.68383550643921, 22.72035050392151, 23.458500146865845, 26.783848762512207, 29.392486572265625, 30.320834398269653, 33.23482155799866, 33.347371339797974, 34.124945402145386, 34.44779109954834, 34.77209830284119, 36.14674353599548, 36.35017371177673, 36.88714957237244, 37.60710096359253, 38.278892993927, 39.771519899368286, 41.799747705459595, 42.328508615493774, 42.42183017730713, 42.4762909412384, 44.744962215423584, 44.95535349845886, 45.013577461242676, 45.564865827560425, 47.4597384929657, 53.36630058288574, 56.776363372802734, 87.99073386192322, 89.11431574821472, 107.90113186836243, 108.75134205818176]
00:32:55.412.815 INFO root: Trails:
00:32:55.413.816 INFO root: trail ~0000110100001001 -> 0000000010110111: 1111111111111111001011111111111111111111111111110110111111111111 1111101111111101111111111101111111111111111111111101111111011111 0100001110001000000111110100111111110001010010101111111101100100 0000000011110000011110110000001110111101101011010011110101110111 0000000001000000101000000000010000000000000000000000001000100000 0000000000000000000000000000000010110000000000000111000000000000
00:32:55.413.817 INFO root: trail ~0000101111010000 -> 0000110000001101: 1111111111111111010011111111111100101111111111111111111111111111 1111111111011011111110111101111101111111111111110111111111111111 1010001000101111111101000000100000000110111111111000111110001111 0111000000000110011110110111111011011011001100001110110110110000 0000000000000100001000000100000000000010000000001000000000000000 0000000000000000110000000000000000000000000000001101000000000000
00:32:55.414.817 INFO root: trail ~0000101100000111 -> 1100101100000000: 1111111111111111010011111111111111111111111111111000111111111111 1111011111111011111111111101111111111111111101111101111111101111 1100111100000000111101010011111100010100111100101111100011110100 1111110110110111001100000000000000001101011001110111011111011011 0010010000000000000000000000000000000000001001000010000000000000 1100000000000000101100000000000000000000000000000000000000000000
00:32:55.415.818 INFO root: trail ~0000101101110000 -> 0111000000000111: 1111111111111111010011111111111110001111111111111111111111111111 1111111101111011111111111111111101110111111111111011111111110111 1111001001101111000000100100000101001111111011110100111011110000 0000100100001011000011011101101010111110101111011110110110011000 1000000000001000000000010000000000000010000000000000000010001000 0111000000000000000000000000000000000000000000000111000000000000
00:32:55.415.818 INFO root: trail ~1011110100000000 -> 0000101100000111: 0100111111111111001011111111111111111111111111111111111111111111 1101111111111111111111111011101111111011011111111101111111111111 1000110000000110111111111111010000101111011110000000100011001111 1100101100000111000011010111101100001110111101101110111000110000 0000100000000000001000000100000000001000000000100000000001000000 0000000000000000101100000000000000000000000000000111000000000000
00:32:55.416.819 INFO root: trail ~0101011100000000 -> 1011000011010000: 1010111111111111100011111111111111111111111111111111111111111111 1111111111110111111111111111111111110111110111111101011111111111 1111100000100100010110000101011011111011100001001111010011111111 0100000001101101101110110111011111011111110110110000011101100000 0000000010000000000010000000000010000000000100000000001000001000 1011000000000000000000000000000011010000000000000000000000000000
00:32:55.416.820 INFO root: trail ~1011000010110000 -> 0000011101110000: 0100111111111111111111111111111101001111111111111111111111111111 0111111101111111111111111111101101111111111111111111101111111101 0000001011110110001000110100001000100100010100001111111101001111 0101101111010000110100001000010010111111101000000000101100001111 0000010000100000000000000000100000000000000000100100010000000000 0000000000000000011100000000000001110000000000000000000000000000
00:32:55.417.820 INFO root: trail ~0000000011011011 -> 1101000000001101: 1111111111111111111111111111111100101111111111110100111111111111 1111110111101111110111111111111111011111111110111111111111111101 0101111111110010000011111111000011110001001011111000010010000100 0000011110110000111100000000110001110000111101111101010110111011 1000000000000000100000000000000000000001100000000000000000100100 1101000000000000000000000000000000000000000000001101000000000000
00:32:55.418.821 INFO root: trail ~0111110100000000 -> 0000000010110111: 1000111111111111001011111111111111111111111111111111111111111111 1111111111110111111111110111110111111101011011111111111111111111 1111010000001000111101001011100011110100111111111111111111110000 0000110100001011101110111111101101110000011101111011110111011011 0000000010000010000000000000001001000100000000000000000001000000 0000000000000000000000000000000010110000000000000111000000000000
00:32:55.418.821 INFO root: trail ~0000110110110000 -> 0000000001110111: 1111111111111111001011111111111101001111111111111111111111111111 1111111101111101111101111110111111101111111111111011111111111111 1100010111110010000111111111111100100111000000110100010110001100 0100110100000000000011111101011101110000001001111101011110111111 0000000000000010000000000000100001000010000000000000100010000000 0000000000000000000000000000000001110000000000000111000000000000
00:32:55.419.822 INFO root: trail ~1101000000000111 -> 1101101100000000: 0010111111111111111111111111111111111111111111111000111111111111 1011111011111111101111111111110111111111111111111111101111011111 0000100010001011111100010010001010000011111111111000001001010100 0000110101110000101100001011000010001111101100001111011100010000 0010100000000000000001001000000000000000100000000100000000000000 1101000000000000101100000000000000000000000000000000000000000000
00:32:55.419.823 INFO root: trail ~1101000010110000 -> 1011000001110000: 0010111111111111111111111111111101001111111111111111111111111111 1101111110111111111111111111011110111111111111111111011111110111 0100111111000100001001000010100001010010010001010010010011111000 0000101010111100110100000001011111010101000010011010000110000000 1100000000100000000000000000000000000000000000000000010100000100 1011000000000000000000000000000001110000000000000000000000000000
00:32:55.420.823 INFO root: trail ~1101110100000000 -> 1011011100000000: 0010111111111111001011111111111111111111111111111111111111111111 1111111111111111111111111110101111111011110111110111110111111111 1111010001001000111101000000010010000000111111110111111111110010 0000100110110000101100001101111100011101011100001101011110111011 0000000000000000000010000100000000000000000101001000000000001000 1011000000000000011100000000000000000000000000000000000000000000
00:32:55.421.824 INFO root: trail ~1011000000001011 -> 1011000000000111: 0100111111111111111111111111111111111111111111110100111111111111 0111011111111111111111111111111111111111111011011111110111011111 1100100010110100010011110001111111110110011010010010000000100010 0111011111011101000110010011010010110000110001000000110100001110 1100000000000010000000000000000000001000000000000000000001000100 1011000000000000000000000000000000000000000000000111000000000000
00:32:55.421.824 INFO root: trail ~1101000011010000 -> 0000000010011101: 0010111111111111111111111111111100101111111111111111111111111111 1011111101111111111111101111110110111111111111111111011111111111 1110010011000100111110000100100001010001111101000000001001101111 1011000010000100011101011011101100001000110100001110101100000111 0000000000000000010000000000001000010100000000000000000010000000 0000000000000000000000000000000010010000000000001101000000000000
00:32:55.422.825 INFO root: trail ~0000110100001011 -> 1101000000001011: 1111111111111111001011111111111111111111111111110100111111111111 1111111111111111101111111101111111111100111111011111111111011111 0001001001001111111111111000110001010010001011001111001011000010 0000110100001011101001110111111001111001010100001110100101110000 0010000000000000000100010000000000000010000000000000000001000010 1101000000000000000000000000000000000000000000001011000000000000
00:32:55.422.826 INFO root: trail ~0111000011010000 -> 0111000001110000: 1000111111111111111111111111111100101111111111111111111111111111 0111111111101111111111111111111110111111111011111111111011110111 0100010001001111001011110100100010001111110101000001100010000100 1111101100000110000111100110101100001110010000001011001000000100 1000000000010000000001000000000000100000000000000000010000001000 0111000000000000000000000000000001110000000000000000000000000000
00:32:55.423.826 INFO root: trail ~0000101100001101 -> 0000000010111011: 1111111111111111010011111111111111111111111111110010111111111111 1111110111111101011111111101111111111111111111110111111110111111 0000001011111001111110110010111100101111110011111010111100000001 1011000011011101101110110111000011011101000011010010101110011111 0000000000000100100000000000100010000000000000000000001000100000 0000000000000000000000000000000010110000000000001011000000000000
00:32:55.424.827 INFO root: trail ~1101000000000111 -> 0111000010110000: 0010111111111111111111111111111111111111111111111000111111111111 1101110111111111101111111111111111111111101101111111011111111111 0000010011111000001000000100101101000100100111111111111111100011 0000000011110000111110110000000010101101000111101011011101110111 1000000000100000000000100000010000100000100000000000000000000000 0111000000000000000000000000000010110000000000000000000000000000
00:32:55.424.828 INFO root: trail ~0110000010110000 -> 0000110101010000: 1001111111111111111111111111111101001111111111111111111111111111 1111111111011111111101111111101110111111011111111111111111111111 0100111111110011010000010000010001111000010010001111111100101111 0101000010110000101101111100110010111011100010110000101011010111 0000001000010000000000000001000000100000000000100000000000000000 0000000000000000110100000000000001010000000000000000000000000000
00:32:55.425.828 INFO root: trail ~0000011100000111 -> 1011010100000000: 1111111111111111100011111111111111111111111111111000111111111111 1111111111111101111011111111111111111011111110111011111111101111 0001101011111011010001101111100001001111011110011000010111111000 1010110110100111011100001101000001110111110110110111001100001101 1000001000000000000000000000000000000000100000000001000000000100 1011000000000000010100000000000000000000000000000000000000000000
00:32:55.425.829 INFO root: trail ~1011000010110000 -> 0000000011011101: 0100111111111111111111111111111101001111111111111111111111111111 1101111110111111111101111111011111111111111111111111110111110111 0110001011000100111100101000111101000100010000100111001011110000 1011000000000101000110101000000010111111001001101101000010111011 0000000000000000010000000000100001000100000000000000100000100000 0000000000000000000000000000000011010000000000001101000000000000
00:32:55.426.829 INFO root: trail ~0000000011010111 -> 0111000000001100: 1111111111111111111111111111111100101111111111111000111111111111 1111111111011111101101111111111110111111111111011111111111101111 0000110010000010111111111000000101000100110011111100001000011111 0010000000001011011100011011110010110010111101110000011101110000 1000000000000000000000000000000000000100001000000000000000101000 0111000000000000000000000000000000000000000000001100000000000000
00:32:55.427.830 INFO root: trail ~0000000011010111 -> 0000110100001011: 1111111111111111111111111111111100101111111111111000111111111111 1111110111111111111111001111111101111111111110111111111111101111 1111010001000001010001001101001001000001111111110100011011111111 1111011100001010011101111100101110011101101101000000110101010000 0000010000000000100000000000000000000001000001000100000001000000 0000000000000000110100000000000000000000000000001011000000000000
00:32:55.427.830 INFO root: trail ~1101000000000111 -> 0111000000001101: 0010111111111111111111111111111111111111111111111000111111111111 1011011111111111110111111111011111111111110111111111111111101111 1000010011000010111101110100110000001010100011111000111100101110 0101101111100000000010011011110101000101000011111101110100000011 1000000000001000000001000000000000000001000000000000000000101000 0111000000000000000000000000000000000000000000001101000000000000
00:32:55.428.831 INFO root: trail ~1011101100000000 -> 1101011100000000: 0100111111111111010011111111111111111111111111111111111111111111 0111111111111111111111111101101111111101111111110111110111111111 0000111111110110111100100011111101000100001111001001000010001001 0101011100101010111001110000110110010111000011101101000001001110 0001010000000000000000000000000000000000100001000100000000000100 1101000000000000011100000000000000000000000000000000000000000000
00:32:55.428.832 INFO root: trail ~0000101100001011 -> 0000101110110000: 1111111111111111010011111111111111111111111111110100111111111111 1111111111111001101111111111111111111011111111111111111110101111 1111010001000100100111000100111111000100111101000010111100100010 1111000111010000000010011100011101110110111101110001000000001011 0000100000100000000000000100100000100000000000001000000000000000 0000000000000000101100000000000010110000000000000000000000000000
00:32:55.429.832 INFO root: trail ~0000011100000111 -> 0111000000000011: 1111111111111111100011111111111111111111111111111000111111111111 1111011111111110111011110111111111110111111101111111111111111111 0011111110000010111101001111100011110010110000010100000001001000 1101101111010111010100010000000000000000101010101111100011010110 1000000000000000100001000000000000000000000000000000000000101000 0111000000000000000000000000000000000000000000000011000000000000
00:32:55.430.833 INFO root: trail ~0111000000001010 -> 0000000010111011: 1000111111111111111111111111111111111111111111110101111111111111 1101111111111111101111111111011111111111111111111111011111011111 1111010001000010100011110100100001000010100011110000101111110100 0000000010110000011101110111110100001011101111010100111100000000 0000000010001000000000000000000000011001000000000000010000000000 0000000000000000000000000000000010110000000000001011000000000000
00:32:55.430.833 INFO root: trail ~1011000000000111 -> 0111110100000000: 0100111111111111111111111111111111111111111111111000111111111111 1111111111111111011111111111011011111111111110111111101111101111 1000100011111111001010000010000000101001111110011111111111001000 0000001001110000111000000111101001111011101110001011101001111101 0001001000000000000000000001000000000000000100000100000000001000 0111000000000000110100000000000000000000000000000000000000000000
00:32:55.431.834 INFO root: trail ~0000011000000111 -> 1100000010110000: 1111111111111111100111111111111111111111111111111000111111111111 1111111011111111111111111111111111111110111111011011111101111111 0010001011001111111100011111010010011000111110000101111100010010 0000101100001101101111010111111110110001101100001011000000111101 0000000010000000000001000000010010000000000000000000000000000100 1100000000000000000000000000000010110000000000000000000000000000
00:32:55.431.835 INFO root: trail ~0000000010111101 -> 0000110100001010: 1111111111111111111111111111111101001111111111110010111111111111 1111111111101111011101111111111110111111111111011111111111011111 0010001001001100000111111110010100101001100001000001010000011111 0111000011100111111000001101111100000000110100000000000011100110 0000000000001000000000001000000000000000000000100100000001000000 0000000000000000110100000000000000000000000000001010000000000000
00:32:55.432.835 INFO root: trail ~0000110110010000 -> 1101011100000000: 1111111111111111001011111111111101101111111111111111111111111111 1111111111001101111111111111111111111101111111111011111111111111 0100101011111001111101110100001011110101010011110001111101100010 1101011111011100000011011001000011111101000001111101011111001101 0100010000000000000010000000000000000000001001000100000000000000 1101000000000000011100000000000000000000000000000000000000000000
00:32:55.432.836 INFO root: trail ~0111000000001010 -> 1101000001110000: 1000111111111111111111111111111111111111111111110101111111111111 1011011111111111111111111111110111111111110111111111111111101111 1001111100010100111110000010100001000011100000111000010001001111 0111000000001100011111111101001100000000000010101011111001110000 0000000000100000000010010000000000100000000000000000001000000010 1101000000000000000000000000000001110000000000000000000000000000
00:32:55.433.836 INFO root: 
00:32:55.433.836 INFO root: Greedy:
00:32:55.455.858 INFO root: greedy iter, tocover 65025
00:33:05.938.342 INFO root: trail (Bin(0b0000011000000111, n=16), Bin(0b1100000010110000, n=16)) cnt 36864
00:33:06.040.443 INFO root: -----
00:33:06.041.444 INFO root: greedy iter, tocover 28161
00:33:07.337.740 INFO root: trail (Bin(0b0110000010110000, n=16), Bin(0b0000110101010000, n=16)) cnt 16128
00:33:07.378.781 INFO root: -----
00:33:07.378.781 INFO root: greedy iter, tocover 12033
00:33:07.946.349 INFO root: trail (Bin(0b0000110110010000, n=16), Bin(0b1101011100000000, n=16)) cnt 5344
00:33:07.964.367 INFO root: -----
00:33:07.964.368 INFO root: greedy iter, tocover 6689
00:33:08.288.692 INFO root: trail (Bin(0b0000110100001001, n=16), Bin(0b0000000010110111, n=16)) cnt 2760
00:33:08.298.701 INFO root: -----
00:33:08.298.701 INFO root: greedy iter, tocover 3929
00:33:08.494.897 INFO root: trail (Bin(0b0000000011010111, n=16), Bin(0b0111000000001100, n=16)) cnt 1592
00:33:08.500.904 INFO root: -----
00:33:08.501.904 INFO root: greedy iter, tocover 2337
00:33:08.616.019 INFO root: trail (Bin(0b0111000000001010, n=16), Bin(0b1101000001110000, n=16)) cnt 974
00:33:08.620.023 INFO root: -----
00:33:08.620.023 INFO root: greedy iter, tocover 1363
00:33:08.688.091 INFO root: trail (Bin(0b1101000011010000, n=16), Bin(0b0000000010011101, n=16)) cnt 563
00:33:08.690.093 INFO root: -----
00:33:08.690.093 INFO root: greedy iter, tocover 800
00:33:08.730.133 INFO root: trail (Bin(0b0000101100000111, n=16), Bin(0b1100101100000000, n=16)) cnt 309
00:33:08.731.134 INFO root: -----
00:33:08.731.135 INFO root: greedy iter, tocover 491
00:33:08.755.159 INFO root: trail (Bin(0b0000101111010000, n=16), Bin(0b0000110000001101, n=16)) cnt 179
00:33:08.756.160 INFO root: -----
00:33:08.756.160 INFO root: greedy iter, tocover 312
00:33:08.773.176 INFO root: trail (Bin(0b0000000010111101, n=16), Bin(0b0000110100001010, n=16)) cnt 111
00:33:08.774.177 INFO root: -----
00:33:08.774.177 INFO root: greedy iter, tocover 201
00:33:08.784.187 INFO root: trail (Bin(0b0000110110110000, n=16), Bin(0b0000000001110111, n=16)) cnt 63
00:33:08.785.188 INFO root: -----
00:33:08.785.188 INFO root: greedy iter, tocover 138
00:33:08.792.195 INFO root: trail (Bin(0b1011000000000111, n=16), Bin(0b0111110100000000, n=16)) cnt 41
00:33:08.792.196 INFO root: -----
00:33:08.793.196 INFO root: greedy iter, tocover 97
00:33:08.798.201 INFO root: trail (Bin(0b1011000000001011, n=16), Bin(0b1011000000000111, n=16)) cnt 27
00:33:08.798.201 INFO root: -----
00:33:08.798.202 INFO root: greedy iter, tocover 70
00:33:08.802.205 INFO root: trail (Bin(0b1101000000000111, n=16), Bin(0b0111000010110000, n=16)) cnt 21
00:33:08.802.206 INFO root: -----
00:33:08.802.206 INFO root: greedy iter, tocover 49
00:33:08.805.209 INFO root: trail (Bin(0b1011110100000000, n=16), Bin(0b0000101100000111, n=16)) cnt 15
00:33:08.806.209 INFO root: -----
00:33:08.806.209 INFO root: greedy iter, tocover 34
00:33:08.808.211 INFO root: trail (Bin(0b0101011100000000, n=16), Bin(0b1011000011010000, n=16)) cnt 10
00:33:08.808.211 INFO root: -----
00:33:08.808.212 INFO root: greedy iter, tocover 24
00:33:08.810.213 INFO root: trail (Bin(0b1011000010110000, n=16), Bin(0b0000000011011101, n=16)) cnt 7
00:33:08.810.213 INFO root: -----
00:33:08.810.213 INFO root: greedy iter, tocover 17
00:33:08.811.215 INFO root: trail (Bin(0b0000011100000111, n=16), Bin(0b0111000000000011, n=16)) cnt 5
00:33:08.812.215 INFO root: -----
00:33:08.812.215 INFO root: greedy iter, tocover 12
00:33:08.813.216 INFO root: trail (Bin(0b0111000000001010, n=16), Bin(0b0000000010111011, n=16)) cnt 3
00:33:08.813.216 INFO root: -----
00:33:08.813.216 INFO root: greedy iter, tocover 9
00:33:08.814.217 INFO root: trail (Bin(0b0000101100001011, n=16), Bin(0b0000101110110000, n=16)) cnt 3
00:33:08.814.217 INFO root: -----
00:33:08.814.217 INFO root: greedy iter, tocover 6
00:33:08.815.218 INFO root: trail (Bin(0b1011000010110000, n=16), Bin(0b0000011101110000, n=16)) cnt 3
00:33:08.815.218 INFO root: -----
00:33:08.815.218 INFO root: greedy iter, tocover 3
00:33:08.815.219 INFO root: trail (Bin(0b1011101100000000, n=16), Bin(0b1101011100000000, n=16)) cnt 1
00:33:08.816.219 INFO root: -----
00:33:08.816.219 INFO root: greedy iter, tocover 2
00:33:08.816.219 INFO root: trail (Bin(0b0000000011010111, n=16), Bin(0b0000110100001011, n=16)) cnt 1
00:33:08.816.219 INFO root: -----
00:33:08.816.220 INFO root: greedy iter, tocover 1
00:33:08.817.220 INFO root: trail (Bin(0b0000000011011011, n=16), Bin(0b1101000000001101, n=16)) cnt 1
00:33:08.817.220 INFO root: -----
00:33:08.817.220 INFO root: chosen trails: 24
00:33:08.817.221 INFO root: trail ~0000011000000111 -> 1100000010110000: 1111111111111111100111111111111111111111111111111000111111111111 1111111011111111111111111111111111111110111111011011111101111111 0010001011001111111100011111010010011000111110000101111100010010 0000101100001101101111010111111110110001101100001011000000111101 0000000010000000000001000000010010000000000000000000000000000100 1100000000000000000000000000000010110000000000000000000000000000
00:33:08.818.221 INFO root: trail ~0110000010110000 -> 0000110101010000: 1001111111111111111111111111111101001111111111111111111111111111 1111111111011111111101111111101110111111011111111111111111111111 0100111111110011010000010000010001111000010010001111111100101111 0101000010110000101101111100110010111011100010110000101011010111 0000001000010000000000000001000000100000000000100000000000000000 0000000000000000110100000000000001010000000000000000000000000000
00:33:08.819.222 INFO root: trail ~0000110110010000 -> 1101011100000000: 1111111111111111001011111111111101101111111111111111111111111111 1111111111001101111111111111111111111101111111111011111111111111 0100101011111001111101110100001011110101010011110001111101100010 1101011111011100000011011001000011111101000001111101011111001101 0100010000000000000010000000000000000000001001000100000000000000 1101000000000000011100000000000000000000000000000000000000000000
00:33:08.819.223 INFO root: trail ~0000110100001001 -> 0000000010110111: 1111111111111111001011111111111111111111111111110110111111111111 1111101111111101111111111101111111111111111111111101111111011111 0100001110001000000111110100111111110001010010101111111101100100 0000000011110000011110110000001110111101101011010011110101110111 0000000001000000101000000000010000000000000000000000001000100000 0000000000000000000000000000000010110000000000000111000000000000
00:33:08.820.223 INFO root: trail ~0000000011010111 -> 0111000000001100: 1111111111111111111111111111111100101111111111111000111111111111 1111111111011111101101111111111110111111111111011111111111101111 0000110010000010111111111000000101000100110011111100001000011111 0010000000001011011100011011110010110010111101110000011101110000 1000000000000000000000000000000000000100001000000000000000101000 0111000000000000000000000000000000000000000000001100000000000000
00:33:08.821.224 INFO root: trail ~0111000000001010 -> 1101000001110000: 1000111111111111111111111111111111111111111111110101111111111111 1011011111111111111111111111110111111111110111111111111111101111 1001111100010100111110000010100001000011100000111000010001001111 0111000000001100011111111101001100000000000010101011111001110000 0000000000100000000010010000000000100000000000000000001000000010 1101000000000000000000000000000001110000000000000000000000000000
00:33:08.821.225 INFO root: trail ~1101000011010000 -> 0000000010011101: 0010111111111111111111111111111100101111111111111111111111111111 1011111101111111111111101111110110111111111111111111011111111111 1110010011000100111110000100100001010001111101000000001001101111 1011000010000100011101011011101100001000110100001110101100000111 0000000000000000010000000000001000010100000000000000000010000000 0000000000000000000000000000000010010000000000001101000000000000
00:33:08.822.225 INFO root: trail ~0000101100000111 -> 1100101100000000: 1111111111111111010011111111111111111111111111111000111111111111 1111011111111011111111111101111111111111111101111101111111101111 1100111100000000111101010011111100010100111100101111100011110100 1111110110110111001100000000000000001101011001110111011111011011 0010010000000000000000000000000000000000001001000010000000000000 1100000000000000101100000000000000000000000000000000000000000000
00:33:08.823.226 INFO root: trail ~0000101111010000 -> 0000110000001101: 1111111111111111010011111111111100101111111111111111111111111111 1111111111011011111110111101111101111111111111110111111111111111 1010001000101111111101000000100000000110111111111000111110001111 0111000000000110011110110111111011011011001100001110110110110000 0000000000000100001000000100000000000010000000001000000000000000 0000000000000000110000000000000000000000000000001101000000000000
00:33:08.823.227 INFO root: trail ~0000000010111101 -> 0000110100001010: 1111111111111111111111111111111101001111111111110010111111111111 1111111111101111011101111111111110111111111111011111111111011111 0010001001001100000111111110010100101001100001000001010000011111 0111000011100111111000001101111100000000110100000000000011100110 0000000000001000000000001000000000000000000000100100000001000000 0000000000000000110100000000000000000000000000001010000000000000
00:33:08.824.227 INFO root: trail ~0000110110110000 -> 0000000001110111: 1111111111111111001011111111111101001111111111111111111111111111 1111111101111101111101111110111111101111111111111011111111111111 1100010111110010000111111111111100100111000000110100010110001100 0100110100000000000011111101011101110000001001111101011110111111 0000000000000010000000000000100001000010000000000000100010000000 0000000000000000000000000000000001110000000000000111000000000000
00:33:08.824.228 INFO root: trail ~1011000000000111 -> 0111110100000000: 0100111111111111111111111111111111111111111111111000111111111111 1111111111111111011111111111011011111111111110111111101111101111 1000100011111111001010000010000000101001111110011111111111001000 0000001001110000111000000111101001111011101110001011101001111101 0001001000000000000000000001000000000000000100000100000000001000 0111000000000000110100000000000000000000000000000000000000000000
00:33:08.825.228 INFO root: trail ~1011000000001011 -> 1011000000000111: 0100111111111111111111111111111111111111111111110100111111111111 0111011111111111111111111111111111111111111011011111110111011111 1100100010110100010011110001111111110110011010010010000000100010 0111011111011101000110010011010010110000110001000000110100001110 1100000000000010000000000000000000001000000000000000000001000100 1011000000000000000000000000000000000000000000000111000000000000
00:33:08.826.229 INFO root: trail ~1101000000000111 -> 0111000010110000: 0010111111111111111111111111111111111111111111111000111111111111 1101110111111111101111111111111111111111101101111111011111111111 0000010011111000001000000100101101000100100111111111111111100011 0000000011110000111110110000000010101101000111101011011101110111 1000000000100000000000100000010000100000100000000000000000000000 0111000000000000000000000000000010110000000000000000000000000000
00:33:08.826.230 INFO root: trail ~1011110100000000 -> 0000101100000111: 0100111111111111001011111111111111111111111111111111111111111111 1101111111111111111111111011101111111011011111111101111111111111 1000110000000110111111111111010000101111011110000000100011001111 1100101100000111000011010111101100001110111101101110111000110000 0000100000000000001000000100000000001000000000100000000001000000 0000000000000000101100000000000000000000000000000111000000000000
00:33:08.827.230 INFO root: trail ~0101011100000000 -> 1011000011010000: 1010111111111111100011111111111111111111111111111111111111111111 1111111111110111111111111111111111110111110111111101011111111111 1111100000100100010110000101011011111011100001001111010011111111 0100000001101101101110110111011111011111110110110000011101100000 0000000010000000000010000000000010000000000100000000001000001000 1011000000000000000000000000000011010000000000000000000000000000
00:33:08.828.231 INFO root: trail ~1011000010110000 -> 0000000011011101: 0100111111111111111111111111111101001111111111111111111111111111 1101111110111111111101111111011111111111111111111111110111110111 0110001011000100111100101000111101000100010000100111001011110000 1011000000000101000110101000000010111111001001101101000010111011 0000000000000000010000000000100001000100000000000000100000100000 0000000000000000000000000000000011010000000000001101000000000000
00:33:08.828.231 INFO root: trail ~0000011100000111 -> 0111000000000011: 1111111111111111100011111111111111111111111111111000111111111111 1111011111111110111011110111111111110111111101111111111111111111 0011111110000010111101001111100011110010110000010100000001001000 1101101111010111010100010000000000000000101010101111100011010110 1000000000000000100001000000000000000000000000000000000000101000 0111000000000000000000000000000000000000000000000011000000000000
00:33:08.829.232 INFO root: trail ~0111000000001010 -> 0000000010111011: 1000111111111111111111111111111111111111111111110101111111111111 1101111111111111101111111111011111111111111111111111011111011111 1111010001000010100011110100100001000010100011110000101111110100 0000000010110000011101110111110100001011101111010100111100000000 0000000010001000000000000000000000011001000000000000010000000000 0000000000000000000000000000000010110000000000001011000000000000
00:33:08.829.233 INFO root: trail ~0000101100001011 -> 0000101110110000: 1111111111111111010011111111111111111111111111110100111111111111 1111111111111001101111111111111111111011111111111111111110101111 1111010001000100100111000100111111000100111101000010111100100010 1111000111010000000010011100011101110110111101110001000000001011 0000100000100000000000000100100000100000000000001000000000000000 0000000000000000101100000000000010110000000000000000000000000000
00:33:08.830.233 INFO root: trail ~1011000010110000 -> 0000011101110000: 0100111111111111111111111111111101001111111111111111111111111111 0111111101111111111111111111101101111111111111111111101111111101 0000001011110110001000110100001000100100010100001111111101001111 0101101111010000110100001000010010111111101000000000101100001111 0000010000100000000000000000100000000000000000100100010000000000 0000000000000000011100000000000001110000000000000000000000000000
00:33:08.831.234 INFO root: trail ~1011101100000000 -> 1101011100000000: 0100111111111111010011111111111111111111111111111111111111111111 0111111111111111111111111101101111111101111111110111110111111111 0000111111110110111100100011111101000100001111001001000010001001 0101011100101010111001110000110110010111000011101101000001001110 0001010000000000000000000000000000000000100001000100000000000100 1101000000000000011100000000000000000000000000000000000000000000
00:33:08.831.235 INFO root: trail ~0000000011010111 -> 0000110100001011: 1111111111111111111111111111111100101111111111111000111111111111 1111110111111111111111001111111101111111111110111111111111101111 1111010001000001010001001101001001000001111111110100011011111111 1111011100001010011101111100101110011101101101000000110101010000 0000010000000000100000000000000000000001000001000100000001000000 0000000000000000110100000000000000000000000000001011000000000000
00:33:08.832.235 INFO root: trail ~0000000011011011 -> 1101000000001101: 1111111111111111111111111111111100101111111111110100111111111111 1111110111101111110111111111111111011111111110111111111111111101 0101111111110010000011111111000011110001001011111000010010000100 0000011110110000111100000000110001110000111101111101010110111011 1000000000000000100000000000000000000001100000000000000000100100 1101000000000000000000000000000000000000000000001101000000000000
00:33:08.833.236 INFO root: end
