00:00:00.139.540 INFO root: added file handler at 2021-09-13.16:16:08
00:00:00.140.540 INFO root: columns 0 -> 3
00:00:01.581.981 INFO root: Constraints: 100101010
00:00:01.581.981 INFO root: cons_SSB_card = 1
00:00:01.581.982 INFO root: cons_SSB_box_lb = 0
00:00:01.581.982 INFO root: cons_SSB_box_ub = 0
00:00:01.581.982 INFO root: cons_SSB_lb = 1
00:00:01.582.982 INFO root: cons_SSB_ub = 0
00:00:01.582.982 INFO root: cons_MC_card = 1
00:00:01.582.982 INFO root: cons_MC_matching = 0
00:00:01.582.983 INFO root: cons_MC_lb = 1
00:00:01.582.983 INFO root: cons_MC_ub2 = 0
00:00:01.906.307 INFO root: full ssb
00:00:02.024.425 INFO root: load .cache/SboxDivision.components_anf_closures.self_sboxB3EE8018B75371CE.args_068BA53CAF4BB89BC84341E5E0A9E860E078799A9E9F3CD8F2B19C3FC4CEC936 succeeded
00:00:02.036.436 INFO root: anfsI 255
00:00:02.043.443 INFO root: load .cache/SboxDivision.components_anf_closures.self_sboxFA83BF4B256071FB.args_068BA53CAF4BB89BC84341E5E0A9E860E078799A9E9F3CD8F2B19C3FC4CEC936 succeeded
00:00:02.054.455 INFO root: anfsO 255
00:00:02.140.540 INFO root: load .cache/SboxDivision.cnf_lb.self_sbox391D96FD000E6C5B.args_068BA53CAF4BB89BC84341E5E0A9E860E078799A9E9F3CD8F2B19C3FC4CEC936 succeeded
00:00:04.928.329 INFO root: SSB round 2 column 0
00:00:06.393.793 INFO root: load .cache/SboxDivision.minimal_max.self_sbox0F7EC76E48F1C66A.args_068BA53CAF4BB89BC84341E5E0A9E860E078799A9E9F3CD8F2B19C3FC4CEC936 succeeded
00:00:14.388.788 INFO root: load .cache/SboxDivision.divcore.self_sbox0F7EC76E48F1C66A.args_068BA53CAF4BB89BC84341E5E0A9E860E078799A9E9F3CD8F2B19C3FC4CEC936 succeeded
00:00:20.427.827 INFO root: load .cache/SboxDivision.cnf_lb.self_sbox0F7EC76E48F1C66A.args_068BA53CAF4BB89BC84341E5E0A9E860E078799A9E9F3CD8F2B19C3FC4CEC936 succeeded
00:00:31.417.817 INFO root: SSB round 2 column 1
00:00:33.072.472 INFO root: load .cache/SboxDivision.minimal_max.self_sbox97CD3E51D99FE8E5.args_068BA53CAF4BB89BC84341E5E0A9E860E078799A9E9F3CD8F2B19C3FC4CEC936 succeeded
00:00:41.157.557 INFO root: load .cache/SboxDivision.divcore.self_sbox97CD3E51D99FE8E5.args_068BA53CAF4BB89BC84341E5E0A9E860E078799A9E9F3CD8F2B19C3FC4CEC936 succeeded
00:00:47.264.665 INFO root: load .cache/SboxDivision.cnf_lb.self_sbox97CD3E51D99FE8E5.args_068BA53CAF4BB89BC84341E5E0A9E860E078799A9E9F3CD8F2B19C3FC4CEC936 succeeded
00:00:58.232.632 INFO root: SSB round 2 column 2
00:00:59.659.059 INFO root: load .cache/SboxDivision.minimal_max.self_sboxFA83BF4B256071FB.args_068BA53CAF4BB89BC84341E5E0A9E860E078799A9E9F3CD8F2B19C3FC4CEC936 succeeded
00:01:07.667.067 INFO root: load .cache/SboxDivision.divcore.self_sboxFA83BF4B256071FB.args_068BA53CAF4BB89BC84341E5E0A9E860E078799A9E9F3CD8F2B19C3FC4CEC936 succeeded
00:01:13.744.145 INFO root: load .cache/SboxDivision.cnf_lb.self_sboxFA83BF4B256071FB.args_068BA53CAF4BB89BC84341E5E0A9E860E078799A9E9F3CD8F2B19C3FC4CEC936 succeeded
00:01:24.562.962 INFO root: SSB round 2 column 3
00:01:50.145.545 INFO root: SSB round 4 column 0
00:02:13.333.734 INFO root: SSB round 4 column 1
00:02:15.015.416 INFO root: load .cache/SboxDivision.minimal_max.self_sboxB5083D73B8917F33.args_068BA53CAF4BB89BC84341E5E0A9E860E078799A9E9F3CD8F2B19C3FC4CEC936 succeeded
00:02:24.959.359 INFO root: load .cache/SboxDivision.divcore.self_sboxB5083D73B8917F33.args_068BA53CAF4BB89BC84341E5E0A9E860E078799A9E9F3CD8F2B19C3FC4CEC936 succeeded
00:02:32.785.186 INFO root: load .cache/SboxDivision.cnf_lb.self_sboxB5083D73B8917F33.args_068BA53CAF4BB89BC84341E5E0A9E860E078799A9E9F3CD8F2B19C3FC4CEC936 succeeded
00:02:45.260.660 INFO root: SSB round 4 column 2
00:03:08.472.872 INFO root: SSB round 4 column 3
00:03:35.784.185 INFO root: mask pairs: 255 x 255 = 65025
00:03:35.785.185 INFO root: #trails 0 
00:03:35.785.185 INFO root: mask pair #1 / 65025: 0001011001100000 1011000110111011anfI_max <DenseSet hash=11f1850945b3f581 n=16 wt=94 | 3:2 4:12 5:57 6:23> anfO_max <DenseSet hash=8b362185f41d3530 n=16 wt=81 | 3:4 4:15 5:37 6:25>
00:03:44.054.454 INFO root: solving SAT...
00:04:11.333.733 INFO root: SAT solve time: 27.278659105300903
00:04:11.333.734 INFO root: SAT_times: 27.3 - 27.3, avg 27.3 med 27.3
00:04:11.334.734 INFO root: middle division transition ~0111000000000010 -> 0000000011011011 (~4 -> 6)
00:04:11.334.734 INFO root: mid transition: 0111000000000010 0000000011011011 4 6
00:04:11.334.735 INFO root: full trace:
00:04:11.335.735 INFO root: 1000 1111 1111 1111 1111 1111 1111 1111 1111 1111 1111 1111 1101 1111 1111 1111# initial
00:04:11.335.736 INFO root: 1111 1111 1111 1111 1011 1111 1111 1110 1111 1111 1011 1111 1111 1011 1111 1111# after SR MC SR
00:04:11.336.736 INFO root: 1000 0100 1010 1111 1111 0100 0100 1100 1010 1100 1111 1010 1000 1111 0100 1111# after SSB
00:04:11.336.737 INFO root: 1101 0000 0000 1101 0000 1101 1001 1001 1111 1011 1100 1011 1011 0111 0110 1011# after SR MC SR
00:04:11.337.737 INFO root: 0000 0000 0000 0000 0000 0000 1000 0100 1000 0000 0000 0010 1000 1000 0000 0000# after SSB
00:04:11.338.738 INFO root: 0000 0000 0000 0000 0000 0000 0000 0000 0000 0000 0000 1101 0000 0000 0000 1011# after SR MC SR
00:04:11.338.738 INFO root: 
00:04:11.338.738 INFO root: new trail: 0111000000000010 -> 0000000011011011
00:04:11.338.739 INFO root: #trails 1 
00:04:11.339.739 INFO root: mask pair #2 / 65025: 0001011101110111 0000101110100000anfI_max <DenseSet hash=fc154b06af2f2622 n=16 wt=97 | 3:3 4:14 5:57 6:23> anfO_max <DenseSet hash=1e9390af6db33bf9 n=16 wt=81 | 3:2 4:14 5:33 6:32>
00:04:19.455.855 INFO root: solving SAT...
00:05:20.949.350 INFO root: SAT solve time: 61.493677616119385
00:05:20.949.350 INFO root: SAT_times: 27.3 - 61.5, avg 44.4 med 61.5
00:05:20.950.350 INFO root: middle division transition ~1011000000001101 -> 1101000010110000 (~6 -> 6)
00:05:20.950.351 INFO root: mid transition: 1011000000001101 1101000010110000 6 6
00:05:20.950.351 INFO root: full trace:
00:05:20.951.351 INFO root: 0100 1111 1111 1111 1111 1111 1111 1111 1111 1111 1111 1111 0010 1111 1111 1111# initial
00:05:20.951.352 INFO root: 0111 1011 1111 1111 1111 1111 1111 1111 1111 1111 1011 0111 1111 1011 1101 1111# after SR MC SR
00:05:20.951.352 INFO root: 0100 0000 1000 1100 1100 1101 0001 1011 0100 1111 1010 1111 1111 0011 0001 1001# after SSB
00:05:20.952.352 INFO root: 0111 0111 1110 1101 1011 0000 0000 1010 1001 1101 0000 0000 0111 1101 0111 0110# after SR MC SR
00:05:20.952.353 INFO root: 0000 0000 0000 0010 0001 0000 0110 0000 0000 0010 0000 0000 0010 0000 0000 0000# after SSB
00:05:20.953.353 INFO root: 0000 0000 0000 1101 0000 0000 0000 0000 0000 0000 0000 1011 0000 0000 0000 0000# after SR MC SR
00:05:20.953.353 INFO root: 
00:05:20.953.354 INFO root: new trail: 1011000000001101 -> 1101000010110000
00:05:20.954.354 INFO root: #trails 2 
00:05:20.954.354 INFO root: mask pair #3 / 65025: 0001000001110001 1010101110110000anfI_max <DenseSet hash=fe139669d97daf1c n=16 wt=85 | 3:3 4:14 5:38 6:30> anfO_max <DenseSet hash=3cf7f6efaf86c033 n=16 wt=81 | 3:3 4:9 5:46 6:23>
00:05:29.610.011 INFO root: solving SAT...
00:05:52.365.766 INFO root: SAT solve time: 22.754754781723022
00:05:52.366.766 INFO root: SAT_times: 22.8 - 61.5, avg 37.2 med 27.3
00:05:52.366.767 INFO root: middle division transition ~1101101100000000 -> 1101100100000000 (~6 -> 5)
00:05:52.367.767 INFO root: mid transition: 1101101100000000 1101100100000000 6 5
00:05:52.367.767 INFO root: full trace:
00:05:52.368.768 INFO root: 0010 1111 1111 1111 0100 1111 1111 1111 1111 1111 1111 1111 1111 1111 1111 1111# initial
00:05:52.368.769 INFO root: 0111 1111 1111 0111 1111 1111 0111 1111 1111 0111 1011 1111 1111 0111 1111 1111# after SR MC SR
00:05:52.369.769 INFO root: 1100 0011 1001 1000 1000 0010 1000 1111 0100 0010 1000 1010 1111 0100 1011 0010# after SSB
00:05:52.369.770 INFO root: 0000 1111 0000 0000 0111 1101 0011 1010 1011 1100 1110 1001 0011 0000 0000 1010# after SR MC SR
00:05:52.369.770 INFO root: 0000 0000 0000 1000 1000 0010 0000 0000 0000 1000 0100 0000 0000 0000 0000 0000# after SSB
00:05:52.370.770 INFO root: 0000 0000 0000 1101 0000 0000 0000 1001 0000 0000 0000 0000 0000 0000 0000 0000# after SR MC SR
00:05:52.370.770 INFO root: 
00:05:52.370.771 INFO root: new trail: 1101101100000000 -> 1101100100000000
00:05:52.371.771 INFO root: #trails 3 
00:05:52.371.772 INFO root: mask pair #8 / 65025: 0000000101100001 0001000110100000anfI_max <DenseSet hash=f9a2622cd9ba514d n=16 wt=92 | 3:1 4:16 5:50 6:25> anfO_max <DenseSet hash=cff3df36c21c85fb n=16 wt=74 | 3:3 4:5 5:35 6:31>
00:06:00.206.606 INFO root: solving SAT...
00:06:43.041.441 INFO root: SAT solve time: 42.83453679084778
00:06:43.041.442 INFO root: SAT_times: 22.8 - 61.5, avg 38.6 med 42.8
00:06:43.042.442 INFO root: middle division transition ~0000000010101011 -> 0000000001111011 (~5 -> 6)
00:06:43.042.443 INFO root: mid transition: 0000000010101011 0000000001111011 5 6
00:06:43.042.443 INFO root: full trace:
00:06:43.043.443 INFO root: 1111 1111 1111 1111 1111 1111 1111 1111 0101 1111 1111 1111 0100 1111 1111 1111# initial
00:06:43.043.444 INFO root: 1111 0111 0111 1111 1111 1111 1111 1111 1110 1111 1111 1101 1111 1111 1101 1111# after SR MC SR
00:06:43.044.444 INFO root: 0010 0010 0000 1000 1111 1101 1111 1111 1111 1111 0010 0011 1001 0010 1001 1000# after SSB
00:06:43.044.445 INFO root: 0111 1101 0101 1110 1110 0010 1110 0111 1011 1101 0000 1110 0011 0000 0000 1011# after SR MC SR
00:06:43.045.446 INFO root: 0000 0000 0000 0000 0000 0000 1000 1000 0010 0000 0000 0100 0100 0010 0000 0000# after SSB
00:06:43.045.446 INFO root: 0000 0000 0000 0000 0000 0000 0000 0000 0000 0000 0000 0111 0000 0000 0000 1011# after SR MC SR
00:06:43.046.446 INFO root: 
00:06:43.046.446 INFO root: new trail: 0000000010101011 -> 0000000001111011
00:06:43.047.447 INFO root: #trails 4 
00:06:43.047.448 INFO root: mask pair #11 / 65025: 0000011100010001 1010000000010000anfI_max <DenseSet hash=b86e4d189a0d4589 n=16 wt=74 | 3:2 4:4 5:39 6:29> anfO_max <DenseSet hash=a2c4b7455ead6456 n=16 wt=89 | 3:3 4:15 5:46 6:25>
00:06:51.234.634 INFO root: solving SAT...
00:07:06.662.062 INFO root: SAT solve time: 15.427714109420776
00:07:06.662.063 INFO root: SAT_times: 15.4 - 61.5, avg 34.0 med 27.3
00:07:06.663.063 INFO root: middle division transition ~1101101000000000 -> 1101000001110000 (~5 -> 6)
00:07:06.663.063 INFO root: mid transition: 1101101000000000 1101000001110000 5 6
00:07:06.663.064 INFO root: full trace:
00:07:06.664.064 INFO root: 0010 1111 1111 1111 0101 1111 1111 1111 1111 1111 1111 1111 1111 1111 1111 1111# initial
00:07:06.664.064 INFO root: 1111 1111 1111 1111 1111 1111 1111 1101 1111 1101 1110 1111 1101 1011 1111 1111# after SR MC SR
00:07:06.664.065 INFO root: 1111 1000 1111 0011 0011 0111 1111 0100 0100 0000 1111 1111 0100 1111 0001 1000# after SSB
00:07:06.665.065 INFO root: 1101 1111 0000 0111 1011 1101 1001 0111 1111 0000 1011 0000 0000 1101 1101 0111# after SR MC SR
00:07:06.665.066 INFO root: 0000 0010 0000 0100 0100 0000 1000 0000 0000 0100 0000 0000 0100 0000 0000 0000# after SSB
00:07:06.666.066 INFO root: 0000 0000 0000 1101 0000 0000 0000 0000 0000 0000 0000 0111 0000 0000 0000 0000# after SR MC SR
00:07:06.666.066 INFO root: 
00:07:06.666.066 INFO root: new trail: 1101101000000000 -> 1101000001110000
00:07:06.667.067 INFO root: #trails 5 
00:07:06.667.067 INFO root: mask pair #14 / 65025: 0000011000010111 0000101000000001anfI_max <DenseSet hash=7f5678126b14c046 n=16 wt=99 | 3:1 4:11 5:64 6:23> anfO_max <DenseSet hash=884ce6c81dd484b6 n=16 wt=85 | 3:3 4:17 5:42 6:23>
00:07:15.159.559 INFO root: solving SAT...
00:07:38.019.420 INFO root: SAT solve time: 22.85993766784668
00:07:38.020.421 INFO root: SAT_times: 15.4 - 61.5, avg 32.1 med 27.3
00:07:38.020.421 INFO root: middle division transition ~1011000000000111 -> 1011110100000000 (~6 -> 6)
00:07:38.021.421 INFO root: mid transition: 1011000000000111 1011110100000000 6 6
00:07:38.021.421 INFO root: full trace:
00:07:38.021.422 INFO root: 0100 1111 1111 1111 1111 1111 1111 1111 1111 1111 1111 1111 1000 1111 1111 1111# initial
00:07:38.022.422 INFO root: 0111 0011 1111 1111 1111 1111 1111 1111 1111 1111 0111 0111 1111 1011 1111 1111# after SR MC SR
00:07:38.022.423 INFO root: 1111 0100 0010 0010 1111 0000 1111 0010 0111 1111 1000 1000 1111 1000 0100 1111# after SSB
00:07:38.023.423 INFO root: 0000 1011 0000 0110 0011 1110 1011 1111 1101 1101 1011 0111 1100 0101 0011 0000# after SR MC SR
00:07:38.023.424 INFO root: 0000 0000 0000 1000 1000 0001 0000 0000 0000 1000 0010 0000 0000 0000 0000 0100# after SSB
00:07:38.024.424 INFO root: 0000 0000 0000 1011 0000 0000 0000 1101 0000 0000 0000 0000 0000 0000 0000 0000# after SR MC SR
00:07:38.024.425 INFO root: 
00:07:38.024.425 INFO root: new trail: 1011000000000111 -> 1011110100000000
00:07:38.025.426 INFO root: #trails 6 
00:07:38.026.426 INFO root: mask pair #20 / 65025: 0111000101100111 1010101000001011anfI_max <DenseSet hash=b56c70f8fa4970ad n=16 wt=96 | 3:3 4:5 5:67 6:21> anfO_max <DenseSet hash=3c2fbe64f6787b91 n=16 wt=77 | 3:2 4:12 5:36 6:27>
00:07:46.714.115 INFO root: solving SAT...
00:08:13.122.522 INFO root: SAT solve time: 26.4070086479187
00:08:13.122.523 INFO root: SAT_times: 15.4 - 61.5, avg 31.3 med 26.4
00:08:13.123.523 INFO root: middle division transition ~0000011100001011 -> 0101101100000000 (~6 -> 5)
00:08:13.123.523 INFO root: mid transition: 0000011100001011 0101101100000000 6 5
00:08:13.123.524 INFO root: full trace:
00:08:13.124.524 INFO root: 1111 1111 1111 1111 1000 1111 1111 1111 1111 1111 1111 1111 0100 1111 1111 1111# initial
00:08:13.124.525 INFO root: 1111 1111 1111 0111 1101 1111 0111 1111 1111 0111 1111 1011 1111 1111 1101 1111# after SR MC SR
00:08:13.125.525 INFO root: 1111 1010 0100 0000 0100 1111 1000 0100 0100 0110 1111 1111 1111 1110 0000 1000# after SSB
00:08:13.126.526 INFO root: 1011 1010 0000 0000 1110 0111 0111 1011 0000 0000 0111 1101 0000 1111 1101 0111# after SR MC SR
00:08:13.126.527 INFO root: 0010 0000 0000 0000 0000 0100 0000 0000 0000 1000 0000 0000 0000 0000 0010 1000# after SSB
00:08:13.126.527 INFO root: 0000 0000 0000 0101 0000 0000 0000 1011 0000 0000 0000 0000 0000 0000 0000 0000# after SR MC SR
00:08:13.127.527 INFO root: 
00:08:13.127.527 INFO root: new trail: 0000011100001011 -> 0101101100000000
00:08:13.128.528 INFO root: #trails 7 
00:08:13.128.528 INFO root: mask pair #23 / 65025: 0110011100010110 0000101110110001anfI_max <DenseSet hash=f22b235d61c108ef n=16 wt=79 | 3:1 4:12 5:38 6:28> anfO_max <DenseSet hash=ef8638eed3785e01 n=16 wt=93 | 3:7 4:29 5:39 6:18>
00:08:21.655.055 INFO root: solving SAT...
00:08:43.884.285 INFO root: SAT solve time: 22.22887682914734
00:08:43.885.285 INFO root: SAT_times: 15.4 - 61.5, avg 30.2 med 26.4
00:08:43.885.285 INFO root: middle division transition ~1011000011010000 -> 1011000000001101 (~6 -> 6)
00:08:43.885.286 INFO root: mid transition: 1011000011010000 1011000000001101 6 6
00:08:43.885.286 INFO root: full trace:
00:08:43.886.286 INFO root: 0100 1111 1111 1111 1111 1111 1111 1111 0010 1111 1111 1111 1111 1111 1111 1111# initial
00:08:43.886.287 INFO root: 1110 1111 1111 1111 1111 1111 1111 1101 0011 1111 1011 1111 1111 1111 1111 1101# after SR MC SR
00:08:43.887.287 INFO root: 0001 1111 1111 0000 1000 1111 1100 0100 0100 1111 1000 1111 0100 1111 0010 1010# after SSB
00:08:43.887.288 INFO root: 0111 1111 1110 1011 1101 0111 1110 0000 0001 0000 1100 1000 0000 1101 0111 1101# after SR MC SR
00:08:43.887.288 INFO root: 0000 0000 0010 0000 0010 0000 0000 1000 0000 0100 0000 0000 0000 0100 1000 0000# after SSB
00:08:43.888.288 INFO root: 0000 0000 0000 1011 0000 0000 0000 0000 0000 0000 0000 0000 0000 0000 0000 1101# after SR MC SR
00:08:43.888.288 INFO root: 
00:08:43.888.289 INFO root: new trail: 1011000011010000 -> 1011000000001101
00:08:43.889.289 INFO root: #trails 8 
00:08:43.889.290 INFO root: mask pair #28 / 65025: 0110000001100001 0001101000001011anfI_max <DenseSet hash=5e4d5ffcb7d91242 n=16 wt=81 | 3:5 4:30 5:22 6:24> anfO_max <DenseSet hash=825738baa78d9184 n=16 wt=83 | 2:1 3:4 4:20 5:38 6:20>
00:08:52.210.611 INFO root: solving SAT...
00:09:39.315.716 INFO root: SAT solve time: 47.104257583618164
00:09:39.317.717 INFO root: SAT_times: 15.4 - 61.5, avg 32.0 med 26.4
00:09:39.318.718 INFO root: middle division transition ~0000000001110111 -> 0000110110110000 (~6 -> 6)
00:09:39.318.719 INFO root: mid transition: 0000000001110111 0000110110110000 6 6
00:09:39.319.719 INFO root: full trace:
00:09:39.319.720 INFO root: 1111 1111 1111 1111 1111 1111 1111 1111 1000 1111 1111 1111 1000 1111 1111 1111# initial
00:09:39.320.721 INFO root: 1111 1110 1110 1111 1111 1110 1111 1111 1101 1111 1111 1110 1111 1111 0111 1111# after SR MC SR
00:09:39.321.722 INFO root: 1000 1100 1111 0010 1111 1000 0000 1111 0010 0100 1111 1110 1000 0100 1101 1111# after SSB
00:09:39.322.723 INFO root: 1111 1010 0010 1101 0000 0111 1101 0000 1101 0000 0111 1111 1011 1011 0000 1101# after SR MC SR
00:09:39.323.724 INFO root: 0010 0000 0000 0000 0000 0100 1000 0000 0000 0000 0000 0010 0010 0000 0000 1000# after SSB
00:09:39.324.725 INFO root: 0000 0000 0000 0000 0000 0000 0000 1101 0000 0000 0000 1011 0000 0000 0000 0000# after SR MC SR
00:09:39.325.725 INFO root: 
00:09:39.325.726 INFO root: new trail: 0000000001110111 -> 0000110110110000
00:09:39.327.727 INFO root: #trails 9 
00:09:39.327.728 INFO root: mask pair #41 / 65025: 0111000100000111 0000101110100001anfI_max <DenseSet hash=2c2ae48b0c29e7b4 n=16 wt=64 | 3:1 4:5 5:22 6:36> anfO_max <DenseSet hash=ccdfad3714fcd29f n=16 wt=81 | 3:2 4:17 5:45 6:17>
00:09:47.608.008 INFO root: solving SAT...
00:10:18.075.476 INFO root: SAT solve time: 30.46687388420105
00:10:18.076.476 INFO root: SAT_times: 15.4 - 61.5, avg 31.9 med 27.3
00:10:18.076.477 INFO root: middle division transition ~0000000011011011 -> 0111000010110000 (~6 -> 6)
00:10:18.076.477 INFO root: mid transition: 0000000011011011 0111000010110000 6 6
00:10:18.077.477 INFO root: full trace:
00:10:18.077.478 INFO root: 1111 1111 1111 1111 1111 1111 1111 1111 0010 1111 1111 1111 0100 1111 1111 1111# initial
00:10:18.077.478 INFO root: 1111 1111 1111 1111 1101 1011 1111 1111 1011 1111 1111 1011 1111 1111 1101 1110# after SR MC SR
00:10:18.078.478 INFO root: 1001 0010 0111 0001 0000 0001 1001 1111 0100 1111 1000 1011 1111 1111 1111 0001# after SSB
00:10:18.078.479 INFO root: 0111 1011 1101 1011 0111 1101 0000 0000 1101 0111 1001 1111 1110 0000 0000 1101# after SR MC SR
00:10:18.079.479 INFO root: 0000 0100 0000 0100 0100 0000 0000 0000 0000 0000 0000 1000 0100 0000 0001 0000# after SSB
00:10:18.079.479 INFO root: 0000 0000 0000 0111 0000 0000 0000 0000 0000 0000 0000 1011 0000 0000 0000 0000# after SR MC SR
00:10:18.079.480 INFO root: 
00:10:18.079.480 INFO root: new trail: 0000000011011011 -> 0111000010110000
00:10:18.080.481 INFO root: #trails 10 
00:10:18.080.481 INFO root: mask pair #47 / 65025: 0111000100010111 1010000000010001anfI_max <DenseSet hash=b86ab074183281a0 n=16 wt=111 | 3:1 4:19 5:77 6:14> anfO_max <DenseSet hash=1cb7c5bc033688cb n=16 wt=97 | 3:3 4:30 5:44 6:20>
00:10:25.822.223 INFO root: solving SAT...
00:11:10.184.585 INFO root: SAT solve time: 44.361396074295044
00:11:10.185.585 INFO root: SAT_times: 15.4 - 61.5, avg 33.0 med 27.3
00:11:10.185.586 INFO root: middle division transition ~0000110100000011 -> 0111011100000000 (~5 -> 6)
00:11:10.185.586 INFO root: mid transition: 0000110100000011 0111011100000000 5 6
00:11:10.186.586 INFO root: full trace:
00:11:10.186.587 INFO root: 1111 1111 1111 1111 0010 1111 1111 1111 1111 1111 1111 1111 1100 1111 1111 1111# initial
00:11:10.187.587 INFO root: 1111 1111 1111 1111 1111 1111 1101 1111 1111 0111 1111 1101 0111 1111 0111 1111# after SR MC SR
00:11:10.187.588 INFO root: 1100 1000 0100 0100 1000 1111 0000 1100 1111 1000 0010 1111 0100 0010 1111 1001# after SSB
00:11:10.188.589 INFO root: 1110 0000 1101 1100 0000 1100 0000 1101 1011 1001 1101 0011 1110 0000 1111 0000# after SR MC SR
00:11:10.189.589 INFO root: 1000 0000 0000 0100 0010 1000 0000 0000 0000 0000 0100 0000 0000 0000 0010 0000# after SSB
00:11:10.189.590 INFO root: 0000 0000 0000 0111 0000 0000 0000 0111 0000 0000 0000 0000 0000 0000 0000 0000# after SR MC SR
00:11:10.189.590 INFO root: 
00:11:10.190.590 INFO root: new trail: 0000110100000011 -> 0111011100000000
00:11:10.193.593 INFO root: #trails 11 
00:11:10.193.594 INFO root: mask pair #225 / 65025: 0111000101110001 1011101000010001anfI_max <DenseSet hash=ede16bc31b23cf2d n=16 wt=76 | 3:5 4:17 5:21 6:33> anfO_max <DenseSet hash=ebd4496e0c7b126c n=16 wt=84 | 3:3 4:14 5:46 6:21>
00:11:18.249.649 INFO root: solving SAT...
00:11:51.296.696 INFO root: SAT solve time: 33.04671120643616
00:11:51.296.697 INFO root: SAT_times: 15.4 - 61.5, avg 33.0 med 30.5
00:11:51.297.697 INFO root: middle division transition ~0000011010110000 -> 0111000000001011 (~5 -> 6)
00:11:51.297.697 INFO root: mid transition: 0000011010110000 0111000000001011 5 6
00:11:51.297.698 INFO root: full trace:
00:11:51.297.698 INFO root: 1111 1111 1111 1111 1001 1111 1111 1111 0100 1111 1111 1111 1111 1111 1111 1111# initial
00:11:51.298.698 INFO root: 1111 1111 1011 1011 1111 1101 1111 1111 1111 1111 1111 1111 1011 1111 1111 0111# after SR MC SR
00:11:51.298.699 INFO root: 0100 0010 0111 0000 0100 0100 1010 0100 1111 1111 1111 1111 1000 0011 0100 0010# after SSB
00:11:51.299.699 INFO root: 1101 0000 0111 0100 0111 0011 0001 0011 1100 0010 0000 0111 0111 1001 1001 1110# after SR MC SR
00:11:51.299.700 INFO root: 0000 0000 0000 1000 0001 0000 0000 0001 0010 0000 0000 0000 0000 0010 1000 0000# after SSB
00:11:51.300.700 INFO root: 0000 0000 0000 0111 0000 0000 0000 0000 0000 0000 0000 0000 0000 0000 0000 1011# after SR MC SR
00:11:51.300.700 INFO root: 
00:11:51.300.701 INFO root: new trail: 0000011010110000 -> 0111000000001011
00:11:51.301.702 INFO root: #trails 12 
00:11:51.301.702 INFO root: mask pair #252 / 65025: 0110011000010111 1010000010110001anfI_max <DenseSet hash=722ef13489f8e250 n=16 wt=83 | 3:2 4:11 5:42 6:28> anfO_max <DenseSet hash=d7074cbd4ad02cfb n=16 wt=74 | 3:2 4:13 5:34 6:25>
00:11:59.255.655 INFO root: solving SAT...
00:12:31.676.076 INFO root: SAT solve time: 32.42027235031128
00:12:31.676.077 INFO root: SAT_times: 15.4 - 61.5, avg 33.0 med 30.5
00:12:31.676.077 INFO root: middle division transition ~0000011011010000 -> 0111000010110000 (~5 -> 6)
00:12:31.677.077 INFO root: mid transition: 0000011011010000 0111000010110000 5 6
00:12:31.677.077 INFO root: full trace:
00:12:31.677.078 INFO root: 1111 1111 1111 1111 1001 1111 1111 1111 0010 1111 1111 1111 1111 1111 1111 1111# initial
00:12:31.678.078 INFO root: 1111 1111 1111 0111 1111 0111 1011 1111 0111 1111 1111 1111 1111 1111 1111 1110# after SR MC SR
00:12:31.678.078 INFO root: 1111 0010 0101 0010 0010 1111 0100 0100 0100 0010 1000 1001 1000 0101 1111 0001# after SSB
00:12:31.678.079 INFO root: 0000 1100 1101 0101 0000 1011 1010 1011 0000 0000 1101 1101 1101 1111 0000 0000# after SR MC SR
00:12:31.679.079 INFO root: 0000 0011 0000 0000 0001 0000 0000 0000 0000 0010 0000 0010 0000 0000 1000 0000# after SSB
00:12:31.679.079 INFO root: 0000 0000 0000 0111 0000 0000 0000 0000 0000 0000 0000 1011 0000 0000 0000 0000# after SR MC SR
00:12:31.679.080 INFO root: 
00:12:31.679.080 INFO root: new trail: 0000011011010000 -> 0111000010110000
00:12:31.681.081 INFO root: #trails 13 
00:12:31.681.081 INFO root: mask pair #353 / 65025: 0000000000000110 0000000010110000anfI_max <DenseSet hash=68c34902e61fdf85 n=16 wt=92 | 3:2 4:18 5:64 6:8> anfO_max <DenseSet hash=4538e1ec0db6e265 n=16 wt=59 | 3:5 4:16 5:24 6:14>
00:12:39.720.121 INFO root: solving SAT...
00:13:16.594.995 INFO root: SAT solve time: 36.87342071533203
00:13:16.595.995 INFO root: SAT_times: 15.4 - 61.5, avg 33.3 med 32.4
00:13:16.595.996 INFO root: middle division transition ~1100000000001011 -> 1011000001100000 (~5 -> 5)
00:13:16.595.996 INFO root: mid transition: 1100000000001011 1011000001100000 5 5
00:13:16.596.996 INFO root: full trace:
00:13:16.596.997 INFO root: 0011 1111 1111 1111 1111 1111 1111 1111 1111 1111 1111 1111 0100 1111 1111 1111# initial
00:13:16.597.997 INFO root: 1111 1111 1111 1111 1101 1111 1111 1110 1111 1111 1111 1011 1111 1101 1110 1111# after SR MC SR
00:13:16.597.998 INFO root: 0011 0010 0100 0100 1000 1000 0100 0100 1111 1001 1111 0001 1011 1111 1111 0111# after SSB
00:13:16.598.998 INFO root: 1000 0111 1001 0000 0000 0111 1101 1101 0111 0111 1011 1101 1001 1110 0000 1010# after SR MC SR
00:13:16.598.998 INFO root: 0000 1000 0000 0100 0000 0000 0000 0000 0000 0001 0000 0000 1000 0000 0100 0000# after SSB
00:13:16.598.999 INFO root: 0000 0000 0000 1011 0000 0000 0000 0000 0000 0000 0000 0110 0000 0000 0000 0000# after SR MC SR
00:13:16.599.999 INFO root: 
00:13:16.599.999 INFO root: new trail: 1100000000001011 -> 1011000001100000
00:13:16.601.001 INFO root: #trails 14 
00:13:16.601.002 INFO root: mask pair #516 / 65025: 0000000001110000 1010000100000001anfI_max <DenseSet hash=9396a3c3f81fa08d n=16 wt=85 | 3:6 4:14 5:48 6:17> anfO_max <DenseSet hash=36cf4fb7e0df596b n=16 wt=86 | 3:2 4:14 5:46 6:24>
00:13:24.642.042 INFO root: solving SAT...
00:13:55.744.144 INFO root: SAT solve time: 31.101454973220825
00:13:55.744.145 INFO root: SAT_times: 15.4 - 61.5, avg 33.1 med 31.1
00:13:55.744.145 INFO root: middle division transition ~0000000001111011 -> 1011011100000000 (~6 -> 6)
00:13:55.745.145 INFO root: mid transition: 0000000001111011 1011011100000000 6 6
00:13:55.745.145 INFO root: full trace:
00:13:55.745.146 INFO root: 1111 1111 1111 1111 1111 1111 1111 1111 1000 1111 1111 1111 0100 1111 1111 1111# initial
00:13:55.746.146 INFO root: 1111 1111 1101 1111 1110 1011 1111 1111 1111 1111 1111 1111 1111 1111 0011 0111# after SR MC SR
00:13:55.746.147 INFO root: 0011 0010 0001 1101 1111 1111 0010 1100 1111 1010 0100 1110 0100 1000 1110 1111# after SSB
00:13:55.747.147 INFO root: 1101 0000 0000 1011 1101 1011 0111 0111 0101 0111 1010 0000 1011 1101 0111 0111# after SR MC SR
00:13:55.747.147 INFO root: 0010 0000 0000 0000 0001 0000 0000 0000 0000 0101 1000 0000 0000 0000 0000 0010# after SSB
00:13:55.747.148 INFO root: 0000 0000 0000 1011 0000 0000 0000 0111 0000 0000 0000 0000 0000 0000 0000 0000# after SR MC SR
00:13:55.748.148 INFO root: 
00:13:55.748.148 INFO root: new trail: 0000000001111011 -> 1011011100000000
00:13:55.767.168 INFO root: #trails 15 
00:13:55.768.168 INFO root: mask pair #3179 / 65025: 0001000100000110 1011101110100000anfI_max <DenseSet hash=4a6a30ef183ec36b n=16 wt=95 | 3:2 4:20 5:54 6:19> anfO_max <DenseSet hash=1b269507634ca0b9 n=16 wt=79 | 3:4 4:18 5:34 6:23>
00:14:03.300.700 INFO root: solving SAT...
00:15:51.077.478 INFO root: SAT solve time: 107.7770504951477
00:15:51.078.478 INFO root: SAT_times: 15.4 - 107.8, avg 37.8 med 32.4
00:15:51.078.479 INFO root: middle division transition ~0000101100000111 -> 0000101100000111 (~6 -> 6)
00:15:51.079.479 INFO root: mid transition: 0000101100000111 0000101100000111 6 6
00:15:51.079.479 INFO root: full trace:
00:15:51.079.480 INFO root: 1111 1111 1111 1111 0100 1111 1111 1111 1111 1111 1111 1111 1000 1111 1111 1111# initial
00:15:51.080.480 INFO root: 1111 0111 1111 0111 1111 1111 1011 1111 1111 1111 1111 0111 1110 1111 1011 1111# after SR MC SR
00:15:51.080.481 INFO root: 1111 1111 0010 1111 0101 0110 1100 1000 1000 0100 1101 1011 1111 0100 0100 0000# after SSB
00:15:51.081.481 INFO root: 0000 1011 0000 1011 1101 0000 1000 0111 1111 1100 1011 0111 1010 1011 1111 0000# after SR MC SR
00:15:51.081.482 INFO root: 1000 0000 0010 0000 0000 0000 0000 0000 0100 0000 0100 0000 0000 1000 0000 1000# after SSB
00:15:51.081.482 INFO root: 0000 0000 0000 0000 0000 0000 0000 1011 0000 0000 0000 0000 0000 0000 0000 0111# after SR MC SR
00:15:51.082.482 INFO root: 
00:15:51.082.482 INFO root: new trail: 0000101100000111 -> 0000101100000111
00:15:51.083.484 INFO root: #trails 16 
00:15:51.084.484 INFO root: mask pair #3248 / 65025: 0000000000000110 0000101010111011anfI_max <DenseSet hash=68c34902e61fdf85 n=16 wt=92 | 3:2 4:18 5:64 6:8> anfO_max <DenseSet hash=5bf844d64f3c41a3 n=16 wt=83 | 3:2 4:18 5:36 6:27>
00:16:00.273.673 INFO root: solving SAT...
00:17:50.903.304 INFO root: SAT solve time: 110.6300094127655
00:17:50.904.304 INFO root: SAT_times: 15.4 - 110.6, avg 42.1 med 32.4
00:17:50.904.305 INFO root: middle division transition ~0000110110110000 -> 1011000000001011 (~6 -> 6)
00:17:50.905.305 INFO root: mid transition: 0000110110110000 1011000000001011 6 6
00:17:50.905.305 INFO root: full trace:
00:17:50.905.306 INFO root: 1111 1111 1111 1111 0010 1111 1111 1111 0100 1111 1111 1111 1111 1111 1111 1111# initial
00:17:50.906.306 INFO root: 1111 1111 1111 1111 1111 0111 1101 1111 0111 0111 1111 1111 0111 1111 1111 1011# after SR MC SR
00:17:50.906.307 INFO root: 1111 1000 1111 1000 1000 1100 0010 0101 0000 0100 0100 1111 0010 0110 0010 0100# after SSB
00:17:50.907.307 INFO root: 1101 0000 1111 0000 0111 0010 0000 1010 0100 1000 0111 1001 1110 0000 0110 1100# after SR MC SR
00:17:50.907.308 INFO root: 0000 0000 1000 0010 0010 0000 0000 0000 0100 0000 0000 0000 0000 0001 1000 0000# after SSB
00:17:50.908.308 INFO root: 0000 0000 0000 1011 0000 0000 0000 0000 0000 0000 0000 0000 0000 0000 0000 1011# after SR MC SR
00:17:50.908.309 INFO root: 
00:17:50.908.309 INFO root: new trail: 0000110110110000 -> 1011000000001011
00:17:50.920.321 INFO root: #trails 17 
00:17:50.921.321 INFO root: mask pair #4459 / 65025: 0000000100010001 0000101110110001anfI_max <DenseSet hash=58b46028bcc09c4d n=16 wt=81 | 3:1 4:14 5:40 6:26> anfO_max <DenseSet hash=ef8638eed3785e01 n=16 wt=93 | 3:7 4:29 5:39 6:18>
00:17:58.699.099 INFO root: solving SAT...
00:18:35.084.485 INFO root: SAT solve time: 36.384644746780396
00:18:35.085.485 INFO root: SAT_times: 15.4 - 110.6, avg 41.7 med 33.0
00:18:35.085.485 INFO root: middle division transition ~0000110000000111 -> 0000011100000111 (~5 -> 6)
00:18:35.085.486 INFO root: mid transition: 0000110000000111 0000011100000111 5 6
00:18:35.085.486 INFO root: full trace:
00:18:35.086.486 INFO root: 1111 1111 1111 1111 0011 1111 1111 1111 1111 1111 1111 1111 1000 1111 1111 1111# initial
00:18:35.086.487 INFO root: 1111 1111 1111 1111 1011 1111 1110 1111 1111 0111 1111 1101 1111 1111 1110 1111# after SR MC SR
00:18:35.087.487 INFO root: 0100 1000 0010 1111 1101 0100 0111 0010 1111 1001 1000 1001 0010 1111 1100 1111# after SSB
00:18:35.087.488 INFO root: 0000 0111 0000 1001 0111 1101 0111 1011 1111 0111 1111 0000 0111 0000 0100 0111# after SR MC SR
00:18:35.088.488 INFO root: 1000 0000 0010 0000 0000 1000 0000 1000 0100 0000 1000 0000 0000 0000 0000 0000# after SSB
00:18:35.088.488 INFO root: 0000 0000 0000 0000 0000 0000 0000 0111 0000 0000 0000 0000 0000 0000 0000 0111# after SR MC SR
00:18:35.088.489 INFO root: 
00:18:35.088.489 INFO root: new trail: 0000110000000111 -> 0000011100000111
00:18:35.098.498 INFO root: #trails 18 
00:18:35.098.499 INFO root: mask pair #5407 / 65025: 0111011100010001 0001101110100000anfI_max <DenseSet hash=57a314d1e32bd2f8 n=16 wt=99 | 3:2 4:14 5:62 6:21> anfO_max <DenseSet hash=9587aa654c85d034 n=16 wt=77 | 3:6 4:22 5:30 6:19>
00:18:42.846.247 INFO root: solving SAT...
00:18:55.398.798 INFO root: SAT solve time: 12.551361560821533
00:18:55.398.799 INFO root: SAT_times: 12.6 - 110.6, avg 40.2 med 32.4
00:18:55.399.799 INFO root: middle division transition ~0110000000001011 -> 0000101110110000 (~5 -> 6)
00:18:55.399.800 INFO root: mid transition: 0110000000001011 0000101110110000 5 6
00:18:55.399.800 INFO root: full trace:
00:18:55.400.800 INFO root: 1001 1111 1111 1111 1111 1111 1111 1111 1111 1111 1111 1111 0100 1111 1111 1111# initial
00:18:55.400.801 INFO root: 1111 1101 1111 1111 1101 1111 1111 1100 1111 1111 1111 1111 1111 1111 0111 1111# after SR MC SR
00:18:55.401.801 INFO root: 0100 1101 1101 1100 0100 1111 1000 0111 1111 1111 1111 0100 1000 0001 0100 1111# after SSB
00:18:55.401.802 INFO root: 1011 0000 0111 0101 1011 1011 0000 0111 1110 0111 1101 0000 0111 1111 0111 1100# after SR MC SR
00:18:55.402.802 INFO root: 0100 1000 0000 0000 0000 0100 1000 0000 0000 0000 0000 0000 0010 0000 0000 1000# after SSB
00:18:55.403.803 INFO root: 0000 0000 0000 0000 0000 0000 0000 1011 0000 0000 0000 1011 0000 0000 0000 0000# after SR MC SR
00:18:55.403.803 INFO root: 
00:18:55.403.804 INFO root: new trail: 0110000000001011 -> 0000101110110000
00:18:55.430.831 INFO root: #trails 19 
00:18:55.431.831 INFO root: mask pair #8833 / 65025: 0111000000000000 0000000010110000anfI_max <DenseSet hash=8e86f97a32b682a0 n=16 wt=72 | 3:11 4:22 5:23 6:16> anfO_max <DenseSet hash=4538e1ec0db6e265 n=16 wt=59 | 3:5 4:16 5:24 6:14>
00:19:03.310.710 INFO root: solving SAT...
00:19:38.612.012 INFO root: SAT solve time: 35.301509857177734
00:19:38.612.012 INFO root: SAT_times: 12.6 - 110.6, avg 40.0 med 33.0
00:19:38.612.013 INFO root: middle division transition ~0111000010110000 -> 0111000001110000 (~6 -> 6)
00:19:38.613.013 INFO root: mid transition: 0111000010110000 0111000001110000 6 6
00:19:38.613.013 INFO root: full trace:
00:19:38.613.014 INFO root: 1000 1111 1111 1111 1111 1111 1111 1111 0100 1111 1111 1111 1111 1111 1111 1111# initial
00:19:38.614.014 INFO root: 1111 1111 1011 1111 1111 0111 1111 1011 1011 1111 0111 1111 1111 1011 1111 1111# after SR MC SR
00:19:38.614.015 INFO root: 0110 0001 0000 1000 0100 1001 1111 1111 1111 0100 0010 1101 0100 0100 1000 0010# after SSB
00:19:38.615.015 INFO root: 0000 1011 1000 0000 1101 1011 0000 1100 0111 0000 1001 1101 1111 0011 0000 1100# after SR MC SR
00:19:38.615.016 INFO root: 0000 0000 0000 0000 0100 0000 0000 0000 0000 1000 0000 0010 0101 0000 0001 0000# after SSB
00:19:38.615.016 INFO root: 0000 0000 0000 0111 0000 0000 0000 0000 0000 0000 0000 0111 0000 0000 0000 0000# after SR MC SR
00:19:38.616.016 INFO root: 
00:19:38.616.016 INFO root: new trail: 0111000010110000 -> 0111000001110000
00:19:38.642.043 INFO root: #trails 20 
00:19:38.643.043 INFO root: mask pair #12089 / 65025: 0111011100010111 1011101110100001anfI_max <DenseSet hash=64d8783bcc7097be n=16 wt=99 | 3:4 4:23 5:53 6:19> anfO_max <DenseSet hash=808dd2555fdb2975 n=16 wt=74 | 3:1 4:19 5:34 6:20>
00:19:47.631.031 INFO root: solving SAT...
00:20:26.397.797 INFO root: SAT solve time: 38.76549959182739
00:20:26.397.798 INFO root: SAT_times: 12.6 - 110.6, avg 39.9 med 33.0
00:20:26.398.798 INFO root: middle division transition ~0000011100000011 -> 0000110101100000 (~5 -> 5)
00:20:26.398.799 INFO root: mid transition: 0000011100000011 0000110101100000 5 5
00:20:26.398.799 INFO root: full trace:
00:20:26.399.799 INFO root: 1111 1111 1111 1111 1000 1111 1111 1111 1111 1111 1111 1111 1100 1111 1111 1111# initial
00:20:26.399.800 INFO root: 1111 1111 1111 1111 1111 1111 0111 1111 1111 0111 1111 1110 1011 1111 0111 1111# after SR MC SR
00:20:26.400.800 INFO root: 1001 1000 0100 1000 1111 1000 0100 1111 0100 1000 1111 1111 1110 1111 0000 0100# after SSB
00:20:26.400.801 INFO root: 1001 1101 0011 1101 0111 0110 0000 0000 1011 0000 0111 0000 1110 1011 1101 1110# after SR MC SR
00:20:26.401.802 INFO root: 0100 0000 0000 0000 0000 0010 0010 0000 0000 0000 0000 0000 1000 0000 0000 0100# after SSB
00:20:26.402.802 INFO root: 0000 0000 0000 0000 0000 0000 0000 1101 0000 0000 0000 0110 0000 0000 0000 0000# after SR MC SR
00:20:26.402.802 INFO root: 
00:20:26.402.803 INFO root: new trail: 0000011100000011 -> 0000110101100000
00:20:26.413.813 INFO root: #trails 21 
00:20:26.413.814 INFO root: mask pair #13090 / 65025: 0110011100010001 0000101110100001anfI_max <DenseSet hash=3f6fe3c17b7af8bd n=16 wt=83 | 3:3 4:13 5:39 6:28> anfO_max <DenseSet hash=ccdfad3714fcd29f n=16 wt=81 | 3:2 4:17 5:45 6:17>
00:20:33.994.394 INFO root: solving SAT...
00:20:57.247.647 INFO root: SAT solve time: 23.252355813980103
00:20:57.247.648 INFO root: SAT_times: 12.6 - 110.6, avg 39.2 med 33.0
00:20:57.247.648 INFO root: middle division transition ~1011000000000111 -> 0111000011010000 (~6 -> 6)
00:20:57.248.648 INFO root: mid transition: 1011000000000111 0111000011010000 6 6
00:20:57.248.648 INFO root: full trace:
00:20:57.248.649 INFO root: 0100 1111 1111 1111 1111 1111 1111 1111 1111 1111 1111 1111 1000 1111 1111 1111# initial
00:20:57.249.649 INFO root: 1111 1101 1111 1111 1011 1111 1111 0110 1111 1111 1110 0111 1111 1111 1111 1111# after SR MC SR
00:20:57.249.650 INFO root: 0010 1001 1100 0000 0010 1111 1111 0010 1111 1000 0100 0010 0100 1100 1111 1111# after SSB
00:20:57.250.650 INFO root: 1011 0111 1101 0000 0110 1101 0000 0111 0000 0111 1111 0111 1011 0000 0000 1101# after SR MC SR
00:20:57.250.651 INFO root: 0000 0000 0000 0000 0010 0000 0001 0000 0000 1000 0000 1001 0000 0000 0010 0000# after SSB
00:20:57.251.651 INFO root: 0000 0000 0000 0111 0000 0000 0000 0000 0000 0000 0000 1101 0000 0000 0000 0000# after SR MC SR
00:20:57.251.652 INFO root: 
00:20:57.251.652 INFO root: new trail: 1011000000000111 -> 0111000011010000
00:20:57.283.684 INFO root: #trails 22 
00:20:57.284.684 INFO root: mask pair #16009 / 65025: 0000000001110000 1011101000010001anfI_max <DenseSet hash=9396a3c3f81fa08d n=16 wt=85 | 3:6 4:14 5:48 6:17> anfO_max <DenseSet hash=ebd4496e0c7b126c n=16 wt=84 | 3:3 4:14 5:46 6:21>
00:21:05.158.559 INFO root: solving SAT...
00:21:47.756.156 INFO root: SAT solve time: 42.59692025184631
00:21:47.756.157 INFO root: SAT_times: 12.6 - 110.6, avg 39.3 med 33.0
00:21:47.757.157 INFO root: middle division transition ~0000101111010000 -> 0111000000001101 (~6 -> 6)
00:21:47.757.157 INFO root: mid transition: 0000101111010000 0111000000001101 6 6
00:21:47.757.158 INFO root: full trace:
00:21:47.758.158 INFO root: 1111 1111 1111 1111 0100 1111 1111 1111 0010 1111 1111 1111 1111 1111 1111 1111# initial
00:21:47.758.159 INFO root: 1111 1111 1101 0111 1111 1111 1111 1111 1011 0111 1111 1111 0111 1111 1111 1011# after SR MC SR
00:21:47.759.159 INFO root: 0010 1000 0010 1101 0110 1111 1111 0000 0010 1100 0100 1010 1001 0010 1000 1111# after SSB
00:21:47.759.160 INFO root: 1011 0000 1100 0111 1011 0010 1100 1111 0000 0000 1110 0111 1011 0000 0111 0000# after SR MC SR
00:21:47.759.160 INFO root: 0000 0000 1000 1000 0000 0000 0000 0010 0100 1000 0000 0000 0000 0000 0010 0000# after SSB
00:21:47.760.160 INFO root: 0000 0000 0000 0111 0000 0000 0000 0000 0000 0000 0000 0000 0000 0000 0000 1101# after SR MC SR
00:21:47.760.160 INFO root: 
00:21:47.760.161 INFO root: new trail: 0000101111010000 -> 0111000000001101
00:21:47.766.166 INFO root: #trails 23 
00:21:47.766.167 INFO root: mask pair #16636 / 65025: 0001011100000001 0000101010100001anfI_max <DenseSet hash=ebe00d438f35fd57 n=16 wt=92 | 3:1 4:16 5:53 6:22> anfO_max <DenseSet hash=2e367860c36884c1 n=16 wt=77 | 3:6 4:18 5:31 6:22>
00:21:55.613.013 INFO root: solving SAT...
00:24:43.429.830 INFO root: SAT solve time: 167.81592059135437
00:24:43.430.830 INFO root: SAT_times: 12.6 - 167.8, avg 44.7 med 35.3
00:24:43.430.831 INFO root: middle division transition ~0000000010110111 -> 1010000000001101 (~6 -> 5)
00:24:43.430.831 INFO root: mid transition: 0000000010110111 1010000000001101 6 5
00:24:43.431.831 INFO root: full trace:
00:24:43.431.832 INFO root: 1111 1111 1111 1111 1111 1111 1111 1111 0100 1111 1111 1111 1000 1111 1111 1111# initial
00:24:43.431.832 INFO root: 1111 1011 1011 1111 0111 1101 1111 1111 1111 1111 1111 1011 1111 1111 1111 0111# after SR MC SR
00:24:43.432.832 INFO root: 0011 1111 0010 1000 0100 0100 1111 0000 1111 0000 1011 0100 0011 0100 1000 1111# after SSB
00:24:43.432.833 INFO root: 0011 0111 0100 0111 0011 1101 0000 0110 0101 0000 1111 1011 0000 1001 1101 0000# after SR MC SR
00:24:43.433.833 INFO root: 0000 0000 0100 0000 1000 0000 0000 0010 0000 0000 0000 0000 0000 0010 1000 0000# after SSB
00:24:43.433.834 INFO root: 0000 0000 0000 1010 0000 0000 0000 0000 0000 0000 0000 0000 0000 0000 0000 1101# after SR MC SR
00:24:43.433.834 INFO root: 
00:24:43.433.834 INFO root: new trail: 0000000010110111 -> 1010000000001101
00:24:43.453.853 INFO root: #trails 24 
00:24:43.453.853 INFO root: mask pair #19105 / 65025: 0111011100010001 1011000000000000anfI_max <DenseSet hash=57a314d1e32bd2f8 n=16 wt=99 | 3:2 4:14 5:62 6:21> anfO_max <DenseSet hash=5fa4d26b96d67071 n=16 wt=59 | 3:2 5:40 6:17>
00:24:51.523.923 INFO root: solving SAT...
00:25:26.406.807 INFO root: SAT solve time: 34.88292670249939
00:25:26.407.807 INFO root: SAT_times: 12.6 - 167.8, avg 44.3 med 34.9
00:25:26.407.808 INFO root: middle division transition ~1011000010110000 -> 0000001110110000 (~6 -> 5)
00:25:26.407.808 INFO root: mid transition: 1011000010110000 0000001110110000 6 5
00:25:26.408.808 INFO root: full trace:
00:25:26.408.809 INFO root: 0100 1111 1111 1111 1111 1111 1111 1111 0100 1111 1111 1111 1111 1111 1111 1111# initial
00:25:26.409.809 INFO root: 1111 1111 1111 1111 1111 1011 1111 1101 0111 1111 1011 1111 1111 0111 1111 0111# after SR MC SR
00:25:26.409.810 INFO root: 1000 1111 0100 0000 0010 0010 0110 1111 1111 0000 0100 0100 1000 0010 1111 1001# after SSB
00:25:26.410.810 INFO root: 0110 1101 0000 0000 0110 1011 0000 0111 1110 1100 0000 1101 1110 0000 0000 1111# after SR MC SR
00:25:26.410.811 INFO root: 0010 0100 0000 0000 0000 0000 0000 0000 0000 0000 0000 0010 0100 0000 0000 1000# after SSB
00:25:26.411.811 INFO root: 0000 0000 0000 0000 0000 0000 0000 0011 0000 0000 0000 1011 0000 0000 0000 0000# after SR MC SR
00:25:26.411.812 INFO root: 
00:25:26.411.812 INFO root: new trail: 1011000010110000 -> 0000001110110000
00:25:26.506.907 INFO root: #trails 25 
00:25:26.507.907 INFO root: mask pair #29116 / 65025: 0001000000010111 1010000000000000anfI_max <DenseSet hash=9d59654a883c16ea n=16 wt=83 | 3:1 4:29 5:34 6:19> anfO_max <DenseSet hash=4d700f45c27717be n=16 wt=76 | 3:9 4:32 5:27 6:8>
00:25:34.278.678 INFO root: solving SAT...
00:25:48.361.762 INFO root: SAT solve time: 14.083124160766602
00:25:48.362.762 INFO root: SAT_times: 12.6 - 167.8, avg 43.1 med 34.9
00:25:48.362.763 INFO root: middle division transition ~1101000000001101 -> 1101000001110000 (~6 -> 6)
00:25:48.362.763 INFO root: mid transition: 1101000000001101 1101000001110000 6 6
00:25:48.362.763 INFO root: full trace:
00:25:48.363.763 INFO root: 0010 1111 1111 1111 1111 1111 1111 1111 1111 1111 1111 1111 0010 1111 1111 1111# initial
00:25:48.363.764 INFO root: 1101 1110 1111 1111 0111 1111 1111 1111 1111 1111 1110 1101 1111 1101 1111 1111# after SR MC SR
00:25:48.364.764 INFO root: 1111 1111 0011 1000 0000 1111 1111 1111 0010 0000 0100 1000 0101 0011 1111 1000# after SSB
00:25:48.364.765 INFO root: 1011 1011 0000 0000 1010 0111 1101 0010 1011 0101 1011 0111 0000 1011 0111 1101# after SR MC SR
00:25:48.365.765 INFO root: 0000 0010 0000 0010 0000 0000 0000 0000 0000 1000 0000 0000 0101 0000 0010 0000# after SSB
00:25:48.365.765 INFO root: 0000 0000 0000 1101 0000 0000 0000 0000 0000 0000 0000 0111 0000 0000 0000 0000# after SR MC SR
00:25:48.365.766 INFO root: 
00:25:48.365.766 INFO root: new trail: 1101000000001101 -> 1101000001110000
00:25:48.479.879 INFO root: #trails 26 
00:25:48.479.880 INFO root: mask pair #46685 / 65025: 0111011100010001 0000101110100001anfI_max <DenseSet hash=57a314d1e32bd2f8 n=16 wt=99 | 3:2 4:14 5:62 6:21> anfO_max <DenseSet hash=ccdfad3714fcd29f n=16 wt=81 | 3:2 4:17 5:45 6:17>
00:25:56.227.628 INFO root: solving SAT...
00:26:24.806.206 INFO root: SAT solve time: 28.57783532142639
00:26:24.806.207 INFO root: SAT_times: 12.6 - 167.8, avg 42.6 med 33.0
00:26:24.807.207 INFO root: middle division transition ~0000101110110000 -> 1100011100000000 (~6 -> 5)
00:26:24.807.208 INFO root: mid transition: 0000101110110000 1100011100000000 6 5
00:26:24.807.208 INFO root: full trace:
00:26:24.808.208 INFO root: 1111 1111 1111 1111 0100 1111 1111 1111 0100 1111 1111 1111 1111 1111 1111 1111# initial
00:26:24.808.209 INFO root: 1111 1111 1011 1111 1111 1101 1101 1111 1111 0111 1111 1111 1101 1111 1111 1110# after SR MC SR
00:26:24.809.209 INFO root: 0100 0100 1111 1111 1000 0010 0100 1111 1111 1111 0110 1001 0010 0000 0000 0100# after SSB
00:26:24.809.210 INFO root: 0110 0000 1101 1101 0000 1001 0011 0000 0111 0101 0000 1101 1001 1101 0011 1111# after SR MC SR
00:26:24.809.210 INFO root: 0100 0000 0000 1000 0000 0000 0000 0000 0000 0100 0100 0000 0000 0000 0000 0010# after SSB
00:26:24.810.210 INFO root: 0000 0000 0000 1100 0000 0000 0000 0111 0000 0000 0000 0000 0000 0000 0000 0000# after SR MC SR
00:26:24.810.211 INFO root: 
00:26:24.810.211 INFO root: new trail: 0000101110110000 -> 1100011100000000
00:26:24.934.334 INFO root: 
00:26:24.934.334 INFO root: final SAT_times: 12.6 - 167.8, avg 42.6 med 33.0
00:26:24.934.335 INFO root: SAT_times all [12.551361560821533, 14.083124160766602, 15.427714109420776, 22.22887682914734, 22.754754781723022, 22.85993766784668, 23.252355813980103, 26.4070086479187, 27.278659105300903, 28.57783532142639, 30.46687388420105, 31.101454973220825, 32.42027235031128, 33.04671120643616, 34.88292670249939, 35.301509857177734, 36.384644746780396, 36.87342071533203, 38.76549959182739, 42.59692025184631, 42.83453679084778, 44.361396074295044, 47.104257583618164, 61.493677616119385, 107.7770504951477, 110.6300094127655, 167.81592059135437]
00:26:24.934.335 INFO root: Trails:
00:26:24.935.335 INFO root: trail ~0111000000000010 -> 0000000011011011: 1000111111111111111111111111111111111111111111111101111111111111 1111111111111111101111111111111011111111101111111111101111111111 1000010010101111111101000100110010101100111110101000111101001111 1101000000001101000011011001100111111011110010111011011101101011 0000000000000000000000001000010010000000000000101000100000000000 0000000000000000000000000000000000000000000011010000000000001011
00:26:24.935.336 INFO root: trail ~1011000000001101 -> 1101000010110000: 0100111111111111111111111111111111111111111111110010111111111111 0111101111111111111111111111111111111111101101111111101111011111 0100000010001100110011010001101101001111101011111111001100011001 0111011111101101101100000000101010011101000000000111110101110110 0000000000000010000100000110000000000010000000000010000000000000 0000000000001101000000000000000000000000000010110000000000000000
00:26:24.935.336 INFO root: trail ~1101101100000000 -> 1101100100000000: 0010111111111111010011111111111111111111111111111111111111111111 0111111111110111111111110111111111110111101111111111011111111111 1100001110011000100000101000111101000010100010101111010010110010 0000111100000000011111010011101010111100111010010011000000001010 0000000000001000100000100000000000001000010000000000000000000000 0000000000001101000000000000100100000000000000000000000000000000
00:26:24.936.336 INFO root: trail ~0000000010101011 -> 0000000001111011: 1111111111111111111111111111111101011111111111110100111111111111 1111011101111111111111111111111111101111111111011111111111011111 0010001000001000111111011111111111111111001000111001001010011000 0111110101011110111000101110011110111101000011100011000000001011 0000000000000000000000001000100000100000000001000100001000000000 0000000000000000000000000000000000000000000001110000000000001011
00:26:24.936.337 INFO root: trail ~1101101000000000 -> 1101000001110000: 0010111111111111010111111111111111111111111111111111111111111111 1111111111111111111111111111110111111101111011111101101111111111 1111100011110011001101111111010001000000111111110100111100011000 1101111100000111101111011001011111110000101100000000110111010111 0000001000000100010000001000000000000100000000000100000000000000 0000000000001101000000000000000000000000000001110000000000000000
00:26:24.937.337 INFO root: trail ~1011000000000111 -> 1011110100000000: 0100111111111111111111111111111111111111111111111000111111111111 0111001111111111111111111111111111111111011101111111101111111111 1111010000100010111100001111001001111111100010001111100001001111 0000101100000110001111101011111111011101101101111100010100110000 0000000000001000100000010000000000001000001000000000000000000100 0000000000001011000000000000110100000000000000000000000000000000
00:26:24.937.338 INFO root: trail ~0000011100001011 -> 0101101100000000: 1111111111111111100011111111111111111111111111110100111111111111 1111111111110111110111110111111111110111111110111111111111011111 1111101001000000010011111000010001000110111111111111111000001000 1011101000000000111001110111101100000000011111010000111111010111 0010000000000000000001000000000000001000000000000000000000101000 0000000000000101000000000000101100000000000000000000000000000000
00:26:24.937.338 INFO root: trail ~1011000011010000 -> 1011000000001101: 0100111111111111111111111111111100101111111111111111111111111111 1110111111111111111111111111110100111111101111111111111111111101 0001111111110000100011111100010001001111100011110100111100101010 0111111111101011110101111110000000010000110010000000110101111101 0000000000100000001000000000100000000100000000000000010010000000 0000000000001011000000000000000000000000000000000000000000001101
00:26:24.938.338 INFO root: trail ~0000000001110111 -> 0000110110110000: 1111111111111111111111111111111110001111111111111000111111111111 1111111011101111111111101111111111011111111111101111111101111111 1000110011110010111110000000111100100100111111101000010011011111 1111101000101101000001111101000011010000011111111011101100001101 0010000000000000000001001000000000000000000000100010000000001000 0000000000000000000000000000110100000000000010110000000000000000
00:26:24.938.339 INFO root: trail ~0000000011011011 -> 0111000010110000: 1111111111111111111111111111111100101111111111110100111111111111 1111111111111111110110111111111110111111111110111111111111011110 1001001001110001000000011001111101001111100010111111111111110001 0111101111011011011111010000000011010111100111111110000000001101 0000010000000100010000000000000000000000000010000100000000010000 0000000000000111000000000000000000000000000010110000000000000000
00:26:24.939.339 INFO root: trail ~0000110100000011 -> 0111011100000000: 1111111111111111001011111111111111111111111111111100111111111111 1111111111111111111111111101111111110111111111010111111101111111 1100100001000100100011110000110011111000001011110100001011111001 1110000011011100000011000000110110111001110100111110000011110000 1000000000000100001010000000000000000000010000000000000000100000 0000000000000111000000000000011100000000000000000000000000000000
00:26:24.939.340 INFO root: trail ~0000011010110000 -> 0111000000001011: 1111111111111111100111111111111101001111111111111111111111111111 1111111110111011111111011111111111111111111111111011111111110111 0100001001110000010001001010010011111111111111111000001101000010 1101000001110100011100110001001111000010000001110111100110011110 0000000000001000000100000000000100100000000000000000001010000000 0000000000000111000000000000000000000000000000000000000000001011
00:26:24.939.340 INFO root: trail ~0000011011010000 -> 0111000010110000: 1111111111111111100111111111111100101111111111111111111111111111 1111111111110111111101111011111101111111111111111111111111111110 1111001001010010001011110100010001000010100010011000010111110001 0000110011010101000010111010101100000000110111011101111100000000 0000001100000000000100000000000000000010000000100000000010000000 0000000000000111000000000000000000000000000010110000000000000000
00:26:24.940.340 INFO root: trail ~1100000000001011 -> 1011000001100000: 0011111111111111111111111111111111111111111111110100111111111111 1111111111111111110111111111111011111111111110111111110111101111 0011001001000100100010000100010011111001111100011011111111110111 1000011110010000000001111101110101110111101111011001111000001010 0000100000000100000000000000000000000001000000001000000001000000 0000000000001011000000000000000000000000000001100000000000000000
00:26:24.940.341 INFO root: trail ~0000000001111011 -> 1011011100000000: 1111111111111111111111111111111110001111111111110100111111111111 1111111111011111111010111111111111111111111111111111111100110111 0011001000011101111111110010110011111010010011100100100011101111 1101000000001011110110110111011101010111101000001011110101110111 0010000000000000000100000000000000000101100000000000000000000010 0000000000001011000000000000011100000000000000000000000000000000
00:26:24.941.341 INFO root: trail ~0000101100000111 -> 0000101100000111: 1111111111111111010011111111111111111111111111111000111111111111 1111011111110111111111111011111111111111111101111110111110111111 1111111100101111010101101100100010000100110110111111010001000000 0000101100001011110100001000011111111100101101111010101111110000 1000000000100000000000000000000001000000010000000000100000001000 0000000000000000000000000000101100000000000000000000000000000111
00:26:24.941.342 INFO root: trail ~0000110110110000 -> 1011000000001011: 1111111111111111001011111111111101001111111111111111111111111111 1111111111111111111101111101111101110111111111110111111111111011 1111100011111000100011000010010100000100010011110010011000100100 1101000011110000011100100000101001001000011110011110000001101100 0000000010000010001000000000000001000000000000000000000110000000 0000000000001011000000000000000000000000000000000000000000001011
00:26:24.942.342 INFO root: trail ~0000110000000111 -> 0000011100000111: 1111111111111111001111111111111111111111111111111000111111111111 1111111111111111101111111110111111110111111111011111111111101111 0100100000101111110101000111001011111001100010010010111111001111 0000011100001001011111010111101111110111111100000111000001000111 1000000000100000000010000000100001000000100000000000000000000000 0000000000000000000000000000011100000000000000000000000000000111
00:26:24.942.342 INFO root: trail ~0110000000001011 -> 0000101110110000: 1001111111111111111111111111111111111111111111110100111111111111 1111110111111111110111111111110011111111111111111111111101111111 0100110111011100010011111000011111111111111101001000000101001111 1011000001110101101110110000011111100111110100000111111101111100 0100100000000000000001001000000000000000000000000010000000001000 0000000000000000000000000000101100000000000010110000000000000000
00:26:24.942.343 INFO root: trail ~0111000010110000 -> 0111000001110000: 1000111111111111111111111111111101001111111111111111111111111111 1111111110111111111101111111101110111111011111111111101111111111 0110000100001000010010011111111111110100001011010100010010000010 0000101110000000110110110000110001110000100111011111001100001100 0000000000000000010000000000000000001000000000100101000000010000 0000000000000111000000000000000000000000000001110000000000000000
00:26:24.943.343 INFO root: trail ~0000011100000011 -> 0000110101100000: 1111111111111111100011111111111111111111111111111100111111111111 1111111111111111111111110111111111110111111111101011111101111111 1001100001001000111110000100111101001000111111111110111100000100 1001110100111101011101100000000010110000011100001110101111011110 0100000000000000000000100010000000000000000000001000000000000100 0000000000000000000000000000110100000000000001100000000000000000
00:26:24.943.344 INFO root: trail ~1011000000000111 -> 0111000011010000: 0100111111111111111111111111111111111111111111111000111111111111 1111110111111111101111111111011011111111111001111111111111111111 0010100111000000001011111111001011111000010000100100110011111111 1011011111010000011011010000011100000111111101111011000000001101 0000000000000000001000000001000000001000000010010000000000100000 0000000000000111000000000000000000000000000011010000000000000000
00:26:24.944.344 INFO root: trail ~0000101111010000 -> 0111000000001101: 1111111111111111010011111111111100101111111111111111111111111111 1111111111010111111111111111111110110111111111110111111111111011 0010100000101101011011111111000000101100010010101001001010001111 1011000011000111101100101100111100000000111001111011000001110000 0000000010001000000000000000001001001000000000000000000000100000 0000000000000111000000000000000000000000000000000000000000001101
00:26:24.944.345 INFO root: trail ~0000000010110111 -> 1010000000001101: 1111111111111111111111111111111101001111111111111000111111111111 1111101110111111011111011111111111111111111110111111111111110111 0011111100101000010001001111000011110000101101000011010010001111 0011011101000111001111010000011001010000111110110000100111010000 0000000001000000100000000000001000000000000000000000001010000000 0000000000001010000000000000000000000000000000000000000000001101
00:26:24.945.345 INFO root: trail ~1011000010110000 -> 0000001110110000: 0100111111111111111111111111111101001111111111111111111111111111 1111111111111111111110111111110101111111101111111111011111110111 1000111101000000001000100110111111110000010001001000001011111001 0110110100000000011010110000011111101100000011011110000000001111 0010010000000000000000000000000000000000000000100100000000001000 0000000000000000000000000000001100000000000010110000000000000000
00:26:24.945.345 INFO root: trail ~1101000000001101 -> 1101000001110000: 0010111111111111111111111111111111111111111111110010111111111111 1101111011111111011111111111111111111111111011011111110111111111 1111111100111000000011111111111100100000010010000101001111111000 1011101100000000101001111101001010110101101101110000101101111101 0000001000000010000000000000000000001000000000000101000000100000 0000000000001101000000000000000000000000000001110000000000000000
00:26:24.945.346 INFO root: trail ~0000101110110000 -> 1100011100000000: 1111111111111111010011111111111101001111111111111111111111111111 1111111110111111111111011101111111110111111111111101111111111110 0100010011111111100000100100111111111111011010010010000000000100 0110000011011101000010010011000001110101000011011001110100111111 0100000000001000000000000000000000000100010000000000000000000010 0000000000001100000000000000011100000000000000000000000000000000
00:26:24.946.346 INFO root: 
00:26:24.946.346 INFO root: Greedy:
00:26:24.962.362 INFO root: greedy iter, tocover 65025
00:26:33.856.257 INFO root: trail (Bin(0b0000011100000011, n=16), Bin(0b0000110101100000, n=16)) cnt 43008
00:26:33.956.357 INFO root: -----
00:26:33.956.357 INFO root: greedy iter, tocover 22017
00:26:34.764.165 INFO root: trail (Bin(0b1100000000001011, n=16), Bin(0b1011000001100000, n=16)) cnt 12672
00:26:34.796.196 INFO root: -----
00:26:34.796.197 INFO root: greedy iter, tocover 9345
00:26:35.153.554 INFO root: trail (Bin(0b0111000000000010, n=16), Bin(0b0000000011011011, n=16)) cnt 4416
00:26:35.167.567 INFO root: -----
00:26:35.167.567 INFO root: greedy iter, tocover 4929
00:26:35.360.761 INFO root: trail (Bin(0b0000101110110000, n=16), Bin(0b1100011100000000, n=16)) cnt 2040
00:26:35.368.769 INFO root: -----
00:26:35.369.769 INFO root: greedy iter, tocover 2889
00:26:35.483.884 INFO root: trail (Bin(0b1011000010110000, n=16), Bin(0b0000001110110000, n=16)) cnt 1226
00:26:35.488.888 INFO root: -----
00:26:35.488.889 INFO root: greedy iter, tocover 1663
00:26:35.558.958 INFO root: trail (Bin(0b0000000010101011, n=16), Bin(0b0000000001111011, n=16)) cnt 699
00:26:35.561.961 INFO root: -----
00:26:35.561.962 INFO root: greedy iter, tocover 964
00:26:35.606.007 INFO root: trail (Bin(0b0000000010110111, n=16), Bin(0b1010000000001101, n=16)) cnt 397
00:26:35.608.009 INFO root: -----
00:26:35.609.009 INFO root: greedy iter, tocover 567
00:26:35.631.032 INFO root: trail (Bin(0b0000110100000011, n=16), Bin(0b0111011100000000, n=16)) cnt 227
00:26:35.633.033 INFO root: -----
00:26:35.633.033 INFO root: greedy iter, tocover 340
00:26:35.648.048 INFO root: trail (Bin(0b0000011010110000, n=16), Bin(0b0111000000001011, n=16)) cnt 148
00:26:35.648.049 INFO root: -----
00:26:35.649.049 INFO root: greedy iter, tocover 192
00:26:35.657.058 INFO root: trail (Bin(0b0000110000000111, n=16), Bin(0b0000011100000111, n=16)) cnt 58
00:26:35.658.058 INFO root: -----
00:26:35.658.058 INFO root: greedy iter, tocover 134
00:26:35.664.064 INFO root: trail (Bin(0b0000000001111011, n=16), Bin(0b1011011100000000, n=16)) cnt 40
00:26:35.664.065 INFO root: -----
00:26:35.664.065 INFO root: greedy iter, tocover 94
00:26:35.668.069 INFO root: trail (Bin(0b0000101100000111, n=16), Bin(0b0000101100000111, n=16)) cnt 27
00:26:35.669.069 INFO root: -----
00:26:35.669.069 INFO root: greedy iter, tocover 67
00:26:35.672.072 INFO root: trail (Bin(0b1101101100000000, n=16), Bin(0b1101100100000000, n=16)) cnt 22
00:26:35.672.073 INFO root: -----
00:26:35.673.073 INFO root: greedy iter, tocover 45
00:26:35.675.075 INFO root: trail (Bin(0b0000011011010000, n=16), Bin(0b0111000010110000, n=16)) cnt 13
00:26:35.675.076 INFO root: -----
00:26:35.675.076 INFO root: greedy iter, tocover 32
00:26:35.677.077 INFO root: trail (Bin(0b1101101000000000, n=16), Bin(0b1101000001110000, n=16)) cnt 13
00:26:35.677.078 INFO root: -----
00:26:35.677.078 INFO root: greedy iter, tocover 19
00:26:35.679.079 INFO root: trail (Bin(0b0111000010110000, n=16), Bin(0b0111000001110000, n=16)) cnt 5
00:26:35.679.079 INFO root: -----
00:26:35.679.080 INFO root: greedy iter, tocover 14
00:26:35.680.080 INFO root: trail (Bin(0b0000110110110000, n=16), Bin(0b1011000000001011, n=16)) cnt 5
00:26:35.680.081 INFO root: -----
00:26:35.680.081 INFO root: greedy iter, tocover 9
00:26:35.681.081 INFO root: trail (Bin(0b1011000000000111, n=16), Bin(0b0111000011010000, n=16)) cnt 3
00:26:35.681.082 INFO root: -----
00:26:35.681.082 INFO root: greedy iter, tocover 6
00:26:35.682.082 INFO root: trail (Bin(0b0110000000001011, n=16), Bin(0b0000101110110000, n=16)) cnt 3
00:26:35.682.082 INFO root: -----
00:26:35.682.083 INFO root: greedy iter, tocover 3
00:26:35.682.083 INFO root: trail (Bin(0b1101000000001101, n=16), Bin(0b1101000001110000, n=16)) cnt 1
00:26:35.683.083 INFO root: -----
00:26:35.683.083 INFO root: greedy iter, tocover 2
00:26:35.683.084 INFO root: trail (Bin(0b0000101111010000, n=16), Bin(0b0111000000001101, n=16)) cnt 1
00:26:35.683.084 INFO root: -----
00:26:35.683.084 INFO root: greedy iter, tocover 1
00:26:35.684.084 INFO root: trail (Bin(0b1011000000000111, n=16), Bin(0b1011110100000000, n=16)) cnt 1
00:26:35.684.085 INFO root: -----
00:26:35.684.085 INFO root: chosen trails: 22
00:26:35.685.085 INFO root: trail ~0000011100000011 -> 0000110101100000: 1111111111111111100011111111111111111111111111111100111111111111 1111111111111111111111110111111111110111111111101011111101111111 1001100001001000111110000100111101001000111111111110111100000100 1001110100111101011101100000000010110000011100001110101111011110 0100000000000000000000100010000000000000000000001000000000000100 0000000000000000000000000000110100000000000001100000000000000000
00:26:35.685.086 INFO root: trail ~1100000000001011 -> 1011000001100000: 0011111111111111111111111111111111111111111111110100111111111111 1111111111111111110111111111111011111111111110111111110111101111 0011001001000100100010000100010011111001111100011011111111110111 1000011110010000000001111101110101110111101111011001111000001010 0000100000000100000000000000000000000001000000001000000001000000 0000000000001011000000000000000000000000000001100000000000000000
00:26:35.686.087 INFO root: trail ~0111000000000010 -> 0000000011011011: 1000111111111111111111111111111111111111111111111101111111111111 1111111111111111101111111111111011111111101111111111101111111111 1000010010101111111101000100110010101100111110101000111101001111 1101000000001101000011011001100111111011110010111011011101101011 0000000000000000000000001000010010000000000000101000100000000000 0000000000000000000000000000000000000000000011010000000000001011
00:26:35.687.087 INFO root: trail ~0000101110110000 -> 1100011100000000: 1111111111111111010011111111111101001111111111111111111111111111 1111111110111111111111011101111111110111111111111101111111111110 0100010011111111100000100100111111111111011010010010000000000100 0110000011011101000010010011000001110101000011011001110100111111 0100000000001000000000000000000000000100010000000000000000000010 0000000000001100000000000000011100000000000000000000000000000000
00:26:35.688.088 INFO root: trail ~1011000010110000 -> 0000001110110000: 0100111111111111111111111111111101001111111111111111111111111111 1111111111111111111110111111110101111111101111111111011111110111 1000111101000000001000100110111111110000010001001000001011111001 0110110100000000011010110000011111101100000011011110000000001111 0010010000000000000000000000000000000000000000100100000000001000 0000000000000000000000000000001100000000000010110000000000000000
00:26:35.689.089 INFO root: trail ~0000000010101011 -> 0000000001111011: 1111111111111111111111111111111101011111111111110100111111111111 1111011101111111111111111111111111101111111111011111111111011111 0010001000001000111111011111111111111111001000111001001010011000 0111110101011110111000101110011110111101000011100011000000001011 0000000000000000000000001000100000100000000001000100001000000000 0000000000000000000000000000000000000000000001110000000000001011
00:26:35.689.090 INFO root: trail ~0000000010110111 -> 1010000000001101: 1111111111111111111111111111111101001111111111111000111111111111 1111101110111111011111011111111111111111111110111111111111110111 0011111100101000010001001111000011110000101101000011010010001111 0011011101000111001111010000011001010000111110110000100111010000 0000000001000000100000000000001000000000000000000000001010000000 0000000000001010000000000000000000000000000000000000000000001101
00:26:35.690.091 INFO root: trail ~0000110100000011 -> 0111011100000000: 1111111111111111001011111111111111111111111111111100111111111111 1111111111111111111111111101111111110111111111010111111101111111 1100100001000100100011110000110011111000001011110100001011111001 1110000011011100000011000000110110111001110100111110000011110000 1000000000000100001010000000000000000000010000000000000000100000 0000000000000111000000000000011100000000000000000000000000000000
00:26:35.691.091 INFO root: trail ~0000011010110000 -> 0111000000001011: 1111111111111111100111111111111101001111111111111111111111111111 1111111110111011111111011111111111111111111111111011111111110111 0100001001110000010001001010010011111111111111111000001101000010 1101000001110100011100110001001111000010000001110111100110011110 0000000000001000000100000000000100100000000000000000001010000000 0000000000000111000000000000000000000000000000000000000000001011
00:26:35.692.092 INFO root: trail ~0000110000000111 -> 0000011100000111: 1111111111111111001111111111111111111111111111111000111111111111 1111111111111111101111111110111111110111111111011111111111101111 0100100000101111110101000111001011111001100010010010111111001111 0000011100001001011111010111101111110111111100000111000001000111 1000000000100000000010000000100001000000100000000000000000000000 0000000000000000000000000000011100000000000000000000000000000111
00:26:35.692.093 INFO root: trail ~0000000001111011 -> 1011011100000000: 1111111111111111111111111111111110001111111111110100111111111111 1111111111011111111010111111111111111111111111111111111100110111 0011001000011101111111110010110011111010010011100100100011101111 1101000000001011110110110111011101010111101000001011110101110111 0010000000000000000100000000000000000101100000000000000000000010 0000000000001011000000000000011100000000000000000000000000000000
00:26:35.693.093 INFO root: trail ~0000101100000111 -> 0000101100000111: 1111111111111111010011111111111111111111111111111000111111111111 1111011111110111111111111011111111111111111101111110111110111111 1111111100101111010101101100100010000100110110111111010001000000 0000101100001011110100001000011111111100101101111010101111110000 1000000000100000000000000000000001000000010000000000100000001000 0000000000000000000000000000101100000000000000000000000000000111
00:26:35.693.094 INFO root: trail ~1101101100000000 -> 1101100100000000: 0010111111111111010011111111111111111111111111111111111111111111 0111111111110111111111110111111111110111101111111111011111111111 1100001110011000100000101000111101000010100010101111010010110010 0000111100000000011111010011101010111100111010010011000000001010 0000000000001000100000100000000000001000010000000000000000000000 0000000000001101000000000000100100000000000000000000000000000000
00:26:35.694.095 INFO root: trail ~0000011011010000 -> 0111000010110000: 1111111111111111100111111111111100101111111111111111111111111111 1111111111110111111101111011111101111111111111111111111111111110 1111001001010010001011110100010001000010100010011000010111110001 0000110011010101000010111010101100000000110111011101111100000000 0000001100000000000100000000000000000010000000100000000010000000 0000000000000111000000000000000000000000000010110000000000000000
00:26:35.695.095 INFO root: trail ~1101101000000000 -> 1101000001110000: 0010111111111111010111111111111111111111111111111111111111111111 1111111111111111111111111111110111111101111011111101101111111111 1111100011110011001101111111010001000000111111110100111100011000 1101111100000111101111011001011111110000101100000000110111010111 0000001000000100010000001000000000000100000000000100000000000000 0000000000001101000000000000000000000000000001110000000000000000
00:26:35.695.096 INFO root: trail ~0111000010110000 -> 0111000001110000: 1000111111111111111111111111111101001111111111111111111111111111 1111111110111111111101111111101110111111011111111111101111111111 0110000100001000010010011111111111110100001011010100010010000010 0000101110000000110110110000110001110000100111011111001100001100 0000000000000000010000000000000000001000000000100101000000010000 0000000000000111000000000000000000000000000001110000000000000000
00:26:35.696.096 INFO root: trail ~0000110110110000 -> 1011000000001011: 1111111111111111001011111111111101001111111111111111111111111111 1111111111111111111101111101111101110111111111110111111111111011 1111100011111000100011000010010100000100010011110010011000100100 1101000011110000011100100000101001001000011110011110000001101100 0000000010000010001000000000000001000000000000000000000110000000 0000000000001011000000000000000000000000000000000000000000001011
00:26:35.697.097 INFO root: trail ~1011000000000111 -> 0111000011010000: 0100111111111111111111111111111111111111111111111000111111111111 1111110111111111101111111111011011111111111001111111111111111111 0010100111000000001011111111001011111000010000100100110011111111 1011011111010000011011010000011100000111111101111011000000001101 0000000000000000001000000001000000001000000010010000000000100000 0000000000000111000000000000000000000000000011010000000000000000
00:26:35.698.098 INFO root: trail ~0110000000001011 -> 0000101110110000: 1001111111111111111111111111111111111111111111110100111111111111 1111110111111111110111111111110011111111111111111111111101111111 0100110111011100010011111000011111111111111101001000000101001111 1011000001110101101110110000011111100111110100000111111101111100 0100100000000000000001001000000000000000000000000010000000001000 0000000000000000000000000000101100000000000010110000000000000000
00:26:35.698.099 INFO root: trail ~1101000000001101 -> 1101000001110000: 0010111111111111111111111111111111111111111111110010111111111111 1101111011111111011111111111111111111111111011011111110111111111 1111111100111000000011111111111100100000010010000101001111111000 1011101100000000101001111101001010110101101101110000101101111101 0000001000000010000000000000000000001000000000000101000000100000 0000000000001101000000000000000000000000000001110000000000000000
00:26:35.699.100 INFO root: trail ~0000101111010000 -> 0111000000001101: 1111111111111111010011111111111100101111111111111111111111111111 1111111111010111111111111111111110110111111111110111111111111011 0010100000101101011011111111000000101100010010101001001010001111 1011000011000111101100101100111100000000111001111011000001110000 0000000010001000000000000000001001001000000000000000000000100000 0000000000000111000000000000000000000000000000000000000000001101
00:26:35.700.100 INFO root: trail ~1011000000000111 -> 1011110100000000: 0100111111111111111111111111111111111111111111111000111111111111 0111001111111111111111111111111111111111011101111111101111111111 1111010000100010111100001111001001111111100010001111100001001111 0000101100000110001111101011111111011101101101111100010100110000 0000000000001000100000010000000000001000001000000000000000000100 0000000000001011000000000000110100000000000000000000000000000000
00:26:35.700.101 INFO root: end
