00:00:05.584.284 INFO root: starting at 2021-09-13.18:42:28
00:00:05.584.284 INFO root: I = 2 J = 2:
00:00:05.585.285 INFO root: ~0110000010110000 -> 1001000001110000:
00:00:05.586.286 INFO root:    1111111110011111111111111111111111111111010011111111111111111111
00:00:05.586.286 INFO root:    1101111101111111111110111111101111111111111111111111011111111111
00:00:05.586.286 INFO root:    0011100011111111001000110011010011111111010000100110000001000011
00:00:05.587.287 INFO root:    0000011100111010110111011001100100101011110000001011110100000111
00:00:05.587.287 INFO root:    0100000000100000000000010000000000000000000000000000100000000010
00:00:05.587.287 INFO root:    0000000010010000000000000000000000000000011100000000000000000000
00:00:07.589.289 INFO root: load .cache/SboxDivision.full_dppt.self_sbox0F7EC76E48F1C66A.args_068BA53CAF4BB89BC84341E5E0A9E860E078799A9E9F3CD8F2B19C3FC4CEC936 succeeded
00:00:10.948.648 INFO root: load .cache/SboxDivision.full_dppt.self_sbox97CD3E51D99FE8E5.args_068BA53CAF4BB89BC84341E5E0A9E860E078799A9E9F3CD8F2B19C3FC4CEC936 succeeded
00:00:13.921.620 INFO root: load .cache/SboxDivision.full_dppt.self_sboxFA83BF4B256071FB.args_068BA53CAF4BB89BC84341E5E0A9E860E078799A9E9F3CD8F2B19C3FC4CEC936 succeeded
00:00:21.110.810 INFO root: load .cache/SboxDivision.full_dppt.self_sboxB5083D73B8917F33.args_068BA53CAF4BB89BC84341E5E0A9E860E078799A9E9F3CD8F2B19C3FC4CEC936 succeeded
00:00:25.912.611 INFO root: verify ok! 8 SuperSboxes 12 MixColumns
00:00:25.913.613 INFO root: ~0101110100000000 -> 0000000000110111:
00:00:25.913.613 INFO root:    1111111110101111111111110010111111111111111111111111111111111111
00:00:25.913.613 INFO root:    1111011111111111101111011111111111111111111111111111111101110111
00:00:25.914.614 INFO root:    1001000001010111001001000011111100110010001001001111111111110100
00:00:25.914.614 INFO root:    0000100110110111100101111011010010110000010000000111101101110111
00:00:25.914.614 INFO root:    0100100000000000000000000001000000000000100000100000000000000000
00:00:25.915.615 INFO root:    0000000000000000000000000000000000000000001100000000000001110000
00:00:41.127.827 INFO root: verify ok! 8 SuperSboxes 12 MixColumns
00:00:41.128.828 INFO root: ~0000100110100000 -> 0000011100001101:
00:00:41.129.829 INFO root:    1111111111111111111111110110111111111111010111111111111111111111
00:00:41.129.829 INFO root:    1111111111111111110111111111111111111111011111011111011111111111
00:00:41.130.829 INFO root:    0111111010000100111110011111010010101111100001001000011010001111
00:00:41.130.830 INFO root:    0111111010111111110110111101011100000001100001111001101100000000
00:00:41.130.830 INFO root:    0000010000000010100000000010000000000010000010000000000000000000
00:00:41.131.830 INFO root:    0000000000000000000000000111000000000000000000000000000011010000
00:00:56.470.170 INFO root: verify ok! 8 SuperSboxes 12 MixColumns
00:00:56.471.171 INFO root: ~0000010111010000 -> 0000000010110110:
00:00:56.471.171 INFO root:    1111111111111111111111111010111111111111001011111111111111111111
00:00:56.472.171 INFO root:    1111111111111111101111111111110111111111110110111111101111111111
00:00:56.472.172 INFO root:    1111111111100001001001000100010101101100111101000100100100100010
00:00:56.472.172 INFO root:    1110101111100000000000000111110110111001101111010000010000010111
00:00:56.473.172 INFO root:    1000100000000000000000000010000000000000010000000000000000000010
00:00:56.473.173 INFO root:    0000000000000000000000000000000000000000101100000000000001100000
00:01:11.853.553 INFO root: verify ok! 8 SuperSboxes 12 MixColumns
00:01:11.854.554 INFO root: ~0000110100001000 -> 0000110100001101:
00:01:11.854.554 INFO root:    1111111111111111111111110010111111111111111111111111111101111111
00:01:11.855.555 INFO root:    1111011111111111111111111111111111111111111101111110111101111111
00:01:11.855.555 INFO root:    1000111101001111010000100010100111110100111100101111001010111000
00:01:11.855.555 INFO root:    0101001111111101011101000111111000000000000000110111100110111110
00:01:11.856.556 INFO root:    0000000000000010000000000010000000000100000010000100000001000000
00:01:11.856.556 INFO root:    0000000000000000000000001101000000000000000000000000000011010000
00:01:27.013.713 INFO root: verify ok! 8 SuperSboxes 12 MixColumns
00:01:27.014.714 INFO root: ~1001000000000111 -> 0111000000001011:
00:01:27.014.714 INFO root:    1111111101101111111111111111111111111111111111111111111110001111
00:01:27.015.715 INFO root:    1111111111111111111110110111111111111011111111111101111111111101
00:01:27.015.715 INFO root:    0110100000100100111110000010100000101111001011111000000011111000
00:01:27.015.715 INFO root:    0000111100001101000010110111011000001101111001111111000000000000
00:01:27.016.716 INFO root:    0000100000000000000000000100010000010000000000000010100000000000
00:01:27.016.716 INFO root:    0000000001110000000000000000000000000000000000000000000010110000
00:01:42.224.924 INFO root: verify ok! 8 SuperSboxes 12 MixColumns
00:01:42.225.925 INFO root: ~0000000011011101 -> 0111000010100000:
00:01:42.225.925 INFO root:    1111111111111111111111111111111111111111001011111111111100101111
00:01:42.225.925 INFO root:    1011111111111111111111111101110111110111111111111101011111111111
00:01:42.226.926 INFO root:    1010000011111111111100100010100000000100010001000100111100101001
00:01:42.226.926 INFO root:    0111000000001011000010110000011111011111000010111011000000000111
00:01:42.226.926 INFO root:    0000000000000000000000010000001000100000000000000000100000000001
00:01:42.227.927 INFO root:    0000000001110000000000000000000000000000101000000000000000000000
00:01:57.660.360 INFO root: verify ok! 8 SuperSboxes 12 MixColumns
00:01:57.661.361 INFO root: ~1011000001110000 -> 0000011100110000:
00:01:57.662.362 INFO root:    1111111101001111111111111111111111111111100011111111111111111111
00:01:57.662.362 INFO root:    1101111111111111111111011111111111011111110111111111101111111011
00:01:57.663.362 INFO root:    0000100000100100011000101111001001000100001011111111010010001001
00:01:57.663.363 INFO root:    0100101110101011011110000000100100011010000111110000000010110000
00:01:57.663.363 INFO root:    1000000000000100000000000000000000000100000000000000000000100010
00:01:57.664.364 INFO root:    0000000000000000000000000111000000000000001100000000000000000000
00:02:13.406.105 INFO root: verify ok! 8 SuperSboxes 12 MixColumns
00:02:13.407.107 INFO root: ~1011000000000111 -> 1101000001100000:
00:02:13.407.107 INFO root:    1111111101001111111111111111111111111111111111111111111110001111
00:02:13.408.108 INFO root:    1111111111111111111101110111111101111101111111110111111111111011
00:02:13.408.108 INFO root:    0100100000100100111111110100100000001000001011111000000011111000
00:02:13.408.108 INFO root:    1111011000001100010000111100000000001101011110001011000011010000
00:02:13.409.109 INFO root:    0100000000100000000000100000010010000000000000000000000000000000
00:02:13.409.109 INFO root:    0000000011010000000000000000000000000000011000000000000000000000
00:02:26.059.758 INFO root: verify ok! 8 SuperSboxes 12 MixColumns
00:02:26.059.759 INFO root: ~1011000010110000 -> 0110110100000000:
00:02:26.060.760 INFO root:    1111111101001111111111111111111111111111010011111111111111111111
00:02:26.060.760 INFO root:    1110111111011111111111101111011111101111111111111111011111111111
00:02:26.060.760 INFO root:    0101010000100010001000011001010010000110111111111000100010001100
00:02:26.061.761 INFO root:    0111101100001111101010110000011100100000000001110001101100000000
00:02:26.061.761 INFO root:    0000000000000010000100000000010000011000000000000000000000000000
00:02:26.061.761 INFO root:    0000000001100000000000001101000000000000000000000000000000000000
00:02:42.037.737 INFO root: verify ok! 8 SuperSboxes 12 MixColumns
00:02:42.039.739 INFO root: ~1011000000001010 -> 1100000000000111:
00:02:42.040.739 INFO root:    1111111101001111111111111111111111111111111111111111111101011111
00:02:42.040.740 INFO root:    1111111111011111111101111111111111111011111111111101111111111011
00:02:42.041.741 INFO root:    0100000000100100010010001111100000101111101011111111100110001000
00:02:42.041.741 INFO root:    0000110110110000111000000000001000001101110011011111001111011010
00:02:42.042.742 INFO root:    0000000000000000000000001000000001000000000010000010001000000000
00:02:42.042.742 INFO root:    0000000011000000000000000000000000000000000000000000000001110000
00:02:57.773.473 INFO root: verify ok! 8 SuperSboxes 12 MixColumns
00:02:57.774.474 INFO root: ~0000101110110000 -> 1011000011010000:
00:02:57.774.474 INFO root:    1111111111111111111111110100111111111111010011111111111111111111
00:02:57.775.474 INFO root:    1011011111111111011111111111110111111111111111111111011101111111
00:02:57.775.475 INFO root:    0110111110010100000001000100100111110000100011110010001011110110
00:02:57.775.475 INFO root:    0000000011100000111100000111011101110000101110110101000011101101
00:02:57.776.475 INFO root:    0010000001000000000000000000000001010000100000000000000000000010
00:02:57.776.476 INFO root:    0000000010110000000000000000000000000000110100000000000000000000
00:03:13.122.821 INFO root: verify ok! 8 SuperSboxes 12 MixColumns
00:03:13.123.822 INFO root: ~1011101100000000 -> 0000011100000111:
00:03:13.123.823 INFO root:    1111111101001111111111110100111111111111111111111111111111111111
00:03:13.123.823 INFO root:    1111011011101111101111111111111111011111111111111111111111111011
00:03:13.124.824 INFO root:    0010111101001111000000011111001011110100011001100011111111110011
00:03:13.124.824 INFO root:    1011110111111011101100001011111011011101000001110000000011010111
00:03:13.124.824 INFO root:    0000000100000100100000000010000000000000000001000000000000100000
00:03:13.125.825 INFO root:    0000000000000000000000000111000000000000000000000000000001110000
00:03:28.562.261 INFO root: verify ok! 8 SuperSboxes 12 MixColumns
00:03:28.563.262 INFO root: ~1011000000001011 -> 0000011101110000:
00:03:28.563.263 INFO root:    1111111101001111111111111111111111111111111111111111111101001111
00:03:28.563.263 INFO root:    1111111111011111111101111101111111011110111111110111111111111111
00:03:28.564.263 INFO root:    1111111111001111000000000001111110001010010011111000111100011111
00:03:28.564.264 INFO root:    0000011101101100110011010000110111010111011101111001110101011011
00:03:28.564.264 INFO root:    0000000000001000010001000000000000000001100000000000000000000010
00:03:28.565.264 INFO root:    0000000000000000000000000111000000000000011100000000000000000000
00:03:43.886.585 INFO root: verify ok! 8 SuperSboxes 12 MixColumns
00:03:43.887.587 INFO root: ~0111101100000000 -> 0111000000000111:
00:03:43.887.587 INFO root:    1111111110001111111111110100111111111111111111111111111111111111
00:03:43.888.588 INFO root:    1111011110111111111111111111111101111111111111011111111101111110
00:03:43.888.588 INFO root:    1000111110000000111110001111111110000001000011111000111100110100
00:03:43.889.588 INFO root:    0000110111100000101101110110000000011101011111110011000011101101
00:03:43.889.589 INFO root:    0000000010000000000000001000010000000000000000010010100000000000
00:03:43.889.589 INFO root:    0000000001110000000000000000000000000000000000000000000001110000
00:03:59.401.101 INFO root: verify ok! 8 SuperSboxes 12 MixColumns
00:03:59.403.102 INFO root: ~0000100111010000 -> 1101000001110000:
00:03:59.403.103 INFO root:    1111111111111111111111110110111111111111001011111111111111111111
00:03:59.404.104 INFO root:    0111111111111111110111111111011111111111111111111111011111011111
00:03:59.404.104 INFO root:    1000111101001111000011011111101111111001000101001001111111111000
00:03:59.405.105 INFO root:    0000011110111110110011010001011111011011011101110111000010111110
00:03:59.405.105 INFO root:    1000000000100000000000000000010000000000000100000000100000001000
00:03:59.405.105 INFO root:    0000000011010000000000000000000000000000011100000000000000000000
00:04:14.675.375 INFO root: verify ok! 8 SuperSboxes 12 MixColumns
00:04:14.676.376 INFO root: ~1101000010110000 -> 0000101100010000:
00:04:14.677.376 INFO root:    1111111100101111111111111111111111111111010011111111111111111111
00:04:14.677.377 INFO root:    1011111111011111111111111111011111101111111111111111101111111101
00:04:14.677.377 INFO root:    0001100011110011100000101000100000101111100100001000010010001111
00:04:14.678.378 INFO root:    1101000001110101010011010000000000001011110100101101100101000100
00:04:14.678.378 INFO root:    0000000000000100001000100000000000000000000000000000000001000000
00:04:14.678.378 INFO root:    0000000000000000000000001011000000000000000100000000000000000000
00:04:30.141.841 INFO root: verify ok! 8 SuperSboxes 12 MixColumns
00:04:30.142.842 INFO root: ~0000110110110000 -> 1001000001110000:
00:04:30.142.842 INFO root:    1111111111111111111111110010111111111111010011111111111111111111
00:04:30.142.842 INFO root:    1110110111111111111111111111101111111111111110111111101101111111
00:04:30.143.843 INFO root:    1111100011111000010011101000010000110001010000011111100011011000
00:04:30.143.843 INFO root:    1101000010111011111100001011011110110000110100000000000011101100
00:04:30.143.843 INFO root:    0010000000100000000000000000000010000000100000000000000000001000
00:04:30.144.844 INFO root:    0000000010010000000000000000000000000000011100000000000000000000
00:04:41.277.977 INFO root: verify ok! 8 SuperSboxes 12 MixColumns
00:04:41.278.978 INFO root: ~1011011100000000 -> 0000000010110101:
00:04:41.278.978 INFO root:    1111111101001111111111111000111111111111111111111111111111111111
00:04:41.279.978 INFO root:    1111111011011111011111111111111101111111111111111111111101111101
00:04:41.279.979 INFO root:    1111010101001111000001000010100011101111100010101000111100101001
00:04:41.279.979 INFO root:    1101011100000111000011100000101110111110000001110111010100001011
00:04:41.279.979 INFO root:    1000100000000000000010000000000000000000000000010000000000000100
00:04:41.280.980 INFO root:    0000000000000000000000000000000000000000101100000000000001010000
00:04:51.731.431 INFO root: verify ok! 8 SuperSboxes 12 MixColumns
00:04:51.732.431 INFO root: verified 19 trails for I 2 J 2
00:04:51.732.432 INFO root: generating ANFs... I
00:04:51.905.605 INFO root: computing SboxDivision.components_anf_closures.self_sboxC188DCAA77C45B94.args_0A482B9CD9E7EAF940EBCF3535BE3082A49F858505A0A6EA9511114359BB0EE6
00:05:04.247.947 INFO root: save .cache/SboxDivision.components_anf_closures.self_sboxC188DCAA77C45B94.args_0A482B9CD9E7EAF940EBCF3535BE3082A49F858505A0A6EA9511114359BB0EE6 succeeded
00:05:04.385.084 INFO root: unique masks 2021
00:05:04.385.085 INFO root: generating ANFs... J
00:05:04.734.434 INFO root: load .cache/SboxDivision.components_anf_closures.self_sboxFA83BF4B256071FB.args_0A482B9CD9E7EAF940EBCF3535BE3082A49F858505A0A6EA9511114359BB0EE6 succeeded
00:05:04.869.569 INFO root: unique masks 1785
00:05:04.870.570 INFO root: enumerating all mask pairs
00:05:23.678.378 INFO root: verified all masks for I 2 J 2
00:05:23.679.379 INFO root: VERIFIED I 2 J 2
