00:00:03.791.325 INFO root: starting at 2021-09-13.18:37:10
00:00:03.792.325 INFO root: I = 1 J = 1:
00:00:03.800.333 INFO root: ~0101000011000000 -> 0000110100000011:
00:00:03.800.334 INFO root:    1111101011111111111111111111111111110011111111111111111111111111
00:00:03.801.334 INFO root:    1111111111110111101111111111111111111011111111111111111101111111
00:00:03.801.334 INFO root:    0101111101001100100101000100001011111000100001000010010011111111
00:00:03.801.335 INFO root:    1101100111111011101011010111101100000000101011011101000000000000
00:00:03.802.335 INFO root:    0000000000100000000000010000001000100000010000000000000000000000
00:00:03.802.336 INFO root:    0000000000000000000011010000000000000000000000000000001100000000
00:00:05.842.375 INFO root: load .cache/SboxDivision.full_dppt.self_sbox0F7EC76E48F1C66A.args_068BA53CAF4BB89BC84341E5E0A9E860E078799A9E9F3CD8F2B19C3FC4CEC936 succeeded
00:00:09.277.810 INFO root: load .cache/SboxDivision.full_dppt.self_sbox97CD3E51D99FE8E5.args_068BA53CAF4BB89BC84341E5E0A9E860E078799A9E9F3CD8F2B19C3FC4CEC936 succeeded
00:00:12.262.796 INFO root: load .cache/SboxDivision.full_dppt.self_sboxFA83BF4B256071FB.args_068BA53CAF4BB89BC84341E5E0A9E860E078799A9E9F3CD8F2B19C3FC4CEC936 succeeded
00:00:19.552.086 INFO root: load .cache/SboxDivision.full_dppt.self_sboxB5083D73B8917F33.args_068BA53CAF4BB89BC84341E5E0A9E860E078799A9E9F3CD8F2B19C3FC4CEC936 succeeded
00:00:23.444.978 INFO root: verify ok! 8 SuperSboxes 12 MixColumns
00:00:23.445.979 INFO root: ~0011000000001101 -> 0110110100000000:
00:00:23.446.979 INFO root:    1111110011111111111111111111111111111111111111111111001011111111
00:00:23.446.979 INFO root:    1111101111111111111111101111111101111111111111111111111110111011
00:00:23.446.980 INFO root:    1000010001001000001011000100100111110001111100101000100000111111
00:00:23.447.980 INFO root:    1011000111100000000000001110011111000000110100000011100110111110
00:00:23.447.981 INFO root:    0000000000100000000000000010000010000000000000100000000100000000
00:00:23.448.981 INFO root:    0000011000000000000011010000000000000000000000000000000000000000
00:00:38.103.636 INFO root: verify ok! 8 SuperSboxes 12 MixColumns
00:00:38.104.638 INFO root: ~0000110000000111 -> 0111000010100000:
00:00:38.105.639 INFO root:    1111111111111111111100111111111111111111111111111111100011111111
00:00:38.106.639 INFO root:    1111111111111111111110111111111111011111110111111111011111111110
00:00:38.106.639 INFO root:    1111111110110010010000000010001010001000001011110100010011111111
00:00:38.107.640 INFO root:    1101110110110000111100001010011100001100110101111101000000001011
00:00:38.107.640 INFO root:    0000000100000100010000000010000000000000000000001000000000000000
00:00:38.107.641 INFO root:    0000011100000000000000000000000000001010000000000000000000000000
00:00:53.463.997 INFO root: verify ok! 8 SuperSboxes 12 MixColumns
00:00:53.465.998 INFO root: ~0000101100000101 -> 1101010100000000:
00:00:53.465.998 INFO root:    1111111111111111111101001111111111111111111111111111101011111111
00:00:53.465.999 INFO root:    1101111110111111111101111111011111111111101111111111111111111111
00:00:53.466.999 INFO root:    1000001000101111011010000001010010100010100000101111111110101000
00:00:53.466.999 INFO root:    1101000111110100011111011101001000001011000000001100000001110001
00:00:53.466.000 INFO root:    0000000010000000000000000100000000000000000001001000010000000000
00:00:53.467.000 INFO root:    0000110100000000000001010000000000000000000000000000000000000000
00:01:08.909.443 INFO root: verify ok! 8 SuperSboxes 12 MixColumns
00:01:08.911.444 INFO root: ~1101000000001001 -> 1101000000001011:
00:01:08.911.444 INFO root:    1111001011111111111111111111111111111111111111111111011011111111
00:01:08.911.445 INFO root:    1111111111111111110111011111111111111111111111101111111110111101
00:01:08.912.445 INFO root:    1000100110101001111111010100000101000101001010001000111111110010
00:01:08.912.445 INFO root:    0101000011011110000000111101000010110011001101011111010101110000
00:01:08.912.446 INFO root:    0100010000000000000000000100000000000000001000000100000000001000
00:01:08.913.446 INFO root:    0000110100000000000000000000000000000000000000000000101100000000
00:01:24.197.731 INFO root: verify ok! 8 SuperSboxes 12 MixColumns
00:01:24.205.739 INFO root: ~0000000010101101 -> 0111011100000000:
00:01:24.206.739 INFO root:    1111111111111111111111111111111111110101111111111111001011111111
00:01:24.206.740 INFO root:    1111111111011111111111011111111111111011111111111101111111111110
00:01:24.207.740 INFO root:    0101100000101101001011010110110011110001010011111000100011111111
00:01:24.207.740 INFO root:    0111000011010111111101100000101100001101101011100111110000011110
00:01:24.207.741 INFO root:    0000100001000000000000000000010001000000000000101000000000000000
00:01:24.208.741 INFO root:    0000011100000000000001110000000000000000000000000000000000000000
00:01:39.629.163 INFO root: verify ok! 8 SuperSboxes 12 MixColumns
00:01:39.630.164 INFO root: ~0000000011011011 -> 0000011101110000:
00:01:39.631.164 INFO root:    1111111111111111111111111111111111110010111111111111010011111111
00:01:39.631.165 INFO root:    1111111111111011111110111011111111010111111111111111111111111110
00:01:39.632.165 INFO root:    1111010001001111111100001111010111111111110011110111010000100000
00:01:39.632.165 INFO root:    0111011110111101111011010111110110101111000010111011000010110000
00:01:39.632.166 INFO root:    0000000010000100000100000000000010001000000000000000010000000000
00:01:39.633.166 INFO root:    0000000000000000000001110000000000000111000000000000000000000000
00:01:55.103.637 INFO root: verify ok! 8 SuperSboxes 12 MixColumns
00:01:55.104.638 INFO root: ~0000110110110000 -> 0000011100000111:
00:01:55.105.638 INFO root:    1111111111111111111100101111111111110100111111111111111111111111
00:01:55.105.639 INFO root:    1011111111110111111111111111110111111011110111111101111111111111
00:01:55.106.639 INFO root:    0000111011111000111100100111000110001000100000010110111101001001
00:01:55.106.639 INFO root:    0000101110100111000011001101000001010000111001110001000101111111
00:01:55.106.640 INFO root:    1000000001000000000000000000010000000000000100000000001000000100
00:01:55.107.640 INFO root:    0000000000000000000001110000000000000000000000000000011100000000
00:02:10.686.219 INFO root: verify ok! 8 SuperSboxes 12 MixColumns
00:02:10.687.220 INFO root: ~0111000010110000 -> 0000000010011101:
00:02:10.687.221 INFO root:    1111100011111111111111111111111111110100111111111111111111111111
00:02:10.687.221 INFO root:    1111101111111011111111111111111111110111111101111011111111101111
00:02:10.688.221 INFO root:    1111111111111000001010011111000110100010100000100110000010001000
00:02:10.688.222 INFO root:    0000011000000000110100001011100111110000011101110010111011011101
00:02:10.688.222 INFO root:    1000000000001000001000100000000000000000010000000000000000000000
00:02:10.689.222 INFO root:    0000000000000000000000000000000000001001000000000000110100000000
00:02:21.651.184 INFO root: verify ok! 8 SuperSboxes 12 MixColumns
00:02:21.652.185 INFO root: ~1011000000001011 -> 1011000001110000:
00:02:21.652.186 INFO root:    1111010011111111111111111111111111111111111111111111010011111111
00:02:21.653.186 INFO root:    1111110101111111101111011111111111111111111111011111111111111110
00:02:21.653.186 INFO root:    0100001010000000111101001111111110000000010000100101111110001111
00:02:21.653.187 INFO root:    0000000011010000011101110110110101111101000010100000111110110001
00:02:21.654.187 INFO root:    0000010000000000000000000000000000000010000001000001000001100000
00:02:21.654.187 INFO root:    0000101100000000000000000000000000000111000000000000000000000000
00:02:32.619.152 INFO root: verify ok! 8 SuperSboxes 12 MixColumns
00:02:32.620.153 INFO root: ~0000011101110000 -> 1101000000000111:
00:02:32.620.153 INFO root:    1111111111111111111110001111111111111000111111111111111111111111
00:02:32.620.154 INFO root:    1111111111111011111111111101110111111111011111111110101111111111
00:02:32.620.154 INFO root:    1111011110011111001001010010010111111111001001001000010011010000
00:02:32.621.154 INFO root:    1011110100111011000010001101000011011110011000000111010111101110
00:02:32.621.154 INFO root:    1000001000000000000000100001000000000000010000100000000000000000
00:02:32.621.155 INFO root:    0000110100000000000000000000000000000000000000000000011100000000
00:02:44.014.547 INFO root: verify ok! 8 SuperSboxes 12 MixColumns
00:02:44.015.549 INFO root: ~1100011100000000 -> 0111000011010000:
00:02:44.016.549 INFO root:    1111001111111111111110001111111111111111111111111111111111111111
00:02:44.016.549 INFO root:    0111101111111111111111111111011111111111111111111111110111011111
00:02:44.016.550 INFO root:    0100101010100001011100001000111110101111111111111111001110000100
00:02:44.017.550 INFO root:    1101110001110110011101110010000001111110000011010111110110111000
00:02:44.017.550 INFO root:    0000100000000000010000000000000000000100000010000001000010000000
00:02:44.017.551 INFO root:    0000011100000000000000000000000000001101000000000000000000000000
00:02:58.952.486 INFO root: verify ok! 8 SuperSboxes 12 MixColumns
00:02:58.953.487 INFO root: ~1011100100000000 -> 0111110100000000:
00:02:58.954.487 INFO root:    1111010011111111111101101111111111111111111111111111111111111111
00:02:58.954.487 INFO root:    1111111111111111011111111111011111111111111110111111101101111111
00:02:58.954.488 INFO root:    1000010001000000111110001111011010011111000111110100001011111000
00:02:58.955.488 INFO root:    1001000000100111011101111011000000001101000011111101010111100011
00:02:58.955.488 INFO root:    0000100001000000000000000001010000100000000010000000000000000000
00:02:58.955.489 INFO root:    0000011100000000000011010000000000000000000000000000000000000000
00:03:13.059.592 INFO root: verify ok! 8 SuperSboxes 12 MixColumns
00:03:13.060.593 INFO root: ~0000000011011101 -> 1101000000000111:
00:03:13.060.594 INFO root:    1111111111111111111111111111111111110010111111111111001011111111
00:03:13.061.594 INFO root:    1111111111011111111101111011111111011011111111111101111111111111
00:03:13.061.594 INFO root:    0100100000001111111111110010111100001000111111111000000000101111
00:03:13.061.595 INFO root:    1111110101111100011100001011110100001100011100010111110100000001
00:03:13.062.595 INFO root:    0010001000000000000000000000000000000000010000101000000000001000
00:03:13.062.596 INFO root:    0000110100000000000000000000000000000000000000000000011100000000
00:03:28.474.008 INFO root: verify ok! 8 SuperSboxes 12 MixColumns
00:03:28.475.009 INFO root: ~0000000010111101 -> 0111000000000111:
00:03:28.476.009 INFO root:    1111111111111111111111111111111111110100111111111111001011111111
00:03:28.476.010 INFO root:    1111111111111101111111011101111111101111111111111011111111111110
00:03:28.477.010 INFO root:    0010011101011111010110001111000110101111111111000101001010010001
00:03:28.477.010 INFO root:    1000011001111110101100001101110100001011000011100111011101111101
00:03:28.477.011 INFO root:    0000100000000000000000000000000000000000010000101000000000001100
00:03:28.478.011 INFO root:    0000011100000000000000000000000000000000000000000000011100000000
00:03:43.753.287 INFO root: verify ok! 8 SuperSboxes 12 MixColumns
00:03:43.754.287 INFO root: ~1011000001110000 -> 0111000001110000:
00:03:43.754.288 INFO root:    1111010011111111111111111111111111111000111111111111111111111111
00:03:43.755.288 INFO root:    1111111111111111011111110111111111111101111101111101111110111111
00:03:43.755.288 INFO root:    1111010011111000011001000100101100101010000011110000111100100100
00:03:43.755.289 INFO root:    0000110011100000110111000000011101110111110110000111000000001111
00:03:43.756.289 INFO root:    0000000000001000000000000000000000000100000000101001000001000000
00:03:43.756.289 INFO root:    0000011100000000000000000000000000000111000000000000000000000000
00:03:54.991.524 INFO root: verify ok! 8 SuperSboxes 12 MixColumns
00:03:54.992.525 INFO root: ~0000011101110000 -> 0111010100000000:
00:03:54.992.525 INFO root:    1111111111111111111110001111111111111000111111111111111111111111
00:03:54.992.526 INFO root:    1111111111110111111111111101110111111111011111111101110111111111
00:03:54.993.526 INFO root:    0001111101001000111101001000000011110110100010010100001000011111
00:03:54.993.527 INFO root:    1111101111010111110100001000000000000001000101101011011000001101
00:03:54.993.527 INFO root:    0000010000000000000000000010001001000000000000000010000000000000
00:03:54.994.527 INFO root:    0000011100000000000001010000000000000000000000000000000000000000
00:04:08.847.381 INFO root: verify ok! 8 SuperSboxes 12 MixColumns
00:04:08.848.382 INFO root: ~0111110100000000 -> 1011011100000000:
00:04:08.849.382 INFO root:    1111100011111111111100101111111111111111111111111111111111111111
00:04:08.849.382 INFO root:    0111101111111111111111111111111111111111011101111111011111101111
00:04:08.849.383 INFO root:    1111010010000100001001000100010101010000001011110010111100011010
00:04:08.850.383 INFO root:    1000101110010000000001110000110110110000111011111101001000000001
00:04:08.850.383 INFO root:    0000001000000000000000000010010000100000000010000000000100000000
00:04:08.850.384 INFO root:    0000101100000000000001110000000000000000000000000000000000000000
00:04:24.136.670 INFO root: verify ok! 8 SuperSboxes 12 MixColumns
00:04:24.137.671 INFO root: ~0000000010111011 -> 1101000011010000:
00:04:24.138.671 INFO root:    1111111111111111111111111111111111110100111111111111010011111111
00:04:24.138.671 INFO root:    1111111101111011111111110111111111101111111111110111111111111011
00:04:24.138.672 INFO root:    0001111100000010100111111110111110111111010010011101111111110000
00:04:24.139.672 INFO root:    0000110101111001011111100111000011010111011110111011111010111010
00:04:24.139.672 INFO root:    0000001000000100000000000001000000000010000000000010000000010000
00:04:24.139.673 INFO root:    0000110100000000000000000000000000001101000000000000000000000000
00:04:39.422.956 INFO root: verify ok! 8 SuperSboxes 12 MixColumns
00:04:39.423.957 INFO root: ~0000101100001101 -> 1010011100000000:
00:04:39.424.957 INFO root:    1111111111111111111101001111111111111111111111111111001011111111
00:04:39.424.957 INFO root:    0111111111011111111101111111111011111111111111111111111011111011
00:04:39.424.958 INFO root:    0010110010000010101110010101000111111111001110010100010011110100
00:04:39.425.958 INFO root:    0111000010110111110000000111000001001101000011011110111001100111
00:04:39.425.958 INFO root:    0000100000100000000000000000001000100000000000000100000000000000
00:04:39.425.959 INFO root:    0000101000000000000001110000000000000000000000000000000000000000
00:04:54.314.848 INFO root: verify ok! 8 SuperSboxes 12 MixColumns
00:04:54.315.848 INFO root: verified 20 trails for I 1 J 1
00:04:54.315.848 INFO root: generating ANFs... I
00:04:55.112.646 INFO root: load .cache/SboxDivision.components_anf_closures.self_sboxBD59AECE64673816.args_0A482B9CD9E7EAF940EBCF3535BE3082A49F858505A0A6EA9511114359BB0EE6 succeeded
00:04:55.273.806 INFO root: unique masks 2021
00:04:55.273.807 INFO root: generating ANFs... J
00:04:56.093.626 INFO root: load .cache/SboxDivision.components_anf_closures.self_sbox57571A0BC333968E.args_0A482B9CD9E7EAF940EBCF3535BE3082A49F858505A0A6EA9511114359BB0EE6 succeeded
00:04:56.233.766 INFO root: unique masks 1785
00:04:56.233.767 INFO root: enumerating all mask pairs
00:05:15.317.850 INFO root: verified all masks for I 1 J 1
00:05:15.317.851 INFO root: VERIFIED I 1 J 1
