00:00:00.117.290 INFO root: added file handler at 2021-09-13.17:09:23
00:00:00.117.291 INFO root: columns 2 -> 1
00:00:01.641.815 INFO root: Constraints: 100101010
00:00:01.641.815 INFO root: cons_SSB_card = 1
00:00:01.642.815 INFO root: cons_SSB_box_lb = 0
00:00:01.642.815 INFO root: cons_SSB_box_ub = 0
00:00:01.642.816 INFO root: cons_SSB_lb = 1
00:00:01.642.816 INFO root: cons_SSB_ub = 0
00:00:01.642.816 INFO root: cons_MC_card = 1
00:00:01.643.816 INFO root: cons_MC_matching = 0
00:00:01.643.816 INFO root: cons_MC_lb = 1
00:00:01.643.817 INFO root: cons_MC_ub2 = 0
00:00:01.759.933 INFO root: full ssb
00:00:02.108.282 INFO root: load .cache/SboxDivision.components_anf_closures.self_sboxC188DCAA77C45B94.args_068BA53CAF4BB89BC84341E5E0A9E860E078799A9E9F3CD8F2B19C3FC4CEC936 succeeded
00:00:02.121.294 INFO root: anfsI 255
00:00:02.128.301 INFO root: load .cache/SboxDivision.components_anf_closures.self_sbox57571A0BC333968E.args_068BA53CAF4BB89BC84341E5E0A9E860E078799A9E9F3CD8F2B19C3FC4CEC936 succeeded
00:00:02.140.313 INFO root: anfsO 255
00:00:02.209.383 INFO root: load .cache/SboxDivision.cnf_lb.self_sbox391D96FD000E6C5B.args_068BA53CAF4BB89BC84341E5E0A9E860E078799A9E9F3CD8F2B19C3FC4CEC936 succeeded
00:00:05.093.266 INFO root: SSB round 2 column 0
00:00:06.759.932 INFO root: load .cache/SboxDivision.minimal_max.self_sbox0F7EC76E48F1C66A.args_068BA53CAF4BB89BC84341E5E0A9E860E078799A9E9F3CD8F2B19C3FC4CEC936 succeeded
00:00:14.376.549 INFO root: load .cache/SboxDivision.divcore.self_sbox0F7EC76E48F1C66A.args_068BA53CAF4BB89BC84341E5E0A9E860E078799A9E9F3CD8F2B19C3FC4CEC936 succeeded
00:00:20.292.466 INFO root: load .cache/SboxDivision.cnf_lb.self_sbox0F7EC76E48F1C66A.args_068BA53CAF4BB89BC84341E5E0A9E860E078799A9E9F3CD8F2B19C3FC4CEC936 succeeded
00:00:31.705.878 INFO root: SSB round 2 column 1
00:00:33.459.633 INFO root: load .cache/SboxDivision.minimal_max.self_sbox97CD3E51D99FE8E5.args_068BA53CAF4BB89BC84341E5E0A9E860E078799A9E9F3CD8F2B19C3FC4CEC936 succeeded
00:00:41.421.594 INFO root: load .cache/SboxDivision.divcore.self_sbox97CD3E51D99FE8E5.args_068BA53CAF4BB89BC84341E5E0A9E860E078799A9E9F3CD8F2B19C3FC4CEC936 succeeded
00:00:48.014.187 INFO root: load .cache/SboxDivision.cnf_lb.self_sbox97CD3E51D99FE8E5.args_068BA53CAF4BB89BC84341E5E0A9E860E078799A9E9F3CD8F2B19C3FC4CEC936 succeeded
00:00:59.950.124 INFO root: SSB round 2 column 2
00:01:01.018.192 INFO root: load .cache/SboxDivision.minimal_max.self_sboxFA83BF4B256071FB.args_068BA53CAF4BB89BC84341E5E0A9E860E078799A9E9F3CD8F2B19C3FC4CEC936 succeeded
00:01:12.573.746 INFO root: load .cache/SboxDivision.divcore.self_sboxFA83BF4B256071FB.args_068BA53CAF4BB89BC84341E5E0A9E860E078799A9E9F3CD8F2B19C3FC4CEC936 succeeded
00:01:23.179.352 INFO root: load .cache/SboxDivision.cnf_lb.self_sboxFA83BF4B256071FB.args_068BA53CAF4BB89BC84341E5E0A9E860E078799A9E9F3CD8F2B19C3FC4CEC936 succeeded
00:01:43.157.331 INFO root: SSB round 2 column 3
00:02:25.049.223 INFO root: SSB round 4 column 0
00:02:53.965.139 INFO root: SSB round 4 column 1
00:02:55.189.362 INFO root: load .cache/SboxDivision.minimal_max.self_sboxB5083D73B8917F33.args_068BA53CAF4BB89BC84341E5E0A9E860E078799A9E9F3CD8F2B19C3FC4CEC936 succeeded
00:03:03.207.381 INFO root: load .cache/SboxDivision.divcore.self_sboxB5083D73B8917F33.args_068BA53CAF4BB89BC84341E5E0A9E860E078799A9E9F3CD8F2B19C3FC4CEC936 succeeded
00:03:09.742.916 INFO root: load .cache/SboxDivision.cnf_lb.self_sboxB5083D73B8917F33.args_068BA53CAF4BB89BC84341E5E0A9E860E078799A9E9F3CD8F2B19C3FC4CEC936 succeeded
00:03:21.299.473 INFO root: SSB round 4 column 2
00:03:44.203.377 INFO root: SSB round 4 column 3
00:04:10.532.705 INFO root: mask pairs: 255 x 255 = 65025
00:04:10.532.706 INFO root: #trails 0 
00:04:10.532.706 INFO root: mask pair #1 / 65025: 0110011000000111 0000000000011010anfI_max <DenseSet hash=e93b0b2df7ac97c2 n=16 wt=95 | 3:2 4:28 5:47 6:18> anfO_max <DenseSet hash=ebf46623965bf8b9 n=16 wt=74 | 3:3 4:13 5:35 6:23>
00:04:17.468.642 INFO root: solving SAT...
00:04:40.329.503 INFO root: SAT solve time: 22.859976291656494
00:04:40.329.503 INFO root: SAT_times: 22.9 - 22.9, avg 22.9 med 22.9
00:04:40.330.504 INFO root: middle division transition ~0000000001111010 -> 0000011101110000 (~5 -> 6)
00:04:40.330.504 INFO root: mid transition: 0000000001111010 0000011101110000 5 6
00:04:40.331.504 INFO root: full trace:
00:04:40.331.505 INFO root: 1111 1111 1111 1111 1111 1111 1111 1111 1111 1111 1000 1111 1111 1111 0101 1111# initial
00:04:40.332.505 INFO root: 1110 1111 1111 0111 1111 1111 1110 1011 1111 1111 1111 1111 1111 1110 1111 1111# after SR MC SR
00:04:40.332.506 INFO root: 1111 1000 0100 1000 0011 1111 1111 0010 1111 0100 1000 1111 0010 1111 1111 0000# after SSB
00:04:40.333.507 INFO root: 0000 1101 1110 0111 1011 1010 0110 0111 1001 0000 1101 1000 1101 1011 1110 0111# after SR MC SR
00:04:40.333.507 INFO root: 0000 0000 0100 0100 0000 0000 0000 0100 0010 0010 0000 0000 0000 0000 1000 0000# after SSB
00:04:40.334.508 INFO root: 0000 0000 0000 0000 0000 0111 0000 0000 0000 0111 0000 0000 0000 0000 0000 0000# after SR MC SR
00:04:40.334.508 INFO root: 
00:04:40.335.508 INFO root: new trail: 0000000001111010 -> 0000011101110000
00:04:40.335.509 INFO root: #trails 1 
00:04:40.336.509 INFO root: mask pair #2 / 65025: 0000011001110000 0000000000011011anfI_max <DenseSet hash=54a4259120ba4af8 n=16 wt=76 | 3:1 4:10 5:35 6:30> anfO_max <DenseSet hash=23d170032a786694 n=16 wt=71 | 3:2 4:11 5:28 6:30>
00:04:47.458.632 INFO root: solving SAT...
00:05:04.084.258 INFO root: SAT solve time: 16.62545371055603
00:05:04.085.258 INFO root: SAT_times: 16.6 - 22.9, avg 19.7 med 22.9
00:05:04.085.259 INFO root: middle division transition ~0000110110110000 -> 0000000010111101 (~6 -> 6)
00:05:04.085.259 INFO root: mid transition: 0000110110110000 0000000010111101 6 6
00:05:04.085.259 INFO root: full trace:
00:05:04.086.259 INFO root: 1111 1111 1111 1111 1111 1111 0010 1111 1111 1111 0100 1111 1111 1111 1111 1111# initial
00:05:04.086.260 INFO root: 1101 1110 1111 1111 1111 1111 1111 1101 1111 1111 0111 0111 1111 1111 0111 1111# after SR MC SR
00:05:04.087.260 INFO root: 0101 1111 1110 1000 1000 1010 0010 1111 1111 1111 0000 0000 1000 0010 1111 1010# after SSB
00:05:04.087.261 INFO root: 1101 1101 1110 1101 0000 1010 0000 0000 1111 1111 0111 0111 0111 0000 0000 1011# after SR MC SR
00:05:04.087.261 INFO root: 1000 0000 0000 0010 0100 0100 0000 0000 0000 0010 0010 0000 0000 0000 0000 0000# after SSB
00:05:04.088.261 INFO root: 0000 0000 0000 0000 0000 0000 0000 0000 0000 1011 0000 0000 0000 1101 0000 0000# after SR MC SR
00:05:04.088.262 INFO root: 
00:05:04.088.262 INFO root: new trail: 0000110110110000 -> 0000000010111101
00:05:04.089.262 INFO root: #trails 2 
00:05:04.089.263 INFO root: mask pair #4 / 65025: 0110000100000110 1011101000010001anfI_max <DenseSet hash=0e6f5eadfd687c37 n=16 wt=90 | 3:4 4:12 5:47 6:27> anfO_max <DenseSet hash=ebd4496e0c7b126c n=16 wt=84 | 3:3 4:14 5:46 6:21>
00:05:10.872.045 INFO root: solving SAT...
00:05:43.143.316 INFO root: SAT solve time: 32.27030277252197
00:05:43.143.317 INFO root: SAT_times: 16.6 - 32.3, avg 23.9 med 22.9
00:05:43.144.317 INFO root: middle division transition ~0001000010110000 -> 0000101100000111 (~4 -> 6)
00:05:43.144.317 INFO root: mid transition: 0001000010110000 0000101100000111 4 6
00:05:43.144.318 INFO root: full trace:
00:05:43.145.318 INFO root: 1111 1111 1110 1111 1111 1111 1111 1111 1111 1111 0100 1111 1111 1111 1111 1111# initial
00:05:43.145.319 INFO root: 1110 1111 1111 1111 1111 1111 1111 1111 1111 1111 1110 1111 1111 0111 1111 1011# after SR MC SR
00:05:43.146.319 INFO root: 1111 0100 1000 1000 1111 0110 1111 1100 1000 0100 1000 1000 1100 1111 1111 1111# after SSB
00:05:43.146.320 INFO root: 1101 1101 0111 0001 1011 1011 1101 1110 0000 1110 0111 1100 1011 0110 0000 1010# after SR MC SR
00:05:43.147.320 INFO root: 0000 0000 0000 0000 0000 0010 0000 0001 1000 0000 0100 0000 0000 0100 0000 0100# after SSB
00:05:43.147.321 INFO root: 0000 0000 0000 0000 0000 1011 0000 0000 0000 0000 0000 0000 0000 0111 0000 0000# after SR MC SR
00:05:43.147.321 INFO root: 
00:05:43.147.321 INFO root: new trail: 0001000010110000 -> 0000101100000111
00:05:43.148.321 INFO root: #trails 3 
00:05:43.148.322 INFO root: mask pair #7 / 65025: 0000011101100000 1011101010100001anfI_max <DenseSet hash=3f84b69633c44381 n=16 wt=92 | 3:2 4:16 5:48 6:26> anfO_max <DenseSet hash=e8853cebebb8dc4d n=16 wt=80 | 3:2 4:14 5:39 6:25>
00:05:49.941.115 INFO root: solving SAT...
00:07:20.657.831 INFO root: SAT solve time: 90.71544218063354
00:07:20.657.831 INFO root: SAT_times: 16.6 - 90.7, avg 40.6 med 32.3
00:07:20.658.831 INFO root: middle division transition ~1101000011010000 -> 0000101100001101 (~6 -> 6)
00:07:20.658.832 INFO root: mid transition: 1101000011010000 0000101100001101 6 6
00:07:20.658.832 INFO root: full trace:
00:07:20.658.832 INFO root: 1111 1111 0010 1111 1111 1111 1111 1111 1111 1111 0010 1111 1111 1111 1111 1111# initial
00:07:20.659.832 INFO root: 1111 1111 1011 1111 1111 1111 1111 0111 1101 1111 1111 1111 1111 1100 1111 1011# after SR MC SR
00:07:20.659.833 INFO root: 1111 1101 1111 1111 0010 1000 1001 1101 0010 1111 1000 0000 0011 0101 1000 0100# after SSB
00:07:20.659.833 INFO root: 0000 0000 0101 1110 1111 1100 1010 0111 0111 1011 1100 0111 1010 0101 0000 1101# after SR MC SR
00:07:20.660.833 INFO root: 1000 0000 0000 0000 0000 0000 0000 1000 0100 0000 0100 0000 0000 0100 0000 0010# after SSB
00:07:20.660.834 INFO root: 0000 0000 0000 0000 0000 1011 0000 0000 0000 0000 0000 0000 0000 1101 0000 0000# after SR MC SR
00:07:20.660.834 INFO root: 
00:07:20.660.834 INFO root: new trail: 1101000011010000 -> 0000101100001101
00:07:20.661.835 INFO root: #trails 4 
00:07:20.661.835 INFO root: mask pair #11 / 65025: 0001011100000110 0000000100000000anfI_max <DenseSet hash=aa81c86fa856a25d n=16 wt=66 | 3:3 4:6 5:15 6:42> anfO_max <DenseSet hash=e602ded485a2d8fc n=16 wt=77 | 3:5 4:19 5:42 6:11>
00:07:27.491.665 INFO root: solving SAT...
00:07:37.507.681 INFO root: SAT solve time: 10.01534628868103
00:07:37.507.681 INFO root: SAT_times: 10.0 - 90.7, avg 34.5 med 22.9
00:07:37.508.682 INFO root: middle division transition ~0110000000001011 -> 0000101101110000 (~5 -> 6)
00:07:37.508.682 INFO root: mid transition: 0110000000001011 0000101101110000 5 6
00:07:37.508.682 INFO root: full trace:
00:07:37.509.683 INFO root: 1111 1111 1001 1111 1111 1111 1111 1111 1111 1111 1111 1111 1111 1111 0100 1111# initial
00:07:37.509.683 INFO root: 1111 1111 1111 1111 1111 0111 1011 1111 1111 1110 1111 1111 1011 1111 1111 0111# after SR MC SR
00:07:37.510.684 INFO root: 1111 0100 1000 1100 1111 0010 0010 1111 0001 0100 1111 0100 0100 1001 1000 0101# after SSB
00:07:37.510.684 INFO root: 0111 0000 0111 0000 0000 0111 1101 0111 0000 1111 1011 1101 1000 1010 1000 1010# after SR MC SR
00:07:37.511.685 INFO root: 0000 0000 1000 0000 0100 0000 0000 0100 0000 0010 0000 0000 0000 1000 0001 0000# after SSB
00:07:37.511.685 INFO root: 0000 0000 0000 0000 0000 1011 0000 0000 0000 0111 0000 0000 0000 0000 0000 0000# after SR MC SR
00:07:37.512.685 INFO root: 
00:07:37.512.686 INFO root: new trail: 0110000000001011 -> 0000101101110000
00:07:37.513.686 INFO root: #trails 5 
00:07:37.513.687 INFO root: mask pair #13 / 65025: 0111000000010111 0001101100000000anfI_max <DenseSet hash=637f0c9624686925 n=16 wt=100 | 3:2 4:16 5:62 6:20> anfO_max <DenseSet hash=15a820b8b8862124 n=16 wt=90 | 3:4 4:22 5:46 6:18>
00:07:44.381.554 INFO root: solving SAT...
00:08:17.930.104 INFO root: SAT solve time: 33.54862904548645
00:08:17.930.104 INFO root: SAT_times: 10.0 - 90.7, avg 34.3 med 32.3
00:08:17.931.104 INFO root: middle division transition ~0000000010111011 -> 0000011100000101 (~6 -> 5)
00:08:17.931.105 INFO root: mid transition: 0000000010111011 0000011100000101 6 5
00:08:17.931.105 INFO root: full trace:
00:08:17.931.105 INFO root: 1111 1111 1111 1111 1111 1111 1111 1111 1111 1111 0100 1111 1111 1111 0100 1111# initial
00:08:17.932.105 INFO root: 0111 1111 1111 1101 1111 1111 1111 1011 1111 1011 1011 1111 1011 1111 1111 1111# after SR MC SR
00:08:17.932.106 INFO root: 0100 1000 1111 1100 0010 0100 0100 1000 0101 1111 0100 0100 1000 0110 1001 0010# after SSB
00:08:17.933.106 INFO root: 0001 1111 1011 0111 0000 0111 1101 0000 0000 0000 0000 0000 1101 1101 0000 1110# after SR MC SR
00:08:17.933.107 INFO root: 0000 0000 0010 0000 0000 1000 0000 0000 0010 0000 0000 0000 0000 0010 0000 0010# after SSB
00:08:17.933.107 INFO root: 0000 0000 0000 0000 0000 0111 0000 0000 0000 0000 0000 0000 0000 0101 0000 0000# after SR MC SR
00:08:17.934.107 INFO root: 
00:08:17.934.107 INFO root: new trail: 0000000010111011 -> 0000011100000101
00:08:17.934.108 INFO root: #trails 6 
00:08:17.935.108 INFO root: mask pair #21 / 65025: 0110011100000001 0001101100000000anfI_max <DenseSet hash=5d6de460133b56fc n=16 wt=85 | 3:5 4:17 5:37 6:26> anfO_max <DenseSet hash=15a820b8b8862124 n=16 wt=90 | 3:4 4:22 5:46 6:18>
00:08:24.947.121 INFO root: solving SAT...
00:09:16.875.049 INFO root: SAT solve time: 51.92770504951477
00:09:16.876.049 INFO root: SAT_times: 10.0 - 90.7, avg 36.9 med 32.3
00:09:16.876.050 INFO root: middle division transition ~0000000001110111 -> 0111000001110000 (~6 -> 6)
00:09:16.876.050 INFO root: mid transition: 0000000001110111 0111000001110000 6 6
00:09:16.876.050 INFO root: full trace:
00:09:16.877.050 INFO root: 1111 1111 1111 1111 1111 1111 1111 1111 1111 1111 1000 1111 1111 1111 1000 1111# initial
00:09:16.877.051 INFO root: 1111 1111 1111 1111 1111 1111 0111 1101 1111 1101 0111 1111 0111 1011 1111 1111# after SR MC SR
00:09:16.877.051 INFO root: 1111 1111 0000 0100 0100 1001 0100 0011 0010 0100 0011 0101 0110 0000 1111 1111# after SSB
00:09:16.878.051 INFO root: 1111 1011 0000 0000 0111 0000 1111 0111 1011 1011 0101 1011 0000 0111 0000 0000# after SR MC SR
00:09:16.878.052 INFO root: 0000 1000 0000 0001 0010 0000 0010 0000 0000 0000 0000 0000 1000 0000 0001 0000# after SSB
00:09:16.878.052 INFO root: 0000 0111 0000 0000 0000 0000 0000 0000 0000 0111 0000 0000 0000 0000 0000 0000# after SR MC SR
00:09:16.878.052 INFO root: 
00:09:16.879.052 INFO root: new trail: 0000000001110111 -> 0111000001110000
00:09:16.880.053 INFO root: #trails 7 
00:09:16.880.054 INFO root: mask pair #47 / 65025: 0111000001110111 1010101010110000anfI_max <DenseSet hash=9700d8b61a5940a2 n=16 wt=80 | 3:2 4:9 5:40 6:29> anfO_max <DenseSet hash=ebdc47b87946ff0f n=16 wt=83 | 3:3 4:13 5:45 6:22>
00:09:23.823.997 INFO root: solving SAT...
00:10:01.553.727 INFO root: SAT solve time: 37.728859186172485
00:10:01.553.727 INFO root: SAT_times: 10.0 - 90.7, avg 37.0 med 33.5
00:10:01.554.727 INFO root: middle division transition ~0000101100001101 -> 1001101100000000 (~6 -> 5)
00:10:01.554.728 INFO root: mid transition: 0000101100001101 1001101100000000 6 5
00:10:01.554.728 INFO root: full trace:
00:10:01.555.729 INFO root: 1111 1111 1111 1111 1111 1111 0100 1111 1111 1111 1111 1111 1111 1111 0010 1111# initial
00:10:01.555.729 INFO root: 1111 1110 1111 1111 1011 1111 0111 1111 1111 1110 1111 1101 1011 1111 1111 1111# after SR MC SR
00:10:01.556.730 INFO root: 1111 1000 1111 1111 0011 0010 0100 1001 0010 0010 0100 0100 0000 0010 1000 0011# after SSB
00:10:01.556.730 INFO root: 1111 0000 0111 1100 0000 0000 1011 0000 1101 0000 1111 0111 1011 0000 0000 1100# after SR MC SR
00:10:01.557.731 INFO root: 0000 0000 0100 0000 0000 0000 1000 0100 1000 0000 0000 0000 1000 0000 0000 0000# after SSB
00:10:01.557.731 INFO root: 0000 1001 0000 0000 0000 1011 0000 0000 0000 0000 0000 0000 0000 0000 0000 0000# after SR MC SR
00:10:01.558.731 INFO root: 
00:10:01.558.731 INFO root: new trail: 0000101100001101 -> 1001101100000000
00:10:01.559.732 INFO root: #trails 8 
00:10:01.559.733 INFO root: mask pair #65 / 65025: 0111011001110000 1010000010110001anfI_max <DenseSet hash=5ed0fdaa337bab38 n=16 wt=94 | 3:3 4:7 5:58 6:26> anfO_max <DenseSet hash=d7074cbd4ad02cfb n=16 wt=74 | 3:2 4:13 5:34 6:25>
00:10:09.268.442 INFO root: solving SAT...
00:10:23.962.135 INFO root: SAT solve time: 14.692667245864868
00:10:23.962.136 INFO root: SAT_times: 10.0 - 90.7, avg 34.5 med 32.3
00:10:23.962.136 INFO root: middle division transition ~0000101111010000 -> 1101110100000000 (~6 -> 6)
00:10:23.962.136 INFO root: mid transition: 0000101111010000 1101110100000000 6 6
00:10:23.963.136 INFO root: full trace:
00:10:23.963.137 INFO root: 1111 1111 1111 1111 1111 1111 0100 1111 1111 1111 0010 1111 1111 1111 1111 1111# initial
00:10:23.963.137 INFO root: 1111 1111 1111 1111 1101 1111 1111 1011 1111 1111 0111 0111 1111 1101 1101 1111# after SR MC SR
00:10:23.964.137 INFO root: 1111 1101 0001 0000 0100 0100 1010 1111 1011 0110 0100 1100 1010 1111 1111 1111# after SSB
00:10:23.964.138 INFO root: 0110 0111 1011 1100 0111 1110 1010 0110 1101 0111 0111 1110 0000 1110 0000 1011# after SR MC SR
00:10:23.964.138 INFO root: 0000 0010 1000 0000 0000 0000 0000 0001 0000 0000 0000 0010 1000 0100 0000 0000# after SSB
00:10:23.965.138 INFO root: 0000 1101 0000 0000 0000 1101 0000 0000 0000 0000 0000 0000 0000 0000 0000 0000# after SR MC SR
00:10:23.965.138 INFO root: 
00:10:23.965.139 INFO root: new trail: 0000101111010000 -> 1101110100000000
00:10:23.966.140 INFO root: #trails 9 
00:10:23.967.140 INFO root: mask pair #112 / 65025: 0110000000000110 0001000110100000anfI_max <DenseSet hash=b3baee12ca554252 n=16 wt=91 | 3:3 4:12 5:57 6:19> anfO_max <DenseSet hash=cff3df36c21c85fb n=16 wt=74 | 3:3 4:5 5:35 6:31>
00:10:31.724.897 INFO root: solving SAT...
00:11:21.127.301 INFO root: SAT solve time: 49.40287923812866
00:11:21.128.301 INFO root: SAT_times: 10.0 - 90.7, avg 36.0 med 33.5
00:11:21.128.302 INFO root: middle division transition ~1011101100000000 -> 0000000001111101 (~6 -> 6)
00:11:21.128.302 INFO root: mid transition: 1011101100000000 0000000001111101 6 6
00:11:21.128.302 INFO root: full trace:
00:11:21.129.303 INFO root: 1111 1111 0100 1111 1111 1111 0100 1111 1111 1111 1111 1111 1111 1111 1111 1111# initial
00:11:21.130.303 INFO root: 1111 0111 1011 1111 0111 0111 1111 1111 1111 1111 1111 0111 1111 1111 1111 1011# after SR MC SR
00:11:21.130.304 INFO root: 1111 0111 1111 0000 0001 1000 0011 1111 0100 0001 1111 1101 1111 0001 0001 1000# after SSB
00:11:21.131.304 INFO root: 1111 0111 1111 0000 1101 0100 0000 0111 0111 0111 1101 0111 0000 0000 1011 0101# after SR MC SR
00:11:21.131.305 INFO root: 0100 0000 0000 0000 0010 0000 0000 0000 0000 0100 1000 0000 0000 0000 1000 0010# after SSB
00:11:21.132.305 INFO root: 0000 0000 0000 0000 0000 0000 0000 0000 0000 0111 0000 0000 0000 1101 0000 0000# after SR MC SR
00:11:21.132.305 INFO root: 
00:11:21.132.306 INFO root: new trail: 1011101100000000 -> 0000000001111101
00:11:21.134.307 INFO root: #trails 10 
00:11:21.134.308 INFO root: mask pair #195 / 65025: 0111011101100001 1010101000001011anfI_max <DenseSet hash=7d2ddd1c2c319e21 n=16 wt=108 | 3:2 4:9 5:77 6:20> anfO_max <DenseSet hash=3c2fbe64f6787b91 n=16 wt=77 | 3:2 4:12 5:36 6:27>
00:11:28.113.287 INFO root: solving SAT...
00:11:59.497.671 INFO root: SAT solve time: 31.38354992866516
00:11:59.498.672 INFO root: SAT_times: 10.0 - 90.7, avg 35.6 med 32.3
00:11:59.498.672 INFO root: middle division transition ~1101000000001101 -> 1101000010010000 (~6 -> 5)
00:11:59.498.672 INFO root: mid transition: 1101000000001101 1101000010010000 6 5
00:11:59.499.673 INFO root: full trace:
00:11:59.499.673 INFO root: 1111 1111 0010 1111 1111 1111 1111 1111 1111 1111 1111 1111 1111 1111 0010 1111# initial
00:11:59.500.673 INFO root: 1111 1111 0111 1111 1111 1101 0111 1111 1111 1101 1111 1111 1101 1111 1111 0111# after SR MC SR
00:11:59.500.674 INFO root: 0100 0010 0001 1111 1001 0100 1000 1000 1111 0010 0100 1110 1100 1001 0110 0100# after SSB
00:11:59.500.674 INFO root: 0101 0000 0000 1101 1011 1100 0000 0000 1110 0111 0000 1111 1110 1010 0000 1101# after SR MC SR
00:11:59.501.674 INFO root: 0000 0010 0000 0100 1000 0000 0000 0000 0000 0000 0000 1000 0010 0000 0000 0000# after SSB
00:11:59.501.675 INFO root: 0000 1101 0000 0000 0000 0000 0000 0000 0000 1001 0000 0000 0000 0000 0000 0000# after SR MC SR
00:11:59.501.675 INFO root: 
00:11:59.501.675 INFO root: new trail: 1101000000001101 -> 1101000010010000
00:11:59.502.676 INFO root: #trails 11 
00:11:59.503.676 INFO root: mask pair #245 / 65025: 0111000001100001 0001000010110001anfI_max <DenseSet hash=c836bcef4f12233d n=16 wt=92 | 3:4 4:28 5:41 6:19> anfO_max <DenseSet hash=0e0ed38d283731bf n=16 wt=89 | 3:4 4:14 5:49 6:22>
00:12:06.780.953 INFO root: solving SAT...
00:12:29.997.170 INFO root: SAT solve time: 23.2165265083313
00:12:29.997.171 INFO root: SAT_times: 10.0 - 90.7, avg 34.5 med 32.3
00:12:29.997.171 INFO root: middle division transition ~1011000000001011 -> 0000001100000110 (~6 -> 4)
00:12:29.998.171 INFO root: mid transition: 1011000000001011 0000001100000110 6 4
00:12:29.998.172 INFO root: full trace:
00:12:29.998.172 INFO root: 1111 1111 0100 1111 1111 1111 1111 1111 1111 1111 1111 1111 1111 1111 0100 1111# initial
00:12:29.998.172 INFO root: 1111 1111 1111 1111 1111 0111 1101 1111 1110 1110 1111 1111 0111 1111 1111 1101# after SR MC SR
00:12:29.999.173 INFO root: 0100 0110 0010 1111 0100 0011 1111 0010 0100 1000 0100 0100 0001 0100 0010 1001# after SSB
00:12:29.999.173 INFO root: 0000 0011 1010 1101 0000 0000 1001 1110 0000 0110 0000 0111 0000 1011 1011 1010# after SR MC SR
00:12:29.999.173 INFO root: 0000 0000 0010 0000 0000 1000 0000 0001 0000 0000 0000 0000 0000 0000 0000 1000# after SSB
00:12:30.000.174 INFO root: 0000 0000 0000 0000 0000 0011 0000 0000 0000 0000 0000 0000 0000 0110 0000 0000# after SR MC SR
00:12:30.000.174 INFO root: 
00:12:30.000.174 INFO root: new trail: 1011000000001011 -> 0000001100000110
00:12:30.002.176 INFO root: #trails 12 
00:12:30.003.176 INFO root: mask pair #467 / 65025: 0111000000010111 0000000100000000anfI_max <DenseSet hash=637f0c9624686925 n=16 wt=100 | 3:2 4:16 5:62 6:20> anfO_max <DenseSet hash=e602ded485a2d8fc n=16 wt=77 | 3:5 4:19 5:42 6:11>
00:12:37.308.482 INFO root: solving SAT...
00:13:30.721.894 INFO root: SAT solve time: 53.41154885292053
00:13:30.721.895 INFO root: SAT_times: 10.0 - 90.7, avg 36.0 med 32.3
00:13:30.721.895 INFO root: middle division transition ~0000110110110000 -> 0111101100000000 (~6 -> 6)
00:13:30.722.895 INFO root: mid transition: 0000110110110000 0111101100000000 6 6
00:13:30.722.895 INFO root: full trace:
00:13:30.722.896 INFO root: 1111 1111 1111 1111 1111 1111 0010 1111 1111 1111 0100 1111 1111 1111 1111 1111# initial
00:13:30.722.896 INFO root: 0111 1101 1111 1111 1111 1111 1111 0111 1111 1111 0111 1101 1111 1111 1011 1111# after SR MC SR
00:13:30.723.897 INFO root: 0010 1000 1010 0100 1110 1111 0100 1110 1111 1100 0001 0100 0100 0010 0010 0101# after SSB
00:13:30.723.897 INFO root: 0100 0000 1111 0000 0000 1101 1101 0011 0000 1011 0110 1111 0001 1101 0000 1101# after SR MC SR
00:13:30.724.897 INFO root: 0000 0000 0100 0000 0000 0000 0010 0010 0000 0000 0000 0010 1000 0100 0000 0000# after SSB
00:13:30.724.898 INFO root: 0000 0111 0000 0000 0000 1011 0000 0000 0000 0000 0000 0000 0000 0000 0000 0000# after SR MC SR
00:13:30.724.898 INFO root: 
00:13:30.724.898 INFO root: new trail: 0000110110110000 -> 0111101100000000
00:13:30.725.899 INFO root: #trails 13 
00:13:30.726.899 INFO root: mask pair #489 / 65025: 0110011000000001 0001101100010000anfI_max <DenseSet hash=5dcedb7458fee61f n=16 wt=100 | 3:2 4:24 5:58 6:16> anfO_max <DenseSet hash=b34a9dfe0d178c1f n=16 wt=84 | 3:4 4:21 5:42 6:17>
00:13:37.770.944 INFO root: solving SAT...
00:13:59.370.543 INFO root: SAT solve time: 21.59905219078064
00:13:59.370.544 INFO root: SAT_times: 10.0 - 90.7, avg 35.0 med 32.3
00:13:59.370.544 INFO root: middle division transition ~1011000011010000 -> 0111001100000000 (~6 -> 5)
00:13:59.371.544 INFO root: mid transition: 1011000011010000 0111001100000000 6 5
00:13:59.371.544 INFO root: full trace:
00:13:59.371.545 INFO root: 1111 1111 0100 1111 1111 1111 1111 1111 1111 1111 0010 1111 1111 1111 1111 1111# initial
00:13:59.371.545 INFO root: 1111 1111 1011 1111 1111 0111 1111 0111 1110 1111 1101 1111 1111 1110 1111 1111# after SR MC SR
00:13:59.372.545 INFO root: 1111 0100 0100 0010 0010 0000 0000 1111 1000 1111 0010 0010 1111 1111 1111 1000# after SSB
00:13:59.372.546 INFO root: 0000 0000 1001 0011 1101 1001 1101 0111 0111 1100 0000 1101 1011 0111 0000 1011# after SR MC SR
00:13:59.373.546 INFO root: 0000 1000 0000 0000 0000 0000 0001 0001 0100 0000 0000 0010 0000 0000 0000 0000# after SSB
00:13:59.373.547 INFO root: 0000 0111 0000 0000 0000 0011 0000 0000 0000 0000 0000 0000 0000 0000 0000 0000# after SR MC SR
00:13:59.373.547 INFO root: 
00:13:59.373.547 INFO root: new trail: 1011000011010000 -> 0111001100000000
00:13:59.375.549 INFO root: #trails 14 
00:13:59.375.549 INFO root: mask pair #565 / 65025: 0000011000010111 0000101000000001anfI_max <DenseSet hash=7f5678126b14c046 n=16 wt=99 | 3:1 4:11 5:64 6:23> anfO_max <DenseSet hash=884ce6c81dd484b6 n=16 wt=85 | 3:3 4:17 5:42 6:23>
00:14:06.360.534 INFO root: solving SAT...
00:14:59.673.846 INFO root: SAT solve time: 53.31216621398926
00:14:59.673.847 INFO root: SAT_times: 10.0 - 90.7, avg 36.2 med 32.3
00:14:59.674.848 INFO root: middle division transition ~0111000010110000 -> 0000101111010000 (~6 -> 6)
00:14:59.674.848 INFO root: mid transition: 0111000010110000 0000101111010000 6 6
00:14:59.674.848 INFO root: full trace:
00:14:59.675.849 INFO root: 1111 1111 1000 1111 1111 1111 1111 1111 1111 1111 0100 1111 1111 1111 1111 1111# initial
00:14:59.676.849 INFO root: 0111 1111 1110 1111 1111 1011 1111 0111 0111 1111 0111 1111 1111 1111 1111 1111# after SR MC SR
00:14:59.676.850 INFO root: 1000 0010 1001 1000 0000 1111 0100 1001 0100 1000 0010 1111 1111 1001 0001 0010# after SSB
00:14:59.677.851 INFO root: 1111 1100 1001 0111 1100 1101 0000 0100 0110 0000 0100 1111 0000 0001 1010 0000# after SR MC SR
00:14:59.678.851 INFO root: 0000 0000 0000 1000 1000 0000 0000 0100 0100 0000 0000 0000 0000 1000 0010 0000# after SSB
00:14:59.678.852 INFO root: 0000 0000 0000 0000 0000 1011 0000 0000 0000 1101 0000 0000 0000 0000 0000 0000# after SR MC SR
00:14:59.678.852 INFO root: 
00:14:59.679.852 INFO root: new trail: 0111000010110000 -> 0000101111010000
00:14:59.694.868 INFO root: #trails 15 
00:14:59.695.869 INFO root: mask pair #1484 / 65025: 0111011101110111 0001101000001011anfI_max <DenseSet hash=62247a808e416d9f n=16 wt=106 | 3:6 4:23 5:59 6:18> anfO_max <DenseSet hash=825738baa78d9184 n=16 wt=83 | 2:1 3:4 4:20 5:38 6:20>
00:15:07.201.375 INFO root: solving SAT...
00:15:45.129.303 INFO root: SAT solve time: 37.92763018608093
00:15:45.130.304 INFO root: SAT_times: 10.0 - 90.7, avg 36.3 med 33.5
00:15:45.130.304 INFO root: middle division transition ~0000101100000111 -> 1010000000000111 (~6 -> 5)
00:15:45.130.304 INFO root: mid transition: 0000101100000111 1010000000000111 6 5
00:15:45.131.304 INFO root: full trace:
00:15:45.131.305 INFO root: 1111 1111 1111 1111 1111 1111 0100 1111 1111 1111 1111 1111 1111 1111 1000 1111# initial
00:15:45.131.305 INFO root: 1111 1110 1111 1111 1111 1111 1011 1111 1111 1101 1111 1101 1110 1111 1101 1111# after SR MC SR
00:15:45.132.306 INFO root: 1111 0000 0010 1010 0101 1111 0000 0010 0100 1111 0011 1111 1111 1110 1111 1001# after SSB
00:15:45.132.306 INFO root: 1101 0101 1011 1011 0000 0000 1110 0111 1011 0111 0111 1101 1101 0111 1110 0000# after SR MC SR
00:15:45.133.306 INFO root: 0000 0000 0000 0000 0000 0010 0010 0000 0000 0000 0010 0000 0100 0000 0000 1000# after SSB
00:15:45.133.307 INFO root: 0000 1010 0000 0000 0000 0000 0000 0000 0000 0000 0000 0000 0000 0111 0000 0000# after SR MC SR
00:15:45.133.307 INFO root: 
00:15:45.133.307 INFO root: new trail: 0000101100000111 -> 1010000000000111
00:15:45.144.318 INFO root: #trails 16 
00:15:45.145.318 INFO root: mask pair #2773 / 65025: 0110011101110001 1010101110110000anfI_max <DenseSet hash=043ae6884940d1df n=16 wt=78 | 3:1 4:6 5:44 6:27> anfO_max <DenseSet hash=3cf7f6efaf86c033 n=16 wt=81 | 3:3 4:9 5:46 6:23>
00:15:52.500.674 INFO root: solving SAT...
00:16:51.060.233 INFO root: SAT solve time: 58.558905839920044
00:16:51.060.234 INFO root: SAT_times: 10.0 - 90.7, avg 37.6 med 33.5
00:16:51.061.234 INFO root: middle division transition ~0000110100000111 -> 0000011110110000 (~6 -> 6)
00:16:51.061.235 INFO root: mid transition: 0000110100000111 0000011110110000 6 6
00:16:51.061.235 INFO root: full trace:
00:16:51.062.235 INFO root: 1111 1111 1111 1111 1111 1111 0010 1111 1111 1111 1111 1111 1111 1111 1000 1111# initial
00:16:51.062.236 INFO root: 1111 0111 1111 1110 1111 1111 1111 1111 1111 1011 1111 1110 1101 1111 1011 1111# after SR MC SR
00:16:51.063.236 INFO root: 1100 0110 1010 0001 1111 0000 1111 1111 1000 0100 0101 0100 0100 1111 0100 1111# after SSB
00:16:51.063.237 INFO root: 1011 0000 1100 1111 1101 1011 1011 0000 0111 0000 1011 0111 0000 0110 1100 0111# after SR MC SR
00:16:51.064.238 INFO root: 0000 0000 1000 1000 0010 0000 0000 0100 0000 0000 0000 0000 0000 0001 0001 0000# after SSB
00:16:51.064.238 INFO root: 0000 0000 0000 0000 0000 0111 0000 0000 0000 1011 0000 0000 0000 0000 0000 0000# after SR MC SR
00:16:51.065.238 INFO root: 
00:16:51.065.239 INFO root: new trail: 0000110100000111 -> 0000011110110000
00:16:51.082.256 INFO root: #trails 17 
00:16:51.083.257 INFO root: mask pair #4106 / 65025: 0110011000000111 1011000110100000anfI_max <DenseSet hash=e93b0b2df7ac97c2 n=16 wt=95 | 3:2 4:28 5:47 6:18> anfO_max <DenseSet hash=ce81234de2986041 n=16 wt=78 | 3:2 4:14 5:33 6:29>
00:16:58.121.294 INFO root: solving SAT...
00:17:12.153.326 INFO root: SAT solve time: 14.031381130218506
00:17:12.153.327 INFO root: SAT_times: 10.0 - 90.7, avg 36.3 med 33.5
00:17:12.154.327 INFO root: middle division transition ~0000000001111011 -> 1101000011010000 (~6 -> 6)
00:17:12.154.328 INFO root: mid transition: 0000000001111011 1101000011010000 6 6
00:17:12.154.328 INFO root: full trace:
00:17:12.155.329 INFO root: 1111 1111 1111 1111 1111 1111 1111 1111 1111 1111 1000 1111 1111 1111 0100 1111# initial
00:17:12.155.329 INFO root: 1011 1111 1111 1101 1111 1111 1011 1011 1111 1101 1111 1111 1111 0111 1111 1111# after SR MC SR
00:17:12.156.330 INFO root: 0010 1111 1001 0100 0011 0010 0100 0000 1010 0000 1111 0110 1111 1111 1000 1111# after SSB
00:17:12.156.330 INFO root: 0000 1011 0000 0000 1011 0110 1011 1011 1101 0000 1111 1111 0010 0111 0010 1011# after SR MC SR
00:17:12.157.331 INFO root: 0000 0100 0000 1000 0100 0000 1000 0000 0000 0000 0000 0010 0000 0000 0010 0000# after SSB
00:17:12.157.331 INFO root: 0000 1101 0000 0000 0000 0000 0000 0000 0000 1101 0000 0000 0000 0000 0000 0000# after SR MC SR
00:17:12.158.331 INFO root: 
00:17:12.158.332 INFO root: new trail: 0000000001111011 -> 1101000011010000
00:17:12.170.343 INFO root: #trails 18 
00:17:12.170.344 INFO root: mask pair #4953 / 65025: 0001000101110111 0000101010111010anfI_max <DenseSet hash=742c2a1e10906ccc n=16 wt=89 | 3:2 4:6 5:55 6:26> anfO_max <DenseSet hash=70e16515347699b4 n=16 wt=78 | 3:6 4:13 5:35 6:24>
00:17:19.330.504 INFO root: solving SAT...
00:18:14.093.266 INFO root: SAT solve time: 54.7623348236084
00:18:14.093.267 INFO root: SAT_times: 10.0 - 90.7, avg 37.3 med 33.5
00:18:14.094.267 INFO root: middle division transition ~0000000001110111 -> 0111101100000000 (~6 -> 6)
00:18:14.094.268 INFO root: mid transition: 0000000001110111 0111101100000000 6 6
00:18:14.094.268 INFO root: full trace:
00:18:14.095.269 INFO root: 1111 1111 1111 1111 1111 1111 1111 1111 1111 1111 1000 1111 1111 1111 1000 1111# initial
00:18:14.096.269 INFO root: 1111 1111 1111 0111 1111 1111 0111 1011 1111 1111 1101 1111 1101 1011 1111 1111# after SR MC SR
00:18:14.096.270 INFO root: 1110 1000 1111 0000 1011 0100 0100 1000 0111 1111 0100 1100 1111 0100 0000 1111# after SSB
00:18:14.097.271 INFO root: 1110 1101 1011 1010 1001 0111 1010 1111 0000 1011 1010 0000 0000 0000 1110 0111# after SR MC SR
00:18:14.097.271 INFO root: 0000 0000 0010 0000 0000 0000 0010 0010 0000 0000 0000 0010 1000 1000 0000 0000# after SSB
00:18:14.098.272 INFO root: 0000 0111 0000 0000 0000 1011 0000 0000 0000 0000 0000 0000 0000 0000 0000 0000# after SR MC SR
00:18:14.098.272 INFO root: 
00:18:14.098.272 INFO root: new trail: 0000000001110111 -> 0111101100000000
00:18:14.101.275 INFO root: #trails 19 
00:18:14.102.275 INFO root: mask pair #5081 / 65025: 0110000001100000 1011000000000000anfI_max <DenseSet hash=a3f2fb10b8eb3827 n=16 wt=102 | 3:3 4:33 5:48 6:18> anfO_max <DenseSet hash=5fa4d26b96d67071 n=16 wt=59 | 3:2 5:40 6:17>
00:18:21.353.527 INFO root: solving SAT...
00:19:01.914.087 INFO root: SAT solve time: 40.559794187545776
00:19:01.914.088 INFO root: SAT_times: 10.0 - 90.7, avg 37.4 med 37.7
00:19:01.914.088 INFO root: middle division transition ~0000000010110111 -> 0000000011001101 (~6 -> 5)
00:19:01.915.088 INFO root: mid transition: 0000000010110111 0000000011001101 6 5
00:19:01.915.088 INFO root: full trace:
00:19:01.915.089 INFO root: 1111 1111 1111 1111 1111 1111 1111 1111 1111 1111 0100 1111 1111 1111 1000 1111# initial
00:19:01.915.089 INFO root: 1101 1111 1111 1111 1111 1111 0111 1011 1111 1011 1111 1111 1011 0111 1111 1111# after SR MC SR
00:19:01.916.089 INFO root: 1111 0010 1111 1111 0010 0010 0010 1111 1100 1000 1010 1000 0000 1000 0100 1111# after SSB
00:19:01.916.090 INFO root: 1101 1011 0111 0100 0000 1010 1111 0111 0111 0000 0110 0000 1001 1011 0000 1101# after SR MC SR
00:19:01.917.090 INFO root: 0010 0000 0000 0000 0000 0000 0000 0000 0000 0100 0100 0000 0000 0000 1000 1000# after SSB
00:19:01.917.091 INFO root: 0000 0000 0000 0000 0000 0000 0000 0000 0000 1100 0000 0000 0000 1101 0000 0000# after SR MC SR
00:19:01.917.091 INFO root: 
00:19:01.917.091 INFO root: new trail: 0000000010110111 -> 0000000011001101
00:19:01.936.110 INFO root: #trails 20 
00:19:01.937.110 INFO root: mask pair #7579 / 65025: 0111000000010001 0001000110101010anfI_max <DenseSet hash=f0bd23f3515e946a n=16 wt=104 | 3:4 4:21 5:57 6:22> anfO_max <DenseSet hash=f0d47960e7ed4296 n=16 wt=77 | 3:1 4:16 5:29 6:31>
00:19:08.897.070 INFO root: solving SAT...
00:21:12.905.078 INFO root: SAT solve time: 124.00754833221436
00:21:12.905.079 INFO root: SAT_times: 10.0 - 124.0, avg 41.6 med 37.7
00:21:12.906.079 INFO root: middle division transition ~0000011111010000 -> 0000101111010000 (~6 -> 6)
00:21:12.906.080 INFO root: mid transition: 0000011111010000 0000101111010000 6 6
00:21:12.906.080 INFO root: full trace:
00:21:12.906.080 INFO root: 1111 1111 1111 1111 1111 1111 1000 1111 1111 1111 0010 1111 1111 1111 1111 1111# initial
00:21:12.907.081 INFO root: 1111 1111 1111 1111 1101 1111 1111 1101 1111 1111 1011 0111 1111 1011 1011 1111# after SR MC SR
00:21:12.907.081 INFO root: 0101 1111 0000 0000 1111 1001 0010 1101 0100 0010 0010 1111 1011 1000 1111 0100# after SSB
00:21:12.908.081 INFO root: 1101 0111 0000 1101 0111 1000 0111 0110 1010 0000 0000 1101 0111 1000 1011 1010# after SR MC SR
00:21:12.908.082 INFO root: 0000 0000 0001 0001 0010 0000 0000 0001 0001 0010 0000 0000 0000 0000 0000 0000# after SSB
00:21:12.908.082 INFO root: 0000 0000 0000 0000 0000 1011 0000 0000 0000 1101 0000 0000 0000 0000 0000 0000# after SR MC SR
00:21:12.909.082 INFO root: 
00:21:12.909.082 INFO root: new trail: 0000011111010000 -> 0000101111010000
00:21:12.914.088 INFO root: #trails 21 
00:21:12.915.089 INFO root: mask pair #7990 / 65025: 0111011000000000 1011101010110000anfI_max <DenseSet hash=3243f0f9336aa8fa n=16 wt=80 | 3:3 4:23 5:29 6:25> anfO_max <DenseSet hash=9183080537a467e9 n=16 wt=80 | 3:4 4:17 5:42 6:17>
00:21:23.397.571 INFO root: solving SAT...
00:22:35.730.904 INFO root: SAT solve time: 72.33270072937012
00:22:35.731.905 INFO root: SAT_times: 10.0 - 124.0, avg 42.9 med 37.9
00:22:35.731.905 INFO root: middle division transition ~0000000000111100 -> 1011110100000000 (~4 -> 6)
00:22:35.732.905 INFO root: mid transition: 0000000000111100 1011110100000000 4 6
00:22:35.732.906 INFO root: full trace:
00:22:35.733.907 INFO root: 1111 1111 1111 1111 1111 1111 1111 1111 1111 1111 1100 1111 1111 1111 0011 1111# initial
00:22:35.734.907 INFO root: 1111 1111 1111 1111 1111 1111 1111 0111 1111 0111 0111 1111 1110 1111 1111 1111# after SR MC SR
00:22:35.735.908 INFO root: 1111 1111 0110 1000 1011 0011 0010 1111 1111 0010 0101 1100 1000 1010 1111 0010# after SSB
00:22:35.736.909 INFO root: 1110 1011 1101 0111 1101 0111 0000 1011 0111 1101 1011 0000 1101 0000 1100 1101# after SR MC SR
00:22:35.736.910 INFO root: 0000 1000 0010 0000 0000 0000 0000 0000 1001 0000 0000 0100 1000 0000 0000 0000# after SSB
00:22:35.737.911 INFO root: 0000 1011 0000 0000 0000 1101 0000 0000 0000 0000 0000 0000 0000 0000 0000 0000# after SR MC SR
00:22:35.737.911 INFO root: 
00:22:35.738.911 INFO root: new trail: 0000000000111100 -> 1011110100000000
00:22:35.762.935 INFO root: #trails 22 
00:22:35.762.936 INFO root: mask pair #10277 / 65025: 0110000000000110 0000101110100001anfI_max <DenseSet hash=b3baee12ca554252 n=16 wt=91 | 3:3 4:12 5:57 6:19> anfO_max <DenseSet hash=ccdfad3714fcd29f n=16 wt=81 | 3:2 4:17 5:45 6:17>
00:22:44.883.057 INFO root: solving SAT...
00:23:20.919.093 INFO root: SAT solve time: 36.035918951034546
00:23:20.920.094 INFO root: SAT_times: 10.0 - 124.0, avg 42.6 med 37.7
00:23:20.920.094 INFO root: middle division transition ~0111000010110000 -> 0000101100001011 (~6 -> 6)
00:23:20.921.094 INFO root: mid transition: 0111000010110000 0000101100001011 6 6
00:23:20.921.095 INFO root: full trace:
00:23:20.922.095 INFO root: 1111 1111 1000 1111 1111 1111 1111 1111 1111 1111 0100 1111 1111 1111 1111 1111# initial
00:23:20.922.096 INFO root: 1111 1111 1110 1111 1111 1111 1111 1101 1011 1111 0111 1111 1111 1011 1111 0111# after SR MC SR
00:23:20.923.096 INFO root: 1010 1111 0100 0000 1100 1100 0010 1000 0111 1000 0100 1111 1111 1000 0100 0010# after SSB
00:23:20.923.097 INFO root: 0000 1111 0000 0000 1111 1101 0010 0000 0000 0000 0111 0111 1011 1011 0110 1110# after SR MC SR
00:23:20.924.097 INFO root: 0001 0000 0000 0000 0000 1000 0000 0010 0100 0000 0010 0000 0000 1000 0000 0000# after SSB
00:23:20.924.098 INFO root: 0000 0000 0000 0000 0000 1011 0000 0000 0000 0000 0000 0000 0000 1011 0000 0000# after SR MC SR
00:23:20.924.098 INFO root: 
00:23:20.925.098 INFO root: new trail: 0111000010110000 -> 0000101100001011
00:23:20.946.120 INFO root: #trails 23 
00:23:20.947.121 INFO root: mask pair #12051 / 65025: 0001011101110001 0000000100000000anfI_max <DenseSet hash=c4efdb37981e65b3 n=16 wt=91 | 3:3 4:4 5:61 6:23> anfO_max <DenseSet hash=e602ded485a2d8fc n=16 wt=77 | 3:5 4:19 5:42 6:11>
00:23:31.586.760 INFO root: solving SAT...
00:24:35.813.986 INFO root: SAT solve time: 64.22586250305176
00:24:35.813.987 INFO root: SAT_times: 10.0 - 124.0, avg 43.5 med 37.9
00:24:35.814.987 INFO root: middle division transition ~0111000001110000 -> 0000110101110000 (~6 -> 6)
00:24:35.814.988 INFO root: mid transition: 0111000001110000 0000110101110000 6 6
00:24:35.814.988 INFO root: full trace:
00:24:35.815.989 INFO root: 1111 1111 1000 1111 1111 1111 1111 1111 1111 1111 1000 1111 1111 1111 1111 1111# initial
00:24:35.816.989 INFO root: 1011 1111 1011 1111 1111 1111 1111 1111 0111 1111 0111 1111 1111 1011 1111 0111# after SR MC SR
00:24:35.816.990 INFO root: 1000 1111 0010 0110 1111 1000 0000 1001 1000 0110 1010 1111 0000 1010 1111 0100# after SSB
00:24:35.817.990 INFO root: 0000 0111 1011 1111 1101 1101 0111 1100 0000 1010 0000 0000 1110 1110 1100 0000# after SR MC SR
00:24:35.817.991 INFO root: 0000 0000 0010 0001 0010 0000 0000 1000 0000 0100 0000 0000 0000 0010 0000 0000# after SSB
00:24:35.818.992 INFO root: 0000 0000 0000 0000 0000 1101 0000 0000 0000 0111 0000 0000 0000 0000 0000 0000# after SR MC SR
00:24:35.818.992 INFO root: 
00:24:35.819.992 INFO root: new trail: 0111000001110000 -> 0000110101110000
00:24:36.047.221 INFO root: #trails 24 
00:24:36.048.221 INFO root: mask pair #30491 / 65025: 0001011000010000 0001101000010000anfI_max <DenseSet hash=63c49b438da7ffa4 n=16 wt=112 | 3:2 4:11 5:83 6:16> anfO_max <DenseSet hash=21b38f15c2427654 n=16 wt=91 | 3:4 4:15 5:50 6:22>
00:24:43.429.603 INFO root: solving SAT...
00:25:00.599.772 INFO root: SAT solve time: 17.169063329696655
00:25:00.599.773 INFO root: SAT_times: 10.0 - 124.0, avg 42.5 med 37.7
00:25:00.600.773 INFO root: middle division transition ~0000000011011011 -> 0000110100000110 (~6 -> 5)
00:25:00.600.774 INFO root: mid transition: 0000000011011011 0000110100000110 6 5
00:25:00.600.774 INFO root: full trace:
00:25:00.601.774 INFO root: 1111 1111 1111 1111 1111 1111 1111 1111 1111 1111 0010 1111 1111 1111 0100 1111# initial
00:25:00.601.775 INFO root: 0111 1111 1111 1101 1111 1111 1111 0111 1111 1011 0111 1111 1011 1111 1111 1111# after SR MC SR
00:25:00.602.775 INFO root: 1000 1000 1111 1111 1111 0100 1010 0100 0100 1000 0100 0000 0000 1111 0100 1000# after SSB
00:25:00.602.776 INFO root: 1000 1010 1111 0010 0000 0111 1011 1011 1101 1101 0000 0000 0111 0000 0010 0000# after SR MC SR
00:25:00.603.776 INFO root: 0000 0000 0010 0000 0000 0000 0000 0000 0010 0000 0010 0000 0000 0010 0000 0100# after SSB
00:25:00.603.777 INFO root: 0000 0000 0000 0000 0000 1101 0000 0000 0000 0000 0000 0000 0000 0110 0000 0000# after SR MC SR
00:25:00.604.777 INFO root: 
00:25:00.604.778 INFO root: new trail: 0000000011011011 -> 0000110100000110
00:25:00.702.875 INFO root: #trails 25 
00:25:00.702.876 INFO root: mask pair #38960 / 65025: 0001011101100000 1010000000000000anfI_max <DenseSet hash=3491516ac9e3f559 n=16 wt=99 | 3:3 4:26 5:47 6:23> anfO_max <DenseSet hash=4d700f45c27717be n=16 wt=76 | 3:9 4:32 5:27 6:8>
00:25:08.312.485 INFO root: solving SAT...
00:25:43.658.832 INFO root: SAT solve time: 35.3462131023407
00:25:43.659.832 INFO root: SAT_times: 10.0 - 124.0, avg 42.2 med 37.7
00:25:43.659.833 INFO root: middle division transition ~0000110100001011 -> 1101101000000000 (~6 -> 5)
00:25:43.659.833 INFO root: mid transition: 0000110100001011 1101101000000000 6 5
00:25:43.660.833 INFO root: full trace:
00:25:43.660.834 INFO root: 1111 1111 1111 1111 1111 1111 0010 1111 1111 1111 1111 1111 1111 1111 0100 1111# initial
00:25:43.661.834 INFO root: 1111 0111 1111 1011 0111 1111 1011 1111 1111 1111 1111 0111 1101 1111 1111 1111# after SR MC SR
00:25:43.661.835 INFO root: 0001 1000 0010 0001 1000 1001 0100 0110 1001 1111 0110 0010 0001 0010 1111 0010# after SSB
00:25:43.662.835 INFO root: 0000 0000 0000 1100 1011 0000 1101 1100 0111 1011 1010 0000 1010 1001 0001 1101# after SR MC SR
00:25:43.662.836 INFO root: 0000 0000 0001 0000 0000 0000 1000 0000 0000 0000 0000 1000 0010 0001 0000 0000# after SSB
00:25:43.662.836 INFO root: 0000 1101 0000 0000 0000 1010 0000 0000 0000 0000 0000 0000 0000 0000 0000 0000# after SR MC SR
00:25:43.663.836 INFO root: 
00:25:43.663.837 INFO root: new trail: 0000110100001011 -> 1101101000000000
00:25:43.776.950 INFO root: #trails 26 
00:25:43.777.950 INFO root: mask pair #49708 / 65025: 0110000101110111 0000101110100001anfI_max <DenseSet hash=fcb0d6351a6e780d n=16 wt=95 | 3:2 4:16 5:47 6:30> anfO_max <DenseSet hash=ccdfad3714fcd29f n=16 wt=81 | 3:2 4:17 5:45 6:17>
00:25:50.677.851 INFO root: solving SAT...
00:26:08.460.634 INFO root: SAT solve time: 17.78244686126709
00:26:08.461.634 INFO root: SAT_times: 10.0 - 124.0, avg 41.3 med 36.0
00:26:08.461.635 INFO root: middle division transition ~0000110100001011 -> 0000000010110111 (~6 -> 6)
00:26:08.461.635 INFO root: mid transition: 0000110100001011 0000000010110111 6 6
00:26:08.462.635 INFO root: full trace:
00:26:08.462.636 INFO root: 1111 1111 1111 1111 1111 1111 0010 1111 1111 1111 1111 1111 1111 1111 0100 1111# initial
00:26:08.463.636 INFO root: 1111 1011 1111 0111 1101 1111 1111 1111 1111 1101 1111 1111 1101 1111 1101 1111# after SR MC SR
00:26:08.463.637 INFO root: 0100 0000 0010 0010 0100 1101 0010 1100 0100 1000 1001 1111 0010 1111 1111 1000# after SSB
00:26:08.464.637 INFO root: 1011 0000 1001 0111 0111 1011 0000 0001 1110 0010 0100 1101 1101 0011 0000 0000# after SR MC SR
00:26:08.464.638 INFO root: 1001 0000 0000 0000 0010 0000 0000 0000 0000 0100 0000 0000 0000 0000 0001 1000# after SSB
00:26:08.464.638 INFO root: 0000 0000 0000 0000 0000 0000 0000 0000 0000 1011 0000 0000 0000 0111 0000 0000# after SR MC SR
00:26:08.465.638 INFO root: 
00:26:08.465.639 INFO root: new trail: 0000110100001011 -> 0000000010110111
00:26:08.485.659 INFO root: #trails 27 
00:26:08.486.659 INFO root: mask pair #51461 / 65025: 0001011000010000 0000000100000000anfI_max <DenseSet hash=63c49b438da7ffa4 n=16 wt=112 | 3:2 4:11 5:83 6:16> anfO_max <DenseSet hash=e602ded485a2d8fc n=16 wt=77 | 3:5 4:19 5:42 6:11>
00:26:19.606.779 INFO root: solving SAT...
00:27:09.177.351 INFO root: SAT solve time: 49.57097005844116
00:27:09.178.351 INFO root: SAT_times: 10.0 - 124.0, avg 41.6 med 37.7
00:27:09.178.352 INFO root: middle division transition ~0000011100001101 -> 0000110100001010 (~6 -> 5)
00:27:09.178.352 INFO root: mid transition: 0000011100001101 0000110100001010 6 5
00:27:09.178.352 INFO root: full trace:
00:27:09.179.352 INFO root: 1111 1111 1111 1111 1111 1111 1000 1111 1111 1111 1111 1111 1111 1111 0010 1111# initial
00:27:09.179.353 INFO root: 1111 1011 1111 1111 1111 1111 0111 1111 1111 1101 1111 1011 1101 1111 1101 1111# after SR MC SR
00:27:09.179.353 INFO root: 0010 1111 1111 0100 1111 0010 1011 1000 0010 0100 0000 1011 1001 0000 0100 1111# after SSB
00:27:09.180.353 INFO root: 1011 0110 1101 0111 0111 0000 0111 0000 0000 0000 0000 1011 0100 0111 1111 1011# after SR MC SR
00:27:09.180.354 INFO root: 1000 0000 0010 0000 0000 0000 0000 0100 0000 0000 0010 0000 0000 0001 0000 0000# after SSB
00:27:09.180.354 INFO root: 0000 0000 0000 0000 0000 1101 0000 0000 0000 0000 0000 0000 0000 1010 0000 0000# after SR MC SR
00:27:09.180.354 INFO root: 
00:27:09.181.354 INFO root: new trail: 0000011100001101 -> 0000110100001010
00:27:09.225.398 INFO root: #trails 28 
00:27:09.225.399 INFO root: mask pair #56242 / 65025: 0110000101100110 1010000000000000anfI_max <DenseSet hash=a1bcd25aeae7fa2c n=16 wt=93 | 3:2 4:11 5:56 6:24> anfO_max <DenseSet hash=4d700f45c27717be n=16 wt=76 | 3:9 4:32 5:27 6:8>
00:27:16.073.246 INFO root: solving SAT...
00:27:49.768.942 INFO root: SAT solve time: 33.69489645957947
00:27:49.769.942 INFO root: SAT_times: 10.0 - 124.0, avg 41.3 med 36.0
00:27:49.769.943 INFO root: middle division transition ~0111000000001011 -> 1101000011000000 (~6 -> 5)
00:27:49.769.943 INFO root: mid transition: 0111000000001011 1101000011000000 6 5
00:27:49.770.943 INFO root: full trace:
00:27:49.770.944 INFO root: 1111 1111 1000 1111 1111 1111 1111 1111 1111 1111 1111 1111 1111 1111 0100 1111# initial
00:27:49.771.944 INFO root: 1111 1111 0111 1101 1111 1011 1101 1111 1101 1011 1111 1111 1111 1111 1111 1111# after SR MC SR
00:27:49.771.945 INFO root: 1111 0001 0010 1110 1111 0010 1000 1001 1111 0100 0001 1000 0001 0001 0001 1111# after SSB
00:27:49.771.945 INFO root: 0111 1100 1101 1101 1010 0111 1011 1111 0000 0011 0111 0000 1000 0000 0000 0110# after SR MC SR
00:27:49.772.946 INFO root: 0000 1000 0000 0010 0100 0000 1000 0000 0000 0000 0000 1000 0000 0000 0000 0000# after SSB
00:27:49.772.946 INFO root: 0000 1101 0000 0000 0000 0000 0000 0000 0000 1100 0000 0000 0000 0000 0000 0000# after SR MC SR
00:27:49.773.946 INFO root: 
00:27:49.773.947 INFO root: new trail: 0111000000001011 -> 1101000011000000
00:27:49.818.991 INFO root: #trails 29 
00:27:49.818.992 INFO root: mask pair #59928 / 65025: 0111011101100001 0000101110100001anfI_max <DenseSet hash=7d2ddd1c2c319e21 n=16 wt=108 | 3:2 4:9 5:77 6:20> anfO_max <DenseSet hash=ccdfad3714fcd29f n=16 wt=81 | 3:2 4:17 5:45 6:17>
00:27:57.024.198 INFO root: solving SAT...
00:28:20.190.364 INFO root: SAT solve time: 23.165324449539185
00:28:20.190.364 INFO root: SAT_times: 10.0 - 124.0, avg 40.7 med 36.0
00:28:20.191.364 INFO root: middle division transition ~0000000011011011 -> 0000000011001011 (~6 -> 5)
00:28:20.191.365 INFO root: mid transition: 0000000011011011 0000000011001011 6 5
00:28:20.191.365 INFO root: full trace:
00:28:20.191.365 INFO root: 1111 1111 1111 1111 1111 1111 1111 1111 1111 1111 0010 1111 1111 1111 0100 1111# initial
00:28:20.192.366 INFO root: 1011 1111 1111 0111 1111 1111 1101 0111 1111 1111 1111 1111 1101 0111 1111 1111# after SR MC SR
00:28:20.192.366 INFO root: 0000 1111 1000 1000 1000 0100 1000 0000 1111 1000 1000 0010 0100 0100 1111 1111# after SSB
00:28:20.193.366 INFO root: 0100 1010 0000 1101 0000 0000 0110 0011 1101 0000 0000 0101 0110 1011 1110 1101# after SR MC SR
00:28:20.193.367 INFO root: 0000 0000 0000 0100 0010 0001 0000 0000 0000 0000 0100 0000 0000 0000 0000 1000# after SSB
00:28:20.193.367 INFO root: 0000 0000 0000 0000 0000 0000 0000 0000 0000 1100 0000 0000 0000 1011 0000 0000# after SR MC SR
00:28:20.194.367 INFO root: 
00:28:20.194.367 INFO root: new trail: 0000000011011011 -> 0000000011001011
00:28:20.238.411 INFO root: 
00:28:20.238.412 INFO root: final SAT_times: 10.0 - 124.0, avg 40.7 med 36.0
00:28:20.238.412 INFO root: SAT_times all [10.01534628868103, 14.031381130218506, 14.692667245864868, 16.62545371055603, 17.169063329696655, 17.78244686126709, 21.59905219078064, 22.859976291656494, 23.165324449539185, 23.2165265083313, 31.38354992866516, 32.27030277252197, 33.54862904548645, 33.69489645957947, 35.3462131023407, 36.035918951034546, 37.728859186172485, 37.92763018608093, 40.559794187545776, 49.40287923812866, 49.57097005844116, 51.92770504951477, 53.31216621398926, 53.41154885292053, 54.7623348236084, 58.558905839920044, 64.22586250305176, 72.33270072937012, 90.71544218063354, 124.00754833221436]
00:28:20.239.412 INFO root: Trails:
00:28:20.239.413 INFO root: trail ~0000000001111010 -> 0000011101110000: 1111111111111111111111111111111111111111100011111111111101011111 1110111111110111111111111110101111111111111111111111111011111111 1111100001001000001111111111001011110100100011110010111111110000 0000110111100111101110100110011110010000110110001101101111100111 0000000001000100000000000000010000100010000000000000000010000000 0000000000000000000001110000000000000111000000000000000000000000
00:28:20.240.413 INFO root: trail ~0000110110110000 -> 0000000010111101: 1111111111111111111111110010111111111111010011111111111111111111 1101111011111111111111111111110111111111011101111111111101111111 0101111111101000100010100010111111111111000000001000001011111010 1101110111101101000010100000000011111111011101110111000000001011 1000000000000010010001000000000000000010001000000000000000000000 0000000000000000000000000000000000001011000000000000110100000000
00:28:20.240.414 INFO root: trail ~0001000010110000 -> 0000101100000111: 1111111111101111111111111111111111111111010011111111111111111111 1110111111111111111111111111111111111111111011111111011111111011 1111010010001000111101101111110010000100100010001100111111111111 1101110101110001101110111101111000001110011111001011011000001010 0000000000000000000000100000000110000000010000000000010000000100 0000000000000000000010110000000000000000000000000000011100000000
00:28:20.240.414 INFO root: trail ~1101000011010000 -> 0000101100001101: 1111111100101111111111111111111111111111001011111111111111111111 1111111110111111111111111111011111011111111111111111110011111011 1111110111111111001010001001110100101111100000000011010110000100 0000000001011110111111001010011101111011110001111010010100001101 1000000000000000000000000000100001000000010000000000010000000010 0000000000000000000010110000000000000000000000000000110100000000
00:28:20.241.415 INFO root: trail ~0110000000001011 -> 0000101101110000: 1111111110011111111111111111111111111111111111111111111101001111 1111111111111111111101111011111111111110111111111011111111110111 1111010010001100111100100010111100010100111101000100100110000101 0111000001110000000001111101011100001111101111011000101010001010 0000000010000000010000000000010000000010000000000000100000010000 0000000000000000000010110000000000000111000000000000000000000000
00:28:20.241.415 INFO root: trail ~0000000010111011 -> 0000011100000101: 1111111111111111111111111111111111111111010011111111111101001111 0111111111111101111111111111101111111011101111111011111111111111 0100100011111100001001000100100001011111010001001000011010010010 0001111110110111000001111101000000000000000000001101110100001110 0000000000100000000010000000000000100000000000000000001000000010 0000000000000000000001110000000000000000000000000000010100000000
00:28:20.242.415 INFO root: trail ~0000000001110111 -> 0111000001110000: 1111111111111111111111111111111111111111100011111111111110001111 1111111111111111111111110111110111111101011111110111101111111111 1111111100000100010010010100001100100100001101010110000011111111 1111101100000000011100001111011110111011010110110000011100000000 0000100000000001001000000010000000000000000000001000000000010000 0000011100000000000000000000000000000111000000000000000000000000
00:28:20.242.416 INFO root: trail ~0000101100001101 -> 1001101100000000: 1111111111111111111111110100111111111111111111111111111100101111 1111111011111111101111110111111111111110111111011011111111111111 1111100011111111001100100100100100100010010001000000001010000011 1111000001111100000000001011000011010000111101111011000000001100 0000000001000000000000001000010010000000000000001000000000000000 0000100100000000000010110000000000000000000000000000000000000000
00:28:20.243.416 INFO root: trail ~0000101111010000 -> 1101110100000000: 1111111111111111111111110100111111111111001011111111111111111111 1111111111111111110111111111101111111111011101111111110111011111 1111110100010000010001001010111110110110010011001010111111111111 0110011110111100011111101010011011010111011111100000111000001011 0000001010000000000000000000000100000000000000101000010000000000 0000110100000000000011010000000000000000000000000000000000000000
00:28:20.243.417 INFO root: trail ~1011101100000000 -> 0000000001111101: 1111111101001111111111110100111111111111111111111111111111111111 1111011110111111011101111111111111111111111101111111111111111011 1111011111110000000110000011111101000001111111011111000100011000 1111011111110000110101000000011101110111110101110000000010110101 0100000000000000001000000000000000000100100000000000000010000010 0000000000000000000000000000000000000111000000000000110100000000
00:28:20.244.417 INFO root: trail ~1101000000001101 -> 1101000010010000: 1111111100101111111111111111111111111111111111111111111100101111 1111111101111111111111010111111111111101111111111101111111110111 0100001000011111100101001000100011110010010011101100100101100100 0101000000001101101111000000000011100111000011111110101000001101 0000001000000100100000000000000000000000000010000010000000000000 0000110100000000000000000000000000001001000000000000000000000000
00:28:20.244.418 INFO root: trail ~1011000000001011 -> 0000001100000110: 1111111101001111111111111111111111111111111111111111111101001111 1111111111111111111101111101111111101110111111110111111111111101 0100011000101111010000111111001001001000010001000001010000101001 0000001110101101000000001001111000000110000001110000101110111010 0000000000100000000010000000000100000000000000000000000000001000 0000000000000000000000110000000000000000000000000000011000000000
00:28:20.245.418 INFO root: trail ~0000110110110000 -> 0111101100000000: 1111111111111111111111110010111111111111010011111111111111111111 0111110111111111111111111111011111111111011111011111111110111111 0010100010100100111011110100111011111100000101000100001000100101 0100000011110000000011011101001100001011011011110001110100001101 0000000001000000000000000010001000000000000000101000010000000000 0000011100000000000010110000000000000000000000000000000000000000
00:28:20.245.419 INFO root: trail ~1011000011010000 -> 0111001100000000: 1111111101001111111111111111111111111111001011111111111111111111 1111111110111111111101111111011111101111110111111111111011111111 1111010001000010001000000000111110001111001000101111111111111000 0000000010010011110110011101011101111100000011011011011100001011 0000100000000000000000000001000101000000000000100000000000000000 0000011100000000000000110000000000000000000000000000000000000000
00:28:20.245.419 INFO root: trail ~0111000010110000 -> 0000101111010000: 1111111110001111111111111111111111111111010011111111111111111111 0111111111101111111110111111011101111111011111111111111111111111 1000001010011000000011110100100101001000001011111111100100010010 1111110010010111110011010000010001100000010011110000000110100000 0000000000001000100000000000010001000000000000000000100000100000 0000000000000000000010110000000000001101000000000000000000000000
00:28:20.246.419 INFO root: trail ~0000101100000111 -> 1010000000000111: 1111111111111111111111110100111111111111111111111111111110001111 1111111011111111111111111011111111111101111111011110111111011111 1111000000101010010111110000001001001111001111111111111011111001 1101010110111011000000001110011110110111011111011101011111100000 0000000000000000000000100010000000000000001000000100000000001000 0000101000000000000000000000000000000000000000000000011100000000
00:28:20.246.420 INFO root: trail ~0000110100000111 -> 0000011110110000: 1111111111111111111111110010111111111111111111111111111110001111 1111011111111110111111111111111111111011111111101101111110111111 1100011010100001111100001111111110000100010101000100111101001111 1011000011001111110110111011000001110000101101110000011011000111 0000000010001000001000000000010000000000000000000000000100010000 0000000000000000000001110000000000001011000000000000000000000000
00:28:20.247.420 INFO root: trail ~0000000001111011 -> 1101000011010000: 1111111111111111111111111111111111111111100011111111111101001111 1011111111111101111111111011101111111101111111111111011111111111 0010111110010100001100100100000010100000111101101111111110001111 0000101100000000101101101011101111010000111111110010011100101011 0000010000001000010000001000000000000000000000100000000000100000 0000110100000000000000000000000000001101000000000000000000000000
00:28:20.247.421 INFO root: trail ~0000000001110111 -> 0111101100000000: 1111111111111111111111111111111111111111100011111111111110001111 1111111111110111111111110111101111111111110111111101101111111111 1110100011110000101101000100100001111111010011001111010000001111 1110110110111010100101111010111100001011101000000000000011100111 0000000000100000000000000010001000000000000000101000100000000000 0000011100000000000010110000000000000000000000000000000000000000
00:28:20.247.421 INFO root: trail ~0000000010110111 -> 0000000011001101: 1111111111111111111111111111111111111111010011111111111110001111 1101111111111111111111110111101111111011111111111011011111111111 1111001011111111001000100010111111001000101010000000100001001111 1101101101110100000010101111011101110000011000001001101100001101 0010000000000000000000000000000000000100010000000000000010001000 0000000000000000000000000000000000001100000000000000110100000000
00:28:20.248.422 INFO root: trail ~0000011111010000 -> 0000101111010000: 1111111111111111111111111000111111111111001011111111111111111111 1111111111111111110111111111110111111111101101111111101110111111 0101111100000000111110010010110101000010001011111011100011110100 1101011100001101011110000111011010100000000011010111100010111010 0000000000010001001000000000000100010010000000000000000000000000 0000000000000000000010110000000000001101000000000000000000000000
00:28:20.248.422 INFO root: trail ~0000000000111100 -> 1011110100000000: 1111111111111111111111111111111111111111110011111111111100111111 1111111111111111111111111111011111110111011111111110111111111111 1111111101101000101100110010111111110010010111001000101011110010 1110101111010111110101110000101101111101101100001101000011001101 0000100000100000000000000000000010010000000001001000000000000000 0000101100000000000011010000000000000000000000000000000000000000
00:28:20.249.422 INFO root: trail ~0111000010110000 -> 0000101100001011: 1111111110001111111111111111111111111111010011111111111111111111 1111111111101111111111111111110110111111011111111111101111110111 1010111101000000110011000010100001111000010011111111100001000010 0000111100000000111111010010000000000000011101111011101101101110 0001000000000000000010000000001001000000001000000000100000000000 0000000000000000000010110000000000000000000000000000101100000000
00:28:20.249.423 INFO root: trail ~0111000001110000 -> 0000110101110000: 1111111110001111111111111111111111111111100011111111111111111111 1011111110111111111111111111111101111111011111111111101111110111 1000111100100110111110000000100110000110101011110000101011110100 0000011110111111110111010111110000001010000000001110111011000000 0000000000100001001000000000100000000100000000000000001000000000 0000000000000000000011010000000000000111000000000000000000000000
00:28:20.250.423 INFO root: trail ~0000000011011011 -> 0000110100000110: 1111111111111111111111111111111111111111001011111111111101001111 0111111111111101111111111111011111111011011111111011111111111111 1000100011111111111101001010010001001000010000000000111101001000 1000101011110010000001111011101111011101000000000111000000100000 0000000000100000000000000000000000100000001000000000001000000100 0000000000000000000011010000000000000000000000000000011000000000
00:28:20.250.424 INFO root: trail ~0000110100001011 -> 1101101000000000: 1111111111111111111111110010111111111111111111111111111101001111 1111011111111011011111111011111111111111111101111101111111111111 0001100000100001100010010100011010011111011000100001001011110010 0000000000001100101100001101110001111011101000001010100100011101 0000000000010000000000001000000000000000000010000010000100000000 0000110100000000000010100000000000000000000000000000000000000000
00:28:20.251.424 INFO root: trail ~0000110100001011 -> 0000000010110111: 1111111111111111111111110010111111111111111111111111111101001111 1111101111110111110111111111111111111101111111111101111111011111 0100000000100010010011010010110001001000100111110010111111111000 1011000010010111011110110000000111100010010011011101001100000000 1001000000000000001000000000000000000100000000000000000000011000 0000000000000000000000000000000000001011000000000000011100000000
00:28:20.251.425 INFO root: trail ~0000011100001101 -> 0000110100001010: 1111111111111111111111111000111111111111111111111111111100101111 1111101111111111111111110111111111111101111110111101111111011111 0010111111110100111100101011100000100100000010111001000001001111 1011011011010111011100000111000000000000000010110100011111111011 1000000000100000000000000000010000000000001000000000000100000000 0000000000000000000011010000000000000000000000000000101000000000
00:28:20.252.425 INFO root: trail ~0111000000001011 -> 1101000011000000: 1111111110001111111111111111111111111111111111111111111101001111 1111111101111101111110111101111111011011111111111111111111111111 1111000100101110111100101000100111110100000110000001000100011111 0111110011011101101001111011111100000011011100001000000000000110 0000100000000010010000001000000000000000000010000000000000000000 0000110100000000000000000000000000001100000000000000000000000000
00:28:20.252.426 INFO root: trail ~0000000011011011 -> 0000000011001011: 1111111111111111111111111111111111111111001011111111111101001111 1011111111110111111111111101011111111111111111111101011111111111 0000111110001000100001001000000011111000100000100100010011111111 0100101000001101000000000110001111010000000001010110101111101101 0000000000000100001000010000000000000000010000000000000000001000 0000000000000000000000000000000000001100000000000000101100000000
00:28:20.252.426 INFO root: 
00:28:20.252.426 INFO root: Greedy:
00:28:20.275.449 INFO root: greedy iter, tocover 65025
00:28:29.925.098 INFO root: trail (Bin(0b0000000000111100, n=16), Bin(0b1011110100000000, n=16)) cnt 31744
00:28:30.014.188 INFO root: -----
00:28:30.014.188 INFO root: greedy iter, tocover 33281
00:28:31.466.640 INFO root: trail (Bin(0b1011000000001011, n=16), Bin(0b0000001100000110, n=16)) cnt 15840
00:28:31.523.697 INFO root: -----
00:28:31.523.697 INFO root: greedy iter, tocover 17441
00:28:32.277.451 INFO root: trail (Bin(0b0001000010110000, n=16), Bin(0b0000101100000111, n=16)) cnt 7872
00:28:32.320.493 INFO root: -----
00:28:32.320.494 INFO root: greedy iter, tocover 9569
00:28:32.829.002 INFO root: trail (Bin(0b0111000000001011, n=16), Bin(0b1101000011000000, n=16)) cnt 3756
00:28:32.844.017 INFO root: -----
00:28:32.844.018 INFO root: greedy iter, tocover 5813
00:28:33.093.266 INFO root: trail (Bin(0b1011000011010000, n=16), Bin(0b0111001100000000, n=16)) cnt 2331
00:28:33.101.275 INFO root: -----
00:28:33.102.275 INFO root: greedy iter, tocover 3482
00:28:33.251.425 INFO root: trail (Bin(0b0000011100001101, n=16), Bin(0b0000110100001010, n=16)) cnt 1407
00:28:33.257.431 INFO root: -----
00:28:33.257.431 INFO root: greedy iter, tocover 2075
00:28:33.347.521 INFO root: trail (Bin(0b0000000001111010, n=16), Bin(0b0000011101110000, n=16)) cnt 861
00:28:33.351.525 INFO root: -----
00:28:33.351.525 INFO root: greedy iter, tocover 1214
00:28:33.405.579 INFO root: trail (Bin(0b0000000010111011, n=16), Bin(0b0000011100000101, n=16)) cnt 470
00:28:33.407.581 INFO root: -----
00:28:33.408.581 INFO root: greedy iter, tocover 744
00:28:33.439.613 INFO root: trail (Bin(0b1101000000001101, n=16), Bin(0b1101000010010000, n=16)) cnt 275
00:28:33.441.615 INFO root: -----
00:28:33.441.615 INFO root: greedy iter, tocover 469
00:28:33.461.635 INFO root: trail (Bin(0b0110000000001011, n=16), Bin(0b0000101101110000, n=16)) cnt 167
00:28:33.462.636 INFO root: -----
00:28:33.463.636 INFO root: greedy iter, tocover 302
00:28:33.476.649 INFO root: trail (Bin(0b0000101100000111, n=16), Bin(0b1010000000000111, n=16)) cnt 127
00:28:33.476.650 INFO root: -----
00:28:33.477.650 INFO root: greedy iter, tocover 175
00:28:33.484.658 INFO root: trail (Bin(0b0000000010110111, n=16), Bin(0b0000000011001101, n=16)) cnt 74
00:28:33.485.659 INFO root: -----
00:28:33.485.659 INFO root: greedy iter, tocover 101
00:28:33.490.663 INFO root: trail (Bin(0b0000000001110111, n=16), Bin(0b0111000001110000, n=16)) cnt 32
00:28:33.490.664 INFO root: -----
00:28:33.490.664 INFO root: greedy iter, tocover 69
00:28:33.494.667 INFO root: trail (Bin(0b0000110110110000, n=16), Bin(0b0000000010111101, n=16)) cnt 24
00:28:33.494.668 INFO root: -----
00:28:33.494.668 INFO root: greedy iter, tocover 45
00:28:33.496.670 INFO root: trail (Bin(0b0000000011011011, n=16), Bin(0b0000000011001011, n=16)) cnt 13
00:28:33.497.670 INFO root: -----
00:28:33.497.671 INFO root: greedy iter, tocover 32
00:28:33.499.672 INFO root: trail (Bin(0b0111000001110000, n=16), Bin(0b0000110101110000, n=16)) cnt 9
00:28:33.499.673 INFO root: -----
00:28:33.499.673 INFO root: greedy iter, tocover 23
00:28:33.500.674 INFO root: trail (Bin(0b1011101100000000, n=16), Bin(0b0000000001111101, n=16)) cnt 8
00:28:33.501.674 INFO root: -----
00:28:33.501.674 INFO root: greedy iter, tocover 15
00:28:33.502.675 INFO root: trail (Bin(0b0000110110110000, n=16), Bin(0b0111101100000000, n=16)) cnt 6
00:28:33.502.676 INFO root: -----
00:28:33.502.676 INFO root: greedy iter, tocover 9
00:28:33.503.676 INFO root: trail (Bin(0b0111000010110000, n=16), Bin(0b0000101100001011, n=16)) cnt 4
00:28:33.503.677 INFO root: -----
00:28:33.503.677 INFO root: greedy iter, tocover 5
00:28:33.504.677 INFO root: trail (Bin(0b0000011111010000, n=16), Bin(0b0000101111010000, n=16)) cnt 2
00:28:33.504.678 INFO root: -----
00:28:33.504.678 INFO root: greedy iter, tocover 3
00:28:33.504.678 INFO root: trail (Bin(0b0000101100001101, n=16), Bin(0b1001101100000000, n=16)) cnt 2
00:28:33.505.678 INFO root: -----
00:28:33.505.678 INFO root: greedy iter, tocover 1
00:28:33.505.679 INFO root: trail (Bin(0b0000110100001011, n=16), Bin(0b1101101000000000, n=16)) cnt 1
00:28:33.505.679 INFO root: -----
00:28:33.506.679 INFO root: chosen trails: 22
00:28:33.506.680 INFO root: trail ~0000000000111100 -> 1011110100000000: 1111111111111111111111111111111111111111110011111111111100111111 1111111111111111111111111111011111110111011111111110111111111111 1111111101101000101100110010111111110010010111001000101011110010 1110101111010111110101110000101101111101101100001101000011001101 0000100000100000000000000000000010010000000001001000000000000000 0000101100000000000011010000000000000000000000000000000000000000
00:28:33.507.681 INFO root: trail ~1011000000001011 -> 0000001100000110: 1111111101001111111111111111111111111111111111111111111101001111 1111111111111111111101111101111111101110111111110111111111111101 0100011000101111010000111111001001001000010001000001010000101001 0000001110101101000000001001111000000110000001110000101110111010 0000000000100000000010000000000100000000000000000000000000001000 0000000000000000000000110000000000000000000000000000011000000000
00:28:33.508.681 INFO root: trail ~0001000010110000 -> 0000101100000111: 1111111111101111111111111111111111111111010011111111111111111111 1110111111111111111111111111111111111111111011111111011111111011 1111010010001000111101101111110010000100100010001100111111111111 1101110101110001101110111101111000001110011111001011011000001010 0000000000000000000000100000000110000000010000000000010000000100 0000000000000000000010110000000000000000000000000000011100000000
00:28:33.508.682 INFO root: trail ~0111000000001011 -> 1101000011000000: 1111111110001111111111111111111111111111111111111111111101001111 1111111101111101111110111101111111011011111111111111111111111111 1111000100101110111100101000100111110100000110000001000100011111 0111110011011101101001111011111100000011011100001000000000000110 0000100000000010010000001000000000000000000010000000000000000000 0000110100000000000000000000000000001100000000000000000000000000
00:28:33.509.683 INFO root: trail ~1011000011010000 -> 0111001100000000: 1111111101001111111111111111111111111111001011111111111111111111 1111111110111111111101111111011111101111110111111111111011111111 1111010001000010001000000000111110001111001000101111111111111000 0000000010010011110110011101011101111100000011011011011100001011 0000100000000000000000000001000101000000000000100000000000000000 0000011100000000000000110000000000000000000000000000000000000000
00:28:33.510.683 INFO root: trail ~0000011100001101 -> 0000110100001010: 1111111111111111111111111000111111111111111111111111111100101111 1111101111111111111111110111111111111101111110111101111111011111 0010111111110100111100101011100000100100000010111001000001001111 1011011011010111011100000111000000000000000010110100011111111011 1000000000100000000000000000010000000000001000000000000100000000 0000000000000000000011010000000000000000000000000000101000000000
00:28:33.510.684 INFO root: trail ~0000000001111010 -> 0000011101110000: 1111111111111111111111111111111111111111100011111111111101011111 1110111111110111111111111110101111111111111111111111111011111111 1111100001001000001111111111001011110100100011110010111111110000 0000110111100111101110100110011110010000110110001101101111100111 0000000001000100000000000000010000100010000000000000000010000000 0000000000000000000001110000000000000111000000000000000000000000
00:28:33.511.685 INFO root: trail ~0000000010111011 -> 0000011100000101: 1111111111111111111111111111111111111111010011111111111101001111 0111111111111101111111111111101111111011101111111011111111111111 0100100011111100001001000100100001011111010001001000011010010010 0001111110110111000001111101000000000000000000001101110100001110 0000000000100000000010000000000000100000000000000000001000000010 0000000000000000000001110000000000000000000000000000010100000000
00:28:33.512.685 INFO root: trail ~1101000000001101 -> 1101000010010000: 1111111100101111111111111111111111111111111111111111111100101111 1111111101111111111111010111111111111101111111111101111111110111 0100001000011111100101001000100011110010010011101100100101100100 0101000000001101101111000000000011100111000011111110101000001101 0000001000000100100000000000000000000000000010000010000000000000 0000110100000000000000000000000000001001000000000000000000000000
00:28:33.512.686 INFO root: trail ~0110000000001011 -> 0000101101110000: 1111111110011111111111111111111111111111111111111111111101001111 1111111111111111111101111011111111111110111111111011111111110111 1111010010001100111100100010111100010100111101000100100110000101 0111000001110000000001111101011100001111101111011000101010001010 0000000010000000010000000000010000000010000000000000100000010000 0000000000000000000010110000000000000111000000000000000000000000
00:28:33.513.687 INFO root: trail ~0000101100000111 -> 1010000000000111: 1111111111111111111111110100111111111111111111111111111110001111 1111111011111111111111111011111111111101111111011110111111011111 1111000000101010010111110000001001001111001111111111111011111001 1101010110111011000000001110011110110111011111011101011111100000 0000000000000000000000100010000000000000001000000100000000001000 0000101000000000000000000000000000000000000000000000011100000000
00:28:33.514.687 INFO root: trail ~0000000010110111 -> 0000000011001101: 1111111111111111111111111111111111111111010011111111111110001111 1101111111111111111111110111101111111011111111111011011111111111 1111001011111111001000100010111111001000101010000000100001001111 1101101101110100000010101111011101110000011000001001101100001101 0010000000000000000000000000000000000100010000000000000010001000 0000000000000000000000000000000000001100000000000000110100000000
00:28:33.514.688 INFO root: trail ~0000000001110111 -> 0111000001110000: 1111111111111111111111111111111111111111100011111111111110001111 1111111111111111111111110111110111111101011111110111101111111111 1111111100000100010010010100001100100100001101010110000011111111 1111101100000000011100001111011110111011010110110000011100000000 0000100000000001001000000010000000000000000000001000000000010000 0000011100000000000000000000000000000111000000000000000000000000
00:28:33.515.688 INFO root: trail ~0000110110110000 -> 0000000010111101: 1111111111111111111111110010111111111111010011111111111111111111 1101111011111111111111111111110111111111011101111111111101111111 0101111111101000100010100010111111111111000000001000001011111010 1101110111101101000010100000000011111111011101110111000000001011 1000000000000010010001000000000000000010001000000000000000000000 0000000000000000000000000000000000001011000000000000110100000000
00:28:33.515.689 INFO root: trail ~0000000011011011 -> 0000000011001011: 1111111111111111111111111111111111111111001011111111111101001111 1011111111110111111111111101011111111111111111111101011111111111 0000111110001000100001001000000011111000100000100100010011111111 0100101000001101000000000110001111010000000001010110101111101101 0000000000000100001000010000000000000000010000000000000000001000 0000000000000000000000000000000000001100000000000000101100000000
00:28:33.516.690 INFO root: trail ~0111000001110000 -> 0000110101110000: 1111111110001111111111111111111111111111100011111111111111111111 1011111110111111111111111111111101111111011111111111101111110111 1000111100100110111110000000100110000110101011110000101011110100 0000011110111111110111010111110000001010000000001110111011000000 0000000000100001001000000000100000000100000000000000001000000000 0000000000000000000011010000000000000111000000000000000000000000
00:28:33.517.690 INFO root: trail ~1011101100000000 -> 0000000001111101: 1111111101001111111111110100111111111111111111111111111111111111 1111011110111111011101111111111111111111111101111111111111111011 1111011111110000000110000011111101000001111111011111000100011000 1111011111110000110101000000011101110111110101110000000010110101 0100000000000000001000000000000000000100100000000000000010000010 0000000000000000000000000000000000000111000000000000110100000000
00:28:33.517.691 INFO root: trail ~0000110110110000 -> 0111101100000000: 1111111111111111111111110010111111111111010011111111111111111111 0111110111111111111111111111011111111111011111011111111110111111 0010100010100100111011110100111011111100000101000100001000100101 0100000011110000000011011101001100001011011011110001110100001101 0000000001000000000000000010001000000000000000101000010000000000 0000011100000000000010110000000000000000000000000000000000000000
00:28:33.518.692 INFO root: trail ~0111000010110000 -> 0000101100001011: 1111111110001111111111111111111111111111010011111111111111111111 1111111111101111111111111111110110111111011111111111101111110111 1010111101000000110011000010100001111000010011111111100001000010 0000111100000000111111010010000000000000011101111011101101101110 0001000000000000000010000000001001000000001000000000100000000000 0000000000000000000010110000000000000000000000000000101100000000
00:28:33.519.692 INFO root: trail ~0000011111010000 -> 0000101111010000: 1111111111111111111111111000111111111111001011111111111111111111 1111111111111111110111111111110111111111101101111111101110111111 0101111100000000111110010010110101000010001011111011100011110100 1101011100001101011110000111011010100000000011010111100010111010 0000000000010001001000000000000100010010000000000000000000000000 0000000000000000000010110000000000001101000000000000000000000000
00:28:33.519.693 INFO root: trail ~0000101100001101 -> 1001101100000000: 1111111111111111111111110100111111111111111111111111111100101111 1111111011111111101111110111111111111110111111011011111111111111 1111100011111111001100100100100100100010010001000000001010000011 1111000001111100000000001011000011010000111101111011000000001100 0000000001000000000000001000010010000000000000001000000000000000 0000100100000000000010110000000000000000000000000000000000000000
00:28:33.520.694 INFO root: trail ~0000110100001011 -> 1101101000000000: 1111111111111111111111110010111111111111111111111111111101001111 1111011111111011011111111011111111111111111101111101111111111111 0001100000100001100010010100011010011111011000100001001011110010 0000000000001100101100001101110001111011101000001010100100011101 0000000000010000000000001000000000000000000010000010000100000000 0000110100000000000010100000000000000000000000000000000000000000
00:28:33.521.694 INFO root: end
