00:00:03.485.433 INFO root: starting at 2021-09-13.18:30:57
00:00:03.485.433 INFO root: I = 0 J = 2:
00:00:03.486.434 INFO root: ~0000000001110010 -> 0000000001111011:
00:00:03.486.434 INFO root:    1111111111111111111111111111111110001111111111111101111111111111
00:00:03.486.434 INFO root:    1111111110111111101110111111111111111111111111111111111111111011
00:00:03.487.435 INFO root:    0100111100100100100110000101010010000011001111111111100011110010
00:00:03.487.435 INFO root:    1101111111001011111111001101000000000000000010111011101001110000
00:00:03.487.435 INFO root:    0010100000000000000000100100000000000000000000000010000000000001
00:00:03.488.436 INFO root:    0000000000000000000000000000000000000000011100000000000010110000
00:00:04.831.779 INFO root: load .cache/SboxDivision.full_dppt.self_sbox0F7EC76E48F1C66A.args_068BA53CAF4BB89BC84341E5E0A9E860E078799A9E9F3CD8F2B19C3FC4CEC936 succeeded
00:00:07.938.886 INFO root: load .cache/SboxDivision.full_dppt.self_sbox97CD3E51D99FE8E5.args_068BA53CAF4BB89BC84341E5E0A9E860E078799A9E9F3CD8F2B19C3FC4CEC936 succeeded
00:00:10.896.844 INFO root: load .cache/SboxDivision.full_dppt.self_sboxFA83BF4B256071FB.args_068BA53CAF4BB89BC84341E5E0A9E860E078799A9E9F3CD8F2B19C3FC4CEC936 succeeded
00:00:17.144.092 INFO root: load .cache/SboxDivision.full_dppt.self_sboxB5083D73B8917F33.args_068BA53CAF4BB89BC84341E5E0A9E860E078799A9E9F3CD8F2B19C3FC4CEC936 succeeded
00:00:20.555.503 INFO root: verify ok! 8 SuperSboxes 12 MixColumns
00:00:20.556.504 INFO root: ~0000000010111011 -> 1010000011010000:
00:00:20.556.504 INFO root:    1111111111111111111111111111111101001111111111110100111111111111
00:00:20.557.505 INFO root:    1111110111011111101111101111111111111111111111011111111111111101
00:00:20.557.505 INFO root:    1101111011111111001011111000111010000001101001001111000111010000
00:00:20.557.505 INFO root:    0111101110110000011100001110101101111101000011010111110100000111
00:00:20.557.505 INFO root:    0001000000100000000000100000000010000000000000000000000000000010
00:00:20.558.506 INFO root:    0000000010100000000000000000000000000000110100000000000000000000
00:00:31.571.519 INFO root: verify ok! 8 SuperSboxes 12 MixColumns
00:00:31.572.520 INFO root: ~1101000011010000 -> 0000000000110111:
00:00:31.572.520 INFO root:    0010111111111111111111111111111100101111111111111111111111111111
00:00:31.572.520 INFO root:    1111111101111111111111111111101101111111110111111111101111110111
00:00:31.573.521 INFO root:    0010001000001011100001101100101010000010111100101111111100101010
00:00:31.573.521 INFO root:    1101011111100000110011111011000000000000101100001011101111010000
00:00:31.574.522 INFO root:    0000001000000000000010000001000000000000100000001000000000000000
00:00:31.574.522 INFO root:    0000000000000000000000000000000000000000001100000000000001110000
00:00:42.265.213 INFO root: verify ok! 8 SuperSboxes 12 MixColumns
00:00:42.266.213 INFO root: ~1101110100000000 -> 0000011100001001:
00:00:42.266.214 INFO root:    0010111111111111001011111111111111111111111111111111111111111111
00:00:42.266.214 INFO root:    1011111111110111111111111011111111111101110111111111110111111111
00:00:42.267.215 INFO root:    1000000001001111001111110000010001000101111100011111010010001111
00:00:42.267.215 INFO root:    1101000000101011000000000000101101111101111101011011111011010000
00:00:42.267.215 INFO root:    0000100000000100001000000100000000000000000000000000000001000000
00:00:42.268.216 INFO root:    0000000000000000000000000111000000000000000000000000000010010000
00:00:55.331.279 INFO root: verify ok! 8 SuperSboxes 12 MixColumns
00:00:55.332.280 INFO root: ~0000000001110110 -> 1011011100000000:
00:00:55.333.281 INFO root:    1111111111111111111111111111111110001111111111111001111111111111
00:00:55.333.281 INFO root:    1111111111101111011110111111111111111111111110111111111111111011
00:00:55.334.282 INFO root:    1111111101011000111010000100000000101110111100111010100011111111
00:00:55.334.282 INFO root:    0111000000000111101101111011111100010110011110110111101111010000
00:00:55.335.283 INFO root:    0000000000000010001000000000100000010000000000000000100010000000
00:00:55.335.283 INFO root:    0000000010110000000000000111000000000000000000000000000000000000
00:01:13.537.485 INFO root: verify ok! 8 SuperSboxes 12 MixColumns
00:01:13.538.486 INFO root: ~1011110000000000 -> 1011000010110000:
00:01:13.539.487 INFO root:    0100111111111111001111111111111111111111111111111111111111111111
00:01:13.539.487 INFO root:    1101111111111111111111111111011111111101011111110111111111111111
00:01:13.540.488 INFO root:    0010111100101111111111111111011001010100111001000000100010000100
00:01:13.540.488 INFO root:    1101110111101111101100001011000000000000111000001101111011011110
00:01:13.541.489 INFO root:    0000000001000000000010000000001001000000010000000000000000000010
00:01:13.541.489 INFO root:    0000000010110000000000000000000000000000101100000000000000000000
00:01:31.228.176 INFO root: verify ok! 8 SuperSboxes 12 MixColumns
00:01:31.237.185 INFO root: ~0000110110100000 -> 0000000001110111:
00:01:31.237.185 INFO root:    1111111111111111001011111111111101011111111111111111111111111111
00:01:31.238.186 INFO root:    1111111110111011111111111101111110110111111111111111111111111111
00:01:31.239.187 INFO root:    1111111100011111101110000001100111100100111000011101100001001111
00:01:31.239.187 INFO root:    1111000010100000011110011011110100001011011010110111101111101011
00:01:31.240.187 INFO root:    1000000000000000000001001000000000000000010010001000000000000000
00:01:31.240.188 INFO root:    0000000000000000000000000000000000000000011100000000000001110000
00:01:44.427.375 INFO root: verify ok! 8 SuperSboxes 12 MixColumns
00:01:44.428.376 INFO root: ~0110000001110000 -> 0111000000000111:
00:01:44.428.376 INFO root:    1001111111111111111111111111111110001111111111111111111111111111
00:01:44.429.377 INFO root:    0111111110111111111110111111111111111111111111111111011111110111
00:01:44.429.377 INFO root:    1111100110010111111101001111010010010010001010010001001000101111
00:01:44.429.377 INFO root:    0000110100000000011100001001011111011011110101101111111100011101
00:01:44.430.378 INFO root:    0000001010000000000000000000000010000000000000100100001000000000
00:01:44.430.378 INFO root:    0000000001110000000000000000000000000000000000000000000001110000
00:01:59.273.221 INFO root: verify ok! 8 SuperSboxes 12 MixColumns
00:01:59.274.222 INFO root: ~0000011100001101 -> 0111011100000000:
00:01:59.274.222 INFO root:    1111111111111111100011111111111111111111111111110010111111111111
00:01:59.274.222 INFO root:    1111110111111101110111111101111111111110111101111111111111111111
00:01:59.275.223 INFO root:    0100100011000010010111111111010011110000010011111001111110000000
00:01:59.275.223 INFO root:    1011101110110100110010100000000011111101000010110000111011101010
00:01:59.275.223 INFO root:    0000000001000100001000000000000000100100000000000000000100000000
00:01:59.276.224 INFO root:    0000000001110000000000000111000000000000000000000000000000000000
00:02:14.762.710 INFO root: verify ok! 8 SuperSboxes 12 MixColumns
00:02:14.763.711 INFO root: ~0000101100001101 -> 0000110100000111:
00:02:14.763.711 INFO root:    1111111111111111010011111111111111111111111111110010111111111111
00:02:14.763.711 INFO root:    1111110111110111011111111111111111110111111111111101111110111111
00:02:14.764.712 INFO root:    0010010101000100111111101111111100001111001001000010000000101001
00:02:14.764.712 INFO root:    1010110101111110100111000000000000001101110100111111110010000000
00:02:14.765.712 INFO root:    0000000100000100100000001000000000000010000000001000000000000000
00:02:14.765.713 INFO root:    0000000000000000000000001101000000000000000000000000000001110000
00:02:29.453.401 INFO root: verify ok! 8 SuperSboxes 12 MixColumns
00:02:29.455.403 INFO root: ~1011000001110000 -> 0000000010111101:
00:02:29.455.403 INFO root:    0100111111111111111111111111111110001111111111111111111111111111
00:02:29.456.403 INFO root:    1010111111111111111110111111111111011111011111111111111111110111
00:02:29.456.404 INFO root:    0100000100101111000100100100111101111111100000011111111111110100
00:02:29.456.404 INFO root:    0000100101111011001101111111101110111011001011011101000000000111
00:02:29.457.405 INFO root:    0000000000000000000010000010000000000000010000100100000000000010
00:02:29.457.405 INFO root:    0000000000000000000000000000000000000000101100000000000011010000
00:02:43.919.867 INFO root: verify ok! 8 SuperSboxes 12 MixColumns
00:02:43.920.868 INFO root: ~0000000001110111 -> 1101000000001010:
00:02:43.920.868 INFO root:    1111111111111111111111111111111110001111111111111000111111111111
00:02:43.921.869 INFO root:    1111101111111111111110111111111111011111111101111111111101111110
00:02:43.921.869 INFO root:    0010000001000100010111110100001011110010100010001000110011110001
00:02:43.921.869 INFO root:    0000000000100111000011110111000000001001111101110000110100001101
00:02:43.922.870 INFO root:    0000010001000000000000001000100000000000000000000000001000000000
00:02:43.922.870 INFO root:    0000000011010000000000000000000000000000000000000000000010100000
00:02:58.405.353 INFO root: verify ok! 8 SuperSboxes 12 MixColumns
00:02:58.406.354 INFO root: ~0111101100000000 -> 0111000000001011:
00:02:58.406.354 INFO root:    1000111111111111010011111111111111111111111111111111111111111111
00:02:58.407.355 INFO root:    0111111111111111111111111101101111110111111111110111011111111111
00:02:58.407.355 INFO root:    0010111110001101000010001101011111110000111111111000100010000101
00:02:58.407.355 INFO root:    1101101110110010101111100000100111100100000001110110101111100000
00:02:58.408.356 INFO root:    0000010000000000000000001000010010000000000000000010000100000000
00:02:58.408.356 INFO root:    0000000001110000000000000000000000000000000000000000000010110000
00:03:09.599.547 INFO root: verify ok! 8 SuperSboxes 12 MixColumns
00:03:09.601.549 INFO root: ~1011101100000000 -> 0111110100000000:
00:03:09.601.549 INFO root:    0100111111111111010011111111111111111111111111111111111111111111
00:03:09.602.550 INFO root:    1101111111110111111111111011111111111111110111110111101111111111
00:03:09.603.550 INFO root:    0000010001100101111110000010111100100100000001000010111111111001
00:03:09.603.551 INFO root:    0001101111011111000010101011000011010000000000011111100100001011
00:03:09.604.552 INFO root:    0000000000000100100000000000001000100000000000000000100000100000
00:03:09.604.552 INFO root:    0000000001110000000000001101000000000000000000000000000000000000
00:03:20.303.251 INFO root: verify ok! 8 SuperSboxes 12 MixColumns
00:03:20.303.251 INFO root: ~1100000001110000 -> 1011011100000000:
00:03:20.304.252 INFO root:    0011111111111111111111111111111110001111111111111111111111111111
00:03:20.304.252 INFO root:    1111111101111111111111111111011101111111111011111111111111111101
00:03:20.304.252 INFO root:    0010111100000010001011111111000111111111010001001000111111110001
00:03:20.305.253 INFO root:    0000101000001101101011011111010110110000011110111101010110110111
00:03:20.305.253 INFO root:    0000000000100010100000000000001000000000000000000000100000100000
00:03:20.305.253 INFO root:    0000000010110000000000000111000000000000000000000000000000000000
00:03:30.838.786 INFO root: verify ok! 8 SuperSboxes 12 MixColumns
00:03:30.839.787 INFO root: ~0000000010110111 -> 0000000011010111:
00:03:30.840.788 INFO root:    1111111111111111111111111111111101001111111111111000111111111111
00:03:30.840.788 INFO root:    1111011101111111110111011111111101111111111101111111111111111111
00:03:30.840.788 INFO root:    1101010011111000111111100100010000001000011011110010100010000100
00:03:30.840.788 INFO root:    1101111100000000000010111111000011010000110100001101011111010000
00:03:30.841.789 INFO root:    0100001000000000000001001000000000000000010000000100000000000000
00:03:30.841.789 INFO root:    0000000000000000000000000000000000000000110100000000000001110000
00:03:41.289.237 INFO root: verify ok! 8 SuperSboxes 12 MixColumns
00:03:41.290.238 INFO root: ~0000101110110000 -> 1011101100000000:
00:03:41.290.238 INFO root:    1111111111111111010011111111111101001111111111111111111111111111
00:03:41.290.238 INFO root:    1111111111111110111110111011111110111111111111110111111111111011
00:03:41.291.239 INFO root:    1111010001000010100011110100001000101000001000100000010111111000
00:03:41.291.239 INFO root:    1100000100001011001110001110011000000010101100000000111000001111
00:03:41.291.239 INFO root:    0000000000000100000000000000100000010010000000000000100001000000
00:03:41.292.240 INFO root:    0000000010110000000000001011000000000000000000000000000000000000
00:03:51.771.719 INFO root: verify ok! 8 SuperSboxes 12 MixColumns
00:03:51.772.720 INFO root: ~0000000010111011 -> 0000011101110000:
00:03:51.772.720 INFO root:    1111111111111111111111111111111101001111111111110100111111111111
00:03:51.773.721 INFO root:    1111110110111111101111111111111111101111111111111111111110111110
00:03:51.773.721 INFO root:    1111001101001111100000100100111101000100000010000101111111111000
00:03:51.773.721 INFO root:    0111000010011011111011010001000010110111010110111110100000001001
00:03:51.774.722 INFO root:    1001000000000010001000000000000000001000010000000000000000000000
00:03:51.774.722 INFO root:    0000000000000000000000000111000000000000011100000000000000000000
00:04:02.295.243 INFO root: verify ok! 8 SuperSboxes 12 MixColumns
00:04:02.296.244 INFO root: ~1101000000000111 -> 0000101100001101:
00:04:02.297.245 INFO root:    0010111111111111111111111111111111111111111111111000111111111111
00:04:02.297.245 INFO root:    1101111111111111110111111111111011111111111101111111111001111111
00:04:02.297.245 INFO root:    1111111101001111001000110010111100001110101001000011111111110000
00:04:02.298.246 INFO root:    1110101101110111110001111011101001111110000001001101101111000000
00:04:02.298.246 INFO root:    0000010000000000010000000000000000000100000001000010000010000000
00:04:02.298.246 INFO root:    0000000000000000000000001011000000000000000000000000000011010000
00:04:12.904.852 INFO root: verify ok! 8 SuperSboxes 12 MixColumns
00:04:12.904.852 INFO root: ~1011000010110000 -> 1101000001110000:
00:04:12.905.853 INFO root:    0100111111111111111111111111111101001111111111111111111111111111
00:04:12.905.853 INFO root:    1111111111111111111111011111110001111111011111111111111111110111
00:04:12.905.853 INFO root:    0011111101000000111100101111111001111110001000100100010010111111
00:04:12.906.854 INFO root:    1110110100001101101101110010011101010111100111001011000010011011
00:04:12.906.854 INFO root:    0100000000000000000000000000100010000000010000000000001000000010
00:04:12.906.854 INFO root:    0000000011010000000000000000000000000000011100000000000000000000
00:04:23.784.732 INFO root: verify ok! 8 SuperSboxes 12 MixColumns
00:04:23.785.733 INFO root: ~0000110110110000 -> 0000000011011101:
00:04:23.785.733 INFO root:    1111111111111111001011111111111101001111111111111111111111111111
00:04:23.785.733 INFO root:    1111111111011111111111110111111110111011111111111101111111111101
00:04:23.786.734 INFO root:    1000111100101000000111111000010010011000010111111000100010011100
00:04:23.786.734 INFO root:    0010111110010110010100001011110101110000001111110000111000000000
00:04:23.786.734 INFO root:    0010001000000000000001000100000000000000000001000000000000001000
00:04:23.787.735 INFO root:    0000000000000000000000000000000000000000110100000000000011010000
00:04:36.654.602 INFO root: verify ok! 8 SuperSboxes 12 MixColumns
00:04:36.655.603 INFO root: ~0111101100000000 -> 0000110100001011:
00:04:36.656.604 INFO root:    1000111111111111010011111111111111111111111111111111111111111111
00:04:36.656.604 INFO root:    1011111111110111111111110111111111111111011111110111101111111111
00:04:36.656.604 INFO root:    0100111111111001000010110010111111111000001001111000010000000011
00:04:36.657.605 INFO root:    0111110101110111110111110000000011010000111011010000010000001101
00:04:36.657.605 INFO root:    0000100000000000000000000000000000000010000000100010000001100000
00:04:36.657.605 INFO root:    0000000000000000000000001101000000000000000000000000000010110000
00:04:51.347.295 INFO root: verify ok! 8 SuperSboxes 12 MixColumns
00:04:51.348.296 INFO root: ~1011000000000111 -> 1101000000001101:
00:04:51.349.297 INFO root:    0100111111111111111111111111111111111111111111111000111111111111
00:04:51.349.297 INFO root:    1011101011111111101111111111011111111111111111111111011111111111
00:04:51.350.298 INFO root:    1000100111110101010100001111010001011111111100100010110011111111
00:04:51.350.298 INFO root:    0000000000001011110111110111111010111101101101110111110110011010
00:04:51.350.298 INFO root:    0000100001000000000000000000010000000000000000010100010000000000
00:04:51.351.299 INFO root:    0000000011010000000000000000000000000000000000000000000011010000
00:05:06.494.442 INFO root: verify ok! 8 SuperSboxes 12 MixColumns
00:05:06.496.444 INFO root: ~0111000001110000 -> 0111011100000000:
00:05:06.496.444 INFO root:    1000111111111111111111111111111110001111111111111111111111111111
00:05:06.496.444 INFO root:    1011111111011111111101111111110111111111011111111111111111110111
00:05:06.497.445 INFO root:    1111101011110000011000100000100000101111100111110111010001001000
00:05:06.497.445 INFO root:    1111101000000011101100001010000001110111110010110000011000011111
00:05:06.497.445 INFO root:    0000000010000100001000000000010010000100000000000000000000000000
00:05:06.498.446 INFO root:    0000000001110000000000000111000000000000000000000000000000000000
00:05:21.706.654 INFO root: verify ok! 8 SuperSboxes 12 MixColumns
00:05:21.707.655 INFO root: ~0000101100001101 -> 0111000000001101:
00:05:21.707.655 INFO root:    1111111111111111010011111111111111111111111111110010111111111111
00:05:21.707.655 INFO root:    1111110111111011011111111101111111111111111111011101111111111111
00:05:21.708.656 INFO root:    0110010100100100111111111111100100000100010111111000010010000000
00:05:21.708.656 INFO root:    0011101000000011101111011011011100000000010011010101010110110001
00:05:21.708.656 INFO root:    0000000001000000000000000000000100000000000000010011001000000000
00:05:21.709.657 INFO root:    0000000001110000000000000000000000000000000000000000000011010000
00:05:36.684.632 INFO root: verify ok! 8 SuperSboxes 12 MixColumns
00:05:36.685.633 INFO root: ~0111000000001101 -> 0000000001110111:
00:05:36.685.633 INFO root:    1000111111111111111111111111111111111111111111110010111111111111
00:05:36.686.634 INFO root:    1111111011111111011111111111111011111111110111011111101111111111
00:05:36.686.634 INFO root:    1111010010100101111100101000101010100100111100011111001000100010
00:05:36.686.634 INFO root:    0111011111011010110000001101111101110111110100000000000001010010
00:05:36.687.635 INFO root:    0000000000000000000000010010000000000000001001001000000000001000
00:05:36.687.635 INFO root:    0000000000000000000000000000000000000000011100000000000001110000
00:05:51.756.704 INFO root: verify ok! 8 SuperSboxes 12 MixColumns
00:05:51.757.705 INFO root: ~0000000001111101 -> 0000011110110000:
00:05:51.757.705 INFO root:    1111111111111111111111111111111110001111111111110010111111111111
00:05:51.757.705 INFO root:    1111111101111111011111011111111111111111111111111111111110101101
00:05:51.758.706 INFO root:    1111111100101000111101000000010100011100001011111000011011110101
00:05:51.758.706 INFO root:    1111011100000111000001111101000011011100111110110111000011010000
00:05:51.758.706 INFO root:    0100000000000000010000000000000000000010100000000000000010000001
00:05:51.759.707 INFO root:    0000000000000000000000000111000000000000101100000000000000000000
00:06:05.399.347 INFO root: verify ok! 8 SuperSboxes 12 MixColumns
00:06:05.400.348 INFO root: ~0000101101110000 -> 1101011100000000:
00:06:05.401.349 INFO root:    1111111111111111010011111111111110001111111111111111111111111111
00:06:05.401.349 INFO root:    1111111101111111111110111111111111111101111111111010111111111101
00:06:05.402.350 INFO root:    1111001011110101100000101011111101001111010011110010000010000001
00:06:05.402.350 INFO root:    0111011110110111111011011100111111010011000000000001000001110000
00:06:05.403.351 INFO root:    0000000000100010000100000000000100100100000000000000000000000000
00:06:05.403.351 INFO root:    0000000011010000000000000111000000000000000000000000000000000000
00:06:19.696.644 INFO root: verify ok! 8 SuperSboxes 12 MixColumns
00:06:19.697.645 INFO root: ~0111010100000000 -> 1101000000001011:
00:06:19.698.646 INFO root:    1000111111111111101011111111111111111111111111111111111111111111
00:06:19.698.646 INFO root:    1110111111110111111111110111101111111111111111111111101111111111
00:06:19.698.646 INFO root:    1111010010001000001101001001011011111111111100101000100111100001
00:06:19.699.647 INFO root:    0111000011010111010101101101011100011111011111010000000100001110
00:06:19.699.647 INFO root:    0000010000000000000000001000100000100000000001000000100000000000
00:06:19.699.647 INFO root:    0000000011010000000000000000000000000000000000000000000010110000
00:06:35.135.083 INFO root: verify ok! 8 SuperSboxes 12 MixColumns
00:06:35.135.083 INFO root: verified 29 trails for I 0 J 2
00:06:35.136.084 INFO root: generating ANFs... I
00:06:35.930.878 INFO root: load .cache/SboxDivision.components_anf_closures.self_sboxB3EE8018B75371CE.args_0A482B9CD9E7EAF940EBCF3535BE3082A49F858505A0A6EA9511114359BB0EE6 succeeded
00:06:36.071.019 INFO root: unique masks 2021
00:06:36.072.020 INFO root: generating ANFs... J
00:06:36.462.410 INFO root: load .cache/SboxDivision.components_anf_closures.self_sboxFA83BF4B256071FB.args_0A482B9CD9E7EAF940EBCF3535BE3082A49F858505A0A6EA9511114359BB0EE6 succeeded
00:06:36.591.539 INFO root: unique masks 1785
00:06:36.592.540 INFO root: enumerating all mask pairs
00:06:49.212.160 INFO root: verified all masks for I 0 J 2
00:06:49.212.160 INFO root: VERIFIED I 0 J 2
