00:00:05.357.773 INFO root: starting at 2021-09-13.18:42:25
00:00:05.358.773 INFO root: I = 2 J = 1:
00:00:05.359.774 INFO root: ~0000000000111100 -> 1011110100000000:
00:00:05.359.775 INFO root:    1111111111111111111111111111111111111111110011111111111100111111
00:00:05.360.775 INFO root:    1111111111111111111111111111011111110111011111111110111111111111
00:00:05.360.776 INFO root:    1111111101101000101100110010111111110010010111001000101011110010
00:00:05.361.776 INFO root:    1110101111010111110101110000101101111101101100001101000011001101
00:00:05.361.776 INFO root:    0000100000100000000000000000000010010000000001001000000000000000
00:00:05.361.777 INFO root:    0000101100000000000011010000000000000000000000000000000000000000
00:00:07.388.803 INFO root: load .cache/SboxDivision.full_dppt.self_sbox0F7EC76E48F1C66A.args_068BA53CAF4BB89BC84341E5E0A9E860E078799A9E9F3CD8F2B19C3FC4CEC936 succeeded
00:00:10.720.135 INFO root: load .cache/SboxDivision.full_dppt.self_sbox97CD3E51D99FE8E5.args_068BA53CAF4BB89BC84341E5E0A9E860E078799A9E9F3CD8F2B19C3FC4CEC936 succeeded
00:00:13.708.124 INFO root: load .cache/SboxDivision.full_dppt.self_sboxFA83BF4B256071FB.args_068BA53CAF4BB89BC84341E5E0A9E860E078799A9E9F3CD8F2B19C3FC4CEC936 succeeded
00:00:20.965.381 INFO root: load .cache/SboxDivision.full_dppt.self_sboxB5083D73B8917F33.args_068BA53CAF4BB89BC84341E5E0A9E860E078799A9E9F3CD8F2B19C3FC4CEC936 succeeded
00:00:25.890.305 INFO root: verify ok! 8 SuperSboxes 12 MixColumns
00:00:25.891.306 INFO root: ~1011000000001011 -> 0000001100000110:
00:00:25.892.307 INFO root:    1111111101001111111111111111111111111111111111111111111101001111
00:00:25.892.307 INFO root:    1111111111111111111101111101111111101110111111110111111111111101
00:00:25.892.308 INFO root:    0100011000101111010000111111001001001000010001000001010000101001
00:00:25.893.308 INFO root:    0000001110101101000000001001111000000110000001110000101110111010
00:00:25.893.309 INFO root:    0000000000100000000010000000000100000000000000000000000000001000
00:00:25.894.309 INFO root:    0000000000000000000000110000000000000000000000000000011000000000
00:00:41.294.710 INFO root: verify ok! 8 SuperSboxes 12 MixColumns
00:00:41.295.711 INFO root: ~0001000010110000 -> 0000101100000111:
00:00:41.296.711 INFO root:    1111111111101111111111111111111111111111010011111111111111111111
00:00:41.296.711 INFO root:    1110111111111111111111111111111111111111111011111111011111111011
00:00:41.296.712 INFO root:    1111010010001000111101101111110010000100100010001100111111111111
00:00:41.297.712 INFO root:    1101110101110001101110111101111000001110011111001011011000001010
00:00:41.297.712 INFO root:    0000000000000000000000100000000110000000010000000000010000000100
00:00:41.297.713 INFO root:    0000000000000000000010110000000000000000000000000000011100000000
00:00:56.672.087 INFO root: verify ok! 8 SuperSboxes 12 MixColumns
00:00:56.673.089 INFO root: ~0111000000001011 -> 1101000011000000:
00:00:56.674.089 INFO root:    1111111110001111111111111111111111111111111111111111111101001111
00:00:56.674.089 INFO root:    1111111101111101111110111101111111011011111111111111111111111111
00:00:56.674.090 INFO root:    1111000100101110111100101000100111110100000110000001000100011111
00:00:56.675.090 INFO root:    0111110011011101101001111011111100000011011100001000000000000110
00:00:56.675.090 INFO root:    0000100000000010010000001000000000000000000010000000000000000000
00:00:56.675.091 INFO root:    0000110100000000000000000000000000001100000000000000000000000000
00:01:11.975.391 INFO root: verify ok! 8 SuperSboxes 12 MixColumns
00:01:11.976.392 INFO root: ~1011000011010000 -> 0111001100000000:
00:01:11.977.392 INFO root:    1111111101001111111111111111111111111111001011111111111111111111
00:01:11.977.392 INFO root:    1111111110111111111101111111011111101111110111111111111011111111
00:01:11.977.393 INFO root:    1111010001000010001000000000111110001111001000101111111111111000
00:01:11.978.393 INFO root:    0000000010010011110110011101011101111100000011011011011100001011
00:01:11.978.393 INFO root:    0000100000000000000000000001000101000000000000100000000000000000
00:01:11.978.394 INFO root:    0000011100000000000000110000000000000000000000000000000000000000
00:01:27.192.607 INFO root: verify ok! 8 SuperSboxes 12 MixColumns
00:01:27.193.609 INFO root: ~0000011100001101 -> 0000110100001010:
00:01:27.194.609 INFO root:    1111111111111111111111111000111111111111111111111111111100101111
00:01:27.194.609 INFO root:    1111101111111111111111110111111111111101111110111101111111011111
00:01:27.194.610 INFO root:    0010111111110100111100101011100000100100000010111001000001001111
00:01:27.195.610 INFO root:    1011011011010111011100000111000000000000000010110100011111111011
00:01:27.195.610 INFO root:    1000000000100000000000000000010000000000001000000000000100000000
00:01:27.195.611 INFO root:    0000000000000000000011010000000000000000000000000000101000000000
00:01:42.502.917 INFO root: verify ok! 8 SuperSboxes 12 MixColumns
00:01:42.503.918 INFO root: ~0000000001111010 -> 0000011101110000:
00:01:42.503.919 INFO root:    1111111111111111111111111111111111111111100011111111111101011111
00:01:42.504.919 INFO root:    1110111111110111111111111110101111111111111111111111111011111111
00:01:42.504.919 INFO root:    1111100001001000001111111111001011110100100011110010111111110000
00:01:42.504.920 INFO root:    0000110111100111101110100110011110010000110110001101101111100111
00:01:42.505.920 INFO root:    0000000001000100000000000000010000100010000000000000000010000000
00:01:42.505.920 INFO root:    0000000000000000000001110000000000000111000000000000000000000000
00:01:57.921.336 INFO root: verify ok! 8 SuperSboxes 12 MixColumns
00:01:57.922.338 INFO root: ~0000000010111011 -> 0000011100000101:
00:01:57.923.338 INFO root:    1111111111111111111111111111111111111111010011111111111101001111
00:01:57.923.339 INFO root:    0111111111111101111111111111101111111011101111111011111111111111
00:01:57.924.339 INFO root:    0100100011111100001001000100100001011111010001001000011010010010
00:01:57.924.339 INFO root:    0001111110110111000001111101000000000000000000001101110100001110
00:01:57.924.340 INFO root:    0000000000100000000010000000000000100000000000000000001000000010
00:01:57.925.340 INFO root:    0000000000000000000001110000000000000000000000000000010100000000
00:02:13.741.156 INFO root: verify ok! 8 SuperSboxes 12 MixColumns
00:02:13.742.157 INFO root: ~1101000000001101 -> 1101000010010000:
00:02:13.742.158 INFO root:    1111111100101111111111111111111111111111111111111111111100101111
00:02:13.743.158 INFO root:    1111111101111111111111010111111111111101111111111101111111110111
00:02:13.743.158 INFO root:    0100001000011111100101001000100011110010010011101100100101100100
00:02:13.743.159 INFO root:    0101000000001101101111000000000011100111000011111110101000001101
00:02:13.744.159 INFO root:    0000001000000100100000000000000000000000000010000010000000000000
00:02:13.744.159 INFO root:    0000110100000000000000000000000000001001000000000000000000000000
00:02:29.311.726 INFO root: verify ok! 8 SuperSboxes 12 MixColumns
00:02:29.312.727 INFO root: ~0110000000001011 -> 0000101101110000:
00:02:29.312.728 INFO root:    1111111110011111111111111111111111111111111111111111111101001111
00:02:29.313.728 INFO root:    1111111111111111111101111011111111111110111111111011111111110111
00:02:29.313.728 INFO root:    1111010010001100111100100010111100010100111101000100100110000101
00:02:29.313.729 INFO root:    0111000001110000000001111101011100001111101111011000101010001010
00:02:29.314.729 INFO root:    0000000010000000010000000000010000000010000000000000100000010000
00:02:29.314.729 INFO root:    0000000000000000000010110000000000000111000000000000000000000000
00:02:43.995.410 INFO root: verify ok! 8 SuperSboxes 12 MixColumns
00:02:43.996.411 INFO root: ~0000101100000111 -> 1010000000000111:
00:02:43.996.412 INFO root:    1111111111111111111111110100111111111111111111111111111110001111
00:02:43.997.412 INFO root:    1111111011111111111111111011111111111101111111011110111111011111
00:02:43.997.413 INFO root:    1111000000101010010111110000001001001111001111111111111011111001
00:02:43.998.413 INFO root:    1101010110111011000000001110011110110111011111011101011111100000
00:02:43.998.413 INFO root:    0000000000000000000000100010000000000000001000000100000000001000
00:02:43.998.414 INFO root:    0000101000000000000000000000000000000000000000000000011100000000
00:02:58.701.116 INFO root: verify ok! 8 SuperSboxes 12 MixColumns
00:02:58.702.117 INFO root: ~0000000010110111 -> 0000000011001101:
00:02:58.702.117 INFO root:    1111111111111111111111111111111111111111010011111111111110001111
00:02:58.702.118 INFO root:    1101111111111111111111110111101111111011111111111011011111111111
00:02:58.702.118 INFO root:    1111001011111111001000100010111111001000101010000000100001001111
00:02:58.703.118 INFO root:    1101101101110100000010101111011101110000011000001001101100001101
00:02:58.703.118 INFO root:    0010000000000000000000000000000000000100010000000000000010001000
00:02:58.703.119 INFO root:    0000000000000000000000000000000000001100000000000000110100000000
00:03:09.903.318 INFO root: verify ok! 8 SuperSboxes 12 MixColumns
00:03:09.903.319 INFO root: ~0000000001110111 -> 0111000001110000:
00:03:09.904.319 INFO root:    1111111111111111111111111111111111111111100011111111111110001111
00:03:09.904.320 INFO root:    1111111111111111111111110111110111111101011111110111101111111111
00:03:09.905.320 INFO root:    1111111100000100010010010100001100100100001101010110000011111111
00:03:09.905.320 INFO root:    1111101100000000011100001111011110111011010110110000011100000000
00:03:09.905.321 INFO root:    0000100000000001001000000010000000000000000000001000000000010000
00:03:09.906.321 INFO root:    0000011100000000000000000000000000000111000000000000000000000000
00:03:20.825.240 INFO root: verify ok! 8 SuperSboxes 12 MixColumns
00:03:20.826.241 INFO root: ~0000110110110000 -> 0000000010111101:
00:03:20.827.242 INFO root:    1111111111111111111111110010111111111111010011111111111111111111
00:03:20.827.243 INFO root:    1101111011111111111111111111110111111111011101111111111101111111
00:03:20.828.243 INFO root:    0101111111101000100010100010111111111111000000001000001011111010
00:03:20.828.244 INFO root:    1101110111101101000010100000000011111111011101110111000000001011
00:03:20.829.244 INFO root:    1000000000000010010001000000000000000010001000000000000000000000
00:03:20.830.245 INFO root:    0000000000000000000000000000000000001011000000000000110100000000
00:03:32.501.916 INFO root: verify ok! 8 SuperSboxes 12 MixColumns
00:03:32.502.917 INFO root: ~0000000011011011 -> 0000000011001011:
00:03:32.502.917 INFO root:    1111111111111111111111111111111111111111001011111111111101001111
00:03:32.502.918 INFO root:    1011111111110111111111111101011111111111111111111101011111111111
00:03:32.503.918 INFO root:    0000111110001000100001001000000011111000100000100100010011111111
00:03:32.503.918 INFO root:    0100101000001101000000000110001111010000000001010110101111101101
00:03:32.503.919 INFO root:    0000000000000100001000010000000000000000010000000000000000001000
00:03:32.504.919 INFO root:    0000000000000000000000000000000000001100000000000000101100000000
00:03:43.490.905 INFO root: verify ok! 8 SuperSboxes 12 MixColumns
00:03:43.491.906 INFO root: ~0111000001110000 -> 0000110101110000:
00:03:43.491.907 INFO root:    1111111110001111111111111111111111111111100011111111111111111111
00:03:43.492.907 INFO root:    1011111110111111111111111111111101111111011111111111101111110111
00:03:43.492.907 INFO root:    1000111100100110111110000000100110000110101011110000101011110100
00:03:43.493.908 INFO root:    0000011110111111110111010111110000001010000000001110111011000000
00:03:43.493.908 INFO root:    0000000000100001001000000000100000000100000000000000001000000000
00:03:43.493.909 INFO root:    0000000000000000000011010000000000000111000000000000000000000000
00:03:54.963.378 INFO root: verify ok! 8 SuperSboxes 12 MixColumns
00:03:54.964.379 INFO root: ~1011101100000000 -> 0000000001111101:
00:03:54.964.380 INFO root:    1111111101001111111111110100111111111111111111111111111111111111
00:03:54.965.380 INFO root:    1111011110111111011101111111111111111111111101111111111111111011
00:03:54.965.380 INFO root:    1111011111110000000110000011111101000001111111011111000100011000
00:03:54.965.380 INFO root:    1111011111110000110101000000011101110111110101110000000010110101
00:03:54.965.381 INFO root:    0100000000000000001000000000000000000100100000000000000010000010
00:03:54.966.381 INFO root:    0000000000000000000000000000000000000111000000000000110100000000
00:04:06.683.098 INFO root: verify ok! 8 SuperSboxes 12 MixColumns
00:04:06.684.099 INFO root: ~0000110110110000 -> 0111101100000000:
00:04:06.684.100 INFO root:    1111111111111111111111110010111111111111010011111111111111111111
00:04:06.685.100 INFO root:    0111110111111111111111111111011111111111011111011111111110111111
00:04:06.685.100 INFO root:    0010100010100100111011110100111011111100000101000100001000100101
00:04:06.685.101 INFO root:    0100000011110000000011011101001100001011011011110001110100001101
00:04:06.686.101 INFO root:    0000000001000000000000000010001000000000000000101000010000000000
00:04:06.686.101 INFO root:    0000011100000000000010110000000000000000000000000000000000000000
00:04:17.346.761 INFO root: verify ok! 8 SuperSboxes 12 MixColumns
00:04:17.347.762 INFO root: ~0111000010110000 -> 0000101100001011:
00:04:17.347.763 INFO root:    1111111110001111111111111111111111111111010011111111111111111111
00:04:17.348.763 INFO root:    1111111111101111111111111111110110111111011111111111101111110111
00:04:17.348.763 INFO root:    1010111101000000110011000010100001111000010011111111100001000010
00:04:17.348.764 INFO root:    0000111100000000111111010010000000000000011101111011101101101110
00:04:17.349.764 INFO root:    0001000000000000000010000000001001000000001000000000100000000000
00:04:17.349.764 INFO root:    0000000000000000000010110000000000000000000000000000101100000000
00:04:28.760.175 INFO root: verify ok! 8 SuperSboxes 12 MixColumns
00:04:28.761.176 INFO root: ~0000011111010000 -> 0000101111010000:
00:04:28.761.177 INFO root:    1111111111111111111111111000111111111111001011111111111111111111
00:04:28.762.177 INFO root:    1111111111111111110111111111110111111111101101111111101110111111
00:04:28.762.177 INFO root:    0101111100000000111110010010110101000010001011111011100011110100
00:04:28.762.178 INFO root:    1101011100001101011110000111011010100000000011010111100010111010
00:04:28.763.178 INFO root:    0000000000010001001000000000000100010010000000000000000000000000
00:04:28.763.179 INFO root:    0000000000000000000010110000000000001101000000000000000000000000
00:04:43.443.858 INFO root: verify ok! 8 SuperSboxes 12 MixColumns
00:04:43.444.859 INFO root: ~0000101100001101 -> 1001101100000000:
00:04:43.445.860 INFO root:    1111111111111111111111110100111111111111111111111111111100101111
00:04:43.445.860 INFO root:    1111111011111111101111110111111111111110111111011011111111111111
00:04:43.445.861 INFO root:    1111100011111111001100100100100100100010010001000000001010000011
00:04:43.446.861 INFO root:    1111000001111100000000001011000011010000111101111011000000001100
00:04:43.446.861 INFO root:    0000000001000000000000001000010010000000000000001000000000000000
00:04:43.446.861 INFO root:    0000100100000000000010110000000000000000000000000000000000000000
00:04:58.292.708 INFO root: verify ok! 8 SuperSboxes 12 MixColumns
00:04:58.293.709 INFO root: ~0000110100001011 -> 1101101000000000:
00:04:58.294.709 INFO root:    1111111111111111111111110010111111111111111111111111111101001111
00:04:58.294.709 INFO root:    1111011111111011011111111011111111111111111101111101111111111111
00:04:58.294.710 INFO root:    0001100000100001100010010100011010011111011000100001001011110010
00:04:58.295.710 INFO root:    0000000000001100101100001101110001111011101000001010100100011101
00:04:58.295.710 INFO root:    0000000000010000000000001000000000000000000010000010000100000000
00:04:58.295.711 INFO root:    0000110100000000000010100000000000000000000000000000000000000000
00:05:13.032.447 INFO root: verify ok! 8 SuperSboxes 12 MixColumns
00:05:13.032.448 INFO root: verified 22 trails for I 2 J 1
00:05:13.033.448 INFO root: generating ANFs... I
00:05:13.396.811 INFO root: load .cache/SboxDivision.components_anf_closures.self_sboxC188DCAA77C45B94.args_0A482B9CD9E7EAF940EBCF3535BE3082A49F858505A0A6EA9511114359BB0EE6 succeeded
00:05:13.543.958 INFO root: unique masks 2021
00:05:13.543.959 INFO root: generating ANFs... J
00:05:14.378.793 INFO root: load .cache/SboxDivision.components_anf_closures.self_sbox57571A0BC333968E.args_0A482B9CD9E7EAF940EBCF3535BE3082A49F858505A0A6EA9511114359BB0EE6 succeeded
00:05:14.507.923 INFO root: unique masks 1785
00:05:14.508.923 INFO root: enumerating all mask pairs
00:05:35.638.053 INFO root: verified all masks for I 2 J 1
00:05:35.638.053 INFO root: VERIFIED I 2 J 1
