00:00:00.182.891 INFO root: added file handler at 2021-09-13.17:50:23
00:00:00.183.891 INFO root: columns 3 -> 3
00:00:02.524.232 INFO root: Constraints: 100101010
00:00:02.525.233 INFO root: cons_SSB_card = 1
00:00:02.525.233 INFO root: cons_SSB_box_lb = 0
00:00:02.525.233 INFO root: cons_SSB_box_ub = 0
00:00:02.525.234 INFO root: cons_SSB_lb = 1
00:00:02.526.234 INFO root: cons_SSB_ub = 0
00:00:02.526.234 INFO root: cons_MC_card = 1
00:00:02.526.234 INFO root: cons_MC_matching = 0
00:00:02.526.235 INFO root: cons_MC_lb = 1
00:00:02.526.235 INFO root: cons_MC_ub2 = 0
00:00:02.749.457 INFO root: full ssb
00:00:02.989.697 INFO root: load .cache/SboxDivision.components_anf_closures.self_sboxC188DCAA77C45B94.args_068BA53CAF4BB89BC84341E5E0A9E860E078799A9E9F3CD8F2B19C3FC4CEC936 succeeded
00:00:03.012.721 INFO root: anfsI 255
00:00:03.023.732 INFO root: load .cache/SboxDivision.components_anf_closures.self_sboxFA83BF4B256071FB.args_068BA53CAF4BB89BC84341E5E0A9E860E078799A9E9F3CD8F2B19C3FC4CEC936 succeeded
00:00:03.044.752 INFO root: anfsO 255
00:00:03.193.902 INFO root: load .cache/SboxDivision.cnf_lb.self_sbox391D96FD000E6C5B.args_068BA53CAF4BB89BC84341E5E0A9E860E078799A9E9F3CD8F2B19C3FC4CEC936 succeeded
00:00:08.379.087 INFO root: SSB round 2 column 0
00:00:10.178.887 INFO root: load .cache/SboxDivision.minimal_max.self_sbox0F7EC76E48F1C66A.args_068BA53CAF4BB89BC84341E5E0A9E860E078799A9E9F3CD8F2B19C3FC4CEC936 succeeded
00:00:22.289.998 INFO root: load .cache/SboxDivision.divcore.self_sbox0F7EC76E48F1C66A.args_068BA53CAF4BB89BC84341E5E0A9E860E078799A9E9F3CD8F2B19C3FC4CEC936 succeeded
00:00:30.948.656 INFO root: load .cache/SboxDivision.cnf_lb.self_sbox0F7EC76E48F1C66A.args_068BA53CAF4BB89BC84341E5E0A9E860E078799A9E9F3CD8F2B19C3FC4CEC936 succeeded
00:00:43.220.928 INFO root: SSB round 2 column 1
00:00:44.580.288 INFO root: load .cache/SboxDivision.minimal_max.self_sbox97CD3E51D99FE8E5.args_068BA53CAF4BB89BC84341E5E0A9E860E078799A9E9F3CD8F2B19C3FC4CEC936 succeeded
00:00:56.990.698 INFO root: load .cache/SboxDivision.divcore.self_sbox97CD3E51D99FE8E5.args_068BA53CAF4BB89BC84341E5E0A9E860E078799A9E9F3CD8F2B19C3FC4CEC936 succeeded
00:01:07.674.382 INFO root: load .cache/SboxDivision.cnf_lb.self_sbox97CD3E51D99FE8E5.args_068BA53CAF4BB89BC84341E5E0A9E860E078799A9E9F3CD8F2B19C3FC4CEC936 succeeded
00:01:26.510.218 INFO root: SSB round 2 column 2
00:01:27.565.274 INFO root: load .cache/SboxDivision.minimal_max.self_sboxFA83BF4B256071FB.args_068BA53CAF4BB89BC84341E5E0A9E860E078799A9E9F3CD8F2B19C3FC4CEC936 succeeded
00:01:38.979.687 INFO root: load .cache/SboxDivision.divcore.self_sboxFA83BF4B256071FB.args_068BA53CAF4BB89BC84341E5E0A9E860E078799A9E9F3CD8F2B19C3FC4CEC936 succeeded
00:01:49.320.028 INFO root: load .cache/SboxDivision.cnf_lb.self_sboxFA83BF4B256071FB.args_068BA53CAF4BB89BC84341E5E0A9E860E078799A9E9F3CD8F2B19C3FC4CEC936 succeeded
00:02:09.287.995 INFO root: SSB round 2 column 3
00:02:46.288.996 INFO root: SSB round 4 column 0
00:03:20.861.569 INFO root: SSB round 4 column 1
00:03:22.458.166 INFO root: load .cache/SboxDivision.minimal_max.self_sboxB5083D73B8917F33.args_068BA53CAF4BB89BC84341E5E0A9E860E078799A9E9F3CD8F2B19C3FC4CEC936 succeeded
00:03:35.477.185 INFO root: load .cache/SboxDivision.divcore.self_sboxB5083D73B8917F33.args_068BA53CAF4BB89BC84341E5E0A9E860E078799A9E9F3CD8F2B19C3FC4CEC936 succeeded
00:03:42.374.083 INFO root: load .cache/SboxDivision.cnf_lb.self_sboxB5083D73B8917F33.args_068BA53CAF4BB89BC84341E5E0A9E860E078799A9E9F3CD8F2B19C3FC4CEC936 succeeded
00:04:02.374.082 INFO root: SSB round 4 column 2
00:04:43.571.280 INFO root: SSB round 4 column 3
00:05:32.616.324 INFO root: mask pairs: 255 x 255 = 65025
00:05:32.617.325 INFO root: #trails 0 
00:05:32.617.325 INFO root: mask pair #1 / 65025: 0110000000000000 1011000010100000anfI_max <DenseSet hash=1f35bb0005968012 n=16 wt=76 | 3:5 4:20 5:32 6:19> anfO_max <DenseSet hash=cd8a3718a9bf8ddc n=16 wt=74 | 3:1 4:5 5:32 6:36>
00:05:42.642.350 INFO root: solving SAT...
00:06:10.798.506 INFO root: SAT solve time: 28.15558934211731
00:06:10.799.507 INFO root: SAT_times: 28.2 - 28.2, avg 28.2 med 28.2
00:06:10.800.508 INFO root: middle division transition ~1011000010110000 -> 1011000000001011 (~6 -> 6)
00:06:10.800.509 INFO root: mid transition: 1011000010110000 1011000000001011 6 6
00:06:10.801.509 INFO root: full trace:
00:06:10.802.510 INFO root: 1111 1111 1111 0100 1111 1111 1111 1111 1111 1111 1111 0100 1111 1111 1111 1111# initial
00:06:10.802.511 INFO root: 1111 1111 1111 0111 1011 1111 1111 1111 1111 1101 1111 0111 1101 1111 1011 1111# after SR MC SR
00:06:10.803.511 INFO root: 0000 0100 1111 0110 0111 1000 0010 1111 0100 1100 1011 0000 1111 1111 1000 0101# after SSB
00:06:10.804.512 INFO root: 0000 1011 1111 1011 1011 1111 0000 1101 1011 1010 0111 0000 1011 0000 0000 0101# after SR MC SR
00:06:10.805.513 INFO root: 0000 0000 0100 0100 0000 0000 0000 0000 1000 0100 0000 0000 0000 1000 0001 0000# after SSB
00:06:10.806.514 INFO root: 0000 0000 0000 1011 0000 0000 0000 0000 0000 0000 0000 0000 0000 0000 0000 1011# after SR MC SR
00:06:10.806.515 INFO root: 
00:06:10.807.515 INFO root: new trail: 1011000010110000 -> 1011000000001011
00:06:10.825.533 INFO root: #trails 1 
00:06:10.826.534 INFO root: mask pair #5 / 65025: 0110000001100001 1010000000011011anfI_max <DenseSet hash=5e4d5ffcb7d91242 n=16 wt=81 | 3:5 4:30 5:22 6:24> anfO_max <DenseSet hash=703b9c717ab26204 n=16 wt=80 | 3:3 4:21 5:28 6:28>
00:06:20.681.389 INFO root: solving SAT...
00:07:17.342.050 INFO root: SAT solve time: 56.66043424606323
00:07:17.342.051 INFO root: SAT_times: 28.2 - 56.7, avg 42.4 med 56.7
00:07:17.343.051 INFO root: middle division transition ~0000001110110000 -> 0111000011000000 (~5 -> 5)
00:07:17.343.051 INFO root: mid transition: 0000001110110000 0111000011000000 5 5
00:07:17.343.052 INFO root: full trace:
00:07:17.344.052 INFO root: 1111 1111 1111 1111 1111 1111 1111 1100 1111 1111 1111 0100 1111 1111 1111 1111# initial
00:07:17.345.053 INFO root: 1111 1111 1111 1111 0111 1101 1111 1111 1111 1111 1111 0111 1111 1111 1110 1110# after SR MC SR
00:07:17.346.054 INFO root: 1001 0100 1111 0011 1000 1100 1000 1000 1110 1111 0101 0101 1111 0100 1111 0010# after SSB
00:07:17.346.054 INFO root: 0000 0011 0000 1101 1101 0111 1011 0111 1011 0111 0001 0000 1100 1110 1101 1011# after SR MC SR
00:07:17.347.055 INFO root: 0000 0001 0000 1000 0000 0000 0000 0000 0000 0010 0000 0000 1000 0000 1000 0000# after SSB
00:07:17.348.056 INFO root: 0000 0000 0000 0111 0000 0000 0000 0000 0000 0000 0000 1100 0000 0000 0000 0000# after SR MC SR
00:07:17.348.056 INFO root: 
00:07:17.348.056 INFO root: new trail: 0000001110110000 -> 0111000011000000
00:07:17.349.057 INFO root: #trails 2 
00:07:17.349.058 INFO root: mask pair #7 / 65025: 0111000001100110 1010101000001011anfI_max <DenseSet hash=cc4fc0582743b8fd n=16 wt=85 | 3:2 4:12 5:44 6:27> anfO_max <DenseSet hash=3c2fbe64f6787b91 n=16 wt=77 | 3:2 4:12 5:36 6:27>
00:07:27.247.955 INFO root: solving SAT...
00:09:19.602.310 INFO root: SAT solve time: 112.3538088798523
00:09:19.602.311 INFO root: SAT_times: 28.2 - 112.4, avg 65.7 med 56.7
00:09:19.603.311 INFO root: middle division transition ~0000110110110000 -> 1011000000001101 (~6 -> 6)
00:09:19.603.311 INFO root: mid transition: 0000110110110000 1011000000001101 6 6
00:09:19.603.312 INFO root: full trace:
00:09:19.604.312 INFO root: 1111 1111 1111 1111 1111 1111 1111 0010 1111 1111 1111 0100 1111 1111 1111 1111# initial
00:09:19.605.313 INFO root: 1111 1111 1111 1111 1011 1101 1111 1111 0111 1111 1111 1011 1111 1111 1011 0111# after SR MC SR
00:09:19.605.313 INFO root: 0000 1111 1111 1111 1111 1100 0010 0010 1000 0100 1001 1000 0110 0010 0100 0000# after SSB
00:09:19.606.314 INFO root: 1111 0011 0000 0011 1101 0111 1011 0000 0000 1101 0000 0110 1100 0000 0001 1111# after SR MC SR
00:09:19.606.315 INFO root: 0000 0000 0000 0100 1000 0000 0000 1000 0010 0000 0000 0000 0000 1000 0001 0000# after SSB
00:09:19.607.315 INFO root: 0000 0000 0000 1011 0000 0000 0000 0000 0000 0000 0000 0000 0000 0000 0000 1101# after SR MC SR
00:09:19.607.316 INFO root: 
00:09:19.608.316 INFO root: new trail: 0000110110110000 -> 1011000000001101
00:09:19.608.317 INFO root: #trails 3 
00:09:19.609.317 INFO root: mask pair #9 / 65025: 0000011101110111 0000000110100000anfI_max <DenseSet hash=b352b1b417ed80be n=16 wt=83 | 3:2 4:14 5:41 6:26> anfO_max <DenseSet hash=58e87f75d3b79363 n=16 wt=84 | 3:4 4:21 5:37 6:22>
00:09:28.336.044 INFO root: solving SAT...
00:09:40.818.527 INFO root: SAT solve time: 12.48161244392395
00:09:40.819.527 INFO root: SAT_times: 12.5 - 112.4, avg 52.4 med 56.7
00:09:40.819.527 INFO root: middle division transition ~0101000001110000 -> 0000101100001011 (~5 -> 6)
00:09:40.819.528 INFO root: mid transition: 0101000001110000 0000101100001011 5 6
00:09:40.820.528 INFO root: full trace:
00:09:40.820.528 INFO root: 1111 1111 1111 1010 1111 1111 1111 1111 1111 1111 1111 1000 1111 1111 1111 1111# initial
00:09:40.820.529 INFO root: 1111 0111 1111 1111 1111 1111 1011 1111 1111 1111 1111 1101 1011 1111 1101 1111# after SR MC SR
00:09:40.821.529 INFO root: 1000 1100 1111 0110 1111 0100 0010 0100 0100 0100 0000 1111 0100 1111 0010 1000# after SSB
00:09:40.821.530 INFO root: 0000 1110 1011 1011 0101 0111 1101 0000 0010 1001 0000 0000 0000 1101 1101 1110# after SR MC SR
00:09:40.822.530 INFO root: 1000 0000 1001 0000 0000 1000 0000 0000 0000 0000 0000 0000 0000 0001 0000 0100# after SSB
00:09:40.822.530 INFO root: 0000 0000 0000 0000 0000 0000 0000 1011 0000 0000 0000 0000 0000 0000 0000 1011# after SR MC SR
00:09:40.822.531 INFO root: 
00:09:40.823.531 INFO root: new trail: 0101000001110000 -> 0000101100001011
00:09:40.823.532 INFO root: #trails 4 
00:09:40.824.532 INFO root: mask pair #21 / 65025: 0110000001110111 0000101110110001anfI_max <DenseSet hash=5d40b0fcefa25227 n=16 wt=79 | 3:3 4:7 5:39 6:30> anfO_max <DenseSet hash=ef8638eed3785e01 n=16 wt=93 | 3:7 4:29 5:39 6:18>
00:09:48.445.153 INFO root: solving SAT...
00:10:20.111.819 INFO root: SAT solve time: 31.665059328079224
00:10:20.111.820 INFO root: SAT_times: 12.5 - 112.4, avg 48.3 med 31.7
00:10:20.112.820 INFO root: middle division transition ~0000011110100000 -> 1101000000001101 (~5 -> 6)
00:10:20.112.820 INFO root: mid transition: 0000011110100000 1101000000001101 5 6
00:10:20.112.821 INFO root: full trace:
00:10:20.113.821 INFO root: 1111 1111 1111 1111 1111 1111 1111 1000 1111 1111 1111 0101 1111 1111 1111 1111# initial
00:10:20.113.821 INFO root: 1111 1111 1111 1111 1011 1011 1111 1111 1011 1111 1111 1011 1111 1111 1111 1101# after SR MC SR
00:10:20.113.822 INFO root: 1111 0100 1111 1000 1000 1010 1111 1111 0100 1111 1111 0100 0000 1000 1111 0000# after SSB
00:10:20.114.822 INFO root: 0111 0000 1110 1111 1011 1101 1101 0001 1001 0111 1101 0000 0000 1101 1011 1001# after SR MC SR
00:10:20.114.823 INFO root: 0000 0000 1000 0100 0000 0000 0000 0010 0100 0100 0000 0000 0000 0000 0010 0000# after SSB
00:10:20.115.823 INFO root: 0000 0000 0000 1101 0000 0000 0000 0000 0000 0000 0000 0000 0000 0000 0000 1101# after SR MC SR
00:10:20.115.823 INFO root: 
00:10:20.115.823 INFO root: new trail: 0000011110100000 -> 1101000000001101
00:10:20.116.824 INFO root: #trails 5 
00:10:20.116.825 INFO root: mask pair #23 / 65025: 0000011100000001 1010000100010001anfI_max <DenseSet hash=afaea54084f339db n=16 wt=92 | 3:4 4:19 5:42 6:27> anfO_max <DenseSet hash=aab55188535bafc1 n=16 wt=93 | 3:4 4:21 5:47 6:21>
00:10:29.604.312 INFO root: solving SAT...
00:11:17.903.612 INFO root: SAT solve time: 48.29871582984924
00:11:17.904.612 INFO root: SAT_times: 12.5 - 112.4, avg 48.3 med 48.3
00:11:17.904.613 INFO root: middle division transition ~0000110111010000 -> 0000100111010000 (~6 -> 5)
00:11:17.905.613 INFO root: mid transition: 0000110111010000 0000100111010000 6 5
00:11:17.905.613 INFO root: full trace:
00:11:17.906.614 INFO root: 1111 1111 1111 1111 1111 1111 1111 0010 1111 1111 1111 0010 1111 1111 1111 1111# initial
00:11:17.906.615 INFO root: 1111 0111 0111 1111 1011 1011 1111 1111 1111 1111 1111 0111 1111 1111 1111 1101# after SR MC SR
00:11:17.907.615 INFO root: 1000 1011 1111 1111 0110 0001 0010 0000 1111 1110 0100 0100 1000 1100 1101 0100# after SSB
00:11:17.907.616 INFO root: 0000 0000 1101 0111 0001 1011 1110 0000 0110 0111 1011 0111 1011 0001 1010 0011# after SR MC SR
00:11:17.908.616 INFO root: 0000 0000 0000 0000 0000 0010 1000 0000 0000 0000 0100 0100 0010 0000 0000 0000# after SSB
00:11:17.909.617 INFO root: 0000 0000 0000 0000 0000 0000 0000 1001 0000 0000 0000 1101 0000 0000 0000 0000# after SR MC SR
00:11:17.909.617 INFO root: 
00:11:17.909.617 INFO root: new trail: 0000110111010000 -> 0000100111010000
00:11:17.910.619 INFO root: #trails 6 
00:11:17.911.619 INFO root: mask pair #58 / 65025: 0001000101110111 0000101010100001anfI_max <DenseSet hash=742c2a1e10906ccc n=16 wt=89 | 3:2 4:6 5:55 6:26> anfO_max <DenseSet hash=2e367860c36884c1 n=16 wt=77 | 3:6 4:18 5:31 6:22>
00:11:27.849.558 INFO root: solving SAT...
00:12:32.888.596 INFO root: SAT solve time: 65.0378565788269
00:12:32.888.597 INFO root: SAT_times: 12.5 - 112.4, avg 50.7 med 48.3
00:12:32.889.597 INFO root: middle division transition ~0000011100001011 -> 0000010101110000 (~6 -> 5)
00:12:32.889.597 INFO root: mid transition: 0000011100001011 0000010101110000 6 5
00:12:32.889.598 INFO root: full trace:
00:12:32.890.598 INFO root: 1111 1111 1111 1111 1111 1111 1111 1000 1111 1111 1111 1111 1111 1111 1111 0100# initial
00:12:32.890.598 INFO root: 0111 1111 1110 1111 1111 0111 1111 1111 1111 1111 1101 1111 1111 1101 1111 1101# after SR MC SR
00:12:32.891.599 INFO root: 0100 1111 0100 1000 1111 1000 1000 1000 0100 0000 0010 1011 0010 0100 0010 1111# after SSB
00:12:32.891.599 INFO root: 0000 0000 0000 1001 1101 0000 1001 1101 1111 0000 1111 1101 0011 0000 0111 0000# after SR MC SR
00:12:32.891.600 INFO root: 0100 0000 0000 0000 0000 0000 0100 0000 0000 0000 0100 0010 0010 0000 0000 0000# after SSB
00:12:32.892.600 INFO root: 0000 0000 0000 0000 0000 0000 0000 0101 0000 0000 0000 0111 0000 0000 0000 0000# after SR MC SR
00:12:32.892.600 INFO root: 
00:12:32.892.600 INFO root: new trail: 0000011100001011 -> 0000010101110000
00:12:32.893.602 INFO root: #trails 7 
00:12:32.894.602 INFO root: mask pair #103 / 65025: 0001000100000110 1010000010110000anfI_max <DenseSet hash=4a6a30ef183ec36b n=16 wt=95 | 3:2 4:20 5:54 6:19> anfO_max <DenseSet hash=1a8dfb26200531c3 n=16 wt=75 | 3:5 4:22 5:30 6:18>
00:12:43.101.810 INFO root: solving SAT...
00:14:44.397.106 INFO root: SAT solve time: 121.29526209831238
00:14:44.398.106 INFO root: SAT_times: 12.5 - 121.3, avg 59.5 med 56.7
00:14:44.398.107 INFO root: middle division transition ~0000101111010000 -> 1101011100000000 (~6 -> 6)
00:14:44.399.107 INFO root: mid transition: 0000101111010000 1101011100000000 6 6
00:14:44.399.107 INFO root: full trace:
00:14:44.399.108 INFO root: 1111 1111 1111 1111 1111 1111 1111 0100 1111 1111 1111 0010 1111 1111 1111 1111# initial
00:14:44.400.108 INFO root: 1111 1110 0111 1111 1011 1011 1111 1111 1111 1111 1111 1101 1111 1111 1111 1110# after SR MC SR
00:14:44.401.109 INFO root: 1111 0010 1111 0010 1100 0101 1111 0001 0100 0011 0100 1100 1001 0010 1000 1000# after SSB
00:14:44.401.109 INFO root: 0000 0011 1011 0000 0110 0000 0001 1111 0001 1001 1110 0111 0111 1000 1001 1101# after SR MC SR
00:14:44.402.110 INFO root: 0000 0000 0000 0010 0100 0010 0000 0000 0000 0000 0001 0000 0000 0000 1000 0100# after SSB
00:14:44.402.111 INFO root: 0000 0000 0000 1101 0000 0000 0000 0111 0000 0000 0000 0000 0000 0000 0000 0000# after SR MC SR
00:14:44.403.111 INFO root: 
00:14:44.403.111 INFO root: new trail: 0000101111010000 -> 1101011100000000
00:14:44.404.112 INFO root: #trails 8 
00:14:44.405.113 INFO root: mask pair #130 / 65025: 0110011101110111 1010000100000001anfI_max <DenseSet hash=4d784acf88b99f10 n=16 wt=96 | 3:3 4:16 5:54 6:23> anfO_max <DenseSet hash=36cf4fb7e0df596b n=16 wt=86 | 3:2 4:14 5:46 6:24>
00:14:50.858.567 INFO root: solving SAT...
00:15:03.135.843 INFO root: SAT solve time: 12.275991916656494
00:15:03.135.844 INFO root: SAT_times: 12.3 - 121.3, avg 54.2 med 48.3
00:15:03.136.844 INFO root: middle division transition ~1101000011010000 -> 1100000000000111 (~6 -> 5)
00:15:03.136.844 INFO root: mid transition: 1101000011010000 1100000000000111 6 5
00:15:03.136.844 INFO root: full trace:
00:15:03.137.845 INFO root: 1111 1111 1111 0010 1111 1111 1111 1111 1111 1111 1111 0010 1111 1111 1111 1111# initial
00:15:03.137.845 INFO root: 1111 1011 1111 1011 0111 1111 1101 1111 1111 1111 1111 1101 0111 1111 1111 1111# after SR MC SR
00:15:03.137.846 INFO root: 0000 0001 0011 0111 1111 1111 0100 1000 1000 1111 1111 0000 0010 0100 1001 1111# after SSB
00:15:03.138.846 INFO root: 1011 0000 0000 1101 0000 0000 1111 0111 1100 0111 0111 0000 0111 0111 1011 1011# after SR MC SR
00:15:03.138.846 INFO root: 0000 0000 0010 1000 0000 0000 0000 0000 1000 0000 0000 0000 0000 0001 0100 0000# after SSB
00:15:03.138.847 INFO root: 0000 0000 0000 1100 0000 0000 0000 0000 0000 0000 0000 0000 0000 0000 0000 0111# after SR MC SR
00:15:03.139.847 INFO root: 
00:15:03.139.847 INFO root: new trail: 1101000011010000 -> 1100000000000111
00:15:03.140.848 INFO root: #trails 9 
00:15:03.140.848 INFO root: mask pair #131 / 65025: 0111000001100110 0000000010110000anfI_max <DenseSet hash=cc4fc0582743b8fd n=16 wt=85 | 3:2 4:12 5:44 6:27> anfO_max <DenseSet hash=4538e1ec0db6e265 n=16 wt=59 | 3:5 4:16 5:24 6:14>
00:15:09.636.344 INFO root: solving SAT...
00:15:58.981.690 INFO root: SAT solve time: 49.345006227493286
00:15:58.982.690 INFO root: SAT_times: 12.3 - 121.3, avg 53.8 med 49.3
00:15:58.982.691 INFO root: middle division transition ~0110110100000000 -> 1011000000000111 (~5 -> 6)
00:15:58.983.691 INFO root: mid transition: 0110110100000000 1011000000000111 5 6
00:15:58.983.691 INFO root: full trace:
00:15:58.984.692 INFO root: 1111 1111 1111 1001 1111 1111 1111 0010 1111 1111 1111 1111 1111 1111 1111 1111# initial
00:15:58.984.693 INFO root: 1111 1111 1101 1111 1111 1101 1011 1111 1111 1111 1111 1111 0111 1111 1111 1101# after SR MC SR
00:15:58.985.693 INFO root: 1110 0010 0100 0100 0110 1000 0011 1111 0111 1001 0000 0010 1111 1111 1111 1000# after SSB
00:15:58.986.694 INFO root: 0011 0100 1110 1110 0100 1101 1011 0110 0111 0111 0001 1110 0000 0000 0111 1101# after SR MC SR
00:15:58.986.694 INFO root: 0000 0000 1000 0100 0010 0000 0000 0010 0000 0000 0000 0000 0000 0100 0100 0000# after SSB
00:15:58.987.695 INFO root: 0000 0000 0000 1011 0000 0000 0000 0000 0000 0000 0000 0000 0000 0000 0000 0111# after SR MC SR
00:15:58.987.695 INFO root: 
00:15:58.987.696 INFO root: new trail: 0110110100000000 -> 1011000000000111
00:15:58.988.697 INFO root: #trails 10 
00:15:58.989.697 INFO root: mask pair #139 / 65025: 0000011001110110 1010101010100000anfI_max <DenseSet hash=39daf18ec289a8c2 n=16 wt=84 | 3:1 4:23 5:36 6:24> anfO_max <DenseSet hash=50e5aa5095073336 n=16 wt=74 | 3:3 4:12 5:24 6:35>
00:16:09.230.938 INFO root: solving SAT...
00:16:54.545.253 INFO root: SAT solve time: 45.31402540206909
00:16:54.545.254 INFO root: SAT_times: 12.3 - 121.3, avg 53.0 med 48.3
00:16:54.546.254 INFO root: middle division transition ~0000000011011011 -> 0000110100000111 (~6 -> 6)
00:16:54.546.254 INFO root: mid transition: 0000000011011011 0000110100000111 6 6
00:16:54.546.255 INFO root: full trace:
00:16:54.547.255 INFO root: 1111 1111 1111 1111 1111 1111 1111 1111 1111 1111 1111 0010 1111 1111 1111 0100# initial
00:16:54.547.255 INFO root: 1111 1111 1111 1111 1101 1111 1111 1101 1111 1111 1011 1101 1111 1101 0111 1111# after SR MC SR
00:16:54.548.256 INFO root: 1000 1111 0100 1001 0100 1011 0010 0100 1111 0110 0001 0100 0010 0010 1000 0010# after SSB
00:16:54.548.256 INFO root: 0000 1010 1001 1101 0000 0111 0111 0100 0000 0000 1011 1110 0000 0101 0011 0011# after SR MC SR
00:16:54.548.257 INFO root: 0000 0000 0001 0000 0000 0000 0000 1000 0000 0000 1010 0000 0000 1000 0000 1000# after SSB
00:16:54.549.257 INFO root: 0000 0000 0000 0000 0000 0000 0000 1101 0000 0000 0000 0000 0000 0000 0000 0111# after SR MC SR
00:16:54.549.257 INFO root: 
00:16:54.549.258 INFO root: new trail: 0000000011011011 -> 0000110100000111
00:16:54.551.260 INFO root: #trails 11 
00:16:54.552.260 INFO root: mask pair #238 / 65025: 0000011100000001 1010000100000000anfI_max <DenseSet hash=afaea54084f339db n=16 wt=92 | 3:4 4:19 5:42 6:27> anfO_max <DenseSet hash=9bd2fb309e1350fd n=16 wt=88 | 3:3 4:5 5:61 6:19>
00:17:03.343.051 INFO root: solving SAT...
00:17:54.075.783 INFO root: SAT solve time: 50.73090410232544
00:17:54.075.783 INFO root: SAT_times: 12.3 - 121.3, avg 52.8 med 49.3
00:17:54.076.784 INFO root: middle division transition ~0000110111010000 -> 0111000011010000 (~6 -> 6)
00:17:54.076.784 INFO root: mid transition: 0000110111010000 0111000011010000 6 6
00:17:54.076.785 INFO root: full trace:
00:17:54.077.785 INFO root: 1111 1111 1111 1111 1111 1111 1111 0010 1111 1111 1111 0010 1111 1111 1111 1111# initial
00:17:54.078.786 INFO root: 1111 1101 0111 1111 1111 0111 1111 1111 1011 1111 1111 1101 1111 1111 1011 1111# after SR MC SR
00:17:54.078.787 INFO root: 0001 1000 0001 1101 1111 0000 0100 1100 1000 0010 1111 1111 1111 1111 0010 0101# after SSB
00:17:54.079.787 INFO root: 0000 1011 1101 1011 0110 0111 1101 0111 0110 0000 0000 1101 1101 1111 1100 0000# after SR MC SR
00:17:54.080.788 INFO root: 0000 1001 0000 1000 0100 0000 0100 0000 0000 1000 0000 0000 0000 0000 0000 0000# after SSB
00:17:54.080.789 INFO root: 0000 0000 0000 0111 0000 0000 0000 0000 0000 0000 0000 1101 0000 0000 0000 0000# after SR MC SR
00:17:54.081.789 INFO root: 
00:17:54.081.789 INFO root: new trail: 0000110111010000 -> 0111000011010000
00:17:54.083.792 INFO root: #trails 12 
00:17:54.084.792 INFO root: mask pair #335 / 65025: 0000000101100000 1010000100000001anfI_max <DenseSet hash=a480f5c781a94401 n=16 wt=100 | 3:3 4:8 5:64 6:25> anfO_max <DenseSet hash=36cf4fb7e0df596b n=16 wt=86 | 3:2 4:14 5:46 6:24>
00:18:03.938.647 INFO root: solving SAT...
00:18:50.809.517 INFO root: SAT solve time: 46.86959791183472
00:18:50.809.517 INFO root: SAT_times: 12.3 - 121.3, avg 52.3 med 48.3
00:18:50.810.518 INFO root: middle division transition ~0111101100000000 -> 0000110100000111 (~6 -> 6)
00:18:50.810.518 INFO root: mid transition: 0111101100000000 0000110100000111 6 6
00:18:50.810.519 INFO root: full trace:
00:18:50.811.519 INFO root: 1111 1111 1111 1000 1111 1111 1111 0100 1111 1111 1111 1111 1111 1111 1111 1111# initial
00:18:50.811.520 INFO root: 1111 1111 1111 1101 1111 1011 1011 1111 1101 1111 1111 1111 1110 1111 1111 1011# after SR MC SR
00:18:50.812.520 INFO root: 1000 1111 1000 0001 0001 1100 0101 0100 0001 0010 0100 1001 1111 0110 1111 1000# after SSB
00:18:50.813.521 INFO root: 0110 1110 1000 0000 1010 0101 1101 0000 0000 0100 0000 1110 1101 1011 1111 0110# after SR MC SR
00:18:50.813.522 INFO root: 1000 0000 0010 0000 0000 0100 0000 1000 0000 0000 0010 0000 0000 0010 0000 0000# after SSB
00:18:50.814.522 INFO root: 0000 0000 0000 0000 0000 0000 0000 1101 0000 0000 0000 0000 0000 0000 0000 0111# after SR MC SR
00:18:50.814.523 INFO root: 
00:18:50.815.523 INFO root: new trail: 0111101100000000 -> 0000110100000111
00:18:50.817.525 INFO root: #trails 13 
00:18:50.817.526 INFO root: mask pair #400 / 65025: 0001000000000000 0000000100011011anfI_max <DenseSet hash=c624d6a10178ac83 n=16 wt=78 | 3:11 4:28 5:28 6:11> anfO_max <DenseSet hash=27b1926677d6c725 n=16 wt=80 | 3:5 4:14 5:36 6:25>
00:18:57.931.639 INFO root: solving SAT...
00:19:44.580.288 INFO root: SAT solve time: 46.64794945716858
00:19:44.580.288 INFO root: SAT_times: 12.3 - 121.3, avg 51.9 med 48.3
00:19:44.580.289 INFO root: middle division transition ~0000000001111101 -> 0111101100000000 (~6 -> 6)
00:19:44.581.289 INFO root: mid transition: 0000000001111101 0111101100000000 6 6
00:19:44.581.289 INFO root: full trace:
00:19:44.581.290 INFO root: 1111 1111 1111 1111 1111 1111 1111 1111 1111 1111 1111 1000 1111 1111 1111 0010# initial
00:19:44.582.290 INFO root: 1110 1101 1111 1111 0111 1111 1111 0111 1111 1111 1101 1111 1111 1111 1101 1111# after SR MC SR
00:19:44.582.290 INFO root: 1110 1001 0111 1111 0001 0011 0100 0010 0001 1101 0000 0010 1111 1111 1111 0101# after SSB
00:19:44.583.291 INFO root: 0111 1001 1101 0111 1111 1011 1011 0111 0000 1101 0010 0101 1011 0000 0000 1101# after SR MC SR
00:19:44.583.291 INFO root: 0010 0000 0000 0100 0010 0000 0000 0000 0000 0010 1000 0000 0000 0000 0000 0010# after SSB
00:19:44.583.292 INFO root: 0000 0000 0000 0111 0000 0000 0000 1011 0000 0000 0000 0000 0000 0000 0000 0000# after SR MC SR
00:19:44.584.292 INFO root: 
00:19:44.584.292 INFO root: new trail: 0000000001111101 -> 0111101100000000
00:19:44.585.293 INFO root: #trails 14 
00:19:44.585.293 INFO root: mask pair #407 / 65025: 0001011000000110 0000101100001010anfI_max <DenseSet hash=f12aac6d144b0773 n=16 wt=59 | 3:2 4:3 5:22 6:32> anfO_max <DenseSet hash=a2a7a659bb4bf7b6 n=16 wt=77 | 3:2 4:12 5:32 6:31>
00:19:50.540.249 INFO root: solving SAT...
00:20:41.521.230 INFO root: SAT solve time: 50.98032522201538
00:20:41.522.230 INFO root: SAT_times: 12.3 - 121.3, avg 51.9 med 48.3
00:20:41.522.231 INFO root: middle division transition ~0101000000000111 -> 0111000001100000 (~5 -> 5)
00:20:41.523.231 INFO root: mid transition: 0101000000000111 0111000001100000 5 5
00:20:41.523.231 INFO root: full trace:
00:20:41.523.232 INFO root: 1111 1111 1111 1010 1111 1111 1111 1111 1111 1111 1111 1111 1111 1111 1111 1000# initial
00:20:41.524.232 INFO root: 0111 1111 1111 1011 1111 1111 1111 1111 1111 1011 1101 1111 1111 1110 1111 1111# after SR MC SR
00:20:41.525.233 INFO root: 1110 0101 1111 0010 0010 0100 1000 1111 1111 1110 1000 0100 0010 0010 1000 0010# after SSB
00:20:41.525.234 INFO root: 0000 1010 1111 1011 0000 0111 0100 0111 1101 0000 0000 0000 1010 1101 1011 1101# after SR MC SR
00:20:41.526.234 INFO root: 0000 0010 0000 1000 0001 0000 0010 0000 0000 0000 0000 0000 0000 0000 1000 0000# after SSB
00:20:41.527.235 INFO root: 0000 0000 0000 0111 0000 0000 0000 0000 0000 0000 0000 0110 0000 0000 0000 0000# after SR MC SR
00:20:41.527.235 INFO root: 
00:20:41.527.235 INFO root: new trail: 0101000000000111 -> 0111000001100000
00:20:41.530.238 INFO root: #trails 15 
00:20:41.531.239 INFO root: mask pair #480 / 65025: 0001011000010000 1011101100011010anfI_max <DenseSet hash=63c49b438da7ffa4 n=16 wt=112 | 3:2 4:11 5:83 6:16> anfO_max <DenseSet hash=d17d8201d8a74bdb n=16 wt=78 | 3:5 4:22 5:26 6:25>
00:20:48.320.028 INFO root: solving SAT...
00:22:44.620.328 INFO root: SAT solve time: 116.29936718940735
00:22:44.620.329 INFO root: SAT_times: 12.3 - 121.3, avg 55.9 med 49.3
00:22:44.621.329 INFO root: middle division transition ~0000110100000111 -> 0000000001111011 (~6 -> 6)
00:22:44.621.329 INFO root: mid transition: 0000110100000111 0000000001111011 6 6
00:22:44.621.329 INFO root: full trace:
00:22:44.622.330 INFO root: 1111 1111 1111 1111 1111 1111 1111 0010 1111 1111 1111 1111 1111 1111 1111 1000# initial
00:22:44.622.331 INFO root: 1011 1111 0111 1111 1111 1101 1111 0111 0111 1111 1011 1111 1111 1111 1111 1111# after SR MC SR
00:22:44.623.331 INFO root: 1111 0100 1111 1000 1010 0100 0000 1001 0100 1000 1010 1111 0000 1111 1001 0100# after SSB
00:22:44.623.332 INFO root: 1101 0111 0010 0000 0000 1111 0111 1011 0111 1100 0110 1001 1000 0000 0000 1101# after SR MC SR
00:22:44.624.332 INFO root: 0000 0010 0101 0000 0000 0000 0000 0000 0000 0000 0000 0100 1000 1000 0000 0000# after SSB
00:22:44.625.333 INFO root: 0000 0000 0000 0000 0000 0000 0000 0000 0000 0000 0000 0111 0000 0000 0000 1011# after SR MC SR
00:22:44.625.333 INFO root: 
00:22:44.625.333 INFO root: new trail: 0000110100000111 -> 0000000001111011
00:22:44.631.339 INFO root: #trails 16 
00:22:44.631.339 INFO root: mask pair #935 / 65025: 0001011100010110 0000101000000001anfI_max <DenseSet hash=0db458ecc1f8ed9b n=16 wt=116 | 3:5 4:33 5:58 6:20> anfO_max <DenseSet hash=884ce6c81dd484b6 n=16 wt=85 | 3:3 4:17 5:42 6:23>
00:22:50.200.909 INFO root: solving SAT...
00:23:14.786.494 INFO root: SAT solve time: 24.585139751434326
00:23:14.787.495 INFO root: SAT_times: 12.3 - 121.3, avg 54.1 med 48.3
00:23:14.787.495 INFO root: middle division transition ~1011000000001011 -> 1101101100000000 (~6 -> 6)
00:23:14.787.496 INFO root: mid transition: 1011000000001011 1101101100000000 6 6
00:23:14.787.496 INFO root: full trace:
00:23:14.788.496 INFO root: 1111 1111 1111 0100 1111 1111 1111 1111 1111 1111 1111 1111 1111 1111 1111 0100# initial
00:23:14.789.497 INFO root: 1111 1111 1111 0111 1111 1111 1101 1101 1111 1101 1011 1111 1111 1101 1111 1111# after SR MC SR
00:23:14.789.497 INFO root: 1111 1000 0000 1111 1111 1111 1111 0000 1111 0100 0010 0100 1111 0000 1010 1100# after SSB
00:23:14.790.498 INFO root: 0111 1111 0101 1100 1011 0000 1011 0111 0000 1011 1100 0000 0111 1011 1101 1010# after SR MC SR
00:23:14.790.498 INFO root: 0000 0000 0000 0000 1000 0100 0000 0000 0000 0010 0100 0000 0000 0000 1000 1000# after SSB
00:23:14.791.499 INFO root: 0000 0000 0000 1101 0000 0000 0000 1011 0000 0000 0000 0000 0000 0000 0000 0000# after SR MC SR
00:23:14.791.499 INFO root: 
00:23:14.791.499 INFO root: new trail: 1011000000001011 -> 1101101100000000
00:23:14.801.510 INFO root: #trails 17 
00:23:14.802.510 INFO root: mask pair #1861 / 65025: 0111011100000001 0000000100011011anfI_max <DenseSet hash=2216c3d8ad9d912c n=16 wt=89 | 4:19 5:47 6:23> anfO_max <DenseSet hash=27b1926677d6c725 n=16 wt=80 | 3:5 4:14 5:36 6:25>
00:23:20.529.238 INFO root: solving SAT...
00:24:04.681.389 INFO root: SAT solve time: 44.15115237236023
00:24:04.681.390 INFO root: SAT_times: 12.3 - 121.3, avg 53.5 med 48.3
00:24:04.682.390 INFO root: middle division transition ~0000011111010000 -> 1011000000001001 (~6 -> 5)
00:24:04.682.390 INFO root: mid transition: 0000011111010000 1011000000001001 6 5
00:24:04.682.391 INFO root: full trace:
00:24:04.683.391 INFO root: 1111 1111 1111 1111 1111 1111 1111 1000 1111 1111 1111 0010 1111 1111 1111 1111# initial
00:24:04.683.392 INFO root: 1111 1101 1011 1111 1011 1011 1111 1111 1011 1111 1111 0111 1111 1111 1111 1111# after SR MC SR
00:24:04.684.392 INFO root: 1111 0000 1111 0010 1111 1100 1000 0111 0001 1101 0110 1111 0000 1111 1010 0010# after SSB
00:24:04.684.393 INFO root: 0111 0000 1011 0111 1100 0111 1010 0111 1011 0111 0000 0000 1100 1101 1011 0111# after SR MC SR
00:24:04.685.393 INFO root: 0000 0000 0000 0100 0001 0000 0000 0000 0001 0000 0000 0000 0000 1000 0100 0000# after SSB
00:24:04.685.394 INFO root: 0000 0000 0000 1011 0000 0000 0000 0000 0000 0000 0000 0000 0000 0000 0000 1001# after SR MC SR
00:24:04.685.394 INFO root: 
00:24:04.686.394 INFO root: new trail: 0000011111010000 -> 1011000000001001
00:24:04.690.398 INFO root: #trails 18 
00:24:04.690.399 INFO root: mask pair #2169 / 65025: 0001000101100000 0001101000001011anfI_max <DenseSet hash=1735a206e35e2b44 n=16 wt=105 | 3:2 4:10 5:77 6:16> anfO_max <DenseSet hash=825738baa78d9184 n=16 wt=83 | 2:1 3:4 4:20 5:38 6:20>
00:24:10.340.049 INFO root: solving SAT...
00:25:03.619.327 INFO root: SAT solve time: 53.2778217792511
00:25:03.619.327 INFO root: SAT_times: 12.3 - 121.3, avg 53.5 med 48.3
00:25:03.619.328 INFO root: middle division transition ~1011000010010000 -> 0000011100000111 (~5 -> 6)
00:25:03.619.328 INFO root: mid transition: 1011000010010000 0000011100000111 5 6
00:25:03.620.328 INFO root: full trace:
00:25:03.620.328 INFO root: 1111 1111 1111 0100 1111 1111 1111 1111 1111 1111 1111 0110 1111 1111 1111 1111# initial
00:25:03.620.329 INFO root: 1111 0111 1111 1111 1111 1111 1101 1111 1111 0111 1111 0111 1011 1111 1111 1111# after SR MC SR
00:25:03.621.329 INFO root: 1100 0000 1111 1010 1111 0010 0100 1000 0101 1111 0010 0101 0111 0011 0111 1111# after SSB
00:25:03.621.329 INFO root: 0111 0110 1101 1111 0000 0111 1110 1101 0111 1101 0011 0111 0111 0000 0100 0000# after SR MC SR
00:25:03.621.330 INFO root: 0000 0000 1000 0000 0000 0100 0000 0010 0010 0000 0001 0000 0000 0000 0000 0010# after SSB
00:25:03.622.330 INFO root: 0000 0000 0000 0000 0000 0000 0000 0111 0000 0000 0000 0000 0000 0000 0000 0111# after SR MC SR
00:25:03.622.330 INFO root: 
00:25:03.622.330 INFO root: new trail: 1011000010010000 -> 0000011100000111
00:25:03.646.354 INFO root: #trails 19 
00:25:03.646.355 INFO root: mask pair #5641 / 65025: 0110000000000110 0000000110101011anfI_max <DenseSet hash=b3baee12ca554252 n=16 wt=91 | 3:3 4:12 5:57 6:19> anfO_max <DenseSet hash=19899624b92f8273 n=16 wt=71 | 3:2 4:12 5:30 6:27>
00:25:09.678.386 INFO root: solving SAT...
00:25:28.868.576 INFO root: SAT solve time: 19.189690113067627
00:25:28.869.577 INFO root: SAT_times: 12.3 - 121.3, avg 51.8 med 48.3
00:25:28.869.577 INFO root: middle division transition ~0000101100000111 -> 1101000010100000 (~6 -> 5)
00:25:28.869.577 INFO root: mid transition: 0000101100000111 1101000010100000 6 5
00:25:28.869.578 INFO root: full trace:
00:25:28.870.578 INFO root: 1111 1111 1111 1111 1111 1111 1111 0100 1111 1111 1111 1111 1111 1111 1111 1000# initial
00:25:28.870.578 INFO root: 1011 1111 1111 1111 1111 1101 1111 0111 1111 1111 1011 1111 1111 1111 1111 1100# after SR MC SR
00:25:28.870.579 INFO root: 1010 1000 1000 0000 0101 1111 0100 1111 1110 0110 1000 0100 1111 0010 1111 0100# after SSB
00:25:28.871.579 INFO root: 1001 0000 1101 0000 0000 1101 0110 1110 1011 1011 0000 1111 1101 1011 1101 0000# after SR MC SR
00:25:28.871.579 INFO root: 0000 0000 0000 1000 1000 0000 0100 0000 0000 1000 0000 0100 0000 0000 0000 0000# after SSB
00:25:28.871.580 INFO root: 0000 0000 0000 1101 0000 0000 0000 0000 0000 0000 0000 1010 0000 0000 0000 0000# after SR MC SR
00:25:28.872.580 INFO root: 
00:25:28.872.580 INFO root: new trail: 0000101100000111 -> 1101000010100000
00:25:28.874.582 INFO root: #trails 20 
00:25:28.874.582 INFO root: mask pair #5770 / 65025: 0110011000010110 0000000110100000anfI_max <DenseSet hash=a6d5de7734f6f772 n=16 wt=102 | 3:2 4:24 5:56 6:20> anfO_max <DenseSet hash=58e87f75d3b79363 n=16 wt=84 | 3:4 4:21 5:37 6:22>
00:25:34.659.368 INFO root: solving SAT...
00:26:28.871.580 INFO root: SAT solve time: 54.211660861968994
00:26:28.872.580 INFO root: SAT_times: 12.3 - 121.3, avg 51.9 med 48.3
00:26:28.872.581 INFO root: middle division transition ~0111000000000111 -> 1101101100000000 (~6 -> 6)
00:26:28.873.581 INFO root: mid transition: 0111000000000111 1101101100000000 6 6
00:26:28.873.581 INFO root: full trace:
00:26:28.873.581 INFO root: 1111 1111 1111 1000 1111 1111 1111 1111 1111 1111 1111 1111 1111 1111 1111 1000# initial
00:26:28.873.582 INFO root: 1111 1111 1111 1011 1111 1111 1111 1011 1111 0111 1101 1111 0111 1110 1111 1111# after SR MC SR
00:26:28.874.582 INFO root: 1111 0101 1111 1110 1010 1111 0111 0100 0010 1111 0010 0100 0111 0000 0100 1011# after SSB
00:26:28.874.583 INFO root: 0111 0000 1011 1101 1111 1011 1001 0111 0000 1101 1011 0110 1100 0111 1110 0000# after SR MC SR
00:26:28.875.583 INFO root: 1000 0000 0000 0010 0100 0100 0000 0000 0000 0000 0001 0000 0000 0000 1000 0000# after SSB
00:26:28.875.583 INFO root: 0000 0000 0000 1101 0000 0000 0000 1011 0000 0000 0000 0000 0000 0000 0000 0000# after SR MC SR
00:26:28.875.583 INFO root: 
00:26:28.875.584 INFO root: new trail: 0111000000000111 -> 1101101100000000
00:26:28.919.627 INFO root: #trails 21 
00:26:28.919.627 INFO root: mask pair #10958 / 65025: 0001000100000000 1010000100001010anfI_max <DenseSet hash=bd76f5598cd603f2 n=16 wt=89 | 3:4 4:15 5:53 6:17> anfO_max <DenseSet hash=29651c616f305723 n=16 wt=79 | 3:2 4:13 5:43 6:21>
00:26:34.743.452 INFO root: solving SAT...
00:26:57.708.416 INFO root: SAT solve time: 22.9634952545166
00:26:57.708.416 INFO root: SAT_times: 12.3 - 121.3, avg 50.6 med 48.3
00:26:57.708.417 INFO root: middle division transition ~1100000000001101 -> 0111101100000000 (~5 -> 6)
00:26:57.709.417 INFO root: mid transition: 1100000000001101 0111101100000000 5 6
00:26:57.709.417 INFO root: full trace:
00:26:57.709.417 INFO root: 1111 1111 1111 0011 1111 1111 1111 1111 1111 1111 1111 1111 1111 1111 1111 0010# initial
00:26:57.710.418 INFO root: 1101 1111 1111 1111 1111 1111 1011 1101 1111 1101 0111 1111 1111 1111 1111 1111# after SR MC SR
00:26:57.710.418 INFO root: 1001 1000 0100 1000 1111 0100 1000 0011 1000 1111 1111 1000 1000 0111 0000 1111# after SSB
00:26:57.710.419 INFO root: 0000 1101 0001 0001 1000 0000 0111 1111 0111 1101 1111 0000 1010 1011 0000 1011# after SR MC SR
00:26:57.711.419 INFO root: 0000 0000 0000 1000 0100 1000 0000 0000 0000 0000 0100 0000 0000 0000 1000 0010# after SSB
00:26:57.711.419 INFO root: 0000 0000 0000 0111 0000 0000 0000 1011 0000 0000 0000 0000 0000 0000 0000 0000# after SR MC SR
00:26:57.711.420 INFO root: 
00:26:57.711.420 INFO root: new trail: 1100000000001101 -> 0111101100000000
00:26:57.828.536 INFO root: #trails 22 
00:26:57.828.537 INFO root: mask pair #30010 / 65025: 0000000000000110 0000000010100001anfI_max <DenseSet hash=68c34902e61fdf85 n=16 wt=92 | 3:2 4:18 5:64 6:8> anfO_max <DenseSet hash=f9982e082eadb740 n=16 wt=80 | 3:3 4:20 5:33 6:24>
00:27:03.718.426 INFO root: solving SAT...
00:28:39.769.477 INFO root: SAT solve time: 96.05030107498169
00:28:39.769.478 INFO root: SAT_times: 12.3 - 121.3, avg 52.6 med 48.3
00:28:39.770.478 INFO root: middle division transition ~0000101100001011 -> 0000110100001011 (~6 -> 6)
00:28:39.770.478 INFO root: mid transition: 0000101100001011 0000110100001011 6 6
00:28:39.770.478 INFO root: full trace:
00:28:39.770.478 INFO root: 1111 1111 1111 1111 1111 1111 1111 0100 1111 1111 1111 1111 1111 1111 1111 0100# initial
00:28:39.770.479 INFO root: 1111 1111 1101 1111 1111 0111 1111 1101 1011 1111 1011 1111 1111 1101 1111 1111# after SR MC SR
00:28:39.771.479 INFO root: 0100 1111 1010 0010 1000 1111 0000 1111 1111 0001 0111 1110 1000 0000 1111 0111# after SSB
00:28:39.771.479 INFO root: 1101 1101 1111 1010 1010 1011 1100 0111 0111 1110 1001 0111 0000 1110 0000 0000# after SR MC SR
00:28:39.771.480 INFO root: 1000 0000 1000 0000 0000 0100 0000 0100 0000 0000 0010 0000 0000 0010 0000 0000# after SSB
00:28:39.772.480 INFO root: 0000 0000 0000 0000 0000 0000 0000 1101 0000 0000 0000 0000 0000 0000 0000 1011# after SR MC SR
00:28:39.772.480 INFO root: 
00:28:39.772.480 INFO root: new trail: 0000101100001011 -> 0000110100001011
00:28:39.845.554 INFO root: #trails 23 
00:28:39.846.554 INFO root: mask pair #36799 / 65025: 0111011100010111 1010000000001011anfI_max <DenseSet hash=64d8783bcc7097be n=16 wt=99 | 3:4 4:23 5:53 6:19> anfO_max <DenseSet hash=421e8930ab1f714d n=16 wt=80 | 3:6 4:16 5:35 6:23>
00:28:45.854.562 INFO root: solving SAT...
00:30:21.294.003 INFO root: SAT solve time: 95.43986964225769
00:30:21.295.003 INFO root: SAT_times: 12.3 - 121.3, avg 54.3 med 49.3
00:30:21.295.004 INFO root: middle division transition ~0111000000000111 -> 0000101111000000 (~6 -> 5)
00:30:21.295.004 INFO root: mid transition: 0111000000000111 0000101111000000 6 5
00:30:21.296.004 INFO root: full trace:
00:30:21.296.004 INFO root: 1111 1111 1111 1000 1111 1111 1111 1111 1111 1111 1111 1111 1111 1111 1111 1000# initial
00:30:21.296.004 INFO root: 1101 1111 1111 1011 1111 1111 1110 1011 1111 0111 0111 1111 1111 1111 1111 1111# after SR MC SR
00:30:21.296.005 INFO root: 1011 1011 0001 0000 1111 0010 1110 0100 1001 0101 0100 1111 0100 1111 1110 1000# after SSB
00:30:21.297.005 INFO root: 0000 0110 0111 0111 1010 0000 0000 0000 1100 0111 0111 1111 1101 1011 1011 1101# after SR MC SR
00:30:21.297.005 INFO root: 1000 1000 0000 0000 0000 0000 0000 0000 0000 0000 0100 1000 0000 0000 0000 1000# after SSB
00:30:21.297.006 INFO root: 0000 0000 0000 0000 0000 0000 0000 1011 0000 0000 0000 1100 0000 0000 0000 0000# after SR MC SR
00:30:21.297.006 INFO root: 
00:30:21.298.006 INFO root: new trail: 0111000000000111 -> 0000101111000000
00:30:21.302.011 INFO root: #trails 24 
00:30:21.303.011 INFO root: mask pair #37389 / 65025: 0001011100010110 1010000000001010anfI_max <DenseSet hash=0db458ecc1f8ed9b n=16 wt=116 | 3:5 4:33 5:58 6:20> anfO_max <DenseSet hash=e25bc44c1ba9c480 n=16 wt=70 | 3:5 4:9 5:36 6:20>
00:30:26.210.918 INFO root: solving SAT...
00:30:45.550.258 INFO root: SAT solve time: 19.33931851387024
00:30:45.550.258 INFO root: SAT_times: 12.3 - 121.3, avg 52.9 med 48.3
00:30:45.550.259 INFO root: middle division transition ~0000011100001011 -> 0111000010100000 (~6 -> 5)
00:30:45.550.259 INFO root: mid transition: 0000011100001011 0111000010100000 6 5
00:30:45.551.259 INFO root: full trace:
00:30:45.551.259 INFO root: 1111 1111 1111 1111 1111 1111 1111 1000 1111 1111 1111 1111 1111 1111 1111 0100# initial
00:30:45.551.260 INFO root: 1101 1111 1100 1111 1111 1111 1111 1011 1110 1111 1111 1111 1111 1011 1111 1111# after SR MC SR
00:30:45.552.260 INFO root: 1011 1111 0100 1000 0101 1100 1000 1000 0001 1000 1100 1111 1100 0100 1111 0100# after SSB
00:30:45.552.260 INFO root: 0011 1000 1011 1101 1011 0100 0000 1011 0000 1101 1101 1111 1010 0000 1101 0000# after SR MC SR
00:30:45.552.260 INFO root: 0000 0100 0000 0100 0010 0000 0000 0000 0000 0000 0000 0010 0000 0000 0010 0000# after SSB
00:30:45.552.261 INFO root: 0000 0000 0000 0111 0000 0000 0000 0000 0000 0000 0000 1010 0000 0000 0000 0000# after SR MC SR
00:30:45.553.261 INFO root: 
00:30:45.553.261 INFO root: new trail: 0000011100001011 -> 0111000010100000
00:30:45.589.298 INFO root: #trails 25 
00:30:45.590.298 INFO root: mask pair #42709 / 65025: 0111000000000000 1010000000000000anfI_max <DenseSet hash=8e86f97a32b682a0 n=16 wt=72 | 3:11 4:22 5:23 6:16> anfO_max <DenseSet hash=4d700f45c27717be n=16 wt=76 | 3:9 4:32 5:27 6:8>
00:30:50.635.343 INFO root: solving SAT...
00:31:20.214.922 INFO root: SAT solve time: 29.57854676246643
00:31:20.214.923 INFO root: SAT_times: 12.3 - 121.3, avg 52.0 med 48.3
00:31:20.214.923 INFO root: middle division transition ~0000011110110000 -> 1011000000000111 (~6 -> 6)
00:31:20.215.923 INFO root: mid transition: 0000011110110000 1011000000000111 6 6
00:31:20.215.923 INFO root: full trace:
00:31:20.215.923 INFO root: 1111 1111 1111 1111 1111 1111 1111 1000 1111 1111 1111 0100 1111 1111 1111 1111# initial
00:31:20.215.924 INFO root: 1111 1011 1101 1111 1110 1101 1111 1111 1111 1111 1111 1111 1111 1111 1110 1101# after SR MC SR
00:31:20.216.924 INFO root: 1111 0100 0100 1011 1010 0010 1111 1111 1110 0010 0010 0111 1111 1000 0100 1101# after SSB
00:31:20.216.924 INFO root: 0000 0111 0101 1110 0111 1011 0000 1101 0001 0000 1101 1110 1111 0111 1101 1011# after SR MC SR
00:31:20.216.925 INFO root: 0000 0000 0000 1000 1000 0000 0000 1000 0010 0000 0000 0000 0000 0100 1000 0000# after SSB
00:31:20.217.925 INFO root: 0000 0000 0000 1011 0000 0000 0000 0000 0000 0000 0000 0000 0000 0000 0000 0111# after SR MC SR
00:31:20.217.925 INFO root: 
00:31:20.217.925 INFO root: new trail: 0000011110110000 -> 1011000000000111
00:31:20.221.929 INFO root: #trails 26 
00:31:20.221.930 INFO root: mask pair #43286 / 65025: 0000000000000110 0000000010111011anfI_max <DenseSet hash=68c34902e61fdf85 n=16 wt=92 | 3:2 4:18 5:64 6:8> anfO_max <DenseSet hash=c902998d92a5c4da n=16 wt=74 | 2:1 3:5 4:11 5:34 6:23>
00:31:25.182.891 INFO root: solving SAT...
00:31:34.232.940 INFO root: SAT solve time: 9.049282312393188
00:31:34.232.941 INFO root: SAT_times: 9.0 - 121.3, avg 50.5 med 46.9
00:31:34.233.941 INFO root: middle division transition ~0000000010110101 -> 0111110100000000 (~5 -> 6)
00:31:34.233.941 INFO root: mid transition: 0000000010110101 0111110100000000 5 6
00:31:34.233.941 INFO root: full trace:
00:31:34.233.942 INFO root: 1111 1111 1111 1111 1111 1111 1111 1111 1111 1111 1111 0100 1111 1111 1111 1010# initial
00:31:34.234.942 INFO root: 1011 0111 1111 1111 0111 1111 1111 1111 1111 1111 0111 1110 1111 1111 1111 1111# after SR MC SR
00:31:34.234.942 INFO root: 0100 0010 0100 1111 1000 1111 1111 1100 1000 0101 0100 1111 0001 0010 0100 0010# after SSB
00:31:34.234.943 INFO root: 1101 1101 1110 1101 0111 0010 1011 1010 0000 1000 0110 0100 0100 0000 0111 1000# after SR MC SR
00:31:34.235.943 INFO root: 0100 0000 0000 1000 0000 0000 0000 0000 0000 0010 1000 0000 0000 0000 1000 1000# after SSB
00:31:34.235.943 INFO root: 0000 0000 0000 0111 0000 0000 0000 1101 0000 0000 0000 0000 0000 0000 0000 0000# after SR MC SR
00:31:34.235.944 INFO root: 
00:31:34.235.944 INFO root: new trail: 0000000010110101 -> 0111110100000000
00:31:34.357.066 INFO root: #trails 27 
00:31:34.358.066 INFO root: mask pair #62728 / 65025: 0001000000000000 1010000110100000anfI_max <DenseSet hash=c624d6a10178ac83 n=16 wt=78 | 3:11 4:28 5:28 6:11> anfO_max <DenseSet hash=b3f21cf554c49615 n=16 wt=83 | 3:4 4:13 5:42 6:24>
00:31:39.467.175 INFO root: solving SAT...
00:32:00.959.668 INFO root: SAT solve time: 21.492275953292847
00:32:00.960.668 INFO root: SAT_times: 9.0 - 121.3, avg 49.4 med 46.9
00:32:00.960.668 INFO root: middle division transition ~0000101100001101 -> 0000110100001101 (~6 -> 6)
00:32:00.960.669 INFO root: mid transition: 0000101100001101 0000110100001101 6 6
00:32:00.961.669 INFO root: full trace:
00:32:00.961.669 INFO root: 1111 1111 1111 1111 1111 1111 1111 0100 1111 1111 1111 1111 1111 1111 1111 0010# initial
00:32:00.961.670 INFO root: 1011 1111 0111 1111 1111 0111 1111 0111 1111 1111 1111 1111 1111 1101 1111 1101# after SR MC SR
00:32:00.962.670 INFO root: 1111 0000 1111 1111 1100 0100 1111 0011 0010 0010 1111 0100 0010 1111 0100 0000# after SSB
00:32:00.962.670 INFO root: 1101 1001 0111 0000 0111 0111 1101 1010 1110 1100 1000 0100 1110 1110 0000 0011# after SR MC SR
00:32:00.962.671 INFO root: 0010 0000 0000 0000 0000 0001 0000 0010 0100 0000 0010 0000 0000 1000 0000 0000# after SSB
00:32:00.963.671 INFO root: 0000 0000 0000 0000 0000 0000 0000 1101 0000 0000 0000 0000 0000 0000 0000 1101# after SR MC SR
00:32:00.963.671 INFO root: 
00:32:00.963.671 INFO root: new trail: 0000101100001101 -> 0000110100001101
00:32:00.984.692 INFO root: 
00:32:00.984.693 INFO root: final SAT_times: 9.0 - 121.3, avg 49.4 med 46.9
00:32:00.985.693 INFO root: SAT_times all [9.049282312393188, 12.275991916656494, 12.48161244392395, 19.189690113067627, 19.33931851387024, 21.492275953292847, 22.9634952545166, 24.585139751434326, 28.15558934211731, 29.57854676246643, 31.665059328079224, 44.15115237236023, 45.31402540206909, 46.64794945716858, 46.86959791183472, 48.29871582984924, 49.345006227493286, 50.73090410232544, 50.98032522201538, 53.2778217792511, 54.211660861968994, 56.66043424606323, 65.0378565788269, 95.43986964225769, 96.05030107498169, 112.3538088798523, 116.29936718940735, 121.29526209831238]
00:32:00.985.693 INFO root: Trails:
00:32:00.985.694 INFO root: trail ~1011000010110000 -> 1011000000001011: 1111111111110100111111111111111111111111111101001111111111111111 1111111111110111101111111111111111111101111101111101111110111111 0000010011110110011110000010111101001100101100001111111110000101 0000101111111011101111110000110110111010011100001011000000000101 0000000001000100000000000000000010000100000000000000100000010000 0000000000001011000000000000000000000000000000000000000000001011
00:32:00.986.694 INFO root: trail ~0000001110110000 -> 0111000011000000: 1111111111111111111111111111110011111111111101001111111111111111 1111111111111111011111011111111111111111111101111111111111101110 1001010011110011100011001000100011101111010101011111010011110010 0000001100001101110101111011011110110111000100001100111011011011 0000000100001000000000000000000000000010000000001000000010000000 0000000000000111000000000000000000000000000011000000000000000000
00:32:00.986.694 INFO root: trail ~0000110110110000 -> 1011000000001101: 1111111111111111111111111111001011111111111101001111111111111111 1111111111111111101111011111111101111111111110111111111110110111 0000111111111111111111000010001010000100100110000110001001000000 1111001100000011110101111011000000001101000001101100000000011111 0000000000000100100000000000100000100000000000000000100000010000 0000000000001011000000000000000000000000000000000000000000001101
00:32:00.987.695 INFO root: trail ~0101000001110000 -> 0000101100001011: 1111111111111010111111111111111111111111111110001111111111111111 1111011111111111111111111011111111111111111111011011111111011111 1000110011110110111101000010010001000100000011110100111100101000 0000111010111011010101111101000000101001000000000000110111011110 1000000010010000000010000000000000000000000000000000000100000100 0000000000000000000000000000101100000000000000000000000000001011
00:32:00.987.695 INFO root: trail ~0000011110100000 -> 1101000000001101: 1111111111111111111111111111100011111111111101011111111111111111 1111111111111111101110111111111110111111111110111111111111111101 1111010011111000100010101111111101001111111101000000100011110000 0111000011101111101111011101000110010111110100000000110110111001 0000000010000100000000000000001001000100000000000000000000100000 0000000000001101000000000000000000000000000000000000000000001101
00:32:00.987.696 INFO root: trail ~0000110111010000 -> 0000100111010000: 1111111111111111111111111111001011111111111100101111111111111111 1111011101111111101110111111111111111111111101111111111111111101 1000101111111111011000010010000011111110010001001000110011010100 0000000011010111000110111110000001100111101101111011000110100011 0000000000000000000000101000000000000000010001000010000000000000 0000000000000000000000000000100100000000000011010000000000000000
00:32:00.988.696 INFO root: trail ~0000011100001011 -> 0000010101110000: 1111111111111111111111111111100011111111111111111111111111110100 0111111111101111111101111111111111111111110111111111110111111101 0100111101001000111110001000100001000000001010110010010000101111 0000000000001001110100001001110111110000111111010011000001110000 0100000000000000000000000100000000000000010000100010000000000000 0000000000000000000000000000010100000000000001110000000000000000
00:32:00.988.697 INFO root: trail ~0000101111010000 -> 1101011100000000: 1111111111111111111111111111010011111111111100101111111111111111 1111111001111111101110111111111111111111111111011111111111111110 1111001011110010110001011111000101000011010011001001001010001000 0000001110110000011000000001111100011001111001110111100010011101 0000000000000010010000100000000000000000000100000000000010000100 0000000000001101000000000000011100000000000000000000000000000000
00:32:00.989.697 INFO root: trail ~1101000011010000 -> 1100000000000111: 1111111111110010111111111111111111111111111100101111111111111111 1111101111111011011111111101111111111111111111010111111111111111 0000000100110111111111110100100010001111111100000010010010011111 1011000000001101000000001111011111000111011100000111011110111011 0000000000101000000000000000000010000000000000000000000101000000 0000000000001100000000000000000000000000000000000000000000000111
00:32:00.989.698 INFO root: trail ~0110110100000000 -> 1011000000000111: 1111111111111001111111111111001011111111111111111111111111111111 1111111111011111111111011011111111111111111111110111111111111101 1110001001000100011010000011111101111001000000101111111111111000 0011010011101110010011011011011001110111000111100000000001111101 0000000010000100001000000000001000000000000000000000010001000000 0000000000001011000000000000000000000000000000000000000000000111
00:32:00.990.698 INFO root: trail ~0000000011011011 -> 0000110100000111: 1111111111111111111111111111111111111111111100101111111111110100 1111111111111111110111111111110111111111101111011111110101111111 1000111101001001010010110010010011110110000101000010001010000010 0000101010011101000001110111010000000000101111100000010100110011 0000000000010000000000000000100000000000101000000000100000001000 0000000000000000000000000000110100000000000000000000000000000111
00:32:00.990.699 INFO root: trail ~0000110111010000 -> 0111000011010000: 1111111111111111111111111111001011111111111100101111111111111111 1111110101111111111101111111111110111111111111011111111110111111 0001100000011101111100000100110010000010111111111111111100100101 0000101111011011011001111101011101100000000011011101111111000000 0000100100001000010000000100000000001000000000000000000000000000 0000000000000111000000000000000000000000000011010000000000000000
00:32:00.991.699 INFO root: trail ~0111101100000000 -> 0000110100000111: 1111111111111000111111111111010011111111111111111111111111111111 1111111111111101111110111011111111011111111111111110111111111011 1000111110000001000111000101010000010010010010011111011011111000 0110111010000000101001011101000000000100000011101101101111110110 1000000000100000000001000000100000000000001000000000001000000000 0000000000000000000000000000110100000000000000000000000000000111
00:32:00.991.699 INFO root: trail ~0000000001111101 -> 0111101100000000: 1111111111111111111111111111111111111111111110001111111111110010 1110110111111111011111111111011111111111110111111111111111011111 1110100101111111000100110100001000011101000000101111111111110101 0111100111010111111110111011011100001101001001011011000000001101 0010000000000100001000000000000000000010100000000000000000000010 0000000000000111000000000000101100000000000000000000000000000000
00:32:00.992.700 INFO root: trail ~0101000000000111 -> 0111000001100000: 1111111111111010111111111111111111111111111111111111111111111000 0111111111111011111111111111111111111011110111111111111011111111 1110010111110010001001001000111111111110100001000010001010000010 0000101011111011000001110100011111010000000000001010110110111101 0000001000001000000100000010000000000000000000000000000010000000 0000000000000111000000000000000000000000000001100000000000000000
00:32:00.992.700 INFO root: trail ~0000110100000111 -> 0000000001111011: 1111111111111111111111111111001011111111111111111111111111111000 1011111101111111111111011111011101111111101111111111111111111111 1111010011111000101001000000100101001000101011110000111110010100 1101011100100000000011110111101101111100011010011000000000001101 0000001001010000000000000000000000000000000001001000100000000000 0000000000000000000000000000000000000000000001110000000000001011
00:32:00.993.701 INFO root: trail ~1011000000001011 -> 1101101100000000: 1111111111110100111111111111111111111111111111111111111111110100 1111111111110111111111111101110111111101101111111111110111111111 1111100000001111111111111111000011110100001001001111000010101100 0111111101011100101100001011011100001011110000000111101111011010 0000000000000000100001000000000000000010010000000000000010001000 0000000000001101000000000000101100000000000000000000000000000000
00:32:00.993.701 INFO root: trail ~0000011111010000 -> 1011000000001001: 1111111111111111111111111111100011111111111100101111111111111111 1111110110111111101110111111111110111111111101111111111111111111 1111000011110010111111001000011100011101011011110000111110100010 0111000010110111110001111010011110110111000000001100110110110111 0000000000000100000100000000000000010000000000000000100001000000 0000000000001011000000000000000000000000000000000000000000001001
00:32:00.994.702 INFO root: trail ~1011000010010000 -> 0000011100000111: 1111111111110100111111111111111111111111111101101111111111111111 1111011111111111111111111101111111110111111101111011111111111111 1100000011111010111100100100100001011111001001010111001101111111 0111011011011111000001111110110101111101001101110111000001000000 0000000010000000000001000000001000100000000100000000000000000010 0000000000000000000000000000011100000000000000000000000000000111
00:32:00.994.702 INFO root: trail ~0000101100000111 -> 1101000010100000: 1111111111111111111111111111010011111111111111111111111111111000 1011111111111111111111011111011111111111101111111111111111111100 1010100010000000010111110100111111100110100001001111001011110100 1001000011010000000011010110111010111011000011111101101111010000 0000000000001000100000000100000000001000000001000000000000000000 0000000000001101000000000000000000000000000010100000000000000000
00:32:00.995.703 INFO root: trail ~0111000000000111 -> 1101101100000000: 1111111111111000111111111111111111111111111111111111111111111000 1111111111111011111111111111101111110111110111110111111011111111 1111010111111110101011110111010000101111001001000111000001001011 0111000010111101111110111001011100001101101101101100011111100000 1000000000000010010001000000000000000000000100000000000010000000 0000000000001101000000000000101100000000000000000000000000000000
00:32:00.995.703 INFO root: trail ~1100000000001101 -> 0111101100000000: 1111111111110011111111111111111111111111111111111111111111110010 1101111111111111111111111011110111111101011111111111111111111111 1001100001001000111101001000001110001111111110001000011100001111 0000110100010001100000000111111101111101111100001010101100001011 0000000000001000010010000000000000000000010000000000000010000010 0000000000000111000000000000101100000000000000000000000000000000
00:32:00.996.704 INFO root: trail ~0000101100001011 -> 0000110100001011: 1111111111111111111111111111010011111111111111111111111111110100 1111111111011111111101111111110110111111101111111111110111111111 0100111110100010100011110000111111110001011111101000000011110111 1101110111111010101010111100011101111110100101110000111000000000 1000000010000000000001000000010000000000001000000000001000000000 0000000000000000000000000000110100000000000000000000000000001011
00:32:00.996.704 INFO root: trail ~0111000000000111 -> 0000101111000000: 1111111111111000111111111111111111111111111111111111111111111000 1101111111111011111111111110101111110111011111111111111111111111 1011101100010000111100101110010010010101010011110100111111101000 0000011001110111101000000000000011000111011111111101101110111101 1000100000000000000000000000000000000000010010000000000000001000 0000000000000000000000000000101100000000000011000000000000000000
00:32:00.997.705 INFO root: trail ~0000011100001011 -> 0111000010100000: 1111111111111111111111111111100011111111111111111111111111110100 1101111111001111111111111111101111101111111111111111101111111111 1011111101001000010111001000100000011000110011111100010011110100 0011100010111101101101000000101100001101110111111010000011010000 0000010000000100001000000000000000000000000000100000000000100000 0000000000000111000000000000000000000000000010100000000000000000
00:32:00.997.706 INFO root: trail ~0000011110110000 -> 1011000000000111: 1111111111111111111111111111100011111111111101001111111111111111 1111101111011111111011011111111111111111111111111111111111101101 1111010001001011101000101111111111100010001001111111100001001101 0000011101011110011110110000110100010000110111101111011111011011 0000000000001000100000000000100000100000000000000000010010000000 0000000000001011000000000000000000000000000000000000000000000111
00:32:00.998.706 INFO root: trail ~0000000010110101 -> 0111110100000000: 1111111111111111111111111111111111111111111101001111111111111010 1011011111111111011111111111111111111111011111101111111111111111 0100001001001111100011111111110010000101010011110001001001000010 1101110111101101011100101011101000001000011001000100000001111000 0100000000001000000000000000000000000010100000000000000010001000 0000000000000111000000000000110100000000000000000000000000000000
00:32:00.998.707 INFO root: trail ~0000101100001101 -> 0000110100001101: 1111111111111111111111111111010011111111111111111111111111110010 1011111101111111111101111111011111111111111111111111110111111101 1111000011111111110001001111001100100010111101000010111101000000 1101100101110000011101111101101011101100100001001110111000000011 0010000000000000000000010000001001000000001000000000100000000000 0000000000000000000000000000110100000000000000000000000000001101
00:32:00.999.707 INFO root: 
00:32:00.999.707 INFO root: Greedy:
00:32:01.016.724 INFO root: greedy iter, tocover 65025
00:32:09.091.799 INFO root: trail (Bin(0b0000001110110000, n=16), Bin(0b0111000011000000, n=16)) cnt 43008
00:32:09.164.872 INFO root: -----
00:32:09.164.872 INFO root: greedy iter, tocover 22017
00:32:09.908.617 INFO root: trail (Bin(0b0101000000000111, n=16), Bin(0b0111000001100000, n=16)) cnt 12672
00:32:09.941.649 INFO root: -----
00:32:09.941.649 INFO root: greedy iter, tocover 9345
00:32:10.311.019 INFO root: trail (Bin(0b1011000010010000, n=16), Bin(0b0000011100000111, n=16)) cnt 4240
00:32:10.324.032 INFO root: -----
00:32:10.324.032 INFO root: greedy iter, tocover 5105
00:32:10.508.216 INFO root: trail (Bin(0b1101000011010000, n=16), Bin(0b1100000000000111, n=16)) cnt 2106
00:32:10.515.223 INFO root: -----
00:32:10.515.223 INFO root: greedy iter, tocover 2999
00:32:10.618.326 INFO root: trail (Bin(0b0000011100001011, n=16), Bin(0b0000010101110000, n=16)) cnt 1266
00:32:10.622.330 INFO root: -----
00:32:10.622.331 INFO root: greedy iter, tocover 1733
00:32:10.687.395 INFO root: trail (Bin(0b0000110111010000, n=16), Bin(0b0000100111010000, n=16)) cnt 751
00:32:10.690.398 INFO root: -----
00:32:10.690.398 INFO root: greedy iter, tocover 982
00:32:10.725.433 INFO root: trail (Bin(0b0000011110100000, n=16), Bin(0b1101000000001101, n=16)) cnt 353
00:32:10.726.435 INFO root: -----
00:32:10.727.435 INFO root: greedy iter, tocover 629
00:32:10.749.457 INFO root: trail (Bin(0b0101000001110000, n=16), Bin(0b0000101100001011, n=16)) cnt 242
00:32:10.750.458 INFO root: -----
00:32:10.750.458 INFO root: greedy iter, tocover 387
00:32:10.764.473 INFO root: trail (Bin(0b0110110100000000, n=16), Bin(0b1011000000000111, n=16)) cnt 151
00:32:10.765.474 INFO root: -----
00:32:10.765.474 INFO root: greedy iter, tocover 236
00:32:10.775.484 INFO root: trail (Bin(0b0000000010110101, n=16), Bin(0b0111110100000000, n=16)) cnt 98
00:32:10.776.484 INFO root: -----
00:32:10.776.485 INFO root: greedy iter, tocover 138
00:32:10.782.490 INFO root: trail (Bin(0b0000101100000111, n=16), Bin(0b1101000010100000, n=16)) cnt 51
00:32:10.782.491 INFO root: -----
00:32:10.783.491 INFO root: greedy iter, tocover 87
00:32:10.786.494 INFO root: trail (Bin(0b1011000000001011, n=16), Bin(0b1101101100000000, n=16)) cnt 28
00:32:10.786.495 INFO root: -----
00:32:10.787.495 INFO root: greedy iter, tocover 59
00:32:10.789.497 INFO root: trail (Bin(0b0000110100000111, n=16), Bin(0b0000000001111011, n=16)) cnt 19
00:32:10.789.497 INFO root: -----
00:32:10.789.498 INFO root: greedy iter, tocover 40
00:32:10.791.499 INFO root: trail (Bin(0b0111101100000000, n=16), Bin(0b0000110100000111, n=16)) cnt 12
00:32:10.791.499 INFO root: -----
00:32:10.791.499 INFO root: greedy iter, tocover 28
00:32:10.793.501 INFO root: trail (Bin(0b0000101111010000, n=16), Bin(0b1101011100000000, n=16)) cnt 10
00:32:10.793.501 INFO root: -----
00:32:10.793.501 INFO root: greedy iter, tocover 18
00:32:10.794.502 INFO root: trail (Bin(0b0111000000000111, n=16), Bin(0b0000101111000000, n=16)) cnt 4
00:32:10.794.502 INFO root: -----
00:32:10.794.502 INFO root: greedy iter, tocover 14
00:32:10.795.503 INFO root: trail (Bin(0b0000101100001101, n=16), Bin(0b0000110100001101, n=16)) cnt 3
00:32:10.795.503 INFO root: -----
00:32:10.795.503 INFO root: greedy iter, tocover 11
00:32:10.796.504 INFO root: trail (Bin(0b0000011110110000, n=16), Bin(0b1011000000000111, n=16)) cnt 3
00:32:10.796.504 INFO root: -----
00:32:10.796.504 INFO root: greedy iter, tocover 8
00:32:10.796.505 INFO root: trail (Bin(0b0000011100001011, n=16), Bin(0b0111000010100000, n=16)) cnt 2
00:32:10.797.505 INFO root: -----
00:32:10.797.505 INFO root: greedy iter, tocover 6
00:32:10.797.506 INFO root: trail (Bin(0b0000101100001011, n=16), Bin(0b0000110100001011, n=16)) cnt 2
00:32:10.797.506 INFO root: -----
00:32:10.798.506 INFO root: greedy iter, tocover 4
00:32:10.798.506 INFO root: trail (Bin(0b0111000000000111, n=16), Bin(0b1101101100000000, n=16)) cnt 1
00:32:10.798.506 INFO root: -----
00:32:10.798.506 INFO root: greedy iter, tocover 3
00:32:10.798.507 INFO root: trail (Bin(0b0000011111010000, n=16), Bin(0b1011000000001001, n=16)) cnt 1
00:32:10.799.507 INFO root: -----
00:32:10.799.507 INFO root: greedy iter, tocover 2
00:32:10.799.507 INFO root: trail (Bin(0b0000110111010000, n=16), Bin(0b0111000011010000, n=16)) cnt 1
00:32:10.799.507 INFO root: -----
00:32:10.799.507 INFO root: greedy iter, tocover 1
00:32:10.799.508 INFO root: trail (Bin(0b1011000010110000, n=16), Bin(0b1011000000001011, n=16)) cnt 1
00:32:10.800.508 INFO root: -----
00:32:10.800.508 INFO root: chosen trails: 24
00:32:10.800.508 INFO root: trail ~0000001110110000 -> 0111000011000000: 1111111111111111111111111111110011111111111101001111111111111111 1111111111111111011111011111111111111111111101111111111111101110 1001010011110011100011001000100011101111010101011111010011110010 0000001100001101110101111011011110110111000100001100111011011011 0000000100001000000000000000000000000010000000001000000010000000 0000000000000111000000000000000000000000000011000000000000000000
00:32:10.801.509 INFO root: trail ~0101000000000111 -> 0111000001100000: 1111111111111010111111111111111111111111111111111111111111111000 0111111111111011111111111111111111111011110111111111111011111111 1110010111110010001001001000111111111110100001000010001010000010 0000101011111011000001110100011111010000000000001010110110111101 0000001000001000000100000010000000000000000000000000000010000000 0000000000000111000000000000000000000000000001100000000000000000
00:32:10.801.510 INFO root: trail ~1011000010010000 -> 0000011100000111: 1111111111110100111111111111111111111111111101101111111111111111 1111011111111111111111111101111111110111111101111011111111111111 1100000011111010111100100100100001011111001001010111001101111111 0111011011011111000001111110110101111101001101110111000001000000 0000000010000000000001000000001000100000000100000000000000000010 0000000000000000000000000000011100000000000000000000000000000111
00:32:10.802.510 INFO root: trail ~1101000011010000 -> 1100000000000111: 1111111111110010111111111111111111111111111100101111111111111111 1111101111111011011111111101111111111111111111010111111111111111 0000000100110111111111110100100010001111111100000010010010011111 1011000000001101000000001111011111000111011100000111011110111011 0000000000101000000000000000000010000000000000000000000101000000 0000000000001100000000000000000000000000000000000000000000000111
00:32:10.803.511 INFO root: trail ~0000011100001011 -> 0000010101110000: 1111111111111111111111111111100011111111111111111111111111110100 0111111111101111111101111111111111111111110111111111110111111101 0100111101001000111110001000100001000000001010110010010000101111 0000000000001001110100001001110111110000111111010011000001110000 0100000000000000000000000100000000000000010000100010000000000000 0000000000000000000000000000010100000000000001110000000000000000
00:32:10.803.512 INFO root: trail ~0000110111010000 -> 0000100111010000: 1111111111111111111111111111001011111111111100101111111111111111 1111011101111111101110111111111111111111111101111111111111111101 1000101111111111011000010010000011111110010001001000110011010100 0000000011010111000110111110000001100111101101111011000110100011 0000000000000000000000101000000000000000010001000010000000000000 0000000000000000000000000000100100000000000011010000000000000000
00:32:10.804.512 INFO root: trail ~0000011110100000 -> 1101000000001101: 1111111111111111111111111111100011111111111101011111111111111111 1111111111111111101110111111111110111111111110111111111111111101 1111010011111000100010101111111101001111111101000000100011110000 0111000011101111101111011101000110010111110100000000110110111001 0000000010000100000000000000001001000100000000000000000000100000 0000000000001101000000000000000000000000000000000000000000001101
00:32:10.804.513 INFO root: trail ~0101000001110000 -> 0000101100001011: 1111111111111010111111111111111111111111111110001111111111111111 1111011111111111111111111011111111111111111111011011111111011111 1000110011110110111101000010010001000100000011110100111100101000 0000111010111011010101111101000000101001000000000000110111011110 1000000010010000000010000000000000000000000000000000000100000100 0000000000000000000000000000101100000000000000000000000000001011
00:32:10.805.513 INFO root: trail ~0110110100000000 -> 1011000000000111: 1111111111111001111111111111001011111111111111111111111111111111 1111111111011111111111011011111111111111111111110111111111111101 1110001001000100011010000011111101111001000000101111111111111000 0011010011101110010011011011011001110111000111100000000001111101 0000000010000100001000000000001000000000000000000000010001000000 0000000000001011000000000000000000000000000000000000000000000111
00:32:10.806.514 INFO root: trail ~0000000010110101 -> 0111110100000000: 1111111111111111111111111111111111111111111101001111111111111010 1011011111111111011111111111111111111111011111101111111111111111 0100001001001111100011111111110010000101010011110001001001000010 1101110111101101011100101011101000001000011001000100000001111000 0100000000001000000000000000000000000010100000000000000010001000 0000000000000111000000000000110100000000000000000000000000000000
00:32:10.806.515 INFO root: trail ~0000101100000111 -> 1101000010100000: 1111111111111111111111111111010011111111111111111111111111111000 1011111111111111111111011111011111111111101111111111111111111100 1010100010000000010111110100111111100110100001001111001011110100 1001000011010000000011010110111010111011000011111101101111010000 0000000000001000100000000100000000001000000001000000000000000000 0000000000001101000000000000000000000000000010100000000000000000
00:32:10.807.515 INFO root: trail ~1011000000001011 -> 1101101100000000: 1111111111110100111111111111111111111111111111111111111111110100 1111111111110111111111111101110111111101101111111111110111111111 1111100000001111111111111111000011110100001001001111000010101100 0111111101011100101100001011011100001011110000000111101111011010 0000000000000000100001000000000000000010010000000000000010001000 0000000000001101000000000000101100000000000000000000000000000000
00:32:10.808.516 INFO root: trail ~0000110100000111 -> 0000000001111011: 1111111111111111111111111111001011111111111111111111111111111000 1011111101111111111111011111011101111111101111111111111111111111 1111010011111000101001000000100101001000101011110000111110010100 1101011100100000000011110111101101111100011010011000000000001101 0000001001010000000000000000000000000000000001001000100000000000 0000000000000000000000000000000000000000000001110000000000001011
00:32:10.808.517 INFO root: trail ~0111101100000000 -> 0000110100000111: 1111111111111000111111111111010011111111111111111111111111111111 1111111111111101111110111011111111011111111111111110111111111011 1000111110000001000111000101010000010010010010011111011011111000 0110111010000000101001011101000000000100000011101101101111110110 1000000000100000000001000000100000000000001000000000001000000000 0000000000000000000000000000110100000000000000000000000000000111
00:32:10.809.517 INFO root: trail ~0000101111010000 -> 1101011100000000: 1111111111111111111111111111010011111111111100101111111111111111 1111111001111111101110111111111111111111111111011111111111111110 1111001011110010110001011111000101000011010011001001001010001000 0000001110110000011000000001111100011001111001110111100010011101 0000000000000010010000100000000000000000000100000000000010000100 0000000000001101000000000000011100000000000000000000000000000000
00:32:10.809.518 INFO root: trail ~0111000000000111 -> 0000101111000000: 1111111111111000111111111111111111111111111111111111111111111000 1101111111111011111111111110101111110111011111111111111111111111 1011101100010000111100101110010010010101010011110100111111101000 0000011001110111101000000000000011000111011111111101101110111101 1000100000000000000000000000000000000000010010000000000000001000 0000000000000000000000000000101100000000000011000000000000000000
00:32:10.810.518 INFO root: trail ~0000101100001101 -> 0000110100001101: 1111111111111111111111111111010011111111111111111111111111110010 1011111101111111111101111111011111111111111111111111110111111101 1111000011111111110001001111001100100010111101000010111101000000 1101100101110000011101111101101011101100100001001110111000000011 0010000000000000000000010000001001000000001000000000100000000000 0000000000000000000000000000110100000000000000000000000000001101
00:32:10.811.519 INFO root: trail ~0000011110110000 -> 1011000000000111: 1111111111111111111111111111100011111111111101001111111111111111 1111101111011111111011011111111111111111111111111111111111101101 1111010001001011101000101111111111100010001001111111100001001101 0000011101011110011110110000110100010000110111101111011111011011 0000000000001000100000000000100000100000000000000000010010000000 0000000000001011000000000000000000000000000000000000000000000111
00:32:10.811.519 INFO root: trail ~0000011100001011 -> 0111000010100000: 1111111111111111111111111111100011111111111111111111111111110100 1101111111001111111111111111101111101111111111111111101111111111 1011111101001000010111001000100000011000110011111100010011110100 0011100010111101101101000000101100001101110111111010000011010000 0000010000000100001000000000000000000000000000100000000000100000 0000000000000111000000000000000000000000000010100000000000000000
00:32:10.812.520 INFO root: trail ~0000101100001011 -> 0000110100001011: 1111111111111111111111111111010011111111111111111111111111110100 1111111111011111111101111111110110111111101111111111110111111111 0100111110100010100011110000111111110001011111101000000011110111 1101110111111010101010111100011101111110100101110000111000000000 1000000010000000000001000000010000000000001000000000001000000000 0000000000000000000000000000110100000000000000000000000000001011
00:32:10.813.521 INFO root: trail ~0111000000000111 -> 1101101100000000: 1111111111111000111111111111111111111111111111111111111111111000 1111111111111011111111111111101111110111110111110111111011111111 1111010111111110101011110111010000101111001001000111000001001011 0111000010111101111110111001011100001101101101101100011111100000 1000000000000010010001000000000000000000000100000000000010000000 0000000000001101000000000000101100000000000000000000000000000000
00:32:10.813.522 INFO root: trail ~0000011111010000 -> 1011000000001001: 1111111111111111111111111111100011111111111100101111111111111111 1111110110111111101110111111111110111111111101111111111111111111 1111000011110010111111001000011100011101011011110000111110100010 0111000010110111110001111010011110110111000000001100110110110111 0000000000000100000100000000000000010000000000000000100001000000 0000000000001011000000000000000000000000000000000000000000001001
00:32:10.814.522 INFO root: trail ~0000110111010000 -> 0111000011010000: 1111111111111111111111111111001011111111111100101111111111111111 1111110101111111111101111111111110111111111111011111111110111111 0001100000011101111100000100110010000010111111111111111100100101 0000101111011011011001111101011101100000000011011101111111000000 0000100100001000010000000100000000001000000000000000000000000000 0000000000000111000000000000000000000000000011010000000000000000
00:32:10.815.523 INFO root: trail ~1011000010110000 -> 1011000000001011: 1111111111110100111111111111111111111111111101001111111111111111 1111111111110111101111111111111111111101111101111101111110111111 0000010011110110011110000010111101001100101100001111111110000101 0000101111111011101111110000110110111010011100001011000000000101 0000000001000100000000000000000010000100000000000000100000010000 0000000000001011000000000000000000000000000000000000000000001011
00:32:10.815.523 INFO root: end
