00:00:00.164.137 INFO root: added file handler at 2021-09-13.17:07:07
00:00:00.165.138 INFO root: columns 2 -> 0
00:00:02.981.954 INFO root: Constraints: 100101010
00:00:02.981.954 INFO root: cons_SSB_card = 1
00:00:02.982.955 INFO root: cons_SSB_box_lb = 0
00:00:02.982.955 INFO root: cons_SSB_box_ub = 0
00:00:02.982.955 INFO root: cons_SSB_lb = 1
00:00:02.982.955 INFO root: cons_SSB_ub = 0
00:00:02.982.955 INFO root: cons_MC_card = 1
00:00:02.983.956 INFO root: cons_MC_matching = 0
00:00:02.983.956 INFO root: cons_MC_lb = 1
00:00:02.983.956 INFO root: cons_MC_ub2 = 0
00:00:03.174.147 INFO root: full ssb
00:00:03.785.758 INFO root: computing SboxDivision.components_anf_closures.self_sboxC188DCAA77C45B94.args_068BA53CAF4BB89BC84341E5E0A9E860E078799A9E9F3CD8F2B19C3FC4CEC936
00:00:50.138.111 INFO root: save .cache/SboxDivision.components_anf_closures.self_sboxC188DCAA77C45B94.args_068BA53CAF4BB89BC84341E5E0A9E860E078799A9E9F3CD8F2B19C3FC4CEC936 succeeded
00:00:50.183.156 INFO root: anfsI 255
00:00:50.197.170 INFO root: load .cache/SboxDivision.components_anf_closures.self_sbox0F7EC76E48F1C66A.args_068BA53CAF4BB89BC84341E5E0A9E860E078799A9E9F3CD8F2B19C3FC4CEC936 succeeded
00:00:50.244.217 INFO root: anfsO 255
00:00:50.411.384 INFO root: load .cache/SboxDivision.cnf_lb.self_sbox391D96FD000E6C5B.args_068BA53CAF4BB89BC84341E5E0A9E860E078799A9E9F3CD8F2B19C3FC4CEC936 succeeded
00:00:55.188.161 INFO root: SSB round 2 column 0
00:00:56.484.457 INFO root: load .cache/SboxDivision.minimal_max.self_sbox0F7EC76E48F1C66A.args_068BA53CAF4BB89BC84341E5E0A9E860E078799A9E9F3CD8F2B19C3FC4CEC936 succeeded
00:01:06.608.581 INFO root: load .cache/SboxDivision.divcore.self_sbox0F7EC76E48F1C66A.args_068BA53CAF4BB89BC84341E5E0A9E860E078799A9E9F3CD8F2B19C3FC4CEC936 succeeded
00:01:17.398.371 INFO root: load .cache/SboxDivision.cnf_lb.self_sbox0F7EC76E48F1C66A.args_068BA53CAF4BB89BC84341E5E0A9E860E078799A9E9F3CD8F2B19C3FC4CEC936 succeeded
00:01:29.603.576 INFO root: SSB round 2 column 1
00:01:30.658.631 INFO root: load .cache/SboxDivision.minimal_max.self_sbox97CD3E51D99FE8E5.args_068BA53CAF4BB89BC84341E5E0A9E860E078799A9E9F3CD8F2B19C3FC4CEC936 succeeded
00:01:38.824.797 INFO root: load .cache/SboxDivision.divcore.self_sbox97CD3E51D99FE8E5.args_068BA53CAF4BB89BC84341E5E0A9E860E078799A9E9F3CD8F2B19C3FC4CEC936 succeeded
00:01:45.476.449 INFO root: load .cache/SboxDivision.cnf_lb.self_sbox97CD3E51D99FE8E5.args_068BA53CAF4BB89BC84341E5E0A9E860E078799A9E9F3CD8F2B19C3FC4CEC936 succeeded
00:01:59.148.121 INFO root: SSB round 2 column 2
00:02:00.066.039 INFO root: load .cache/SboxDivision.minimal_max.self_sboxFA83BF4B256071FB.args_068BA53CAF4BB89BC84341E5E0A9E860E078799A9E9F3CD8F2B19C3FC4CEC936 succeeded
00:02:07.923.896 INFO root: load .cache/SboxDivision.divcore.self_sboxFA83BF4B256071FB.args_068BA53CAF4BB89BC84341E5E0A9E860E078799A9E9F3CD8F2B19C3FC4CEC936 succeeded
00:02:13.986.959 INFO root: load .cache/SboxDivision.cnf_lb.self_sboxFA83BF4B256071FB.args_068BA53CAF4BB89BC84341E5E0A9E860E078799A9E9F3CD8F2B19C3FC4CEC936 succeeded
00:02:26.124.097 INFO root: SSB round 2 column 3
00:02:57.066.039 INFO root: SSB round 4 column 0
00:03:21.192.165 INFO root: SSB round 4 column 1
00:03:22.420.393 INFO root: load .cache/SboxDivision.minimal_max.self_sboxB5083D73B8917F33.args_068BA53CAF4BB89BC84341E5E0A9E860E078799A9E9F3CD8F2B19C3FC4CEC936 succeeded
00:03:30.616.589 INFO root: load .cache/SboxDivision.divcore.self_sboxB5083D73B8917F33.args_068BA53CAF4BB89BC84341E5E0A9E860E078799A9E9F3CD8F2B19C3FC4CEC936 succeeded
00:03:38.287.260 INFO root: load .cache/SboxDivision.cnf_lb.self_sboxB5083D73B8917F33.args_068BA53CAF4BB89BC84341E5E0A9E860E078799A9E9F3CD8F2B19C3FC4CEC936 succeeded
00:03:49.378.351 INFO root: SSB round 4 column 2
00:04:13.110.083 INFO root: SSB round 4 column 3
00:04:44.696.669 INFO root: mask pairs: 255 x 255 = 65025
00:04:44.696.669 INFO root: #trails 0 
00:04:44.697.670 INFO root: mask pair #1 / 65025: 0001011001100000 0000000010101011anfI_max <DenseSet hash=11f1850945b3f581 n=16 wt=94 | 3:2 4:12 5:57 6:23> anfO_max <DenseSet hash=d1d39055eb76490c n=16 wt=65 | 3:5 4:7 5:19 6:34>
00:04:56.625.598 INFO root: solving SAT...
00:05:49.592.565 INFO root: SAT solve time: 52.96622276306152
00:05:49.592.565 INFO root: SAT_times: 53.0 - 53.0, avg 53.0 med 53.0
00:05:49.593.566 INFO root: middle division transition ~1101000001110000 -> 1100000010010000 (~6 -> 4)
00:05:49.593.566 INFO root: mid transition: 1101000001110000 1100000010010000 6 4
00:05:49.593.566 INFO root: full trace:
00:05:49.594.567 INFO root: 1111 1111 0010 1111 1111 1111 1111 1111 1111 1111 1000 1111 1111 1111 1111 1111# initial
00:05:49.594.567 INFO root: 1101 1111 1011 1111 1111 1111 1111 1101 1011 1111 1111 1111 1111 1101 1111 1101# after SR MC SR
00:05:49.595.568 INFO root: 0010 1010 1111 0010 0100 1111 1001 0001 0001 1011 0101 1000 0100 0010 1000 0001# after SSB
00:05:49.595.568 INFO root: 1011 1011 0000 1110 0000 1011 0000 1110 1000 0000 0000 1101 1011 1100 0000 0111# after SR MC SR
00:05:49.596.569 INFO root: 0000 0000 0000 0000 0000 0100 0000 0100 0010 0000 0000 0000 0000 0000 0000 0100# after SSB
00:05:49.596.569 INFO root: 1100 0000 0000 0000 0000 0000 0000 0000 1001 0000 0000 0000 0000 0000 0000 0000# after SR MC SR
00:05:49.597.569 INFO root: 
00:05:49.597.570 INFO root: new trail: 1101000001110000 -> 1100000010010000
00:05:49.597.570 INFO root: #trails 1 
00:05:49.598.571 INFO root: mask pair #8 / 65025: 0111011101100111 0000101110101010anfI_max <DenseSet hash=f23a84863ac76418 n=16 wt=92 | 3:2 4:9 5:55 6:26> anfO_max <DenseSet hash=c725704f6e8fd319 n=16 wt=68 | 3:3 4:10 5:17 6:38>
00:05:56.541.513 INFO root: solving SAT...
00:06:46.313.286 INFO root: SAT solve time: 49.771552085876465
00:06:46.313.286 INFO root: SAT_times: 49.8 - 53.0, avg 51.4 med 53.0
00:06:46.314.287 INFO root: middle division transition ~0000011000001101 -> 0000101100001100 (~5 -> 5)
00:06:46.314.287 INFO root: mid transition: 0000011000001101 0000101100001100 5 5
00:06:46.314.287 INFO root: full trace:
00:06:46.315.288 INFO root: 1111 1111 1111 1111 1111 1111 1001 1111 1111 1111 1111 1111 1111 1111 0010 1111# initial
00:06:46.315.288 INFO root: 1111 1110 1111 1101 1111 1111 1111 1111 1111 0111 1111 1111 1011 1111 0111 1111# after SR MC SR
00:06:46.316.289 INFO root: 1111 0010 0101 0001 0100 1000 1010 1001 1011 0010 0011 1111 0100 1000 1111 1111# after SSB
00:06:46.316.289 INFO root: 1011 1011 1010 0001 1100 0111 1101 1010 0000 0000 1110 0000 1011 1011 1110 1011# after SR MC SR
00:06:46.317.290 INFO root: 0000 0010 0000 0100 0000 0000 1000 0000 0000 0000 0000 0000 0100 0000 0010 0000# after SSB
00:06:46.317.290 INFO root: 0000 0000 0000 0000 1011 0000 0000 0000 0000 0000 0000 0000 1100 0000 0000 0000# after SR MC SR
00:06:46.317.290 INFO root: 
00:06:46.318.290 INFO root: new trail: 0000011000001101 -> 0000101100001100
00:06:46.318.291 INFO root: #trails 2 
00:06:46.319.291 INFO root: mask pair #13 / 65025: 0110011001110000 1011000110111010anfI_max <DenseSet hash=38c315dcc1002b1e n=16 wt=80 | 3:2 4:2 5:43 6:33> anfO_max <DenseSet hash=50c977de7afb2d8d n=16 wt=82 | 3:4 4:10 5:40 6:28>
00:06:53.588.561 INFO root: solving SAT...
00:07:07.180.153 INFO root: SAT solve time: 13.591365814208984
00:07:07.180.153 INFO root: SAT_times: 13.6 - 53.0, avg 38.8 med 49.8
00:07:07.180.153 INFO root: middle division transition ~1011110100000000 -> 1011000011010000 (~6 -> 6)
00:07:07.181.154 INFO root: mid transition: 1011110100000000 1011000011010000 6 6
00:07:07.181.154 INFO root: full trace:
00:07:07.181.154 INFO root: 1111 1111 0100 1111 1111 1111 0010 1111 1111 1111 1111 1111 1111 1111 1111 1111# initial
00:07:07.182.154 INFO root: 1111 1111 1111 1111 1011 1101 1111 1111 1011 1111 1111 1011 1111 1111 1101 0111# after SR MC SR
00:07:07.182.155 INFO root: 1110 1101 0011 1111 0001 1011 0011 1010 0100 1111 1101 0010 0001 0010 1111 0000# after SSB
00:07:07.182.155 INFO root: 1101 0111 0000 1111 0000 0000 0111 0000 0111 1101 1011 1100 1101 1011 1001 1011# after SR MC SR
00:07:07.183.156 INFO root: 0010 0000 1000 0000 0000 0000 0000 0010 0000 0000 0000 0000 0000 1000 0000 1001# after SSB
00:07:07.183.156 INFO root: 1011 0000 0000 0000 0000 0000 0000 0000 1101 0000 0000 0000 0000 0000 0000 0000# after SR MC SR
00:07:07.183.156 INFO root: 
00:07:07.183.156 INFO root: new trail: 1011110100000000 -> 1011000011010000
00:07:07.184.157 INFO root: #trails 3 
00:07:07.184.157 INFO root: mask pair #20 / 65025: 0110011101100111 0000101110111011anfI_max <DenseSet hash=d0174f491c78365f n=16 wt=90 | 3:3 4:17 5:39 6:31> anfO_max <DenseSet hash=77ba68c5ca1fd581 n=16 wt=78 | 3:5 4:17 5:28 6:28>
00:07:14.025.998 INFO root: solving SAT...
00:08:34.398.371 INFO root: SAT solve time: 80.37254548072815
00:08:34.399.372 INFO root: SAT_times: 13.6 - 80.4, avg 49.2 med 53.0
00:08:34.399.372 INFO root: middle division transition ~0000110110110000 -> 0000011100001011 (~6 -> 6)
00:08:34.399.372 INFO root: mid transition: 0000110110110000 0000011100001011 6 6
00:08:34.400.373 INFO root: full trace:
00:08:34.400.373 INFO root: 1111 1111 1111 1111 1111 1111 0010 1111 1111 1111 0100 1111 1111 1111 1111 1111# initial
00:08:34.400.373 INFO root: 1101 1111 1111 1111 0111 1111 1111 1111 1111 1111 1011 0111 1111 1101 1110 1111# after SR MC SR
00:08:34.401.374 INFO root: 1110 1111 0010 0010 0100 0010 0100 0100 0000 1010 1011 1001 1111 1011 0111 1111# after SSB
00:08:34.401.374 INFO root: 1010 1010 1101 1011 1011 0011 0100 0111 0000 0000 1101 1110 1101 0111 0111 0000# after SR MC SR
00:08:34.401.374 INFO root: 0000 0000 0000 0001 0000 0000 0001 0000 0000 0100 0000 0001 0010 0000 0100 0000# after SSB
00:08:34.402.375 INFO root: 0000 0000 0000 0000 0111 0000 0000 0000 0000 0000 0000 0000 1011 0000 0000 0000# after SR MC SR
00:08:34.402.375 INFO root: 
00:08:34.402.375 INFO root: new trail: 0000110110110000 -> 0000011100001011
00:08:34.403.376 INFO root: #trails 4 
00:08:34.403.376 INFO root: mask pair #23 / 65025: 0000000100010001 0001000100000000anfI_max <DenseSet hash=58b46028bcc09c4d n=16 wt=81 | 3:1 4:14 5:40 6:26> anfO_max <DenseSet hash=cbdb95d6143c2555 n=16 wt=70 | 3:4 4:7 5:23 6:36>
00:08:41.295.268 INFO root: solving SAT...
00:09:03.703.676 INFO root: SAT solve time: 22.40796160697937
00:09:03.704.677 INFO root: SAT_times: 13.6 - 80.4, avg 43.8 med 49.8
00:09:03.704.677 INFO root: middle division transition ~0000000001011101 -> 0000011110110000 (~5 -> 6)
00:09:03.704.677 INFO root: mid transition: 0000000001011101 0000011110110000 5 6
00:09:03.705.678 INFO root: full trace:
00:09:03.705.678 INFO root: 1111 1111 1111 1111 1111 1111 1111 1111 1111 1111 1010 1111 1111 1111 0010 1111# initial
00:09:03.705.678 INFO root: 1111 1111 1111 1101 1111 1111 1111 1111 1111 0111 1101 1111 1011 1101 1111 1111# after SR MC SR
00:09:03.706.679 INFO root: 0100 1001 0010 1011 0100 0000 1001 0110 0101 0100 0010 0010 1111 1111 1111 1111# after SSB
00:09:03.706.679 INFO root: 0000 1101 1111 1101 1011 0000 1011 0000 1010 0000 1011 1101 0111 1110 0000 1101# after SR MC SR
00:09:03.707.679 INFO root: 0000 1100 1000 0000 0000 0000 0100 0010 0100 0000 0000 0000 0000 0000 0000 0000# after SSB
00:09:03.707.680 INFO root: 0000 0000 0000 0000 0111 0000 0000 0000 1011 0000 0000 0000 0000 0000 0000 0000# after SR MC SR
00:09:03.707.680 INFO root: 
00:09:03.707.680 INFO root: new trail: 0000000001011101 -> 0000011110110000
00:09:03.708.681 INFO root: #trails 5 
00:09:03.708.681 INFO root: mask pair #42 / 65025: 0001000000010000 0001101100000000anfI_max <DenseSet hash=1591899b62a2e738 n=16 wt=72 | 3:3 4:7 5:23 6:39> anfO_max <DenseSet hash=15a820b8b8862124 n=16 wt=90 | 3:4 4:22 5:46 6:18>
00:09:10.537.510 INFO root: solving SAT...
00:09:45.766.739 INFO root: SAT solve time: 35.229135274887085
00:09:45.767.740 INFO root: SAT_times: 13.6 - 80.4, avg 42.4 med 49.8
00:09:45.767.740 INFO root: middle division transition ~0111010100000000 -> 0011000001110000 (~5 -> 5)
00:09:45.767.740 INFO root: mid transition: 0111010100000000 0011000001110000 5 5
00:09:45.768.741 INFO root: full trace:
00:09:45.768.741 INFO root: 1111 1111 1000 1111 1111 1111 1010 1111 1111 1111 1111 1111 1111 1111 1111 1111# initial
00:09:45.769.742 INFO root: 1111 1111 1111 1111 1111 1101 1111 1111 1011 1111 1111 1011 1111 1111 0111 1110# after SR MC SR
00:09:45.769.742 INFO root: 0111 1111 0101 0010 0101 0010 1111 1000 1111 0100 0100 0100 1000 1100 0100 1000# after SSB
00:09:45.770.743 INFO root: 0000 1111 0000 1101 1011 1011 0000 0000 1011 0000 0111 0000 0101 1101 1110 1110# after SR MC SR
00:09:45.770.743 INFO root: 0000 0000 0000 0000 0000 0010 0000 1000 1000 0000 1000 0000 0000 1000 0000 0000# after SSB
00:09:45.770.743 INFO root: 0011 0000 0000 0000 0000 0000 0000 0000 0111 0000 0000 0000 0000 0000 0000 0000# after SR MC SR
00:09:45.771.744 INFO root: 
00:09:45.771.744 INFO root: new trail: 0111010100000000 -> 0011000001110000
00:09:45.772.745 INFO root: #trails 6 
00:09:45.772.745 INFO root: mask pair #95 / 65025: 0110011101110110 1010101100001010anfI_max <DenseSet hash=cfa6c3dd385c6182 n=16 wt=94 | 3:3 4:10 5:62 6:19> anfO_max <DenseSet hash=de37ba637447c100 n=16 wt=78 | 3:3 4:8 5:34 6:33>
00:09:52.874.847 INFO root: solving SAT...
00:10:37.330.303 INFO root: SAT solve time: 44.45564842224121
00:10:37.331.304 INFO root: SAT_times: 13.6 - 80.4, avg 42.7 med 44.5
00:10:37.331.304 INFO root: middle division transition ~1101000000001001 -> 0000110100000111 (~5 -> 6)
00:10:37.331.304 INFO root: mid transition: 1101000000001001 0000110100000111 5 6
00:10:37.332.305 INFO root: full trace:
00:10:37.332.305 INFO root: 1111 1111 0010 1111 1111 1111 1111 1111 1111 1111 1111 1111 1111 1111 0110 1111# initial
00:10:37.332.305 INFO root: 1111 1111 1111 1101 1111 0111 1101 1111 1101 1111 1111 1111 1111 1111 1111 0111# after SR MC SR
00:10:37.333.306 INFO root: 0100 1100 0010 1000 0100 1000 1010 0100 1111 1111 0011 0000 1010 0100 1111 1111# after SSB
00:10:37.333.306 INFO root: 0000 0101 0000 1101 1000 1011 0111 1110 0001 1101 1100 1011 0100 1101 0000 1101# after SR MC SR
00:10:37.334.307 INFO root: 0000 0010 0000 1000 0000 0000 0000 0000 0000 0010 0000 0100 0100 0000 1000 0000# after SSB
00:10:37.334.307 INFO root: 0000 0000 0000 0000 1101 0000 0000 0000 0000 0000 0000 0000 0111 0000 0000 0000# after SR MC SR
00:10:37.334.307 INFO root: 
00:10:37.335.308 INFO root: new trail: 1101000000001001 -> 0000110100000111
00:10:37.336.309 INFO root: #trails 7 
00:10:37.336.309 INFO root: mask pair #191 / 65025: 0110011101110110 1011000110100000anfI_max <DenseSet hash=cfa6c3dd385c6182 n=16 wt=94 | 3:3 4:10 5:62 6:19> anfO_max <DenseSet hash=ce81234de2986041 n=16 wt=78 | 3:2 4:14 5:33 6:29>
00:10:44.581.554 INFO root: solving SAT...
00:11:19.658.631 INFO root: SAT solve time: 35.07663941383362
00:11:19.658.631 INFO root: SAT_times: 13.6 - 80.4, avg 41.7 med 44.5
00:11:19.659.632 INFO root: middle division transition ~0000101110110000 -> 0000110110110000 (~6 -> 6)
00:11:19.659.632 INFO root: mid transition: 0000101110110000 0000110110110000 6 6
00:11:19.659.632 INFO root: full trace:
00:11:19.659.632 INFO root: 1111 1111 1111 1111 1111 1111 0100 1111 1111 1111 0100 1111 1111 1111 1111 1111# initial
00:11:19.660.633 INFO root: 1011 1111 1111 1111 1101 1111 1111 1101 1111 1111 1111 0111 1111 1011 1101 1111# after SR MC SR
00:11:19.660.633 INFO root: 0000 1010 0100 0100 0111 1111 1111 0000 1111 1000 1000 1000 0100 0010 0010 1111# after SSB
00:11:19.661.634 INFO root: 1011 1101 0000 0000 1011 1011 0000 0000 1110 1101 0111 0000 1110 1101 1010 0000# after SR MC SR
00:11:19.661.634 INFO root: 0000 0010 0001 0000 0000 0000 0000 0000 0010 0000 0000 0000 0110 0100 0000 0000# after SSB
00:11:19.661.634 INFO root: 0000 0000 0000 0000 1101 0000 0000 0000 1011 0000 0000 0000 0000 0000 0000 0000# after SR MC SR
00:11:19.662.635 INFO root: 
00:11:19.662.635 INFO root: new trail: 0000101110110000 -> 0000110110110000
00:11:19.664.637 INFO root: #trails 8 
00:11:19.665.638 INFO root: mask pair #438 / 65025: 0111000000010001 0001101110111010anfI_max <DenseSet hash=f0bd23f3515e946a n=16 wt=104 | 3:4 4:21 5:57 6:22> anfO_max <DenseSet hash=4bcbbf5593d1e134 n=16 wt=86 | 3:4 4:17 5:43 6:22>
00:11:26.891.864 INFO root: solving SAT...
00:11:54.303.276 INFO root: SAT solve time: 27.411052703857422
00:11:54.303.276 INFO root: SAT_times: 13.6 - 80.4, avg 40.1 med 35.2
00:11:54.304.277 INFO root: middle division transition ~0000000001100111 -> 1101101000000000 (~5 -> 5)
00:11:54.304.277 INFO root: mid transition: 0000000001100111 1101101000000000 5 5
00:11:54.304.277 INFO root: full trace:
00:11:54.305.278 INFO root: 1111 1111 1111 1111 1111 1111 1111 1111 1111 1111 1001 1111 1111 1111 1000 1111# initial
00:11:54.305.278 INFO root: 1111 1111 1111 1111 1111 1111 1110 1011 1111 0111 1101 1111 0111 1111 1111 1111# after SR MC SR
00:11:54.306.279 INFO root: 1100 0100 0010 0010 1111 0010 1000 0010 1011 0100 1010 0010 1101 1111 1000 1111# after SSB
00:11:54.306.279 INFO root: 1011 0000 1101 0000 0000 0110 0000 0011 1011 1111 1000 1101 0111 0111 1011 0010# after SR MC SR
00:11:54.307.280 INFO root: 0000 0010 0000 0000 0000 0100 0000 0000 0000 0000 0100 0000 0010 0000 0000 1000# after SSB
00:11:54.307.280 INFO root: 1101 0000 0000 0000 1010 0000 0000 0000 0000 0000 0000 0000 0000 0000 0000 0000# after SR MC SR
00:11:54.307.280 INFO root: 
00:11:54.308.281 INFO root: new trail: 0000000001100111 -> 1101101000000000
00:11:54.311.284 INFO root: #trails 9 
00:11:54.311.284 INFO root: mask pair #654 / 65025: 0001000100000000 1010000000000000anfI_max <DenseSet hash=bd76f5598cd603f2 n=16 wt=89 | 3:4 4:15 5:53 6:17> anfO_max <DenseSet hash=4d700f45c27717be n=16 wt=76 | 3:9 4:32 5:27 6:8>
00:12:01.707.680 INFO root: solving SAT...
00:13:33.728.701 INFO root: SAT solve time: 92.02012801170349
00:13:33.728.701 INFO root: SAT_times: 13.6 - 92.0, avg 45.3 med 44.5
00:13:33.729.702 INFO root: middle division transition ~0000011100000111 -> 0000000001111010 (~6 -> 5)
00:13:33.729.702 INFO root: mid transition: 0000011100000111 0000000001111010 6 5
00:13:33.729.702 INFO root: full trace:
00:13:33.730.703 INFO root: 1111 1111 1111 1111 1111 1111 1000 1111 1111 1111 1111 1111 1111 1111 1000 1111# initial
00:13:33.730.703 INFO root: 1111 1101 1111 0110 1101 1111 0111 1111 1111 1111 1111 1111 1111 1111 1011 1111# after SR MC SR
00:13:33.730.703 INFO root: 1101 0110 0001 0100 0100 1001 1010 1001 0010 1111 1101 1101 1111 0010 1100 1111# after SSB
00:13:33.731.704 INFO root: 0111 0111 0000 1011 1100 0000 1001 0111 0110 0111 0111 1110 0000 1011 1011 1110# after SR MC SR
00:13:33.731.704 INFO root: 0000 0000 1000 0100 1000 0000 0000 0100 0000 0000 0000 0000 0000 1000 0000 0000# after SSB
00:13:33.732.705 INFO root: 0000 0000 0000 0000 0000 0000 0000 0000 0111 0000 0000 0000 1010 0000 0000 0000# after SR MC SR
00:13:33.732.705 INFO root: 
00:13:33.732.705 INFO root: new trail: 0000011100000111 -> 0000000001111010
00:13:33.734.707 INFO root: #trails 10 
00:13:33.734.707 INFO root: mask pair #764 / 65025: 0111000100000000 0000101010100001anfI_max <DenseSet hash=008e7887ec8cffa5 n=16 wt=96 | 3:8 4:21 5:51 6:16> anfO_max <DenseSet hash=2e367860c36884c1 n=16 wt=77 | 3:6 4:18 5:31 6:22>
00:13:40.643.616 INFO root: solving SAT...
00:15:55.634.607 INFO root: SAT solve time: 134.98995566368103
00:15:55.634.607 INFO root: SAT_times: 13.6 - 135.0, avg 53.5 med 44.5
00:15:55.635.608 INFO root: middle division transition ~1011011100000000 -> 0111000000001011 (~6 -> 6)
00:15:55.635.608 INFO root: mid transition: 1011011100000000 0111000000001011 6 6
00:15:55.635.608 INFO root: full trace:
00:15:55.636.609 INFO root: 1111 1111 0100 1111 1111 1111 1000 1111 1111 1111 1111 1111 1111 1111 1111 1111# initial
00:15:55.636.609 INFO root: 1111 1111 1111 1111 1111 1011 1111 1111 1101 1111 1111 0010 1111 1111 1111 0111# after SR MC SR
00:15:55.637.610 INFO root: 0101 0010 1111 1001 1000 1000 1111 0010 1111 1111 1111 0001 0010 0010 1111 0001# after SSB
00:15:55.637.610 INFO root: 1011 1001 1100 0111 0000 0110 1110 1010 1101 0011 1101 1011 1011 0000 1100 1110# after SR MC SR
00:15:55.638.611 INFO root: 0000 0000 0000 1000 0100 0100 0000 0000 0000 0000 0001 0000 0000 0000 0010 1000# after SSB
00:15:55.638.611 INFO root: 0111 0000 0000 0000 0000 0000 0000 0000 0000 0000 0000 0000 1011 0000 0000 0000# after SR MC SR
00:15:55.638.611 INFO root: 
00:15:55.639.611 INFO root: new trail: 1011011100000000 -> 0111000000001011
00:15:55.644.617 INFO root: #trails 11 
00:15:55.644.617 INFO root: mask pair #1215 / 65025: 0000000000000110 0001101010111010anfI_max <DenseSet hash=68c34902e61fdf85 n=16 wt=92 | 3:2 4:18 5:64 6:8> anfO_max <DenseSet hash=9ccbba0f79827bb7 n=16 wt=76 | 3:6 4:9 5:42 6:19>
00:16:03.291.264 INFO root: solving SAT...
00:17:00.865.838 INFO root: SAT solve time: 57.57393407821655
00:17:00.866.839 INFO root: SAT_times: 13.6 - 135.0, avg 53.8 med 49.8
00:17:00.866.839 INFO root: middle division transition ~0000101111010000 -> 0111000000000111 (~6 -> 6)
00:17:00.866.839 INFO root: mid transition: 0000101111010000 0111000000000111 6 6
00:17:00.866.839 INFO root: full trace:
00:17:00.867.840 INFO root: 1111 1111 1111 1111 1111 1111 0100 1111 1111 1111 0010 1111 1111 1111 1111 1111# initial
00:17:00.867.840 INFO root: 1101 1101 1111 1111 1101 1111 1111 1011 1111 1111 1101 1101 1111 1111 1111 1111# after SR MC SR
00:17:00.867.840 INFO root: 0000 1111 0100 1001 1000 0010 0011 0010 1111 1010 1111 1111 1000 0100 0010 0000# after SSB
00:17:00.868.841 INFO root: 0110 0111 1011 0100 1010 0001 1101 0111 1011 1010 0000 0011 0000 0000 1111 0000# after SR MC SR
00:17:00.868.841 INFO root: 1000 0000 0000 0010 0000 0100 0000 0000 0000 0000 1000 0000 0000 0000 1010 0000# after SSB
00:17:00.868.841 INFO root: 0111 0000 0000 0000 0000 0000 0000 0000 0000 0000 0000 0000 0111 0000 0000 0000# after SR MC SR
00:17:00.868.841 INFO root: 
00:17:00.869.842 INFO root: new trail: 0000101111010000 -> 0111000000000111
00:17:00.877.850 INFO root: #trails 12 
00:17:00.878.851 INFO root: mask pair #2194 / 65025: 0111000001110111 1010000110111011anfI_max <DenseSet hash=9700d8b61a5940a2 n=16 wt=80 | 3:2 4:9 5:40 6:29> anfO_max <DenseSet hash=3bfe76d0150354cf n=16 wt=78 | 3:3 4:19 5:28 6:28>
00:17:08.215.188 INFO root: solving SAT...
00:17:59.451.424 INFO root: SAT solve time: 51.23553395271301
00:17:59.452.425 INFO root: SAT_times: 13.6 - 135.0, avg 53.6 med 49.8
00:17:59.452.425 INFO root: middle division transition ~0111000000001101 -> 1101110100000000 (~6 -> 6)
00:17:59.452.425 INFO root: mid transition: 0111000000001101 1101110100000000 6 6
00:17:59.453.425 INFO root: full trace:
00:17:59.453.426 INFO root: 1111 1111 1000 1111 1111 1111 1111 1111 1111 1111 1111 1111 1111 1111 0010 1111# initial
00:17:59.454.427 INFO root: 1111 1111 1011 1101 1111 1111 1111 1111 1011 0111 1111 1111 1011 1111 1111 1011# after SR MC SR
00:17:59.454.427 INFO root: 0010 1000 0101 0001 0000 0010 1000 0001 1111 1000 1111 0010 1001 1111 0010 0100# after SSB
00:17:59.455.428 INFO root: 1101 1101 0111 0000 0000 1111 0000 0000 1111 1101 1111 0000 0000 0000 0101 0000# after SR MC SR
00:17:59.455.428 INFO root: 0100 1000 0000 0000 0000 1000 0100 0000 0000 0000 0010 0000 0001 0000 0000 0000# after SSB
00:17:59.456.429 INFO root: 1101 0000 0000 0000 1101 0000 0000 0000 0000 0000 0000 0000 0000 0000 0000 0000# after SR MC SR
00:17:59.456.429 INFO root: 
00:17:59.456.429 INFO root: new trail: 0111000000001101 -> 1101110100000000
00:17:59.460.433 INFO root: #trails 13 
00:17:59.460.433 INFO root: mask pair #2452 / 65025: 0000000000000110 1010000010100001anfI_max <DenseSet hash=68c34902e61fdf85 n=16 wt=92 | 3:2 4:18 5:64 6:8> anfO_max <DenseSet hash=a19cbf40e27b0858 n=16 wt=84 | 3:2 4:21 5:35 6:26>
00:18:07.167.140 INFO root: solving SAT...
00:18:54.341.314 INFO root: SAT solve time: 47.173316955566406
00:18:54.341.314 INFO root: SAT_times: 13.6 - 135.0, avg 53.2 med 49.8
00:18:54.342.315 INFO root: middle division transition ~0000101100001011 -> 1101000000000111 (~6 -> 6)
00:18:54.342.315 INFO root: mid transition: 0000101100001011 1101000000000111 6 6
00:18:54.342.315 INFO root: full trace:
00:18:54.343.316 INFO root: 1111 1111 1111 1111 1111 1111 0100 1111 1111 1111 1111 1111 1111 1111 0100 1111# initial
00:18:54.343.316 INFO root: 1111 1111 1111 1011 1101 1111 1011 1111 1111 1110 1111 1101 1111 1111 1110 1111# after SR MC SR
00:18:54.344.317 INFO root: 1111 1100 1010 0001 1000 1111 1100 0010 1100 1111 1010 1110 1000 0010 1110 1000# after SSB
00:18:54.344.317 INFO root: 1011 1101 0000 0000 0110 1011 0111 1111 0000 1101 1000 1101 1011 1110 0000 1101# after SR MC SR
00:18:54.345.318 INFO root: 1000 0000 0000 0010 0000 0001 0000 0000 0000 0100 0000 0000 0000 0000 0001 0100# after SSB
00:18:54.345.318 INFO root: 1101 0000 0000 0000 0000 0000 0000 0000 0000 0000 0000 0000 0111 0000 0000 0000# after SR MC SR
00:18:54.345.318 INFO root: 
00:18:54.346.318 INFO root: new trail: 0000101100001011 -> 1101000000000111
00:18:54.347.320 INFO root: #trails 14 
00:18:54.347.320 INFO root: mask pair #2480 / 65025: 0000000000000110 0001101010110000anfI_max <DenseSet hash=68c34902e61fdf85 n=16 wt=92 | 3:2 4:18 5:64 6:8> anfO_max <DenseSet hash=3e6f4590e5ce5f62 n=16 wt=88 | 3:8 4:20 5:45 6:15>
00:19:01.275.248 INFO root: solving SAT...
00:19:37.555.528 INFO root: SAT solve time: 36.279324531555176
00:19:37.556.529 INFO root: SAT_times: 13.6 - 135.0, avg 52.0 med 47.2
00:19:37.556.529 INFO root: middle division transition ~0110000000001011 -> 0000000011010111 (~5 -> 6)
00:19:37.556.529 INFO root: mid transition: 0110000000001011 0000000011010111 5 6
00:19:37.556.529 INFO root: full trace:
00:19:37.557.530 INFO root: 1111 1111 1001 1111 1111 1111 1111 1111 1111 1111 1111 1111 1111 1111 0100 1111# initial
00:19:37.557.530 INFO root: 1111 1111 1011 0111 1111 1101 1101 1111 1111 1111 1111 1111 1110 1111 1111 1111# after SR MC SR
00:19:37.557.530 INFO root: 0101 1111 0010 1000 0111 0110 0010 0101 1111 1000 0001 0011 1111 0011 1000 1111# after SSB
00:19:37.558.531 INFO root: 0000 0111 0000 0000 1011 1110 1100 1011 0111 1110 0111 1101 0001 1011 1100 0111# after SR MC SR
00:19:37.558.531 INFO root: 0000 0000 1000 1001 0000 0000 0000 0000 0100 0010 0000 0000 0000 1000 0000 0000# after SSB
00:19:37.559.531 INFO root: 0000 0000 0000 0000 0000 0000 0000 0000 1101 0000 0000 0000 0111 0000 0000 0000# after SR MC SR
00:19:37.559.532 INFO root: 
00:19:37.559.532 INFO root: new trail: 0110000000001011 -> 0000000011010111
00:19:37.561.534 INFO root: #trails 15 
00:19:37.562.535 INFO root: mask pair #2695 / 65025: 0110011000010110 1010101010111010anfI_max <DenseSet hash=a6d5de7734f6f772 n=16 wt=102 | 3:2 4:24 5:56 6:20> anfO_max <DenseSet hash=bc188ecbca172006 n=16 wt=74 | 3:5 4:11 5:36 6:22>
00:19:44.814.787 INFO root: solving SAT...
00:21:05.297.269 INFO root: SAT solve time: 80.48152995109558
00:21:05.297.270 INFO root: SAT_times: 13.6 - 135.0, avg 53.8 med 49.8
00:21:05.297.270 INFO root: middle division transition ~0000101100000110 -> 0000011101110000 (~5 -> 6)
00:21:05.298.271 INFO root: mid transition: 0000101100000110 0000011101110000 5 6
00:21:05.298.271 INFO root: full trace:
00:21:05.298.271 INFO root: 1111 1111 1111 1111 1111 1111 0100 1111 1111 1111 1111 1111 1111 1111 1001 1111# initial
00:21:05.298.271 INFO root: 1111 0111 1111 1111 1011 1111 0111 1111 1111 1011 1111 1101 1111 1111 1111 1111# after SR MC SR
00:21:05.299.272 INFO root: 1000 0100 1000 1111 1011 0000 1000 1011 0101 1111 1111 0100 1111 0101 0100 0010# after SSB
00:21:05.299.272 INFO root: 1101 1011 1011 1100 0011 0000 1111 0000 0111 1101 0000 0000 0111 1101 0101 1010# after SR MC SR
00:21:05.300.273 INFO root: 0000 0000 0010 0000 0000 0000 0100 0000 0001 0000 0000 0001 0010 0010 0000 0000# after SSB
00:21:05.300.273 INFO root: 0000 0000 0000 0000 0111 0000 0000 0000 0111 0000 0000 0000 0000 0000 0000 0000# after SR MC SR
00:21:05.301.274 INFO root: 
00:21:05.301.274 INFO root: new trail: 0000101100000110 -> 0000011101110000
00:21:05.315.288 INFO root: #trails 16 
00:21:05.315.288 INFO root: mask pair #4964 / 65025: 0001000000000000 0000101110100001anfI_max <DenseSet hash=c624d6a10178ac83 n=16 wt=78 | 3:11 4:28 5:28 6:11> anfO_max <DenseSet hash=ccdfad3714fcd29f n=16 wt=81 | 3:2 4:17 5:45 6:17>
00:21:12.520.493 INFO root: solving SAT...
00:23:22.475.448 INFO root: SAT solve time: 129.95467925071716
00:23:22.476.449 INFO root: SAT_times: 13.6 - 135.0, avg 58.3 med 49.8
00:23:22.476.449 INFO root: middle division transition ~1011000000000111 -> 0000000010110111 (~6 -> 6)
00:23:22.476.449 INFO root: mid transition: 1011000000000111 0000000010110111 6 6
00:23:22.477.450 INFO root: full trace:
00:23:22.477.450 INFO root: 1111 1111 0100 1111 1111 1111 1111 1111 1111 1111 1111 1111 1111 1111 1000 1111# initial
00:23:22.478.451 INFO root: 1111 1111 0111 1110 1111 1011 1111 1111 1101 1011 1111 1111 1101 1111 1111 1111# after SR MC SR
00:23:22.478.451 INFO root: 1001 0000 0010 1111 1000 1111 1111 0101 1111 0100 1100 1111 0000 0010 0100 0100# after SSB
00:23:22.479.452 INFO root: 1011 0011 0000 0000 0000 1101 0000 1101 1010 1101 1101 1001 1111 0000 1111 0111# after SR MC SR
00:23:22.479.452 INFO root: 0000 0000 0100 0000 0010 0000 0000 1000 1000 0010 0000 0000 0000 0000 0001 0000# after SSB
00:23:22.480.453 INFO root: 0000 0000 0000 0000 0000 0000 0000 0000 1011 0000 0000 0000 0111 0000 0000 0000# after SR MC SR
00:23:22.480.453 INFO root: 
00:23:22.480.453 INFO root: new trail: 1011000000000111 -> 0000000010110111
00:23:22.510.483 INFO root: #trails 17 
00:23:22.510.483 INFO root: mask pair #7625 / 65025: 0000000000000110 1010000100010001anfI_max <DenseSet hash=68c34902e61fdf85 n=16 wt=92 | 3:2 4:18 5:64 6:8> anfO_max <DenseSet hash=aab55188535bafc1 n=16 wt=93 | 3:4 4:21 5:47 6:21>
00:23:33.321.294 INFO root: solving SAT...
00:24:33.464.437 INFO root: SAT solve time: 60.14161920547485
00:24:33.464.437 INFO root: SAT_times: 13.6 - 135.0, avg 58.4 med 51.2
00:24:33.465.438 INFO root: middle division transition ~0110000001110000 -> 0000011110110000 (~5 -> 6)
00:24:33.465.438 INFO root: mid transition: 0110000001110000 0000011110110000 5 6
00:24:33.466.439 INFO root: full trace:
00:24:33.466.439 INFO root: 1111 1111 1001 1111 1111 1111 1111 1111 1111 1111 1000 1111 1111 1111 1111 1111# initial
00:24:33.467.440 INFO root: 1101 1111 1011 1111 1111 1101 1111 1101 1111 1111 0111 1111 1111 1111 1111 1111# after SR MC SR
00:24:33.468.441 INFO root: 0110 0010 1111 1111 0101 0001 0001 0100 1111 1111 0100 1000 0100 1111 0001 0011# after SSB
00:24:33.469.442 INFO root: 0000 0000 1111 1101 1000 1011 1010 1011 1101 0111 1100 1101 0111 0010 0000 1110# after SR MC SR
00:24:33.469.442 INFO root: 0000 0100 0010 0000 0000 0000 1000 0001 0010 0000 0000 0010 0000 0000 0000 0000# after SSB
00:24:33.470.443 INFO root: 0000 0000 0000 0000 0111 0000 0000 0000 1011 0000 0000 0000 0000 0000 0000 0000# after SR MC SR
00:24:33.470.443 INFO root: 
00:24:33.471.444 INFO root: new trail: 0110000001110000 -> 0000011110110000
00:24:33.592.564 INFO root: #trails 18 
00:24:33.592.565 INFO root: mask pair #16461 / 65025: 0110000100000000 0000101110100001anfI_max <DenseSet hash=5763b703f91faa0c n=16 wt=96 | 3:2 4:15 5:58 6:21> anfO_max <DenseSet hash=ccdfad3714fcd29f n=16 wt=81 | 3:2 4:17 5:45 6:17>
00:24:43.049.022 INFO root: solving SAT...
00:25:39.087.060 INFO root: SAT solve time: 56.03831243515015
00:25:39.088.061 INFO root: SAT_times: 13.6 - 135.0, avg 58.3 med 51.2
00:25:39.088.061 INFO root: middle division transition ~0000011000001011 -> 1011000000001101 (~5 -> 6)
00:25:39.089.062 INFO root: mid transition: 0000011000001011 1011000000001101 5 6
00:25:39.089.062 INFO root: full trace:
00:25:39.089.062 INFO root: 1111 1111 1111 1111 1111 1111 1001 1111 1111 1111 1111 1111 1111 1111 0100 1111# initial
00:25:39.090.063 INFO root: 1111 0111 1111 1101 1011 1111 1011 1111 1111 1101 1111 1111 1111 1111 1111 1111# after SR MC SR
00:25:39.091.063 INFO root: 0100 0010 0100 0101 0100 1010 0100 1111 0010 1010 1111 1110 1111 1000 1000 1111# after SSB
00:25:39.091.064 INFO root: 1101 1110 1001 0000 0111 0111 1111 1001 0010 1100 0111 1011 0000 1101 0000 0010# after SR MC SR
00:25:39.092.065 INFO root: 0010 0000 0000 0100 0000 0010 0000 0000 0000 0100 1000 0000 0000 0000 0010 0000# after SSB
00:25:39.092.065 INFO root: 1011 0000 0000 0000 0000 0000 0000 0000 0000 0000 0000 0000 1101 0000 0000 0000# after SR MC SR
00:25:39.092.065 INFO root: 
00:25:39.093.066 INFO root: new trail: 0000011000001011 -> 1011000000001101
00:25:39.120.093 INFO root: #trails 19 
00:25:39.120.093 INFO root: mask pair #19179 / 65025: 0000000000000110 0000000110111011anfI_max <DenseSet hash=68c34902e61fdf85 n=16 wt=92 | 3:2 4:18 5:64 6:8> anfO_max <DenseSet hash=68fe5afbd11ac70c n=16 wt=76 | 3:6 4:20 5:26 6:24>
00:25:46.048.021 INFO root: solving SAT...
00:26:28.582.555 INFO root: SAT solve time: 42.53380560874939
00:26:28.583.556 INFO root: SAT_times: 13.6 - 135.0, avg 57.5 med 51.2
00:26:28.584.557 INFO root: middle division transition ~0000110110110000 -> 0000000010111101 (~6 -> 6)
00:26:28.584.557 INFO root: mid transition: 0000110110110000 0000000010111101 6 6
00:26:28.584.557 INFO root: full trace:
00:26:28.585.558 INFO root: 1111 1111 1111 1111 1111 1111 0010 1111 1111 1111 0100 1111 1111 1111 1111 1111# initial
00:26:28.585.558 INFO root: 1111 1011 1111 1111 1101 1111 1111 0111 1111 1111 0111 0111 1111 1110 1111 1111# after SR MC SR
00:26:28.586.559 INFO root: 1110 0010 0111 1001 1111 1111 0110 1001 1000 0100 1111 0001 0101 0001 0101 0010# after SSB
00:26:28.587.560 INFO root: 1011 0000 0000 0000 1010 1100 1101 0111 1110 0111 1011 0010 1101 1101 1011 1010# after SR MC SR
00:26:28.587.560 INFO root: 0000 0000 0000 0000 1000 0000 0000 0010 0010 0000 0000 0000 0000 0100 0110 0000# after SSB
00:26:28.588.561 INFO root: 0000 0000 0000 0000 0000 0000 0000 0000 1011 0000 0000 0000 1101 0000 0000 0000# after SR MC SR
00:26:28.588.561 INFO root: 
00:26:28.588.561 INFO root: new trail: 0000110110110000 -> 0000000010111101
00:26:28.596.569 INFO root: #trails 20 
00:26:28.597.570 INFO root: mask pair #19724 / 65025: 0000000001110110 0001101010110000anfI_max <DenseSet hash=87819fc915ff4819 n=16 wt=90 | 3:4 4:32 5:37 6:17> anfO_max <DenseSet hash=3e6f4590e5ce5f62 n=16 wt=88 | 3:8 4:20 5:45 6:15>
00:26:35.886.859 INFO root: solving SAT...
00:27:44.287.260 INFO root: SAT solve time: 68.40054726600647
00:27:44.288.260 INFO root: SAT_times: 13.6 - 135.0, avg 58.0 med 51.2
00:27:44.288.261 INFO root: middle division transition ~1101000001110000 -> 0000000011010111 (~6 -> 6)
00:27:44.288.261 INFO root: mid transition: 1101000001110000 0000000011010111 6 6
00:27:44.289.262 INFO root: full trace:
00:27:44.289.262 INFO root: 1111 1111 0010 1111 1111 1111 1111 1111 1111 1111 1000 1111 1111 1111 1111 1111# initial
00:27:44.290.263 INFO root: 0111 1111 0111 1111 1111 1001 1111 1100 1111 1111 1111 1111 1111 1111 1111 1111# after SR MC SR
00:27:44.290.263 INFO root: 0100 0010 0010 1111 1111 1111 1111 1111 0100 0010 0100 0010 0100 1000 0010 0001# after SSB
00:27:44.291.264 INFO root: 1101 1111 1011 1111 0000 0000 0000 0000 1000 0111 0110 0000 1011 0011 0111 0111# after SR MC SR
00:27:44.291.264 INFO root: 0000 0000 0010 1000 0010 0000 0000 0100 0000 0100 0000 0000 0000 0010 0000 0000# after SSB
00:27:44.292.265 INFO root: 0000 0000 0000 0000 0000 0000 0000 0000 1101 0000 0000 0000 0111 0000 0000 0000# after SR MC SR
00:27:44.292.265 INFO root: 
00:27:44.292.265 INFO root: new trail: 1101000001110000 -> 0000000011010111
00:27:44.335.308 INFO root: #trails 21 
00:27:44.335.308 INFO root: mask pair #23922 / 65025: 0110011101110110 1010000100010001anfI_max <DenseSet hash=cfa6c3dd385c6182 n=16 wt=94 | 3:3 4:10 5:62 6:19> anfO_max <DenseSet hash=aab55188535bafc1 n=16 wt=93 | 3:4 4:21 5:47 6:21>
00:27:51.919.892 INFO root: solving SAT...
00:28:22.324.297 INFO root: SAT solve time: 30.4041531085968
00:28:22.324.297 INFO root: SAT_times: 13.6 - 135.0, avg 56.8 med 51.2
00:28:22.325.298 INFO root: middle division transition ~0111000000000110 -> 0111110100000000 (~5 -> 6)
00:28:22.325.298 INFO root: mid transition: 0111000000000110 0111110100000000 5 6
00:28:22.325.298 INFO root: full trace:
00:28:22.325.298 INFO root: 1111 1111 1000 1111 1111 1111 1111 1111 1111 1111 1111 1111 1111 1111 1001 1111# initial
00:28:22.326.299 INFO root: 1111 1111 1101 0111 1111 1111 1111 1111 1101 0111 1111 1111 1111 1111 1111 0111# after SR MC SR
00:28:22.326.299 INFO root: 1110 0010 0010 0100 1001 1111 1101 1111 1111 1010 0011 1000 0100 1010 1111 0000# after SSB
00:28:22.326.299 INFO root: 1101 1011 1111 0000 0000 0111 1110 1101 0110 1011 0000 0111 1011 1110 0000 0101# after SR MC SR
00:28:22.327.300 INFO root: 1000 0100 0000 0000 0000 0010 1000 0000 0000 0000 1000 1000 0000 0000 0000 0000# after SSB
00:28:22.327.300 INFO root: 0111 0000 0000 0000 1101 0000 0000 0000 0000 0000 0000 0000 0000 0000 0000 0000# after SR MC SR
00:28:22.327.300 INFO root: 
00:28:22.327.300 INFO root: new trail: 0111000000000110 -> 0111110100000000
00:28:22.384.356 INFO root: #trails 22 
00:28:22.384.357 INFO root: mask pair #32715 / 65025: 0001000000000000 0001101000011011anfI_max <DenseSet hash=c624d6a10178ac83 n=16 wt=78 | 3:11 4:28 5:28 6:11> anfO_max <DenseSet hash=b3eb1dad9ff66f3f n=16 wt=71 | 3:6 4:17 5:25 6:23>
00:28:30.917.890 INFO root: solving SAT...
00:28:58.830.803 INFO root: SAT solve time: 27.91230535507202
00:28:58.831.804 INFO root: SAT_times: 13.6 - 135.0, avg 55.5 med 49.8
00:28:58.832.805 INFO root: middle division transition ~0000101100000111 -> 0000000011011011 (~6 -> 6)
00:28:58.833.806 INFO root: mid transition: 0000101100000111 0000000011011011 6 6
00:28:58.833.806 INFO root: full trace:
00:28:58.834.807 INFO root: 1111 1111 1111 1111 1111 1111 0100 1111 1111 1111 1111 1111 1111 1111 1000 1111# initial
00:28:58.835.808 INFO root: 1111 0111 1111 0111 1110 1111 0111 1111 1111 1111 1111 1111 1011 1111 1101 1111# after SR MC SR
00:28:58.836.809 INFO root: 1000 0100 1111 0001 0100 1001 1000 1111 1001 1111 0110 1111 1110 0010 0000 1111# after SSB
00:28:58.837.810 INFO root: 1101 0000 1001 1110 0111 0111 0000 1011 0111 0000 0000 0111 0111 0111 1110 1011# after SR MC SR
00:28:58.838.811 INFO root: 0000 0000 0000 0100 0001 0000 0000 0001 1000 0000 0000 0000 0000 0001 0010 0000# after SSB
00:28:58.838.811 INFO root: 0000 0000 0000 0000 0000 0000 0000 0000 1101 0000 0000 0000 1011 0000 0000 0000# after SR MC SR
00:28:58.839.812 INFO root: 
00:28:58.839.812 INFO root: new trail: 0000101100000111 -> 0000000011011011
00:28:59.056.029 INFO root: #trails 23 
00:28:59.080.053 INFO root: mask pair #53200 / 65025: 0001000000000110 0000000100000000anfI_max <DenseSet hash=f9f97c537cabb5de n=16 wt=84 | 3:1 4:9 5:59 6:15> anfO_max <DenseSet hash=e602ded485a2d8fc n=16 wt=77 | 3:5 4:19 5:42 6:11>
00:29:13.767.740 INFO root: solving SAT...
00:30:02.048.021 INFO root: SAT solve time: 48.2808632850647
00:30:02.049.022 INFO root: SAT_times: 13.6 - 135.0, avg 55.2 med 49.8
00:30:02.049.022 INFO root: middle division transition ~1010101100000000 -> 0111000000001101 (~5 -> 6)
00:30:02.049.022 INFO root: mid transition: 1010101100000000 0111000000001101 5 6
00:30:02.049.022 INFO root: full trace:
00:30:02.050.022 INFO root: 1111 1111 0101 1111 1111 1111 0100 1111 1111 1111 1111 1111 1111 1111 1111 1111# initial
00:30:02.050.023 INFO root: 1111 1111 1111 1111 1011 1110 1111 1111 1111 1111 1111 1011 1111 1111 1101 0111# after SR MC SR
00:30:02.050.023 INFO root: 1111 1111 1111 0100 1000 0011 0100 0011 0101 1111 1000 1000 0010 0010 0100 1100# after SSB
00:30:02.050.023 INFO root: 0010 1101 1011 1100 0110 1101 0000 0101 0000 1010 1101 0000 1101 1110 1010 1101# after SR MC SR
00:30:02.051.024 INFO root: 1001 0000 0000 0010 0000 0001 0000 0000 0000 0100 0000 0000 0000 0000 0100 0000# after SSB
00:30:02.051.024 INFO root: 0111 0000 0000 0000 0000 0000 0000 0000 0000 0000 0000 0000 1101 0000 0000 0000# after SR MC SR
00:30:02.051.024 INFO root: 
00:30:02.052.025 INFO root: new trail: 1010101100000000 -> 0111000000001101
00:30:02.064.036 INFO root: #trails 24 
00:30:02.064.037 INFO root: mask pair #54948 / 65025: 0111011100000111 0001101110110000anfI_max <DenseSet hash=74d8fa3002e40f78 n=16 wt=100 | 3:4 4:22 5:55 6:19> anfO_max <DenseSet hash=e8a3b6b66bb44fb5 n=16 wt=90 | 3:7 4:24 5:43 6:16>
00:30:09.225.198 INFO root: solving SAT...
00:30:43.149.122 INFO root: SAT solve time: 33.924264907836914
00:30:43.150.123 INFO root: SAT_times: 13.6 - 135.0, avg 54.3 med 48.3
00:30:43.150.123 INFO root: middle division transition ~0000000011011011 -> 0000000011010111 (~6 -> 6)
00:30:43.150.123 INFO root: mid transition: 0000000011011011 0000000011010111 6 6
00:30:43.151.124 INFO root: full trace:
00:30:43.151.124 INFO root: 1111 1111 1111 1111 1111 1111 1111 1111 1111 1111 0010 1111 1111 1111 0100 1111# initial
00:30:43.151.124 INFO root: 1101 1111 1111 0111 1111 1111 1101 1110 1111 1111 1111 1111 1101 1011 1111 1111# after SR MC SR
00:30:43.152.125 INFO root: 0000 0001 1111 1000 0010 1111 1110 0010 1100 0110 0100 0001 1111 1111 0100 0010# after SSB
00:30:43.152.125 INFO root: 0000 0111 0110 0000 1111 1011 0000 0000 1101 0111 0111 0000 0011 1101 1001 1011# after SR MC SR
00:30:43.153.125 INFO root: 0000 0000 0010 0001 0010 0000 0000 0000 0100 0001 0000 0000 0000 1000 0000 0000# after SSB
00:30:43.153.126 INFO root: 0000 0000 0000 0000 0000 0000 0000 0000 1101 0000 0000 0000 0111 0000 0000 0000# after SR MC SR
00:30:43.153.126 INFO root: 
00:30:43.153.126 INFO root: new trail: 0000000011011011 -> 0000000011010111
00:30:43.217.190 INFO root: 
00:30:43.218.190 INFO root: final SAT_times: 13.6 - 135.0, avg 54.3 med 48.3
00:30:43.218.191 INFO root: SAT_times all [13.591365814208984, 22.40796160697937, 27.411052703857422, 27.91230535507202, 30.4041531085968, 33.924264907836914, 35.07663941383362, 35.229135274887085, 36.279324531555176, 42.53380560874939, 44.45564842224121, 47.173316955566406, 48.2808632850647, 49.771552085876465, 51.23553395271301, 52.96622276306152, 56.03831243515015, 57.57393407821655, 60.14161920547485, 68.40054726600647, 80.37254548072815, 80.48152995109558, 92.02012801170349, 129.95467925071716, 134.98995566368103]
00:30:43.218.191 INFO root: Trails:
00:30:43.218.191 INFO root: trail ~1101000001110000 -> 1100000010010000: 1111111100101111111111111111111111111111100011111111111111111111 1101111110111111111111111111110110111111111111111111110111111101 0010101011110010010011111001000100011011010110000100001010000001 1011101100001110000010110000111010000000000011011011110000000111 0000000000000000000001000000010000100000000000000000000000000100 1100000000000000000000000000000010010000000000000000000000000000
00:30:43.219.192 INFO root: trail ~0000011000001101 -> 0000101100001100: 1111111111111111111111111001111111111111111111111111111100101111 1111111011111101111111111111111111110111111111111011111101111111 1111001001010001010010001010100110110010001111110100100011111111 1011101110100001110001111101101000000000111000001011101111101011 0000001000000100000000001000000000000000000000000100000000100000 0000000000000000101100000000000000000000000000001100000000000000
00:30:43.219.192 INFO root: trail ~1011110100000000 -> 1011000011010000: 1111111101001111111111110010111111111111111111111111111111111111 1111111111111111101111011111111110111111111110111111111111010111 1110110100111111000110110011101001001111110100100001001011110000 1101011100001111000000000111000001111101101111001101101110011011 0010000010000000000000000000001000000000000000000000100000001001 1011000000000000000000000000000011010000000000000000000000000000
00:30:43.220.193 INFO root: trail ~0000110110110000 -> 0000011100001011: 1111111111111111111111110010111111111111010011111111111111111111 1101111111111111011111111111111111111111101101111111110111101111 1110111100100010010000100100010000001010101110011111101101111111 1010101011011011101100110100011100000000110111101101011101110000 0000000000000001000000000001000000000100000000010010000001000000 0000000000000000011100000000000000000000000000001011000000000000
00:30:43.220.193 INFO root: trail ~0000000001011101 -> 0000011110110000: 1111111111111111111111111111111111111111101011111111111100101111 1111111111111101111111111111111111110111110111111011110111111111 0100100100101011010000001001011001010100001000101111111111111111 0000110111111101101100001011000010100000101111010111111000001101 0000110010000000000000000100001001000000000000000000000000000000 0000000000000000011100000000000010110000000000000000000000000000
00:30:43.221.194 INFO root: trail ~0111010100000000 -> 0011000001110000: 1111111110001111111111111010111111111111111111111111111111111111 1111111111111111111111011111111110111111111110111111111101111110 0111111101010010010100101111100011110100010001001000110001001000 0000111100001101101110110000000010110000011100000101110111101110 0000000000000000000000100000100010000000100000000000100000000000 0011000000000000000000000000000001110000000000000000000000000000
00:30:43.221.194 INFO root: trail ~1101000000001001 -> 0000110100000111: 1111111100101111111111111111111111111111111111111111111101101111 1111111111111101111101111101111111011111111111111111111111110111 0100110000101000010010001010010011111111001100001010010011111111 0000010100001101100010110111111000011101110010110100110100001101 0000001000001000000000000000000000000010000001000100000010000000 0000000000000000110100000000000000000000000000000111000000000000
00:30:43.222.195 INFO root: trail ~0000101110110000 -> 0000110110110000: 1111111111111111111111110100111111111111010011111111111111111111 1011111111111111110111111111110111111111111101111111101111011111 0000101001000100011111111111000011111000100010000100001000101111 1011110100000000101110110000000011101101011100001110110110100000 0000001000010000000000000000000000100000000000000110010000000000 0000000000000000110100000000000010110000000000000000000000000000
00:30:43.222.195 INFO root: trail ~0000000001100111 -> 1101101000000000: 1111111111111111111111111111111111111111100111111111111110001111 1111111111111111111111111110101111110111110111110111111111111111 1100010000100010111100101000001010110100101000101101111110001111 1011000011010000000001100000001110111111100011010111011110110010 0000001000000000000001000000000000000000010000000010000000001000 1101000000000000101000000000000000000000000000000000000000000000
00:30:43.223.196 INFO root: trail ~0000011100000111 -> 0000000001111010: 1111111111111111111111111000111111111111111111111111111110001111 1111110111110110110111110111111111111111111111111111111110111111 1101011000010100010010011010100100101111110111011111001011001111 0111011100001011110000001001011101100111011111100000101110111110 0000000010000100100000000000010000000000000000000000100000000000 0000000000000000000000000000000001110000000000001010000000000000
00:30:43.223.196 INFO root: trail ~1011011100000000 -> 0111000000001011: 1111111101001111111111111000111111111111111111111111111111111111 1111111111111111111110111111111111011111111100101111111111110111 0101001011111001100010001111001011111111111100010010001011110001 1011100111000111000001101110101011010011110110111011000011001110 0000000000001000010001000000000000000000000100000000000000101000 0111000000000000000000000000000000000000000000001011000000000000
00:30:43.224.197 INFO root: trail ~0000101111010000 -> 0111000000000111: 1111111111111111111111110100111111111111001011111111111111111111 1101110111111111110111111111101111111111110111011111111111111111 0000111101001001100000100011001011111010111111111000010000100000 0110011110110100101000011101011110111010000000110000000011110000 1000000000000010000001000000000000000000100000000000000010100000 0111000000000000000000000000000000000000000000000111000000000000
00:30:43.225.198 INFO root: trail ~0111000000001101 -> 1101110100000000: 1111111110001111111111111111111111111111111111111111111100101111 1111111110111101111111111111111110110111111111111011111111111011 0010100001010001000000101000000111111000111100101001111100100100 1101110101110000000011110000000011111101111100000000000001010000 0100100000000000000010000100000000000000001000000001000000000000 1101000000000000110100000000000000000000000000000000000000000000
00:30:43.225.198 INFO root: trail ~0000101100001011 -> 1101000000000111: 1111111111111111111111110100111111111111111111111111111101001111 1111111111111011110111111011111111111110111111011111111111101111 1111110010100001100011111100001011001111101011101000001011101000 1011110100000000011010110111111100001101100011011011111000001101 1000000000000010000000010000000000000100000000000000000000010100 1101000000000000000000000000000000000000000000000111000000000000
00:30:43.226.199 INFO root: trail ~0110000000001011 -> 0000000011010111: 1111111110011111111111111111111111111111111111111111111101001111 1111111110110111111111011101111111111111111111111110111111111111 0101111100101000011101100010010111111000000100111111001110001111 0000011100000000101111101100101101111110011111010001101111000111 0000000010001001000000000000000001000010000000000000100000000000 0000000000000000000000000000000011010000000000000111000000000000
00:30:43.226.199 INFO root: trail ~0000101100000110 -> 0000011101110000: 1111111111111111111111110100111111111111111111111111111110011111 1111011111111111101111110111111111111011111111011111111111111111 1000010010001111101100001000101101011111111101001111010101000010 1101101110111100001100001111000001111101000000000111110101011010 0000000000100000000000000100000000010000000000010010001000000000 0000000000000000011100000000000001110000000000000000000000000000
00:30:43.227.200 INFO root: trail ~1011000000000111 -> 0000000010110111: 1111111101001111111111111111111111111111111111111111111110001111 1111111101111110111110111111111111011011111111111101111111111111 1001000000101111100011111111010111110100110011110000001001000100 1011001100000000000011010000110110101101110110011111000011110111 0000000001000000001000000000100010000010000000000000000000010000 0000000000000000000000000000000010110000000000000111000000000000
00:30:43.228.201 INFO root: trail ~0110000001110000 -> 0000011110110000: 1111111110011111111111111111111111111111100011111111111111111111 1101111110111111111111011111110111111111011111111111111111111111 0110001011111111010100010001010011111111010010000100111100010011 0000000011111101100010111010101111010111110011010111001000001110 0000010000100000000000001000000100100000000000100000000000000000 0000000000000000011100000000000010110000000000000000000000000000
00:30:43.228.201 INFO root: trail ~0000011000001011 -> 1011000000001101: 1111111111111111111111111001111111111111111111111111111101001111 1111011111111101101111111011111111111101111111111111111111111111 0100001001000101010010100100111100101010111111101111100010001111 1101111010010000011101111111100100101100011110110000110100000010 0010000000000100000000100000000000000100100000000000000000100000 1011000000000000000000000000000000000000000000001101000000000000
00:30:43.229.202 INFO root: trail ~0000110110110000 -> 0000000010111101: 1111111111111111111111110010111111111111010011111111111111111111 1111101111111111110111111111011111111111011101111111111011111111 1110001001111001111111110110100110000100111100010101000101010010 1011000000000000101011001101011111100111101100101101110110111010 0000000000000000100000000000001000100000000000000000010001100000 0000000000000000000000000000000010110000000000001101000000000000
00:30:43.229.202 INFO root: trail ~1101000001110000 -> 0000000011010111: 1111111100101111111111111111111111111111100011111111111111111111 0111111101111111111110011111110011111111111111111111111111111111 0100001000101111111111111111111101000010010000100100100000100001 1101111110111111000000000000000010000111011000001011001101110111 0000000000101000001000000000010000000100000000000000001000000000 0000000000000000000000000000000011010000000000000111000000000000
00:30:43.230.203 INFO root: trail ~0111000000000110 -> 0111110100000000: 1111111110001111111111111111111111111111111111111111111110011111 1111111111010111111111111111111111010111111111111111111111110111 1110001000100100100111111101111111111010001110000100101011110000 1101101111110000000001111110110101101011000001111011111000000101 1000010000000000000000101000000000000000100010000000000000000000 0111000000000000110100000000000000000000000000000000000000000000
00:30:43.231.204 INFO root: trail ~0000101100000111 -> 0000000011011011: 1111111111111111111111110100111111111111111111111111111110001111 1111011111110111111011110111111111111111111111111011111111011111 1000010011110001010010011000111110011111011011111110001000001111 1101000010011110011101110000101101110000000001110111011111101011 0000000000000100000100000000000110000000000000000000000100100000 0000000000000000000000000000000011010000000000001011000000000000
00:30:43.231.204 INFO root: trail ~1010101100000000 -> 0111000000001101: 1111111101011111111111110100111111111111111111111111111111111111 1111111111111111101111101111111111111111111110111111111111010111 1111111111110100100000110100001101011111100010000010001001001100 0010110110111100011011010000010100001010110100001101111010101101 1001000000000010000000010000000000000100000000000000000001000000 0111000000000000000000000000000000000000000000001101000000000000
00:30:43.232.205 INFO root: trail ~0000000011011011 -> 0000000011010111: 1111111111111111111111111111111111111111001011111111111101001111 1101111111110111111111111101111011111111111111111101101111111111 0000000111111000001011111110001011000110010000011111111101000010 0000011101100000111110110000000011010111011100000011110110011011 0000000000100001001000000000000001000001000000000000100000000000 0000000000000000000000000000000011010000000000000111000000000000
00:30:43.232.205 INFO root: 
00:30:43.232.205 INFO root: Greedy:
00:30:43.249.222 INFO root: greedy iter, tocover 65025
00:30:52.064.037 INFO root: trail (Bin(0b0000000001100111, n=16), Bin(0b1101101000000000, n=16)) cnt 36864
00:30:52.151.124 INFO root: -----
00:30:52.151.124 INFO root: greedy iter, tocover 28161
00:30:53.085.058 INFO root: trail (Bin(0b0111010100000000, n=16), Bin(0b0011000001110000, n=16)) cnt 16128
00:30:53.129.102 INFO root: -----
00:30:53.129.102 INFO root: greedy iter, tocover 12033
00:30:53.539.512 INFO root: trail (Bin(0b0000011000001101, n=16), Bin(0b0000101100001100, n=16)) cnt 7056
00:30:53.555.528 INFO root: -----
00:30:53.555.528 INFO root: greedy iter, tocover 4977
00:30:53.726.699 INFO root: trail (Bin(0b1101000001110000, n=16), Bin(0b1100000010010000, n=16)) cnt 2304
00:30:53.733.706 INFO root: -----
00:30:53.734.707 INFO root: greedy iter, tocover 2673
00:30:53.825.798 INFO root: trail (Bin(0b0000101100000110, n=16), Bin(0b0000011101110000, n=16)) cnt 1166
00:30:53.829.802 INFO root: -----
00:30:53.829.802 INFO root: greedy iter, tocover 1507
00:30:53.880.853 INFO root: trail (Bin(0b1101000000001001, n=16), Bin(0b0000110100000111, n=16)) cnt 668
00:30:53.882.855 INFO root: -----
00:30:53.883.856 INFO root: greedy iter, tocover 839
00:30:53.911.884 INFO root: trail (Bin(0b1010101100000000, n=16), Bin(0b0111000000001101, n=16)) cnt 326
00:30:53.913.886 INFO root: -----
00:30:53.913.886 INFO root: greedy iter, tocover 513
00:30:53.932.905 INFO root: trail (Bin(0b0000011000001011, n=16), Bin(0b1011000000001101, n=16)) cnt 213
00:30:53.933.906 INFO root: -----
00:30:53.933.906 INFO root: greedy iter, tocover 300
00:30:53.944.917 INFO root: trail (Bin(0b0110000001110000, n=16), Bin(0b0000011110110000, n=16)) cnt 103
00:30:53.945.918 INFO root: -----
00:30:53.945.918 INFO root: greedy iter, tocover 197
00:30:53.953.925 INFO root: trail (Bin(0b0110000000001011, n=16), Bin(0b0000000011010111, n=16)) cnt 63
00:30:53.953.926 INFO root: -----
00:30:53.953.926 INFO root: greedy iter, tocover 134
00:30:53.958.931 INFO root: trail (Bin(0b0000000001011101, n=16), Bin(0b0000011110110000, n=16)) cnt 44
00:30:53.959.932 INFO root: -----
00:30:53.959.932 INFO root: greedy iter, tocover 90
00:30:53.963.936 INFO root: trail (Bin(0b0000110110110000, n=16), Bin(0b0000000010111101, n=16)) cnt 33
00:30:53.963.936 INFO root: -----
00:30:53.963.936 INFO root: greedy iter, tocover 57
00:30:53.966.939 INFO root: trail (Bin(0b0000101110110000, n=16), Bin(0b0000110110110000, n=16)) cnt 16
00:30:53.967.939 INFO root: -----
00:30:53.967.940 INFO root: greedy iter, tocover 41
00:30:53.968.941 INFO root: trail (Bin(0b0111000000000110, n=16), Bin(0b0111110100000000, n=16)) cnt 12
00:30:53.969.942 INFO root: -----
00:30:53.969.942 INFO root: greedy iter, tocover 29
00:30:53.970.943 INFO root: trail (Bin(0b0000101100001011, n=16), Bin(0b1101000000000111, n=16)) cnt 8
00:30:53.970.943 INFO root: -----
00:30:53.971.944 INFO root: greedy iter, tocover 21
00:30:53.972.945 INFO root: trail (Bin(0b1011000000000111, n=16), Bin(0b0000000010110111, n=16)) cnt 6
00:30:53.972.945 INFO root: -----
00:30:53.972.945 INFO root: greedy iter, tocover 15
00:30:53.973.946 INFO root: trail (Bin(0b0000000011011011, n=16), Bin(0b0000000011010111, n=16)) cnt 4
00:30:53.973.946 INFO root: -----
00:30:53.973.946 INFO root: greedy iter, tocover 11
00:30:53.974.947 INFO root: trail (Bin(0b0000011100000111, n=16), Bin(0b0000000001111010, n=16)) cnt 4
00:30:53.974.947 INFO root: -----
00:30:53.974.947 INFO root: greedy iter, tocover 7
00:30:53.975.948 INFO root: trail (Bin(0b0000101100000111, n=16), Bin(0b0000000011011011, n=16)) cnt 2
00:30:53.975.948 INFO root: -----
00:30:53.975.948 INFO root: greedy iter, tocover 5
00:30:53.976.948 INFO root: trail (Bin(0b0000101111010000, n=16), Bin(0b0111000000000111, n=16)) cnt 2
00:30:53.976.949 INFO root: -----
00:30:53.976.949 INFO root: greedy iter, tocover 3
00:30:53.976.949 INFO root: trail (Bin(0b0111000000001101, n=16), Bin(0b1101110100000000, n=16)) cnt 1
00:30:53.976.949 INFO root: -----
00:30:53.977.950 INFO root: greedy iter, tocover 2
00:30:53.977.950 INFO root: trail (Bin(0b1011011100000000, n=16), Bin(0b0111000000001011, n=16)) cnt 1
00:30:53.977.950 INFO root: -----
00:30:53.977.950 INFO root: greedy iter, tocover 1
00:30:53.978.951 INFO root: trail (Bin(0b0000110110110000, n=16), Bin(0b0000011100001011, n=16)) cnt 1
00:30:53.978.951 INFO root: -----
00:30:53.978.951 INFO root: chosen trails: 23
00:30:53.979.952 INFO root: trail ~0000000001100111 -> 1101101000000000: 1111111111111111111111111111111111111111100111111111111110001111 1111111111111111111111111110101111110111110111110111111111111111 1100010000100010111100101000001010110100101000101101111110001111 1011000011010000000001100000001110111111100011010111011110110010 0000001000000000000001000000000000000000010000000010000000001000 1101000000000000101000000000000000000000000000000000000000000000
00:30:53.980.953 INFO root: trail ~0111010100000000 -> 0011000001110000: 1111111110001111111111111010111111111111111111111111111111111111 1111111111111111111111011111111110111111111110111111111101111110 0111111101010010010100101111100011110100010001001000110001001000 0000111100001101101110110000000010110000011100000101110111101110 0000000000000000000000100000100010000000100000000000100000000000 0011000000000000000000000000000001110000000000000000000000000000
00:30:53.981.954 INFO root: trail ~0000011000001101 -> 0000101100001100: 1111111111111111111111111001111111111111111111111111111100101111 1111111011111101111111111111111111110111111111111011111101111111 1111001001010001010010001010100110110010001111110100100011111111 1011101110100001110001111101101000000000111000001011101111101011 0000001000000100000000001000000000000000000000000100000000100000 0000000000000000101100000000000000000000000000001100000000000000
00:30:53.982.955 INFO root: trail ~1101000001110000 -> 1100000010010000: 1111111100101111111111111111111111111111100011111111111111111111 1101111110111111111111111111110110111111111111111111110111111101 0010101011110010010011111001000100011011010110000100001010000001 1011101100001110000010110000111010000000000011011011110000000111 0000000000000000000001000000010000100000000000000000000000000100 1100000000000000000000000000000010010000000000000000000000000000
00:30:53.983.956 INFO root: trail ~0000101100000110 -> 0000011101110000: 1111111111111111111111110100111111111111111111111111111110011111 1111011111111111101111110111111111111011111111011111111111111111 1000010010001111101100001000101101011111111101001111010101000010 1101101110111100001100001111000001111101000000000111110101011010 0000000000100000000000000100000000010000000000010010001000000000 0000000000000000011100000000000001110000000000000000000000000000
00:30:53.984.957 INFO root: trail ~1101000000001001 -> 0000110100000111: 1111111100101111111111111111111111111111111111111111111101101111 1111111111111101111101111101111111011111111111111111111111110111 0100110000101000010010001010010011111111001100001010010011111111 0000010100001101100010110111111000011101110010110100110100001101 0000001000001000000000000000000000000010000001000100000010000000 0000000000000000110100000000000000000000000000000111000000000000
00:30:53.984.957 INFO root: trail ~1010101100000000 -> 0111000000001101: 1111111101011111111111110100111111111111111111111111111111111111 1111111111111111101111101111111111111111111110111111111111010111 1111111111110100100000110100001101011111100010000010001001001100 0010110110111100011011010000010100001010110100001101111010101101 1001000000000010000000010000000000000100000000000000000001000000 0111000000000000000000000000000000000000000000001101000000000000
00:30:53.985.958 INFO root: trail ~0000011000001011 -> 1011000000001101: 1111111111111111111111111001111111111111111111111111111101001111 1111011111111101101111111011111111111101111111111111111111111111 0100001001000101010010100100111100101010111111101111100010001111 1101111010010000011101111111100100101100011110110000110100000010 0010000000000100000000100000000000000100100000000000000000100000 1011000000000000000000000000000000000000000000001101000000000000
00:30:53.986.959 INFO root: trail ~0110000001110000 -> 0000011110110000: 1111111110011111111111111111111111111111100011111111111111111111 1101111110111111111111011111110111111111011111111111111111111111 0110001011111111010100010001010011111111010010000100111100010011 0000000011111101100010111010101111010111110011010111001000001110 0000010000100000000000001000000100100000000000100000000000000000 0000000000000000011100000000000010110000000000000000000000000000
00:30:53.986.959 INFO root: trail ~0110000000001011 -> 0000000011010111: 1111111110011111111111111111111111111111111111111111111101001111 1111111110110111111111011101111111111111111111111110111111111111 0101111100101000011101100010010111111000000100111111001110001111 0000011100000000101111101100101101111110011111010001101111000111 0000000010001001000000000000000001000010000000000000100000000000 0000000000000000000000000000000011010000000000000111000000000000
00:30:53.987.960 INFO root: trail ~0000000001011101 -> 0000011110110000: 1111111111111111111111111111111111111111101011111111111100101111 1111111111111101111111111111111111110111110111111011110111111111 0100100100101011010000001001011001010100001000101111111111111111 0000110111111101101100001011000010100000101111010111111000001101 0000110010000000000000000100001001000000000000000000000000000000 0000000000000000011100000000000010110000000000000000000000000000
00:30:53.988.961 INFO root: trail ~0000110110110000 -> 0000000010111101: 1111111111111111111111110010111111111111010011111111111111111111 1111101111111111110111111111011111111111011101111111111011111111 1110001001111001111111110110100110000100111100010101000101010010 1011000000000000101011001101011111100111101100101101110110111010 0000000000000000100000000000001000100000000000000000010001100000 0000000000000000000000000000000010110000000000001101000000000000
00:30:53.988.961 INFO root: trail ~0000101110110000 -> 0000110110110000: 1111111111111111111111110100111111111111010011111111111111111111 1011111111111111110111111111110111111111111101111111101111011111 0000101001000100011111111111000011111000100010000100001000101111 1011110100000000101110110000000011101101011100001110110110100000 0000001000010000000000000000000000100000000000000110010000000000 0000000000000000110100000000000010110000000000000000000000000000
00:30:53.989.962 INFO root: trail ~0111000000000110 -> 0111110100000000: 1111111110001111111111111111111111111111111111111111111110011111 1111111111010111111111111111111111010111111111111111111111110111 1110001000100100100111111101111111111010001110000100101011110000 1101101111110000000001111110110101101011000001111011111000000101 1000010000000000000000101000000000000000100010000000000000000000 0111000000000000110100000000000000000000000000000000000000000000
00:30:53.990.963 INFO root: trail ~0000101100001011 -> 1101000000000111: 1111111111111111111111110100111111111111111111111111111101001111 1111111111111011110111111011111111111110111111011111111111101111 1111110010100001100011111100001011001111101011101000001011101000 1011110100000000011010110111111100001101100011011011111000001101 1000000000000010000000010000000000000100000000000000000000010100 1101000000000000000000000000000000000000000000000111000000000000
00:30:53.990.963 INFO root: trail ~1011000000000111 -> 0000000010110111: 1111111101001111111111111111111111111111111111111111111110001111 1111111101111110111110111111111111011011111111111101111111111111 1001000000101111100011111111010111110100110011110000001001000100 1011001100000000000011010000110110101101110110011111000011110111 0000000001000000001000000000100010000010000000000000000000010000 0000000000000000000000000000000010110000000000000111000000000000
00:30:53.991.964 INFO root: trail ~0000000011011011 -> 0000000011010111: 1111111111111111111111111111111111111111001011111111111101001111 1101111111110111111111111101111011111111111111111101101111111111 0000000111111000001011111110001011000110010000011111111101000010 0000011101100000111110110000000011010111011100000011110110011011 0000000000100001001000000000000001000001000000000000100000000000 0000000000000000000000000000000011010000000000000111000000000000
00:30:53.992.965 INFO root: trail ~0000011100000111 -> 0000000001111010: 1111111111111111111111111000111111111111111111111111111110001111 1111110111110110110111110111111111111111111111111111111110111111 1101011000010100010010011010100100101111110111011111001011001111 0111011100001011110000001001011101100111011111100000101110111110 0000000010000100100000000000010000000000000000000000100000000000 0000000000000000000000000000000001110000000000001010000000000000
00:30:53.993.965 INFO root: trail ~0000101100000111 -> 0000000011011011: 1111111111111111111111110100111111111111111111111111111110001111 1111011111110111111011110111111111111111111111111011111111011111 1000010011110001010010011000111110011111011011111110001000001111 1101000010011110011101110000101101110000000001110111011111101011 0000000000000100000100000000000110000000000000000000000100100000 0000000000000000000000000000000011010000000000001011000000000000
00:30:53.993.966 INFO root: trail ~0000101111010000 -> 0111000000000111: 1111111111111111111111110100111111111111001011111111111111111111 1101110111111111110111111111101111111111110111011111111111111111 0000111101001001100000100011001011111010111111111000010000100000 0110011110110100101000011101011110111010000000110000000011110000 1000000000000010000001000000000000000000100000000000000010100000 0111000000000000000000000000000000000000000000000111000000000000
00:30:53.994.967 INFO root: trail ~0111000000001101 -> 1101110100000000: 1111111110001111111111111111111111111111111111111111111100101111 1111111110111101111111111111111110110111111111111011111111111011 0010100001010001000000101000000111111000111100101001111100100100 1101110101110000000011110000000011111101111100000000000001010000 0100100000000000000010000100000000000000001000000001000000000000 1101000000000000110100000000000000000000000000000000000000000000
00:30:53.995.968 INFO root: trail ~1011011100000000 -> 0111000000001011: 1111111101001111111111111000111111111111111111111111111111111111 1111111111111111111110111111111111011111111100101111111111110111 0101001011111001100010001111001011111111111100010010001011110001 1011100111000111000001101110101011010011110110111011000011001110 0000000000001000010001000000000000000000000100000000000000101000 0111000000000000000000000000000000000000000000001011000000000000
00:30:53.997.969 INFO root: trail ~0000110110110000 -> 0000011100001011: 1111111111111111111111110010111111111111010011111111111111111111 1101111111111111011111111111111111111111101101111111110111101111 1110111100100010010000100100010000001010101110011111101101111111 1010101011011011101100110100011100000000110111101101011101110000 0000000000000001000000000001000000000100000000010010000001000000 0000000000000000011100000000000000000000000000001011000000000000
00:30:53.997.970 INFO root: end
