00:00:03.551.760 INFO root: starting at 2021-09-13.18:37:23
00:00:03.552.761 INFO root: I = 1 J = 2:
00:00:03.560.769 INFO root: ~0010000000001101 -> 0111011000000000:
00:00:03.560.770 INFO root:    1111110111111111111111111111111111111111111111111111001011111111
00:00:03.561.770 INFO root:    1111111111111111111101111111111111011111111111111111111101111101
00:00:03.561.770 INFO root:    1000001010101010111100100010111111001010010001001000111111111000
00:00:03.561.771 INFO root:    0001000011010111010011011011010011100111000000001011001101111011
00:00:03.562.771 INFO root:    0000000001000000100000000000010000010100000000000000000000000000
00:00:03.562.771 INFO root:    0000000001110000000000000110000000000000000000000000000000000000
00:00:05.266.475 INFO root: load .cache/SboxDivision.full_dppt.self_sbox0F7EC76E48F1C66A.args_068BA53CAF4BB89BC84341E5E0A9E860E078799A9E9F3CD8F2B19C3FC4CEC936 succeeded
00:00:08.314.523 INFO root: load .cache/SboxDivision.full_dppt.self_sbox97CD3E51D99FE8E5.args_068BA53CAF4BB89BC84341E5E0A9E860E078799A9E9F3CD8F2B19C3FC4CEC936 succeeded
00:00:11.358.567 INFO root: load .cache/SboxDivision.full_dppt.self_sboxFA83BF4B256071FB.args_068BA53CAF4BB89BC84341E5E0A9E860E078799A9E9F3CD8F2B19C3FC4CEC936 succeeded
00:00:18.597.806 INFO root: load .cache/SboxDivision.full_dppt.self_sboxB5083D73B8917F33.args_068BA53CAF4BB89BC84341E5E0A9E860E078799A9E9F3CD8F2B19C3FC4CEC936 succeeded
00:00:23.508.718 INFO root: verify ok! 8 SuperSboxes 12 MixColumns
00:00:23.509.719 INFO root: ~1010000001110000 -> 0000011110010000:
00:00:23.510.719 INFO root:    1111010111111111111111111111111111111000111111111111111111111111
00:00:23.510.720 INFO root:    1111111111111101011111111011111111111101111111101111111111111111
00:00:23.510.720 INFO root:    1111100011111110011011111010100101001000010001001000101001000110
00:00:23.511.720 INFO root:    1101000011111011011101110000110100001000010100001011110101101100
00:00:23.511.721 INFO root:    0010000000000100000000000000000000000010010000000000000001000000
00:00:23.511.721 INFO root:    0000000000000000000000000111000000000000100100000000000000000000
00:00:38.893.103 INFO root: verify ok! 8 SuperSboxes 12 MixColumns
00:00:38.894.104 INFO root: ~0000001100001101 -> 0000000010111100:
00:00:38.895.104 INFO root:    1111111111111111111111001111111111111111111111111111001011111111
00:00:38.895.105 INFO root:    1111111110111111111111111111111101111111101111111111011111111101
00:00:38.896.105 INFO root:    1111001100011100010000111000100001111001010000110111111101101111
00:00:38.896.105 INFO root:    1011110010110000011100001011110110111111110010110000011100001011
00:00:38.896.106 INFO root:    0000010000000000000000100000000000000000010000001000000000000100
00:00:38.896.106 INFO root:    0000000000000000000000000000000000000000101100000000000011000000
00:00:54.568.778 INFO root: verify ok! 8 SuperSboxes 12 MixColumns
00:00:54.569.779 INFO root: ~0000101100000011 -> 0111101100000000:
00:00:54.570.779 INFO root:    1111111111111111111101001111111111111111111111111111110011111111
00:00:54.570.780 INFO root:    0111111111111111111111111111111110111111101111111111011111111101
00:00:54.571.780 INFO root:    0100101001000110100001001111001000011000010001000001111100101111
00:00:54.571.780 INFO root:    0000000000000000100100000101000011110000101111010111111101110111
00:00:54.571.781 INFO root:    0000000000000000001000000000010010000001000000000000000101000000
00:00:54.572.781 INFO root:    0000000001110000000000001011000000000000000000000000000000000000
00:01:09.805.014 INFO root: verify ok! 8 SuperSboxes 12 MixColumns
00:01:09.806.015 INFO root: ~0000011100000011 -> 0000101111010000:
00:01:09.806.016 INFO root:    1111111111111111111110001111111111111111111111111111110011111111
00:01:09.807.016 INFO root:    0111111101111111111111111111101111111111111111111111101111111011
00:01:09.807.016 INFO root:    1011010010100100010011111111001010110010011011111111001010000000
00:01:09.807.017 INFO root:    0000111111010000101100101101110110000000111001111000011111011100
00:01:09.807.017 INFO root:    0100000000000100000010000000000000000010010000000000000001000000
00:01:09.808.017 INFO root:    0000000000000000000000001011000000000000110100000000000000000000
00:01:25.196.405 INFO root: verify ok! 8 SuperSboxes 12 MixColumns
00:01:25.197.406 INFO root: ~0111000000001001 -> 0000011100000111:
00:01:25.198.407 INFO root:    1111100011111111111111111111111111111111111111111111011011111111
00:01:25.198.407 INFO root:    1111101111111111110111111111111111011111111111111111111111101101
00:01:25.198.408 INFO root:    0011111111111111111101011100101010000100111110010000010000100011
00:01:25.199.408 INFO root:    0110011101110111011111010111100100000000101101011111110100001010
00:01:25.199.408 INFO root:    0000000000001000100000001000000000000100000001001000000000000000
00:01:25.199.409 INFO root:    0000000000000000000000000111000000000000000000000000000001110000
00:01:40.658.868 INFO root: verify ok! 8 SuperSboxes 12 MixColumns
00:01:40.659.869 INFO root: ~0000011110110000 -> 1101100100000000:
00:01:40.660.869 INFO root:    1111111111111111111110001111111111110100111111111111111111111111
00:01:40.660.869 INFO root:    1111111111111011111111110111111111111111101111110111010111111111
00:01:40.660.870 INFO root:    0100111101001000110100100010001111111100010001001100100000101111
00:01:40.661.870 INFO root:    1101101100000011000010011001110111100111000101010000000011011110
00:01:40.661.870 INFO root:    0000000000101000010000000000000100000000000000000000001000000000
00:01:40.661.871 INFO root:    0000000011010000000000001001000000000000000000000000000000000000
00:01:56.192.401 INFO root: verify ok! 8 SuperSboxes 12 MixColumns
00:01:56.193.402 INFO root: ~0000011100001010 -> 0000110101110000:
00:01:56.193.402 INFO root:    1111111111111111111110001111111111111111111111111111010111111111
00:01:56.193.403 INFO root:    1011111111111111111110111111111111111111101111111111011111111101
00:01:56.194.403 INFO root:    0101010010001000001000010101111111110001100101000101100011110100
00:01:56.194.403 INFO root:    1000110111100111000011001110110111000100110000000000000010110111
00:01:56.194.404 INFO root:    0000000000000000000110000000000000000000001000000000000001101000
00:01:56.195.404 INFO root:    0000000000000000000000001101000000000000011100000000000000000000
00:02:07.543.752 INFO root: verify ok! 8 SuperSboxes 12 MixColumns
00:02:07.544.753 INFO root: ~1011000000001011 -> 1011100100000000:
00:02:07.544.753 INFO root:    1111010011111111111111111111111111111111111111111111010011111111
00:02:07.544.754 INFO root:    1111111111111111110111011111111110111111111111011111111110111101
00:02:07.545.754 INFO root:    0010010000010100111111110010111100000101111101000100010011110000
00:02:07.545.755 INFO root:    1011000011111101101101011011000100001010101000011011011100000000
00:02:07.546.755 INFO root:    0000000001000000000000000000001001000100000000000000000001000000
00:02:07.546.755 INFO root:    0000000010110000000000001001000000000000000000000000000000000000
00:02:18.846.056 INFO root: verify ok! 8 SuperSboxes 12 MixColumns
00:02:18.848.057 INFO root: ~0000110101010000 -> 1011000000001101:
00:02:18.848.058 INFO root:    1111111111111111111100101111111111111010111111111111111111111111
00:02:18.849.058 INFO root:    1101111111111111111111111111011111111101101111110111111111111111
00:02:18.849.059 INFO root:    0000100101000111001000101000111111111111111110011000001011000010
00:02:18.849.059 INFO root:    1011000011111111101100001101000001110000011110111011000000000111
00:02:18.850.059 INFO root:    0000000001000000000000000010100000010000000001001000000000000000
00:02:18.850.060 INFO root:    0000000010110000000000000000000000000000000000000000000011010000
00:02:30.333.542 INFO root: verify ok! 8 SuperSboxes 12 MixColumns
00:02:30.333.543 INFO root: ~0000000010111011 -> 0111000001110000:
00:02:30.334.543 INFO root:    1111111111111111111111111111111111110100111111111111010011111111
00:02:30.334.544 INFO root:    1111111111111110111110111011111111011111111111111011111111111110
00:02:30.334.544 INFO root:    0000110011111111001011110100110110000001001011111111111111101000
00:02:30.335.544 INFO root:    0000110110111101011011100111011111100111000010110000011111011101
00:02:30.335.545 INFO root:    1000000010000000000000010000000100000000000000000000100000000100
00:02:30.336.545 INFO root:    0000000001110000000000000000000000000000011100000000000000000000
00:02:43.007.216 INFO root: verify ok! 8 SuperSboxes 12 MixColumns
00:02:43.008.217 INFO root: ~0000101100001011 -> 1101110100000000:
00:02:43.008.218 INFO root:    1111111111111111111101001111111111111111111111111111010011111111
00:02:43.009.218 INFO root:    0011111111011111111111011111101110111111111111111111111111111111
00:02:43.009.219 INFO root:    1111010010111110000000100010010011000100010011111000111111110010
00:02:43.010.219 INFO root:    0000111111110110101100000111011011010000011100001101100100000111
00:02:43.010.219 INFO root:    0000000000100100000000000000000000100001000000000000100000100000
00:02:43.010.220 INFO root:    0000000011010000000000001101000000000000000000000000000000000000
00:02:58.802.011 INFO root: verify ok! 8 SuperSboxes 12 MixColumns
00:02:58.803.012 INFO root: ~0111000000001011 -> 1011000011010000:
00:02:58.803.012 INFO root:    1111100011111111111111111111111111111111111111111111010011111111
00:02:58.803.013 INFO root:    1111110110111111101111101111111111111111111111111111111111100111
00:02:58.804.013 INFO root:    0100000110101011100100100100001011111101001001000010010100101111
00:02:58.804.013 INFO root:    0110000001111001000001111111000001001101101111110000001100000110
00:02:58.804.013 INFO root:    0000000001000000000010000000100000010000001000000000000000001000
00:02:58.804.014 INFO root:    0000000010110000000000000000000000000000110100000000000000000000
00:03:14.171.380 INFO root: verify ok! 8 SuperSboxes 12 MixColumns
00:03:14.172.381 INFO root: ~1001000000001011 -> 0000011101110000:
00:03:14.172.381 INFO root:    1111011011111111111111111111111111111111111111111111010011111111
00:03:14.172.382 INFO root:    1111011110111111111111111111111110111111111111011111111111111110
00:03:14.173.382 INFO root:    0111101111111001001001001111000100111111001100101111001010000010
00:03:14.173.382 INFO root:    1011101110111011110100000000000011011111000111010100101111011010
00:03:14.173.383 INFO root:    0001000000000100010010000000000000000010001000000000000000000000
00:03:14.174.383 INFO root:    0000000000000000000000000111000000000000011100000000000000000000
00:03:29.630.840 INFO root: verify ok! 8 SuperSboxes 12 MixColumns
00:03:29.639.848 INFO root: ~1101000000000111 -> 0000000001101011:
00:03:29.639.849 INFO root:    1111001011111111111111111111111111111111111111111111100011111111
00:03:29.640.849 INFO root:    1111111001111111111111011111111101111111111111011111111101111111
00:03:29.640.849 INFO root:    1111010011110010010000010100111110111000001010001110100000000011
00:03:29.640.850 INFO root:    1011010101110000000101111110110001110000000000000000110110111110
00:03:29.641.850 INFO root:    0000000000000000000000100001000000000000000110000100000000000000
00:03:29.641.851 INFO root:    0000000000000000000000000000000000000000011000000000000010110000
00:03:44.941.150 INFO root: verify ok! 8 SuperSboxes 12 MixColumns
00:03:44.942.151 INFO root: ~1011110100000000 -> 1101000001100000:
00:03:44.942.151 INFO root:    1111010011111111111100101111111111111111111111111111111111111111
00:03:44.942.152 INFO root:    1101011111111111101111111111111111111111101111011111110111111111
00:03:44.943.152 INFO root:    1000010000101111100000001111010100011000001000101001111110001000
00:03:44.943.153 INFO root:    0000011100001101101111011111010011000000000000000000010101011011
00:03:44.943.153 INFO root:    0001000001000000000000000000010000000000010000000000010000000000
00:03:44.944.153 INFO root:    0000000011010000000000000000000000000000011000000000000000000000
00:03:56.058.268 INFO root: verify ok! 8 SuperSboxes 12 MixColumns
00:03:56.059.269 INFO root: ~1011000010110000 -> 0000110101110000:
00:03:56.060.269 INFO root:    1111010011111111111111111111111111110100111111111111111111111111
00:03:56.060.270 INFO root:    1111110111110111111111111111111111110111111111011101111110111111
00:03:56.061.270 INFO root:    0010100011110110100100010010001011001111010011111111001111000000
00:03:56.061.270 INFO root:    0000111110101111110101101000011100111011000000001001000011010111
00:03:56.061.271 INFO root:    0000000000000100010001000000000000000010001000000000000000001000
00:03:56.062.271 INFO root:    0000000000000000000000001101000000000000011100000000000000000000
00:04:07.022.231 INFO root: verify ok! 8 SuperSboxes 12 MixColumns
00:04:07.022.232 INFO root: ~0000110101110000 -> 1001000000001101:
00:04:07.023.232 INFO root:    1111111111111111111100101111111111111000111111111111111111111111
00:04:07.023.233 INFO root:    1011111111111011111111111111111111111101101111111011111011111111
00:04:07.023.233 INFO root:    0110100011110110100010001101111111011000010001010100001010000011
00:04:07.024.233 INFO root:    0000010110110000110010111001011111101101111000000000000011101110
00:04:07.024.234 INFO root:    0000000000100000000000001000000000000000000000100010100000000000
00:04:07.024.234 INFO root:    0000000010010000000000000000000000000000000000000000000011010000
00:04:17.993.202 INFO root: verify ok! 8 SuperSboxes 12 MixColumns
00:04:17.994.203 INFO root: ~0000110100000111 -> 0000011110010000:
00:04:17.994.204 INFO root:    1111111111111111111100101111111111111111111111111111100011111111
00:04:17.995.204 INFO root:    1101111111111111111110111111111101111111110111111111101111111101
00:04:17.995.204 INFO root:    0110001110011111001000000010001100101111111100100010010000101000
00:04:17.995.204 INFO root:    0101000000001011000011011011111000000111000001110001101010011110
00:04:17.995.205 INFO root:    0000000000000010001000100000000000000000000000000000000000010010
00:04:17.996.205 INFO root:    0000000000000000000000000111000000000000100100000000000000000000
00:04:28.847.056 INFO root: verify ok! 8 SuperSboxes 12 MixColumns
00:04:28.848.057 INFO root: ~0111000001110000 -> 0111000000000111:
00:04:28.848.058 INFO root:    1111100011111111111111111111111111111000111111111111111111111111
00:04:28.849.058 INFO root:    1111101111111101111111110111111111111101111110111111111110111111
00:04:28.849.058 INFO root:    1111010011110001111100100100001011111111000010001111000000101000
00:04:28.849.059 INFO root:    0001110101111111100000001111000010111100011110110000001100001011
00:04:28.850.059 INFO root:    0000000010000000000000000010010000000000000000100100100000000000
00:04:28.850.059 INFO root:    0000000001110000000000000000000000000000000000000000000001110000
00:04:39.752.961 INFO root: verify ok! 8 SuperSboxes 12 MixColumns
00:04:39.752.962 INFO root: verified 20 trails for I 1 J 2
00:04:39.753.962 INFO root: generating ANFs... I
00:04:40.229.439 INFO root: load .cache/SboxDivision.components_anf_closures.self_sboxBD59AECE64673816.args_0A482B9CD9E7EAF940EBCF3535BE3082A49F858505A0A6EA9511114359BB0EE6 succeeded
00:04:40.323.532 INFO root: unique masks 2021
00:04:40.323.532 INFO root: generating ANFs... J
00:04:40.562.772 INFO root: load .cache/SboxDivision.components_anf_closures.self_sboxFA83BF4B256071FB.args_0A482B9CD9E7EAF940EBCF3535BE3082A49F858505A0A6EA9511114359BB0EE6 succeeded
00:04:40.646.856 INFO root: unique masks 1785
00:04:40.647.856 INFO root: enumerating all mask pairs
00:04:50.963.173 INFO root: verified all masks for I 1 J 2
00:04:50.964.173 INFO root: VERIFIED I 1 J 2
