00:00:00.103.142 INFO root: added file handler at 2021-09-13.16:49:19
00:00:00.103.142 INFO root: columns 1 -> 3
00:00:01.465.504 INFO root: Constraints: 100101010
00:00:01.465.504 INFO root: cons_SSB_card = 1
00:00:01.466.504 INFO root: cons_SSB_box_lb = 0
00:00:01.466.505 INFO root: cons_SSB_box_ub = 0
00:00:01.466.505 INFO root: cons_SSB_lb = 1
00:00:01.466.505 INFO root: cons_SSB_ub = 0
00:00:01.466.505 INFO root: cons_MC_card = 1
00:00:01.466.505 INFO root: cons_MC_matching = 0
00:00:01.467.505 INFO root: cons_MC_lb = 1
00:00:01.467.506 INFO root: cons_MC_ub2 = 0
00:00:01.810.849 INFO root: full ssb
00:00:01.922.961 INFO root: load .cache/SboxDivision.components_anf_closures.self_sboxBD59AECE64673816.args_068BA53CAF4BB89BC84341E5E0A9E860E078799A9E9F3CD8F2B19C3FC4CEC936 succeeded
00:00:01.933.972 INFO root: anfsI 255
00:00:01.939.978 INFO root: load .cache/SboxDivision.components_anf_closures.self_sboxFA83BF4B256071FB.args_068BA53CAF4BB89BC84341E5E0A9E860E078799A9E9F3CD8F2B19C3FC4CEC936 succeeded
00:00:01.950.989 INFO root: anfsO 255
00:00:02.016.055 INFO root: load .cache/SboxDivision.cnf_lb.self_sbox391D96FD000E6C5B.args_068BA53CAF4BB89BC84341E5E0A9E860E078799A9E9F3CD8F2B19C3FC4CEC936 succeeded
00:00:04.639.678 INFO root: SSB round 2 column 0
00:00:05.858.897 INFO root: load .cache/SboxDivision.minimal_max.self_sbox0F7EC76E48F1C66A.args_068BA53CAF4BB89BC84341E5E0A9E860E078799A9E9F3CD8F2B19C3FC4CEC936 succeeded
00:00:13.354.392 INFO root: load .cache/SboxDivision.divcore.self_sbox0F7EC76E48F1C66A.args_068BA53CAF4BB89BC84341E5E0A9E860E078799A9E9F3CD8F2B19C3FC4CEC936 succeeded
00:00:19.026.065 INFO root: load .cache/SboxDivision.cnf_lb.self_sbox0F7EC76E48F1C66A.args_068BA53CAF4BB89BC84341E5E0A9E860E078799A9E9F3CD8F2B19C3FC4CEC936 succeeded
00:00:29.511.549 INFO root: SSB round 2 column 1
00:00:30.698.737 INFO root: load .cache/SboxDivision.minimal_max.self_sbox97CD3E51D99FE8E5.args_068BA53CAF4BB89BC84341E5E0A9E860E078799A9E9F3CD8F2B19C3FC4CEC936 succeeded
00:00:37.924.963 INFO root: load .cache/SboxDivision.divcore.self_sbox97CD3E51D99FE8E5.args_068BA53CAF4BB89BC84341E5E0A9E860E078799A9E9F3CD8F2B19C3FC4CEC936 succeeded
00:00:44.235.274 INFO root: load .cache/SboxDivision.cnf_lb.self_sbox97CD3E51D99FE8E5.args_068BA53CAF4BB89BC84341E5E0A9E860E078799A9E9F3CD8F2B19C3FC4CEC936 succeeded
00:00:55.099.138 INFO root: SSB round 2 column 2
00:00:56.073.111 INFO root: load .cache/SboxDivision.minimal_max.self_sboxFA83BF4B256071FB.args_068BA53CAF4BB89BC84341E5E0A9E860E078799A9E9F3CD8F2B19C3FC4CEC936 succeeded
00:01:03.852.891 INFO root: load .cache/SboxDivision.divcore.self_sboxFA83BF4B256071FB.args_068BA53CAF4BB89BC84341E5E0A9E860E078799A9E9F3CD8F2B19C3FC4CEC936 succeeded
00:01:10.007.045 INFO root: load .cache/SboxDivision.cnf_lb.self_sboxFA83BF4B256071FB.args_068BA53CAF4BB89BC84341E5E0A9E860E078799A9E9F3CD8F2B19C3FC4CEC936 succeeded
00:01:20.625.664 INFO root: SSB round 2 column 3
00:01:46.847.886 INFO root: SSB round 4 column 0
00:02:09.870.909 INFO root: SSB round 4 column 1
00:02:11.050.089 INFO root: load .cache/SboxDivision.minimal_max.self_sboxB5083D73B8917F33.args_068BA53CAF4BB89BC84341E5E0A9E860E078799A9E9F3CD8F2B19C3FC4CEC936 succeeded
00:02:18.632.671 INFO root: load .cache/SboxDivision.divcore.self_sboxB5083D73B8917F33.args_068BA53CAF4BB89BC84341E5E0A9E860E078799A9E9F3CD8F2B19C3FC4CEC936 succeeded
00:02:25.045.084 INFO root: load .cache/SboxDivision.cnf_lb.self_sboxB5083D73B8917F33.args_068BA53CAF4BB89BC84341E5E0A9E860E078799A9E9F3CD8F2B19C3FC4CEC936 succeeded
00:02:35.840.879 INFO root: SSB round 4 column 2
00:02:58.766.805 INFO root: SSB round 4 column 3
00:03:24.028.067 INFO root: mask pairs: 255 x 255 = 65025
00:03:24.029.068 INFO root: #trails 0 
00:03:24.029.068 INFO root: mask pair #1 / 65025: 0000011001100110 0001000110101011anfI_max <DenseSet hash=766609b1e026c53d n=16 wt=87 | 3:3 4:22 5:30 6:32> anfO_max <DenseSet hash=5450169703e9f356 n=16 wt=80 | 3:1 4:7 5:44 6:28>
00:03:29.634.673 INFO root: solving SAT...
00:04:12.690.729 INFO root: SAT solve time: 43.055482387542725
00:04:12.691.730 INFO root: SAT_times: 43.1 - 43.1, avg 43.1 med 43.1
00:04:12.691.730 INFO root: middle division transition ~0000000011010111 -> 0000101100001101 (~6 -> 6)
00:04:12.692.730 INFO root: mid transition: 0000000011010111 0000101100001101 6 6
00:04:12.692.731 INFO root: full trace:
00:04:12.692.731 INFO root: 1111 1111 1111 1111 1111 1111 1111 1111 1111 0010 1111 1111 1111 1000 1111 1111# initial
00:04:12.693.731 INFO root: 1111 1111 1111 1111 1111 1101 1011 1111 0111 0111 1111 1111 1101 1111 1111 0111# after SR MC SR
00:04:12.693.732 INFO root: 0000 1000 0010 1111 0010 1111 0010 1111 0010 0000 0100 0001 1111 0010 1111 0100# after SSB
00:04:12.693.732 INFO root: 0111 1100 0000 0111 0000 0000 0111 1110 1111 1110 0000 0111 0000 0000 1001 1101# after SR MC SR
00:04:12.694.733 INFO root: 0001 0000 0000 0000 0000 0000 0000 0010 0100 0000 0001 0000 0000 0010 0000 0001# after SSB
00:04:12.694.733 INFO root: 0000 0000 0000 0000 0000 0000 0000 1011 0000 0000 0000 0000 0000 0000 0000 1101# after SR MC SR
00:04:12.694.733 INFO root: 
00:04:12.695.734 INFO root: new trail: 0000000011010111 -> 0000101100001101
00:04:12.695.734 INFO root: #trails 1 
00:04:12.696.734 INFO root: mask pair #3 / 65025: 0001000100010000 0000000000010000anfI_max <DenseSet hash=f2ec2763f7e8dd45 n=16 wt=96 | 3:6 4:29 5:30 6:31> anfO_max <DenseSet hash=8055c9ac1b7851b6 n=16 wt=70 | 3:5 4:14 5:32 6:19>
00:04:18.500.538 INFO root: solving SAT...
00:04:33.244.283 INFO root: SAT solve time: 14.74357533454895
00:04:33.244.283 INFO root: SAT_times: 14.7 - 43.1, avg 28.9 med 43.1
00:04:33.245.284 INFO root: middle division transition ~0000110001110000 -> 0111000000001101 (~5 -> 6)
00:04:33.245.284 INFO root: mid transition: 0000110001110000 0111000000001101 5 6
00:04:33.245.284 INFO root: full trace:
00:04:33.246.285 INFO root: 1111 1111 1111 1111 1111 0011 1111 1111 1111 1000 1111 1111 1111 1111 1111 1111# initial
00:04:33.246.285 INFO root: 0111 1111 1111 1101 1111 1111 0111 1111 1111 1110 1111 1111 1111 1110 1111 1111# after SR MC SR
00:04:33.247.286 INFO root: 1111 0100 1000 1111 0010 1000 1000 1111 0100 1011 0010 0001 1000 1000 1111 0100# after SSB
00:04:33.247.286 INFO root: 1111 1011 1101 0111 0000 1111 0111 1110 0000 0111 0000 0000 1011 0000 1000 0000# after SR MC SR
00:04:33.248.287 INFO root: 0000 0000 0000 0000 0001 0000 0000 0010 0100 1000 0000 0000 0000 1000 0010 0000# after SSB
00:04:33.248.287 INFO root: 0000 0000 0000 0111 0000 0000 0000 0000 0000 0000 0000 0000 0000 0000 0000 1101# after SR MC SR
00:04:33.248.287 INFO root: 
00:04:33.249.287 INFO root: new trail: 0000110001110000 -> 0111000000001101
00:04:33.249.288 INFO root: #trails 2 
00:04:33.249.288 INFO root: mask pair #4 / 65025: 0000011100010111 0000101000000000anfI_max <DenseSet hash=f7ec6f497b944cb0 n=16 wt=94 | 3:2 4:33 5:36 6:23> anfO_max <DenseSet hash=47ac4e452678f910 n=16 wt=76 | 3:4 4:2 5:42 6:28>
00:04:38.801.840 INFO root: solving SAT...
00:04:49.490.528 INFO root: SAT solve time: 10.688476800918579
00:04:49.490.529 INFO root: SAT_times: 10.7 - 43.1, avg 22.8 med 14.7
00:04:49.491.529 INFO root: middle division transition ~0111000011010000 -> 0000100110110000 (~6 -> 5)
00:04:49.491.530 INFO root: mid transition: 0111000011010000 0000100110110000 6 5
00:04:49.491.530 INFO root: full trace:
00:04:49.492.530 INFO root: 1111 1000 1111 1111 1111 1111 1111 1111 1111 0010 1111 1111 1111 1111 1111 1111# initial
00:04:49.492.531 INFO root: 1111 1111 1111 1011 1011 1111 1111 1111 1111 1001 1111 1101 1111 1111 0111 1111# after SR MC SR
00:04:49.493.531 INFO root: 1000 1111 1111 1111 1000 1111 0100 0010 1111 0001 0010 0000 1100 1000 0100 1001# after SSB
00:04:49.493.532 INFO root: 0000 0000 1110 0000 0110 0111 0001 1011 1100 1011 0110 1101 0111 0111 0011 0011# after SR MC SR
00:04:49.494.532 INFO root: 0010 0010 0000 0000 0000 0000 0001 0000 0000 0000 1000 0010 0000 0000 0000 0000# after SSB
00:04:49.494.533 INFO root: 0000 0000 0000 0000 0000 0000 0000 1001 0000 0000 0000 1011 0000 0000 0000 0000# after SR MC SR
00:04:49.494.533 INFO root: 
00:04:49.494.533 INFO root: new trail: 0111000011010000 -> 0000100110110000
00:04:49.495.534 INFO root: #trails 3 
00:04:49.495.534 INFO root: mask pair #8 / 65025: 0110011001110001 1010000000000000anfI_max <DenseSet hash=75f29accf05245f7 n=16 wt=110 | 3:2 4:7 5:86 6:15> anfO_max <DenseSet hash=4d700f45c27717be n=16 wt=76 | 3:9 4:32 5:27 6:8>
00:04:55.441.480 INFO root: solving SAT...
00:05:31.945.984 INFO root: SAT solve time: 36.50380730628967
00:05:31.946.985 INFO root: SAT_times: 10.7 - 43.1, avg 26.2 med 36.5
00:05:31.946.985 INFO root: middle division transition ~1011000010110000 -> 1101000000110000 (~6 -> 5)
00:05:31.947.986 INFO root: mid transition: 1011000010110000 1101000000110000 6 5
00:05:31.947.986 INFO root: full trace:
00:05:31.948.986 INFO root: 1111 0100 1111 1111 1111 1111 1111 1111 1111 0100 1111 1111 1111 1111 1111 1111# initial
00:05:31.948.987 INFO root: 1111 0111 1111 0111 1011 1111 1111 1111 1111 0111 1111 1111 1101 1111 1101 1111# after SR MC SR
00:05:31.949.987 INFO root: 0001 0100 0010 1111 1000 0010 0100 0100 0010 0100 1111 1110 0001 0001 0100 0100# after SSB
00:05:31.949.988 INFO root: 1111 1011 0000 0000 0000 0111 0000 0111 0000 1111 0000 1011 1110 0000 0000 0100# after SR MC SR
00:05:31.950.988 INFO root: 0000 0010 0000 0010 0100 0000 0000 0000 0000 1000 0000 0000 0100 0000 0000 0000# after SSB
00:05:31.950.989 INFO root: 0000 0000 0000 1101 0000 0000 0000 0000 0000 0000 0000 0011 0000 0000 0000 0000# after SR MC SR
00:05:31.950.989 INFO root: 
00:05:31.951.989 INFO root: new trail: 1011000010110000 -> 1101000000110000
00:05:31.951.990 INFO root: #trails 4 
00:05:31.952.990 INFO root: mask pair #9 / 65025: 0000011001110110 1010101010110001anfI_max <DenseSet hash=39daf18ec289a8c2 n=16 wt=84 | 3:1 4:23 5:36 6:24> anfO_max <DenseSet hash=d59b8e77da6d4cf6 n=16 wt=75 | 3:4 4:5 5:37 6:29>
00:05:37.564.603 INFO root: solving SAT...
00:06:22.325.364 INFO root: SAT solve time: 44.76017999649048
00:06:22.325.364 INFO root: SAT_times: 10.7 - 44.8, avg 30.0 med 36.5
00:06:22.326.365 INFO root: middle division transition ~0111110100000000 -> 0000011100001101 (~6 -> 6)
00:06:22.326.365 INFO root: mid transition: 0111110100000000 0000011100001101 6 6
00:06:22.326.365 INFO root: full trace:
00:06:22.327.366 INFO root: 1111 1000 1111 1111 1111 0010 1111 1111 1111 1111 1111 1111 1111 1111 1111 1111# initial
00:06:22.327.366 INFO root: 1110 1011 1111 1111 1101 1111 1111 1111 1111 1111 1101 1101 1111 0111 1111 1111# after SR MC SR
00:06:22.328.367 INFO root: 1111 0000 1110 0010 0010 1000 0010 0101 0000 1111 0010 1111 1111 0010 1111 0010# after SSB
00:06:22.328.367 INFO root: 0111 0111 0000 0000 0111 1101 1011 0111 0000 1111 1000 1101 0111 0000 0000 1101# after SR MC SR
00:06:22.329.368 INFO root: 0000 0000 1000 0000 0000 0010 0000 0000 0010 0000 0000 0000 0000 0100 0000 1001# after SSB
00:06:22.329.368 INFO root: 0000 0000 0000 0000 0000 0000 0000 0111 0000 0000 0000 0000 0000 0000 0000 1101# after SR MC SR
00:06:22.330.369 INFO root: 
00:06:22.330.369 INFO root: new trail: 0111110100000000 -> 0000011100001101
00:06:22.331.370 INFO root: #trails 5 
00:06:22.331.370 INFO root: mask pair #10 / 65025: 0111011000000111 0001000000000001anfI_max <DenseSet hash=b23db4a3f4ad310b n=16 wt=86 | 3:3 4:18 5:40 6:25> anfO_max <DenseSet hash=63378863d686b03d n=16 wt=73 | 3:2 4:2 5:41 6:28>
00:06:27.890.929 INFO root: solving SAT...
00:06:59.808.846 INFO root: SAT solve time: 31.916858673095703
00:06:59.808.847 INFO root: SAT_times: 10.7 - 44.8, avg 30.3 med 36.5
00:06:59.809.847 INFO root: middle division transition ~1011000000001101 -> 1101101100000000 (~6 -> 6)
00:06:59.809.848 INFO root: mid transition: 1011000000001101 1101101100000000 6 6
00:06:59.809.848 INFO root: full trace:
00:06:59.810.848 INFO root: 1111 0100 1111 1111 1111 1111 1111 1111 1111 1111 1111 1111 1111 0010 1111 1111# initial
00:06:59.810.849 INFO root: 1111 1011 1101 1111 1111 1111 1111 1111 0111 1111 1111 0111 1111 1111 1101 1011# after SR MC SR
00:06:59.811.850 INFO root: 0010 0001 1111 0000 1000 1111 0111 1100 1111 1111 0000 1111 1000 0010 0100 1111# after SSB
00:06:59.811.850 INFO root: 1110 0000 1101 0000 0111 1011 0000 0010 1001 1101 1101 1110 1110 1001 0111 1110# after SR MC SR
00:06:59.812.851 INFO root: 0010 0000 0000 0100 0100 0010 0000 0000 0000 0000 0000 0000 0000 0000 0100 0001# after SSB
00:06:59.812.851 INFO root: 0000 0000 0000 1101 0000 0000 0000 1011 0000 0000 0000 0000 0000 0000 0000 0000# after SR MC SR
00:06:59.813.851 INFO root: 
00:06:59.813.852 INFO root: new trail: 1011000000001101 -> 1101101100000000
00:06:59.814.853 INFO root: #trails 6 
00:06:59.814.853 INFO root: mask pair #22 / 65025: 0000000101100001 0000000100011011anfI_max <DenseSet hash=f9a2622cd9ba514d n=16 wt=92 | 3:1 4:16 5:50 6:25> anfO_max <DenseSet hash=27b1926677d6c725 n=16 wt=80 | 3:5 4:14 5:36 6:25>
00:07:05.665.704 INFO root: solving SAT...
00:07:41.868.907 INFO root: SAT solve time: 36.202714920043945
00:07:41.868.907 INFO root: SAT_times: 10.7 - 44.8, avg 31.1 med 36.2
00:07:41.869.908 INFO root: middle division transition ~0101110100000000 -> 1011000000001100 (~5 -> 5)
00:07:41.869.908 INFO root: mid transition: 0101110100000000 1011000000001100 5 5
00:07:41.869.908 INFO root: full trace:
00:07:41.870.909 INFO root: 1111 1010 1111 1111 1111 0010 1111 1111 1111 1111 1111 1111 1111 1111 1111 1111# initial
00:07:41.870.909 INFO root: 1111 1101 1111 1111 1011 1111 1111 1101 1111 1111 0111 1111 1111 0111 1111 1111# after SR MC SR
00:07:41.871.910 INFO root: 1000 1111 0100 0100 1000 0100 1000 1111 0100 1100 0100 0100 1111 0000 1111 1010# after SSB
00:07:41.871.910 INFO root: 1101 1111 0111 1010 0000 0000 1100 0000 0000 0001 0000 0111 0111 0011 1101 1101# after SR MC SR
00:07:41.872.911 INFO root: 0000 0000 0100 0100 0010 0000 0000 0000 0000 0100 0000 0000 0000 1000 0000 0000# after SSB
00:07:41.872.911 INFO root: 0000 0000 0000 1011 0000 0000 0000 0000 0000 0000 0000 0000 0000 0000 0000 1100# after SR MC SR
00:07:41.872.911 INFO root: 
00:07:41.873.912 INFO root: new trail: 0101110100000000 -> 1011000000001100
00:07:41.873.912 INFO root: #trails 7 
00:07:41.874.913 INFO root: mask pair #31 / 65025: 0001011001110001 0001101000000000anfI_max <DenseSet hash=9cb3e37fca83a610 n=16 wt=83 | 3:2 4:4 5:46 6:31> anfO_max <DenseSet hash=198783d917608410 n=16 wt=90 | 3:7 4:17 5:51 6:15>
00:07:47.725.764 INFO root: solving SAT...
00:08:35.624.663 INFO root: SAT solve time: 47.89907479286194
00:08:35.625.664 INFO root: SAT_times: 10.7 - 47.9, avg 33.2 med 36.5
00:08:35.625.664 INFO root: middle division transition ~0000000010010111 -> 0111011100000000 (~5 -> 6)
00:08:35.626.664 INFO root: mid transition: 0000000010010111 0111011100000000 5 6
00:08:35.626.665 INFO root: full trace:
00:08:35.627.665 INFO root: 1111 1111 1111 1111 1111 1111 1111 1111 1111 0110 1111 1111 1111 1000 1111 1111# initial
00:08:35.627.666 INFO root: 1111 1111 0111 1111 1111 0111 1101 1111 1111 1111 1111 1111 1011 1111 1111 1011# after SR MC SR
00:08:35.628.667 INFO root: 0010 0101 0001 1000 1111 0100 0110 1111 0100 1000 0011 1000 1001 1111 0001 1010# after SSB
00:08:35.628.667 INFO root: 1011 0111 0000 1101 0001 0111 0000 1101 1111 1111 0000 1101 0000 0000 0000 1110# after SR MC SR
00:08:35.629.668 INFO root: 1000 0000 0000 0100 0010 0100 0000 0000 0000 0010 0000 0000 0000 0000 0000 1000# after SSB
00:08:35.630.668 INFO root: 0000 0000 0000 0111 0000 0000 0000 0111 0000 0000 0000 0000 0000 0000 0000 0000# after SR MC SR
00:08:35.630.669 INFO root: 
00:08:35.630.669 INFO root: new trail: 0000000010010111 -> 0111011100000000
00:08:35.631.670 INFO root: #trails 8 
00:08:35.632.671 INFO root: mask pair #62 / 65025: 0001000000010001 1010000110101011anfI_max <DenseSet hash=508fc70176ec0755 n=16 wt=82 | 3:5 4:14 5:38 6:25> anfO_max <DenseSet hash=2390f50aea4588d6 n=16 wt=68 | 3:2 4:10 5:27 6:29>
00:08:41.539.577 INFO root: solving SAT...
00:09:11.454.493 INFO root: SAT solve time: 29.91505742073059
00:09:11.455.494 INFO root: SAT_times: 10.7 - 47.9, avg 32.9 med 36.2
00:09:11.455.494 INFO root: middle division transition ~0000000010111011 -> 1011101100000000 (~6 -> 6)
00:09:11.455.494 INFO root: mid transition: 0000000010111011 1011101100000000 6 6
00:09:11.456.494 INFO root: full trace:
00:09:11.456.495 INFO root: 1111 1111 1111 1111 1111 1111 1111 1111 1111 0100 1111 1111 1111 0100 1111 1111# initial
00:09:11.456.495 INFO root: 1111 1111 0111 1111 1111 1101 1001 1111 1111 1111 1111 1111 1110 1111 1111 1110# after SR MC SR
00:09:11.457.496 INFO root: 1111 1010 0100 1111 1111 1101 0010 0100 0101 1111 0001 1111 0100 0100 0001 1001# after SSB
00:09:11.457.496 INFO root: 0111 1101 1101 1111 0000 0000 1110 0110 0110 0111 0011 1100 0111 1101 1110 0000# after SR MC SR
00:09:11.458.497 INFO root: 0000 0000 0000 1000 1000 1000 0000 0000 0000 0000 1000 0000 0000 0000 1000 0010# after SSB
00:09:11.458.497 INFO root: 0000 0000 0000 1011 0000 0000 0000 1011 0000 0000 0000 0000 0000 0000 0000 0000# after SR MC SR
00:09:11.458.497 INFO root: 
00:09:11.459.497 INFO root: new trail: 0000000010111011 -> 1011101100000000
00:09:11.459.498 INFO root: #trails 9 
00:09:11.460.499 INFO root: mask pair #72 / 65025: 0110011100000001 0000101010110000anfI_max <DenseSet hash=5d6de460133b56fc n=16 wt=85 | 3:5 4:17 5:37 6:26> anfO_max <DenseSet hash=af2ead387528fae6 n=16 wt=83 | 3:2 4:12 5:45 6:24>
00:09:17.086.124 INFO root: solving SAT...
00:09:54.296.335 INFO root: SAT solve time: 37.20973539352417
00:09:54.296.335 INFO root: SAT_times: 10.7 - 47.9, avg 33.3 med 36.5
00:09:54.297.336 INFO root: middle division transition ~0000010100001101 -> 0000001101110000 (~5 -> 5)
00:09:54.297.336 INFO root: mid transition: 0000010100001101 0000001101110000 5 5
00:09:54.297.336 INFO root: full trace:
00:09:54.298.337 INFO root: 1111 1111 1111 1111 1111 1010 1111 1111 1111 1111 1111 1111 1111 0010 1111 1111# initial
00:09:54.298.337 INFO root: 1111 1111 1011 1111 1111 0111 1111 1011 1111 1111 1011 1111 1111 1111 1111 1101# after SR MC SR
00:09:54.298.337 INFO root: 1111 1000 0100 0100 1111 0010 0000 1001 1111 1111 1111 1000 1111 0100 1000 0100# after SSB
00:09:54.299.338 INFO root: 1101 0000 0000 1111 1011 0111 1101 1101 0111 1101 1001 0000 0000 1001 0111 0110# after SR MC SR
00:09:54.299.338 INFO root: 0100 0100 0000 0000 0000 0000 1000 0000 0000 0000 0000 0100 0000 0000 0000 0100# after SSB
00:09:54.300.339 INFO root: 0000 0000 0000 0000 0000 0000 0000 0011 0000 0000 0000 0111 0000 0000 0000 0000# after SR MC SR
00:09:54.300.339 INFO root: 
00:09:54.300.339 INFO root: new trail: 0000010100001101 -> 0000001101110000
00:09:54.302.341 INFO root: #trails 10 
00:09:54.302.341 INFO root: mask pair #212 / 65025: 0001000101100110 0000000000001010anfI_max <DenseSet hash=ead42ce4be027983 n=16 wt=96 | 3:2 4:12 5:62 6:20> anfO_max <DenseSet hash=4770c501345291cf n=16 wt=66 | 3:4 4:14 5:32 6:16>
00:09:59.962.001 INFO root: solving SAT...
00:10:25.109.148 INFO root: SAT solve time: 25.146947860717773
00:10:25.110.149 INFO root: SAT_times: 10.7 - 47.9, avg 32.5 med 36.2
00:10:25.110.149 INFO root: middle division transition ~0111011100000000 -> 0000000010111101 (~6 -> 6)
00:10:25.111.149 INFO root: mid transition: 0111011100000000 0000000010111101 6 6
00:10:25.111.150 INFO root: full trace:
00:10:25.111.150 INFO root: 1111 1000 1111 1111 1111 1000 1111 1111 1111 1111 1111 1111 1111 1111 1111 1111# initial
00:10:25.112.151 INFO root: 1101 1011 1111 1111 1111 1111 1111 0111 1111 1111 1111 0111 1111 1011 1110 1111# after SR MC SR
00:10:25.112.151 INFO root: 1101 1000 1000 0001 1111 1111 1111 0100 1110 1000 0010 1110 1100 0000 1111 0010# after SSB
00:10:25.113.152 INFO root: 0111 1011 1111 1001 1011 0001 0110 1011 0000 0111 0000 0010 0111 1011 0111 0000# after SR MC SR
00:10:25.114.153 INFO root: 0000 1000 1000 0000 0000 0000 1000 0100 0000 0000 0000 0000 0100 0010 0000 0000# after SSB
00:10:25.114.153 INFO root: 0000 0000 0000 0000 0000 0000 0000 0000 0000 0000 0000 1011 0000 0000 0000 1101# after SR MC SR
00:10:25.115.153 INFO root: 
00:10:25.115.154 INFO root: new trail: 0111011100000000 -> 0000000010111101
00:10:25.116.155 INFO root: #trails 11 
00:10:25.117.155 INFO root: mask pair #218 / 65025: 0000011000010000 0000000100001011anfI_max <DenseSet hash=f4f5568bec550dca n=16 wt=107 | 3:4 4:18 5:66 6:19> anfO_max <DenseSet hash=c418589f79620783 n=16 wt=72 | 3:7 4:8 5:31 6:26>
00:10:30.806.845 INFO root: solving SAT...
00:12:29.283.321 INFO root: SAT solve time: 118.47602605819702
00:12:29.283.322 INFO root: SAT_times: 10.7 - 118.5, avg 39.7 med 36.5
00:12:29.283.322 INFO root: middle division transition ~0000101111010000 -> 1101000001110000 (~6 -> 6)
00:12:29.284.322 INFO root: mid transition: 0000101111010000 1101000001110000 6 6
00:12:29.284.323 INFO root: full trace:
00:12:29.284.323 INFO root: 1111 1111 1111 1111 1111 0100 1111 1111 1111 0010 1111 1111 1111 1111 1111 1111# initial
00:12:29.284.323 INFO root: 0111 1111 1111 1101 1111 1111 0111 1011 1111 1111 1111 1111 1101 0111 1111 1111# after SR MC SR
00:12:29.285.324 INFO root: 0000 0001 1001 1000 1111 1111 0100 1000 1000 1111 1111 1000 1001 0011 1000 0001# after SSB
00:12:29.285.324 INFO root: 0101 0101 0111 1011 1110 0000 1011 0100 0001 1011 1111 0000 0010 1100 0000 0101# after SR MC SR
00:12:29.286.325 INFO root: 0000 1000 0000 0100 0100 0000 1000 0000 0000 0000 0000 0000 1000 0000 0100 0000# after SSB
00:12:29.286.325 INFO root: 0000 0000 0000 1101 0000 0000 0000 0000 0000 0000 0000 0111 0000 0000 0000 0000# after SR MC SR
00:12:29.286.325 INFO root: 
00:12:29.286.325 INFO root: new trail: 0000101111010000 -> 1101000001110000
00:12:29.288.326 INFO root: #trails 12 
00:12:29.288.327 INFO root: mask pair #265 / 65025: 0111000100010001 0000000000001010anfI_max <DenseSet hash=ab734f87dee7a161 n=16 wt=106 | 3:3 4:11 5:70 6:22> anfO_max <DenseSet hash=4770c501345291cf n=16 wt=66 | 3:4 4:14 5:32 6:16>
00:12:35.533.572 INFO root: solving SAT...
00:13:11.619.658 INFO root: SAT solve time: 36.085673332214355
00:13:11.620.658 INFO root: SAT_times: 10.7 - 118.5, avg 39.4 med 36.2
00:13:11.620.659 INFO root: middle division transition ~0111000011000000 -> 0111000000000111 (~5 -> 6)
00:13:11.620.659 INFO root: mid transition: 0111000011000000 0111000000000111 5 6
00:13:11.620.659 INFO root: full trace:
00:13:11.621.660 INFO root: 1111 1000 1111 1111 1111 1111 1111 1111 1111 0011 1111 1111 1111 1111 1111 1111# initial
00:13:11.621.660 INFO root: 1111 1110 1111 1111 1011 1111 1101 1111 1111 1111 1111 0111 0111 1111 1111 1111# after SR MC SR
00:13:11.622.661 INFO root: 0100 1010 1111 0010 0010 1111 0001 0010 0101 0100 1111 1111 1000 1111 0101 1011# after SSB
00:13:11.622.661 INFO root: 0111 1011 0111 0000 0111 1011 1100 0111 1101 0000 1101 1000 0111 1101 0001 0011# after SR MC SR
00:13:11.623.662 INFO root: 0000 0000 0010 0000 0001 0000 0000 1000 0100 0010 0000 0000 0000 0000 1000 0000# after SSB
00:13:11.623.662 INFO root: 0000 0000 0000 0111 0000 0000 0000 0000 0000 0000 0000 0000 0000 0000 0000 0111# after SR MC SR
00:13:11.624.662 INFO root: 
00:13:11.624.663 INFO root: new trail: 0111000011000000 -> 0111000000000111
00:13:11.627.665 INFO root: #trails 13 
00:13:11.627.666 INFO root: mask pair #421 / 65025: 0111011000010000 1011101000010001anfI_max <DenseSet hash=46e09dad54d4b752 n=16 wt=87 | 3:1 4:9 5:58 6:19> anfO_max <DenseSet hash=ebd4496e0c7b126c n=16 wt=84 | 3:3 4:14 5:46 6:21>
00:13:17.702.741 INFO root: solving SAT...
00:13:44.729.768 INFO root: SAT solve time: 27.02653193473816
00:13:44.729.768 INFO root: SAT_times: 10.7 - 118.5, avg 38.5 med 36.2
00:13:44.730.769 INFO root: middle division transition ~0000110110110000 -> 0111000000001011 (~6 -> 6)
00:13:44.730.769 INFO root: mid transition: 0000110110110000 0111000000001011 6 6
00:13:44.730.769 INFO root: full trace:
00:13:44.731.769 INFO root: 1111 1111 1111 1111 1111 0010 1111 1111 1111 0100 1111 1111 1111 1111 1111 1111# initial
00:13:44.731.770 INFO root: 1101 1111 1111 0111 1111 1111 1110 1111 1111 1011 1111 1111 1111 1001 1111 1111# after SR MC SR
00:13:44.731.770 INFO root: 0101 0100 0100 1011 1111 1111 1111 1101 0011 0011 1100 1111 0111 0000 1111 1000# after SSB
00:13:44.732.771 INFO root: 1011 1101 1011 1011 1011 0111 1011 1101 0000 1011 0000 1101 1111 1101 1101 0000# after SR MC SR
00:13:44.732.771 INFO root: 0000 0000 0100 0100 0100 0000 0000 0000 1000 0001 0000 0000 0000 0100 0000 0000# after SSB
00:13:44.733.771 INFO root: 0000 0000 0000 0111 0000 0000 0000 0000 0000 0000 0000 0000 0000 0000 0000 1011# after SR MC SR
00:13:44.733.772 INFO root: 
00:13:44.733.772 INFO root: new trail: 0000110110110000 -> 0111000000001011
00:13:44.736.775 INFO root: #trails 14 
00:13:44.736.775 INFO root: mask pair #692 / 65025: 0110000100010001 1010101010110000anfI_max <DenseSet hash=9ca5b36c65c45975 n=16 wt=104 | 3:2 4:20 5:63 6:19> anfO_max <DenseSet hash=ebdc47b87946ff0f n=16 wt=83 | 3:3 4:13 5:45 6:22>
00:13:50.587.626 INFO root: solving SAT...
00:14:24.184.223 INFO root: SAT solve time: 33.59682893753052
00:14:24.185.224 INFO root: SAT_times: 10.7 - 118.5, avg 38.2 med 36.1
00:14:24.185.224 INFO root: middle division transition ~1011000000001011 -> 1101011100000000 (~6 -> 6)
00:14:24.185.224 INFO root: mid transition: 1011000000001011 1101011100000000 6 6
00:14:24.186.224 INFO root: full trace:
00:14:24.186.225 INFO root: 1111 0100 1111 1111 1111 1111 1111 1111 1111 1111 1111 1111 1111 0100 1111 1111# initial
00:14:24.186.225 INFO root: 1111 1110 1101 1111 1111 1011 1111 1111 1111 1111 1111 0111 1111 1111 1011 1011# after SR MC SR
00:14:24.187.226 INFO root: 1111 0100 0100 0010 1111 0001 1111 0000 1111 0010 0000 0100 1111 0010 1000 1111# after SSB
00:14:24.187.226 INFO root: 1010 1111 0000 0000 0000 1101 1010 1111 1000 1100 0111 1011 0111 0000 0111 0110# after SR MC SR
00:14:24.187.226 INFO root: 0000 0000 0000 1000 1000 1000 0000 0000 0000 1000 0010 0000 0000 0000 0000 0100# after SSB
00:14:24.188.227 INFO root: 0000 0000 0000 1101 0000 0000 0000 0111 0000 0000 0000 0000 0000 0000 0000 0000# after SR MC SR
00:14:24.188.227 INFO root: 
00:14:24.188.227 INFO root: new trail: 1011000000001011 -> 1101011100000000
00:14:24.201.240 INFO root: #trails 15 
00:14:24.202.241 INFO root: mask pair #2252 / 65025: 0000000100010111 1011000110100000anfI_max <DenseSet hash=5cf42c8c21fc39ab n=16 wt=78 | 3:3 4:6 5:47 6:22> anfO_max <DenseSet hash=ce81234de2986041 n=16 wt=78 | 3:2 4:14 5:33 6:29>
00:14:30.568.607 INFO root: solving SAT...
00:16:26.274.313 INFO root: SAT solve time: 115.70530581474304
00:16:26.274.313 INFO root: SAT_times: 10.7 - 118.5, avg 43.1 med 36.2
00:16:26.275.314 INFO root: middle division transition ~0000110100000111 -> 1011000000001011 (~6 -> 6)
00:16:26.275.314 INFO root: mid transition: 0000110100000111 1011000000001011 6 6
00:16:26.275.314 INFO root: full trace:
00:16:26.276.315 INFO root: 1111 1111 1111 1111 1111 0010 1111 1111 1111 1111 1111 1111 1111 1000 1111 1111# initial
00:16:26.276.315 INFO root: 0111 1111 1111 1111 1111 1011 1111 1011 0111 1111 1011 1111 1111 1111 1111 1101# after SR MC SR
00:16:26.277.316 INFO root: 1111 1111 0100 1110 1000 0100 0100 1111 0010 1110 1111 1000 0000 0100 0010 0000# after SSB
00:16:26.278.316 INFO root: 1100 1100 0000 0111 0010 1101 1001 0110 0000 1101 1001 0000 0000 1110 1011 1111# after SR MC SR
00:16:26.278.317 INFO root: 0000 0000 1000 0010 0001 0000 0000 0100 0000 0001 0000 0000 0000 0100 0000 0000# after SSB
00:16:26.279.317 INFO root: 0000 0000 0000 1011 0000 0000 0000 0000 0000 0000 0000 0000 0000 0000 0000 1011# after SR MC SR
00:16:26.279.318 INFO root: 
00:16:26.279.318 INFO root: new trail: 0000110100000111 -> 1011000000001011
00:16:26.296.335 INFO root: #trails 16 
00:16:26.297.336 INFO root: mask pair #3612 / 65025: 0000000000000110 0000101110100001anfI_max <DenseSet hash=68c34902e61fdf85 n=16 wt=92 | 3:2 4:18 5:64 6:8> anfO_max <DenseSet hash=ccdfad3714fcd29f n=16 wt=81 | 3:2 4:17 5:45 6:17>
00:16:33.538.577 INFO root: solving SAT...
00:16:48.123.162 INFO root: SAT solve time: 14.584904670715332
00:16:48.124.163 INFO root: SAT_times: 10.7 - 118.5, avg 41.4 med 36.1
00:16:48.124.163 INFO root: middle division transition ~1011000000000011 -> 0000000001110111 (~5 -> 6)
00:16:48.124.163 INFO root: mid transition: 1011000000000011 0000000001110111 5 6
00:16:48.125.164 INFO root: full trace:
00:16:48.125.164 INFO root: 1111 0100 1111 1111 1111 1111 1111 1111 1111 1111 1111 1111 1111 1100 1111 1111# initial
00:16:48.126.165 INFO root: 1111 1011 0110 1111 0111 1111 1111 1111 1111 1111 1111 1101 1111 1111 1111 1111# after SR MC SR
00:16:48.126.165 INFO root: 1010 1111 0100 0010 0101 0010 0010 1111 1001 0101 0100 1011 1111 1111 1111 1010# after SSB
00:16:48.127.166 INFO root: 0111 0111 1111 0111 1110 1101 0000 0000 1001 0111 0111 0111 1110 0000 0111 1010# after SR MC SR
00:16:48.128.166 INFO root: 0000 0000 0010 0000 0000 0000 1000 0000 0010 0000 0000 1000 1000 0100 0000 0000# after SSB
00:16:48.128.167 INFO root: 0000 0000 0000 0000 0000 0000 0000 0000 0000 0000 0000 0111 0000 0000 0000 0111# after SR MC SR
00:16:48.128.167 INFO root: 
00:16:48.129.167 INFO root: new trail: 1011000000000011 -> 0000000001110111
00:16:48.142.181 INFO root: #trails 17 
00:16:48.143.181 INFO root: mask pair #4699 / 65025: 0110011000000001 0001101100011011anfI_max <DenseSet hash=5dcedb7458fee61f n=16 wt=100 | 3:2 4:24 5:58 6:16> anfO_max <DenseSet hash=4a53ab56ea67d650 n=16 wt=62 | 3:5 4:13 5:18 6:26>
00:16:57.603.642 INFO root: solving SAT...
00:17:21.105.144 INFO root: SAT solve time: 23.50127410888672
00:17:21.105.144 INFO root: SAT_times: 10.7 - 118.5, avg 40.4 med 36.1
00:17:21.106.145 INFO root: middle division transition ~1011011100000000 -> 0101110100000000 (~6 -> 5)
00:17:21.106.145 INFO root: mid transition: 1011011100000000 0101110100000000 6 5
00:17:21.106.145 INFO root: full trace:
00:17:21.107.146 INFO root: 1111 0100 1111 1111 1111 1000 1111 1111 1111 1111 1111 1111 1111 1111 1111 1111# initial
00:17:21.107.146 INFO root: 1111 0111 1111 1111 1011 1111 1111 1011 1111 1111 1010 1111 1111 1111 1101 1111# after SR MC SR
00:17:21.108.147 INFO root: 1000 1111 1111 1111 1111 0100 0000 0001 1010 0011 0110 0011 0100 0100 0010 1111# after SSB
00:17:21.108.147 INFO root: 1011 0111 0111 0111 0000 1110 1100 1011 0011 0111 0000 0011 1101 0011 0110 0000# after SR MC SR
00:17:21.109.148 INFO root: 0000 0000 0000 0000 0100 0010 0000 0000 0000 1000 0010 0000 0000 0000 0000 0100# after SSB
00:17:21.109.148 INFO root: 0000 0000 0000 0101 0000 0000 0000 1101 0000 0000 0000 0000 0000 0000 0000 0000# after SR MC SR
00:17:21.110.149 INFO root: 
00:17:21.110.149 INFO root: new trail: 1011011100000000 -> 0101110100000000
00:17:21.121.160 INFO root: #trails 18 
00:17:21.121.160 INFO root: mask pair #5592 / 65025: 0000000000000110 0000000000001010anfI_max <DenseSet hash=68c34902e61fdf85 n=16 wt=92 | 3:2 4:18 5:64 6:8> anfO_max <DenseSet hash=4770c501345291cf n=16 wt=66 | 3:4 4:14 5:32 6:16>
00:17:27.344.383 INFO root: solving SAT...
00:18:59.858.897 INFO root: SAT solve time: 92.51357984542847
00:18:59.858.897 INFO root: SAT_times: 10.7 - 118.5, avg 43.1 med 36.1
00:18:59.859.898 INFO root: middle division transition ~1011101100000000 -> 0000000001111011 (~6 -> 6)
00:18:59.859.898 INFO root: mid transition: 1011101100000000 0000000001111011 6 6
00:18:59.859.898 INFO root: full trace:
00:18:59.860.898 INFO root: 1111 0100 1111 1111 1111 0100 1111 1111 1111 1111 1111 1111 1111 1111 1111 1111# initial
00:18:59.860.899 INFO root: 0111 1111 1111 1111 1101 1111 1111 1101 1111 1111 1111 1110 1111 0111 1101 1111# after SR MC SR
00:18:59.860.899 INFO root: 0100 0111 1100 1100 0100 1100 1100 1111 0010 1000 0100 1111 0100 1111 1111 0000# after SSB
00:18:59.861.900 INFO root: 0100 1111 1101 0011 1110 1011 0001 0000 1010 1100 0111 1011 1110 0000 0000 1101# after SR MC SR
00:18:59.861.900 INFO root: 0000 0100 0000 0000 0000 0000 0100 0100 0010 0000 0000 0000 0010 0100 0000 0000# after SSB
00:18:59.862.900 INFO root: 0000 0000 0000 0000 0000 0000 0000 0000 0000 0000 0000 0111 0000 0000 0000 1011# after SR MC SR
00:18:59.862.901 INFO root: 
00:18:59.862.901 INFO root: new trail: 1011101100000000 -> 0000000001111011
00:18:59.876.915 INFO root: #trails 19 
00:18:59.876.915 INFO root: mask pair #7424 / 65025: 0001000101100110 0000000010110000anfI_max <DenseSet hash=ead42ce4be027983 n=16 wt=96 | 3:2 4:12 5:62 6:20> anfO_max <DenseSet hash=4538e1ec0db6e265 n=16 wt=59 | 3:5 4:16 5:24 6:14>
00:19:06.630.669 INFO root: solving SAT...
00:19:27.003.042 INFO root: SAT solve time: 20.37300205230713
00:19:27.004.043 INFO root: SAT_times: 10.7 - 118.5, avg 42.0 med 36.1
00:19:27.004.043 INFO root: middle division transition ~0000010110110000 -> 0111000001110000 (~5 -> 6)
00:19:27.005.043 INFO root: mid transition: 0000010110110000 0111000001110000 5 6
00:19:27.005.044 INFO root: full trace:
00:19:27.005.044 INFO root: 1111 1111 1111 1111 1111 1010 1111 1111 1111 0100 1111 1111 1111 1111 1111 1111# initial
00:19:27.006.045 INFO root: 1101 1111 1111 1111 1111 1111 0111 1101 1111 0111 1111 1111 0111 1111 1111 1111# after SR MC SR
00:19:27.006.045 INFO root: 1001 1111 1111 1111 0000 1000 1101 0010 1111 0100 1000 0100 1000 1000 1000 0101# after SSB
00:19:27.007.046 INFO root: 0000 0000 1011 0100 1011 0010 0100 0000 1111 0100 0111 0111 1011 1011 1011 0110# after SR MC SR
00:19:27.007.046 INFO root: 0000 1000 0000 1000 0100 0000 1000 0000 0000 0000 0000 0000 0100 0000 1000 0000# after SSB
00:19:27.008.047 INFO root: 0000 0000 0000 0111 0000 0000 0000 0000 0000 0000 0000 0111 0000 0000 0000 0000# after SR MC SR
00:19:27.008.047 INFO root: 
00:19:27.008.047 INFO root: new trail: 0000010110110000 -> 0111000001110000
00:19:27.027.066 INFO root: #trails 20 
00:19:27.028.067 INFO root: mask pair #9055 / 65025: 0110000101100110 0000000110110000anfI_max <DenseSet hash=a1bcd25aeae7fa2c n=16 wt=93 | 3:2 4:11 5:56 6:24> anfO_max <DenseSet hash=803f4267f7f43d75 n=16 wt=85 | 3:4 4:21 5:45 6:15>
00:19:34.390.428 INFO root: solving SAT...
00:20:41.770.809 INFO root: SAT solve time: 67.38019466400146
00:20:41.771.810 INFO root: SAT_times: 10.7 - 118.5, avg 43.2 med 36.1
00:20:41.771.810 INFO root: middle division transition ~0000110100001101 -> 0111000000001101 (~6 -> 6)
00:20:41.772.811 INFO root: mid transition: 0000110100001101 0111000000001101 6 6
00:20:41.772.811 INFO root: full trace:
00:20:41.773.811 INFO root: 1111 1111 1111 1111 1111 0010 1111 1111 1111 1111 1111 1111 1111 0010 1111 1111# initial
00:20:41.773.812 INFO root: 0111 1111 1011 1111 1111 1111 1111 1111 0111 1111 0111 1111 1111 1101 1111 1101# after SR MC SR
00:20:41.774.813 INFO root: 0001 0010 1010 0100 0001 1111 1111 1000 0101 1001 0000 0101 1111 1001 0100 1111# after SSB
00:20:41.774.813 INFO root: 1110 1110 0111 0000 1101 0000 1100 1100 0100 0000 1001 1001 1101 1100 0111 0111# after SR MC SR
00:20:41.775.814 INFO root: 0000 0000 1000 1000 0001 0000 0000 0000 0010 0000 0000 0000 0000 0010 0001 0000# after SSB
00:20:41.775.814 INFO root: 0000 0000 0000 0111 0000 0000 0000 0000 0000 0000 0000 0000 0000 0000 0000 1101# after SR MC SR
00:20:41.776.815 INFO root: 
00:20:41.776.815 INFO root: new trail: 0000110100001101 -> 0111000000001101
00:20:41.829.867 INFO root: #trails 21 
00:20:41.829.868 INFO root: mask pair #12919 / 65025: 0000000000000110 0000000100011010anfI_max <DenseSet hash=68c34902e61fdf85 n=16 wt=92 | 3:2 4:18 5:64 6:8> anfO_max <DenseSet hash=63dded585162c8cd n=16 wt=71 | 3:8 4:16 5:23 6:24>
00:20:47.911.950 INFO root: solving SAT...
00:22:17.732.771 INFO root: SAT solve time: 89.82033824920654
00:22:17.733.771 INFO root: SAT_times: 10.7 - 118.5, avg 45.3 med 36.2
00:22:17.733.772 INFO root: middle division transition ~0000110100110000 -> 0000110100001101 (~5 -> 6)
00:22:17.733.772 INFO root: mid transition: 0000110100110000 0000110100001101 5 6
00:22:17.734.772 INFO root: full trace:
00:22:17.734.773 INFO root: 1111 1111 1111 1111 1111 0010 1111 1111 1111 1100 1111 1111 1111 1111 1111 1111# initial
00:22:17.735.774 INFO root: 1111 1111 1111 1111 1111 1111 1011 1101 1111 1111 1101 1111 1011 1011 1111 1111# after SR MC SR
00:22:17.735.774 INFO root: 1000 1111 1111 0101 1111 0010 0000 1111 0100 0101 0100 0100 0100 1010 0011 0101# after SSB
00:22:17.736.775 INFO root: 1110 0111 1110 1111 1101 1101 1011 0000 1110 0000 0000 0000 1011 1010 0000 1010# after SR MC SR
00:22:17.736.775 INFO root: 0010 0000 0100 0000 0000 0010 0000 1000 0010 0000 0000 0000 0000 0000 0000 0100# after SSB
00:22:17.737.776 INFO root: 0000 0000 0000 0000 0000 0000 0000 1101 0000 0000 0000 0000 0000 0000 0000 1101# after SR MC SR
00:22:17.737.776 INFO root: 
00:22:17.738.776 INFO root: new trail: 0000110100110000 -> 0000110100001101
00:22:17.786.825 INFO root: #trails 22 
00:22:17.786.825 INFO root: mask pair #16640 / 65025: 0110011000000001 0001101000001011anfI_max <DenseSet hash=5dcedb7458fee61f n=16 wt=100 | 3:2 4:24 5:58 6:16> anfO_max <DenseSet hash=825738baa78d9184 n=16 wt=83 | 2:1 3:4 4:20 5:38 6:20>
00:22:23.884.923 INFO root: solving SAT...
00:23:13.780.819 INFO root: SAT solve time: 49.895652532577515
00:23:13.781.820 INFO root: SAT_times: 10.7 - 118.5, avg 45.5 med 36.2
00:23:13.781.820 INFO root: middle division transition ~1100000010110000 -> 0000100110110000 (~5 -> 5)
00:23:13.782.821 INFO root: mid transition: 1100000010110000 0000100110110000 5 5
00:23:13.782.821 INFO root: full trace:
00:23:13.782.821 INFO root: 1111 0011 1111 1111 1111 1111 1111 1111 1111 0100 1111 1111 1111 1111 1111 1111# initial
00:23:13.783.822 INFO root: 1111 1111 1111 0111 1101 1111 1011 1111 1111 1011 1111 1111 1111 1111 0111 1111# after SR MC SR
00:23:13.784.822 INFO root: 0011 0101 1111 0100 1000 0010 0110 0010 1111 0010 1010 1111 1000 1111 0000 1111# after SSB
00:23:13.784.823 INFO root: 1011 0000 0111 0000 0111 0111 0111 1011 1101 0000 0000 0111 0000 1110 1101 1111# after SR MC SR
00:23:13.785.824 INFO root: 0000 0000 0000 0000 0000 0010 1000 0000 0000 0000 0000 0100 0100 0000 0000 0100# after SSB
00:23:13.785.824 INFO root: 0000 0000 0000 0000 0000 0000 0000 1001 0000 0000 0000 1011 0000 0000 0000 0000# after SR MC SR
00:23:13.786.824 INFO root: 
00:23:13.786.825 INFO root: new trail: 1100000010110000 -> 0000100110110000
00:23:13.787.826 INFO root: #trails 23 
00:23:13.788.827 INFO root: mask pair #16655 / 65025: 0001011101100000 1010000000000000anfI_max <DenseSet hash=3491516ac9e3f559 n=16 wt=99 | 3:3 4:26 5:47 6:23> anfO_max <DenseSet hash=4d700f45c27717be n=16 wt=76 | 3:9 4:32 5:27 6:8>
00:23:20.053.092 INFO root: solving SAT...
00:24:12.078.117 INFO root: SAT solve time: 52.024585247039795
00:24:12.078.117 INFO root: SAT_times: 10.7 - 118.5, avg 45.8 med 36.5
00:24:12.079.117 INFO root: middle division transition ~0000011100001100 -> 1011000000000111 (~5 -> 6)
00:24:12.079.118 INFO root: mid transition: 0000011100001100 1011000000000111 5 6
00:24:12.079.118 INFO root: full trace:
00:24:12.079.118 INFO root: 1111 1111 1111 1111 1111 1000 1111 1111 1111 1111 1111 1111 1111 0011 1111 1111# initial
00:24:12.080.119 INFO root: 1101 1111 1101 1111 1111 1111 1111 1111 1111 1111 1111 1111 1111 1010 1111 1110# after SR MC SR
00:24:12.080.119 INFO root: 1111 1111 1111 0010 1000 0010 0011 1111 1001 0100 1000 1111 1000 0101 0010 0100# after SSB
00:24:12.081.119 INFO root: 1111 1010 0111 0000 1101 1011 1111 0000 1011 0000 0000 1011 0000 1011 1101 1110# after SR MC SR
00:24:12.081.120 INFO root: 0000 0000 1000 1000 1000 0000 0000 0000 0100 0000 0000 0000 0000 1000 1000 0000# after SSB
00:24:12.081.120 INFO root: 0000 0000 0000 1011 0000 0000 0000 0000 0000 0000 0000 0000 0000 0000 0000 0111# after SR MC SR
00:24:12.081.120 INFO root: 
00:24:12.082.120 INFO root: new trail: 0000011100001100 -> 1011000000000111
00:24:12.186.225 INFO root: #trails 24 
00:24:12.187.226 INFO root: mask pair #30052 / 65025: 0111011101110110 0000000100000000anfI_max <DenseSet hash=14721abf6906770d n=16 wt=98 | 3:2 4:30 5:44 6:22> anfO_max <DenseSet hash=e602ded485a2d8fc n=16 wt=77 | 3:5 4:19 5:42 6:11>
00:24:18.013.052 INFO root: solving SAT...
00:25:58.818.857 INFO root: SAT solve time: 100.80494737625122
00:25:58.819.857 INFO root: SAT_times: 10.7 - 118.5, avg 48.0 med 36.5
00:25:58.819.858 INFO root: middle division transition ~0111000010110000 -> 0000001101110000 (~6 -> 5)
00:25:58.819.858 INFO root: mid transition: 0111000010110000 0000001101110000 6 5
00:25:58.819.858 INFO root: full trace:
00:25:58.820.859 INFO root: 1111 1000 1111 1111 1111 1111 1111 1111 1111 0100 1111 1111 1111 1111 1111 1111# initial
00:25:58.820.859 INFO root: 1111 1110 1111 1111 1111 1111 1110 1111 1111 1011 1111 1011 1101 1111 1011 1111# after SR MC SR
00:25:58.821.859 INFO root: 1111 0010 0010 1111 1111 1010 0010 0100 0001 0010 1000 0001 0110 1000 0010 1111# after SSB
00:25:58.821.860 INFO root: 0110 1100 1101 0110 0000 0000 1101 1101 0000 0011 1011 0000 0111 1011 1101 0001# after SR MC SR
00:25:58.821.860 INFO root: 0000 0000 0000 0000 0000 0100 0100 0000 0000 0000 0001 0010 0001 0000 0000 0000# after SSB
00:25:58.822.861 INFO root: 0000 0000 0000 0000 0000 0000 0000 0011 0000 0000 0000 0111 0000 0000 0000 0000# after SR MC SR
00:25:58.822.861 INFO root: 
00:25:58.822.861 INFO root: new trail: 0111000010110000 -> 0000001101110000
00:25:58.921.960 INFO root: #trails 25 
00:25:58.921.960 INFO root: mask pair #43446 / 65025: 0110011101110110 0000000110110000anfI_max <DenseSet hash=cfa6c3dd385c6182 n=16 wt=94 | 3:3 4:10 5:62 6:19> anfO_max <DenseSet hash=803f4267f7f43d75 n=16 wt=85 | 3:4 4:21 5:45 6:15>
00:26:04.939.978 INFO root: solving SAT...
00:26:16.229.267 INFO root: SAT solve time: 11.289123296737671
00:26:16.229.268 INFO root: SAT_times: 10.7 - 118.5, avg 46.6 med 36.5
00:26:16.229.268 INFO root: middle division transition ~0111000000001011 -> 1011100100000000 (~6 -> 5)
00:26:16.230.268 INFO root: mid transition: 0111000000001011 1011100100000000 6 5
00:26:16.230.269 INFO root: full trace:
00:26:16.230.269 INFO root: 1111 1000 1111 1111 1111 1111 1111 1111 1111 1111 1111 1111 1111 0100 1111 1111# initial
00:26:16.231.269 INFO root: 1111 1001 1101 1111 1111 1101 1111 1111 1011 1111 1111 0111 1111 1111 1111 1111# after SR MC SR
00:26:16.231.270 INFO root: 0100 1000 0010 1110 1111 1111 0111 0010 0010 1000 1111 1111 1111 0000 1000 1000# after SSB
00:26:16.231.270 INFO root: 0000 1110 0000 1101 0111 0000 1011 0111 1011 0000 1111 1101 1101 0111 1101 0000# after SR MC SR
00:26:16.232.270 INFO root: 0000 0000 0000 0000 0010 0000 0000 0000 0000 0100 0010 0000 0000 0000 1000 0100# after SSB
00:26:16.232.271 INFO root: 0000 0000 0000 1011 0000 0000 0000 1001 0000 0000 0000 0000 0000 0000 0000 0000# after SR MC SR
00:26:16.232.271 INFO root: 
00:26:16.232.271 INFO root: new trail: 0111000000001011 -> 1011100100000000
00:26:16.386.425 INFO root: 
00:26:16.386.425 INFO root: final SAT_times: 10.7 - 118.5, avg 46.6 med 36.5
00:26:16.387.425 INFO root: SAT_times all [10.688476800918579, 11.289123296737671, 14.584904670715332, 14.74357533454895, 20.37300205230713, 23.50127410888672, 25.146947860717773, 27.02653193473816, 29.91505742073059, 31.916858673095703, 33.59682893753052, 36.085673332214355, 36.202714920043945, 36.50380730628967, 37.20973539352417, 43.055482387542725, 44.76017999649048, 47.89907479286194, 49.895652532577515, 52.024585247039795, 67.38019466400146, 89.82033824920654, 92.51357984542847, 100.80494737625122, 115.70530581474304, 118.47602605819702]
00:26:16.387.426 INFO root: Trails:
00:26:16.387.426 INFO root: trail ~0000000011010111 -> 0000101100001101: 1111111111111111111111111111111111110010111111111111100011111111 1111111111111111111111011011111101110111111111111101111111110111 0000100000101111001011110010111100100000010000011111001011110100 0111110000000111000000000111111011111110000001110000000010011101 0001000000000000000000000000001001000000000100000000001000000001 0000000000000000000000000000101100000000000000000000000000001101
00:26:16.388.426 INFO root: trail ~0000110001110000 -> 0111000000001101: 1111111111111111111100111111111111111000111111111111111111111111 0111111111111101111111110111111111111110111111111111111011111111 1111010010001111001010001000111101001011001000011000100011110100 1111101111010111000011110111111000000111000000001011000010000000 0000000000000000000100000000001001001000000000000000100000100000 0000000000000111000000000000000000000000000000000000000000001101
00:26:16.388.427 INFO root: trail ~0111000011010000 -> 0000100110110000: 1111100011111111111111111111111111110010111111111111111111111111 1111111111111011101111111111111111111001111111011111111101111111 1000111111111111100011110100001011110001001000001100100001001001 0000000011100000011001110001101111001011011011010111011100110011 0010001000000000000000000001000000000000100000100000000000000000 0000000000000000000000000000100100000000000010110000000000000000
00:26:16.388.427 INFO root: trail ~1011000010110000 -> 1101000000110000: 1111010011111111111111111111111111110100111111111111111111111111 1111011111110111101111111111111111110111111111111101111111011111 0001010000101111100000100100010000100100111111100001000101000100 1111101100000000000001110000011100001111000010111110000000000100 0000001000000010010000000000000000001000000000000100000000000000 0000000000001101000000000000000000000000000000110000000000000000
00:26:16.389.428 INFO root: trail ~0111110100000000 -> 0000011100001101: 1111100011111111111100101111111111111111111111111111111111111111 1110101111111111110111111111111111111111110111011111011111111111 1111000011100010001010000010010100001111001011111111001011110010 0111011100000000011111011011011100001111100011010111000000001101 0000000010000000000000100000000000100000000000000000010000001001 0000000000000000000000000000011100000000000000000000000000001101
00:26:16.389.428 INFO root: trail ~1011000000001101 -> 1101101100000000: 1111010011111111111111111111111111111111111111111111001011111111 1111101111011111111111111111111101111111111101111111111111011011 0010000111110000100011110111110011111111000011111000001001001111 1110000011010000011110110000001010011101110111101110100101111110 0010000000000100010000100000000000000000000000000000000001000001 0000000000001101000000000000101100000000000000000000000000000000
00:26:16.390.428 INFO root: trail ~0101110100000000 -> 1011000000001100: 1111101011111111111100101111111111111111111111111111111111111111 1111110111111111101111111111110111111111011111111111011111111111 1000111101000100100001001000111101001100010001001111000011111010 1101111101111010000000001100000000000001000001110111001111011101 0000000001000100001000000000000000000100000000000000100000000000 0000000000001011000000000000000000000000000000000000000000001100
00:26:16.390.429 INFO root: trail ~0000000010010111 -> 0111011100000000: 1111111111111111111111111111111111110110111111111111100011111111 1111111101111111111101111101111111111111111111111011111111111011 0010010100011000111101000110111101001000001110001001111100011010 1011011100001101000101110000110111111111000011010000000000001110 1000000000000100001001000000000000000010000000000000000000001000 0000000000000111000000000000011100000000000000000000000000000000
00:26:16.390.429 INFO root: trail ~0000000010111011 -> 1011101100000000: 1111111111111111111111111111111111110100111111111111010011111111 1111111101111111111111011001111111111111111111111110111111111110 1111101001001111111111010010010001011111000111110100010000011001 0111110111011111000000001110011001100111001111000111110111100000 0000000000001000100010000000000000000000100000000000000010000010 0000000000001011000000000000101100000000000000000000000000000000
00:26:16.391.430 INFO root: trail ~0000010100001101 -> 0000001101110000: 1111111111111111111110101111111111111111111111111111001011111111 1111111110111111111101111111101111111111101111111111111111111101 1111100001000100111100100000100111111111111110001111010010000100 1101000000001111101101111101110101111101100100000000100101110110 0100010000000000000000001000000000000000000001000000000000000100 0000000000000000000000000000001100000000000001110000000000000000
00:26:16.391.430 INFO root: trail ~0111011100000000 -> 0000000010111101: 1111100011111111111110001111111111111111111111111111111111111111 1101101111111111111111111111011111111111111101111111101111101111 1101100010000001111111111111010011101000001011101100000011110010 0111101111111001101100010110101100000111000000100111101101110000 0000100010000000000000001000010000000000000000000100001000000000 0000000000000000000000000000000000000000000010110000000000001101
00:26:16.392.430 INFO root: trail ~0000101111010000 -> 1101000001110000: 1111111111111111111101001111111111110010111111111111111111111111 0111111111111101111111110111101111111111111111111101011111111111 0000000110011000111111110100100010001111111110001001001110000001 0101010101111011111000001011010000011011111100000010110000000101 0000100000000100010000001000000000000000000000001000000001000000 0000000000001101000000000000000000000000000001110000000000000000
00:26:16.392.431 INFO root: trail ~0111000011000000 -> 0111000000000111: 1111100011111111111111111111111111110011111111111111111111111111 1111111011111111101111111101111111111111111101110111111111111111 0100101011110010001011110001001001010100111111111000111101011011 0111101101110000011110111100011111010000110110000111110100010011 0000000000100000000100000000100001000010000000000000000010000000 0000000000000111000000000000000000000000000000000000000000000111
00:26:16.392.431 INFO root: trail ~0000110110110000 -> 0111000000001011: 1111111111111111111100101111111111110100111111111111111111111111 1101111111110111111111111110111111111011111111111111100111111111 0101010001001011111111111111110100110011110011110111000011111000 1011110110111011101101111011110100001011000011011111110111010000 0000000001000100010000000000000010000001000000000000010000000000 0000000000000111000000000000000000000000000000000000000000001011
00:26:16.393.432 INFO root: trail ~1011000000001011 -> 1101011100000000: 1111010011111111111111111111111111111111111111111111010011111111 1111111011011111111110111111111111111111111101111111111110111011 1111010001000010111100011111000011110010000001001111001010001111 1010111100000000000011011010111110001100011110110111000001110110 0000000000001000100010000000000000001000001000000000000000000100 0000000000001101000000000000011100000000000000000000000000000000
00:26:16.393.432 INFO root: trail ~0000110100000111 -> 1011000000001011: 1111111111111111111100101111111111111111111111111111100011111111 0111111111111111111110111111101101111111101111111111111111111101 1111111101001110100001000100111100101110111110000000010000100000 1100110000000111001011011001011000001101100100000000111010111111 0000000010000010000100000000010000000001000000000000010000000000 0000000000001011000000000000000000000000000000000000000000001011
00:26:16.394.433 INFO root: trail ~1011000000000011 -> 0000000001110111: 1111010011111111111111111111111111111111111111111111110011111111 1111101101101111011111111111111111111111111111011111111111111111 1010111101000010010100100010111110010101010010111111111111111010 0111011111110111111011010000000010010111011101111110000001111010 0000000000100000000000001000000000100000000010001000010000000000 0000000000000000000000000000000000000000000001110000000000000111
00:26:16.394.433 INFO root: trail ~1011011100000000 -> 0101110100000000: 1111010011111111111110001111111111111111111111111111111111111111 1111011111111111101111111111101111111111101011111111111111011111 1000111111111111111101000000000110100011011000110100010000101111 1011011101110111000011101100101100110111000000111101001101100000 0000000000000000010000100000000000001000001000000000000000000100 0000000000000101000000000000110100000000000000000000000000000000
00:26:16.395.433 INFO root: trail ~1011101100000000 -> 0000000001111011: 1111010011111111111101001111111111111111111111111111111111111111 0111111111111111110111111111110111111111111111101111011111011111 0100011111001100010011001100111100101000010011110100111111110000 0100111111010011111010110001000010101100011110111110000000001101 0000010000000000000000000100010000100000000000000010010000000000 0000000000000000000000000000000000000000000001110000000000001011
00:26:16.395.434 INFO root: trail ~0000010110110000 -> 0111000001110000: 1111111111111111111110101111111111110100111111111111111111111111 1101111111111111111111110111110111110111111111110111111111111111 1001111111111111000010001101001011110100100001001000100010000101 0000000010110100101100100100000011110100011101111011101110110110 0000100000001000010000001000000000000000000000000100000010000000 0000000000000111000000000000000000000000000001110000000000000000
00:26:16.396.434 INFO root: trail ~0000110100001101 -> 0111000000001101: 1111111111111111111100101111111111111111111111111111001011111111 0111111110111111111111111111111101111111011111111111110111111101 0001001010100100000111111111100001011001000001011111100101001111 1110111001110000110100001100110001000000100110011101110001110111 0000000010001000000100000000000000100000000000000000001000010000 0000000000000111000000000000000000000000000000000000000000001101
00:26:16.396.435 INFO root: trail ~0000110100110000 -> 0000110100001101: 1111111111111111111100101111111111111100111111111111111111111111 1111111111111111111111111011110111111111110111111011101111111111 1000111111110101111100100000111101000101010001000100101000110101 1110011111101111110111011011000011100000000000001011101000001010 0010000001000000000000100000100000100000000000000000000000000100 0000000000000000000000000000110100000000000000000000000000001101
00:26:16.396.435 INFO root: trail ~1100000010110000 -> 0000100110110000: 1111001111111111111111111111111111110100111111111111111111111111 1111111111110111110111111011111111111011111111111111111101111111 0011010111110100100000100110001011110010101011111000111100001111 1011000001110000011101110111101111010000000001110000111011011111 0000000000000000000000101000000000000000000001000100000000000100 0000000000000000000000000000100100000000000010110000000000000000
00:26:16.397.436 INFO root: trail ~0000011100001100 -> 1011000000000111: 1111111111111111111110001111111111111111111111111111001111111111 1101111111011111111111111111111111111111111111111111101011111110 1111111111110010100000100011111110010100100011111000010100100100 1111101001110000110110111111000010110000000010110000101111011110 0000000010001000100000000000000001000000000000000000100010000000 0000000000001011000000000000000000000000000000000000000000000111
00:26:16.397.436 INFO root: trail ~0111000010110000 -> 0000001101110000: 1111100011111111111111111111111111110100111111111111111111111111 1111111011111111111111111110111111111011111110111101111110111111 1111001000101111111110100010010000010010100000010110100000101111 0110110011010110000000001101110100000011101100000111101111010001 0000000000000000000001000100000000000000000100100001000000000000 0000000000000000000000000000001100000000000001110000000000000000
00:26:16.398.436 INFO root: trail ~0111000000001011 -> 1011100100000000: 1111100011111111111111111111111111111111111111111111010011111111 1111100111011111111111011111111110111111111101111111111111111111 0100100000101110111111110111001000101000111111111111000010001000 0000111000001101011100001011011110110000111111011101011111010000 0000000000000000001000000000000000000100001000000000000010000100 0000000000001011000000000000100100000000000000000000000000000000
00:26:16.398.437 INFO root: 
00:26:16.398.437 INFO root: Greedy:
00:26:16.415.454 INFO root: greedy iter, tocover 65025
00:26:25.333.372 INFO root: trail (Bin(0b1100000010110000, n=16), Bin(0b0000100110110000, n=16)) cnt 36864
00:26:25.432.471 INFO root: -----
00:26:25.432.471 INFO root: greedy iter, tocover 28161
00:26:26.427.465 INFO root: trail (Bin(0b0000010100001101, n=16), Bin(0b0000001101110000, n=16)) cnt 16128
00:26:26.475.514 INFO root: -----
00:26:26.476.514 INFO root: greedy iter, tocover 12033
00:26:26.916.954 INFO root: trail (Bin(0b0101110100000000, n=16), Bin(0b1011000000001100, n=16)) cnt 7056
00:26:26.933.972 INFO root: -----
00:26:26.933.972 INFO root: greedy iter, tocover 4977
00:26:27.124.163 INFO root: trail (Bin(0b0000110100110000, n=16), Bin(0b0000110100001101, n=16)) cnt 2338
00:26:27.132.171 INFO root: -----
00:26:27.132.171 INFO root: greedy iter, tocover 2639
00:26:27.226.265 INFO root: trail (Bin(0b1011000000000011, n=16), Bin(0b0000000001110111, n=16)) cnt 1245
00:26:27.231.269 INFO root: -----
00:26:27.231.270 INFO root: greedy iter, tocover 1394
00:26:27.283.322 INFO root: trail (Bin(0b0000000010010111, n=16), Bin(0b0111011100000000, n=16)) cnt 662
00:26:27.285.324 INFO root: -----
00:26:27.285.324 INFO root: greedy iter, tocover 732
00:26:27.312.351 INFO root: trail (Bin(0b1011000010110000, n=16), Bin(0b1101000000110000, n=16)) cnt 313
00:26:27.313.352 INFO root: -----
00:26:27.313.352 INFO root: greedy iter, tocover 419
00:26:27.329.368 INFO root: trail (Bin(0b0111000011000000, n=16), Bin(0b0111000000000111, n=16)) cnt 168
00:26:27.330.369 INFO root: -----
00:26:27.330.369 INFO root: greedy iter, tocover 251
00:26:27.339.378 INFO root: trail (Bin(0b0000110001110000, n=16), Bin(0b0111000000001101, n=16)) cnt 116
00:26:27.340.379 INFO root: -----
00:26:27.340.379 INFO root: greedy iter, tocover 135
00:26:27.345.384 INFO root: trail (Bin(0b0000010110110000, n=16), Bin(0b0111000001110000, n=16)) cnt 63
00:26:27.345.384 INFO root: -----
00:26:27.346.384 INFO root: greedy iter, tocover 72
00:26:27.348.387 INFO root: trail (Bin(0b0000011100001100, n=16), Bin(0b1011000000000111, n=16)) cnt 34
00:26:27.349.388 INFO root: -----
00:26:27.349.388 INFO root: greedy iter, tocover 38
00:26:27.350.389 INFO root: trail (Bin(0b1011000000001011, n=16), Bin(0b1101011100000000, n=16)) cnt 16
00:26:27.351.389 INFO root: -----
00:26:27.351.390 INFO root: greedy iter, tocover 22
00:26:27.352.390 INFO root: trail (Bin(0b0111000011010000, n=16), Bin(0b0000100110110000, n=16)) cnt 6
00:26:27.352.391 INFO root: -----
00:26:27.352.391 INFO root: greedy iter, tocover 16
00:26:27.353.392 INFO root: trail (Bin(0b0111000000001011, n=16), Bin(0b1011100100000000, n=16)) cnt 4
00:26:27.353.392 INFO root: -----
00:26:27.353.392 INFO root: greedy iter, tocover 12
00:26:27.354.392 INFO root: trail (Bin(0b0111000010110000, n=16), Bin(0b0000001101110000, n=16)) cnt 4
00:26:27.354.393 INFO root: -----
00:26:27.354.393 INFO root: greedy iter, tocover 8
00:26:27.354.393 INFO root: trail (Bin(0b0000101111010000, n=16), Bin(0b1101000001110000, n=16)) cnt 3
00:26:27.355.393 INFO root: -----
00:26:27.355.394 INFO root: greedy iter, tocover 5
00:26:27.355.394 INFO root: trail (Bin(0b0000000010111011, n=16), Bin(0b1011101100000000, n=16)) cnt 2
00:26:27.355.394 INFO root: -----
00:26:27.355.394 INFO root: greedy iter, tocover 3
00:26:27.356.395 INFO root: trail (Bin(0b1011101100000000, n=16), Bin(0b0000000001111011, n=16)) cnt 1
00:26:27.356.395 INFO root: -----
00:26:27.356.395 INFO root: greedy iter, tocover 2
00:26:27.356.395 INFO root: trail (Bin(0b0000110110110000, n=16), Bin(0b0111000000001011, n=16)) cnt 1
00:26:27.356.395 INFO root: -----
00:26:27.357.395 INFO root: greedy iter, tocover 1
00:26:27.357.396 INFO root: trail (Bin(0b0000000011010111, n=16), Bin(0b0000101100001101, n=16)) cnt 1
00:26:27.357.396 INFO root: -----
00:26:27.357.396 INFO root: chosen trails: 20
00:26:27.358.397 INFO root: trail ~1100000010110000 -> 0000100110110000: 1111001111111111111111111111111111110100111111111111111111111111 1111111111110111110111111011111111111011111111111111111101111111 0011010111110100100000100110001011110010101011111000111100001111 1011000001110000011101110111101111010000000001110000111011011111 0000000000000000000000101000000000000000000001000100000000000100 0000000000000000000000000000100100000000000010110000000000000000
00:26:27.359.397 INFO root: trail ~0000010100001101 -> 0000001101110000: 1111111111111111111110101111111111111111111111111111001011111111 1111111110111111111101111111101111111111101111111111111111111101 1111100001000100111100100000100111111111111110001111010010000100 1101000000001111101101111101110101111101100100000000100101110110 0100010000000000000000001000000000000000000001000000000000000100 0000000000000000000000000000001100000000000001110000000000000000
00:26:27.359.398 INFO root: trail ~0101110100000000 -> 1011000000001100: 1111101011111111111100101111111111111111111111111111111111111111 1111110111111111101111111111110111111111011111111111011111111111 1000111101000100100001001000111101001100010001001111000011111010 1101111101111010000000001100000000000001000001110111001111011101 0000000001000100001000000000000000000100000000000000100000000000 0000000000001011000000000000000000000000000000000000000000001100
00:26:27.360.399 INFO root: trail ~0000110100110000 -> 0000110100001101: 1111111111111111111100101111111111111100111111111111111111111111 1111111111111111111111111011110111111111110111111011101111111111 1000111111110101111100100000111101000101010001000100101000110101 1110011111101111110111011011000011100000000000001011101000001010 0010000001000000000000100000100000100000000000000000000000000100 0000000000000000000000000000110100000000000000000000000000001101
00:26:27.361.400 INFO root: trail ~1011000000000011 -> 0000000001110111: 1111010011111111111111111111111111111111111111111111110011111111 1111101101101111011111111111111111111111111111011111111111111111 1010111101000010010100100010111110010101010010111111111111111010 0111011111110111111011010000000010010111011101111110000001111010 0000000000100000000000001000000000100000000010001000010000000000 0000000000000000000000000000000000000000000001110000000000000111
00:26:27.361.400 INFO root: trail ~0000000010010111 -> 0111011100000000: 1111111111111111111111111111111111110110111111111111100011111111 1111111101111111111101111101111111111111111111111011111111111011 0010010100011000111101000110111101001000001110001001111100011010 1011011100001101000101110000110111111111000011010000000000001110 1000000000000100001001000000000000000010000000000000000000001000 0000000000000111000000000000011100000000000000000000000000000000
00:26:27.362.401 INFO root: trail ~1011000010110000 -> 1101000000110000: 1111010011111111111111111111111111110100111111111111111111111111 1111011111110111101111111111111111110111111111111101111111011111 0001010000101111100000100100010000100100111111100001000101000100 1111101100000000000001110000011100001111000010111110000000000100 0000001000000010010000000000000000001000000000000100000000000000 0000000000001101000000000000000000000000000000110000000000000000
00:26:27.363.402 INFO root: trail ~0111000011000000 -> 0111000000000111: 1111100011111111111111111111111111110011111111111111111111111111 1111111011111111101111111101111111111111111101110111111111111111 0100101011110010001011110001001001010100111111111000111101011011 0111101101110000011110111100011111010000110110000111110100010011 0000000000100000000100000000100001000010000000000000000010000000 0000000000000111000000000000000000000000000000000000000000000111
00:26:27.363.402 INFO root: trail ~0000110001110000 -> 0111000000001101: 1111111111111111111100111111111111111000111111111111111111111111 0111111111111101111111110111111111111110111111111111111011111111 1111010010001111001010001000111101001011001000011000100011110100 1111101111010111000011110111111000000111000000001011000010000000 0000000000000000000100000000001001001000000000000000100000100000 0000000000000111000000000000000000000000000000000000000000001101
00:26:27.364.403 INFO root: trail ~0000010110110000 -> 0111000001110000: 1111111111111111111110101111111111110100111111111111111111111111 1101111111111111111111110111110111110111111111110111111111111111 1001111111111111000010001101001011110100100001001000100010000101 0000000010110100101100100100000011110100011101111011101110110110 0000100000001000010000001000000000000000000000000100000010000000 0000000000000111000000000000000000000000000001110000000000000000
00:26:27.365.404 INFO root: trail ~0000011100001100 -> 1011000000000111: 1111111111111111111110001111111111111111111111111111001111111111 1101111111011111111111111111111111111111111111111111101011111110 1111111111110010100000100011111110010100100011111000010100100100 1111101001110000110110111111000010110000000010110000101111011110 0000000010001000100000000000000001000000000000000000100010000000 0000000000001011000000000000000000000000000000000000000000000111
00:26:27.366.405 INFO root: trail ~1011000000001011 -> 1101011100000000: 1111010011111111111111111111111111111111111111111111010011111111 1111111011011111111110111111111111111111111101111111111110111011 1111010001000010111100011111000011110010000001001111001010001111 1010111100000000000011011010111110001100011110110111000001110110 0000000000001000100010000000000000001000001000000000000000000100 0000000000001101000000000000011100000000000000000000000000000000
00:26:27.367.406 INFO root: trail ~0111000011010000 -> 0000100110110000: 1111100011111111111111111111111111110010111111111111111111111111 1111111111111011101111111111111111111001111111011111111101111111 1000111111111111100011110100001011110001001000001100100001001001 0000000011100000011001110001101111001011011011010111011100110011 0010001000000000000000000001000000000000100000100000000000000000 0000000000000000000000000000100100000000000010110000000000000000
00:26:27.367.406 INFO root: trail ~0111000000001011 -> 1011100100000000: 1111100011111111111111111111111111111111111111111111010011111111 1111100111011111111111011111111110111111111101111111111111111111 0100100000101110111111110111001000101000111111111111000010001000 0000111000001101011100001011011110110000111111011101011111010000 0000000000000000001000000000000000000100001000000000000010000100 0000000000001011000000000000100100000000000000000000000000000000
00:26:27.368.407 INFO root: trail ~0111000010110000 -> 0000001101110000: 1111100011111111111111111111111111110100111111111111111111111111 1111111011111111111111111110111111111011111110111101111110111111 1111001000101111111110100010010000010010100000010110100000101111 0110110011010110000000001101110100000011101100000111101111010001 0000000000000000000001000100000000000000000100100001000000000000 0000000000000000000000000000001100000000000001110000000000000000
00:26:27.369.408 INFO root: trail ~0000101111010000 -> 1101000001110000: 1111111111111111111101001111111111110010111111111111111111111111 0111111111111101111111110111101111111111111111111101011111111111 0000000110011000111111110100100010001111111110001001001110000001 0101010101111011111000001011010000011011111100000010110000000101 0000100000000100010000001000000000000000000000001000000001000000 0000000000001101000000000000000000000000000001110000000000000000
00:26:27.370.408 INFO root: trail ~0000000010111011 -> 1011101100000000: 1111111111111111111111111111111111110100111111111111010011111111 1111111101111111111111011001111111111111111111111110111111111110 1111101001001111111111010010010001011111000111110100010000011001 0111110111011111000000001110011001100111001111000111110111100000 0000000000001000100010000000000000000000100000000000000010000010 0000000000001011000000000000101100000000000000000000000000000000
00:26:27.370.409 INFO root: trail ~1011101100000000 -> 0000000001111011: 1111010011111111111101001111111111111111111111111111111111111111 0111111111111111110111111111110111111111111111101111011111011111 0100011111001100010011001100111100101000010011110100111111110000 0100111111010011111010110001000010101100011110111110000000001101 0000010000000000000000000100010000100000000000000010010000000000 0000000000000000000000000000000000000000000001110000000000001011
00:26:27.371.410 INFO root: trail ~0000110110110000 -> 0111000000001011: 1111111111111111111100101111111111110100111111111111111111111111 1101111111110111111111111110111111111011111111111111100111111111 0101010001001011111111111111110100110011110011110111000011111000 1011110110111011101101111011110100001011000011011111110111010000 0000000001000100010000000000000010000001000000000000010000000000 0000000000000111000000000000000000000000000000000000000000001011
00:26:27.372.411 INFO root: trail ~0000000011010111 -> 0000101100001101: 1111111111111111111111111111111111110010111111111111100011111111 1111111111111111111111011011111101110111111111111101111111110111 0000100000101111001011110010111100100000010000011111001011110100 0111110000000111000000000111111011111110000001110000000010011101 0001000000000000000000000000001001000000000100000000001000000001 0000000000000000000000000000101100000000000000000000000000001101
00:26:27.372.411 INFO root: end
