00:00:00.101.198 INFO root: added file handler at 2021-09-13.16:42:46
00:00:00.101.198 INFO root: columns 1 -> 1
00:00:01.493.590 INFO root: Constraints: 100101010
00:00:01.494.590 INFO root: cons_SSB_card = 1
00:00:01.494.591 INFO root: cons_SSB_box_lb = 0
00:00:01.494.591 INFO root: cons_SSB_box_ub = 0
00:00:01.494.591 INFO root: cons_SSB_lb = 1
00:00:01.494.591 INFO root: cons_SSB_ub = 0
00:00:01.494.591 INFO root: cons_MC_card = 1
00:00:01.495.592 INFO root: cons_MC_matching = 0
00:00:01.495.592 INFO root: cons_MC_lb = 1
00:00:01.495.592 INFO root: cons_MC_ub2 = 0
00:00:01.805.902 INFO root: full ssb
00:00:02.129.226 INFO root: load .cache/SboxDivision.components_anf_closures.self_sboxBD59AECE64673816.args_068BA53CAF4BB89BC84341E5E0A9E860E078799A9E9F3CD8F2B19C3FC4CEC936 succeeded
00:00:02.141.238 INFO root: anfsI 255
00:00:02.147.244 INFO root: load .cache/SboxDivision.components_anf_closures.self_sbox57571A0BC333968E.args_068BA53CAF4BB89BC84341E5E0A9E860E078799A9E9F3CD8F2B19C3FC4CEC936 succeeded
00:00:02.158.255 INFO root: anfsO 255
00:00:02.224.321 INFO root: load .cache/SboxDivision.cnf_lb.self_sbox391D96FD000E6C5B.args_068BA53CAF4BB89BC84341E5E0A9E860E078799A9E9F3CD8F2B19C3FC4CEC936 succeeded
00:00:04.886.983 INFO root: SSB round 2 column 0
00:00:06.085.182 INFO root: load .cache/SboxDivision.minimal_max.self_sbox0F7EC76E48F1C66A.args_068BA53CAF4BB89BC84341E5E0A9E860E078799A9E9F3CD8F2B19C3FC4CEC936 succeeded
00:00:13.555.652 INFO root: load .cache/SboxDivision.divcore.self_sbox0F7EC76E48F1C66A.args_068BA53CAF4BB89BC84341E5E0A9E860E078799A9E9F3CD8F2B19C3FC4CEC936 succeeded
00:00:19.720.817 INFO root: load .cache/SboxDivision.cnf_lb.self_sbox0F7EC76E48F1C66A.args_068BA53CAF4BB89BC84341E5E0A9E860E078799A9E9F3CD8F2B19C3FC4CEC936 succeeded
00:00:30.370.467 INFO root: SSB round 2 column 1
00:00:31.552.649 INFO root: load .cache/SboxDivision.minimal_max.self_sbox97CD3E51D99FE8E5.args_068BA53CAF4BB89BC84341E5E0A9E860E078799A9E9F3CD8F2B19C3FC4CEC936 succeeded
00:00:38.747.844 INFO root: load .cache/SboxDivision.divcore.self_sbox97CD3E51D99FE8E5.args_068BA53CAF4BB89BC84341E5E0A9E860E078799A9E9F3CD8F2B19C3FC4CEC936 succeeded
00:00:44.675.772 INFO root: load .cache/SboxDivision.cnf_lb.self_sbox97CD3E51D99FE8E5.args_068BA53CAF4BB89BC84341E5E0A9E860E078799A9E9F3CD8F2B19C3FC4CEC936 succeeded
00:00:55.607.704 INFO root: SSB round 2 column 2
00:00:56.621.718 INFO root: load .cache/SboxDivision.minimal_max.self_sboxFA83BF4B256071FB.args_068BA53CAF4BB89BC84341E5E0A9E860E078799A9E9F3CD8F2B19C3FC4CEC936 succeeded
00:01:04.143.240 INFO root: load .cache/SboxDivision.divcore.self_sboxFA83BF4B256071FB.args_068BA53CAF4BB89BC84341E5E0A9E860E078799A9E9F3CD8F2B19C3FC4CEC936 succeeded
00:01:10.444.541 INFO root: load .cache/SboxDivision.cnf_lb.self_sboxFA83BF4B256071FB.args_068BA53CAF4BB89BC84341E5E0A9E860E078799A9E9F3CD8F2B19C3FC4CEC936 succeeded
00:01:21.305.402 INFO root: SSB round 2 column 3
00:01:47.374.471 INFO root: SSB round 4 column 0
00:02:10.448.545 INFO root: SSB round 4 column 1
00:02:11.614.710 INFO root: load .cache/SboxDivision.minimal_max.self_sboxB5083D73B8917F33.args_068BA53CAF4BB89BC84341E5E0A9E860E078799A9E9F3CD8F2B19C3FC4CEC936 succeeded
00:02:19.352.449 INFO root: load .cache/SboxDivision.divcore.self_sboxB5083D73B8917F33.args_068BA53CAF4BB89BC84341E5E0A9E860E078799A9E9F3CD8F2B19C3FC4CEC936 succeeded
00:02:26.058.155 INFO root: load .cache/SboxDivision.cnf_lb.self_sboxB5083D73B8917F33.args_068BA53CAF4BB89BC84341E5E0A9E860E078799A9E9F3CD8F2B19C3FC4CEC936 succeeded
00:02:39.515.612 INFO root: SSB round 4 column 2
00:03:02.760.857 INFO root: SSB round 4 column 3
00:03:31.396.493 INFO root: mask pairs: 255 x 255 = 65025
00:03:31.396.493 INFO root: #trails 0 
00:03:31.396.493 INFO root: mask pair #1 / 65025: 0000011001100111 0001000010110001anfI_max <DenseSet hash=b9321782f879e46c n=16 wt=86 | 3:1 4:7 5:50 6:28> anfO_max <DenseSet hash=0e0ed38d283731bf n=16 wt=89 | 3:4 4:14 5:49 6:22>
00:03:37.636.733 INFO root: solving SAT...
00:05:19.841.938 INFO root: SAT solve time: 102.20482420921326
00:05:19.842.938 INFO root: SAT_times: 102.2 - 102.2, avg 102.2 med 102.2
00:05:19.842.939 INFO root: middle division transition ~1011000010110000 -> 1011011100000000 (~6 -> 6)
00:05:19.842.939 INFO root: mid transition: 1011000010110000 1011011100000000 6 6
00:05:19.842.939 INFO root: full trace:
00:05:19.843.940 INFO root: 1111 0100 1111 1111 1111 1111 1111 1111 1111 0100 1111 1111 1111 1111 1111 1111# initial
00:05:19.844.940 INFO root: 1111 1111 1111 1111 0111 1111 0111 1111 1111 0111 1111 1101 1110 1111 1101 1111# after SR MC SR
00:05:19.844.941 INFO root: 1000 0010 1000 0110 1010 0100 1111 1111 0100 1001 0010 0100 0010 1111 0000 1000# after SSB
00:05:19.845.941 INFO root: 0111 0010 1111 1011 0100 0100 0000 0000 0111 0000 0000 1100 0111 0001 0111 1001# after SR MC SR
00:05:19.845.942 INFO root: 0000 0000 0100 0000 0000 0000 0001 0000 0001 0000 0000 1000 0100 0010 0000 0000# after SSB
00:05:19.846.943 INFO root: 0000 1011 0000 0000 0000 0111 0000 0000 0000 0000 0000 0000 0000 0000 0000 0000# after SR MC SR
00:05:19.846.943 INFO root: 
00:05:19.846.943 INFO root: new trail: 1011000010110000 -> 1011011100000000
00:05:19.847.944 INFO root: #trails 1 
00:05:19.847.944 INFO root: mask pair #2 / 65025: 0111011001110001 1011101000000000anfI_max <DenseSet hash=cb401f9911125b22 n=16 wt=109 | 3:1 4:10 5:78 6:20> anfO_max <DenseSet hash=53b35de24340db18 n=16 wt=86 | 3:3 4:25 5:45 6:13>
00:05:25.458.555 INFO root: solving SAT...
00:05:59.157.254 INFO root: SAT solve time: 33.698444843292236
00:05:59.158.255 INFO root: SAT_times: 33.7 - 102.2, avg 68.0 med 102.2
00:05:59.158.255 INFO root: middle division transition ~1101000011010000 -> 0000000001110111 (~6 -> 6)
00:05:59.159.255 INFO root: mid transition: 1101000011010000 0000000001110111 6 6
00:05:59.159.256 INFO root: full trace:
00:05:59.159.256 INFO root: 1111 0010 1111 1111 1111 1111 1111 1111 1111 0010 1111 1111 1111 1111 1111 1111# initial
00:05:59.160.257 INFO root: 1111 1011 1111 0111 0111 1111 1111 1111 1111 0111 1111 1111 0111 1111 1110 1111# after SR MC SR
00:05:59.160.257 INFO root: 1111 0100 1000 1001 0000 0100 1111 1111 0100 0000 1111 1010 0011 1111 0100 1100# after SSB
00:05:59.161.258 INFO root: 0101 0011 0100 0000 1111 1101 1101 0111 1101 0000 1101 0000 0000 0111 1011 1110# after SR MC SR
00:05:59.162.258 INFO root: 0010 0000 0000 0000 1000 0000 0000 0000 0000 0100 0001 0000 0000 0000 0100 0010# after SSB
00:05:59.162.259 INFO root: 0000 0000 0000 0000 0000 0000 0000 0000 0000 0111 0000 0000 0000 0111 0000 0000# after SR MC SR
00:05:59.162.259 INFO root: 
00:05:59.163.259 INFO root: new trail: 1101000011010000 -> 0000000001110111
00:05:59.163.260 INFO root: #trails 2 
00:05:59.163.260 INFO root: mask pair #3 / 65025: 0110011101110111 0001000110111011anfI_max <DenseSet hash=4d784acf88b99f10 n=16 wt=96 | 3:3 4:16 5:54 6:23> anfO_max <DenseSet hash=dbc30fb9a8d13c2d n=16 wt=78 | 3:1 4:14 5:34 6:29>
00:06:04.725.822 INFO root: solving SAT...
00:06:39.034.131 INFO root: SAT solve time: 34.309189558029175
00:06:39.035.132 INFO root: SAT_times: 33.7 - 102.2, avg 56.7 med 34.3
00:06:39.035.132 INFO root: middle division transition ~0000000011010111 -> 0000000011011011 (~6 -> 6)
00:06:39.036.132 INFO root: mid transition: 0000000011010111 0000000011011011 6 6
00:06:39.036.133 INFO root: full trace:
00:06:39.036.133 INFO root: 1111 1111 1111 1111 1111 1111 1111 1111 1111 0010 1111 1111 1111 1000 1111 1111# initial
00:06:39.037.133 INFO root: 1111 1111 0111 1011 1111 1101 1111 1111 1111 1101 1111 1111 1110 1111 1111 1110# after SR MC SR
00:06:39.037.134 INFO root: 1000 0000 0111 1101 1111 1111 1000 1111 1111 0100 0100 0000 0100 0010 1111 1111# after SSB
00:06:39.037.134 INFO root: 1111 0000 1110 1101 0000 1101 0111 1001 0111 0111 0011 0000 1011 1001 1001 1011# after SR MC SR
00:06:39.038.135 INFO root: 0100 0000 0000 1000 0010 1000 0000 0000 0000 0000 0010 0000 0000 0000 1000 0000# after SSB
00:06:39.038.135 INFO root: 0000 0000 0000 0000 0000 0000 0000 0000 0000 1101 0000 0000 0000 1011 0000 0000# after SR MC SR
00:06:39.038.135 INFO root: 
00:06:39.039.136 INFO root: new trail: 0000000011010111 -> 0000000011011011
00:06:39.039.136 INFO root: #trails 3 
00:06:39.040.136 INFO root: mask pair #6 / 65025: 0111000101100001 1011000010100001anfI_max <DenseSet hash=678df7d432c9fcb7 n=16 wt=91 | 3:3 4:10 5:57 6:21> anfO_max <DenseSet hash=34895b7ee6851471 n=16 wt=94 | 3:1 4:22 5:52 6:19>
00:06:44.681.778 INFO root: solving SAT...
00:07:29.210.307 INFO root: SAT solve time: 44.52864074707031
00:07:29.211.308 INFO root: SAT_times: 33.7 - 102.2, avg 53.7 med 44.5
00:07:29.211.308 INFO root: middle division transition ~1011011000000000 -> 0111101100000000 (~5 -> 6)
00:07:29.212.308 INFO root: mid transition: 1011011000000000 0111101100000000 5 6
00:07:29.212.309 INFO root: full trace:
00:07:29.212.309 INFO root: 1111 0100 1111 1111 1111 1001 1111 1111 1111 1111 1111 1111 1111 1111 1111 1111# initial
00:07:29.213.310 INFO root: 1111 1111 1111 1111 0111 1111 1111 0111 1111 1111 1111 1011 1111 1101 0111 1111# after SR MC SR
00:07:29.213.310 INFO root: 0110 1111 0100 1001 1111 1000 0100 0010 0100 1001 1000 0000 1011 0100 1111 1111# after SSB
00:07:29.214.311 INFO root: 1110 0101 0000 1101 0110 0000 1110 0110 0100 1101 0000 0011 1101 1101 0011 1110# after SR MC SR
00:07:29.214.311 INFO root: 0000 0000 0000 0000 0000 0000 0010 0010 0010 0000 0000 1000 0010 1000 0000 0000# after SSB
00:07:29.215.312 INFO root: 0000 0111 0000 0000 0000 1011 0000 0000 0000 0000 0000 0000 0000 0000 0000 0000# after SR MC SR
00:07:29.215.312 INFO root: 
00:07:29.215.312 INFO root: new trail: 1011011000000000 -> 0111101100000000
00:07:29.216.313 INFO root: #trails 4 
00:07:29.217.313 INFO root: mask pair #13 / 65025: 0111011101100001 0000000000010001anfI_max <DenseSet hash=7d2ddd1c2c319e21 n=16 wt=108 | 3:2 4:9 5:77 6:20> anfO_max <DenseSet hash=a4d41487fe11637b n=16 wt=90 | 3:3 4:24 5:41 6:22>
00:07:35.047.143 INFO root: solving SAT...
00:08:04.795.892 INFO root: SAT solve time: 29.748138904571533
00:08:04.796.892 INFO root: SAT_times: 29.7 - 102.2, avg 48.9 med 34.3
00:08:04.796.893 INFO root: middle division transition ~0000000010101101 -> 0111011100000000 (~5 -> 6)
00:08:04.796.893 INFO root: mid transition: 0000000010101101 0111011100000000 5 6
00:08:04.796.893 INFO root: full trace:
00:08:04.797.894 INFO root: 1111 1111 1111 1111 1111 1111 1111 1111 1111 0101 1111 1111 1111 0010 1111 1111# initial
00:08:04.797.894 INFO root: 1111 1111 1101 1111 1111 1101 1111 1111 1111 1011 1111 1111 1101 1111 1111 1110# after SR MC SR
00:08:04.798.894 INFO root: 0101 1000 0010 1101 0010 1101 0110 1100 1111 0001 0100 1111 1000 1000 1111 1111# after SSB
00:08:04.798.895 INFO root: 0111 0000 1101 0111 1111 0110 0000 1011 0000 1101 1010 1110 0111 1100 0001 1110# after SR MC SR
00:08:04.798.895 INFO root: 0000 1000 0100 0000 0000 0000 0000 0100 0100 0000 0000 0010 1000 0000 0000 0000# after SSB
00:08:04.799.896 INFO root: 0000 0111 0000 0000 0000 0111 0000 0000 0000 0000 0000 0000 0000 0000 0000 0000# after SR MC SR
00:08:04.799.896 INFO root: 
00:08:04.799.896 INFO root: new trail: 0000000010101101 -> 0111011100000000
00:08:04.800.897 INFO root: #trails 5 
00:08:04.800.897 INFO root: mask pair #20 / 65025: 0111011101100001 1011101110100000anfI_max <DenseSet hash=7d2ddd1c2c319e21 n=16 wt=108 | 3:2 4:9 5:77 6:20> anfO_max <DenseSet hash=1b269507634ca0b9 n=16 wt=79 | 3:4 4:18 5:34 6:23>
00:08:10.447.544 INFO root: solving SAT...
00:08:43.944.041 INFO root: SAT solve time: 33.49589991569519
00:08:43.944.041 INFO root: SAT_times: 29.7 - 102.2, avg 46.3 med 34.3
00:08:43.945.041 INFO root: middle division transition ~0000101100000101 -> 1101010100000000 (~5 -> 5)
00:08:43.945.042 INFO root: mid transition: 0000101100000101 1101010100000000 5 5
00:08:43.945.042 INFO root: full trace:
00:08:43.946.042 INFO root: 1111 1111 1111 1111 1111 0100 1111 1111 1111 1111 1111 1111 1111 1010 1111 1111# initial
00:08:43.946.043 INFO root: 1101 1111 1011 1111 1111 0111 1111 0111 1111 1111 1011 1111 1111 1111 1111 1111# after SR MC SR
00:08:43.947.043 INFO root: 1000 0010 0010 1111 0110 1000 0001 0100 1010 0010 1000 0010 1111 1111 1010 1000# after SSB
00:08:43.947.044 INFO root: 1101 0001 1111 0100 0111 1101 1101 0010 0000 1011 0000 0000 1100 0000 0111 0001# after SR MC SR
00:08:43.948.045 INFO root: 0000 0000 1000 0000 0000 0000 0100 0000 0000 0000 0000 0100 1000 0100 0000 0000# after SSB
00:08:43.948.045 INFO root: 0000 1101 0000 0000 0000 0101 0000 0000 0000 0000 0000 0000 0000 0000 0000 0000# after SR MC SR
00:08:43.949.045 INFO root: 
00:08:43.949.046 INFO root: new trail: 0000101100000101 -> 1101010100000000
00:08:43.950.047 INFO root: #trails 6 
00:08:43.950.047 INFO root: mask pair #30 / 65025: 0000011000000001 0000000000011010anfI_max <DenseSet hash=dc150230fc7940b2 n=16 wt=87 | 3:3 4:5 5:48 6:31> anfO_max <DenseSet hash=ebf46623965bf8b9 n=16 wt=74 | 3:3 4:13 5:35 6:23>
00:08:49.573.670 INFO root: solving SAT...
00:09:20.489.586 INFO root: SAT solve time: 30.916184663772583
00:09:20.490.587 INFO root: SAT_times: 29.7 - 102.2, avg 44.1 med 33.7
00:09:20.490.587 INFO root: middle division transition ~0000000011011011 -> 0000011101110000 (~6 -> 6)
00:09:20.491.587 INFO root: mid transition: 0000000011011011 0000011101110000 6 6
00:09:20.491.588 INFO root: full trace:
00:09:20.491.588 INFO root: 1111 1111 1111 1111 1111 1111 1111 1111 1111 0010 1111 1111 1111 0100 1111 1111# initial
00:09:20.492.589 INFO root: 1111 1111 1111 1011 1111 1011 1011 1111 1101 0111 1111 1111 1111 1111 1111 1110# after SR MC SR
00:09:20.492.589 INFO root: 1111 0100 0100 1111 1111 0000 1111 0101 1111 1111 1100 1111 0111 0100 0010 0000# after SSB
00:09:20.492.589 INFO root: 0111 0111 1011 1101 1110 1101 0111 1101 1010 1111 0000 1011 1011 0000 1011 0000# after SR MC SR
00:09:20.493.590 INFO root: 0000 0000 1000 0100 0001 0000 0000 0000 1000 1000 0000 0000 0000 0100 0000 0000# after SSB
00:09:20.493.590 INFO root: 0000 0000 0000 0000 0000 0111 0000 0000 0000 0111 0000 0000 0000 0000 0000 0000# after SR MC SR
00:09:20.493.590 INFO root: 
00:09:20.494.591 INFO root: new trail: 0000000011011011 -> 0000011101110000
00:09:20.494.591 INFO root: #trails 7 
00:09:20.495.592 INFO root: mask pair #31 / 65025: 0111011100000001 0000000100001011anfI_max <DenseSet hash=2216c3d8ad9d912c n=16 wt=89 | 4:19 5:47 6:23> anfO_max <DenseSet hash=c418589f79620783 n=16 wt=72 | 3:7 4:8 5:31 6:26>
00:09:26.145.242 INFO root: solving SAT...
00:09:56.113.210 INFO root: SAT solve time: 29.967254638671875
00:09:56.113.210 INFO root: SAT_times: 29.7 - 102.2, avg 42.4 med 33.7
00:09:56.114.210 INFO root: middle division transition ~1011100100000000 -> 0111110100000000 (~5 -> 6)
00:09:56.114.211 INFO root: mid transition: 1011100100000000 0111110100000000 5 6
00:09:56.114.211 INFO root: full trace:
00:09:56.114.211 INFO root: 1111 0100 1111 1111 1111 0110 1111 1111 1111 1111 1111 1111 1111 1111 1111 1111# initial
00:09:56.115.212 INFO root: 1111 1111 1111 1111 0111 1111 1111 0111 1111 1111 1111 1011 1111 1011 0111 1111# after SR MC SR
00:09:56.115.212 INFO root: 1000 0100 0100 0000 1111 1000 1111 0110 1001 1111 0001 1111 0100 0010 1111 1000# after SSB
00:09:56.116.213 INFO root: 1001 0000 0010 0111 0111 0111 1011 0000 0000 1101 0000 1111 1101 0101 1110 0011# after SR MC SR
00:09:56.116.213 INFO root: 0000 1000 0100 0000 0000 0000 0001 0100 0010 0000 0000 1000 0000 0000 0000 0000# after SSB
00:09:56.116.213 INFO root: 0000 0111 0000 0000 0000 1101 0000 0000 0000 0000 0000 0000 0000 0000 0000 0000# after SR MC SR
00:09:56.117.213 INFO root: 
00:09:56.117.214 INFO root: new trail: 1011100100000000 -> 0111110100000000
00:09:56.118.215 INFO root: #trails 8 
00:09:56.118.215 INFO root: mask pair #87 / 65025: 0111000000010111 1011000000010001anfI_max <DenseSet hash=637f0c9624686925 n=16 wt=100 | 3:2 4:16 5:62 6:20> anfO_max <DenseSet hash=a3fed670aaf0b3d4 n=16 wt=85 | 3:2 4:14 5:44 6:25>
00:10:01.890.987 INFO root: solving SAT...
00:10:34.674.771 INFO root: SAT solve time: 32.783392906188965
00:10:34.674.771 INFO root: SAT_times: 29.7 - 102.2, avg 41.3 med 33.5
00:10:34.675.772 INFO root: middle division transition ~0000110100001011 -> 0000110100001011 (~6 -> 6)
00:10:34.675.772 INFO root: mid transition: 0000110100001011 0000110100001011 6 6
00:10:34.675.772 INFO root: full trace:
00:10:34.676.773 INFO root: 1111 1111 1111 1111 1111 0010 1111 1111 1111 1111 1111 1111 1111 0100 1111 1111# initial
00:10:34.676.773 INFO root: 1111 1111 1101 1111 1111 1111 1111 0111 1011 1111 0111 1111 1111 1011 1111 1011# after SR MC SR
00:10:34.677.774 INFO root: 1111 1111 0000 0010 1000 1000 1111 0000 1000 1001 1000 1111 0010 0100 0011 1000# after SSB
00:10:34.677.774 INFO root: 0110 1111 0000 1011 1110 0000 0100 1001 0000 1010 0111 0111 0000 0000 1011 0011# after SR MC SR
00:10:34.677.774 INFO root: 0000 0000 0000 0000 0000 0001 0000 0001 0100 0000 0010 0000 0000 0010 0000 0100# after SSB
00:10:34.678.775 INFO root: 0000 0000 0000 0000 0000 1101 0000 0000 0000 0000 0000 0000 0000 1011 0000 0000# after SR MC SR
00:10:34.678.775 INFO root: 
00:10:34.678.775 INFO root: new trail: 0000110100001011 -> 0000110100001011
00:10:34.680.776 INFO root: #trails 9 
00:10:34.680.777 INFO root: mask pair #193 / 65025: 0000000100010111 0000000010111010anfI_max <DenseSet hash=5cf42c8c21fc39ab n=16 wt=78 | 3:3 4:6 5:47 6:22> anfO_max <DenseSet hash=17cc23668b45fb5a n=16 wt=80 | 3:3 4:12 5:37 6:28>
00:10:40.278.375 INFO root: solving SAT...
00:11:12.560.656 INFO root: SAT solve time: 32.28065323829651
00:11:12.560.657 INFO root: SAT_times: 29.7 - 102.2, avg 40.4 med 33.5
00:11:12.561.657 INFO root: middle division transition ~0000011100000111 -> 0000110101110000 (~6 -> 6)
00:11:12.561.658 INFO root: mid transition: 0000011100000111 0000110101110000 6 6
00:11:12.561.658 INFO root: full trace:
00:11:12.562.658 INFO root: 1111 1111 1111 1111 1111 1000 1111 1111 1111 1111 1111 1111 1111 1000 1111 1111# initial
00:11:12.562.659 INFO root: 1011 1111 1111 1111 1111 1011 1111 1101 1101 1111 0111 1111 1111 1111 1111 1110# after SR MC SR
00:11:12.563.660 INFO root: 0111 1111 1101 1110 0100 1000 1000 0101 1111 0100 0100 1001 0000 1000 1111 0100# after SSB
00:11:12.563.660 INFO root: 0000 0100 1111 0001 0111 0000 0111 0111 1111 1010 0000 0000 1011 1011 1011 0110# after SR MC SR
00:11:12.564.661 INFO root: 0000 0000 0010 0000 0100 0000 0000 0010 0010 0010 0000 0000 0000 0000 0010 0000# after SSB
00:11:12.564.661 INFO root: 0000 0000 0000 0000 0000 1101 0000 0000 0000 0111 0000 0000 0000 0000 0000 0000# after SR MC SR
00:11:12.565.662 INFO root: 
00:11:12.565.662 INFO root: new trail: 0000011100000111 -> 0000110101110000
00:11:12.566.663 INFO root: #trails 10 
00:11:12.567.663 INFO root: mask pair #222 / 65025: 0110011000010111 1011101000010001anfI_max <DenseSet hash=722ef13489f8e250 n=16 wt=83 | 3:2 4:11 5:42 6:28> anfO_max <DenseSet hash=ebd4496e0c7b126c n=16 wt=84 | 3:3 4:14 5:46 6:21>
00:11:18.278.375 INFO root: solving SAT...
00:11:56.114.211 INFO root: SAT solve time: 37.835630655288696
00:11:56.115.212 INFO root: SAT_times: 29.7 - 102.2, avg 40.2 med 33.5
00:11:56.115.212 INFO root: middle division transition ~0011000000001101 -> 0110110100000000 (~5 -> 5)
00:11:56.115.212 INFO root: mid transition: 0011000000001101 0110110100000000 5 5
00:11:56.116.212 INFO root: full trace:
00:11:56.116.213 INFO root: 1111 1100 1111 1111 1111 1111 1111 1111 1111 1111 1111 1111 1111 0010 1111 1111# initial
00:11:56.117.213 INFO root: 1111 1011 1111 1111 1111 1110 1111 1111 0111 1111 1111 1111 1111 1111 1011 1011# after SR MC SR
00:11:56.117.214 INFO root: 1000 0100 0100 1000 0010 1100 0100 1001 1111 0001 1111 0010 1000 1000 0011 1111# after SSB
00:11:56.118.214 INFO root: 1011 0001 1110 0000 0000 0000 1110 0111 1100 0000 1101 0000 0011 1001 1011 1110# after SR MC SR
00:11:56.118.215 INFO root: 0000 0000 0010 0000 0000 0000 0010 0000 1000 0000 0000 0010 0000 0001 0000 0000# after SSB
00:11:56.118.215 INFO root: 0000 0110 0000 0000 0000 1101 0000 0000 0000 0000 0000 0000 0000 0000 0000 0000# after SR MC SR
00:11:56.119.215 INFO root: 
00:11:56.119.216 INFO root: new trail: 0011000000001101 -> 0110110100000000
00:11:56.120.217 INFO root: #trails 11 
00:11:56.120.217 INFO root: mask pair #259 / 65025: 0001011000000000 0000101110110000anfI_max <DenseSet hash=fa5ff23bf1fdb9a0 n=16 wt=74 | 4:7 5:37 6:30> anfO_max <DenseSet hash=50b3e29abcb65b85 n=16 wt=94 | 3:5 4:16 5:48 6:25>
00:12:01.750.847 INFO root: solving SAT...
00:13:21.228.325 INFO root: SAT solve time: 79.47719407081604
00:13:21.228.325 INFO root: SAT_times: 29.7 - 102.2, avg 43.4 med 33.7
00:13:21.229.326 INFO root: middle division transition ~0000101100001101 -> 1010011100000000 (~6 -> 5)
00:13:21.229.326 INFO root: mid transition: 0000101100001101 1010011100000000 6 5
00:13:21.229.326 INFO root: full trace:
00:13:21.230.326 INFO root: 1111 1111 1111 1111 1111 0100 1111 1111 1111 1111 1111 1111 1111 0010 1111 1111# initial
00:13:21.230.327 INFO root: 0111 1111 1101 1111 1111 0111 1111 1110 1111 1111 1111 1111 1111 1110 1111 1011# after SR MC SR
00:13:21.230.327 INFO root: 0010 1100 1000 0010 1011 1001 0101 0001 1111 1111 0011 1001 0100 0100 1111 0100# after SSB
00:13:21.231.328 INFO root: 0111 0000 1011 0111 1100 0000 0111 0000 0100 1101 0000 1101 1110 1110 0110 0111# after SR MC SR
00:13:21.231.328 INFO root: 0000 1000 0010 0000 0000 0000 0000 0010 0010 0000 0000 0000 0100 0000 0000 0000# after SSB
00:13:21.231.328 INFO root: 0000 1010 0000 0000 0000 0111 0000 0000 0000 0000 0000 0000 0000 0000 0000 0000# after SR MC SR
00:13:21.232.329 INFO root: 
00:13:21.232.329 INFO root: new trail: 0000101100001101 -> 1010011100000000
00:13:21.234.331 INFO root: #trails 12 
00:13:21.235.331 INFO root: mask pair #407 / 65025: 0110011001110111 1010000000010000anfI_max <DenseSet hash=b887579a659448f9 n=16 wt=116 | 3:4 4:33 5:66 6:13> anfO_max <DenseSet hash=a2c4b7455ead6456 n=16 wt=89 | 3:3 4:15 5:46 6:25>
00:13:26.925.022 INFO root: solving SAT...
00:14:14.041.138 INFO root: SAT solve time: 47.116036891937256
00:14:14.042.139 INFO root: SAT_times: 29.7 - 102.2, avg 43.7 med 33.7
00:14:14.042.139 INFO root: middle division transition ~1011000000001011 -> 1011000001110000 (~6 -> 6)
00:14:14.043.139 INFO root: mid transition: 1011000000001011 1011000001110000 6 6
00:14:14.043.140 INFO root: full trace:
00:14:14.043.140 INFO root: 1111 0100 1111 1111 1111 1111 1111 1111 1111 1111 1111 1111 1111 0100 1111 1111# initial
00:14:14.044.141 INFO root: 1111 1101 0111 1111 1011 1101 1111 1111 1111 1111 1111 1101 1111 1111 1111 1110# after SR MC SR
00:14:14.044.141 INFO root: 0100 0010 1000 0000 1111 0100 1111 1111 1000 0000 0100 0010 0101 1111 1000 1111# after SSB
00:14:14.045.141 INFO root: 0000 0000 1101 0000 0111 0111 0110 1101 0111 1101 0000 1010 0000 1111 1011 0001# after SR MC SR
00:14:14.045.142 INFO root: 0000 0100 0000 0000 0000 0000 0000 0000 0000 0010 0000 0100 0001 0000 0110 0000# after SSB
00:14:14.045.142 INFO root: 0000 1011 0000 0000 0000 0000 0000 0000 0000 0111 0000 0000 0000 0000 0000 0000# after SR MC SR
00:14:14.046.143 INFO root: 
00:14:14.046.143 INFO root: new trail: 1011000000001011 -> 1011000001110000
00:14:14.047.144 INFO root: #trails 13 
00:14:14.047.144 INFO root: mask pair #410 / 65025: 0111000000010001 1011101000000001anfI_max <DenseSet hash=f0bd23f3515e946a n=16 wt=104 | 3:4 4:21 5:57 6:22> anfO_max <DenseSet hash=047a48052f135681 n=16 wt=83 | 3:2 4:14 5:47 6:20>
00:14:19.935.032 INFO root: solving SAT...
00:14:39.669.765 INFO root: SAT solve time: 19.733238220214844
00:14:39.669.766 INFO root: SAT_times: 19.7 - 102.2, avg 42.0 med 33.7
00:14:39.669.766 INFO root: middle division transition ~0000011101110000 -> 0111010100000000 (~6 -> 5)
00:14:39.670.767 INFO root: mid transition: 0000011101110000 0111010100000000 6 5
00:14:39.670.767 INFO root: full trace:
00:14:39.670.767 INFO root: 1111 1111 1111 1111 1111 1000 1111 1111 1111 1000 1111 1111 1111 1111 1111 1111# initial
00:14:39.671.768 INFO root: 1111 1111 1111 0111 1111 1111 1101 1101 1111 1111 0111 1111 1101 1101 1111 1111# after SR MC SR
00:14:39.671.768 INFO root: 0001 1111 0100 1000 1111 0100 1000 0000 1111 0110 1000 1001 0100 0010 0001 1111# after SSB
00:14:39.672.769 INFO root: 1111 1011 1101 0111 1101 0000 1000 0000 0000 0001 0001 0110 1011 0110 0000 1101# after SR MC SR
00:14:39.672.769 INFO root: 0000 0100 0000 0000 0000 0000 0010 0010 0100 0000 0000 0000 0010 0000 0000 0000# after SSB
00:14:39.673.769 INFO root: 0000 0111 0000 0000 0000 0101 0000 0000 0000 0000 0000 0000 0000 0000 0000 0000# after SR MC SR
00:14:39.673.770 INFO root: 
00:14:39.673.770 INFO root: new trail: 0000011101110000 -> 0111010100000000
00:14:39.676.772 INFO root: #trails 14 
00:14:39.676.773 INFO root: mask pair #590 / 65025: 0110000100010111 0000101110110001anfI_max <DenseSet hash=486f60aa5d89a1eb n=16 wt=113 | 3:4 4:17 5:77 6:15> anfO_max <DenseSet hash=ef8638eed3785e01 n=16 wt=93 | 3:7 4:29 5:39 6:18>
00:14:45.386.483 INFO root: solving SAT...
00:15:08.117.214 INFO root: SAT solve time: 22.730735063552856
00:15:08.118.215 INFO root: SAT_times: 19.7 - 102.2, avg 40.7 med 33.5
00:15:08.118.215 INFO root: middle division transition ~1101000000001001 -> 1101000000001011 (~5 -> 6)
00:15:08.119.215 INFO root: mid transition: 1101000000001001 1101000000001011 5 6
00:15:08.119.216 INFO root: full trace:
00:15:08.119.216 INFO root: 1111 0010 1111 1111 1111 1111 1111 1111 1111 1111 1111 1111 1111 0110 1111 1111# initial
00:15:08.120.217 INFO root: 1111 1111 1111 1111 1101 1101 1111 1111 1111 1111 1111 1110 1111 1111 1011 1101# after SR MC SR
00:15:08.120.217 INFO root: 1000 1001 1010 1001 1111 1101 0100 0001 0100 0101 0010 1000 1000 1111 1111 0010# after SSB
00:15:08.121.217 INFO root: 0101 0000 1101 1110 0000 0011 1101 0000 1011 0011 0011 0101 1111 0101 0111 0000# after SR MC SR
00:15:08.121.218 INFO root: 0100 0100 0000 0000 0000 0000 0100 0000 0000 0000 0010 0000 0100 0000 0000 1000# after SSB
00:15:08.121.218 INFO root: 0000 1101 0000 0000 0000 0000 0000 0000 0000 0000 0000 0000 0000 1011 0000 0000# after SR MC SR
00:15:08.122.218 INFO root: 
00:15:08.122.219 INFO root: new trail: 1101000000001001 -> 1101000000001011
00:15:08.129.226 INFO root: #trails 15 
00:15:08.129.226 INFO root: mask pair #1327 / 65025: 0000011000010111 1010000000001010anfI_max <DenseSet hash=7f5678126b14c046 n=16 wt=99 | 3:1 4:11 5:64 6:23> anfO_max <DenseSet hash=e25bc44c1ba9c480 n=16 wt=70 | 3:5 4:9 5:36 6:20>
00:15:13.940.036 INFO root: solving SAT...
00:15:27.926.022 INFO root: SAT solve time: 13.98551344871521
00:15:27.926.023 INFO root: SAT_times: 14.0 - 102.2, avg 39.1 med 33.5
00:15:27.926.023 INFO root: middle division transition ~0000110000000111 -> 0111000010100000 (~5 -> 5)
00:15:27.927.024 INFO root: mid transition: 0000110000000111 0111000010100000 5 5
00:15:27.927.024 INFO root: full trace:
00:15:27.927.024 INFO root: 1111 1111 1111 1111 1111 0011 1111 1111 1111 1111 1111 1111 1111 1000 1111 1111# initial
00:15:27.928.025 INFO root: 1111 1111 1111 1111 1111 1011 1111 1111 1101 1111 1101 1111 1111 0111 1111 1110# after SR MC SR
00:15:27.928.025 INFO root: 1111 1111 1011 0010 0100 0000 0010 0010 1000 1000 0010 1111 0100 0100 1111 1111# after SSB
00:15:27.929.026 INFO root: 1101 1101 1011 0000 1111 0000 1010 0111 0000 1100 1101 0111 1101 0000 0000 1011# after SR MC SR
00:15:27.929.026 INFO root: 0000 0001 0000 0100 0100 0000 0010 0000 0000 0000 0000 0000 1000 0000 0000 0000# after SSB
00:15:27.929.026 INFO root: 0000 0111 0000 0000 0000 0000 0000 0000 0000 1010 0000 0000 0000 0000 0000 0000# after SR MC SR
00:15:27.930.027 INFO root: 
00:15:27.930.027 INFO root: new trail: 0000110000000111 -> 0111000010100000
00:15:27.933.030 INFO root: #trails 16 
00:15:27.933.030 INFO root: mask pair #1615 / 65025: 0000000000000110 0000000000010000anfI_max <DenseSet hash=68c34902e61fdf85 n=16 wt=92 | 3:2 4:18 5:64 6:8> anfO_max <DenseSet hash=8055c9ac1b7851b6 n=16 wt=70 | 3:5 4:14 5:32 6:19>
00:15:33.493.589 INFO root: solving SAT...
00:15:55.185.282 INFO root: SAT solve time: 21.691938161849976
00:15:55.185.282 INFO root: SAT_times: 14.0 - 102.2, avg 38.0 med 32.8
00:15:55.186.283 INFO root: middle division transition ~1100011100000000 -> 0111000011010000 (~5 -> 6)
00:15:55.186.283 INFO root: mid transition: 1100011100000000 0111000011010000 5 6
00:15:55.186.283 INFO root: full trace:
00:15:55.187.284 INFO root: 1111 0011 1111 1111 1111 1000 1111 1111 1111 1111 1111 1111 1111 1111 1111 1111# initial
00:15:55.187.284 INFO root: 0111 1011 1111 1111 1111 1111 1111 0111 1111 1111 1111 1111 1111 1101 1101 1111# after SR MC SR
00:15:55.188.285 INFO root: 0100 1010 1010 0001 0111 0000 1000 1111 1010 1111 1111 1111 1111 0011 1000 0100# after SSB
00:15:55.188.285 INFO root: 1101 1100 0111 0110 0111 0111 0010 0000 0111 1110 0000 1101 0111 1101 1011 1000# after SR MC SR
00:15:55.189.285 INFO root: 0000 1000 0000 0000 0100 0000 0000 0000 0000 0100 0000 1000 0001 0000 1000 0000# after SSB
00:15:55.189.286 INFO root: 0000 0111 0000 0000 0000 0000 0000 0000 0000 1101 0000 0000 0000 0000 0000 0000# after SR MC SR
00:15:55.189.286 INFO root: 
00:15:55.189.286 INFO root: new trail: 1100011100000000 -> 0111000011010000
00:15:55.195.292 INFO root: #trails 17 
00:15:55.196.292 INFO root: mask pair #2236 / 65025: 0110011101110110 0000000000001011anfI_max <DenseSet hash=cfa6c3dd385c6182 n=16 wt=94 | 3:3 4:10 5:62 6:19> anfO_max <DenseSet hash=192d01f8c8e44c20 n=16 wt=53 | 3:2 5:28 6:23>
00:16:01.016.112 INFO root: solving SAT...
00:16:42.067.164 INFO root: SAT solve time: 41.05097198486328
00:16:42.068.164 INFO root: SAT_times: 14.0 - 102.2, avg 38.2 med 33.5
00:16:42.068.165 INFO root: middle division transition ~0000101110110000 -> 1101000010110000 (~6 -> 6)
00:16:42.068.165 INFO root: mid transition: 0000101110110000 1101000010110000 6 6
00:16:42.068.165 INFO root: full trace:
00:16:42.069.166 INFO root: 1111 1111 1111 1111 1111 0100 1111 1111 1111 0100 1111 1111 1111 1111 1111 1111# initial
00:16:42.069.166 INFO root: 1111 1111 1111 1111 1111 1111 1101 1101 1111 0111 0111 1111 1110 1101 1111 1111# after SR MC SR
00:16:42.070.167 INFO root: 1111 1000 0100 1101 1010 0100 0000 0100 1111 0000 1111 1111 0010 1111 1010 1000# after SSB
00:16:42.070.167 INFO root: 0111 0111 0000 1110 0000 1111 0100 0111 1101 0000 1011 1110 1101 0100 0000 1101# after SR MC SR
00:16:42.071.168 INFO root: 0000 0010 0000 0010 0100 0000 0001 0000 0000 0100 0000 0010 0000 0000 0000 0000# after SSB
00:16:42.071.168 INFO root: 0000 1101 0000 0000 0000 0000 0000 0000 0000 1011 0000 0000 0000 0000 0000 0000# after SR MC SR
00:16:42.071.168 INFO root: 
00:16:42.071.168 INFO root: new trail: 0000101110110000 -> 1101000010110000
00:16:42.073.170 INFO root: #trails 18 
00:16:42.073.170 INFO root: mask pair #2321 / 65025: 0111000000000000 1010000000000000anfI_max <DenseSet hash=8e86f97a32b682a0 n=16 wt=72 | 3:11 4:22 5:23 6:16> anfO_max <DenseSet hash=4d700f45c27717be n=16 wt=76 | 3:9 4:32 5:27 6:8>
00:16:47.965.062 INFO root: solving SAT...
00:17:24.101.198 INFO root: SAT solve time: 36.13500905036926
00:17:24.101.198 INFO root: SAT_times: 14.0 - 102.2, avg 38.1 med 33.5
00:17:24.102.199 INFO root: middle division transition ~0000110110110000 -> 0000011100000111 (~6 -> 6)
00:17:24.102.199 INFO root: mid transition: 0000110110110000 0000011100000111 6 6
00:17:24.102.199 INFO root: full trace:
00:17:24.103.200 INFO root: 1111 1111 1111 1111 1111 0010 1111 1111 1111 0100 1111 1111 1111 1111 1111 1111# initial
00:17:24.103.200 INFO root: 1011 1111 1111 0111 1111 1111 1111 1101 1111 1011 1101 1111 1101 1111 1111 1111# after SR MC SR
00:17:24.104.201 INFO root: 0000 1110 1111 1000 1111 0010 0111 0001 1000 1000 1000 0001 0110 1111 0100 1001# after SSB
00:17:24.104.201 INFO root: 0000 1011 1010 0111 0000 1100 1101 0000 0101 0000 1110 0111 0001 0001 0111 1111# after SR MC SR
00:17:24.105.202 INFO root: 1000 0000 0100 0000 0000 0000 0000 0100 0000 0000 0001 0000 0000 0010 0000 0100# after SSB
00:17:24.105.202 INFO root: 0000 0000 0000 0000 0000 0111 0000 0000 0000 0000 0000 0000 0000 0111 0000 0000# after SR MC SR
00:17:24.105.202 INFO root: 
00:17:24.106.202 INFO root: new trail: 0000110110110000 -> 0000011100000111
00:17:24.159.256 INFO root: #trails 19 
00:17:24.160.257 INFO root: mask pair #6926 / 65025: 0001000101100000 1010000000001011anfI_max <DenseSet hash=1735a206e35e2b44 n=16 wt=105 | 3:2 4:10 5:77 6:16> anfO_max <DenseSet hash=421e8930ab1f714d n=16 wt=80 | 3:6 4:16 5:35 6:23>
00:17:30.066.163 INFO root: solving SAT...
00:18:03.396.493 INFO root: SAT solve time: 33.32957363128662
00:18:03.397.493 INFO root: SAT_times: 14.0 - 102.2, avg 37.9 med 33.5
00:18:03.397.494 INFO root: middle division transition ~0000000010111011 -> 1101000011010000 (~6 -> 6)
00:18:03.397.494 INFO root: mid transition: 0000000010111011 1101000011010000 6 6
00:18:03.397.494 INFO root: full trace:
00:18:03.398.495 INFO root: 1111 1111 1111 1111 1111 1111 1111 1111 1111 0100 1111 1111 1111 0100 1111 1111# initial
00:18:03.398.495 INFO root: 1111 1111 0111 1011 1111 1111 0111 1111 1110 1111 1111 1111 0111 1111 1111 1011# after SR MC SR
00:18:03.398.495 INFO root: 0001 1111 0000 0010 1001 1111 1110 1111 1011 1111 0100 1001 1101 1111 1111 0000# after SSB
00:18:03.399.496 INFO root: 0000 1101 0111 1001 0111 1110 0111 0000 1101 0111 0111 1011 1011 1110 1011 1010# after SR MC SR
00:18:03.399.496 INFO root: 0000 0010 0000 0100 0000 0000 0001 0000 0000 0010 0000 0000 0010 0000 0001 0000# after SSB
00:18:03.399.496 INFO root: 0000 1101 0000 0000 0000 0000 0000 0000 0000 1101 0000 0000 0000 0000 0000 0000# after SR MC SR
00:18:03.400.496 INFO root: 
00:18:03.400.497 INFO root: new trail: 0000000010111011 -> 1101000011010000
00:18:03.406.503 INFO root: #trails 20 
00:18:03.406.503 INFO root: mask pair #7549 / 65025: 0110000001100000 1011101110101011anfI_max <DenseSet hash=a3f2fb10b8eb3827 n=16 wt=102 | 3:3 4:33 5:48 6:18> anfO_max <DenseSet hash=f1fbe5bec0cd958f n=16 wt=75 | 3:3 4:22 5:28 6:22>
00:18:09.072.169 INFO root: solving SAT...
00:18:59.490.587 INFO root: SAT solve time: 50.41736721992493
00:18:59.490.587 INFO root: SAT_times: 14.0 - 102.2, avg 38.4 med 33.5
00:18:59.491.588 INFO root: middle division transition ~0111000010110000 -> 0000000010011101 (~6 -> 5)
00:18:59.491.588 INFO root: mid transition: 0111000010110000 0000000010011101 6 5
00:18:59.491.588 INFO root: full trace:
00:18:59.491.588 INFO root: 1111 1000 1111 1111 1111 1111 1111 1111 1111 0100 1111 1111 1111 1111 1111 1111# initial
00:18:59.492.589 INFO root: 1111 1011 1111 1011 1111 1111 1111 1111 1111 0111 1111 0111 1011 1111 1110 1111# after SR MC SR
00:18:59.492.589 INFO root: 1111 1111 1111 1000 0010 1001 1111 0001 1010 0010 1000 0010 0110 0000 1000 1000# after SSB
00:18:59.492.589 INFO root: 0000 0110 0000 0000 1101 0000 1011 1001 1111 0000 0111 0111 0010 1110 1101 1101# after SR MC SR
00:18:59.493.590 INFO root: 1000 0000 0000 1000 0010 0010 0000 0000 0000 0000 0100 0000 0000 0000 0000 0000# after SSB
00:18:59.493.590 INFO root: 0000 0000 0000 0000 0000 0000 0000 0000 0000 1001 0000 0000 0000 1101 0000 0000# after SR MC SR
00:18:59.493.590 INFO root: 
00:18:59.493.590 INFO root: new trail: 0111000010110000 -> 0000000010011101
00:18:59.511.608 INFO root: #trails 21 
00:18:59.512.609 INFO root: mask pair #9297 / 65025: 0110000001100000 0001101110100000anfI_max <DenseSet hash=a3f2fb10b8eb3827 n=16 wt=102 | 3:3 4:33 5:48 6:18> anfO_max <DenseSet hash=9587aa654c85d034 n=16 wt=77 | 3:6 4:22 5:30 6:19>
00:19:05.632.729 INFO root: solving SAT...
00:19:19.940.037 INFO root: SAT solve time: 14.307232856750488
00:19:19.941.037 INFO root: SAT_times: 14.0 - 102.2, avg 37.4 med 33.5
00:19:19.941.038 INFO root: middle division transition ~0000000010111101 -> 0111000000000111 (~6 -> 6)
00:19:19.941.038 INFO root: mid transition: 0000000010111101 0111000000000111 6 6
00:19:19.942.038 INFO root: full trace:
00:19:19.942.039 INFO root: 1111 1111 1111 1111 1111 1111 1111 1111 1111 0100 1111 1111 1111 0010 1111 1111# initial
00:19:19.943.040 INFO root: 1111 1111 1111 1101 1111 1101 1101 1111 1110 1111 1111 1111 1011 1111 1111 1110# after SR MC SR
00:19:19.943.040 INFO root: 0010 0111 0101 1111 0101 1000 1111 0001 1010 1111 1111 1100 0101 0010 1001 0001# after SSB
00:19:19.944.041 INFO root: 1000 0110 0111 1110 1011 0000 1101 1101 0000 1011 0000 1110 0111 0111 0111 1101# after SR MC SR
00:19:19.944.041 INFO root: 0000 1000 0000 0000 0000 0000 0000 0000 0000 0000 0100 0010 1000 0000 0000 1100# after SSB
00:19:19.945.042 INFO root: 0000 0111 0000 0000 0000 0000 0000 0000 0000 0000 0000 0000 0000 0111 0000 0000# after SR MC SR
00:19:19.945.042 INFO root: 
00:19:19.945.042 INFO root: new trail: 0000000010111101 -> 0111000000000111
00:19:19.977.074 INFO root: #trails 22 
00:19:19.977.074 INFO root: mask pair #11621 / 65025: 0110011000000111 1011101000011010anfI_max <DenseSet hash=e93b0b2df7ac97c2 n=16 wt=95 | 3:2 4:28 5:47 6:18> anfO_max <DenseSet hash=e620a2dfd85db438 n=16 wt=89 | 3:4 4:22 5:39 6:24>
00:19:25.942.038 INFO root: solving SAT...
00:19:40.677.774 INFO root: SAT solve time: 14.734726905822754
00:19:40.677.774 INFO root: SAT_times: 14.0 - 102.2, avg 36.4 med 33.3
00:19:40.678.775 INFO root: middle division transition ~1011000001110000 -> 0111000001110000 (~6 -> 6)
00:19:40.678.775 INFO root: mid transition: 1011000001110000 0111000001110000 6 6
00:19:40.678.775 INFO root: full trace:
00:19:40.679.776 INFO root: 1111 0100 1111 1111 1111 1111 1111 1111 1111 1000 1111 1111 1111 1111 1111 1111# initial
00:19:40.679.776 INFO root: 1111 1111 1111 1111 0111 1111 0111 1111 1111 1101 1111 0111 1101 1111 1011 1111# after SR MC SR
00:19:40.680.777 INFO root: 1111 0100 1111 1000 0110 0100 0100 1011 0010 1010 0000 1111 0000 1111 0010 0100# after SSB
00:19:40.680.777 INFO root: 0000 1100 1110 0000 1101 1100 0000 0111 0111 0111 1101 1000 0111 0000 0000 1111# after SR MC SR
00:19:40.681.778 INFO root: 0000 0000 0000 1000 0000 0000 0000 0000 0000 0100 0000 0010 1001 0000 0100 0000# after SSB
00:19:40.681.778 INFO root: 0000 0111 0000 0000 0000 0000 0000 0000 0000 0111 0000 0000 0000 0000 0000 0000# after SR MC SR
00:19:40.682.778 INFO root: 
00:19:40.682.779 INFO root: new trail: 1011000001110000 -> 0111000001110000
00:19:40.720.817 INFO root: #trails 23 
00:19:40.721.818 INFO root: mask pair #14341 / 65025: 0001000101100110 0000000000001011anfI_max <DenseSet hash=ead42ce4be027983 n=16 wt=96 | 3:2 4:12 5:62 6:20> anfO_max <DenseSet hash=192d01f8c8e44c20 n=16 wt=53 | 3:2 5:28 6:23>
00:19:46.958.055 INFO root: solving SAT...
00:20:51.787.884 INFO root: SAT solve time: 64.82902216911316
00:20:51.788.885 INFO root: SAT_times: 14.0 - 102.2, avg 37.6 med 33.5
00:20:51.788.885 INFO root: middle division transition ~0111000000001101 -> 0000000001111011 (~6 -> 6)
00:20:51.788.885 INFO root: mid transition: 0111000000001101 0000000001111011 6 6
00:20:51.789.885 INFO root: full trace:
00:20:51.789.886 INFO root: 1111 1000 1111 1111 1111 1111 1111 1111 1111 1111 1111 1111 1111 0010 1111 1111# initial
00:20:51.790.887 INFO root: 1111 1111 1111 1111 1011 0111 1111 1111 1101 1111 1111 1011 1111 1111 0111 1101# after SR MC SR
00:20:51.790.887 INFO root: 0000 1000 1111 0001 0110 0010 1000 0100 0101 1110 0100 1010 1111 1111 0110 1000# after SSB
00:20:51.791.888 INFO root: 0000 1011 1110 1011 0011 1111 1101 0111 1101 1000 0000 1101 0001 0000 0000 1000# after SR MC SR
00:20:51.791.888 INFO root: 0100 0000 0000 0100 0000 1000 0000 0000 0000 0100 0000 0000 0000 0000 0010 0010# after SSB
00:20:51.792.889 INFO root: 0000 0000 0000 0000 0000 0000 0000 0000 0000 0111 0000 0000 0000 1011 0000 0000# after SR MC SR
00:20:51.792.889 INFO root: 
00:20:51.792.889 INFO root: new trail: 0111000000001101 -> 0000000001111011
00:20:51.807.904 INFO root: #trails 24 
00:20:51.808.905 INFO root: mask pair #15413 / 65025: 0000000000010111 1010000000000000anfI_max <DenseSet hash=1131a400fd658f41 n=16 wt=85 | 3:2 4:18 5:41 6:24> anfO_max <DenseSet hash=4d700f45c27717be n=16 wt=76 | 3:9 4:32 5:27 6:8>
00:20:59.039.136 INFO root: solving SAT...
00:21:43.326.422 INFO root: SAT solve time: 44.286213636398315
00:21:43.326.423 INFO root: SAT_times: 14.0 - 102.2, avg 37.8 med 33.5
00:21:43.326.423 INFO root: middle division transition ~0000000011011101 -> 1101000000000111 (~6 -> 6)
00:21:43.327.423 INFO root: mid transition: 0000000011011101 1101000000000111 6 6
00:21:43.327.424 INFO root: full trace:
00:21:43.327.424 INFO root: 1111 1111 1111 1111 1111 1111 1111 1111 1111 0010 1111 1111 1111 0010 1111 1111# initial
00:21:43.327.424 INFO root: 1111 1111 1101 1111 1111 0111 1011 1111 1101 1011 1111 1111 1101 1111 1111 1111# after SR MC SR
00:21:43.328.425 INFO root: 0100 1000 0000 1111 1111 1111 0010 1111 0000 1000 1111 1111 1000 0000 0010 1111# after SSB
00:21:43.328.425 INFO root: 1111 1101 0111 1100 0111 0000 1011 1101 0000 1100 0111 0001 0111 1101 0000 0001# after SR MC SR
00:21:43.328.425 INFO root: 0010 0010 0000 0000 0000 0000 0000 0000 0000 0000 0100 0010 1000 0000 0000 1000# after SSB
00:21:43.329.426 INFO root: 0000 1101 0000 0000 0000 0000 0000 0000 0000 0000 0000 0000 0000 0111 0000 0000# after SR MC SR
00:21:43.329.426 INFO root: 
00:21:43.329.426 INFO root: new trail: 0000000011011101 -> 1101000000000111
00:21:43.380.477 INFO root: #trails 25 
00:21:43.380.477 INFO root: mask pair #21963 / 65025: 0111011000000000 1010000000000000anfI_max <DenseSet hash=3243f0f9336aa8fa n=16 wt=80 | 3:3 4:23 5:29 6:25> anfO_max <DenseSet hash=4d700f45c27717be n=16 wt=76 | 3:9 4:32 5:27 6:8>
00:21:49.051.148 INFO root: solving SAT...
00:22:24.786.883 INFO root: SAT solve time: 35.73457217216492
00:22:24.786.883 INFO root: SAT_times: 14.0 - 102.2, avg 37.7 med 33.7
00:22:24.787.884 INFO root: middle division transition ~0111110100000000 -> 1011011100000000 (~6 -> 6)
00:22:24.787.884 INFO root: mid transition: 0111110100000000 1011011100000000 6 6
00:22:24.787.884 INFO root: full trace:
00:22:24.788.884 INFO root: 1111 1000 1111 1111 1111 0010 1111 1111 1111 1111 1111 1111 1111 1111 1111 1111# initial
00:22:24.788.885 INFO root: 0111 1011 1111 1111 1111 1111 1111 1111 1111 1111 0111 0111 1111 0111 1110 1111# after SR MC SR
00:22:24.788.885 INFO root: 1111 0100 1000 0100 0010 0100 0100 0101 0101 0000 0010 1111 0010 1111 0001 1010# after SSB
00:22:24.789.886 INFO root: 1000 1011 1001 0000 0000 0111 0000 1101 1011 0000 1110 1111 1101 0010 0000 0001# after SR MC SR
00:22:24.789.886 INFO root: 0000 0010 0000 0000 0000 0000 0010 0100 0010 0000 0000 1000 0000 0001 0000 0000# after SSB
00:22:24.789.886 INFO root: 0000 1011 0000 0000 0000 0111 0000 0000 0000 0000 0000 0000 0000 0000 0000 0000# after SR MC SR
00:22:24.790.886 INFO root: 
00:22:24.790.887 INFO root: new trail: 0111110100000000 -> 1011011100000000
00:22:24.792.889 INFO root: #trails 26 
00:22:24.792.889 INFO root: mask pair #22111 / 65025: 0000000000000110 1011101000011010anfI_max <DenseSet hash=68c34902e61fdf85 n=16 wt=92 | 3:2 4:18 5:64 6:8> anfO_max <DenseSet hash=e620a2dfd85db438 n=16 wt=89 | 3:4 4:22 5:39 6:24>
00:22:31.028.125 INFO root: solving SAT...
00:23:12.229.326 INFO root: SAT solve time: 41.20087170600891
00:23:12.230.327 INFO root: SAT_times: 14.0 - 102.2, avg 37.9 med 33.7
00:23:12.230.327 INFO root: middle division transition ~0101000011000000 -> 0000110100000011 (~4 -> 5)
00:23:12.230.327 INFO root: mid transition: 0101000011000000 0000110100000011 4 5
00:23:12.231.327 INFO root: full trace:
00:23:12.231.328 INFO root: 1111 1010 1111 1111 1111 1111 1111 1111 1111 0011 1111 1111 1111 1111 1111 1111# initial
00:23:12.232.329 INFO root: 1111 1111 1111 0111 1011 1111 1111 1111 1111 1011 1111 1111 1111 1111 0111 1111# after SR MC SR
00:23:12.232.329 INFO root: 0101 1111 0100 1100 1001 0100 0100 0010 1111 1000 1000 0100 0010 0100 1111 1111# after SSB
00:23:12.233.330 INFO root: 1101 1001 1111 1011 1010 1101 0111 1011 0000 0000 1010 1101 1101 0000 0000 0000# after SR MC SR
00:23:12.233.330 INFO root: 0000 0000 0010 0000 0000 0001 0000 0010 0010 0000 0100 0000 0000 0000 0000 0000# after SSB
00:23:12.234.331 INFO root: 0000 0000 0000 0000 0000 1101 0000 0000 0000 0000 0000 0000 0000 0011 0000 0000# after SR MC SR
00:23:12.234.331 INFO root: 
00:23:12.234.331 INFO root: new trail: 0101000011000000 -> 0000110100000011
00:23:12.690.787 INFO root: #trails 27 
00:23:12.691.788 INFO root: mask pair #59349 / 65025: 0110011101100000 1010000000000000anfI_max <DenseSet hash=430d650a258b0447 n=16 wt=80 | 3:1 4:12 5:40 6:27> anfO_max <DenseSet hash=4d700f45c27717be n=16 wt=76 | 3:9 4:32 5:27 6:8>
00:23:22.078.175 INFO root: solving SAT...
00:24:02.103.200 INFO root: SAT solve time: 40.02479290962219
00:24:02.103.200 INFO root: SAT_times: 14.0 - 102.2, avg 37.9 med 34.3
00:24:02.104.201 INFO root: middle division transition ~0000011101110000 -> 1101000000000111 (~6 -> 6)
00:24:02.104.201 INFO root: mid transition: 0000011101110000 1101000000000111 6 6
00:24:02.105.201 INFO root: full trace:
00:24:02.105.202 INFO root: 1111 1111 1111 1111 1111 1000 1111 1111 1111 1000 1111 1111 1111 1111 1111 1111# initial
00:24:02.106.203 INFO root: 1111 1111 1111 1011 1111 1111 1101 1101 1111 1111 0111 1111 1110 1011 1111 1111# after SR MC SR
00:24:02.106.203 INFO root: 1111 0111 1001 1111 0010 0101 0010 0101 1111 1111 0010 0100 1000 0100 1101 0000# after SSB
00:24:02.107.204 INFO root: 1011 1101 0011 1011 0000 1000 1101 0000 1101 1110 0110 0000 0111 0101 1110 1110# after SR MC SR
00:24:02.107.204 INFO root: 1000 0010 0000 0000 0000 0010 0001 0000 0000 0000 0100 0010 0000 0000 0000 0000# after SSB
00:24:02.108.205 INFO root: 0000 1101 0000 0000 0000 0000 0000 0000 0000 0000 0000 0000 0000 0111 0000 0000# after SR MC SR
00:24:02.108.205 INFO root: 
00:24:02.108.205 INFO root: new trail: 0000011101110000 -> 1101000000000111
00:24:02.186.283 INFO root: 
00:24:02.186.283 INFO root: final SAT_times: 14.0 - 102.2, avg 37.9 med 34.3
00:24:02.187.283 INFO root: SAT_times all [13.98551344871521, 14.307232856750488, 14.734726905822754, 19.733238220214844, 21.691938161849976, 22.730735063552856, 29.748138904571533, 29.967254638671875, 30.916184663772583, 32.28065323829651, 32.783392906188965, 33.32957363128662, 33.49589991569519, 33.698444843292236, 34.309189558029175, 35.73457217216492, 36.13500905036926, 37.835630655288696, 40.02479290962219, 41.05097198486328, 41.20087170600891, 44.286213636398315, 44.52864074707031, 47.116036891937256, 50.41736721992493, 64.82902216911316, 79.47719407081604, 102.20482420921326]
00:24:02.187.284 INFO root: Trails:
00:24:02.188.284 INFO root: trail ~1011000010110000 -> 1011011100000000: 1111010011111111111111111111111111110100111111111111111111111111 1111111111111111011111110111111111110111111111011110111111011111 1000001010000110101001001111111101001001001001000010111100001000 0111001011111011010001000000000001110000000011000111000101111001 0000000001000000000000000001000000010000000010000100001000000000 0000101100000000000001110000000000000000000000000000000000000000
00:24:02.188.285 INFO root: trail ~1101000011010000 -> 0000000001110111: 1111001011111111111111111111111111110010111111111111111111111111 1111101111110111011111111111111111110111111111110111111111101111 1111010010001001000001001111111101000000111110100011111101001100 0101001101000000111111011101011111010000110100000000011110111110 0010000000000000100000000000000000000100000100000000000001000010 0000000000000000000000000000000000000111000000000000011100000000
00:24:02.189.286 INFO root: trail ~0000000011010111 -> 0000000011011011: 1111111111111111111111111111111111110010111111111111100011111111 1111111101111011111111011111111111111101111111111110111111111110 1000000001111101111111111000111111110100010000000100001011111111 1111000011101101000011010111100101110111001100001011100110011011 0100000000001000001010000000000000000000001000000000000010000000 0000000000000000000000000000000000001101000000000000101100000000
00:24:02.190.286 INFO root: trail ~1011011000000000 -> 0111101100000000: 1111010011111111111110011111111111111111111111111111111111111111 1111111111111111011111111111011111111111111110111111110101111111 0110111101001001111110000100001001001001100000001011010011111111 1110010100001101011000001110011001001101000000111101110100111110 0000000000000000000000000010001000100000000010000010100000000000 0000011100000000000010110000000000000000000000000000000000000000
00:24:02.190.287 INFO root: trail ~0000000010101101 -> 0111011100000000: 1111111111111111111111111111111111110101111111111111001011111111 1111111111011111111111011111111111111011111111111101111111111110 0101100000101101001011010110110011110001010011111000100011111111 0111000011010111111101100000101100001101101011100111110000011110 0000100001000000000000000000010001000000000000101000000000000000 0000011100000000000001110000000000000000000000000000000000000000
00:24:02.191.288 INFO root: trail ~0000101100000101 -> 1101010100000000: 1111111111111111111101001111111111111111111111111111101011111111 1101111110111111111101111111011111111111101111111111111111111111 1000001000101111011010000001010010100010100000101111111110101000 1101000111110100011111011101001000001011000000001100000001110001 0000000010000000000000000100000000000000000001001000010000000000 0000110100000000000001010000000000000000000000000000000000000000
00:24:02.192.289 INFO root: trail ~0000000011011011 -> 0000011101110000: 1111111111111111111111111111111111110010111111111111010011111111 1111111111111011111110111011111111010111111111111111111111111110 1111010001001111111100001111010111111111110011110111010000100000 0111011110111101111011010111110110101111000010111011000010110000 0000000010000100000100000000000010001000000000000000010000000000 0000000000000000000001110000000000000111000000000000000000000000
00:24:02.193.289 INFO root: trail ~1011100100000000 -> 0111110100000000: 1111010011111111111101101111111111111111111111111111111111111111 1111111111111111011111111111011111111111111110111111101101111111 1000010001000000111110001111011010011111000111110100001011111000 1001000000100111011101111011000000001101000011111101010111100011 0000100001000000000000000001010000100000000010000000000000000000 0000011100000000000011010000000000000000000000000000000000000000
00:24:02.193.290 INFO root: trail ~0000110100001011 -> 0000110100001011: 1111111111111111111100101111111111111111111111111111010011111111 1111111111011111111111111111011110111111011111111111101111111011 1111111100000010100010001111000010001001100011110010010000111000 0110111100001011111000000100100100001010011101110000000010110011 0000000000000000000000010000000101000000001000000000001000000100 0000000000000000000011010000000000000000000000000000101100000000
00:24:02.194.291 INFO root: trail ~0000011100000111 -> 0000110101110000: 1111111111111111111110001111111111111111111111111111100011111111 1011111111111111111110111111110111011111011111111111111111111110 0111111111011110010010001000010111110100010010010000100011110100 0000010011110001011100000111011111111010000000001011101110110110 0000000000100000010000000000001000100010000000000000000000100000 0000000000000000000011010000000000000111000000000000000000000000
00:24:02.195.292 INFO root: trail ~0011000000001101 -> 0110110100000000: 1111110011111111111111111111111111111111111111111111001011111111 1111101111111111111111101111111101111111111111111111111110111011 1000010001001000001011000100100111110001111100101000100000111111 1011000111100000000000001110011111000000110100000011100110111110 0000000000100000000000000010000010000000000000100000000100000000 0000011000000000000011010000000000000000000000000000000000000000
00:24:02.196.292 INFO root: trail ~0000101100001101 -> 1010011100000000: 1111111111111111111101001111111111111111111111111111001011111111 0111111111011111111101111111111011111111111111111111111011111011 0010110010000010101110010101000111111111001110010100010011110100 0111000010110111110000000111000001001101000011011110111001100111 0000100000100000000000000000001000100000000000000100000000000000 0000101000000000000001110000000000000000000000000000000000000000
00:24:02.196.293 INFO root: trail ~1011000000001011 -> 1011000001110000: 1111010011111111111111111111111111111111111111111111010011111111 1111110101111111101111011111111111111111111111011111111111111110 0100001010000000111101001111111110000000010000100101111110001111 0000000011010000011101110110110101111101000010100000111110110001 0000010000000000000000000000000000000010000001000001000001100000 0000101100000000000000000000000000000111000000000000000000000000
00:24:02.197.294 INFO root: trail ~0000011101110000 -> 0111010100000000: 1111111111111111111110001111111111111000111111111111111111111111 1111111111110111111111111101110111111111011111111101110111111111 0001111101001000111101001000000011110110100010010100001000011111 1111101111010111110100001000000000000001000101101011011000001101 0000010000000000000000000010001001000000000000000010000000000000 0000011100000000000001010000000000000000000000000000000000000000
00:24:02.198.295 INFO root: trail ~1101000000001001 -> 1101000000001011: 1111001011111111111111111111111111111111111111111111011011111111 1111111111111111110111011111111111111111111111101111111110111101 1000100110101001111111010100000101000101001010001000111111110010 0101000011011110000000111101000010110011001101011111010101110000 0100010000000000000000000100000000000000001000000100000000001000 0000110100000000000000000000000000000000000000000000101100000000
00:24:02.199.295 INFO root: trail ~0000110000000111 -> 0111000010100000: 1111111111111111111100111111111111111111111111111111100011111111 1111111111111111111110111111111111011111110111111111011111111110 1111111110110010010000000010001010001000001011110100010011111111 1101110110110000111100001010011100001100110101111101000000001011 0000000100000100010000000010000000000000000000001000000000000000 0000011100000000000000000000000000001010000000000000000000000000
00:24:02.199.296 INFO root: trail ~1100011100000000 -> 0111000011010000: 1111001111111111111110001111111111111111111111111111111111111111 0111101111111111111111111111011111111111111111111111110111011111 0100101010100001011100001000111110101111111111111111001110000100 1101110001110110011101110010000001111110000011010111110110111000 0000100000000000010000000000000000000100000010000001000010000000 0000011100000000000000000000000000001101000000000000000000000000
00:24:02.200.297 INFO root: trail ~0000101110110000 -> 1101000010110000: 1111111111111111111101001111111111110100111111111111111111111111 1111111111111111111111111101110111110111011111111110110111111111 1111100001001101101001000000010011110000111111110010111110101000 0111011100001110000011110100011111010000101111101101010000001101 0000001000000010010000000001000000000100000000100000000000000000 0000110100000000000000000000000000001011000000000000000000000000
00:24:02.203.300 INFO root: trail ~0000110110110000 -> 0000011100000111: 1111111111111111111100101111111111110100111111111111111111111111 1011111111110111111111111111110111111011110111111101111111111111 0000111011111000111100100111000110001000100000010110111101001001 0000101110100111000011001101000001010000111001110001000101111111 1000000001000000000000000000010000000000000100000000001000000100 0000000000000000000001110000000000000000000000000000011100000000
00:24:02.204.301 INFO root: trail ~0000000010111011 -> 1101000011010000: 1111111111111111111111111111111111110100111111111111010011111111 1111111101111011111111110111111111101111111111110111111111111011 0001111100000010100111111110111110111111010010011101111111110000 0000110101111001011111100111000011010111011110111011111010111010 0000001000000100000000000001000000000010000000000010000000010000 0000110100000000000000000000000000001101000000000000000000000000
00:24:02.205.302 INFO root: trail ~0111000010110000 -> 0000000010011101: 1111100011111111111111111111111111110100111111111111111111111111 1111101111111011111111111111111111110111111101111011111111101111 1111111111111000001010011111000110100010100000100110000010001000 0000011000000000110100001011100111110000011101110010111011011101 1000000000001000001000100000000000000000010000000000000000000000 0000000000000000000000000000000000001001000000000000110100000000
00:24:02.205.302 INFO root: trail ~0000000010111101 -> 0111000000000111: 1111111111111111111111111111111111110100111111111111001011111111 1111111111111101111111011101111111101111111111111011111111111110 0010011101011111010110001111000110101111111111000101001010010001 1000011001111110101100001101110100001011000011100111011101111101 0000100000000000000000000000000000000000010000101000000000001100 0000011100000000000000000000000000000000000000000000011100000000
00:24:02.206.303 INFO root: trail ~1011000001110000 -> 0111000001110000: 1111010011111111111111111111111111111000111111111111111111111111 1111111111111111011111110111111111111101111101111101111110111111 1111010011111000011001000100101100101010000011110000111100100100 0000110011100000110111000000011101110111110110000111000000001111 0000000000001000000000000000000000000100000000101001000001000000 0000011100000000000000000000000000000111000000000000000000000000
00:24:02.207.304 INFO root: trail ~0111000000001101 -> 0000000001111011: 1111100011111111111111111111111111111111111111111111001011111111 1111111111111111101101111111111111011111111110111111111101111101 0000100011110001011000101000010001011110010010101111111101101000 0000101111101011001111111101011111011000000011010001000000001000 0100000000000100000010000000000000000100000000000000000000100010 0000000000000000000000000000000000000111000000000000101100000000
00:24:02.207.304 INFO root: trail ~0000000011011101 -> 1101000000000111: 1111111111111111111111111111111111110010111111111111001011111111 1111111111011111111101111011111111011011111111111101111111111111 0100100000001111111111110010111100001000111111111000000000101111 1111110101111100011100001011110100001100011100010111110100000001 0010001000000000000000000000000000000000010000101000000000001000 0000110100000000000000000000000000000000000000000000011100000000
00:24:02.208.305 INFO root: trail ~0111110100000000 -> 1011011100000000: 1111100011111111111100101111111111111111111111111111111111111111 0111101111111111111111111111111111111111011101111111011111101111 1111010010000100001001000100010101010000001011110010111100011010 1000101110010000000001110000110110110000111011111101001000000001 0000001000000000000000000010010000100000000010000000000100000000 0000101100000000000001110000000000000000000000000000000000000000
00:24:02.209.306 INFO root: trail ~0101000011000000 -> 0000110100000011: 1111101011111111111111111111111111110011111111111111111111111111 1111111111110111101111111111111111111011111111111111111101111111 0101111101001100100101000100001011111000100001000010010011111111 1101100111111011101011010111101100000000101011011101000000000000 0000000000100000000000010000001000100000010000000000000000000000 0000000000000000000011010000000000000000000000000000001100000000
00:24:02.210.306 INFO root: trail ~0000011101110000 -> 1101000000000111: 1111111111111111111110001111111111111000111111111111111111111111 1111111111111011111111111101110111111111011111111110101111111111 1111011110011111001001010010010111111111001001001000010011010000 1011110100111011000010001101000011011110011000000111010111101110 1000001000000000000000100001000000000000010000100000000000000000 0000110100000000000000000000000000000000000000000000011100000000
00:24:02.210.307 INFO root: 
00:24:02.210.307 INFO root: Greedy:
00:24:02.235.332 INFO root: greedy iter, tocover 65025
00:24:16.709.806 INFO root: trail (Bin(0b0101000011000000, n=16), Bin(0b0000110100000011, n=16)) cnt 46080
00:24:16.804.901 INFO root: -----
00:24:16.805.902 INFO root: greedy iter, tocover 18945
00:24:17.965.061 INFO root: trail (Bin(0b0011000000001101, n=16), Bin(0b0110110100000000, n=16)) cnt 12768
00:24:18.004.100 INFO root: -----
00:24:18.004.101 INFO root: greedy iter, tocover 6177
00:24:18.373.470 INFO root: trail (Bin(0b0000110000000111, n=16), Bin(0b0111000010100000, n=16)) cnt 3708
00:24:18.387.484 INFO root: -----
00:24:18.387.484 INFO root: greedy iter, tocover 2469
00:24:18.539.635 INFO root: trail (Bin(0b0000101100000101, n=16), Bin(0b1101010100000000, n=16)) cnt 1298
00:24:18.545.642 INFO root: -----
00:24:18.545.642 INFO root: greedy iter, tocover 1171
00:24:18.599.696 INFO root: trail (Bin(0b1101000000001001, n=16), Bin(0b1101000000001011, n=16)) cnt 633
00:24:18.601.698 INFO root: -----
00:24:18.601.698 INFO root: greedy iter, tocover 538
00:24:18.625.721 INFO root: trail (Bin(0b0000000010101101, n=16), Bin(0b0111011100000000, n=16)) cnt 193
00:24:18.626.723 INFO root: -----
00:24:18.626.723 INFO root: greedy iter, tocover 345
00:24:18.641.738 INFO root: trail (Bin(0b0000000011011011, n=16), Bin(0b0000011101110000, n=16)) cnt 128
00:24:18.642.739 INFO root: -----
00:24:18.642.739 INFO root: greedy iter, tocover 217
00:24:18.652.749 INFO root: trail (Bin(0b0000110110110000, n=16), Bin(0b0000011100000111, n=16)) cnt 72
00:24:18.652.749 INFO root: -----
00:24:18.653.749 INFO root: greedy iter, tocover 145
00:24:18.659.756 INFO root: trail (Bin(0b0111000010110000, n=16), Bin(0b0000000010011101, n=16)) cnt 50
00:24:18.660.757 INFO root: -----
00:24:18.660.757 INFO root: greedy iter, tocover 95
00:24:18.664.761 INFO root: trail (Bin(0b1011000000001011, n=16), Bin(0b1011000001110000, n=16)) cnt 34
00:24:18.665.762 INFO root: -----
00:24:18.665.762 INFO root: greedy iter, tocover 61
00:24:18.668.765 INFO root: trail (Bin(0b0000011101110000, n=16), Bin(0b1101000000000111, n=16)) cnt 20
00:24:18.668.765 INFO root: -----
00:24:18.668.765 INFO root: greedy iter, tocover 41
00:24:18.670.767 INFO root: trail (Bin(0b1100011100000000, n=16), Bin(0b0111000011010000, n=16)) cnt 16
00:24:18.671.768 INFO root: -----
00:24:18.671.768 INFO root: greedy iter, tocover 25
00:24:18.672.769 INFO root: trail (Bin(0b1011100100000000, n=16), Bin(0b0111110100000000, n=16)) cnt 9
00:24:18.673.770 INFO root: -----
00:24:18.673.770 INFO root: greedy iter, tocover 16
00:24:18.674.771 INFO root: trail (Bin(0b0000000011011101, n=16), Bin(0b1101000000000111, n=16)) cnt 5
00:24:18.674.771 INFO root: -----
00:24:18.674.771 INFO root: greedy iter, tocover 11
00:24:18.675.772 INFO root: trail (Bin(0b0000000010111101, n=16), Bin(0b0111000000000111, n=16)) cnt 4
00:24:18.675.772 INFO root: -----
00:24:18.675.772 INFO root: greedy iter, tocover 7
00:24:18.676.773 INFO root: trail (Bin(0b1011000001110000, n=16), Bin(0b0111000001110000, n=16)) cnt 2
00:24:18.676.773 INFO root: -----
00:24:18.676.773 INFO root: greedy iter, tocover 5
00:24:18.677.774 INFO root: trail (Bin(0b0000011101110000, n=16), Bin(0b0111010100000000, n=16)) cnt 2
00:24:18.677.774 INFO root: -----
00:24:18.677.774 INFO root: greedy iter, tocover 3
00:24:18.678.774 INFO root: trail (Bin(0b0111110100000000, n=16), Bin(0b1011011100000000, n=16)) cnt 1
00:24:18.678.775 INFO root: -----
00:24:18.678.775 INFO root: greedy iter, tocover 2
00:24:18.678.775 INFO root: trail (Bin(0b0000000010111011, n=16), Bin(0b1101000011010000, n=16)) cnt 1
00:24:18.678.775 INFO root: -----
00:24:18.679.776 INFO root: greedy iter, tocover 1
00:24:18.679.776 INFO root: trail (Bin(0b0000101100001101, n=16), Bin(0b1010011100000000, n=16)) cnt 1
00:24:18.679.776 INFO root: -----
00:24:18.680.776 INFO root: chosen trails: 20
00:24:18.680.777 INFO root: trail ~0101000011000000 -> 0000110100000011: 1111101011111111111111111111111111110011111111111111111111111111 1111111111110111101111111111111111111011111111111111111101111111 0101111101001100100101000100001011111000100001000010010011111111 1101100111111011101011010111101100000000101011011101000000000000 0000000000100000000000010000001000100000010000000000000000000000 0000000000000000000011010000000000000000000000000000001100000000
00:24:18.681.778 INFO root: trail ~0011000000001101 -> 0110110100000000: 1111110011111111111111111111111111111111111111111111001011111111 1111101111111111111111101111111101111111111111111111111110111011 1000010001001000001011000100100111110001111100101000100000111111 1011000111100000000000001110011111000000110100000011100110111110 0000000000100000000000000010000010000000000000100000000100000000 0000011000000000000011010000000000000000000000000000000000000000
00:24:18.683.779 INFO root: trail ~0000110000000111 -> 0111000010100000: 1111111111111111111100111111111111111111111111111111100011111111 1111111111111111111110111111111111011111110111111111011111111110 1111111110110010010000000010001010001000001011110100010011111111 1101110110110000111100001010011100001100110101111101000000001011 0000000100000100010000000010000000000000000000001000000000000000 0000011100000000000000000000000000001010000000000000000000000000
00:24:18.684.781 INFO root: trail ~0000101100000101 -> 1101010100000000: 1111111111111111111101001111111111111111111111111111101011111111 1101111110111111111101111111011111111111101111111111111111111111 1000001000101111011010000001010010100010100000101111111110101000 1101000111110100011111011101001000001011000000001100000001110001 0000000010000000000000000100000000000000000001001000010000000000 0000110100000000000001010000000000000000000000000000000000000000
00:24:18.685.782 INFO root: trail ~1101000000001001 -> 1101000000001011: 1111001011111111111111111111111111111111111111111111011011111111 1111111111111111110111011111111111111111111111101111111110111101 1000100110101001111111010100000101000101001010001000111111110010 0101000011011110000000111101000010110011001101011111010101110000 0100010000000000000000000100000000000000001000000100000000001000 0000110100000000000000000000000000000000000000000000101100000000
00:24:18.686.783 INFO root: trail ~0000000010101101 -> 0111011100000000: 1111111111111111111111111111111111110101111111111111001011111111 1111111111011111111111011111111111111011111111111101111111111110 0101100000101101001011010110110011110001010011111000100011111111 0111000011010111111101100000101100001101101011100111110000011110 0000100001000000000000000000010001000000000000101000000000000000 0000011100000000000001110000000000000000000000000000000000000000
00:24:18.688.785 INFO root: trail ~0000000011011011 -> 0000011101110000: 1111111111111111111111111111111111110010111111111111010011111111 1111111111111011111110111011111111010111111111111111111111111110 1111010001001111111100001111010111111111110011110111010000100000 0111011110111101111011010111110110101111000010111011000010110000 0000000010000100000100000000000010001000000000000000010000000000 0000000000000000000001110000000000000111000000000000000000000000
00:24:18.689.786 INFO root: trail ~0000110110110000 -> 0000011100000111: 1111111111111111111100101111111111110100111111111111111111111111 1011111111110111111111111111110111111011110111111101111111111111 0000111011111000111100100111000110001000100000010110111101001001 0000101110100111000011001101000001010000111001110001000101111111 1000000001000000000000000000010000000000000100000000001000000100 0000000000000000000001110000000000000000000000000000011100000000
00:24:18.690.787 INFO root: trail ~0111000010110000 -> 0000000010011101: 1111100011111111111111111111111111110100111111111111111111111111 1111101111111011111111111111111111110111111101111011111111101111 1111111111111000001010011111000110100010100000100110000010001000 0000011000000000110100001011100111110000011101110010111011011101 1000000000001000001000100000000000000000010000000000000000000000 0000000000000000000000000000000000001001000000000000110100000000
00:24:18.691.788 INFO root: trail ~1011000000001011 -> 1011000001110000: 1111010011111111111111111111111111111111111111111111010011111111 1111110101111111101111011111111111111111111111011111111111111110 0100001010000000111101001111111110000000010000100101111110001111 0000000011010000011101110110110101111101000010100000111110110001 0000010000000000000000000000000000000010000001000001000001100000 0000101100000000000000000000000000000111000000000000000000000000
00:24:18.693.790 INFO root: trail ~0000011101110000 -> 1101000000000111: 1111111111111111111110001111111111111000111111111111111111111111 1111111111111011111111111101110111111111011111111110101111111111 1111011110011111001001010010010111111111001001001000010011010000 1011110100111011000010001101000011011110011000000111010111101110 1000001000000000000000100001000000000000010000100000000000000000 0000110100000000000000000000000000000000000000000000011100000000
00:24:18.694.791 INFO root: trail ~1100011100000000 -> 0111000011010000: 1111001111111111111110001111111111111111111111111111111111111111 0111101111111111111111111111011111111111111111111111110111011111 0100101010100001011100001000111110101111111111111111001110000100 1101110001110110011101110010000001111110000011010111110110111000 0000100000000000010000000000000000000100000010000001000010000000 0000011100000000000000000000000000001101000000000000000000000000
00:24:18.695.792 INFO root: trail ~1011100100000000 -> 0111110100000000: 1111010011111111111101101111111111111111111111111111111111111111 1111111111111111011111111111011111111111111110111111101101111111 1000010001000000111110001111011010011111000111110100001011111000 1001000000100111011101111011000000001101000011111101010111100011 0000100001000000000000000001010000100000000010000000000000000000 0000011100000000000011010000000000000000000000000000000000000000
00:24:18.696.793 INFO root: trail ~0000000011011101 -> 1101000000000111: 1111111111111111111111111111111111110010111111111111001011111111 1111111111011111111101111011111111011011111111111101111111111111 0100100000001111111111110010111100001000111111111000000000101111 1111110101111100011100001011110100001100011100010111110100000001 0010001000000000000000000000000000000000010000101000000000001000 0000110100000000000000000000000000000000000000000000011100000000
00:24:18.697.794 INFO root: trail ~0000000010111101 -> 0111000000000111: 1111111111111111111111111111111111110100111111111111001011111111 1111111111111101111111011101111111101111111111111011111111111110 0010011101011111010110001111000110101111111111000101001010010001 1000011001111110101100001101110100001011000011100111011101111101 0000100000000000000000000000000000000000010000101000000000001100 0000011100000000000000000000000000000000000000000000011100000000
00:24:18.698.795 INFO root: trail ~1011000001110000 -> 0111000001110000: 1111010011111111111111111111111111111000111111111111111111111111 1111111111111111011111110111111111111101111101111101111110111111 1111010011111000011001000100101100101010000011110000111100100100 0000110011100000110111000000011101110111110110000111000000001111 0000000000001000000000000000000000000100000000101001000001000000 0000011100000000000000000000000000000111000000000000000000000000
00:24:18.700.796 INFO root: trail ~0000011101110000 -> 0111010100000000: 1111111111111111111110001111111111111000111111111111111111111111 1111111111110111111111111101110111111111011111111101110111111111 0001111101001000111101001000000011110110100010010100001000011111 1111101111010111110100001000000000000001000101101011011000001101 0000010000000000000000000010001001000000000000000010000000000000 0000011100000000000001010000000000000000000000000000000000000000
00:24:18.701.798 INFO root: trail ~0111110100000000 -> 1011011100000000: 1111100011111111111100101111111111111111111111111111111111111111 0111101111111111111111111111111111111111011101111111011111101111 1111010010000100001001000100010101010000001011110010111100011010 1000101110010000000001110000110110110000111011111101001000000001 0000001000000000000000000010010000100000000010000000000100000000 0000101100000000000001110000000000000000000000000000000000000000
00:24:18.702.799 INFO root: trail ~0000000010111011 -> 1101000011010000: 1111111111111111111111111111111111110100111111111111010011111111 1111111101111011111111110111111111101111111111110111111111111011 0001111100000010100111111110111110111111010010011101111111110000 0000110101111001011111100111000011010111011110111011111010111010 0000001000000100000000000001000000000010000000000010000000010000 0000110100000000000000000000000000001101000000000000000000000000
00:24:18.704.801 INFO root: trail ~0000101100001101 -> 1010011100000000: 1111111111111111111101001111111111111111111111111111001011111111 0111111111011111111101111111111011111111111111111111111011111011 0010110010000010101110010101000111111111001110010100010011110100 0111000010110111110000000111000001001101000011011110111001100111 0000100000100000000000000000001000100000000000000100000000000000 0000101000000000000001110000000000000000000000000000000000000000
00:24:18.705.802 INFO root: end
