00:00:05.465.196 INFO root: starting at 2021-09-13.18:48:02
00:00:05.466.196 INFO root: I = 3 J = 2:
00:00:05.467.197 INFO root: ~0000000000111011 -> 0101011100000000:
00:00:05.467.198 INFO root:    1111111111111111111111111111111111111111111111001111111111110100
00:00:05.467.198 INFO root:    0111111111111111111111111111111111111111111001111111101111101111
00:00:05.468.198 INFO root:    1000111100100011110001100100100111110011001011111000011010000100
00:00:05.468.198 INFO root:    1010011010110110011111010000000000000101101111001011000001110111
00:00:05.468.199 INFO root:    0000000001000000100100000000010000000100000000000000000000000000
00:00:05.469.199 INFO root:    0000000001010000000000000111000000000000000000000000000000000000
00:00:07.486.217 INFO root: load .cache/SboxDivision.full_dppt.self_sbox0F7EC76E48F1C66A.args_068BA53CAF4BB89BC84341E5E0A9E860E078799A9E9F3CD8F2B19C3FC4CEC936 succeeded
00:00:10.895.626 INFO root: load .cache/SboxDivision.full_dppt.self_sbox97CD3E51D99FE8E5.args_068BA53CAF4BB89BC84341E5E0A9E860E078799A9E9F3CD8F2B19C3FC4CEC936 succeeded
00:00:13.865.595 INFO root: load .cache/SboxDivision.full_dppt.self_sboxFA83BF4B256071FB.args_068BA53CAF4BB89BC84341E5E0A9E860E078799A9E9F3CD8F2B19C3FC4CEC936 succeeded
00:00:21.285.016 INFO root: load .cache/SboxDivision.full_dppt.self_sboxB5083D73B8917F33.args_068BA53CAF4BB89BC84341E5E0A9E860E078799A9E9F3CD8F2B19C3FC4CEC936 succeeded
00:00:25.586.317 INFO root: verify ok! 8 SuperSboxes 12 MixColumns
00:00:25.587.318 INFO root: ~0000000010010111 -> 1101000001110000:
00:00:25.588.318 INFO root:    1111111111111111111111111111111111111111111101101111111111111000
00:00:25.588.318 INFO root:    1011111111111111111111111111101111111111111110111111111010111111
00:00:25.588.319 INFO root:    0010111111110010101110001001001001001111001000001111001101001111
00:00:25.589.319 INFO root:    1101001010011100110100001011000011101011000011011000111111011011
00:00:25.589.320 INFO root:    0001000001000000000000100000000001000000000000000000001000000100
00:00:25.590.320 INFO root:    0000000011010000000000000000000000000000011100000000000000000000
00:00:36.983.714 INFO root: verify ok! 8 SuperSboxes 12 MixColumns
00:00:36.984.715 INFO root: ~0000110100001001 -> 0000101110110000:
00:00:36.985.715 INFO root:    1111111111111111111111111111001011111111111111111111111111110110
00:00:36.985.715 INFO root:    1111111101111111111101111111111001111111111111111111101111111111
00:00:36.985.716 INFO root:    1111100011001001001000000101011010000010111111110101111111001111
00:00:36.986.716 INFO root:    0110011101110111011101111011011101110000011100000000111111010000
00:00:36.986.716 INFO root:    0010000000000001000001000000000000000100000100000000000010000000
00:00:36.986.717 INFO root:    0000000000000000000000001011000000000000101100000000000000000000
00:00:48.305.036 INFO root: verify ok! 8 SuperSboxes 12 MixColumns
00:00:48.306.037 INFO root: ~1011000001100000 -> 0111000010110000:
00:00:48.306.037 INFO root:    1111111111110100111111111111111111111111111110011111111111111111
00:00:48.307.037 INFO root:    1111111111111111011111111110111111111011111101110111111111111111
00:00:48.307.037 INFO root:    0010100001000100111111111111010000000010100011111000001011110011
00:00:48.307.038 INFO root:    0111000000001011101100001111110110110000011011111110000001110000
00:00:48.307.038 INFO root:    0001000010000000000000000000010010000000001000000000000000000100
00:00:48.308.038 INFO root:    0000000001110000000000000000000000000000101100000000000000000000
00:00:59.848.578 INFO root: verify ok! 8 SuperSboxes 12 MixColumns
00:00:59.849.579 INFO root: ~1100000010110000 -> 1101101100000000:
00:00:59.849.580 INFO root:    1111111111110011111111111111111111111111111101001111111111111111
00:00:59.850.580 INFO root:    1111110111111011101111111101111111111111111111111111111101111111
00:00:59.850.581 INFO root:    0010010110001000001011111000111111010011000101001111010011110101
00:00:59.850.581 INFO root:    1111011100000111000010110000101111010101100011101101000011001011
00:00:59.851.581 INFO root:    0000000000001000010000000000000101000000000000000000001000010000
00:00:59.851.582 INFO root:    0000000011010000000000001011000000000000000000000000000000000000
00:01:11.472.203 INFO root: verify ok! 8 SuperSboxes 12 MixColumns
00:01:11.473.204 INFO root: ~1011101100000000 -> 0111000001100000:
00:01:11.474.204 INFO root:    1111111111110100111111111111010011111111111111111111111111111111
00:01:11.474.205 INFO root:    1111111110111111111110111101111111111011111111111101111111111110
00:01:11.474.205 INFO root:    0101111111111111010000001100111111111010000001011000001010001000
00:01:11.475.205 INFO root:    0000100110110101110101110111000011110000000010011011101101101101
00:01:11.475.206 INFO root:    0010000010000000000000100000001010000000000000000000000000000000
00:01:11.476.206 INFO root:    0000000001110000000000000000000000000000011000000000000000000000
00:01:23.767.498 INFO root: verify ok! 8 SuperSboxes 12 MixColumns
00:01:23.768.499 INFO root: ~0000110000000111 -> 0000101101110000:
00:01:23.769.499 INFO root:    1111111111111111111111111111001111111111111111111111111111111000
00:01:23.769.500 INFO root:    1110111101111111111111111111011111111111111111111111011111110111
00:01:23.769.500 INFO root:    1110001111111111010010001000000011111001010011101111111100100100
00:01:23.770.500 INFO root:    0000011111011011111111011110011111010000110100000110000001111011
00:01:23.770.501 INFO root:    1000000000000010010000010000000000000000000100000000000010000000
00:01:23.770.501 INFO root:    0000000000000000000000001011000000000000011100000000000000000000
00:01:37.234.964 INFO root: verify ok! 8 SuperSboxes 12 MixColumns
00:01:37.235.965 INFO root: ~0000000010101101 -> 1101000011010000:
00:01:37.236.966 INFO root:    1111111111111111111111111111111111111111111101011111111111110010
00:01:37.236.967 INFO root:    1011111111111111111111111111111111111111011110111111111011101111
00:01:37.237.967 INFO root:    0010010001001111111111110100001011101111010100101001001001000011
00:01:37.237.968 INFO root:    1111000000101101101111011111011100001011000000001011010100110101
00:01:37.238.968 INFO root:    1000000010000000000000000000000001000000100000000000100000000010
00:01:37.238.969 INFO root:    0000000011010000000000000000000000000000110100000000000000000000
00:01:49.696.427 INFO root: verify ok! 8 SuperSboxes 12 MixColumns
00:01:49.698.428 INFO root: ~0000011110110000 -> 0000110100001100:
00:01:49.698.429 INFO root:    1111111111111111111111111111100011111111111101001111111111111111
00:01:49.699.429 INFO root:    1111110110111111011111111111111101111111111110111111111111111011
00:01:49.699.430 INFO root:    0000111101010010111100101011010110010100001000010010001011111000
00:01:49.700.430 INFO root:    0000000000000111101100001111000010110000110101110111000001111111
00:01:49.700.430 INFO root:    0000000000000010001000000010000000000000000001000000000001000000
00:01:49.700.431 INFO root:    0000000000000000000000001101000000000000000000000000000011000000
00:02:03.464.195 INFO root: verify ok! 8 SuperSboxes 12 MixColumns
00:02:03.465.196 INFO root: ~0000101111010000 -> 0000000001111010:
00:02:03.465.196 INFO root:    1111111111111111111111111111010011111111111100101111111111111111
00:02:03.466.196 INFO root:    1111110110111111101110111111111111111111111111011111111111111011
00:02:03.466.197 INFO root:    0100001010000000010000001001100000101111010000101111101011111111
00:02:03.466.197 INFO root:    1101110000001011110101110000000001010111000010111110111000000000
00:02:03.467.197 INFO root:    0100000100000000000001000000000000000000000000000001000000000001
00:02:03.467.197 INFO root:    0000000000000000000000000000000000000000011100000000000010100000
00:02:17.677.407 INFO root: verify ok! 8 SuperSboxes 12 MixColumns
00:02:17.678.408 INFO root: ~1101000000000111 -> 1001000001110000:
00:02:17.678.409 INFO root:    1111111111110010111111111111111111111111111111111111111111111000
00:02:17.679.409 INFO root:    1101111111111111111111111101101111111011111111111110111011111111
00:02:17.679.410 INFO root:    1011001001001000010001001110001011010100100011111000001011110010
00:02:17.679.410 INFO root:    1101110100001011110110110000000000001001000001110011011100001011
00:02:17.680.410 INFO root:    0000000000000000000001010000000001000000000000000000100000001000
00:02:17.680.411 INFO root:    0000000010010000000000000000000000000000011100000000000000000000
00:02:33.213.944 INFO root: verify ok! 8 SuperSboxes 12 MixColumns
00:02:33.215.945 INFO root: ~1101110100000000 -> 1001000000001101:
00:02:33.215.946 INFO root:    1111111111110010111111111111001011111111111111111111111111111111
00:02:33.216.946 INFO root:    1111111110110111111110111011111110111101111111111111111111111111
00:02:33.216.947 INFO root:    1111010011111111010000000010001001101111000000111100010100100100
00:02:33.217.947 INFO root:    0000011101111101000010110111110000001111101101110000000000001101
00:02:33.217.948 INFO root:    0000100000000000000000000010000100000000000000100000010000000000
00:02:33.217.948 INFO root:    0000000010010000000000000000000000000000000000000000000011010000
00:02:47.250.980 INFO root: verify ok! 8 SuperSboxes 12 MixColumns
00:02:47.251.981 INFO root: ~0000110100001011 -> 0000011100000111:
00:02:47.251.982 INFO root:    1111111111111111111111111111001011111111111111111111111111110100
00:02:47.252.982 INFO root:    1111111101111111111101111111101101111111110111111111110111111111
00:02:47.252.983 INFO root:    1000010001000100001111110000001010000000011011111111101011110101
00:02:47.252.983 INFO root:    0000110101111111010010101101110100000000101101100000011101110000
00:02:47.253.983 INFO root:    0000001000000100001000000001000000000000000001000000000001000000
00:02:47.253.983 INFO root:    0000000000000000000000000111000000000000000000000000000001110000
00:03:02.648.378 INFO root: verify ok! 8 SuperSboxes 12 MixColumns
00:03:02.649.379 INFO root: ~0000101100001011 -> 1011000000000111:
00:03:02.649.380 INFO root:    1111111111111111111111111111010011111111111111111111111111110100
00:03:02.650.380 INFO root:    1011111101111111111111111111111111011111101111111111110111111110
00:03:02.650.380 INFO root:    0010001000101011111111110110111100100101100011110000010001001111
00:03:02.650.381 INFO root:    0010101110111011010000101011111000000000110111101111011100000111
00:03:02.651.381 INFO root:    0000100001000000000000000000001001000000000000100100000000000000
00:03:02.651.381 INFO root:    0000000010110000000000000000000000000000000000000000000001110000
00:03:17.964.694 INFO root: verify ok! 8 SuperSboxes 12 MixColumns
00:03:17.965.695 INFO root: ~0000000011010111 -> 1101000000001010:
00:03:17.965.696 INFO root:    1111111111111111111111111111111111111111111100101111111111111000
00:03:17.966.696 INFO root:    1101111111111111011111111111011111111111111111011111011101111111
00:03:17.966.696 INFO root:    1111111100011111001010001111010001001010110001000000010011110000
00:03:17.966.697 INFO root:    0000110100001000011100001111110101001011101100001101001001111011
00:03:17.967.697 INFO root:    0000000000100000000000001000000000100000000000100000100000000000
00:03:17.967.697 INFO root:    0000000011010000000000000000000000000000000000000000000010100000
00:03:32.621.351 INFO root: verify ok! 8 SuperSboxes 12 MixColumns
00:03:32.622.353 INFO root: ~1011110100000000 -> 0111000000000111:
00:03:32.623.353 INFO root:    1111111111110100111111111111001011111111111111111111111111111111
00:03:32.623.354 INFO root:    1111111101111111111111110111111111010111111111111011111111111110
00:03:32.623.354 INFO root:    1000010100001111000111110010111101000011111111101111100010001011
00:03:32.624.354 INFO root:    1101011111100000110001111101111000001100111010100111111010110000
00:03:32.624.355 INFO root:    0000001010000000000000001000000000100000000001000000100000000000
00:03:32.624.355 INFO root:    0000000001110000000000000000000000000000000000000000000001110000
00:03:47.962.693 INFO root: verify ok! 8 SuperSboxes 12 MixColumns
00:03:47.963.694 INFO root: ~1011000000000111 -> 0000000001111011:
00:03:47.964.694 INFO root:    1111111111110100111111111111111111111111111111111111111111111000
00:03:47.964.695 INFO root:    1101111111110111111111111101101111111111111111110111111011111111
00:03:47.964.695 INFO root:    1000010111110100000111110001101101001001100001000010111111110001
00:03:47.965.695 INFO root:    0000011110111011000101111100110010110111011000100000101100001110
00:03:47.965.696 INFO root:    0000010000000000000000010000000000000000001001000001000000000100
00:03:47.965.696 INFO root:    0000000000000000000000000000000000000000011100000000000010110000
00:03:59.742.473 INFO root: verify ok! 8 SuperSboxes 12 MixColumns
00:03:59.744.475 INFO root: ~0101000000001011 -> 1101000001110000:
00:03:59.745.476 INFO root:    1111111111111010111111111111111111111111111111111111111111110100
00:03:59.747.477 INFO root:    1111111111111111111111111111110111111111101111111010110111111111
00:03:59.747.478 INFO root:    0010001111111111111111110010100010011000001001000011010110010100
00:03:59.748.479 INFO root:    1010000011101111110110111111100110111011000001110000011100000000
00:03:59.749.479 INFO root:    0100000001000000000000000000100000000000001000000000001000000010
00:03:59.750.480 INFO root:    0000000011010000000000000000000000000000011100000000000000000000
00:04:13.604.334 INFO root: verify ok! 8 SuperSboxes 12 MixColumns
00:04:13.605.335 INFO root: ~0000000001110111 -> 0000000011011011:
00:04:13.605.336 INFO root:    1111111111111111111111111111111111111111111110001111111111111000
00:04:13.606.336 INFO root:    1110011111111111110111111111111111111111101101111111110111111111
00:04:13.606.336 INFO root:    1001111111101111001010000100001101110000010001001000001011111010
00:04:13.606.337 INFO root:    0000001011101011000001111110100000001101110010110000110111011110
00:04:13.607.337 INFO root:    0000000100000000000010001000000000000000010001000000000000000010
00:04:13.607.337 INFO root:    0000000000000000000000000000000000000000110100000000000010110000
00:04:27.464.195 INFO root: verify ok! 8 SuperSboxes 12 MixColumns
00:04:27.465.196 INFO root: ~0000000010110111 -> 0000110100000111:
00:04:27.465.196 INFO root:    1111111111111111111111111111111111111111111101001111111111111000
00:04:27.466.196 INFO root:    0111111111111111111111111111111111111111011110101111110110111111
00:04:27.466.197 INFO root:    1000111101001111001100100010101011110110110000100010001000010010
00:04:27.466.197 INFO root:    0000011110100101000111011011000000000111100101110001101100000111
00:04:27.467.197 INFO root:    0000001000000000000000000000000000001000000000100001000010010000
00:04:27.467.198 INFO root:    0000000000000000000000001101000000000000000000000000000001110000
00:04:40.084.815 INFO root: verify ok! 8 SuperSboxes 12 MixColumns
00:04:40.085.816 INFO root: ~0111000000001101 -> 0111000000001101:
00:04:40.086.816 INFO root:    1111111111111000111111111111111111111111111111111111111111110010
00:04:40.086.817 INFO root:    1111111111111111111111111110110111110111011111111011111011111111
00:04:40.086.817 INFO root:    1000010000010010011001011001100101000001100010001111111110001111
00:04:40.087.817 INFO root:    1111110110111001000111010111111110100000000010000000000010110000
00:04:40.087.818 INFO root:    0000001001000000000000000000001000100000000001000010000000000000
00:04:40.087.818 INFO root:    0000000001110000000000000000000000000000000000000000000011010000
00:04:50.990.721 INFO root: verify ok! 8 SuperSboxes 12 MixColumns
00:04:50.991.721 INFO root: ~0000011100001011 -> 1011000011000000:
00:04:50.991.722 INFO root:    1111111111111111111111111111100011111111111111111111111111110100
00:04:50.991.722 INFO root:    0111111101111111111110111111110111101111111011111111111111111111
00:04:50.992.722 INFO root:    1111111111001111111110000100100000001001001100110010010111011100
00:04:50.992.722 INFO root:    0000000000001111100111011011101110100111011110111101101111010000
00:04:50.992.723 INFO root:    0000000000000000000000000000001001000000010000000000100000001000
00:04:50.992.723 INFO root:    0000000010110000000000000000000000000000110000000000000000000000
00:05:01.620.350 INFO root: verify ok! 8 SuperSboxes 12 MixColumns
00:05:01.620.351 INFO root: verified 22 trails for I 3 J 2
00:05:01.621.351 INFO root: generating ANFs... I
00:05:01.833.564 INFO root: load .cache/SboxDivision.components_anf_closures.self_sboxC188DCAA77C45B94.args_0A482B9CD9E7EAF940EBCF3535BE3082A49F858505A0A6EA9511114359BB0EE6 succeeded
00:05:01.927.657 INFO root: unique masks 2021
00:05:01.927.657 INFO root: generating ANFs... J
00:05:02.138.869 INFO root: load .cache/SboxDivision.components_anf_closures.self_sboxFA83BF4B256071FB.args_0A482B9CD9E7EAF940EBCF3535BE3082A49F858505A0A6EA9511114359BB0EE6 succeeded
00:05:02.219.949 INFO root: unique masks 1785
00:05:02.219.950 INFO root: enumerating all mask pairs
00:05:13.058.788 INFO root: verified all masks for I 3 J 2
00:05:13.058.789 INFO root: VERIFIED I 3 J 2
