00:00:05.720.036 INFO root: starting at 2021-09-13.18:36:55
00:00:05.720.037 INFO root: I = 1 J = 0:
00:00:05.722.038 INFO root: ~0000011110010000 -> 0000110100000110:
00:00:05.722.039 INFO root:    1111111111111111111110001111111111110110111111111111111111111111
00:00:05.723.039 INFO root:    0111111111111011111111111111011111110111011111111111111111111111
00:00:05.723.039 INFO root:    1111010010010001111100100010100000010100001101000100111111111000
00:00:05.723.040 INFO root:    1110001110111101011000001011001101111000001000001011100100000110
00:00:05.724.040 INFO root:    0000001000000010100000000100000000000000000000000010000000000000
00:00:05.724.041 INFO root:    0000000000000000110100000000000000000000000000000110000000000000
00:00:07.774.090 INFO root: load .cache/SboxDivision.full_dppt.self_sbox0F7EC76E48F1C66A.args_068BA53CAF4BB89BC84341E5E0A9E860E078799A9E9F3CD8F2B19C3FC4CEC936 succeeded
00:00:11.014.331 INFO root: load .cache/SboxDivision.full_dppt.self_sbox97CD3E51D99FE8E5.args_068BA53CAF4BB89BC84341E5E0A9E860E078799A9E9F3CD8F2B19C3FC4CEC936 succeeded
00:00:14.185.501 INFO root: load .cache/SboxDivision.full_dppt.self_sboxFA83BF4B256071FB.args_068BA53CAF4BB89BC84341E5E0A9E860E078799A9E9F3CD8F2B19C3FC4CEC936 succeeded
00:00:20.980.297 INFO root: load .cache/SboxDivision.full_dppt.self_sboxB5083D73B8917F33.args_068BA53CAF4BB89BC84341E5E0A9E860E078799A9E9F3CD8F2B19C3FC4CEC936 succeeded
00:00:24.623.939 INFO root: verify ok! 8 SuperSboxes 12 MixColumns
00:00:24.624.940 INFO root: ~0000000010011011 -> 0101011100000000:
00:00:24.624.941 INFO root:    1111111111111111111111111111111111110110111111111111010011111111
00:00:24.625.941 INFO root:    1111111101111111111111011111111111110111111111110111111111111101
00:00:24.625.941 INFO root:    1111001001000010011111110011111110000100111101000100000010000100
00:00:24.625.942 INFO root:    0111001100000000000001111011111011010000110100001101111111010000
00:00:24.625.942 INFO root:    0000100000000000000001000000000000000000100000010100000000000000
00:00:24.626.942 INFO root:    0101000000000000011100000000000000000000000000000000000000000000
00:00:35.888.204 INFO root: verify ok! 8 SuperSboxes 12 MixColumns
00:00:35.889.205 INFO root: ~0101000010110000 -> 0110101100000000:
00:00:35.889.206 INFO root:    1111101011111111111111111111111111110100111111111111111111111111
00:00:35.890.206 INFO root:    1111111111111111111111111110111111110111111110110111111111101111
00:00:35.890.207 INFO root:    0110111100110101111110001000111101000011010000100101100010001100
00:00:35.891.207 INFO root:    0000111010010111000010111101101100001101000011100000111010100111
00:00:35.891.207 INFO root:    0000001000000000000000101000000000000000000010000000000000000010
00:00:35.891.208 INFO root:    0110000000000000101100000000000000000000000000000000000000000000
00:00:47.113.430 INFO root: verify ok! 8 SuperSboxes 12 MixColumns
00:00:47.114.431 INFO root: ~1010000000001001 -> 1101000000001101:
00:00:47.115.431 INFO root:    1111010111111111111111111111111111111111111111111111011011111111
00:00:47.115.431 INFO root:    1111111110111111011111111111111111111111111111111111111111011101
00:00:47.115.432 INFO root:    1111111110001000010011110001010110101111110011111011111110000110
00:00:47.116.432 INFO root:    1101111001111101110111010000110100001000011111101101101111011110
00:00:47.116.432 INFO root:    0100000000000010000010000000000000001000000000000000000001000010
00:00:47.116.433 INFO root:    1101000000000000000000000000000000000000000000001101000000000000
00:00:58.217.533 INFO root: verify ok! 8 SuperSboxes 12 MixColumns
00:00:58.218.534 INFO root: ~0000101110110000 -> 0000100100110000:
00:00:58.218.534 INFO root:    1111111111111111111101001111111111110100111111111111111111111111
00:00:58.218.535 INFO root:    0111111111110111111111111011111111111011101111111111111011111111
00:00:58.219.535 INFO root:    1000010000100010111001000001110001000100001011111111001001001000
00:00:58.219.535 INFO root:    0100101100000000110110100111000000000000001000010111101001110111
00:00:58.219.536 INFO root:    0000000010000000000000000000000000000000000001000010001000000000
00:00:58.219.536 INFO root:    0000000000000000100100000000000000110000000000000000000000000000
00:01:09.045.361 INFO root: verify ok! 8 SuperSboxes 12 MixColumns
00:01:09.046.362 INFO root: ~1001000000001011 -> 0000011111010000:
00:01:09.046.362 INFO root:    1111011011111111111111111111111111111111111111111111010011111111
00:01:09.046.363 INFO root:    1111011111111111111110111111111111011111111111111111111110111101
00:01:09.047.363 INFO root:    0010001101001011011011011010001010000000100011111111111111110101
00:01:09.047.363 INFO root:    1110101001111101111000000000000010011101110111111101000110110011
00:01:09.047.364 INFO root:    0000000000000000000000000100100000100000000010000010001000000000
00:01:09.047.364 INFO root:    0000000000000000011100000000000011010000000000000000000000000000
00:01:20.221.537 INFO root: verify ok! 8 SuperSboxes 12 MixColumns
00:01:20.222.538 INFO root: ~0000100100000111 -> 0000110100001101:
00:01:20.222.539 INFO root:    1111111111111111111101101111111111111111111111111111100011111111
00:01:20.223.539 INFO root:    0111111111111111111110111111111101111111101111111111111111111101
00:01:20.223.539 INFO root:    0000010001010010111100100010111100010100100010001111111111110101
00:01:20.223.540 INFO root:    0000101111011110010011010011001010110011001110111101000100001001
00:01:20.223.540 INFO root:    0000001000000100001000000100000000000001000001000000000000000000
00:01:20.224.540 INFO root:    0000000000000000110100000000000000000000000000001101000000000000
00:01:35.488.804 INFO root: verify ok! 8 SuperSboxes 12 MixColumns
00:01:35.489.805 INFO root: ~0000110110100000 -> 0111100100000000:
00:01:35.489.806 INFO root:    1111111111111111111100101111111111110101111111111111111111111111
00:01:35.489.806 INFO root:    1011111111111111111111111110110111111111111111111011101111111111
00:01:35.490.806 INFO root:    0100111111110010010000111111111101000100100001000010001011000100
00:01:35.490.807 INFO root:    0000011111110000100111011101101001110000000010110110011111000000
00:01:35.490.807 INFO root:    1000000000000000000000100010000000000000100000010000000000000000
00:01:35.491.807 INFO root:    0111000000000000100100000000000000000000000000000000000000000000
00:01:50.718.034 INFO root: verify ok! 8 SuperSboxes 12 MixColumns
00:01:50.719.035 INFO root: ~0000010111010000 -> 0000000010111101:
00:01:50.719.036 INFO root:    1111111111111111111110101111111111110010111111111111111111111111
00:01:50.719.036 INFO root:    1011111111111011111111111111111111110111101111110111111111111111
00:01:50.720.036 INFO root:    0100100011111111000010000010010011111111011011101110001010001111
00:01:50.720.037 INFO root:    1010111011101011000011010000101111011011000011100111011110010100
00:01:50.720.037 INFO root:    0000000001000100001000000000010000000001000000000000010000000000
00:01:50.721.037 INFO root:    0000000000000000000000000000000010110000000000001101000000000000
00:02:06.092.409 INFO root: verify ok! 8 SuperSboxes 12 MixColumns
00:02:06.094.410 INFO root: ~1011011100000000 -> 0000000010100111:
00:02:06.094.411 INFO root:    1111010011111111111110001111111111111111111111111111111111111111
00:02:06.095.411 INFO root:    1011111111111111111011111111111111111111011111011111101110111111
00:02:06.095.411 INFO root:    0010010111110100001000100000111101001111010000110100100001000101
00:02:06.095.412 INFO root:    0000110001010000010011001011101101110100000000000111100110011011
00:02:06.096.412 INFO root:    0000000000001000000000000000000001000100000000000000010000100000
00:02:06.096.412 INFO root:    0000000000000000000000000000000010100000000000000111000000000000
00:02:21.331.648 INFO root: verify ok! 8 SuperSboxes 12 MixColumns
00:02:21.332.649 INFO root: ~0000110100001011 -> 1101000000000111:
00:02:21.333.649 INFO root:    1111111111111111111100101111111111111111111111111111010011111111
00:02:21.333.650 INFO root:    1101111111111111111110111111111111101111101111111111011111111011
00:02:21.333.650 INFO root:    1111001001001111010011111000010000001000111111011111000010001000
00:02:21.334.650 INFO root:    0111011001011101011100000000011100001000110110111101111100100000
00:02:21.334.651 INFO root:    0100000000000000000001000000000000001000000000000000000001100100
00:02:21.334.651 INFO root:    1101000000000000000000000000000000000000000000000111000000000000
00:02:36.594.910 INFO root: verify ok! 8 SuperSboxes 12 MixColumns
00:02:36.595.911 INFO root: ~0111110100000000 -> 0000011101110000:
00:02:36.595.912 INFO root:    1111100011111111111100101111111111111111111111111111111111111111
00:02:36.596.912 INFO root:    1111111111111111011111111111110111111111011110111111110101111111
00:02:36.596.912 INFO root:    0010010000010000111110100100111110001000001010101000111100011000
00:02:36.596.913 INFO root:    0101011000000111101111110000111011111101000000000000000000001100
00:02:36.597.913 INFO root:    0000001000000000000000000000010010000000000010000010001000000000
00:02:36.597.913 INFO root:    0000000000000000011100000000000001110000000000000000000000000000
00:02:51.783.099 INFO root: verify ok! 8 SuperSboxes 12 MixColumns
00:02:51.784.100 INFO root: ~0111101100000000 -> 0111000001110000:
00:02:51.784.101 INFO root:    1111100011111111111101001111111111111111111111111111111111111111
00:02:51.785.101 INFO root:    0111111111111111011111111111101111111111111111101111111010111111
00:02:51.785.101 INFO root:    0000100011111011111101001110001010111111111010001000111110001010
00:02:51.785.102 INFO root:    0000000011011101011110111110000011010111011100000111011111011110
00:02:51.786.102 INFO root:    0001000010000000000000100000100000010000100000000000000000000000
00:02:51.786.102 INFO root:    0111000000000000000000000000000001110000000000000000000000000000
00:03:07.149.465 INFO root: verify ok! 8 SuperSboxes 12 MixColumns
00:03:07.150.466 INFO root: ~1011000000000111 -> 0000000001111101:
00:03:07.150.467 INFO root:    1111010011111111111111111111111111111111111111111111100011111111
00:03:07.151.467 INFO root:    1111101110111111110111111111111101111111111111011111111111110111
00:03:07.151.468 INFO root:    1110111110000000000001011001010011110010111111111011010001100100
00:03:07.151.468 INFO root:    1011111000100000110101100000011101000111101011110000101010111011
00:03:07.152.468 INFO root:    0000000000001000000000000000010000100010000000000000001000100000
00:03:07.152.469 INFO root:    0000000000000000000000000000000001110000000000001101000000000000
00:03:22.771.087 INFO root: verify ok! 8 SuperSboxes 12 MixColumns
00:03:22.772.088 INFO root: ~0000101100000111 -> 0000101101110000:
00:03:22.772.089 INFO root:    1111111111111111111101001111111111111111111111111111100011111111
00:03:22.773.089 INFO root:    1011111101111111111101111111110111111111011111111111111111111011
00:03:22.773.090 INFO root:    0001001000000010111101001000000011111111111100100010100000111111
00:03:22.774.090 INFO root:    0111010010110110000000000111111100001011101100000111000011101100
00:03:22.774.090 INFO root:    0000000001000000000000000010001000000000000001000001100000000000
00:03:22.774.091 INFO root:    0000000000000000101100000000000001110000000000000000000000000000
00:03:37.994.311 INFO root: verify ok! 8 SuperSboxes 12 MixColumns
00:03:37.995.312 INFO root: ~0000000011011100 -> 1011011100000000:
00:03:37.996.312 INFO root:    1111111111111111111111111111111111110010111111111111001111111111
00:03:37.996.313 INFO root:    1111111111111011111111110111111101110111111111111111111111111110
00:03:37.997.313 INFO root:    1111100001100001101111101111111011001111010001010100110001110111
00:03:37.997.313 INFO root:    1101101011011101101111010110011101110111011010111110111000000000
00:03:37.997.314 INFO root:    0010001000000000000000010010000000000000000000000001000000001000
00:03:37.998.314 INFO root:    1011000000000000011100000000000000000000000000000000000000000000
00:03:53.369.686 INFO root: verify ok! 8 SuperSboxes 12 MixColumns
00:03:53.370.687 INFO root: ~0000000010111011 -> 0000011101100000:
00:03:53.371.687 INFO root:    1111111111111111111111111111111111110100111111111111010011111111
00:03:53.371.688 INFO root:    1111111111011011111110111101111111011110111111111111111111111111
00:03:53.372.688 INFO root:    1010000101010110111100101111111101000110010001001000100000001000
00:03:53.372.689 INFO root:    0000000011110000110000001011100110111001000010110111111010010001
00:03:53.372.689 INFO root:    0000100000100000000000001000000000100000000010000000000000000000
00:03:53.373.689 INFO root:    0000000000000000011100000000000001100000000000000000000000000000
00:04:08.592.909 INFO root: verify ok! 8 SuperSboxes 12 MixColumns
00:04:08.593.910 INFO root: ~1011000000001011 -> 0111000001110000:
00:04:08.594.910 INFO root:    1111010011111111111111111111111111111111111111111111010011111111
00:04:08.594.911 INFO root:    1111101111011111111111111111111111011111111111011111111110110111
00:04:08.595.911 INFO root:    0100110000001000001011110100010011111111010011111000000111110000
00:04:08.595.911 INFO root:    0111111000001111000001110111000000001100000000110001111001111011
00:04:08.595.912 INFO root:    0000000000000000000001000000001001000000000100000000010000001000
00:04:08.596.912 INFO root:    0111000000000000000000000000000001110000000000000000000000000000
00:04:23.416.733 INFO root: verify ok! 8 SuperSboxes 12 MixColumns
00:04:23.417.734 INFO root: ~0000011101110000 -> 0000000001111001:
00:04:23.418.734 INFO root:    1111111111111111111110001111111111111000111111111111111111111111
00:04:23.418.735 INFO root:    1101111111111111111111111011011111111101111111110111101111111111
00:04:23.419.735 INFO root:    0010000000100010101010000010100011111111010010000000010011111111
00:04:23.419.735 INFO root:    1000001111111011000010000111101100011010110100000111000000000010
00:04:23.419.736 INFO root:    0000000010000000000000000000010001000100000000000000000001000000
00:04:23.420.736 INFO root:    0000000000000000000000000000000001110000000000001001000000000000
00:04:38.613.929 INFO root: verify ok! 8 SuperSboxes 12 MixColumns
00:04:38.614.930 INFO root: ~0000011100000111 -> 0000000011011101:
00:04:38.614.931 INFO root:    1111111111111111111110001111111111111111111111111111100011111111
00:04:38.614.931 INFO root:    1101111111011111111110111111111111111111101111111111110111111110
00:04:38.615.931 INFO root:    1111100000011111010101000001100010001000100001111000000110001111
00:04:38.615.932 INFO root:    1101101100001110111010110101011101001101011100000000000100000000
00:04:38.616.932 INFO root:    0000000000100100100000000000000000010001000000000000000100000000
00:04:38.616.932 INFO root:    0000000000000000000000000000000011010000000000001101000000000000
00:04:53.725.042 INFO root: verify ok! 8 SuperSboxes 12 MixColumns
00:04:53.726.043 INFO root: verified 20 trails for I 1 J 0
00:04:53.727.043 INFO root: generating ANFs... I
00:04:54.449.765 INFO root: computing SboxDivision.components_anf_closures.self_sboxBD59AECE64673816.args_0A482B9CD9E7EAF940EBCF3535BE3082A49F858505A0A6EA9511114359BB0EE6
00:05:10.068.385 INFO root: save .cache/SboxDivision.components_anf_closures.self_sboxBD59AECE64673816.args_0A482B9CD9E7EAF940EBCF3535BE3082A49F858505A0A6EA9511114359BB0EE6 succeeded
00:05:10.217.533 INFO root: unique masks 2021
00:05:10.217.534 INFO root: generating ANFs... J
00:05:10.989.306 INFO root: load .cache/SboxDivision.components_anf_closures.self_sbox0F7EC76E48F1C66A.args_0A482B9CD9E7EAF940EBCF3535BE3082A49F858505A0A6EA9511114359BB0EE6 succeeded
00:05:11.121.437 INFO root: unique masks 1785
00:05:11.121.437 INFO root: enumerating all mask pairs
00:05:30.151.467 INFO root: verified all masks for I 1 J 0
00:05:30.151.468 INFO root: VERIFIED I 1 J 0
