00:00:05.370.339 INFO root: starting at 2021-09-13.18:48:34
00:00:05.371.339 INFO root: I = 3 J = 3:
00:00:05.372.340 INFO root: ~0000001110110000 -> 0111000011000000:
00:00:05.372.341 INFO root:    1111111111111111111111111111110011111111111101001111111111111111
00:00:05.372.341 INFO root:    1111111111111111011111011111111111111111111101111111111111101110
00:00:05.373.341 INFO root:    1001010011110011100011001000100011101111010101011111010011110010
00:00:05.373.342 INFO root:    0000001100001101110101111011011110110111000100001100111011011011
00:00:05.373.342 INFO root:    0000000100001000000000000000000000000010000000001000000010000000
00:00:05.374.342 INFO root:    0000000000000111000000000000000000000000000011000000000000000000
00:00:07.374.343 INFO root: load .cache/SboxDivision.full_dppt.self_sbox0F7EC76E48F1C66A.args_068BA53CAF4BB89BC84341E5E0A9E860E078799A9E9F3CD8F2B19C3FC4CEC936 succeeded
00:00:10.751.720 INFO root: load .cache/SboxDivision.full_dppt.self_sbox97CD3E51D99FE8E5.args_068BA53CAF4BB89BC84341E5E0A9E860E078799A9E9F3CD8F2B19C3FC4CEC936 succeeded
00:00:13.663.631 INFO root: load .cache/SboxDivision.full_dppt.self_sboxFA83BF4B256071FB.args_068BA53CAF4BB89BC84341E5E0A9E860E078799A9E9F3CD8F2B19C3FC4CEC936 succeeded
00:00:21.176.145 INFO root: load .cache/SboxDivision.full_dppt.self_sboxB5083D73B8917F33.args_068BA53CAF4BB89BC84341E5E0A9E860E078799A9E9F3CD8F2B19C3FC4CEC936 succeeded
00:00:26.111.080 INFO root: verify ok! 8 SuperSboxes 12 MixColumns
00:00:26.112.081 INFO root: ~0101000000000111 -> 0111000001100000:
00:00:26.113.082 INFO root:    1111111111111010111111111111111111111111111111111111111111111000
00:00:26.113.082 INFO root:    0111111111111011111111111111111111111011110111111111111011111111
00:00:26.114.082 INFO root:    1110010111110010001001001000111111111110100001000010001010000010
00:00:26.114.083 INFO root:    0000101011111011000001110100011111010000000000001010110110111101
00:00:26.114.083 INFO root:    0000001000001000000100000010000000000000000000000000000010000000
00:00:26.115.083 INFO root:    0000000000000111000000000000000000000000000001100000000000000000
00:00:41.819.787 INFO root: verify ok! 8 SuperSboxes 12 MixColumns
00:00:41.820.789 INFO root: ~1011000010010000 -> 0000011100000111:
00:00:41.821.789 INFO root:    1111111111110100111111111111111111111111111101101111111111111111
00:00:41.821.790 INFO root:    1111011111111111111111111101111111110111111101111011111111111111
00:00:41.821.790 INFO root:    1100000011111010111100100100100001011111001001010111001101111111
00:00:41.822.790 INFO root:    0111011011011111000001111110110101111101001101110111000001000000
00:00:41.822.791 INFO root:    0000000010000000000001000000001000100000000100000000000000000010
00:00:41.822.791 INFO root:    0000000000000000000000000000011100000000000000000000000000000111
00:00:57.358.326 INFO root: verify ok! 8 SuperSboxes 12 MixColumns
00:00:57.359.327 INFO root: ~1101000011010000 -> 1100000000000111:
00:00:57.360.328 INFO root:    1111111111110010111111111111111111111111111100101111111111111111
00:00:57.360.329 INFO root:    1111101111111011011111111101111111111111111111010111111111111111
00:00:57.361.329 INFO root:    0000000100110111111111110100100010001111111100000010010010011111
00:00:57.361.330 INFO root:    1011000000001101000000001111011111000111011100000111011110111011
00:00:57.361.330 INFO root:    0000000000101000000000000000000010000000000000000000000101000000
00:00:57.362.331 INFO root:    0000000000001100000000000000000000000000000000000000000000000111
00:01:13.188.156 INFO root: verify ok! 8 SuperSboxes 12 MixColumns
00:01:13.189.157 INFO root: ~0000011100001011 -> 0000010101110000:
00:01:13.189.158 INFO root:    1111111111111111111111111111100011111111111111111111111111110100
00:01:13.189.158 INFO root:    0111111111101111111101111111111111111111110111111111110111111101
00:01:13.190.158 INFO root:    0100111101001000111110001000100001000000001010110010010000101111
00:01:13.190.159 INFO root:    0000000000001001110100001001110111110000111111010011000001110000
00:01:13.190.159 INFO root:    0100000000000000000000000100000000000000010000100010000000000000
00:01:13.191.159 INFO root:    0000000000000000000000000000010100000000000001110000000000000000
00:01:25.291.260 INFO root: verify ok! 8 SuperSboxes 12 MixColumns
00:01:25.292.261 INFO root: ~0000110111010000 -> 0000100111010000:
00:01:25.292.261 INFO root:    1111111111111111111111111111001011111111111100101111111111111111
00:01:25.293.261 INFO root:    1111011101111111101110111111111111111111111101111111111111111101
00:01:25.293.262 INFO root:    1000101111111111011000010010000011111110010001001000110011010100
00:01:25.293.262 INFO root:    0000000011010111000110111110000001100111101101111011000110100011
00:01:25.294.262 INFO root:    0000000000000000000000101000000000000000010001000010000000000000
00:01:25.294.263 INFO root:    0000000000000000000000000000100100000000000011010000000000000000
00:01:38.888.857 INFO root: verify ok! 8 SuperSboxes 12 MixColumns
00:01:38.889.858 INFO root: ~0000011110100000 -> 1101000000001101:
00:01:38.890.859 INFO root:    1111111111111111111111111111100011111111111101011111111111111111
00:01:38.890.859 INFO root:    1111111111111111101110111111111110111111111110111111111111111101
00:01:38.891.859 INFO root:    1111010011111000100010101111111101001111111101000000100011110000
00:01:38.891.860 INFO root:    0111000011101111101111011101000110010111110100000000110110111001
00:01:38.891.860 INFO root:    0000000010000100000000000000001001000100000000000000000000100000
00:01:38.892.860 INFO root:    0000000000001101000000000000000000000000000000000000000000001101
00:01:54.305.274 INFO root: verify ok! 8 SuperSboxes 12 MixColumns
00:01:54.306.275 INFO root: ~0101000001110000 -> 0000101100001011:
00:01:54.307.275 INFO root:    1111111111111010111111111111111111111111111110001111111111111111
00:01:54.307.276 INFO root:    1111011111111111111111111011111111111111111111011011111111011111
00:01:54.307.276 INFO root:    1000110011110110111101000010010001000100000011110100111100101000
00:01:54.308.276 INFO root:    0000111010111011010101111101000000101001000000000000110111011110
00:01:54.308.277 INFO root:    1000000010010000000010000000000000000000000000000000000100000100
00:01:54.308.277 INFO root:    0000000000000000000000000000101100000000000000000000000000001011
00:02:10.391.360 INFO root: verify ok! 8 SuperSboxes 12 MixColumns
00:02:10.392.361 INFO root: ~0110110100000000 -> 1011000000000111:
00:02:10.392.361 INFO root:    1111111111111001111111111111001011111111111111111111111111111111
00:02:10.393.361 INFO root:    1111111111011111111111011011111111111111111111110111111111111101
00:02:10.393.362 INFO root:    1110001001000100011010000011111101111001000000101111111111111000
00:02:10.393.362 INFO root:    0011010011101110010011011011011001110111000111100000000001111101
00:02:10.394.362 INFO root:    0000000010000100001000000000001000000000000000000000010001000000
00:02:10.394.363 INFO root:    0000000000001011000000000000000000000000000000000000000000000111
00:02:25.761.729 INFO root: verify ok! 8 SuperSboxes 12 MixColumns
00:02:25.762.730 INFO root: ~0000000010110101 -> 0111110100000000:
00:02:25.762.731 INFO root:    1111111111111111111111111111111111111111111101001111111111111010
00:02:25.763.731 INFO root:    1011011111111111011111111111111111111111011111101111111111111111
00:02:25.763.732 INFO root:    0100001001001111100011111111110010000101010011110001001001000010
00:02:25.763.732 INFO root:    1101110111101101011100101011101000001000011001000100000001111000
00:02:25.763.732 INFO root:    0100000000001000000000000000000000000010100000000000000010001000
00:02:25.764.732 INFO root:    0000000000000111000000000000110100000000000000000000000000000000
00:02:41.112.081 INFO root: verify ok! 8 SuperSboxes 12 MixColumns
00:02:41.113.082 INFO root: ~0000101100000111 -> 1101000010100000:
00:02:41.114.082 INFO root:    1111111111111111111111111111010011111111111111111111111111111000
00:02:41.114.083 INFO root:    1011111111111111111111011111011111111111101111111111111111111100
00:02:41.114.083 INFO root:    1010100010000000010111110100111111100110100001001111001011110100
00:02:41.115.083 INFO root:    1001000011010000000011010110111010111011000011111101101111010000
00:02:41.115.084 INFO root:    0000000000001000100000000100000000001000000001000000000000000000
00:02:41.115.084 INFO root:    0000000000001101000000000000000000000000000010100000000000000000
00:02:56.841.809 INFO root: verify ok! 8 SuperSboxes 12 MixColumns
00:02:56.842.811 INFO root: ~1011000000001011 -> 1101101100000000:
00:02:56.843.811 INFO root:    1111111111110100111111111111111111111111111111111111111111110100
00:02:56.843.812 INFO root:    1111111111110111111111111101110111111101101111111111110111111111
00:02:56.844.813 INFO root:    1111100000001111111111111111000011110100001001001111000010101100
00:02:56.845.813 INFO root:    0111111101011100101100001011011100001011110000000111101111011010
00:02:56.845.814 INFO root:    0000000000000000100001000000000000000010010000000000000010001000
00:02:56.846.814 INFO root:    0000000000001101000000000000101100000000000000000000000000000000
00:03:09.102.071 INFO root: verify ok! 8 SuperSboxes 12 MixColumns
00:03:09.103.071 INFO root: ~0000110100000111 -> 0000000001111011:
00:03:09.103.072 INFO root:    1111111111111111111111111111001011111111111111111111111111111000
00:03:09.103.072 INFO root:    1011111101111111111111011111011101111111101111111111111111111111
00:03:09.104.072 INFO root:    1111010011111000101001000000100101001000101011110000111110010100
00:03:09.104.073 INFO root:    1101011100100000000011110111101101111100011010011000000000001101
00:03:09.104.073 INFO root:    0000001001010000000000000000000000000000000001001000100000000000
00:03:09.105.073 INFO root:    0000000000000000000000000000000000000000000001110000000000001011
00:03:22.232.201 INFO root: verify ok! 8 SuperSboxes 12 MixColumns
00:03:22.234.202 INFO root: ~0111101100000000 -> 0000110100000111:
00:03:22.234.203 INFO root:    1111111111111000111111111111010011111111111111111111111111111111
00:03:22.234.203 INFO root:    1111111111111101111110111011111111011111111111111110111111111011
00:03:22.235.203 INFO root:    1000111110000001000111000101010000010010010010011111011011111000
00:03:22.235.204 INFO root:    0110111010000000101001011101000000000100000011101101101111110110
00:03:22.235.204 INFO root:    1000000000100000000001000000100000000000001000000000001000000000
00:03:22.236.204 INFO root:    0000000000000000000000000000110100000000000000000000000000000111
00:03:37.161.130 INFO root: verify ok! 8 SuperSboxes 12 MixColumns
00:03:37.162.131 INFO root: ~0000101111010000 -> 1101011100000000:
00:03:37.163.132 INFO root:    1111111111111111111111111111010011111111111100101111111111111111
00:03:37.163.132 INFO root:    1111111001111111101110111111111111111111111111011111111111111110
00:03:37.164.133 INFO root:    1111001011110010110001011111000101000011010011001001001010001000
00:03:37.164.133 INFO root:    0000001110110000011000000001111100011001111001110111100010011101
00:03:37.165.134 INFO root:    0000000000000010010000100000000000000000000100000000000010000100
00:03:37.166.134 INFO root:    0000000000001101000000000000011100000000000000000000000000000000
00:03:52.117.086 INFO root: verify ok! 8 SuperSboxes 12 MixColumns
00:03:52.118.087 INFO root: ~0111000000000111 -> 0000101111000000:
00:03:52.119.087 INFO root:    1111111111111000111111111111111111111111111111111111111111111000
00:03:52.119.088 INFO root:    1101111111111011111111111110101111110111011111111111111111111111
00:03:52.120.088 INFO root:    1011101100010000111100101110010010010101010011110100111111101000
00:03:52.120.089 INFO root:    0000011001110111101000000000000011000111011111111101101110111101
00:03:52.120.089 INFO root:    1000100000000000000000000000000000000000010010000000000000001000
00:03:52.120.089 INFO root:    0000000000000000000000000000101100000000000011000000000000000000
00:04:05.347.316 INFO root: verify ok! 8 SuperSboxes 12 MixColumns
00:04:05.348.317 INFO root: ~0000101100001101 -> 0000110100001101:
00:04:05.348.317 INFO root:    1111111111111111111111111111010011111111111111111111111111110010
00:04:05.349.317 INFO root:    1011111101111111111101111111011111111111111111111111110111111101
00:04:05.349.318 INFO root:    1111000011111111110001001111001100100010111101000010111101000000
00:04:05.349.318 INFO root:    1101100101110000011101111101101011101100100001001110111000000011
00:04:05.350.318 INFO root:    0010000000000000000000010000001001000000001000000000100000000000
00:04:05.350.319 INFO root:    0000000000000000000000000000110100000000000000000000000000001101
00:04:16.356.325 INFO root: verify ok! 8 SuperSboxes 12 MixColumns
00:04:16.357.326 INFO root: ~0000011110110000 -> 1011000000000111:
00:04:16.357.326 INFO root:    1111111111111111111111111111100011111111111101001111111111111111
00:04:16.358.326 INFO root:    1111101111011111111011011111111111111111111111111111111111101101
00:04:16.358.327 INFO root:    1111010001001011101000101111111111100010001001111111100001001101
00:04:16.358.327 INFO root:    0000011101011110011110110000110100010000110111101111011111011011
00:04:16.359.327 INFO root:    0000000000001000100000000000100000100000000000000000010010000000
00:04:16.359.328 INFO root:    0000000000001011000000000000000000000000000000000000000000000111
00:04:27.196.165 INFO root: verify ok! 8 SuperSboxes 12 MixColumns
00:04:27.197.166 INFO root: ~0000011100001011 -> 0111000010100000:
00:04:27.197.166 INFO root:    1111111111111111111111111111100011111111111111111111111111110100
00:04:27.198.166 INFO root:    1101111111001111111111111111101111101111111111111111101111111111
00:04:27.198.167 INFO root:    1011111101001000010111001000100000011000110011111100010011110100
00:04:27.198.167 INFO root:    0011100010111101101101000000101100001101110111111010000011010000
00:04:27.198.167 INFO root:    0000010000000100001000000000000000000000000000100000000000100000
00:04:27.199.167 INFO root:    0000000000000111000000000000000000000000000010100000000000000000
00:04:38.155.124 INFO root: verify ok! 8 SuperSboxes 12 MixColumns
00:04:38.156.124 INFO root: ~0000101100001011 -> 0000110100001011:
00:04:38.156.125 INFO root:    1111111111111111111111111111010011111111111111111111111111110100
00:04:38.157.125 INFO root:    1111111111011111111101111111110110111111101111111111110111111111
00:04:38.157.125 INFO root:    0100111110100010100011110000111111110001011111101000000011110111
00:04:38.157.126 INFO root:    1101110111111010101010111100011101111110100101110000111000000000
00:04:38.158.126 INFO root:    1000000010000000000001000000010000000000001000000000001000000000
00:04:38.158.126 INFO root:    0000000000000000000000000000110100000000000000000000000000001011
00:04:47.802.771 INFO root: verify ok! 8 SuperSboxes 12 MixColumns
00:04:47.803.772 INFO root: ~0111000000000111 -> 1101101100000000:
00:04:47.803.772 INFO root:    1111111111111000111111111111111111111111111111111111111111111000
00:04:47.803.772 INFO root:    1111111111111011111111111111101111110111110111110111111011111111
00:04:47.804.772 INFO root:    1111010111111110101011110111010000101111001001000111000001001011
00:04:47.804.773 INFO root:    0111000010111101111110111001011100001101101101101100011111100000
00:04:47.804.773 INFO root:    1000000000000010010001000000000000000000000100000000000010000000
00:04:47.804.773 INFO root:    0000000000001101000000000000101100000000000000000000000000000000
00:04:57.089.057 INFO root: verify ok! 8 SuperSboxes 12 MixColumns
00:04:57.089.058 INFO root: ~0000011111010000 -> 1011000000001001:
00:04:57.089.058 INFO root:    1111111111111111111111111111100011111111111100101111111111111111
00:04:57.090.058 INFO root:    1111110110111111101110111111111110111111111101111111111111111111
00:04:57.090.059 INFO root:    1111000011110010111111001000011100011101011011110000111110100010
00:04:57.090.059 INFO root:    0111000010110111110001111010011110110111000000001100110110110111
00:04:57.090.059 INFO root:    0000000000000100000100000000000000010000000000000000100001000000
00:04:57.090.059 INFO root:    0000000000001011000000000000000000000000000000000000000000001001
00:05:06.548.517 INFO root: verify ok! 8 SuperSboxes 12 MixColumns
00:05:06.549.518 INFO root: ~0000110111010000 -> 0111000011010000:
00:05:06.549.518 INFO root:    1111111111111111111111111111001011111111111100101111111111111111
00:05:06.550.518 INFO root:    1111110101111111111101111111111110111111111111011111111110111111
00:05:06.550.518 INFO root:    0001100000011101111100000100110010000010111111111111111100100101
00:05:06.550.519 INFO root:    0000101111011011011001111101011101100000000011011101111111000000
00:05:06.550.519 INFO root:    0000100100001000010000000100000000001000000000000000000000000000
00:05:06.550.519 INFO root:    0000000000000111000000000000000000000000000011010000000000000000
00:05:16.291.260 INFO root: verify ok! 8 SuperSboxes 12 MixColumns
00:05:16.292.261 INFO root: ~1011000010110000 -> 1011000000001011:
00:05:16.292.261 INFO root:    1111111111110100111111111111111111111111111101001111111111111111
00:05:16.293.261 INFO root:    1111111111110111101111111111111111111101111101111101111110111111
00:05:16.293.262 INFO root:    0000010011110110011110000010111101001100101100001111111110000101
00:05:16.293.262 INFO root:    0000101111111011101111110000110110111010011100001011000000000101
00:05:16.294.263 INFO root:    0000000001000100000000000000000010000100000000000000100000010000
00:05:16.294.263 INFO root:    0000000000001011000000000000000000000000000000000000000000001011
00:05:25.375.344 INFO root: verify ok! 8 SuperSboxes 12 MixColumns
00:05:25.375.344 INFO root: verified 24 trails for I 3 J 3
00:05:25.376.344 INFO root: generating ANFs... I
00:05:25.556.524 INFO root: load .cache/SboxDivision.components_anf_closures.self_sboxC188DCAA77C45B94.args_0A482B9CD9E7EAF940EBCF3535BE3082A49F858505A0A6EA9511114359BB0EE6 succeeded
00:05:25.627.596 INFO root: unique masks 2021
00:05:25.628.596 INFO root: generating ANFs... J
00:05:25.803.772 INFO root: load .cache/SboxDivision.components_anf_closures.self_sboxFA83BF4B256071FB.args_0A482B9CD9E7EAF940EBCF3535BE3082A49F858505A0A6EA9511114359BB0EE6 succeeded
00:05:25.877.846 INFO root: unique masks 1785
00:05:25.877.846 INFO root: enumerating all mask pairs
00:05:33.976.945 INFO root: verified all masks for I 3 J 3
00:05:33.977.945 INFO root: VERIFIED I 3 J 3
