00:00:00.105.793 INFO root: added file handler at 2021-09-13.17:37:58
00:00:00.106.794 INFO root: columns 3 -> 0
00:00:01.422.110 INFO root: Constraints: 100101010
00:00:01.422.110 INFO root: cons_SSB_card = 1
00:00:01.422.110 INFO root: cons_SSB_box_lb = 0
00:00:01.422.111 INFO root: cons_SSB_box_ub = 0
00:00:01.423.111 INFO root: cons_SSB_lb = 1
00:00:01.423.111 INFO root: cons_SSB_ub = 0
00:00:01.423.111 INFO root: cons_MC_card = 1
00:00:01.423.111 INFO root: cons_MC_matching = 0
00:00:01.423.111 INFO root: cons_MC_lb = 1
00:00:01.423.111 INFO root: cons_MC_ub2 = 0
00:00:01.531.219 INFO root: full ssb
00:00:01.851.539 INFO root: load .cache/SboxDivision.components_anf_closures.self_sboxC188DCAA77C45B94.args_068BA53CAF4BB89BC84341E5E0A9E860E078799A9E9F3CD8F2B19C3FC4CEC936 succeeded
00:00:01.861.550 INFO root: anfsI 255
00:00:01.868.556 INFO root: load .cache/SboxDivision.components_anf_closures.self_sbox0F7EC76E48F1C66A.args_068BA53CAF4BB89BC84341E5E0A9E860E078799A9E9F3CD8F2B19C3FC4CEC936 succeeded
00:00:01.878.566 INFO root: anfsO 255
00:00:01.943.631 INFO root: load .cache/SboxDivision.cnf_lb.self_sbox391D96FD000E6C5B.args_068BA53CAF4BB89BC84341E5E0A9E860E078799A9E9F3CD8F2B19C3FC4CEC936 succeeded
00:00:04.880.568 INFO root: SSB round 2 column 0
00:00:06.228.916 INFO root: load .cache/SboxDivision.minimal_max.self_sbox0F7EC76E48F1C66A.args_068BA53CAF4BB89BC84341E5E0A9E860E078799A9E9F3CD8F2B19C3FC4CEC936 succeeded
00:00:13.637.325 INFO root: load .cache/SboxDivision.divcore.self_sbox0F7EC76E48F1C66A.args_068BA53CAF4BB89BC84341E5E0A9E860E078799A9E9F3CD8F2B19C3FC4CEC936 succeeded
00:00:19.542.231 INFO root: load .cache/SboxDivision.cnf_lb.self_sbox0F7EC76E48F1C66A.args_068BA53CAF4BB89BC84341E5E0A9E860E078799A9E9F3CD8F2B19C3FC4CEC936 succeeded
00:00:30.447.135 INFO root: SSB round 2 column 1
00:00:31.662.350 INFO root: load .cache/SboxDivision.minimal_max.self_sbox97CD3E51D99FE8E5.args_068BA53CAF4BB89BC84341E5E0A9E860E078799A9E9F3CD8F2B19C3FC4CEC936 succeeded
00:00:39.158.846 INFO root: load .cache/SboxDivision.divcore.self_sbox97CD3E51D99FE8E5.args_068BA53CAF4BB89BC84341E5E0A9E860E078799A9E9F3CD8F2B19C3FC4CEC936 succeeded
00:00:45.201.889 INFO root: load .cache/SboxDivision.cnf_lb.self_sbox97CD3E51D99FE8E5.args_068BA53CAF4BB89BC84341E5E0A9E860E078799A9E9F3CD8F2B19C3FC4CEC936 succeeded
00:00:57.814.502 INFO root: SSB round 2 column 2
00:00:58.776.464 INFO root: load .cache/SboxDivision.minimal_max.self_sboxFA83BF4B256071FB.args_068BA53CAF4BB89BC84341E5E0A9E860E078799A9E9F3CD8F2B19C3FC4CEC936 succeeded
00:01:06.759.447 INFO root: load .cache/SboxDivision.divcore.self_sboxFA83BF4B256071FB.args_068BA53CAF4BB89BC84341E5E0A9E860E078799A9E9F3CD8F2B19C3FC4CEC936 succeeded
00:01:13.889.577 INFO root: load .cache/SboxDivision.cnf_lb.self_sboxFA83BF4B256071FB.args_068BA53CAF4BB89BC84341E5E0A9E860E078799A9E9F3CD8F2B19C3FC4CEC936 succeeded
00:01:26.313.002 INFO root: SSB round 2 column 3
00:01:52.214.902 INFO root: SSB round 4 column 0
00:02:14.761.449 INFO root: SSB round 4 column 1
00:02:15.917.605 INFO root: load .cache/SboxDivision.minimal_max.self_sboxB5083D73B8917F33.args_068BA53CAF4BB89BC84341E5E0A9E860E078799A9E9F3CD8F2B19C3FC4CEC936 succeeded
00:02:22.982.671 INFO root: load .cache/SboxDivision.divcore.self_sboxB5083D73B8917F33.args_068BA53CAF4BB89BC84341E5E0A9E860E078799A9E9F3CD8F2B19C3FC4CEC936 succeeded
00:02:30.235.923 INFO root: load .cache/SboxDivision.cnf_lb.self_sboxB5083D73B8917F33.args_068BA53CAF4BB89BC84341E5E0A9E860E078799A9E9F3CD8F2B19C3FC4CEC936 succeeded
00:02:41.347.035 INFO root: SSB round 4 column 2
00:03:04.510.198 INFO root: SSB round 4 column 3
00:03:30.835.523 INFO root: mask pairs: 255 x 255 = 65025
00:03:30.835.524 INFO root: #trails 0 
00:03:30.842.530 INFO root: mask pair #1 / 65025: 0110000000000000 0000101110101011anfI_max <DenseSet hash=1f35bb0005968012 n=16 wt=76 | 3:5 4:20 5:32 6:19> anfO_max <DenseSet hash=0d3ee2df1ad917ab n=16 wt=85 | 3:3 4:16 5:43 6:23>
00:03:36.508.196 INFO root: solving SAT...
00:03:50.904.592 INFO root: SAT solve time: 14.394958734512329
00:03:50.904.592 INFO root: SAT_times: 14.4 - 14.4, avg 14.4 med 14.4
00:03:50.905.593 INFO root: middle division transition ~1101000001010000 -> 0000011111010000 (~5 -> 6)
00:03:50.905.593 INFO root: mid transition: 1101000001010000 0000011111010000 5 6
00:03:50.905.593 INFO root: full trace:
00:03:50.906.594 INFO root: 1111 1111 1111 0010 1111 1111 1111 1111 1111 1111 1111 1010 1111 1111 1111 1111# initial
00:03:50.907.595 INFO root: 1111 1111 1111 0111 1110 1111 1011 1111 1111 1011 1111 0111 1111 1111 1111 1111# after SR MC SR
00:03:50.907.595 INFO root: 1111 1111 1111 1111 1011 0100 1000 0101 1111 1000 0001 1000 1100 0110 1111 0000# after SSB
00:03:50.908.596 INFO root: 0000 0111 0111 0111 0110 1110 1101 0111 0111 0111 0000 0000 0111 1011 0111 1011# after SR MC SR
00:03:50.908.596 INFO root: 0000 0110 0000 0000 0000 0000 0010 1000 1000 0000 0000 0000 0000 0010 0000 0000# after SSB
00:03:50.909.597 INFO root: 0000 0000 0000 0000 0111 0000 0000 0000 1101 0000 0000 0000 0000 0000 0000 0000# after SR MC SR
00:03:50.909.597 INFO root: 
00:03:50.909.597 INFO root: new trail: 1101000001010000 -> 0000011111010000
00:03:50.910.598 INFO root: #trails 1 
00:03:50.910.598 INFO root: mask pair #3 / 65025: 0110000000000110 1011101100011011anfI_max <DenseSet hash=b3baee12ca554252 n=16 wt=91 | 3:3 4:12 5:57 6:19> anfO_max <DenseSet hash=7a0c9e34f3e54397 n=16 wt=68 | 3:2 4:7 5:33 6:26>
00:03:57.352.040 INFO root: solving SAT...
00:04:19.689.377 INFO root: SAT solve time: 22.336981534957886
00:04:19.690.378 INFO root: SAT_times: 14.4 - 22.3, avg 18.4 med 22.3
00:04:19.690.378 INFO root: middle division transition ~0000101101110000 -> 1101000010110000 (~6 -> 6)
00:04:19.690.378 INFO root: mid transition: 0000101101110000 1101000010110000 6 6
00:04:19.690.378 INFO root: full trace:
00:04:19.691.379 INFO root: 1111 1111 1111 1111 1111 1111 1111 0100 1111 1111 1111 1000 1111 1111 1111 1111# initial
00:04:19.691.379 INFO root: 1111 0111 0111 1111 1011 1111 1111 1111 1101 1111 1111 1101 1111 1111 1111 1101# after SR MC SR
00:04:19.692.380 INFO root: 1111 1000 0101 1000 0110 1111 0010 0011 0010 1011 1111 0010 0000 1000 0011 0101# after SSB
00:04:19.692.380 INFO root: 1111 0000 0000 0000 0000 0000 1101 1011 0111 0101 1111 0001 0111 1110 1001 1101# after SR MC SR
00:04:19.692.380 INFO root: 0010 0000 1000 0000 0000 0000 0000 0000 1000 0000 1000 0000 0000 0100 0000 0010# after SSB
00:04:19.693.381 INFO root: 1101 0000 0000 0000 0000 0000 0000 0000 1011 0000 0000 0000 0000 0000 0000 0000# after SR MC SR
00:04:19.693.381 INFO root: 
00:04:19.693.381 INFO root: new trail: 0000101101110000 -> 1101000010110000
00:04:19.694.382 INFO root: #trails 2 
00:04:19.694.382 INFO root: mask pair #4 / 65025: 0110000001100000 0001101010101011anfI_max <DenseSet hash=a3f2fb10b8eb3827 n=16 wt=102 | 3:3 4:33 5:48 6:18> anfO_max <DenseSet hash=2570cb3685f12aa4 n=16 wt=65 | 3:5 4:5 5:22 6:33>
00:04:26.145.833 INFO root: solving SAT...
00:04:57.214.903 INFO root: SAT solve time: 31.068982362747192
00:04:57.215.903 INFO root: SAT_times: 14.4 - 31.1, avg 22.6 med 22.3
00:04:57.215.903 INFO root: middle division transition ~0000000010110111 -> 0111011000000000 (~6 -> 5)
00:04:57.216.904 INFO root: mid transition: 0000000010110111 0111011000000000 6 5
00:04:57.216.904 INFO root: full trace:
00:04:57.216.904 INFO root: 1111 1111 1111 1111 1111 1111 1111 1111 1111 1111 1111 0100 1111 1111 1111 1000# initial
00:04:57.216.905 INFO root: 1111 1101 1111 1111 1101 1111 1111 0111 1111 1111 1101 1111 1111 0111 1101 1111# after SR MC SR
00:04:57.217.905 INFO root: 0010 1111 0000 1000 1110 0100 1000 1000 0010 0011 1111 1111 1111 0000 1010 1001# after SSB
00:04:57.217.905 INFO root: 0110 1111 0000 0111 0111 0011 0000 1011 0000 0011 1011 1011 1101 0000 0111 0000# after SR MC SR
00:04:57.218.906 INFO root: 0100 1000 0000 0000 0000 0100 0000 0000 0000 0000 0001 1000 0000 0000 0000 0000# after SSB
00:04:57.218.906 INFO root: 0111 0000 0000 0000 0110 0000 0000 0000 0000 0000 0000 0000 0000 0000 0000 0000# after SR MC SR
00:04:57.218.906 INFO root: 
00:04:57.218.907 INFO root: new trail: 0000000010110111 -> 0111011000000000
00:04:57.219.907 INFO root: #trails 3 
00:04:57.219.908 INFO root: mask pair #12 / 65025: 0110000000010001 0000000000011010anfI_max <DenseSet hash=be5161a098043e6b n=16 wt=102 | 3:1 4:18 5:58 6:25> anfO_max <DenseSet hash=ebf46623965bf8b9 n=16 wt=74 | 3:3 4:13 5:35 6:23>
00:05:02.973.661 INFO root: solving SAT...
00:06:04.018.706 INFO root: SAT solve time: 61.044766664505005
00:06:04.018.706 INFO root: SAT_times: 14.4 - 61.0, avg 32.2 med 31.1
00:06:04.019.707 INFO root: middle division transition ~0000101101110000 -> 0000110110110000 (~6 -> 6)
00:06:04.019.707 INFO root: mid transition: 0000101101110000 0000110110110000 6 6
00:06:04.019.707 INFO root: full trace:
00:06:04.020.708 INFO root: 1111 1111 1111 1111 1111 1111 1111 0100 1111 1111 1111 1000 1111 1111 1111 1111# initial
00:06:04.021.709 INFO root: 1111 1101 1011 1111 1011 1101 1111 1111 1111 1111 1111 1101 1111 1111 1111 0111# after SR MC SR
00:06:04.021.709 INFO root: 1111 0010 1111 1111 0100 0000 1000 1110 0111 1111 0100 1010 0010 1001 1101 0000# after SSB
00:06:04.022.710 INFO root: 0001 0000 1011 0111 0111 0111 1110 0000 1011 0111 0101 0011 1110 1010 0000 1011# after SR MC SR
00:06:04.022.711 INFO root: 0000 0000 0010 0000 0000 0000 1000 0000 1000 0000 0000 0010 0010 0100 0000 0000# after SSB
00:06:04.023.711 INFO root: 0000 0000 0000 0000 1101 0000 0000 0000 1011 0000 0000 0000 0000 0000 0000 0000# after SR MC SR
00:06:04.023.711 INFO root: 
00:06:04.024.712 INFO root: new trail: 0000101101110000 -> 0000110110110000
00:06:04.024.712 INFO root: #trails 4 
00:06:04.025.713 INFO root: mask pair #14 / 65025: 0000011001110111 1010101010110001anfI_max <DenseSet hash=f732fb69616ff986 n=16 wt=97 | 3:3 4:18 5:50 6:26> anfO_max <DenseSet hash=d59b8e77da6d4cf6 n=16 wt=75 | 3:4 4:5 5:37 6:29>
00:06:09.599.287 INFO root: solving SAT...
00:07:07.513.201 INFO root: SAT solve time: 57.91354441642761
00:07:07.513.201 INFO root: SAT_times: 14.4 - 61.0, avg 37.4 med 31.1
00:07:07.513.202 INFO root: middle division transition ~0111101100000000 -> 0000011101110000 (~6 -> 6)
00:07:07.514.202 INFO root: mid transition: 0111101100000000 0000011101110000 6 6
00:07:07.514.202 INFO root: full trace:
00:07:07.514.202 INFO root: 1111 1111 1111 1000 1111 1111 1111 0100 1111 1111 1111 1111 1111 1111 1111 1111# initial
00:07:07.515.203 INFO root: 1111 1111 1111 1111 1111 1101 1001 1111 0111 1101 1111 1111 1111 1111 1111 1101# after SR MC SR
00:07:07.515.203 INFO root: 1000 0010 0010 1111 1111 1111 1111 1000 1111 0000 0010 1111 1000 1000 0010 0001# after SSB
00:07:07.515.203 INFO root: 1000 0111 1011 0000 1101 0000 1011 1101 0101 0111 1101 1111 1011 0000 0000 0110# after SR MC SR
00:07:07.516.204 INFO root: 0000 0000 0000 0000 0000 0000 1000 0100 0001 0000 0000 0010 0100 0001 0000 0000# after SSB
00:07:07.516.204 INFO root: 0000 0000 0000 0000 0111 0000 0000 0000 0111 0000 0000 0000 0000 0000 0000 0000# after SR MC SR
00:07:07.516.204 INFO root: 
00:07:07.516.204 INFO root: new trail: 0111101100000000 -> 0000011101110000
00:07:07.517.205 INFO root: #trails 5 
00:07:07.517.205 INFO root: mask pair #19 / 65025: 0110011100000000 0000000100010000anfI_max <DenseSet hash=b2b335f43b9204c5 n=16 wt=92 | 3:3 4:9 5:50 6:30> anfO_max <DenseSet hash=2edad8d89c4e722a n=16 wt=70 | 3:3 4:10 5:35 6:22>
00:07:13.532.220 INFO root: solving SAT...
00:07:54.125.813 INFO root: SAT solve time: 40.592899560928345
00:07:54.126.814 INFO root: SAT_times: 14.4 - 61.0, avg 37.9 med 40.6
00:07:54.126.814 INFO root: middle division transition ~0111000010110000 -> 0111110100000000 (~6 -> 6)
00:07:54.126.814 INFO root: mid transition: 0111000010110000 0111110100000000 6 6
00:07:54.126.814 INFO root: full trace:
00:07:54.127.815 INFO root: 1111 1111 1111 1000 1111 1111 1111 1111 1111 1111 1111 0100 1111 1111 1111 1111# initial
00:07:54.127.815 INFO root: 1111 1111 1111 1011 1101 1111 0111 1111 1111 1111 1111 0111 0111 1111 0111 1111# after SR MC SR
00:07:54.127.815 INFO root: 0001 1111 0010 0110 0001 1111 0000 1000 0101 1111 0100 0001 0010 1111 1111 1010# after SSB
00:07:54.128.816 INFO root: 0110 0101 1011 1110 0110 1011 1110 0000 0000 1101 0111 0000 0101 1110 1010 0011# after SR MC SR
00:07:54.128.816 INFO root: 1000 0100 0000 0000 0000 0100 0010 0000 0000 0000 1000 0100 0000 0000 0000 0000# after SSB
00:07:54.128.816 INFO root: 0111 0000 0000 0000 1101 0000 0000 0000 0000 0000 0000 0000 0000 0000 0000 0000# after SR MC SR
00:07:54.129.817 INFO root: 
00:07:54.129.817 INFO root: new trail: 0111000010110000 -> 0111110100000000
00:07:54.129.817 INFO root: #trails 6 
00:07:54.130.818 INFO root: mask pair #22 / 65025: 0110011000010110 0001101110111011anfI_max <DenseSet hash=a6d5de7734f6f772 n=16 wt=102 | 3:2 4:24 5:56 6:20> anfO_max <DenseSet hash=0ec4f51c971398e1 n=16 wt=72 | 3:2 4:8 5:27 6:35>
00:07:59.748.436 INFO root: solving SAT...
00:08:33.250.938 INFO root: SAT solve time: 33.50162434577942
00:08:33.251.939 INFO root: SAT_times: 14.4 - 61.0, avg 37.3 med 33.5
00:08:33.251.939 INFO root: middle division transition ~0011000001010000 -> 0111011100000000 (~4 -> 6)
00:08:33.251.939 INFO root: mid transition: 0011000001010000 0111011100000000 4 6
00:08:33.251.940 INFO root: full trace:
00:08:33.252.940 INFO root: 1111 1111 1111 1100 1111 1111 1111 1111 1111 1111 1111 1010 1111 1111 1111 1111# initial
00:08:33.252.940 INFO root: 1111 1111 1111 1111 0111 1111 1101 1111 1111 0111 1111 0111 1111 1111 1111 1111# after SR MC SR
00:08:33.252.941 INFO root: 0010 1111 0100 0010 0010 1000 1010 1011 1111 0100 0100 1111 1011 0010 1111 0011# after SSB
00:08:33.253.941 INFO root: 0000 1111 0000 1100 1011 1110 0110 1101 1101 0000 0110 0111 0111 0000 1011 1011# after SR MC SR
00:08:33.253.941 INFO root: 0000 0010 0000 0000 0000 0100 0000 0000 0000 0000 1000 1000 0010 0000 0000 0001# after SSB
00:08:33.253.942 INFO root: 0111 0000 0000 0000 0111 0000 0000 0000 0000 0000 0000 0000 0000 0000 0000 0000# after SR MC SR
00:08:33.254.942 INFO root: 
00:08:33.254.942 INFO root: new trail: 0011000001010000 -> 0111011100000000
00:08:33.255.943 INFO root: #trails 7 
00:08:33.255.943 INFO root: mask pair #43 / 65025: 0111011101110110 0001000000011010anfI_max <DenseSet hash=14721abf6906770d n=16 wt=98 | 3:2 4:30 5:44 6:22> anfO_max <DenseSet hash=20c93b4fcb8a9dd2 n=16 wt=58 | 3:1 4:7 5:10 6:40>
00:08:39.571.259 INFO root: solving SAT...
00:09:04.017.705 INFO root: SAT solve time: 24.446083784103394
00:09:04.018.706 INFO root: SAT_times: 14.4 - 61.0, avg 35.7 med 33.5
00:09:04.018.706 INFO root: middle division transition ~0000000010111010 -> 1101000011010000 (~5 -> 6)
00:09:04.018.706 INFO root: mid transition: 0000000010111010 1101000011010000 5 6
00:09:04.018.707 INFO root: full trace:
00:09:04.019.707 INFO root: 1111 1111 1111 1111 1111 1111 1111 1111 1111 1111 1111 0100 1111 1111 1111 0101# initial
00:09:04.019.707 INFO root: 1111 1111 1111 1111 1011 1111 1111 1111 1111 1111 1011 0111 1111 1101 1011 1111# after SR MC SR
00:09:04.020.708 INFO root: 1100 1100 0011 1111 0110 1000 0000 1010 1000 1100 1000 1000 1111 1111 1111 1010# after SSB
00:09:04.020.708 INFO root: 0111 0010 0110 1101 1101 0111 1101 1101 0000 0111 0000 0000 0111 0000 0111 1111# after SR MC SR
00:09:04.020.708 INFO root: 0000 0000 0000 0000 0000 0100 0000 0100 0110 0000 0100 0000 0000 0000 0000 1000# after SSB
00:09:04.021.709 INFO root: 1101 0000 0000 0000 0000 0000 0000 0000 1101 0000 0000 0000 0000 0000 0000 0000# after SR MC SR
00:09:04.021.709 INFO root: 
00:09:04.021.709 INFO root: new trail: 0000000010111010 -> 1101000011010000
00:09:04.022.710 INFO root: #trails 8 
00:09:04.023.711 INFO root: mask pair #54 / 65025: 0110000101100001 1010101000000001anfI_max <DenseSet hash=12e64d1a96900542 n=16 wt=76 | 3:2 4:6 5:48 6:20> anfO_max <DenseSet hash=1d4727e7d887b7d9 n=16 wt=79 | 3:2 4:8 5:44 6:25>
00:09:13.563.252 INFO root: solving SAT...
00:09:53.815.503 INFO root: SAT solve time: 40.25098967552185
00:09:53.816.504 INFO root: SAT_times: 14.4 - 61.0, avg 36.2 med 33.5
00:09:53.816.504 INFO root: middle division transition ~0110000011010000 -> 1101000001110000 (~5 -> 6)
00:09:53.816.504 INFO root: mid transition: 0110000011010000 1101000001110000 5 6
00:09:53.816.505 INFO root: full trace:
00:09:53.817.505 INFO root: 1111 1111 1111 1001 1111 1111 1111 1111 1111 1111 1111 0010 1111 1111 1111 1111# initial
00:09:53.817.505 INFO root: 1111 1101 1111 0111 1111 1111 1111 1111 1111 1111 1111 1101 0111 1111 1101 1111# after SR MC SR
00:09:53.818.506 INFO root: 1010 1001 1111 0001 1011 1111 1010 0100 1001 0010 1001 0100 1111 1001 0100 0100# after SSB
00:09:53.818.506 INFO root: 0001 0111 0111 0000 0111 0000 1011 1010 1110 0100 1011 0111 0011 1101 0000 1101# after SR MC SR
00:09:53.819.507 INFO root: 0100 0000 0000 0000 0000 1000 0000 1100 1000 0000 0010 0000 0000 0000 0000 0000# after SSB
00:09:53.819.507 INFO root: 1101 0000 0000 0000 0000 0000 0000 0000 0111 0000 0000 0000 0000 0000 0000 0000# after SR MC SR
00:09:53.819.507 INFO root: 
00:09:53.819.508 INFO root: new trail: 0110000011010000 -> 1101000001110000
00:09:53.820.508 INFO root: #trails 9 
00:09:53.821.509 INFO root: mask pair #64 / 65025: 0110000000010001 0001000110100001anfI_max <DenseSet hash=be5161a098043e6b n=16 wt=102 | 3:1 4:18 5:58 6:25> anfO_max <DenseSet hash=b22c28f0c17c8128 n=16 wt=92 | 3:4 4:20 5:44 6:24>
00:10:01.647.335 INFO root: solving SAT...
00:12:06.520.208 INFO root: SAT solve time: 124.87290239334106
00:12:06.521.209 INFO root: SAT_times: 14.4 - 124.9, avg 45.0 med 40.3
00:12:06.521.209 INFO root: middle division transition ~0000100100000111 -> 0000000011000111 (~5 -> 5)
00:12:06.522.210 INFO root: mid transition: 0000100100000111 0000000011000111 5 5
00:12:06.522.210 INFO root: full trace:
00:12:06.522.210 INFO root: 1111 1111 1111 1111 1111 1111 1111 0110 1111 1111 1111 1111 1111 1111 1111 1000# initial
00:12:06.523.211 INFO root: 1111 1111 1111 1111 1111 1101 1111 0111 1101 1111 1011 1111 1111 1011 1111 1111# after SR MC SR
00:12:06.523.211 INFO root: 0100 0000 0100 1101 1111 1111 0001 1111 1101 0010 1111 1000 0100 0010 1111 0110# after SSB
00:12:06.524.212 INFO root: 1101 0000 0000 1011 1011 1101 1011 1010 1011 0111 1101 0000 1110 1011 0000 1101# after SR MC SR
00:12:06.524.212 INFO root: 0000 0000 1000 0010 0001 0000 0000 0000 1000 0010 0000 0000 0000 0000 0000 0000# after SSB
00:12:06.525.213 INFO root: 0000 0000 0000 0000 0000 0000 0000 0000 1100 0000 0000 0000 0111 0000 0000 0000# after SR MC SR
00:12:06.525.213 INFO root: 
00:12:06.525.214 INFO root: new trail: 0000100100000111 -> 0000000011000111
00:12:06.527.216 INFO root: #trails 10 
00:12:06.528.216 INFO root: mask pair #145 / 65025: 0000011000000110 0001000110100001anfI_max <DenseSet hash=c3549e6054f52b46 n=16 wt=73 | 3:1 4:10 5:31 6:31> anfO_max <DenseSet hash=b22c28f0c17c8128 n=16 wt=92 | 3:4 4:20 5:44 6:24>
00:12:12.579.267 INFO root: solving SAT...
00:13:12.208.896 INFO root: SAT solve time: 59.62864685058594
00:13:12.209.897 INFO root: SAT_times: 14.4 - 124.9, avg 46.4 med 40.3
00:13:12.210.898 INFO root: middle division transition ~0011110100000000 -> 0111000011010000 (~5 -> 6)
00:13:12.210.898 INFO root: mid transition: 0011110100000000 0111000011010000 5 6
00:13:12.211.899 INFO root: full trace:
00:13:12.211.899 INFO root: 1111 1111 1111 1100 1111 1111 1111 0010 1111 1111 1111 1111 1111 1111 1111 1111# initial
00:13:12.212.900 INFO root: 1111 1111 0111 1111 1111 1111 0111 1111 0111 1101 1111 1111 1111 1111 1111 1101# after SR MC SR
00:13:12.213.901 INFO root: 1111 1001 1111 0110 1111 0101 0000 1111 0001 0100 0111 0100 1001 1111 0010 1010# after SSB
00:13:12.213.902 INFO root: 1011 0101 1111 0111 0000 1101 0111 1011 0111 0000 0111 0111 0110 0011 0000 0111# after SR MC SR
00:13:12.214.902 INFO root: 1000 0000 0010 0000 0000 0000 0000 0001 0000 0000 1000 0000 0000 1000 0000 0010# after SSB
00:13:12.215.903 INFO root: 0111 0000 0000 0000 0000 0000 0000 0000 1101 0000 0000 0000 0000 0000 0000 0000# after SR MC SR
00:13:12.215.904 INFO root: 
00:13:12.216.904 INFO root: new trail: 0011110100000000 -> 0111000011010000
00:13:12.230.918 INFO root: #trails 11 
00:13:12.231.919 INFO root: mask pair #818 / 65025: 0000011101110110 0000101110110001anfI_max <DenseSet hash=5761bb1bbfaed5ac n=16 wt=80 | 3:4 4:22 5:28 6:26> anfO_max <DenseSet hash=ef8638eed3785e01 n=16 wt=93 | 3:7 4:29 5:39 6:18>
00:13:20.020.708 INFO root: solving SAT...
00:13:53.907.595 INFO root: SAT solve time: 33.886712312698364
00:13:53.908.596 INFO root: SAT_times: 14.4 - 124.9, avg 45.3 med 40.3
00:13:53.908.596 INFO root: middle division transition ~0000100110110000 -> 0110011100000000 (~5 -> 5)
00:13:53.909.597 INFO root: mid transition: 0000100110110000 0110011100000000 5 5
00:13:53.909.597 INFO root: full trace:
00:13:53.910.598 INFO root: 1111 1111 1111 1111 1111 1111 1111 0110 1111 1111 1111 0100 1111 1111 1111 1111# initial
00:13:53.910.598 INFO root: 1111 1011 0111 1111 0111 1111 1111 1111 1111 1111 1111 1111 1111 1111 0111 1110# after SR MC SR
00:13:53.911.599 INFO root: 1101 1111 0000 0010 0011 0010 0100 1000 1111 1001 1000 1111 0100 1001 1111 1111# after SSB
00:13:53.911.600 INFO root: 0111 1101 1011 0111 1111 1010 1101 1101 1100 1011 1101 0111 0000 0000 0000 0000# after SR MC SR
00:13:53.912.600 INFO root: 1000 1000 0000 0000 0000 0000 0100 0000 0000 0000 0000 0000 1000 0000 0000 1000# after SSB
00:13:53.913.601 INFO root: 0110 0000 0000 0000 0111 0000 0000 0000 0000 0000 0000 0000 0000 0000 0000 0000# after SR MC SR
00:13:53.913.601 INFO root: 
00:13:53.913.601 INFO root: new trail: 0000100110110000 -> 0110011100000000
00:13:53.920.608 INFO root: #trails 12 
00:13:53.920.608 INFO root: mask pair #1201 / 65025: 0110000000000000 1011000000010001anfI_max <DenseSet hash=1f35bb0005968012 n=16 wt=76 | 3:5 4:20 5:32 6:19> anfO_max <DenseSet hash=a3fed670aaf0b3d4 n=16 wt=85 | 3:2 4:14 5:44 6:25>
00:14:00.202.890 INFO root: solving SAT...
00:14:46.491.179 INFO root: SAT solve time: 46.28839612007141
00:14:46.491.179 INFO root: SAT_times: 14.4 - 124.9, avg 45.4 med 40.3
00:14:46.491.180 INFO root: middle division transition ~1101000000000111 -> 0000110100001101 (~6 -> 6)
00:14:46.492.180 INFO root: mid transition: 1101000000000111 0000110100001101 6 6
00:14:46.492.180 INFO root: full trace:
00:14:46.492.181 INFO root: 1111 1111 1111 0010 1111 1111 1111 1111 1111 1111 1111 1111 1111 1111 1111 1000# initial
00:14:46.493.181 INFO root: 1111 1111 1111 1111 1111 1111 1101 0111 1111 1011 1101 1111 1110 0111 1111 1111# after SR MC SR
00:14:46.493.181 INFO root: 1111 0100 1111 0010 0110 0000 0100 0010 0101 0010 0000 1111 1111 1111 0100 1100# after SSB
00:14:46.494.182 INFO root: 1110 0111 1011 0000 1011 1110 0111 1011 1000 0000 0000 0111 1010 0000 0010 1111# after SR MC SR
00:14:46.494.182 INFO root: 0000 0100 0000 0010 1000 0000 0000 0000 0000 0000 0000 0010 1000 0000 0100 0000# after SSB
00:14:46.495.183 INFO root: 0000 0000 0000 0000 1101 0000 0000 0000 0000 0000 0000 0000 1101 0000 0000 0000# after SR MC SR
00:14:46.495.183 INFO root: 
00:14:46.495.183 INFO root: new trail: 1101000000000111 -> 0000110100001101
00:14:46.498.186 INFO root: #trails 13 
00:14:46.498.186 INFO root: mask pair #1394 / 65025: 0110000000000111 0000000010110000anfI_max <DenseSet hash=fc64358e9fe3af2d n=16 wt=75 | 3:3 4:13 5:24 6:35> anfO_max <DenseSet hash=4538e1ec0db6e265 n=16 wt=59 | 3:5 4:16 5:24 6:14>
00:14:53.116.804 INFO root: solving SAT...
00:15:28.074.763 INFO root: SAT solve time: 34.95820641517639
00:15:28.075.763 INFO root: SAT_times: 14.4 - 124.9, avg 44.7 med 40.3
00:15:28.076.764 INFO root: middle division transition ~0000011100001011 -> 1101110100000000 (~6 -> 6)
00:15:28.076.764 INFO root: mid transition: 0000011100001011 1101110100000000 6 6
00:15:28.076.764 INFO root: full trace:
00:15:28.077.765 INFO root: 1111 1111 1111 1111 1111 1111 1111 1000 1111 1111 1111 1111 1111 1111 1111 0100# initial
00:15:28.078.766 INFO root: 0110 1111 0111 1111 1111 0111 1111 1111 1111 1111 1111 1111 1111 1011 1111 1110# after SR MC SR
00:15:28.078.766 INFO root: 0010 1110 1000 1111 0011 0001 1111 1111 1000 1000 0100 1001 1111 0010 0100 1110# after SSB
00:15:28.079.767 INFO root: 1011 1111 1000 1011 0111 0111 0000 0000 0000 0111 1101 1101 0110 0000 1101 0111# after SR MC SR
00:15:28.079.767 INFO root: 0100 1000 0000 0000 0000 0100 1000 0000 0000 0000 0000 0000 0001 0000 0000 0100# after SSB
00:15:28.080.768 INFO root: 1101 0000 0000 0000 1101 0000 0000 0000 0000 0000 0000 0000 0000 0000 0000 0000# after SR MC SR
00:15:28.080.768 INFO root: 
00:15:28.081.769 INFO root: new trail: 0000011100001011 -> 1101110100000000
00:15:28.092.780 INFO root: #trails 14 
00:15:28.093.781 INFO root: mask pair #2066 / 65025: 0111011100000111 0000000010110000anfI_max <DenseSet hash=74d8fa3002e40f78 n=16 wt=100 | 3:4 4:22 5:55 6:19> anfO_max <DenseSet hash=4538e1ec0db6e265 n=16 wt=59 | 3:5 4:16 5:24 6:14>
00:15:38.536.224 INFO root: solving SAT...
00:16:47.192.880 INFO root: SAT solve time: 68.65513014793396
00:16:47.193.881 INFO root: SAT_times: 14.4 - 124.9, avg 46.3 med 40.3
00:16:47.194.882 INFO root: middle division transition ~1100000011000000 -> 1011000000000111 (~4 -> 6)
00:16:47.195.883 INFO root: mid transition: 1100000011000000 1011000000000111 4 6
00:16:47.195.883 INFO root: full trace:
00:16:47.196.884 INFO root: 1111 1111 1111 0011 1111 1111 1111 1111 1111 1111 1111 0011 1111 1111 1111 1111# initial
00:16:47.197.885 INFO root: 1111 1111 1111 1011 1011 1111 1111 1111 1111 1101 1111 1111 1111 1111 1011 1111# after SR MC SR
00:16:47.198.886 INFO root: 1111 1111 1000 1100 1001 1000 0010 1111 0111 1011 1111 0010 0010 1111 1010 0110# after SSB
00:16:47.199.887 INFO root: 1010 0000 0111 1011 1110 1011 0000 1110 0111 0111 1101 0100 1011 0111 1011 1011# after SR MC SR
00:16:47.200.888 INFO root: 0100 0000 0000 1000 0001 1000 0000 0000 0000 0000 0000 0000 0000 0000 1000 0001# after SSB
00:16:47.201.889 INFO root: 1011 0000 0000 0000 0000 0000 0000 0000 0000 0000 0000 0000 0111 0000 0000 0000# after SR MC SR
00:16:47.202.890 INFO root: 
00:16:47.202.890 INFO root: new trail: 1100000011000000 -> 1011000000000111
00:16:47.204.892 INFO root: #trails 15 
00:16:47.205.893 INFO root: mask pair #2083 / 65025: 0000000000000110 0000000100001010anfI_max <DenseSet hash=68c34902e61fdf85 n=16 wt=92 | 3:2 4:18 5:64 6:8> anfO_max <DenseSet hash=75db1a46f113dc9a n=16 wt=85 | 3:9 4:24 5:35 6:17>
00:16:57.987.675 INFO root: solving SAT...
00:19:07.062.750 INFO root: SAT solve time: 129.07367515563965
00:19:07.062.751 INFO root: SAT_times: 14.4 - 129.1, avg 51.4 med 40.6
00:19:07.063.751 INFO root: middle division transition ~0000000110110000 -> 0111000000000111 (~4 -> 6)
00:19:07.063.751 INFO root: mid transition: 0000000110110000 0111000000000111 4 6
00:19:07.064.752 INFO root: full trace:
00:19:07.064.752 INFO root: 1111 1111 1111 1111 1111 1111 1111 1110 1111 1111 1111 0100 1111 1111 1111 1111# initial
00:19:07.065.753 INFO root: 1111 1111 1111 1111 1101 1111 1111 1111 1011 1111 1111 0111 1111 1111 1011 1111# after SR MC SR
00:19:07.065.753 INFO root: 0010 1111 0100 1111 1111 1111 1111 0010 0000 1111 0010 1100 1000 1111 1000 1000# after SSB
00:19:07.066.754 INFO root: 1101 1101 1101 0111 1011 0000 0111 1011 1011 1111 0000 1011 1110 0010 0110 0000# after SR MC SR
00:19:07.066.755 INFO root: 1000 0000 0000 0000 0001 0100 0000 0000 0000 0100 0000 0000 0000 0000 1000 1000# after SSB
00:19:07.067.755 INFO root: 0111 0000 0000 0000 0000 0000 0000 0000 0000 0000 0000 0000 0111 0000 0000 0000# after SR MC SR
00:19:07.067.755 INFO root: 
00:19:07.067.756 INFO root: new trail: 0000000110110000 -> 0111000000000111
00:19:07.077.765 INFO root: #trails 16 
00:19:07.078.766 INFO root: mask pair #2726 / 65025: 0110011000000001 0000000010110000anfI_max <DenseSet hash=5dcedb7458fee61f n=16 wt=100 | 3:2 4:24 5:58 6:16> anfO_max <DenseSet hash=4538e1ec0db6e265 n=16 wt=59 | 3:5 4:16 5:24 6:14>
00:19:16.953.641 INFO root: solving SAT...
00:20:04.680.368 INFO root: SAT solve time: 47.72629642486572
00:20:04.681.369 INFO root: SAT_times: 14.4 - 129.1, avg 51.2 med 40.6
00:20:04.681.370 INFO root: middle division transition ~1001000000001011 -> 0000110100000101 (~5 -> 5)
00:20:04.682.370 INFO root: mid transition: 1001000000001011 0000110100000101 5 5
00:20:04.682.370 INFO root: full trace:
00:20:04.683.371 INFO root: 1111 1111 1111 0110 1111 1111 1111 1111 1111 1111 1111 1111 1111 1111 1111 0100# initial
00:20:04.683.371 INFO root: 1111 1111 1111 1101 1111 1111 1111 1011 1111 1111 1101 1111 1101 1101 1111 1111# after SR MC SR
00:20:04.684.372 INFO root: 0100 0100 0100 1000 0100 1000 0100 0000 1000 0100 0100 1000 1111 1111 1111 1111# after SSB
00:20:04.685.373 INFO root: 1111 1000 0000 0110 1101 0111 0000 0000 0000 0111 0000 1011 1100 1011 0000 1101# after SR MC SR
00:20:04.685.373 INFO root: 0000 0010 0000 0000 0010 0000 0000 0000 0000 1000 0000 0010 1000 0000 0000 0000# after SSB
00:20:04.686.374 INFO root: 0000 0000 0000 0000 1101 0000 0000 0000 0000 0000 0000 0000 0101 0000 0000 0000# after SR MC SR
00:20:04.686.374 INFO root: 
00:20:04.686.374 INFO root: new trail: 1001000000001011 -> 0000110100000101
00:20:04.690.378 INFO root: #trails 17 
00:20:04.690.378 INFO root: mask pair #2868 / 65025: 0111011001110111 0000000100000000anfI_max <DenseSet hash=d03404df996fda25 n=16 wt=84 | 3:1 4:12 5:49 6:22> anfO_max <DenseSet hash=e602ded485a2d8fc n=16 wt=77 | 3:5 4:19 5:42 6:11>
00:20:14.738.426 INFO root: solving SAT...
00:23:19.709.397 INFO root: SAT solve time: 184.97107410430908
00:23:19.710.398 INFO root: SAT_times: 14.4 - 185.0, avg 58.6 med 46.3
00:23:19.710.399 INFO root: middle division transition ~0000101100000011 -> 0000101010110000 (~5 -> 5)
00:23:19.711.399 INFO root: mid transition: 0000101100000011 0000101010110000 5 5
00:23:19.711.399 INFO root: full trace:
00:23:19.712.400 INFO root: 1111 1111 1111 1111 1111 1111 1111 0100 1111 1111 1111 1111 1111 1111 1111 1100# initial
00:23:19.712.401 INFO root: 1111 1111 1011 1111 1111 1011 1111 1011 1011 1111 1101 1111 1111 1111 1111 1111# after SR MC SR
00:23:19.713.401 INFO root: 0010 0010 0010 0010 1111 0010 1111 1000 1000 1111 1000 0011 0010 0110 0000 1111# after SSB
00:23:19.714.402 INFO root: 1011 1011 0000 0000 0000 0000 0111 0111 0110 1110 0010 1111 1101 0000 1000 0111# after SR MC SR
00:23:19.714.403 INFO root: 0000 0100 0010 0000 0000 0000 0000 0100 0010 0000 0000 1000 0000 0000 0000 0000# after SSB
00:23:19.715.403 INFO root: 0000 0000 0000 0000 1010 0000 0000 0000 1011 0000 0000 0000 0000 0000 0000 0000# after SR MC SR
00:23:19.715.403 INFO root: 
00:23:19.716.404 INFO root: new trail: 0000101100000011 -> 0000101010110000
00:23:19.834.522 INFO root: #trails 18 
00:23:19.835.523 INFO root: mask pair #11221 / 65025: 0001000000000000 1011000110100001anfI_max <DenseSet hash=c624d6a10178ac83 n=16 wt=78 | 3:11 4:28 5:28 6:11> anfO_max <DenseSet hash=4708b0dbf924f88e n=16 wt=86 | 3:2 4:21 5:41 6:22>
00:23:29.390.078 INFO root: solving SAT...
00:23:59.606.295 INFO root: SAT solve time: 30.21601390838623
00:23:59.607.295 INFO root: SAT_times: 14.4 - 185.0, avg 57.1 med 40.6
00:23:59.608.296 INFO root: middle division transition ~0000101100000111 -> 0000101101110000 (~6 -> 6)
00:23:59.608.296 INFO root: mid transition: 0000101100000111 0000101101110000 6 6
00:23:59.608.296 INFO root: full trace:
00:23:59.609.297 INFO root: 1111 1111 1111 1111 1111 1111 1111 0100 1111 1111 1111 1111 1111 1111 1111 1000# initial
00:23:59.609.297 INFO root: 1101 1111 1111 1111 1111 1101 1111 1111 0111 1111 0111 1111 1111 0111 1111 1101# after SR MC SR
00:23:59.610.298 INFO root: 0000 1000 1000 1000 1111 0001 0010 1111 0010 0010 0010 1000 0100 0100 1111 0100# after SSB
00:23:59.611.299 INFO root: 1101 0000 1101 0100 0000 0111 0110 0000 0001 1111 0000 0000 1101 0000 1111 0000# after SR MC SR
00:23:59.611.299 INFO root: 0000 0010 0010 0000 0000 0000 0100 0000 0010 0000 0000 0001 0000 0010 0000 0000# after SSB
00:23:59.612.300 INFO root: 0000 0000 0000 0000 1011 0000 0000 0000 0111 0000 0000 0000 0000 0000 0000 0000# after SR MC SR
00:23:59.612.300 INFO root: 
00:23:59.612.300 INFO root: new trail: 0000101100000111 -> 0000101101110000
00:23:59.672.361 INFO root: #trails 19 
00:23:59.673.361 INFO root: mask pair #15487 / 65025: 0000011100000000 1010101110111010anfI_max <DenseSet hash=180867645060661f n=16 wt=68 | 3:5 4:16 5:16 6:31> anfO_max <DenseSet hash=f825fc55aacc8802 n=16 wt=76 | 3:1 4:10 5:40 6:25>
00:24:05.871.560 INFO root: solving SAT...
00:24:39.029.717 INFO root: SAT solve time: 33.15676784515381
00:24:39.030.718 INFO root: SAT_times: 14.4 - 185.0, avg 55.9 med 40.6
00:24:39.030.718 INFO root: middle division transition ~1101000000000111 -> 1011011100000000 (~6 -> 6)
00:24:39.031.719 INFO root: mid transition: 1101000000000111 1011011100000000 6 6
00:24:39.031.719 INFO root: full trace:
00:24:39.032.720 INFO root: 1111 1111 1111 0010 1111 1111 1111 1111 1111 1111 1111 1111 1111 1111 1111 1000# initial
00:24:39.033.721 INFO root: 0111 1111 1111 0111 1111 1111 1111 1111 1111 1101 0111 1111 0111 1011 1111 1111# after SR MC SR
00:24:39.034.722 INFO root: 1000 0010 1101 1000 0001 0100 0100 1110 1000 0010 1111 1010 1000 0001 0100 1111# after SSB
00:24:39.034.722 INFO root: 1111 0110 0111 1111 0000 0111 0000 0000 0110 0000 1011 0000 0000 0111 0111 0000# after SR MC SR
00:24:39.035.723 INFO root: 0010 0010 0000 0000 0000 0000 0000 0000 0000 0000 1000 0001 0010 0000 0000 0001# after SSB
00:24:39.036.724 INFO root: 1011 0000 0000 0000 0111 0000 0000 0000 0000 0000 0000 0000 0000 0000 0000 0000# after SR MC SR
00:24:39.036.724 INFO root: 
00:24:39.037.725 INFO root: new trail: 1101000000000111 -> 1011011100000000
00:24:39.698.386 INFO root: 
00:24:39.699.387 INFO root: final SAT_times: 14.4 - 185.0, avg 55.9 med 40.6
00:24:39.699.387 INFO root: SAT_times all [14.394958734512329, 22.336981534957886, 24.446083784103394, 30.21601390838623, 31.068982362747192, 33.15676784515381, 33.50162434577942, 33.886712312698364, 34.95820641517639, 40.25098967552185, 40.592899560928345, 46.28839612007141, 47.72629642486572, 57.91354441642761, 59.62864685058594, 61.044766664505005, 68.65513014793396, 124.87290239334106, 129.07367515563965, 184.97107410430908]
00:24:39.699.387 INFO root: Trails:
00:24:39.700.388 INFO root: trail ~1101000001010000 -> 0000011111010000: 1111111111110010111111111111111111111111111110101111111111111111 1111111111110111111011111011111111111011111101111111111111111111 1111111111111111101101001000010111111000000110001100011011110000 0000011101110111011011101101011101110111000000000111101101111011 0000011000000000000000000010100010000000000000000000001000000000 0000000000000000011100000000000011010000000000000000000000000000
00:24:39.701.389 INFO root: trail ~0000101101110000 -> 1101000010110000: 1111111111111111111111111111010011111111111110001111111111111111 1111011101111111101111111111111111011111111111011111111111111101 1111100001011000011011110010001100101011111100100000100000110101 1111000000000000000000001101101101110101111100010111111010011101 0010000010000000000000000000000010000000100000000000010000000010 1101000000000000000000000000000010110000000000000000000000000000
00:24:39.702.390 INFO root: trail ~0000000010110111 -> 0111011000000000: 1111111111111111111111111111111111111111111101001111111111111000 1111110111111111110111111111011111111111110111111111011111011111 0010111100001000111001001000100000100011111111111111000010101001 0110111100000111011100110000101100000011101110111101000001110000 0100100000000000000001000000000000000000000110000000000000000000 0111000000000000011000000000000000000000000000000000000000000000
00:24:39.702.390 INFO root: trail ~0000101101110000 -> 0000110110110000: 1111111111111111111111111111010011111111111110001111111111111111 1111110110111111101111011111111111111111111111011111111111110111 1111001011111111010000001000111001111111010010100010100111010000 0001000010110111011101111110000010110111010100111110101000001011 0000000000100000000000001000000010000000000000100010010000000000 0000000000000000110100000000000010110000000000000000000000000000
00:24:39.703.391 INFO root: trail ~0111101100000000 -> 0000011101110000: 1111111111111000111111111111010011111111111111111111111111111111 1111111111111111111111011001111101111101111111111111111111111101 1000001000101111111111111111100011110000001011111000100000100001 1000011110110000110100001011110101010111110111111011000000000110 0000000000000000000000001000010000010000000000100100000100000000 0000000000000000011100000000000001110000000000000000000000000000
00:24:39.704.392 INFO root: trail ~0111000010110000 -> 0111110100000000: 1111111111111000111111111111111111111111111101001111111111111111 1111111111111011110111110111111111111111111101110111111101111111 0001111100100110000111110000100001011111010000010010111111111010 0110010110111110011010111110000000001101011100000101111010100011 1000010000000000000001000010000000000000100001000000000000000000 0111000000000000110100000000000000000000000000000000000000000000
00:24:39.705.393 INFO root: trail ~0011000001010000 -> 0111011100000000: 1111111111111100111111111111111111111111111110101111111111111111 1111111111111111011111111101111111110111111101111111111111111111 0010111101000010001010001010101111110100010011111011001011110011 0000111100001100101111100110110111010000011001110111000010111011 0000001000000000000001000000000000000000100010000010000000000001 0111000000000000011100000000000000000000000000000000000000000000
00:24:39.705.394 INFO root: trail ~0000000010111010 -> 1101000011010000: 1111111111111111111111111111111111111111111101001111111111110101 1111111111111111101111111111111111111111101101111111110110111111 1100110000111111011010000000101010001100100010001111111111111010 0111001001101101110101111101110100000111000000000111000001111111 0000000000000000000001000000010001100000010000000000000000001000 1101000000000000000000000000000011010000000000000000000000000000
00:24:39.706.394 INFO root: trail ~0110000011010000 -> 1101000001110000: 1111111111111001111111111111111111111111111100101111111111111111 1111110111110111111111111111111111111111111111010111111111011111 1010100111110001101111111010010010010010100101001111100101000100 0001011101110000011100001011101011100100101101110011110100001101 0100000000000000000010000000110010000000001000000000000000000000 1101000000000000000000000000000001110000000000000000000000000000
00:24:39.707.395 INFO root: trail ~0000100100000111 -> 0000000011000111: 1111111111111111111111111111011011111111111111111111111111111000 1111111111111111111111011111011111011111101111111111101111111111 0100000001001101111111110001111111010010111110000100001011110110 1101000000001011101111011011101010110111110100001110101100001101 0000000010000010000100000000000010000010000000000000000000000000 0000000000000000000000000000000011000000000000000111000000000000
00:24:39.708.396 INFO root: trail ~0011110100000000 -> 0111000011010000: 1111111111111100111111111111001011111111111111111111111111111111 1111111101111111111111110111111101111101111111111111111111111101 1111100111110110111101010000111100010100011101001001111100101010 1011010111110111000011010111101101110000011101110110001100000111 1000000000100000000000000000000100000000100000000000100000000010 0111000000000000000000000000000011010000000000000000000000000000
00:24:39.708.397 INFO root: trail ~0000100110110000 -> 0110011100000000: 1111111111111111111111111111011011111111111101001111111111111111 1111101101111111011111111111111111111111111111111111111101111110 1101111100000010001100100100100011111001100011110100100111111111 0111110110110111111110101101110111001011110101110000000000000000 1000100000000000000000000100000000000000000000001000000000001000 0110000000000000011100000000000000000000000000000000000000000000
00:24:39.709.397 INFO root: trail ~1101000000000111 -> 0000110100001101: 1111111111110010111111111111111111111111111111111111111111111000 1111111111111111111111111101011111111011110111111110011111111111 1111010011110010011000000100001001010010000011111111111101001100 1110011110110000101111100111101110000000000001111010000000101111 0000010000000010100000000000000000000000000000101000000001000000 0000000000000000110100000000000000000000000000001101000000000000
00:24:39.710.398 INFO root: trail ~0000011100001011 -> 1101110100000000: 1111111111111111111111111111100011111111111111111111111111110100 0110111101111111111101111111111111111111111111111111101111111110 0010111010001111001100011111111110001000010010011111001001001110 1011111110001011011101110000000000000111110111010110000011010111 0100100000000000000001001000000000000000000000000001000000000100 1101000000000000110100000000000000000000000000000000000000000000
00:24:39.711.399 INFO root: trail ~1100000011000000 -> 1011000000000111: 1111111111110011111111111111111111111111111100111111111111111111 1111111111111011101111111111111111111101111111111111111110111111 1111111110001100100110000010111101111011111100100010111110100110 1010000001111011111010110000111001110111110101001011011110111011 0100000000001000000110000000000000000000000000000000000010000001 1011000000000000000000000000000000000000000000000111000000000000
00:24:39.712.400 INFO root: trail ~0000000110110000 -> 0111000000000111: 1111111111111111111111111111111011111111111101001111111111111111 1111111111111111110111111111111110111111111101111111111110111111 0010111101001111111111111111001000001111001011001000111110001000 1101110111010111101100000111101110111111000010111110001001100000 1000000000000000000101000000000000000100000000000000000010001000 0111000000000000000000000000000000000000000000000111000000000000
00:24:39.712.400 INFO root: trail ~1001000000001011 -> 0000110100000101: 1111111111110110111111111111111111111111111111111111111111110100 1111111111111101111111111111101111111111110111111101110111111111 0100010001001000010010000100000010000100010010001111111111111111 1111100000000110110101110000000000000111000010111100101100001101 0000001000000000001000000000000000001000000000101000000000000000 0000000000000000110100000000000000000000000000000101000000000000
00:24:39.713.401 INFO root: trail ~0000101100000011 -> 0000101010110000: 1111111111111111111111111111010011111111111111111111111111111100 1111111110111111111110111111101110111111110111111111111111111111 0010001000100010111100101111100010001111100000110010011000001111 1011101100000000000000000111011101101110001011111101000010000111 0000010000100000000000000000010000100000000010000000000000000000 0000000000000000101000000000000010110000000000000000000000000000
00:24:39.714.402 INFO root: trail ~0000101100000111 -> 0000101101110000: 1111111111111111111111111111010011111111111111111111111111111000 1101111111111111111111011111111101111111011111111111011111111101 0000100010001000111100010010111100100010001010000100010011110100 1101000011010100000001110110000000011111000000001101000011110000 0000001000100000000000000100000000100000000000010000001000000000 0000000000000000101100000000000001110000000000000000000000000000
00:24:39.715.403 INFO root: trail ~1101000000000111 -> 1011011100000000: 1111111111110010111111111111111111111111111111111111111111111000 0111111111110111111111111111111111111101011111110111101111111111 1000001011011000000101000100111010000010111110101000000101001111 1111011001111111000001110000000001100000101100000000011101110000 0010001000000000000000000000000000000000100000010010000000000001 1011000000000000011100000000000000000000000000000000000000000000
00:24:39.715.403 INFO root: 
00:24:39.715.403 INFO root: Greedy:
00:24:39.744.433 INFO root: greedy iter, tocover 65025
00:24:52.003.691 INFO root: trail (Bin(0b0000101100000011, n=16), Bin(0b0000101010110000, n=16)) cnt 43008
00:24:52.180.868 INFO root: -----
00:24:52.180.869 INFO root: greedy iter, tocover 22017
00:24:53.333.021 INFO root: trail (Bin(0b0000100110110000, n=16), Bin(0b0110011100000000, n=16)) cnt 14784
00:24:53.402.090 INFO root: -----
00:24:53.402.090 INFO root: greedy iter, tocover 7233
00:24:53.781.469 INFO root: trail (Bin(0b1001000000001011, n=16), Bin(0b0000110100000101, n=16)) cnt 4632
00:24:53.803.491 INFO root: -----
00:24:53.803.491 INFO root: greedy iter, tocover 2601
00:24:53.942.630 INFO root: trail (Bin(0b0000100100000111, n=16), Bin(0b0000000011000111, n=16)) cnt 1586
00:24:53.950.638 INFO root: -----
00:24:53.950.638 INFO root: greedy iter, tocover 1015
00:24:54.006.695 INFO root: trail (Bin(0b0011110100000000, n=16), Bin(0b0111000011010000, n=16)) cnt 565
00:24:54.010.698 INFO root: -----
00:24:54.010.698 INFO root: greedy iter, tocover 450
00:24:54.035.723 INFO root: trail (Bin(0b0000000010111010, n=16), Bin(0b1101000011010000, n=16)) cnt 216
00:24:54.037.725 INFO root: -----
00:24:54.037.725 INFO root: greedy iter, tocover 234
00:24:54.050.738 INFO root: trail (Bin(0b1100000011000000, n=16), Bin(0b1011000000000111, n=16)) cnt 105
00:24:54.051.739 INFO root: -----
00:24:54.051.739 INFO root: greedy iter, tocover 129
00:24:54.059.747 INFO root: trail (Bin(0b0000000110110000, n=16), Bin(0b0111000000000111, n=16)) cnt 60
00:24:54.060.748 INFO root: -----
00:24:54.060.748 INFO root: greedy iter, tocover 69
00:24:54.064.752 INFO root: trail (Bin(0b0110000011010000, n=16), Bin(0b1101000001110000, n=16)) cnt 32
00:24:54.065.753 INFO root: -----
00:24:54.065.753 INFO root: greedy iter, tocover 37
00:24:54.067.756 INFO root: trail (Bin(0b1101000001010000, n=16), Bin(0b0000011111010000, n=16)) cnt 17
00:24:54.068.756 INFO root: -----
00:24:54.068.756 INFO root: greedy iter, tocover 20
00:24:54.070.758 INFO root: trail (Bin(0b0011000001010000, n=16), Bin(0b0111011100000000, n=16)) cnt 5
00:24:54.070.758 INFO root: -----
00:24:54.070.759 INFO root: greedy iter, tocover 15
00:24:54.072.760 INFO root: trail (Bin(0b0111000010110000, n=16), Bin(0b0111110100000000, n=16)) cnt 5
00:24:54.072.760 INFO root: -----
00:24:54.072.760 INFO root: greedy iter, tocover 10
00:24:54.073.761 INFO root: trail (Bin(0b1101000000000111, n=16), Bin(0b1011011100000000, n=16)) cnt 3
00:24:54.074.762 INFO root: -----
00:24:54.074.762 INFO root: greedy iter, tocover 7
00:24:54.075.763 INFO root: trail (Bin(0b0000101100000111, n=16), Bin(0b0000101101110000, n=16)) cnt 2
00:24:54.075.763 INFO root: -----
00:24:54.075.763 INFO root: greedy iter, tocover 5
00:24:54.076.764 INFO root: trail (Bin(0b0000000010110111, n=16), Bin(0b0111011000000000, n=16)) cnt 2
00:24:54.076.764 INFO root: -----
00:24:54.076.764 INFO root: greedy iter, tocover 3
00:24:54.077.765 INFO root: trail (Bin(0b1101000000000111, n=16), Bin(0b0000110100001101, n=16)) cnt 1
00:24:54.077.765 INFO root: -----
00:24:54.077.766 INFO root: greedy iter, tocover 2
00:24:54.078.766 INFO root: trail (Bin(0b0111101100000000, n=16), Bin(0b0000011101110000, n=16)) cnt 1
00:24:54.078.766 INFO root: -----
00:24:54.079.767 INFO root: greedy iter, tocover 1
00:24:54.079.767 INFO root: trail (Bin(0b0000101101110000, n=16), Bin(0b0000110110110000, n=16)) cnt 1
00:24:54.079.767 INFO root: -----
00:24:54.080.768 INFO root: chosen trails: 18
00:24:54.081.769 INFO root: trail ~0000101100000011 -> 0000101010110000: 1111111111111111111111111111010011111111111111111111111111111100 1111111110111111111110111111101110111111110111111111111111111111 0010001000100010111100101111100010001111100000110010011000001111 1011101100000000000000000111011101101110001011111101000010000111 0000010000100000000000000000010000100000000010000000000000000000 0000000000000000101000000000000010110000000000000000000000000000
00:24:54.082.770 INFO root: trail ~0000100110110000 -> 0110011100000000: 1111111111111111111111111111011011111111111101001111111111111111 1111101101111111011111111111111111111111111111111111111101111110 1101111100000010001100100100100011111001100011110100100111111111 0111110110110111111110101101110111001011110101110000000000000000 1000100000000000000000000100000000000000000000001000000000001000 0110000000000000011100000000000000000000000000000000000000000000
00:24:54.083.771 INFO root: trail ~1001000000001011 -> 0000110100000101: 1111111111110110111111111111111111111111111111111111111111110100 1111111111111101111111111111101111111111110111111101110111111111 0100010001001000010010000100000010000100010010001111111111111111 1111100000000110110101110000000000000111000010111100101100001101 0000001000000000001000000000000000001000000000101000000000000000 0000000000000000110100000000000000000000000000000101000000000000
00:24:54.085.773 INFO root: trail ~0000100100000111 -> 0000000011000111: 1111111111111111111111111111011011111111111111111111111111111000 1111111111111111111111011111011111011111101111111111101111111111 0100000001001101111111110001111111010010111110000100001011110110 1101000000001011101111011011101010110111110100001110101100001101 0000000010000010000100000000000010000010000000000000000000000000 0000000000000000000000000000000011000000000000000111000000000000
00:24:54.086.774 INFO root: trail ~0011110100000000 -> 0111000011010000: 1111111111111100111111111111001011111111111111111111111111111111 1111111101111111111111110111111101111101111111111111111111111101 1111100111110110111101010000111100010100011101001001111100101010 1011010111110111000011010111101101110000011101110110001100000111 1000000000100000000000000000000100000000100000000000100000000010 0111000000000000000000000000000011010000000000000000000000000000
00:24:54.088.776 INFO root: trail ~0000000010111010 -> 1101000011010000: 1111111111111111111111111111111111111111111101001111111111110101 1111111111111111101111111111111111111111101101111111110110111111 1100110000111111011010000000101010001100100010001111111111111010 0111001001101101110101111101110100000111000000000111000001111111 0000000000000000000001000000010001100000010000000000000000001000 1101000000000000000000000000000011010000000000000000000000000000
00:24:54.089.777 INFO root: trail ~1100000011000000 -> 1011000000000111: 1111111111110011111111111111111111111111111100111111111111111111 1111111111111011101111111111111111111101111111111111111110111111 1111111110001100100110000010111101111011111100100010111110100110 1010000001111011111010110000111001110111110101001011011110111011 0100000000001000000110000000000000000000000000000000000010000001 1011000000000000000000000000000000000000000000000111000000000000
00:24:54.091.779 INFO root: trail ~0000000110110000 -> 0111000000000111: 1111111111111111111111111111111011111111111101001111111111111111 1111111111111111110111111111111110111111111101111111111110111111 0010111101001111111111111111001000001111001011001000111110001000 1101110111010111101100000111101110111111000010111110001001100000 1000000000000000000101000000000000000100000000000000000010001000 0111000000000000000000000000000000000000000000000111000000000000
00:24:54.092.780 INFO root: trail ~0110000011010000 -> 1101000001110000: 1111111111111001111111111111111111111111111100101111111111111111 1111110111110111111111111111111111111111111111010111111111011111 1010100111110001101111111010010010010010100101001111100101000100 0001011101110000011100001011101011100100101101110011110100001101 0100000000000000000010000000110010000000001000000000000000000000 1101000000000000000000000000000001110000000000000000000000000000
00:24:54.093.782 INFO root: trail ~1101000001010000 -> 0000011111010000: 1111111111110010111111111111111111111111111110101111111111111111 1111111111110111111011111011111111111011111101111111111111111111 1111111111111111101101001000010111111000000110001100011011110000 0000011101110111011011101101011101110111000000000111101101111011 0000011000000000000000000010100010000000000000000000001000000000 0000000000000000011100000000000011010000000000000000000000000000
00:24:54.095.783 INFO root: trail ~0011000001010000 -> 0111011100000000: 1111111111111100111111111111111111111111111110101111111111111111 1111111111111111011111111101111111110111111101111111111111111111 0010111101000010001010001010101111110100010011111011001011110011 0000111100001100101111100110110111010000011001110111000010111011 0000001000000000000001000000000000000000100010000010000000000001 0111000000000000011100000000000000000000000000000000000000000000
00:24:54.096.784 INFO root: trail ~0111000010110000 -> 0111110100000000: 1111111111111000111111111111111111111111111101001111111111111111 1111111111111011110111110111111111111111111101110111111101111111 0001111100100110000111110000100001011111010000010010111111111010 0110010110111110011010111110000000001101011100000101111010100011 1000010000000000000001000010000000000000100001000000000000000000 0111000000000000110100000000000000000000000000000000000000000000
00:24:54.097.786 INFO root: trail ~1101000000000111 -> 1011011100000000: 1111111111110010111111111111111111111111111111111111111111111000 0111111111110111111111111111111111111101011111110111101111111111 1000001011011000000101000100111010000010111110101000000101001111 1111011001111111000001110000000001100000101100000000011101110000 0010001000000000000000000000000000000000100000010010000000000001 1011000000000000011100000000000000000000000000000000000000000000
00:24:54.099.787 INFO root: trail ~0000101100000111 -> 0000101101110000: 1111111111111111111111111111010011111111111111111111111111111000 1101111111111111111111011111111101111111011111111111011111111101 0000100010001000111100010010111100100010001010000100010011110100 1101000011010100000001110110000000011111000000001101000011110000 0000001000100000000000000100000000100000000000010000001000000000 0000000000000000101100000000000001110000000000000000000000000000
00:24:54.100.788 INFO root: trail ~0000000010110111 -> 0111011000000000: 1111111111111111111111111111111111111111111101001111111111111000 1111110111111111110111111111011111111111110111111111011111011111 0010111100001000111001001000100000100011111111111111000010101001 0110111100000111011100110000101100000011101110111101000001110000 0100100000000000000001000000000000000000000110000000000000000000 0111000000000000011000000000000000000000000000000000000000000000
00:24:54.102.790 INFO root: trail ~1101000000000111 -> 0000110100001101: 1111111111110010111111111111111111111111111111111111111111111000 1111111111111111111111111101011111111011110111111110011111111111 1111010011110010011000000100001001010010000011111111111101001100 1110011110110000101111100111101110000000000001111010000000101111 0000010000000010100000000000000000000000000000101000000001000000 0000000000000000110100000000000000000000000000001101000000000000
00:24:54.103.791 INFO root: trail ~0111101100000000 -> 0000011101110000: 1111111111111000111111111111010011111111111111111111111111111111 1111111111111111111111011001111101111101111111111111111111111101 1000001000101111111111111111100011110000001011111000100000100001 1000011110110000110100001011110101010111110111111011000000000110 0000000000000000000000001000010000010000000000100100000100000000 0000000000000000011100000000000001110000000000000000000000000000
00:24:54.105.793 INFO root: trail ~0000101101110000 -> 0000110110110000: 1111111111111111111111111111010011111111111110001111111111111111 1111110110111111101111011111111111111111111111011111111111110111 1111001011111111010000001000111001111111010010100010100111010000 0001000010110111011101111110000010110111010100111110101000001011 0000000000100000000000001000000010000000000000100010010000000000 0000000000000000110100000000000010110000000000000000000000000000
00:24:54.105.794 INFO root: end
