00:00:00.106.697 INFO root: added file handler at 2021-09-13.16:41:48
00:00:00.107.698 INFO root: columns 1 -> 0
00:00:01.490.081 INFO root: Constraints: 100101010
00:00:01.491.082 INFO root: cons_SSB_card = 1
00:00:01.491.082 INFO root: cons_SSB_box_lb = 0
00:00:01.491.082 INFO root: cons_SSB_box_ub = 0
00:00:01.491.082 INFO root: cons_SSB_lb = 1
00:00:01.491.082 INFO root: cons_SSB_ub = 0
00:00:01.492.083 INFO root: cons_MC_card = 1
00:00:01.492.083 INFO root: cons_MC_matching = 0
00:00:01.492.083 INFO root: cons_MC_lb = 1
00:00:01.492.083 INFO root: cons_MC_ub2 = 0
00:00:01.813.404 INFO root: full ssb
00:00:02.142.733 INFO root: load .cache/SboxDivision.components_anf_closures.self_sboxBD59AECE64673816.args_068BA53CAF4BB89BC84341E5E0A9E860E078799A9E9F3CD8F2B19C3FC4CEC936 succeeded
00:00:02.153.744 INFO root: anfsI 255
00:00:02.160.751 INFO root: load .cache/SboxDivision.components_anf_closures.self_sbox0F7EC76E48F1C66A.args_068BA53CAF4BB89BC84341E5E0A9E860E078799A9E9F3CD8F2B19C3FC4CEC936 succeeded
00:00:02.171.762 INFO root: anfsO 255
00:00:02.239.830 INFO root: load .cache/SboxDivision.cnf_lb.self_sbox391D96FD000E6C5B.args_068BA53CAF4BB89BC84341E5E0A9E860E078799A9E9F3CD8F2B19C3FC4CEC936 succeeded
00:00:04.862.453 INFO root: SSB round 2 column 0
00:00:06.100.691 INFO root: load .cache/SboxDivision.minimal_max.self_sbox0F7EC76E48F1C66A.args_068BA53CAF4BB89BC84341E5E0A9E860E078799A9E9F3CD8F2B19C3FC4CEC936 succeeded
00:00:13.490.081 INFO root: load .cache/SboxDivision.divcore.self_sbox0F7EC76E48F1C66A.args_068BA53CAF4BB89BC84341E5E0A9E860E078799A9E9F3CD8F2B19C3FC4CEC936 succeeded
00:00:19.466.057 INFO root: load .cache/SboxDivision.cnf_lb.self_sbox0F7EC76E48F1C66A.args_068BA53CAF4BB89BC84341E5E0A9E860E078799A9E9F3CD8F2B19C3FC4CEC936 succeeded
00:00:30.151.743 INFO root: SSB round 2 column 1
00:00:31.350.941 INFO root: load .cache/SboxDivision.minimal_max.self_sbox97CD3E51D99FE8E5.args_068BA53CAF4BB89BC84341E5E0A9E860E078799A9E9F3CD8F2B19C3FC4CEC936 succeeded
00:00:38.619.210 INFO root: load .cache/SboxDivision.divcore.self_sbox97CD3E51D99FE8E5.args_068BA53CAF4BB89BC84341E5E0A9E860E078799A9E9F3CD8F2B19C3FC4CEC936 succeeded
00:00:44.589.180 INFO root: load .cache/SboxDivision.cnf_lb.self_sbox97CD3E51D99FE8E5.args_068BA53CAF4BB89BC84341E5E0A9E860E078799A9E9F3CD8F2B19C3FC4CEC936 succeeded
00:00:55.443.034 INFO root: SSB round 2 column 2
00:00:56.600.191 INFO root: load .cache/SboxDivision.minimal_max.self_sboxFA83BF4B256071FB.args_068BA53CAF4BB89BC84341E5E0A9E860E078799A9E9F3CD8F2B19C3FC4CEC936 succeeded
00:01:03.983.574 INFO root: load .cache/SboxDivision.divcore.self_sboxFA83BF4B256071FB.args_068BA53CAF4BB89BC84341E5E0A9E860E078799A9E9F3CD8F2B19C3FC4CEC936 succeeded
00:01:10.289.880 INFO root: load .cache/SboxDivision.cnf_lb.self_sboxFA83BF4B256071FB.args_068BA53CAF4BB89BC84341E5E0A9E860E078799A9E9F3CD8F2B19C3FC4CEC936 succeeded
00:01:21.232.823 INFO root: SSB round 2 column 3
00:01:46.592.183 INFO root: SSB round 4 column 0
00:02:10.227.818 INFO root: SSB round 4 column 1
00:02:11.425.016 INFO root: load .cache/SboxDivision.minimal_max.self_sboxB5083D73B8917F33.args_068BA53CAF4BB89BC84341E5E0A9E860E078799A9E9F3CD8F2B19C3FC4CEC936 succeeded
00:02:18.609.200 INFO root: load .cache/SboxDivision.divcore.self_sboxB5083D73B8917F33.args_068BA53CAF4BB89BC84341E5E0A9E860E078799A9E9F3CD8F2B19C3FC4CEC936 succeeded
00:02:24.682.273 INFO root: load .cache/SboxDivision.cnf_lb.self_sboxB5083D73B8917F33.args_068BA53CAF4BB89BC84341E5E0A9E860E078799A9E9F3CD8F2B19C3FC4CEC936 succeeded
00:02:36.036.627 INFO root: SSB round 4 column 2
00:02:58.505.096 INFO root: SSB round 4 column 3
00:03:25.302.893 INFO root: mask pairs: 255 x 255 = 65025
00:03:25.302.893 INFO root: #trails 0 
00:03:25.302.893 INFO root: mask pair #1 / 65025: 0111000000000110 1010000100000000anfI_max <DenseSet hash=c063a03e902c4111 n=16 wt=92 | 3:2 4:9 5:61 6:20> anfO_max <DenseSet hash=9bd2fb309e1350fd n=16 wt=88 | 3:3 4:5 5:61 6:19>
00:03:33.428.019 INFO root: solving SAT...
00:04:21.300.891 INFO root: SAT solve time: 47.87167406082153
00:04:21.301.892 INFO root: SAT_times: 47.9 - 47.9, avg 47.9 med 47.9
00:04:21.301.892 INFO root: middle division transition ~0000101111010000 -> 1101000001110000 (~6 -> 6)
00:04:21.302.893 INFO root: mid transition: 0000101111010000 1101000001110000 6 6
00:04:21.302.893 INFO root: full trace:
00:04:21.302.893 INFO root: 1111 1111 1111 1111 1111 0100 1111 1111 1111 0010 1111 1111 1111 1111 1111 1111# initial
00:04:21.303.894 INFO root: 1101 1111 1111 1101 1111 1111 0111 0111 1111 1101 1011 1111 1111 1111 1111 1111# after SR MC SR
00:04:21.303.894 INFO root: 1111 1111 0100 0101 1000 1001 0100 0100 0100 1111 0000 1111 1000 1111 1111 0000# after SSB
00:04:21.304.895 INFO root: 0111 0101 0000 1101 0111 1101 1001 0000 1000 1111 1101 1101 0011 0000 1001 1101# after SR MC SR
00:04:21.304.895 INFO root: 1000 0000 1000 0000 0000 1000 0000 0000 0100 0000 0000 0000 0000 1000 0000 1000# after SSB
00:04:21.305.896 INFO root: 1101 0000 0000 0000 0000 0000 0000 0000 0111 0000 0000 0000 0000 0000 0000 0000# after SR MC SR
00:04:21.305.896 INFO root: 
00:04:21.305.896 INFO root: new trail: 0000101111010000 -> 1101000001110000
00:04:21.306.897 INFO root: #trails 1 
00:04:21.306.897 INFO root: mask pair #2 / 65025: 0000000101100001 1011000110111011anfI_max <DenseSet hash=f9a2622cd9ba514d n=16 wt=92 | 3:1 4:16 5:50 6:25> anfO_max <DenseSet hash=8b362185f41d3530 n=16 wt=81 | 3:4 4:15 5:37 6:25>
00:04:26.950.541 INFO root: solving SAT...
00:05:20.816.407 INFO root: SAT solve time: 53.86546206474304
00:05:20.816.407 INFO root: SAT_times: 47.9 - 53.9, avg 50.9 med 53.9
00:05:20.816.407 INFO root: middle division transition ~0000000010011011 -> 0101011100000000 (~5 -> 5)
00:05:20.817.408 INFO root: mid transition: 0000000010011011 0101011100000000 5 5
00:05:20.817.408 INFO root: full trace:
00:05:20.817.408 INFO root: 1111 1111 1111 1111 1111 1111 1111 1111 1111 0110 1111 1111 1111 0100 1111 1111# initial
00:05:20.818.409 INFO root: 1111 1111 0111 1111 1111 1101 1111 1111 1111 0111 1111 1111 0111 1111 1111 1101# after SR MC SR
00:05:20.818.409 INFO root: 1111 0010 0100 0010 0111 1111 0011 1111 1000 0100 1111 0100 0100 0000 1000 0100# after SSB
00:05:20.819.410 INFO root: 0111 0011 0000 0000 0000 0111 1011 1110 1101 0000 1101 0000 1101 1111 1101 0000# after SR MC SR
00:05:20.819.410 INFO root: 0000 1000 0000 0000 0000 0100 0000 0000 0000 0000 1000 0001 0100 0000 0000 0000# after SSB
00:05:20.820.411 INFO root: 0101 0000 0000 0000 0111 0000 0000 0000 0000 0000 0000 0000 0000 0000 0000 0000# after SR MC SR
00:05:20.820.411 INFO root: 
00:05:20.820.411 INFO root: new trail: 0000000010011011 -> 0101011100000000
00:05:20.820.411 INFO root: #trails 2 
00:05:20.821.412 INFO root: mask pair #3 / 65025: 0001000001100000 0001101110111010anfI_max <DenseSet hash=ccdf0edfc48c33be n=16 wt=92 | 3:3 4:20 5:39 6:30> anfO_max <DenseSet hash=4bcbbf5593d1e134 n=16 wt=86 | 3:4 4:17 5:43 6:22>
00:05:26.525.116 INFO root: solving SAT...
00:06:09.429.020 INFO root: SAT solve time: 42.902958393096924
00:06:09.429.020 INFO root: SAT_times: 42.9 - 53.9, avg 48.2 med 47.9
00:06:09.430.021 INFO root: middle division transition ~0000011100000111 -> 0000000011011101 (~6 -> 6)
00:06:09.430.021 INFO root: mid transition: 0000011100000111 0000000011011101 6 6
00:06:09.430.021 INFO root: full trace:
00:06:09.430.021 INFO root: 1111 1111 1111 1111 1111 1000 1111 1111 1111 1111 1111 1111 1111 1000 1111 1111# initial
00:06:09.431.022 INFO root: 1101 1111 1101 1111 1111 1011 1111 1111 1111 1111 1011 1111 1111 1101 1111 1110# after SR MC SR
00:06:09.431.022 INFO root: 1111 1000 0001 1111 0101 0100 0001 1000 1000 1000 1000 0111 1000 0001 1000 1111# after SSB
00:06:09.432.023 INFO root: 1101 1011 0000 1110 1110 1011 0101 0111 0100 1101 0111 0000 0000 0001 0000 0000# after SR MC SR
00:06:09.432.023 INFO root: 0000 0000 0010 0100 1000 0000 0000 0000 0001 0001 0000 0000 0000 0001 0000 0000# after SSB
00:06:09.432.023 INFO root: 0000 0000 0000 0000 0000 0000 0000 0000 1101 0000 0000 0000 1101 0000 0000 0000# after SR MC SR
00:06:09.433.024 INFO root: 
00:06:09.433.024 INFO root: new trail: 0000011100000111 -> 0000000011011101
00:06:09.433.024 INFO root: #trails 3 
00:06:09.434.025 INFO root: mask pair #4 / 65025: 0001000000000000 0000101000001011anfI_max <DenseSet hash=c624d6a10178ac83 n=16 wt=78 | 3:11 4:28 5:28 6:11> anfO_max <DenseSet hash=4691c5fb82e2bf50 n=16 wt=79 | 3:4 4:15 5:35 6:25>
00:06:15.270.861 INFO root: solving SAT...
00:08:09.723.314 INFO root: SAT solve time: 114.45266556739807
00:08:09.723.314 INFO root: SAT_times: 42.9 - 114.5, avg 64.8 med 53.9
00:08:09.724.315 INFO root: middle division transition ~1010101100000000 -> 0000101111010000 (~5 -> 6)
00:08:09.724.315 INFO root: mid transition: 1010101100000000 0000101111010000 5 6
00:08:09.724.315 INFO root: full trace:
00:08:09.725.316 INFO root: 1111 0101 1111 1111 1111 0100 1111 1111 1111 1111 1111 1111 1111 1111 1111 1111# initial
00:08:09.726.317 INFO root: 1111 1111 1111 1111 1101 1111 1111 1101 1111 1111 0111 1110 1111 1101 1111 1111# after SR MC SR
00:08:09.726.317 INFO root: 1010 0100 1000 0001 0100 1000 0010 1111 1111 0100 0110 0010 0100 1111 1111 0111# after SSB
00:08:09.727.318 INFO root: 1100 0000 1111 1000 0001 1111 1011 0000 0110 0111 0111 1011 0000 1101 0000 0111# after SR MC SR
00:08:09.727.318 INFO root: 0000 0010 1000 0000 0000 0000 0100 0000 1000 0000 0000 0010 0000 1000 0000 0000# after SSB
00:08:09.728.319 INFO root: 0000 0000 0000 0000 1011 0000 0000 0000 1101 0000 0000 0000 0000 0000 0000 0000# after SR MC SR
00:08:09.728.319 INFO root: 
00:08:09.728.319 INFO root: new trail: 1010101100000000 -> 0000101111010000
00:08:09.729.320 INFO root: #trails 4 
00:08:09.730.321 INFO root: mask pair #29 / 65025: 0111011000000000 1011000000010001anfI_max <DenseSet hash=3243f0f9336aa8fa n=16 wt=80 | 3:3 4:23 5:29 6:25> anfO_max <DenseSet hash=a3fed670aaf0b3d4 n=16 wt=85 | 3:2 4:14 5:44 6:25>
00:08:15.447.038 INFO root: solving SAT...
00:08:30.982.573 INFO root: SAT solve time: 15.534510612487793
00:08:30.983.574 INFO root: SAT_times: 15.5 - 114.5, avg 54.9 med 47.9
00:08:30.983.574 INFO root: middle division transition ~0000011101110000 -> 0000000001111001 (~6 -> 5)
00:08:30.983.574 INFO root: mid transition: 0000011101110000 0000000001111001 6 5
00:08:30.983.574 INFO root: full trace:
00:08:30.984.575 INFO root: 1111 1111 1111 1111 1111 1000 1111 1111 1111 1000 1111 1111 1111 1111 1111 1111# initial
00:08:30.984.575 INFO root: 1101 1111 1111 1111 1111 1111 1011 0111 1111 1101 1111 1111 0111 1011 1111 1111# after SR MC SR
00:08:30.985.576 INFO root: 0010 0000 0010 0010 1010 1000 0010 1000 1111 1111 0100 1000 0000 0100 1111 1111# after SSB
00:08:30.985.576 INFO root: 1000 0011 1111 1011 0000 1000 0111 1011 0001 1010 1101 0000 0111 0000 0000 0010# after SR MC SR
00:08:30.985.576 INFO root: 0000 0000 1000 0000 0000 0000 0000 0100 0100 0100 0000 0000 0000 0000 0100 0000# after SSB
00:08:30.986.577 INFO root: 0000 0000 0000 0000 0000 0000 0000 0000 0111 0000 0000 0000 1001 0000 0000 0000# after SR MC SR
00:08:30.986.577 INFO root: 
00:08:30.986.577 INFO root: new trail: 0000011101110000 -> 0000000001111001
00:08:30.987.578 INFO root: #trails 5 
00:08:30.987.578 INFO root: mask pair #34 / 65025: 0110011100010111 0000000000010001anfI_max <DenseSet hash=b6592f0fc98d58ea n=16 wt=81 | 3:1 4:19 5:35 6:26> anfO_max <DenseSet hash=a4d41487fe11637b n=16 wt=90 | 3:3 4:24 5:41 6:22>
00:08:36.826.417 INFO root: solving SAT...
00:09:13.253.844 INFO root: SAT solve time: 36.42670726776123
00:09:13.254.845 INFO root: SAT_times: 15.5 - 114.5, avg 51.8 med 47.9
00:09:13.254.845 INFO root: middle division transition ~0000000001110111 -> 0000110100001011 (~6 -> 6)
00:09:13.254.845 INFO root: mid transition: 0000000001110111 0000110100001011 6 6
00:09:13.254.845 INFO root: full trace:
00:09:13.255.846 INFO root: 1111 1111 1111 1111 1111 1111 1111 1111 1111 1000 1111 1111 1111 1000 1111 1111# initial
00:09:13.255.846 INFO root: 1111 1111 1111 0111 1111 1011 1011 1111 0111 1101 1111 1111 1111 1111 1111 1011# after SR MC SR
00:09:13.256.847 INFO root: 0100 1111 0010 1111 0010 0100 1111 0010 1111 0000 1010 0010 1001 1000 0010 0000# after SSB
00:09:13.256.847 INFO root: 0100 0010 1101 0000 1111 0100 1101 0001 0000 0000 1001 1011 1101 0000 1110 0111# after SR MC SR
00:09:13.257.848 INFO root: 0000 0000 0000 0000 0100 0000 0001 0000 0000 1000 0000 0010 1000 0000 0100 0000# after SSB
00:09:13.257.848 INFO root: 0000 0000 0000 0000 1101 0000 0000 0000 0000 0000 0000 0000 1011 0000 0000 0000# after SR MC SR
00:09:13.257.848 INFO root: 
00:09:13.257.848 INFO root: new trail: 0000000001110111 -> 0000110100001011
00:09:13.258.849 INFO root: #trails 6 
00:09:13.258.849 INFO root: mask pair #40 / 65025: 0111011101100001 1011101000011011anfI_max <DenseSet hash=7d2ddd1c2c319e21 n=16 wt=108 | 3:2 4:9 5:77 6:20> anfO_max <DenseSet hash=d5e253d2b5cbbe9f n=16 wt=78 | 3:4 4:17 5:34 6:23>
00:09:19.030.621 INFO root: solving SAT...
00:10:06.791.382 INFO root: SAT solve time: 47.760772705078125
00:10:06.792.383 INFO root: SAT_times: 15.5 - 114.5, avg 51.3 med 47.8
00:10:06.792.383 INFO root: middle division transition ~0111110100000000 -> 0000011101110000 (~6 -> 6)
00:10:06.792.383 INFO root: mid transition: 0111110100000000 0000011101110000 6 6
00:10:06.792.383 INFO root: full trace:
00:10:06.793.384 INFO root: 1111 1000 1111 1111 1111 0010 1111 1111 1111 1111 1111 1111 1111 1111 1111 1111# initial
00:10:06.793.384 INFO root: 1111 1111 1111 1111 0111 1111 1111 1101 1111 1111 0111 1011 1111 1101 0111 1111# after SR MC SR
00:10:06.794.385 INFO root: 0010 0100 0001 0000 1111 1010 0100 1111 1000 1000 0010 1010 1000 1111 0001 1000# after SSB
00:10:06.794.385 INFO root: 0101 0110 0000 0111 1011 1111 0000 1110 1111 1101 0000 0000 0000 0000 0000 1100# after SR MC SR
00:10:06.794.385 INFO root: 0000 0010 0000 0000 0000 0000 0000 0100 1000 0000 0000 1000 0010 0010 0000 0000# after SSB
00:10:06.795.386 INFO root: 0000 0000 0000 0000 0111 0000 0000 0000 0111 0000 0000 0000 0000 0000 0000 0000# after SR MC SR
00:10:06.795.386 INFO root: 
00:10:06.795.386 INFO root: new trail: 0111110100000000 -> 0000011101110000
00:10:06.796.387 INFO root: #trails 7 
00:10:06.796.387 INFO root: mask pair #46 / 65025: 0110000001100000 0000000110110000anfI_max <DenseSet hash=a3f2fb10b8eb3827 n=16 wt=102 | 3:3 4:33 5:48 6:18> anfO_max <DenseSet hash=803f4267f7f43d75 n=16 wt=85 | 3:4 4:21 5:45 6:15>
00:10:12.390.981 INFO root: solving SAT...
00:11:08.187.778 INFO root: SAT solve time: 55.79641938209534
00:11:08.187.779 INFO root: SAT_times: 15.5 - 114.5, avg 51.8 med 47.9
00:11:08.188.779 INFO root: middle division transition ~1011000000000111 -> 0000000001111101 (~6 -> 6)
00:11:08.188.779 INFO root: mid transition: 1011000000000111 0000000001111101 6 6
00:11:08.188.779 INFO root: full trace:
00:11:08.189.780 INFO root: 1111 0100 1111 1111 1111 1111 1111 1111 1111 1111 1111 1111 1111 1000 1111 1111# initial
00:11:08.189.780 INFO root: 1111 1011 1011 1111 1101 1111 1111 1111 0111 1111 1111 1101 1111 1111 1111 0111# after SR MC SR
00:11:08.190.781 INFO root: 1110 1111 1000 0000 0000 0101 1001 0100 1111 0010 1111 1111 1011 0100 0110 0100# after SSB
00:11:08.190.781 INFO root: 1011 1110 0010 0000 1101 0110 0000 0111 0100 0111 1010 1111 0000 1010 1011 1011# after SR MC SR
00:11:08.190.781 INFO root: 0000 0000 0000 1000 0000 0000 0000 0100 0010 0010 0000 0000 0000 0010 0010 0000# after SSB
00:11:08.191.782 INFO root: 0000 0000 0000 0000 0000 0000 0000 0000 0111 0000 0000 0000 1101 0000 0000 0000# after SR MC SR
00:11:08.191.782 INFO root: 
00:11:08.191.782 INFO root: new trail: 1011000000000111 -> 0000000001111101
00:11:08.192.783 INFO root: #trails 8 
00:11:08.193.784 INFO root: mask pair #148 / 65025: 0111000001100111 1011101110100001anfI_max <DenseSet hash=cb029a9c35d59406 n=16 wt=86 | 3:2 4:8 5:51 6:25> anfO_max <DenseSet hash=808dd2555fdb2975 n=16 wt=74 | 3:1 4:19 5:34 6:20>
00:11:13.787.378 INFO root: solving SAT...
00:11:48.155.746 INFO root: SAT solve time: 34.36741805076599
00:11:48.155.746 INFO root: SAT_times: 15.5 - 114.5, avg 49.9 med 47.8
00:11:48.156.747 INFO root: middle division transition ~0000100100000111 -> 0000110100001101 (~5 -> 6)
00:11:48.156.747 INFO root: mid transition: 0000100100000111 0000110100001101 5 6
00:11:48.156.747 INFO root: full trace:
00:11:48.157.748 INFO root: 1111 1111 1111 1111 1111 0110 1111 1111 1111 1111 1111 1111 1111 1000 1111 1111# initial
00:11:48.157.748 INFO root: 0111 1111 1111 1111 1111 1011 1111 1111 0111 1111 1011 1111 1111 1111 1111 1101# after SR MC SR
00:11:48.158.749 INFO root: 0000 0100 0101 0010 1111 0010 0010 1111 0001 0100 1000 1000 1111 1111 1111 0101# after SSB
00:11:48.159.750 INFO root: 0000 1011 1101 1110 0100 1101 0011 0010 1011 0011 0011 1011 1101 0001 0000 1001# after SR MC SR
00:11:48.159.750 INFO root: 0000 0010 0000 0100 0010 0000 0100 0000 0000 0001 0000 0100 0000 0000 0000 0000# after SSB
00:11:48.160.751 INFO root: 0000 0000 0000 0000 1101 0000 0000 0000 0000 0000 0000 0000 1101 0000 0000 0000# after SR MC SR
00:11:48.160.751 INFO root: 
00:11:48.160.751 INFO root: new trail: 0000100100000111 -> 0000110100001101
00:11:48.162.753 INFO root: #trails 9 
00:11:48.162.754 INFO root: mask pair #191 / 65025: 0001000000010001 0000000100001010anfI_max <DenseSet hash=508fc70176ec0755 n=16 wt=82 | 3:5 4:14 5:38 6:25> anfO_max <DenseSet hash=75db1a46f113dc9a n=16 wt=85 | 3:9 4:24 5:35 6:17>
00:11:54.165.756 INFO root: solving SAT...
00:12:29.520.111 INFO root: SAT solve time: 35.354318380355835
00:12:29.521.112 INFO root: SAT_times: 15.5 - 114.5, avg 48.4 med 47.8
00:12:29.521.112 INFO root: middle division transition ~1001000000001011 -> 0000011111010000 (~5 -> 6)
00:12:29.521.112 INFO root: mid transition: 1001000000001011 0000011111010000 5 6
00:12:29.521.112 INFO root: full trace:
00:12:29.522.113 INFO root: 1111 0110 1111 1111 1111 1111 1111 1111 1111 1111 1111 1111 1111 0100 1111 1111# initial
00:12:29.522.113 INFO root: 1111 0111 1111 1111 1111 1011 1111 1111 1101 1111 1111 1111 1111 1111 1011 1101# after SR MC SR
00:12:29.523.114 INFO root: 0010 0011 0100 1011 0110 1101 1010 0010 1000 0000 1000 1111 1111 1111 1111 0101# after SSB
00:12:29.523.114 INFO root: 1110 1010 0111 1101 1110 0000 0000 0000 1001 1101 1101 1111 1101 0001 1011 0011# after SR MC SR
00:12:29.523.114 INFO root: 0000 0000 0000 0000 0000 0000 0100 1000 0010 0000 0000 1000 0010 0010 0000 0000# after SSB
00:12:29.524.115 INFO root: 0000 0000 0000 0000 0111 0000 0000 0000 1101 0000 0000 0000 0000 0000 0000 0000# after SR MC SR
00:12:29.524.115 INFO root: 
00:12:29.524.115 INFO root: new trail: 1001000000001011 -> 0000011111010000
00:12:29.526.117 INFO root: #trails 10 
00:12:29.526.117 INFO root: mask pair #354 / 65025: 0110011100010000 0000000010110000anfI_max <DenseSet hash=259a9d5fa58ffd44 n=16 wt=79 | 3:3 4:8 5:42 6:26> anfO_max <DenseSet hash=4538e1ec0db6e265 n=16 wt=59 | 3:5 4:16 5:24 6:14>
00:12:35.276.868 INFO root: solving SAT...
00:13:07.464.055 INFO root: SAT solve time: 32.186806201934814
00:13:07.464.055 INFO root: SAT_times: 15.5 - 114.5, avg 47.0 med 42.9
00:13:07.465.056 INFO root: middle division transition ~0111101100000000 -> 0111000001110000 (~6 -> 6)
00:13:07.465.056 INFO root: mid transition: 0111101100000000 0111000001110000 6 6
00:13:07.465.056 INFO root: full trace:
00:13:07.466.057 INFO root: 1111 1000 1111 1111 1111 0100 1111 1111 1111 1111 1111 1111 1111 1111 1111 1111# initial
00:13:07.466.057 INFO root: 0111 1111 1111 1111 0111 1111 1111 1011 1111 1111 1111 1110 1111 1110 1011 1111# after SR MC SR
00:13:07.466.057 INFO root: 0000 1000 1111 1011 1111 0100 1110 0010 1011 1111 1110 1000 1000 1111 1000 1010# after SSB
00:13:07.467.058 INFO root: 0000 0000 1101 1101 0111 1011 1110 0000 1101 0111 0111 0000 0111 0111 1101 1110# after SR MC SR
00:13:07.467.058 INFO root: 0001 0000 1000 0000 0000 0010 0000 1000 0001 0000 1000 0000 0000 0000 0000 0000# after SSB
00:13:07.468.059 INFO root: 0111 0000 0000 0000 0000 0000 0000 0000 0111 0000 0000 0000 0000 0000 0000 0000# after SR MC SR
00:13:07.468.059 INFO root: 
00:13:07.468.059 INFO root: new trail: 0111101100000000 -> 0111000001110000
00:13:07.469.060 INFO root: #trails 11 
00:13:07.470.061 INFO root: mask pair #414 / 65025: 0110011101110110 0000101010111010anfI_max <DenseSet hash=cfa6c3dd385c6182 n=16 wt=94 | 3:3 4:10 5:62 6:19> anfO_max <DenseSet hash=70e16515347699b4 n=16 wt=78 | 3:6 4:13 5:35 6:24>
00:13:13.456.047 INFO root: solving SAT...
00:13:20.584.175 INFO root: SAT solve time: 7.126951217651367
00:13:20.584.175 INFO root: SAT_times: 7.1 - 114.5, avg 43.6 med 42.9
00:13:20.584.175 INFO root: middle division transition ~0000110100001011 -> 1101000000000111 (~6 -> 6)
00:13:20.585.176 INFO root: mid transition: 0000110100001011 1101000000000111 6 6
00:13:20.585.176 INFO root: full trace:
00:13:20.586.177 INFO root: 1111 1111 1111 1111 1111 0010 1111 1111 1111 1111 1111 1111 1111 0100 1111 1111# initial
00:13:20.586.177 INFO root: 1101 1111 1111 1111 1111 1011 1111 1111 1110 1111 1011 1111 1111 0111 1111 1011# after SR MC SR
00:13:20.587.178 INFO root: 1111 0010 0100 1111 0100 1111 1000 0100 0000 1000 1111 1101 1111 0000 1000 1000# after SSB
00:13:20.587.178 INFO root: 0111 0110 0101 1101 0111 0000 0000 0111 0000 1000 1101 1011 1101 1111 0010 0000# after SR MC SR
00:13:20.587.178 INFO root: 0100 0000 0000 0000 0000 0100 0000 0000 0000 1000 0000 0000 0000 0000 0110 0100# after SSB
00:13:20.588.179 INFO root: 1101 0000 0000 0000 0000 0000 0000 0000 0000 0000 0000 0000 0111 0000 0000 0000# after SR MC SR
00:13:20.588.179 INFO root: 
00:13:20.588.179 INFO root: new trail: 0000110100001011 -> 1101000000000111
00:13:20.589.180 INFO root: #trails 12 
00:13:20.590.181 INFO root: mask pair #472 / 65025: 0001011001100001 0000101100000001anfI_max <DenseSet hash=1d8426b92b3c0d89 n=16 wt=81 | 3:2 4:18 5:34 6:27> anfO_max <DenseSet hash=2ecc95775a1a0865 n=16 wt=82 | 3:2 4:28 5:28 6:24>
00:13:26.202.793 INFO root: solving SAT...
00:13:45.852.443 INFO root: SAT solve time: 19.64956760406494
00:13:45.853.444 INFO root: SAT_times: 7.1 - 114.5, avg 41.8 med 36.4
00:13:45.853.444 INFO root: middle division transition ~0000001111010000 -> 0000011000001101 (~5 -> 5)
00:13:45.853.444 INFO root: mid transition: 0000001111010000 0000011000001101 5 5
00:13:45.853.444 INFO root: full trace:
00:13:45.854.445 INFO root: 1111 1111 1111 1111 1111 1100 1111 1111 1111 0010 1111 1111 1111 1111 1111 1111# initial
00:13:45.854.445 INFO root: 1101 1111 1111 1110 1111 1111 1101 1101 1111 0111 1111 1111 1111 1111 1111 1111# after SR MC SR
00:13:45.855.446 INFO root: 0010 1000 0010 1011 1001 0010 1110 1010 0100 1000 1101 0010 1111 1111 1111 1000# after SSB
00:13:45.855.446 INFO root: 0000 1110 0110 0101 1101 0111 0111 1101 1101 1110 0000 0110 1001 1011 0100 0000# after SR MC SR
00:13:45.855.446 INFO root: 0000 0100 0000 0000 0010 0000 0000 0000 0000 0010 0000 0010 0000 0000 1000 0000# after SSB
00:13:45.856.447 INFO root: 0000 0000 0000 0000 0110 0000 0000 0000 0000 0000 0000 0000 1101 0000 0000 0000# after SR MC SR
00:13:45.856.447 INFO root: 
00:13:45.856.447 INFO root: new trail: 0000001111010000 -> 0000011000001101
00:13:45.857.448 INFO root: #trails 13 
00:13:45.858.449 INFO root: mask pair #531 / 65025: 0001000101100000 0000000110110000anfI_max <DenseSet hash=1735a206e35e2b44 n=16 wt=105 | 3:2 4:10 5:77 6:16> anfO_max <DenseSet hash=803f4267f7f43d75 n=16 wt=85 | 3:4 4:21 5:45 6:15>
00:13:51.559.150 INFO root: solving SAT...
00:14:26.420.011 INFO root: SAT solve time: 34.85968208312988
00:14:26.420.011 INFO root: SAT_times: 7.1 - 114.5, avg 41.3 med 36.4
00:14:26.420.011 INFO root: middle division transition ~0000011110010000 -> 0000110100000110 (~5 -> 5)
00:14:26.421.012 INFO root: mid transition: 0000011110010000 0000110100000110 5 5
00:14:26.421.012 INFO root: full trace:
00:14:26.421.012 INFO root: 1111 1111 1111 1111 1111 1000 1111 1111 1111 0110 1111 1111 1111 1111 1111 1111# initial
00:14:26.422.013 INFO root: 0111 1111 1111 1011 1111 1111 1111 0111 1111 0111 0111 1111 1111 1111 1111 1111# after SR MC SR
00:14:26.422.013 INFO root: 1111 0100 1001 0001 1111 0010 0010 1000 0001 0100 0011 0100 0100 1111 1111 1000# after SSB
00:14:26.423.014 INFO root: 1110 0011 1011 1101 0110 0000 1011 0011 0111 1000 0010 0000 1011 1001 0000 0110# after SR MC SR
00:14:26.423.014 INFO root: 0000 0010 0000 0010 1000 0000 0100 0000 0000 0000 0000 0000 0010 0000 0000 0000# after SSB
00:14:26.424.015 INFO root: 0000 0000 0000 0000 1101 0000 0000 0000 0000 0000 0000 0000 0110 0000 0000 0000# after SR MC SR
00:14:26.424.015 INFO root: 
00:14:26.425.016 INFO root: new trail: 0000011110010000 -> 0000110100000110
00:14:26.428.020 INFO root: #trails 14 
00:14:26.429.020 INFO root: mask pair #747 / 65025: 0111000001100110 0001101110110000anfI_max <DenseSet hash=cc4fc0582743b8fd n=16 wt=85 | 3:2 4:12 5:44 6:27> anfO_max <DenseSet hash=e8a3b6b66bb44fb5 n=16 wt=90 | 3:7 4:24 5:43 6:16>
00:14:32.367.958 INFO root: solving SAT...
00:15:27.874.465 INFO root: SAT solve time: 55.50700616836548
00:15:27.875.466 INFO root: SAT_times: 7.1 - 114.5, avg 42.2 med 36.4
00:15:27.875.466 INFO root: middle division transition ~0000000011011100 -> 1011011100000000 (~5 -> 6)
00:15:27.875.466 INFO root: mid transition: 0000000011011100 1011011100000000 5 6
00:15:27.876.467 INFO root: full trace:
00:15:27.876.467 INFO root: 1111 1111 1111 1111 1111 1111 1111 1111 1111 0010 1111 1111 1111 0011 1111 1111# initial
00:15:27.877.468 INFO root: 1111 1111 1111 1011 1111 1111 0111 1111 0111 0111 1111 1111 1111 1111 1111 1110# after SR MC SR
00:15:27.877.468 INFO root: 1111 1000 0110 0001 1011 1110 1111 1110 1100 1111 0100 0101 0100 1100 0111 0111# after SSB
00:15:27.878.469 INFO root: 1101 1010 1101 1101 1011 1101 0110 0111 0111 0111 0110 1011 1110 1110 0000 0000# after SR MC SR
00:15:27.878.469 INFO root: 0010 0010 0000 0000 0000 0001 0010 0000 0000 0000 0000 0000 0001 0000 0000 1000# after SSB
00:15:27.879.470 INFO root: 1011 0000 0000 0000 0111 0000 0000 0000 0000 0000 0000 0000 0000 0000 0000 0000# after SR MC SR
00:15:27.879.470 INFO root: 
00:15:27.879.471 INFO root: new trail: 0000000011011100 -> 1011011100000000
00:15:27.889.480 INFO root: #trails 15 
00:15:27.890.481 INFO root: mask pair #1603 / 65025: 0110011000000111 0000000100001010anfI_max <DenseSet hash=e93b0b2df7ac97c2 n=16 wt=95 | 3:2 4:28 5:47 6:18> anfO_max <DenseSet hash=75db1a46f113dc9a n=16 wt=85 | 3:9 4:24 5:35 6:17>
00:15:33.672.263 INFO root: solving SAT...
00:17:23.275.866 INFO root: SAT solve time: 109.60305285453796
00:17:23.276.867 INFO root: SAT_times: 7.1 - 114.5, avg 46.5 med 42.9
00:17:23.276.867 INFO root: middle division transition ~0101000010110000 -> 0110101100000000 (~5 -> 5)
00:17:23.276.867 INFO root: mid transition: 0101000010110000 0110101100000000 5 5
00:17:23.277.868 INFO root: full trace:
00:17:23.277.868 INFO root: 1111 1010 1111 1111 1111 1111 1111 1111 1111 0100 1111 1111 1111 1111 1111 1111# initial
00:17:23.277.868 INFO root: 1111 1111 1111 1111 1111 1111 1110 1111 1111 0111 1111 1011 0111 1111 1110 1111# after SR MC SR
00:17:23.278.869 INFO root: 0110 1111 0011 0101 1111 1000 1000 1111 0100 0011 0100 0010 0101 1000 1000 1100# after SSB
00:17:23.278.869 INFO root: 0000 1110 1001 0111 0000 1011 1101 1011 0000 1101 0000 1110 0000 1110 1010 0111# after SR MC SR
00:17:23.279.870 INFO root: 0000 0010 0000 0000 0000 0010 1000 0000 0000 0000 0000 1000 0000 0000 0000 0010# after SSB
00:17:23.279.870 INFO root: 0110 0000 0000 0000 1011 0000 0000 0000 0000 0000 0000 0000 0000 0000 0000 0000# after SR MC SR
00:17:23.279.870 INFO root: 
00:17:23.280.871 INFO root: new trail: 0101000010110000 -> 0110101100000000
00:17:23.286.877 INFO root: #trails 16 
00:17:23.286.877 INFO root: mask pair #2499 / 65025: 0110000001100001 0000101110110001anfI_max <DenseSet hash=5e4d5ffcb7d91242 n=16 wt=81 | 3:5 4:30 5:22 6:24> anfO_max <DenseSet hash=ef8638eed3785e01 n=16 wt=93 | 3:7 4:29 5:39 6:18>
00:17:29.206.797 INFO root: solving SAT...
00:18:04.540.131 INFO root: SAT solve time: 35.3334641456604
00:18:04.540.131 INFO root: SAT_times: 7.1 - 114.5, avg 45.8 med 36.4
00:18:04.540.131 INFO root: middle division transition ~1011000000001011 -> 0111000001110000 (~6 -> 6)
00:18:04.541.132 INFO root: mid transition: 1011000000001011 0111000001110000 6 6
00:18:04.541.132 INFO root: full trace:
00:18:04.541.132 INFO root: 1111 0100 1111 1111 1111 1111 1111 1111 1111 1111 1111 1111 1111 0100 1111 1111# initial
00:18:04.542.133 INFO root: 1111 1011 1101 1111 1111 1111 1111 1111 1101 1111 1111 1101 1111 1111 1011 0111# after SR MC SR
00:18:04.542.133 INFO root: 0100 1100 0000 1000 0010 1111 0100 0100 1111 1111 0100 1111 1000 0001 1111 0000# after SSB
00:18:04.543.134 INFO root: 0111 1110 0000 1111 0000 0111 0111 0000 0000 1100 0000 0011 0001 1110 0111 1011# after SR MC SR
00:18:04.543.134 INFO root: 0000 0000 0000 0000 0000 0100 0000 0010 0100 0000 0001 0000 0000 0100 0000 1000# after SSB
00:18:04.543.134 INFO root: 0111 0000 0000 0000 0000 0000 0000 0000 0111 0000 0000 0000 0000 0000 0000 0000# after SR MC SR
00:18:04.544.135 INFO root: 
00:18:04.544.135 INFO root: new trail: 1011000000001011 -> 0111000001110000
00:18:04.546.137 INFO root: #trails 17 
00:18:04.546.137 INFO root: mask pair #2659 / 65025: 0110000000000000 0000101110110000anfI_max <DenseSet hash=1f35bb0005968012 n=16 wt=76 | 3:5 4:20 5:32 6:19> anfO_max <DenseSet hash=50b3e29abcb65b85 n=16 wt=94 | 3:5 4:16 5:48 6:25>
00:18:10.238.829 INFO root: solving SAT...
00:20:56.355.946 INFO root: SAT solve time: 166.11652445793152
00:20:56.355.946 INFO root: SAT_times: 7.1 - 166.1, avg 52.5 med 42.9
00:20:56.356.947 INFO root: middle division transition ~0000000010111011 -> 0000011101100000 (~6 -> 5)
00:20:56.356.947 INFO root: mid transition: 0000000010111011 0000011101100000 6 5
00:20:56.356.947 INFO root: full trace:
00:20:56.357.948 INFO root: 1111 1111 1111 1111 1111 1111 1111 1111 1111 0100 1111 1111 1111 0100 1111 1111# initial
00:20:56.357.948 INFO root: 1111 1111 1101 1011 1111 1011 1101 1111 1101 1110 1111 1111 1111 1111 1111 1111# after SR MC SR
00:20:56.358.949 INFO root: 1010 0001 0101 0110 1111 0010 1111 1111 0100 0110 0100 0100 1000 1000 0000 1000# after SSB
00:20:56.358.949 INFO root: 0000 0000 1111 0000 1100 0000 1011 1001 1011 1001 0000 1011 0111 1110 1001 0001# after SR MC SR
00:20:56.359.950 INFO root: 0000 1000 0010 0000 0000 0000 1000 0000 0010 0000 0000 1000 0000 0000 0000 0000# after SSB
00:20:56.359.950 INFO root: 0000 0000 0000 0000 0111 0000 0000 0000 0110 0000 0000 0000 0000 0000 0000 0000# after SR MC SR
00:20:56.360.951 INFO root: 
00:20:56.360.951 INFO root: new trail: 0000000010111011 -> 0000011101100000
00:20:56.379.970 INFO root: #trails 18 
00:20:56.380.971 INFO root: mask pair #4401 / 65025: 0110000001100000 0000000110101011anfI_max <DenseSet hash=a3f2fb10b8eb3827 n=16 wt=102 | 3:3 4:33 5:48 6:18> anfO_max <DenseSet hash=19899624b92f8273 n=16 wt=71 | 3:2 4:12 5:30 6:27>
00:21:03.286.877 INFO root: solving SAT...
00:21:45.369.960 INFO root: SAT solve time: 42.08250880241394
00:21:45.370.961 INFO root: SAT_times: 7.1 - 166.1, avg 51.9 med 42.1
00:21:45.370.961 INFO root: middle division transition ~0000110110100000 -> 0111100100000000 (~5 -> 5)
00:21:45.370.961 INFO root: mid transition: 0000110110100000 0111100100000000 5 5
00:21:45.370.961 INFO root: full trace:
00:21:45.371.962 INFO root: 1111 1111 1111 1111 1111 0010 1111 1111 1111 0101 1111 1111 1111 1111 1111 1111# initial
00:21:45.371.962 INFO root: 1011 1111 1111 1111 1111 1111 1110 1101 1111 1111 1111 1111 1011 1011 1111 1111# after SR MC SR
00:21:45.371.962 INFO root: 0100 1111 1111 0010 0100 0011 1111 1111 0100 0100 1000 0100 0010 0010 1100 0100# after SSB
00:21:45.372.963 INFO root: 0000 0111 1111 0000 1001 1101 1101 1010 0111 0000 0000 1011 0110 0111 1100 0000# after SR MC SR
00:21:45.372.963 INFO root: 1000 0000 0000 0000 0000 0010 0010 0000 0000 0000 1000 0001 0000 0000 0000 0000# after SSB
00:21:45.372.963 INFO root: 0111 0000 0000 0000 1001 0000 0000 0000 0000 0000 0000 0000 0000 0000 0000 0000# after SR MC SR
00:21:45.373.964 INFO root: 
00:21:45.373.964 INFO root: new trail: 0000110110100000 -> 0111100100000000
00:21:45.382.973 INFO root: #trails 19 
00:21:45.382.973 INFO root: mask pair #5584 / 65025: 0111011101110111 0001101000000000anfI_max <DenseSet hash=62247a808e416d9f n=16 wt=106 | 3:6 4:23 5:59 6:18> anfO_max <DenseSet hash=198783d917608410 n=16 wt=90 | 3:7 4:17 5:51 6:15>
00:21:51.532.123 INFO root: solving SAT...
00:22:47.199.790 INFO root: SAT solve time: 55.666555881500244
00:22:47.200.791 INFO root: SAT_times: 7.1 - 166.1, avg 52.1 med 42.9
00:22:47.200.791 INFO root: middle division transition ~0000101100000111 -> 0000101101110000 (~6 -> 6)
00:22:47.200.791 INFO root: mid transition: 0000101100000111 0000101101110000 6 6
00:22:47.201.792 INFO root: full trace:
00:22:47.201.792 INFO root: 1111 1111 1111 1111 1111 0100 1111 1111 1111 1111 1111 1111 1111 1000 1111 1111# initial
00:22:47.202.793 INFO root: 1011 1111 0111 1111 1111 0111 1111 1101 1111 1111 0111 1111 1111 1111 1111 1011# after SR MC SR
00:22:47.203.794 INFO root: 0001 0010 0000 0010 1111 0100 1000 0000 1111 1111 1111 0010 0010 1000 0011 1111# after SSB
00:22:47.203.794 INFO root: 0111 0100 1011 0110 0000 0000 0111 1111 0000 1011 1011 0000 0111 0000 1110 1100# after SR MC SR
00:22:47.204.795 INFO root: 0000 0000 0100 0000 0000 0000 0010 0010 0000 0000 0000 0100 0001 1000 0000 0000# after SSB
00:22:47.204.795 INFO root: 0000 0000 0000 0000 1011 0000 0000 0000 0111 0000 0000 0000 0000 0000 0000 0000# after SR MC SR
00:22:47.204.795 INFO root: 
00:22:47.204.795 INFO root: new trail: 0000101100000111 -> 0000101101110000
00:22:47.299.890 INFO root: #trails 20 
00:22:47.299.890 INFO root: mask pair #18653 / 65025: 0000000001100110 0000000110110000anfI_max <DenseSet hash=6e1e197c1bfdf4b0 n=16 wt=100 | 3:2 4:15 5:56 6:27> anfO_max <DenseSet hash=803f4267f7f43d75 n=16 wt=85 | 3:4 4:21 5:45 6:15>
00:22:53.087.678 INFO root: solving SAT...
00:23:56.783.374 INFO root: SAT solve time: 63.69587278366089
00:23:56.784.375 INFO root: SAT_times: 7.1 - 166.1, avg 52.7 med 42.9
00:23:56.784.375 INFO root: middle division transition ~0111011100000000 -> 1101110100000000 (~6 -> 6)
00:23:56.784.375 INFO root: mid transition: 0111011100000000 1101110100000000 6 6
00:23:56.785.376 INFO root: full trace:
00:23:56.785.376 INFO root: 1111 1000 1111 1111 1111 1000 1111 1111 1111 1111 1111 1111 1111 1111 1111 1111# initial
00:23:56.786.377 INFO root: 0111 1011 1111 1111 0111 1111 1111 0111 1111 1111 0111 1111 1111 1111 1011 1111# after SR MC SR
00:23:56.786.377 INFO root: 0000 0011 0010 1111 0110 1001 1111 1011 1000 1111 0000 1000 1111 1000 0110 0011# after SSB
00:23:56.787.378 INFO root: 0000 1111 0000 0111 0111 1100 0111 0001 1010 1101 1011 1110 1101 0000 0001 0101# after SR MC SR
00:23:56.787.379 INFO root: 0010 0010 0000 0000 0000 0100 0100 0000 0000 0000 0000 1000 0000 0000 0000 1000# after SSB
00:23:56.788.379 INFO root: 1101 0000 0000 0000 1101 0000 0000 0000 0000 0000 0000 0000 0000 0000 0000 0000# after SR MC SR
00:23:56.788.379 INFO root: 
00:23:56.788.379 INFO root: new trail: 0111011100000000 -> 1101110100000000
00:23:56.815.406 INFO root: #trails 21 
00:23:56.815.406 INFO root: mask pair #21281 / 65025: 0001011101110001 1011101000001011anfI_max <DenseSet hash=c4efdb37981e65b3 n=16 wt=91 | 3:3 4:4 5:61 6:23> anfO_max <DenseSet hash=8a9038156504114a n=16 wt=83 | 3:4 4:19 5:42 6:18>
00:24:03.297.888 INFO root: solving SAT...
00:24:50.254.846 INFO root: SAT solve time: 46.957282066345215
00:24:50.255.846 INFO root: SAT_times: 7.1 - 166.1, avg 52.4 med 47.0
00:24:50.255.846 INFO root: middle division transition ~0000010111010000 -> 0000000010111101 (~5 -> 6)
00:24:50.255.846 INFO root: mid transition: 0000010111010000 0000000010111101 5 6
00:24:50.256.847 INFO root: full trace:
00:24:50.256.847 INFO root: 1111 1111 1111 1111 1111 1010 1111 1111 1111 0010 1111 1111 1111 1111 1111 1111# initial
00:24:50.256.847 INFO root: 1011 1111 1111 1011 1111 1111 1111 1111 1111 0111 1011 1111 0111 1111 1111 1111# after SR MC SR
00:24:50.257.848 INFO root: 0100 1000 1111 1111 0000 1000 0010 0100 1111 1111 0110 1110 1110 0010 1000 1111# after SSB
00:24:50.257.848 INFO root: 1010 1110 1110 1011 0000 1101 0000 1011 1101 1011 0000 1110 0111 0111 1001 0100# after SR MC SR
00:24:50.257.848 INFO root: 0000 0000 0100 0100 0010 0000 0000 0100 0000 0001 0000 0000 0000 0100 0000 0000# after SSB
00:24:50.258.849 INFO root: 0000 0000 0000 0000 0000 0000 0000 0000 1011 0000 0000 0000 1101 0000 0000 0000# after SR MC SR
00:24:50.258.849 INFO root: 
00:24:50.258.849 INFO root: new trail: 0000010111010000 -> 0000000010111101
00:24:50.291.882 INFO root: #trails 22 
00:24:50.291.882 INFO root: mask pair #25903 / 65025: 0111011101110111 1010000000000000anfI_max <DenseSet hash=62247a808e416d9f n=16 wt=106 | 3:6 4:23 5:59 6:18> anfO_max <DenseSet hash=4d700f45c27717be n=16 wt=76 | 3:9 4:32 5:27 6:8>
00:24:56.437.028 INFO root: solving SAT...
00:25:13.638.229 INFO root: SAT solve time: 17.200664520263672
00:25:13.639.230 INFO root: SAT_times: 7.1 - 166.1, avg 50.9 med 42.9
00:25:13.639.230 INFO root: middle division transition ~1011011100000000 -> 0000000010100111 (~6 -> 5)
00:25:13.640.231 INFO root: mid transition: 1011011100000000 0000000010100111 6 5
00:25:13.640.231 INFO root: full trace:
00:25:13.641.232 INFO root: 1111 0100 1111 1111 1111 1000 1111 1111 1111 1111 1111 1111 1111 1111 1111 1111# initial
00:25:13.641.232 INFO root: 1011 1111 1111 1111 1110 1111 1111 1111 1111 1111 0111 1101 1111 1011 1011 1111# after SR MC SR
00:25:13.642.233 INFO root: 0010 0101 1111 0100 0010 0010 0000 1111 0100 1111 0100 0011 0100 1000 0100 0101# after SSB
00:25:13.642.233 INFO root: 0000 1100 0101 0000 0100 1100 1011 1011 0111 0100 0000 0000 0111 1001 1001 1011# after SR MC SR
00:25:13.643.234 INFO root: 0000 0000 0000 1000 0000 0000 0000 0000 0100 0100 0000 0000 0000 0100 0010 0000# after SSB
00:25:13.644.235 INFO root: 0000 0000 0000 0000 0000 0000 0000 0000 1010 0000 0000 0000 0111 0000 0000 0000# after SR MC SR
00:25:13.644.235 INFO root: 
00:25:13.644.235 INFO root: new trail: 1011011100000000 -> 0000000010100111
00:25:13.734.325 INFO root: #trails 23 
00:25:13.735.326 INFO root: mask pair #33107 / 65025: 0110011101110110 0000101110110001anfI_max <DenseSet hash=cfa6c3dd385c6182 n=16 wt=94 | 3:3 4:10 5:62 6:19> anfO_max <DenseSet hash=ef8638eed3785e01 n=16 wt=93 | 3:7 4:29 5:39 6:18>
00:25:19.984.575 INFO root: solving SAT...
00:26:13.434.025 INFO root: SAT solve time: 53.44902443885803
00:26:13.434.025 INFO root: SAT_times: 7.1 - 166.1, avg 51.0 med 47.0
00:26:13.435.026 INFO root: middle division transition ~0000101110110000 -> 0000100100110000 (~6 -> 4)
00:26:13.435.026 INFO root: mid transition: 0000101110110000 0000100100110000 6 4
00:26:13.435.026 INFO root: full trace:
00:26:13.436.027 INFO root: 1111 1111 1111 1111 1111 0100 1111 1111 1111 0100 1111 1111 1111 1111 1111 1111# initial
00:26:13.436.027 INFO root: 0111 1111 1111 0111 1111 1111 1011 1111 1111 1011 1011 1111 1111 1110 1111 1111# after SR MC SR
00:26:13.437.028 INFO root: 1000 0100 0010 0010 1110 0100 0001 1100 0100 0100 0010 1111 1111 0010 0100 1000# after SSB
00:26:13.437.029 INFO root: 0100 1011 0000 0000 1101 1010 0111 0000 0000 0000 0010 0001 0111 1010 0111 0111# after SR MC SR
00:26:13.438.029 INFO root: 0000 0000 1000 0000 0000 0000 0000 0000 0000 0000 0000 0100 0010 0010 0000 0000# after SSB
00:26:13.439.030 INFO root: 0000 0000 0000 0000 1001 0000 0000 0000 0011 0000 0000 0000 0000 0000 0000 0000# after SR MC SR
00:26:13.439.030 INFO root: 
00:26:13.439.030 INFO root: new trail: 0000101110110000 -> 0000100100110000
00:26:13.528.119 INFO root: #trails 24 
00:26:13.528.119 INFO root: mask pair #41164 / 65025: 0111000000000000 0000101110110000anfI_max <DenseSet hash=8e86f97a32b682a0 n=16 wt=72 | 3:11 4:22 5:23 6:16> anfO_max <DenseSet hash=50b3e29abcb65b85 n=16 wt=94 | 3:5 4:16 5:48 6:25>
00:26:22.770.361 INFO root: solving SAT...
00:27:21.944.535 INFO root: SAT solve time: 59.173301696777344
00:27:21.944.535 INFO root: SAT_times: 7.1 - 166.1, avg 51.3 med 47.0
00:27:21.945.536 INFO root: middle division transition ~1010000000001001 -> 1101000000001101 (~4 -> 6)
00:27:21.945.536 INFO root: mid transition: 1010000000001001 1101000000001101 4 6
00:27:21.945.536 INFO root: full trace:
00:27:21.946.537 INFO root: 1111 0101 1111 1111 1111 1111 1111 1111 1111 1111 1111 1111 1111 0110 1111 1111# initial
00:27:21.946.537 INFO root: 1111 1111 1011 1111 0111 1111 1111 1111 1111 1111 1111 1111 1111 1111 1101 1101# after SR MC SR
00:27:21.946.537 INFO root: 1111 1111 1000 1000 0100 1111 0001 0101 1010 1111 1100 1111 1011 1111 1000 0110# after SSB
00:27:21.947.538 INFO root: 1101 1110 0111 1101 1101 1101 0000 1101 0000 1000 0111 1110 1101 1011 1101 1110# after SR MC SR
00:27:21.947.538 INFO root: 0100 0000 0000 0010 0000 1000 0000 0000 0000 1000 0000 0000 0000 0000 0100 0010# after SSB
00:27:21.947.538 INFO root: 1101 0000 0000 0000 0000 0000 0000 0000 0000 0000 0000 0000 1101 0000 0000 0000# after SR MC SR
00:27:21.948.539 INFO root: 
00:27:21.948.539 INFO root: new trail: 1010000000001001 -> 1101000000001101
00:27:22.091.682 INFO root: 
00:27:22.091.682 INFO root: final SAT_times: 7.1 - 166.1, avg 51.3 med 47.0
00:27:22.091.683 INFO root: SAT_times all [7.126951217651367, 15.534510612487793, 17.200664520263672, 19.64956760406494, 32.186806201934814, 34.36741805076599, 34.85968208312988, 35.3334641456604, 35.354318380355835, 36.42670726776123, 42.08250880241394, 42.902958393096924, 46.957282066345215, 47.760772705078125, 47.87167406082153, 53.44902443885803, 53.86546206474304, 55.50700616836548, 55.666555881500244, 55.79641938209534, 59.173301696777344, 63.69587278366089, 109.60305285453796, 114.45266556739807, 166.11652445793152]
00:27:22.092.683 INFO root: Trails:
00:27:22.092.683 INFO root: trail ~0000101111010000 -> 1101000001110000: 1111111111111111111101001111111111110010111111111111111111111111 1101111111111101111111110111011111111101101111111111111111111111 1111111101000101100010010100010001001111000011111000111111110000 0111010100001101011111011001000010001111110111010011000010011101 1000000010000000000010000000000001000000000000000000100000001000 1101000000000000000000000000000001110000000000000000000000000000
00:27:22.092.683 INFO root: trail ~0000000010011011 -> 0101011100000000: 1111111111111111111111111111111111110110111111111111010011111111 1111111101111111111111011111111111110111111111110111111111111101 1111001001000010011111110011111110000100111101000100000010000100 0111001100000000000001111011111011010000110100001101111111010000 0000100000000000000001000000000000000000100000010100000000000000 0101000000000000011100000000000000000000000000000000000000000000
00:27:22.093.684 INFO root: trail ~0000011100000111 -> 0000000011011101: 1111111111111111111110001111111111111111111111111111100011111111 1101111111011111111110111111111111111111101111111111110111111110 1111100000011111010101000001100010001000100001111000000110001111 1101101100001110111010110101011101001101011100000000000100000000 0000000000100100100000000000000000010001000000000000000100000000 0000000000000000000000000000000011010000000000001101000000000000
00:27:22.093.684 INFO root: trail ~1010101100000000 -> 0000101111010000: 1111010111111111111101001111111111111111111111111111111111111111 1111111111111111110111111111110111111111011111101111110111111111 1010010010000001010010000010111111110100011000100100111111110111 1100000011111000000111111011000001100111011110110000110100000111 0000001010000000000000000100000010000000000000100000100000000000 0000000000000000101100000000000011010000000000000000000000000000
00:27:22.094.685 INFO root: trail ~0000011101110000 -> 0000000001111001: 1111111111111111111110001111111111111000111111111111111111111111 1101111111111111111111111011011111111101111111110111101111111111 0010000000100010101010000010100011111111010010000000010011111111 1000001111111011000010000111101100011010110100000111000000000010 0000000010000000000000000000010001000100000000000000000001000000 0000000000000000000000000000000001110000000000001001000000000000
00:27:22.094.685 INFO root: trail ~0000000001110111 -> 0000110100001011: 1111111111111111111111111111111111111000111111111111100011111111 1111111111110111111110111011111101111101111111111111111111111011 0100111100101111001001001111001011110000101000101001100000100000 0100001011010000111101001101000100000000100110111101000011100111 0000000000000000010000000001000000001000000000101000000001000000 0000000000000000110100000000000000000000000000001011000000000000
00:27:22.095.686 INFO root: trail ~0111110100000000 -> 0000011101110000: 1111100011111111111100101111111111111111111111111111111111111111 1111111111111111011111111111110111111111011110111111110101111111 0010010000010000111110100100111110001000001010101000111100011000 0101011000000111101111110000111011111101000000000000000000001100 0000001000000000000000000000010010000000000010000010001000000000 0000000000000000011100000000000001110000000000000000000000000000
00:27:22.095.686 INFO root: trail ~1011000000000111 -> 0000000001111101: 1111010011111111111111111111111111111111111111111111100011111111 1111101110111111110111111111111101111111111111011111111111110111 1110111110000000000001011001010011110010111111111011010001100100 1011111000100000110101100000011101000111101011110000101010111011 0000000000001000000000000000010000100010000000000000001000100000 0000000000000000000000000000000001110000000000001101000000000000
00:27:22.095.686 INFO root: trail ~0000100100000111 -> 0000110100001101: 1111111111111111111101101111111111111111111111111111100011111111 0111111111111111111110111111111101111111101111111111111111111101 0000010001010010111100100010111100010100100010001111111111110101 0000101111011110010011010011001010110011001110111101000100001001 0000001000000100001000000100000000000001000001000000000000000000 0000000000000000110100000000000000000000000000001101000000000000
00:27:22.096.687 INFO root: trail ~1001000000001011 -> 0000011111010000: 1111011011111111111111111111111111111111111111111111010011111111 1111011111111111111110111111111111011111111111111111111110111101 0010001101001011011011011010001010000000100011111111111111110101 1110101001111101111000000000000010011101110111111101000110110011 0000000000000000000000000100100000100000000010000010001000000000 0000000000000000011100000000000011010000000000000000000000000000
00:27:22.097.688 INFO root: trail ~0111101100000000 -> 0111000001110000: 1111100011111111111101001111111111111111111111111111111111111111 0111111111111111011111111111101111111111111111101111111010111111 0000100011111011111101001110001010111111111010001000111110001010 0000000011011101011110111110000011010111011100000111011111011110 0001000010000000000000100000100000010000100000000000000000000000 0111000000000000000000000000000001110000000000000000000000000000
00:27:22.097.688 INFO root: trail ~0000110100001011 -> 1101000000000111: 1111111111111111111100101111111111111111111111111111010011111111 1101111111111111111110111111111111101111101111111111011111111011 1111001001001111010011111000010000001000111111011111000010001000 0111011001011101011100000000011100001000110110111101111100100000 0100000000000000000001000000000000001000000000000000000001100100 1101000000000000000000000000000000000000000000000111000000000000
00:27:22.098.689 INFO root: trail ~0000001111010000 -> 0000011000001101: 1111111111111111111111001111111111110010111111111111111111111111 1101111111111110111111111101110111110111111111111111111111111111 0010100000101011100100101110101001001000110100101111111111111000 0000111001100101110101110111110111011110000001101001101101000000 0000010000000000001000000000000000000010000000100000000010000000 0000000000000000011000000000000000000000000000001101000000000000
00:27:22.098.689 INFO root: trail ~0000011110010000 -> 0000110100000110: 1111111111111111111110001111111111110110111111111111111111111111 0111111111111011111111111111011111110111011111111111111111111111 1111010010010001111100100010100000010100001101000100111111111000 1110001110111101011000001011001101111000001000001011100100000110 0000001000000010100000000100000000000000000000000010000000000000 0000000000000000110100000000000000000000000000000110000000000000
00:27:22.099.690 INFO root: trail ~0000000011011100 -> 1011011100000000: 1111111111111111111111111111111111110010111111111111001111111111 1111111111111011111111110111111101110111111111111111111111111110 1111100001100001101111101111111011001111010001010100110001110111 1101101011011101101111010110011101110111011010111110111000000000 0010001000000000000000010010000000000000000000000001000000001000 1011000000000000011100000000000000000000000000000000000000000000
00:27:22.099.690 INFO root: trail ~0101000010110000 -> 0110101100000000: 1111101011111111111111111111111111110100111111111111111111111111 1111111111111111111111111110111111110111111110110111111111101111 0110111100110101111110001000111101000011010000100101100010001100 0000111010010111000010111101101100001101000011100000111010100111 0000001000000000000000101000000000000000000010000000000000000010 0110000000000000101100000000000000000000000000000000000000000000
00:27:22.100.691 INFO root: trail ~1011000000001011 -> 0111000001110000: 1111010011111111111111111111111111111111111111111111010011111111 1111101111011111111111111111111111011111111111011111111110110111 0100110000001000001011110100010011111111010011111000000111110000 0111111000001111000001110111000000001100000000110001111001111011 0000000000000000000001000000001001000000000100000000010000001000 0111000000000000000000000000000001110000000000000000000000000000
00:27:22.100.691 INFO root: trail ~0000000010111011 -> 0000011101100000: 1111111111111111111111111111111111110100111111111111010011111111 1111111111011011111110111101111111011110111111111111111111111111 1010000101010110111100101111111101000110010001001000100000001000 0000000011110000110000001011100110111001000010110111111010010001 0000100000100000000000001000000000100000000010000000000000000000 0000000000000000011100000000000001100000000000000000000000000000
00:27:22.100.691 INFO root: trail ~0000110110100000 -> 0111100100000000: 1111111111111111111100101111111111110101111111111111111111111111 1011111111111111111111111110110111111111111111111011101111111111 0100111111110010010000111111111101000100100001000010001011000100 0000011111110000100111011101101001110000000010110110011111000000 1000000000000000000000100010000000000000100000010000000000000000 0111000000000000100100000000000000000000000000000000000000000000
00:27:22.101.692 INFO root: trail ~0000101100000111 -> 0000101101110000: 1111111111111111111101001111111111111111111111111111100011111111 1011111101111111111101111111110111111111011111111111111111111011 0001001000000010111101001000000011111111111100100010100000111111 0111010010110110000000000111111100001011101100000111000011101100 0000000001000000000000000010001000000000000001000001100000000000 0000000000000000101100000000000001110000000000000000000000000000
00:27:22.101.692 INFO root: trail ~0111011100000000 -> 1101110100000000: 1111100011111111111110001111111111111111111111111111111111111111 0111101111111111011111111111011111111111011111111111111110111111 0000001100101111011010011111101110001111000010001111100001100011 0000111100000111011111000111000110101101101111101101000000010101 0010001000000000000001000100000000000000000010000000000000001000 1101000000000000110100000000000000000000000000000000000000000000
00:27:22.102.693 INFO root: trail ~0000010111010000 -> 0000000010111101: 1111111111111111111110101111111111110010111111111111111111111111 1011111111111011111111111111111111110111101111110111111111111111 0100100011111111000010000010010011111111011011101110001010001111 1010111011101011000011010000101111011011000011100111011110010100 0000000001000100001000000000010000000001000000000000010000000000 0000000000000000000000000000000010110000000000001101000000000000
00:27:22.102.693 INFO root: trail ~1011011100000000 -> 0000000010100111: 1111010011111111111110001111111111111111111111111111111111111111 1011111111111111111011111111111111111111011111011111101110111111 0010010111110100001000100000111101001111010000110100100001000101 0000110001010000010011001011101101110100000000000111100110011011 0000000000001000000000000000000001000100000000000000010000100000 0000000000000000000000000000000010100000000000000111000000000000
00:27:22.103.694 INFO root: trail ~0000101110110000 -> 0000100100110000: 1111111111111111111101001111111111110100111111111111111111111111 0111111111110111111111111011111111111011101111111111111011111111 1000010000100010111001000001110001000100001011111111001001001000 0100101100000000110110100111000000000000001000010111101001110111 0000000010000000000000000000000000000000000001000010001000000000 0000000000000000100100000000000000110000000000000000000000000000
00:27:22.103.694 INFO root: trail ~1010000000001001 -> 1101000000001101: 1111010111111111111111111111111111111111111111111111011011111111 1111111110111111011111111111111111111111111111111111111111011101 1111111110001000010011110001010110101111110011111011111110000110 1101111001111101110111010000110100001000011111101101101111011110 0100000000000010000010000000000000001000000000000000000001000010 1101000000000000000000000000000000000000000000001101000000000000
00:27:22.103.694 INFO root: 
00:27:22.104.695 INFO root: Greedy:
00:27:22.120.711 INFO root: greedy iter, tocover 65025
00:27:31.015.606 INFO root: trail (Bin(0b0000011110010000, n=16), Bin(0b0000110100000110, n=16)) cnt 43008
00:27:31.107.698 INFO root: -----
00:27:31.108.699 INFO root: greedy iter, tocover 22017
00:27:31.853.444 INFO root: trail (Bin(0b0000000010011011, n=16), Bin(0b0101011100000000, n=16)) cnt 14208
00:27:31.883.474 INFO root: -----
00:27:31.883.474 INFO root: greedy iter, tocover 7809
00:27:32.168.759 INFO root: trail (Bin(0b0101000010110000, n=16), Bin(0b0110101100000000, n=16)) cnt 4080
00:27:32.180.771 INFO root: -----
00:27:32.180.771 INFO root: greedy iter, tocover 3729
00:27:32.315.906 INFO root: trail (Bin(0b1010000000001001, n=16), Bin(0b1101000000001101, n=16)) cnt 1980
00:27:32.322.913 INFO root: -----
00:27:32.322.913 INFO root: greedy iter, tocover 1749
00:27:32.388.979 INFO root: trail (Bin(0b0000101110110000, n=16), Bin(0b0000100100110000, n=16)) cnt 909
00:27:32.391.982 INFO root: -----
00:27:32.391.982 INFO root: greedy iter, tocover 840
00:27:32.425.016 INFO root: trail (Bin(0b1001000000001011, n=16), Bin(0b0000011111010000, n=16)) cnt 424
00:27:32.427.018 INFO root: -----
00:27:32.427.018 INFO root: greedy iter, tocover 416
00:27:32.444.035 INFO root: trail (Bin(0b0000100100000111, n=16), Bin(0b0000110100001101, n=16)) cnt 216
00:27:32.446.037 INFO root: -----
00:27:32.446.037 INFO root: greedy iter, tocover 200
00:27:32.456.047 INFO root: trail (Bin(0b0000110110100000, n=16), Bin(0b0111100100000000, n=16)) cnt 73
00:27:32.457.048 INFO root: -----
00:27:32.457.048 INFO root: greedy iter, tocover 127
00:27:32.462.053 INFO root: trail (Bin(0b0000010111010000, n=16), Bin(0b0000000010111101, n=16)) cnt 50
00:27:32.462.053 INFO root: -----
00:27:32.462.054 INFO root: greedy iter, tocover 77
00:27:32.466.057 INFO root: trail (Bin(0b1011011100000000, n=16), Bin(0b0000000010100111, n=16)) cnt 31
00:27:32.466.057 INFO root: -----
00:27:32.466.057 INFO root: greedy iter, tocover 46
00:27:32.469.060 INFO root: trail (Bin(0b0000110100001011, n=16), Bin(0b1101000000000111, n=16)) cnt 14
00:27:32.469.060 INFO root: -----
00:27:32.469.060 INFO root: greedy iter, tocover 32
00:27:32.471.062 INFO root: trail (Bin(0b0111110100000000, n=16), Bin(0b0000011101110000, n=16)) cnt 10
00:27:32.471.062 INFO root: -----
00:27:32.471.062 INFO root: greedy iter, tocover 22
00:27:32.472.063 INFO root: trail (Bin(0b0111101100000000, n=16), Bin(0b0111000001110000, n=16)) cnt 8
00:27:32.473.064 INFO root: -----
00:27:32.473.064 INFO root: greedy iter, tocover 14
00:27:32.473.064 INFO root: trail (Bin(0b1011000000000111, n=16), Bin(0b0000000001111101, n=16)) cnt 5
00:27:32.474.065 INFO root: -----
00:27:32.474.065 INFO root: greedy iter, tocover 9
00:27:32.474.065 INFO root: trail (Bin(0b0000101100000111, n=16), Bin(0b0000101101110000, n=16)) cnt 3
00:27:32.475.066 INFO root: -----
00:27:32.475.066 INFO root: greedy iter, tocover 6
00:27:32.475.066 INFO root: trail (Bin(0b0000000011011100, n=16), Bin(0b1011011100000000, n=16)) cnt 2
00:27:32.475.066 INFO root: -----
00:27:32.475.066 INFO root: greedy iter, tocover 4
00:27:32.476.067 INFO root: trail (Bin(0b0000000010111011, n=16), Bin(0b0000011101100000, n=16)) cnt 1
00:27:32.476.067 INFO root: -----
00:27:32.476.067 INFO root: greedy iter, tocover 3
00:27:32.476.067 INFO root: trail (Bin(0b1011000000001011, n=16), Bin(0b0111000001110000, n=16)) cnt 1
00:27:32.477.068 INFO root: -----
00:27:32.477.068 INFO root: greedy iter, tocover 2
00:27:32.477.068 INFO root: trail (Bin(0b0000011101110000, n=16), Bin(0b0000000001111001, n=16)) cnt 1
00:27:32.477.068 INFO root: -----
00:27:32.477.068 INFO root: greedy iter, tocover 1
00:27:32.478.069 INFO root: trail (Bin(0b0000011100000111, n=16), Bin(0b0000000011011101, n=16)) cnt 1
00:27:32.478.069 INFO root: -----
00:27:32.478.069 INFO root: chosen trails: 20
00:27:32.479.070 INFO root: trail ~0000011110010000 -> 0000110100000110: 1111111111111111111110001111111111110110111111111111111111111111 0111111111111011111111111111011111110111011111111111111111111111 1111010010010001111100100010100000010100001101000100111111111000 1110001110111101011000001011001101111000001000001011100100000110 0000001000000010100000000100000000000000000000000010000000000000 0000000000000000110100000000000000000000000000000110000000000000
00:27:32.479.070 INFO root: trail ~0000000010011011 -> 0101011100000000: 1111111111111111111111111111111111110110111111111111010011111111 1111111101111111111111011111111111110111111111110111111111111101 1111001001000010011111110011111110000100111101000100000010000100 0111001100000000000001111011111011010000110100001101111111010000 0000100000000000000001000000000000000000100000010100000000000000 0101000000000000011100000000000000000000000000000000000000000000
00:27:32.480.071 INFO root: trail ~0101000010110000 -> 0110101100000000: 1111101011111111111111111111111111110100111111111111111111111111 1111111111111111111111111110111111110111111110110111111111101111 0110111100110101111110001000111101000011010000100101100010001100 0000111010010111000010111101101100001101000011100000111010100111 0000001000000000000000101000000000000000000010000000000000000010 0110000000000000101100000000000000000000000000000000000000000000
00:27:32.481.072 INFO root: trail ~1010000000001001 -> 1101000000001101: 1111010111111111111111111111111111111111111111111111011011111111 1111111110111111011111111111111111111111111111111111111111011101 1111111110001000010011110001010110101111110011111011111110000110 1101111001111101110111010000110100001000011111101101101111011110 0100000000000010000010000000000000001000000000000000000001000010 1101000000000000000000000000000000000000000000001101000000000000
00:27:32.482.073 INFO root: trail ~0000101110110000 -> 0000100100110000: 1111111111111111111101001111111111110100111111111111111111111111 0111111111110111111111111011111111111011101111111111111011111111 1000010000100010111001000001110001000100001011111111001001001000 0100101100000000110110100111000000000000001000010111101001110111 0000000010000000000000000000000000000000000001000010001000000000 0000000000000000100100000000000000110000000000000000000000000000
00:27:32.482.073 INFO root: trail ~1001000000001011 -> 0000011111010000: 1111011011111111111111111111111111111111111111111111010011111111 1111011111111111111110111111111111011111111111111111111110111101 0010001101001011011011011010001010000000100011111111111111110101 1110101001111101111000000000000010011101110111111101000110110011 0000000000000000000000000100100000100000000010000010001000000000 0000000000000000011100000000000011010000000000000000000000000000
00:27:32.483.074 INFO root: trail ~0000100100000111 -> 0000110100001101: 1111111111111111111101101111111111111111111111111111100011111111 0111111111111111111110111111111101111111101111111111111111111101 0000010001010010111100100010111100010100100010001111111111110101 0000101111011110010011010011001010110011001110111101000100001001 0000001000000100001000000100000000000001000001000000000000000000 0000000000000000110100000000000000000000000000001101000000000000
00:27:32.484.075 INFO root: trail ~0000110110100000 -> 0111100100000000: 1111111111111111111100101111111111110101111111111111111111111111 1011111111111111111111111110110111111111111111111011101111111111 0100111111110010010000111111111101000100100001000010001011000100 0000011111110000100111011101101001110000000010110110011111000000 1000000000000000000000100010000000000000100000010000000000000000 0111000000000000100100000000000000000000000000000000000000000000
00:27:32.484.075 INFO root: trail ~0000010111010000 -> 0000000010111101: 1111111111111111111110101111111111110010111111111111111111111111 1011111111111011111111111111111111110111101111110111111111111111 0100100011111111000010000010010011111111011011101110001010001111 1010111011101011000011010000101111011011000011100111011110010100 0000000001000100001000000000010000000001000000000000010000000000 0000000000000000000000000000000010110000000000001101000000000000
00:27:32.485.076 INFO root: trail ~1011011100000000 -> 0000000010100111: 1111010011111111111110001111111111111111111111111111111111111111 1011111111111111111011111111111111111111011111011111101110111111 0010010111110100001000100000111101001111010000110100100001000101 0000110001010000010011001011101101110100000000000111100110011011 0000000000001000000000000000000001000100000000000000010000100000 0000000000000000000000000000000010100000000000000111000000000000
00:27:32.486.077 INFO root: trail ~0000110100001011 -> 1101000000000111: 1111111111111111111100101111111111111111111111111111010011111111 1101111111111111111110111111111111101111101111111111011111111011 1111001001001111010011111000010000001000111111011111000010001000 0111011001011101011100000000011100001000110110111101111100100000 0100000000000000000001000000000000001000000000000000000001100100 1101000000000000000000000000000000000000000000000111000000000000
00:27:32.487.078 INFO root: trail ~0111110100000000 -> 0000011101110000: 1111100011111111111100101111111111111111111111111111111111111111 1111111111111111011111111111110111111111011110111111110101111111 0010010000010000111110100100111110001000001010101000111100011000 0101011000000111101111110000111011111101000000000000000000001100 0000001000000000000000000000010010000000000010000010001000000000 0000000000000000011100000000000001110000000000000000000000000000
00:27:32.487.078 INFO root: trail ~0111101100000000 -> 0111000001110000: 1111100011111111111101001111111111111111111111111111111111111111 0111111111111111011111111111101111111111111111101111111010111111 0000100011111011111101001110001010111111111010001000111110001010 0000000011011101011110111110000011010111011100000111011111011110 0001000010000000000000100000100000010000100000000000000000000000 0111000000000000000000000000000001110000000000000000000000000000
00:27:32.488.079 INFO root: trail ~1011000000000111 -> 0000000001111101: 1111010011111111111111111111111111111111111111111111100011111111 1111101110111111110111111111111101111111111111011111111111110111 1110111110000000000001011001010011110010111111111011010001100100 1011111000100000110101100000011101000111101011110000101010111011 0000000000001000000000000000010000100010000000000000001000100000 0000000000000000000000000000000001110000000000001101000000000000
00:27:32.489.080 INFO root: trail ~0000101100000111 -> 0000101101110000: 1111111111111111111101001111111111111111111111111111100011111111 1011111101111111111101111111110111111111011111111111111111111011 0001001000000010111101001000000011111111111100100010100000111111 0111010010110110000000000111111100001011101100000111000011101100 0000000001000000000000000010001000000000000001000001100000000000 0000000000000000101100000000000001110000000000000000000000000000
00:27:32.490.081 INFO root: trail ~0000000011011100 -> 1011011100000000: 1111111111111111111111111111111111110010111111111111001111111111 1111111111111011111111110111111101110111111111111111111111111110 1111100001100001101111101111111011001111010001010100110001110111 1101101011011101101111010110011101110111011010111110111000000000 0010001000000000000000010010000000000000000000000001000000001000 1011000000000000011100000000000000000000000000000000000000000000
00:27:32.491.082 INFO root: trail ~0000000010111011 -> 0000011101100000: 1111111111111111111111111111111111110100111111111111010011111111 1111111111011011111110111101111111011110111111111111111111111111 1010000101010110111100101111111101000110010001001000100000001000 0000000011110000110000001011100110111001000010110111111010010001 0000100000100000000000001000000000100000000010000000000000000000 0000000000000000011100000000000001100000000000000000000000000000
00:27:32.492.083 INFO root: trail ~1011000000001011 -> 0111000001110000: 1111010011111111111111111111111111111111111111111111010011111111 1111101111011111111111111111111111011111111111011111111110110111 0100110000001000001011110100010011111111010011111000000111110000 0111111000001111000001110111000000001100000000110001111001111011 0000000000000000000001000000001001000000000100000000010000001000 0111000000000000000000000000000001110000000000000000000000000000
00:27:32.494.085 INFO root: trail ~0000011101110000 -> 0000000001111001: 1111111111111111111110001111111111111000111111111111111111111111 1101111111111111111111111011011111111101111111110111101111111111 0010000000100010101010000010100011111111010010000000010011111111 1000001111111011000010000111101100011010110100000111000000000010 0000000010000000000000000000010001000100000000000000000001000000 0000000000000000000000000000000001110000000000001001000000000000
00:27:32.495.086 INFO root: trail ~0000011100000111 -> 0000000011011101: 1111111111111111111110001111111111111111111111111111100011111111 1101111111011111111110111111111111111111101111111111110111111110 1111100000011111010101000001100010001000100001111000000110001111 1101101100001110111010110101011101001101011100000000000100000000 0000000000100100100000000000000000010001000000000000000100000000 0000000000000000000000000000000011010000000000001101000000000000
00:27:32.496.087 INFO root: end
