00:00:03.485.435 INFO root: starting at 2021-09-13.18:30:57
00:00:03.485.436 INFO root: I = 0 J = 3:
00:00:03.486.436 INFO root: ~0000011100000011 -> 0000110101100000:
00:00:03.486.437 INFO root:    1111111111111111100011111111111111111111111111111100111111111111
00:00:03.487.437 INFO root:    1111111111111111111111110111111111110111111111101011111101111111
00:00:03.487.437 INFO root:    1001100001001000111110000100111101001000111111111110111100000100
00:00:03.487.438 INFO root:    1001110100111101011101100000000010110000011100001110101111011110
00:00:03.488.438 INFO root:    0100000000000000000000100010000000000000000000001000000000000100
00:00:03.488.438 INFO root:    0000000000000000000000000000110100000000000001100000000000000000
00:00:04.839.789 INFO root: load .cache/SboxDivision.full_dppt.self_sbox0F7EC76E48F1C66A.args_068BA53CAF4BB89BC84341E5E0A9E860E078799A9E9F3CD8F2B19C3FC4CEC936 succeeded
00:00:08.161.111 INFO root: load .cache/SboxDivision.full_dppt.self_sbox97CD3E51D99FE8E5.args_068BA53CAF4BB89BC84341E5E0A9E860E078799A9E9F3CD8F2B19C3FC4CEC936 succeeded
00:00:10.712.662 INFO root: load .cache/SboxDivision.full_dppt.self_sboxFA83BF4B256071FB.args_068BA53CAF4BB89BC84341E5E0A9E860E078799A9E9F3CD8F2B19C3FC4CEC936 succeeded
00:00:16.506.456 INFO root: load .cache/SboxDivision.full_dppt.self_sboxB5083D73B8917F33.args_068BA53CAF4BB89BC84341E5E0A9E860E078799A9E9F3CD8F2B19C3FC4CEC936 succeeded
00:00:21.208.159 INFO root: verify ok! 8 SuperSboxes 12 MixColumns
00:00:21.209.160 INFO root: ~1100000000001011 -> 1011000001100000:
00:00:21.210.160 INFO root:    0011111111111111111111111111111111111111111111110100111111111111
00:00:21.210.160 INFO root:    1111111111111111110111111111111011111111111110111111110111101111
00:00:21.210.161 INFO root:    0011001001000100100010000100010011111001111100011011111111110111
00:00:21.211.161 INFO root:    1000011110010000000001111101110101110111101111011001111000001010
00:00:21.211.161 INFO root:    0000100000000100000000000000000000000001000000001000000001000000
00:00:21.211.161 INFO root:    0000000000001011000000000000000000000000000001100000000000000000
00:00:36.769.719 INFO root: verify ok! 8 SuperSboxes 12 MixColumns
00:00:36.770.720 INFO root: ~0111000000000010 -> 0000000011011011:
00:00:36.771.721 INFO root:    1000111111111111111111111111111111111111111111111101111111111111
00:00:36.771.721 INFO root:    1111111111111111101111111111111011111111101111111111101111111111
00:00:36.771.722 INFO root:    1000010010101111111101000100110010101100111110101000111101001111
00:00:36.772.722 INFO root:    1101000000001101000011011001100111111011110010111011011101101011
00:00:36.772.722 INFO root:    0000000000000000000000001000010010000000000000101000100000000000
00:00:36.772.723 INFO root:    0000000000000000000000000000000000000000000011010000000000001011
00:00:52.161.111 INFO root: verify ok! 8 SuperSboxes 12 MixColumns
00:00:52.162.113 INFO root: ~0000101110110000 -> 1100011100000000:
00:00:52.163.113 INFO root:    1111111111111111010011111111111101001111111111111111111111111111
00:00:52.164.114 INFO root:    1111111110111111111111011101111111110111111111111101111111111110
00:00:52.165.115 INFO root:    0100010011111111100000100100111111111111011010010010000000000100
00:00:52.165.116 INFO root:    0110000011011101000010010011000001110101000011011001110100111111
00:00:52.166.116 INFO root:    0100000000001000000000000000000000000100010000000000000000000010
00:00:52.167.117 INFO root:    0000000000001100000000000000011100000000000000000000000000000000
00:01:09.988.938 INFO root: verify ok! 8 SuperSboxes 12 MixColumns
00:01:09.989.939 INFO root: ~1011000010110000 -> 0000001110110000:
00:01:09.989.940 INFO root:    0100111111111111111111111111111101001111111111111111111111111111
00:01:09.990.940 INFO root:    1111111111111111111110111111110101111111101111111111011111110111
00:01:09.990.941 INFO root:    1000111101000000001000100110111111110000010001001000001011111001
00:01:09.991.941 INFO root:    0110110100000000011010110000011111101100000011011110000000001111
00:01:09.992.942 INFO root:    0010010000000000000000000000000000000000000000100100000000001000
00:01:09.992.942 INFO root:    0000000000000000000000000000001100000000000010110000000000000000
00:01:28.292.242 INFO root: verify ok! 8 SuperSboxes 12 MixColumns
00:01:28.293.244 INFO root: ~0000000010101011 -> 0000000001111011:
00:01:28.294.244 INFO root:    1111111111111111111111111111111101011111111111110100111111111111
00:01:28.294.245 INFO root:    1111011101111111111111111111111111101111111111011111111111011111
00:01:28.295.245 INFO root:    0010001000001000111111011111111111111111001000111001001010011000
00:01:28.295.245 INFO root:    0111110101011110111000101110011110111101000011100011000000001011
00:01:28.296.246 INFO root:    0000000000000000000000001000100000100000000001000100001000000000
00:01:28.296.246 INFO root:    0000000000000000000000000000000000000000000001110000000000001011
00:01:43.276.226 INFO root: verify ok! 8 SuperSboxes 12 MixColumns
00:01:43.278.229 INFO root: ~0000000010110111 -> 1010000000001101:
00:01:43.280.230 INFO root:    1111111111111111111111111111111101001111111111111000111111111111
00:01:43.281.232 INFO root:    1111101110111111011111011111111111111111111110111111111111110111
00:01:43.282.232 INFO root:    0011111100101000010001001111000011110000101101000011010010001111
00:01:43.282.233 INFO root:    0011011101000111001111010000011001010000111110110000100111010000
00:01:43.283.233 INFO root:    0000000001000000100000000000001000000000000000000000001010000000
00:01:43.283.234 INFO root:    0000000000001010000000000000000000000000000000000000000000001101
00:01:56.466.417 INFO root: verify ok! 8 SuperSboxes 12 MixColumns
00:01:56.467.417 INFO root: ~0000110100000011 -> 0111011100000000:
00:01:56.467.418 INFO root:    1111111111111111001011111111111111111111111111111100111111111111
00:01:56.468.418 INFO root:    1111111111111111111111111101111111110111111111010111111101111111
00:01:56.468.418 INFO root:    1100100001000100100011110000110011111000001011110100001011111001
00:01:56.468.418 INFO root:    1110000011011100000011000000110110111001110100111110000011110000
00:01:56.468.419 INFO root:    1000000000000100001010000000000000000000010000000000000000100000
00:01:56.469.419 INFO root:    0000000000000111000000000000011100000000000000000000000000000000
00:02:07.315.265 INFO root: verify ok! 8 SuperSboxes 12 MixColumns
00:02:07.316.266 INFO root: ~0000011010110000 -> 0111000000001011:
00:02:07.316.267 INFO root:    1111111111111111100111111111111101001111111111111111111111111111
00:02:07.317.267 INFO root:    1111111110111011111111011111111111111111111111111011111111110111
00:02:07.317.268 INFO root:    0100001001110000010001001010010011111111111111111000001101000010
00:02:07.318.268 INFO root:    1101000001110100011100110001001111000010000001110111100110011110
00:02:07.318.268 INFO root:    0000000000001000000100000000000100100000000000000000001010000000
00:02:07.318.269 INFO root:    0000000000000111000000000000000000000000000000000000000000001011
00:02:22.990.940 INFO root: verify ok! 8 SuperSboxes 12 MixColumns
00:02:22.998.948 INFO root: ~0000110000000111 -> 0000011100000111:
00:02:22.998.949 INFO root:    1111111111111111001111111111111111111111111111111000111111111111
00:02:22.999.949 INFO root:    1111111111111111101111111110111111110111111111011111111111101111
00:02:22.999.950 INFO root:    0100100000101111110101000111001011111001100010010010111111001111
00:02:23.000.950 INFO root:    0000011100001001011111010111101111110111111100000111000001000111
00:02:23.000.950 INFO root:    1000000000100000000010000000100001000000100000000000000000000000
00:02:23.000.951 INFO root:    0000000000000000000000000000011100000000000000000000000000000111
00:02:38.084.035 INFO root: verify ok! 8 SuperSboxes 12 MixColumns
00:02:38.085.036 INFO root: ~0000000001111011 -> 1011011100000000:
00:02:38.086.036 INFO root:    1111111111111111111111111111111110001111111111110100111111111111
00:02:38.086.037 INFO root:    1111111111011111111010111111111111111111111111111111111100110111
00:02:38.087.037 INFO root:    0011001000011101111111110010110011111010010011100100100011101111
00:02:38.087.037 INFO root:    1101000000001011110110110111011101010111101000001011110101110111
00:02:38.087.038 INFO root:    0010000000000000000100000000000000000101100000000000000000000010
00:02:38.088.038 INFO root:    0000000000001011000000000000011100000000000000000000000000000000
00:02:53.054.004 INFO root: verify ok! 8 SuperSboxes 12 MixColumns
00:02:53.055.005 INFO root: ~0000101100000111 -> 0000101100000111:
00:02:53.055.006 INFO root:    1111111111111111010011111111111111111111111111111000111111111111
00:02:53.056.006 INFO root:    1111011111110111111111111011111111111111111101111110111110111111
00:02:53.056.006 INFO root:    1111111100101111010101101100100010000100110110111111010001000000
00:02:53.056.007 INFO root:    0000101100001011110100001000011111111100101101111010101111110000
00:02:53.057.007 INFO root:    1000000000100000000000000000000001000000010000000000100000001000
00:02:53.057.007 INFO root:    0000000000000000000000000000101100000000000000000000000000000111
00:03:08.004.954 INFO root: verify ok! 8 SuperSboxes 12 MixColumns
00:03:08.005.955 INFO root: ~1101101100000000 -> 1101100100000000:
00:03:08.005.956 INFO root:    0010111111111111010011111111111111111111111111111111111111111111
00:03:08.006.956 INFO root:    0111111111110111111111110111111111110111101111111111011111111111
00:03:08.006.956 INFO root:    1100001110011000100000101000111101000010100010101111010010110010
00:03:08.006.957 INFO root:    0000111100000000011111010011101010111100111010010011000000001010
00:03:08.007.957 INFO root:    0000000000001000100000100000000000001000010000000000000000000000
00:03:08.007.957 INFO root:    0000000000001101000000000000100100000000000000000000000000000000
00:03:22.921.871 INFO root: verify ok! 8 SuperSboxes 12 MixColumns
00:03:22.922.872 INFO root: ~0000011011010000 -> 0111000010110000:
00:03:22.922.873 INFO root:    1111111111111111100111111111111100101111111111111111111111111111
00:03:22.923.873 INFO root:    1111111111110111111101111011111101111111111111111111111111111110
00:03:22.923.874 INFO root:    1111001001010010001011110100010001000010100010011000010111110001
00:03:22.924.874 INFO root:    0000110011010101000010111010101100000000110111011101111100000000
00:03:22.924.875 INFO root:    0000001100000000000100000000000000000010000000100000000010000000
00:03:22.925.875 INFO root:    0000000000000111000000000000000000000000000010110000000000000000
00:03:37.717.668 INFO root: verify ok! 8 SuperSboxes 12 MixColumns
00:03:37.719.669 INFO root: ~1101101000000000 -> 1101000001110000:
00:03:37.719.670 INFO root:    0010111111111111010111111111111111111111111111111111111111111111
00:03:37.720.670 INFO root:    1111111111111111111111111111110111111101111011111101101111111111
00:03:37.720.670 INFO root:    1111100011110011001101111111010001000000111111110100111100011000
00:03:37.720.671 INFO root:    1101111100000111101111011001011111110000101100000000110111010111
00:03:37.721.671 INFO root:    0000001000000100010000001000000000000100000000000100000000000000
00:03:37.721.671 INFO root:    0000000000001101000000000000000000000000000001110000000000000000
00:03:52.628.578 INFO root: verify ok! 8 SuperSboxes 12 MixColumns
00:03:52.629.579 INFO root: ~0111000010110000 -> 0111000001110000:
00:03:52.630.580 INFO root:    1000111111111111111111111111111101001111111111111111111111111111
00:03:52.630.580 INFO root:    1111111110111111111101111111101110111111011111111111101111111111
00:03:52.630.581 INFO root:    0110000100001000010010011111111111110100001011010100010010000010
00:03:52.631.581 INFO root:    0000101110000000110110110000110001110000100111011111001100001100
00:03:52.631.582 INFO root:    0000000000000000010000000000000000001000000000100101000000010000
00:03:52.632.582 INFO root:    0000000000000111000000000000000000000000000001110000000000000000
00:04:07.604.554 INFO root: verify ok! 8 SuperSboxes 12 MixColumns
00:04:07.605.556 INFO root: ~0000110110110000 -> 1011000000001011:
00:04:07.606.556 INFO root:    1111111111111111001011111111111101001111111111111111111111111111
00:04:07.606.557 INFO root:    1111111111111111111101111101111101110111111111110111111111111011
00:04:07.607.557 INFO root:    1111100011111000100011000010010100000100010011110010011000100100
00:04:07.607.557 INFO root:    1101000011110000011100100000101001001000011110011110000001101100
00:04:07.608.558 INFO root:    0000000010000010001000000000000001000000000000000000000110000000
00:04:07.608.558 INFO root:    0000000000001011000000000000000000000000000000000000000000001011
00:04:22.800.750 INFO root: verify ok! 8 SuperSboxes 12 MixColumns
00:04:22.801.751 INFO root: ~1011000000000111 -> 0111000011010000:
00:04:22.802.752 INFO root:    0100111111111111111111111111111111111111111111111000111111111111
00:04:22.802.752 INFO root:    1111110111111111101111111111011011111111111001111111111111111111
00:04:22.802.753 INFO root:    0010100111000000001011111111001011111000010000100100110011111111
00:04:22.803.753 INFO root:    1011011111010000011011010000011100000111111101111011000000001101
00:04:22.803.753 INFO root:    0000000000000000001000000001000000001000000010010000000000100000
00:04:22.803.754 INFO root:    0000000000000111000000000000000000000000000011010000000000000000
00:04:38.162.113 INFO root: verify ok! 8 SuperSboxes 12 MixColumns
00:04:38.163.113 INFO root: ~0110000000001011 -> 0000101110110000:
00:04:38.163.114 INFO root:    1001111111111111111111111111111111111111111111110100111111111111
00:04:38.164.114 INFO root:    1111110111111111110111111111110011111111111111111111111101111111
00:04:38.164.115 INFO root:    0100110111011100010011111000011111111111111101001000000101001111
00:04:38.164.115 INFO root:    1011000001110101101110110000011111100111110100000111111101111100
00:04:38.165.115 INFO root:    0100100000000000000001001000000000000000000000000010000000001000
00:04:38.165.115 INFO root:    0000000000000000000000000000101100000000000010110000000000000000
00:04:49.081.031 INFO root: verify ok! 8 SuperSboxes 12 MixColumns
00:04:49.082.032 INFO root: ~1101000000001101 -> 1101000001110000:
00:04:49.082.032 INFO root:    0010111111111111111111111111111111111111111111110010111111111111
00:04:49.082.033 INFO root:    1101111011111111011111111111111111111111111011011111110111111111
00:04:49.083.033 INFO root:    1111111100111000000011111111111100100000010010000101001111111000
00:04:49.083.033 INFO root:    1011101100000000101001111101001010110101101101110000101101111101
00:04:49.083.033 INFO root:    0000001000000010000000000000000000001000000000000101000000100000
00:04:49.083.034 INFO root:    0000000000001101000000000000000000000000000001110000000000000000
00:05:00.071.022 INFO root: verify ok! 8 SuperSboxes 12 MixColumns
00:05:00.072.023 INFO root: ~0000101111010000 -> 0111000000001101:
00:05:00.073.023 INFO root:    1111111111111111010011111111111100101111111111111111111111111111
00:05:00.073.024 INFO root:    1111111111010111111111111111111110110111111111110111111111111011
00:05:00.074.024 INFO root:    0010100000101101011011111111000000101100010010101001001010001111
00:05:00.074.024 INFO root:    1011000011000111101100101100111100000000111001111011000001110000
00:05:00.074.025 INFO root:    0000000010001000000000000000001001001000000000000000000000100000
00:05:00.075.025 INFO root:    0000000000000111000000000000000000000000000000000000000000001101
00:05:11.035.985 INFO root: verify ok! 8 SuperSboxes 12 MixColumns
00:05:11.035.986 INFO root: ~1011000000000111 -> 1011110100000000:
00:05:11.036.986 INFO root:    0100111111111111111111111111111111111111111111111000111111111111
00:05:11.036.987 INFO root:    0111001111111111111111111111111111111111011101111111101111111111
00:05:11.037.987 INFO root:    1111010000100010111100001111001001111111100010001111100001001111
00:05:11.037.987 INFO root:    0000101100000110001111101011111111011101101101111100010100110000
00:05:11.037.988 INFO root:    0000000000001000100000010000000000001000001000000000000000000100
00:05:11.037.988 INFO root:    0000000000001011000000000000110100000000000000000000000000000000
00:05:21.914.865 INFO root: verify ok! 8 SuperSboxes 12 MixColumns
00:05:21.915.865 INFO root: verified 22 trails for I 0 J 3
00:05:21.915.865 INFO root: generating ANFs... I
00:05:22.324.275 INFO root: computing SboxDivision.components_anf_closures.self_sboxB3EE8018B75371CE.args_0A482B9CD9E7EAF940EBCF3535BE3082A49F858505A0A6EA9511114359BB0EE6
00:05:32.372.323 INFO root: save .cache/SboxDivision.components_anf_closures.self_sboxB3EE8018B75371CE.args_0A482B9CD9E7EAF940EBCF3535BE3082A49F858505A0A6EA9511114359BB0EE6 succeeded
00:05:32.467.417 INFO root: unique masks 2021
00:05:32.467.418 INFO root: generating ANFs... J
00:05:32.641.591 INFO root: computing SboxDivision.components_anf_closures.self_sboxFA83BF4B256071FB.args_0A482B9CD9E7EAF940EBCF3535BE3082A49F858505A0A6EA9511114359BB0EE6
00:05:42.215.165 INFO root: save .cache/SboxDivision.components_anf_closures.self_sboxFA83BF4B256071FB.args_0A482B9CD9E7EAF940EBCF3535BE3082A49F858505A0A6EA9511114359BB0EE6 succeeded
00:05:42.308.259 INFO root: unique masks 1785
00:05:42.309.259 INFO root: enumerating all mask pairs
00:05:54.201.152 INFO root: verified all masks for I 0 J 3
00:05:54.202.153 INFO root: VERIFIED I 0 J 3
