00:00:03.547.632 INFO root: starting at 2021-09-13.18:42:30
00:00:03.547.633 INFO root: I = 2 J = 3:
00:00:03.548.633 INFO root: ~0011110100000000 -> 0000000001111011:
00:00:03.548.634 INFO root:    1111111111001111111111110010111111111111111111111111111111111111
00:00:03.549.634 INFO root:    1111011111111111111111111111111110111111111110111111111111101011
00:00:03.549.634 INFO root:    1111111110000100011001001111010011011001111100011111100011110001
00:00:03.549.634 INFO root:    1101110111010000111100000111111100001011000011011101011110110111
00:00:03.549.635 INFO root:    0000100010000000000000000000010010000000000001000100000000000000
00:00:03.550.635 INFO root:    0000000000000000000000000000000000000000000001110000000000001011
00:00:04.930.015 INFO root: load .cache/SboxDivision.full_dppt.self_sbox0F7EC76E48F1C66A.args_068BA53CAF4BB89BC84341E5E0A9E860E078799A9E9F3CD8F2B19C3FC4CEC936 succeeded
00:00:07.366.451 INFO root: load .cache/SboxDivision.full_dppt.self_sbox97CD3E51D99FE8E5.args_068BA53CAF4BB89BC84341E5E0A9E860E078799A9E9F3CD8F2B19C3FC4CEC936 succeeded
00:00:09.609.694 INFO root: load .cache/SboxDivision.full_dppt.self_sboxFA83BF4B256071FB.args_068BA53CAF4BB89BC84341E5E0A9E860E078799A9E9F3CD8F2B19C3FC4CEC936 succeeded
00:00:15.025.110 INFO root: load .cache/SboxDivision.full_dppt.self_sboxB5083D73B8917F33.args_068BA53CAF4BB89BC84341E5E0A9E860E078799A9E9F3CD8F2B19C3FC4CEC936 succeeded
00:00:18.732.817 INFO root: verify ok! 8 SuperSboxes 12 MixColumns
00:00:18.733.818 INFO root: ~0000000000110111 -> 0000011100001011:
00:00:18.733.818 INFO root:    1111111111111111111111111111111111111111110011111111111110001111
00:00:18.733.819 INFO root:    1101111111111101111111110111111111111111011111110111111111111111
00:00:18.734.819 INFO root:    1000111111111111010011110100001000011111000001110001111111011101
00:00:18.734.819 INFO root:    1010110111011101000001111110110100111011110101111011000011011001
00:00:18.734.820 INFO root:    0010000010000000000000000000000100000000001000000000010000000001
00:00:18.735.820 INFO root:    0000000000000000000000000000011100000000000000000000000000001011
00:00:29.683.768 INFO root: verify ok! 8 SuperSboxes 12 MixColumns
00:00:29.684.769 INFO root: ~1001000011010000 -> 0000011110110000:
00:00:29.684.770 INFO root:    1111111101101111111111111111111111111111001011111111111111111111
00:00:29.685.770 INFO root:    1101111111011111111111111111011110111111110111111111111111111111
00:00:29.685.770 INFO root:    0010111100011111010011110010000110001111000111110100111100100010
00:00:29.685.771 INFO root:    1110011110110000110000001011001010111111000011001101011110110100
00:00:29.686.771 INFO root:    0100100000000000000001000000000000000000010010000001000000000000
00:00:29.686.771 INFO root:    0000000000000000000000000000011100000000000010110000000000000000
00:00:43.500.585 INFO root: verify ok! 8 SuperSboxes 12 MixColumns
00:00:43.501.586 INFO root: ~0111101100000000 -> 1011100100000000:
00:00:43.501.586 INFO root:    1111111110001111111111110100111111111111111111111111111111111111
00:00:43.501.587 INFO root:    1111101111111111111101111111111111101111111110111111111111010111
00:00:43.502.587 INFO root:    1111001101001111111100100101001000100100010110001110010011110000
00:00:43.502.587 INFO root:    0000101010011101011100001011011110011011110010111111001100000000
00:00:43.502.587 INFO root:    1000000000001000100001000000000000000000000000000000000010000000
00:00:43.503.588 INFO root:    0000000000001011000000000000100100000000000000000000000000000000
00:00:59.072.157 INFO root: verify ok! 8 SuperSboxes 12 MixColumns
00:00:59.073.158 INFO root: ~0000010100000111 -> 0111000000000111:
00:00:59.074.159 INFO root:    1111111111111111111111111010111111111111111111111111111110001111
00:00:59.074.159 INFO root:    1111011111110111101111111101111111110111111111111111111111111111
00:00:59.074.160 INFO root:    1000111111110010111110000010111100110100010001001000000010001000
00:00:59.075.160 INFO root:    1011111001111111101111000000000011000000001000001101000000011110
00:00:59.075.160 INFO root:    0000000000001000000100000000100001000000000000000000001000100000
00:00:59.075.161 INFO root:    0000000000000111000000000000000000000000000000000000000000000111
00:01:14.322.407 INFO root: verify ok! 8 SuperSboxes 12 MixColumns
00:01:14.323.408 INFO root: ~1101000000001100 -> 0000110111010000:
00:01:14.324.409 INFO root:    1111111100101111111111111111111111111111111111111111111100111111
00:01:14.324.409 INFO root:    1111111111011110111111111111111110110111111111111111111111111110
00:01:14.325.410 INFO root:    1111100101101111010111111110110001100010100011010100111011110011
00:01:14.325.410 INFO root:    1011011111010111101100001011101101110011011100001110101011010111
00:01:14.325.410 INFO root:    0010010000000000000000000001000000000000100000000001000000001000
00:01:14.326.411 INFO root:    0000000000000000000000000000110100000000000011010000000000000000
00:01:29.642.727 INFO root: verify ok! 8 SuperSboxes 12 MixColumns
00:01:29.643.729 INFO root: ~0101000010110000 -> 0111000000001011:
00:01:29.644.729 INFO root:    1111111110101111111111111111111111111111010011111111111111111111
00:01:29.644.729 INFO root:    1011111111111111111110111111111111111111011111111111101111111011
00:01:29.644.730 INFO root:    1100000110000100111111111111010010001111001011110110000010000010
00:01:29.645.730 INFO root:    1101011100001001110101111111101000000001000001111101111001010000
00:01:29.645.730 INFO root:    0000000000011000000000000000000000101000000000000000001000100000
00:01:29.645.731 INFO root:    0000000000000111000000000000000000000000000000000000000000001011
00:01:44.976.061 INFO root: verify ok! 8 SuperSboxes 12 MixColumns
00:01:44.977.062 INFO root: ~0000101100001011 -> 1101000000000110:
00:01:44.977.063 INFO root:    1111111111111111111111110100111111111111111111111111111101001111
00:01:44.978.063 INFO root:    1111111111110111011111111110111111111101111101111111111110111111
00:01:44.978.063 INFO root:    1111111100110110010010101101111110001000001000000011010000010010
00:01:44.979.064 INFO root:    0111101100000000000010110100110011101000011110111101000011010011
00:01:44.979.064 INFO root:    0000000010000100100000000000000000100010000000000000000000000000
00:01:44.979.064 INFO root:    0000000000001101000000000000000000000000000000000000000000000110
00:02:00.887.972 INFO root: verify ok! 8 SuperSboxes 12 MixColumns
00:02:00.888.973 INFO root: ~1101000001110000 -> 0000110000000111:
00:02:00.888.974 INFO root:    1111111100101111111111111111111111111111100011111111111111111111
00:02:00.889.974 INFO root:    1011111101111111111111101111110111011111111111111111101111111111
00:02:00.889.974 INFO root:    0000010000110110100110000010111111111011010001000110010111110010
00:02:00.889.975 INFO root:    0000110001111011100010110111000010111110000000111010111000001101
00:02:00.890.975 INFO root:    1000000000010000000001000000100000000000000000000000001000000000
00:02:00.890.975 INFO root:    0000000000000000000000000000110000000000000000000000000000000111
00:02:16.461.546 INFO root: verify ok! 8 SuperSboxes 12 MixColumns
00:02:16.462.547 INFO root: ~0110000010110000 -> 1011011100000000:
00:02:16.463.548 INFO root:    1111111110011111111111111111111111111111010011111111111111111111
00:02:16.463.548 INFO root:    1101111111111111111110111111111111111111101111111111101111111011
00:02:16.463.548 INFO root:    1000111100101110111100000100100100011000111111111111101000111111
00:02:16.464.549 INFO root:    1011101100001101111101111011011110111111110110110000000011010000
00:02:16.464.549 INFO root:    1000000000000000001001000000000000000100000000000000000010001000
00:02:16.464.549 INFO root:    0000000000001011000000000000011100000000000000000000000000000000
00:02:32.345.431 INFO root: verify ok! 8 SuperSboxes 12 MixColumns
00:02:32.347.432 INFO root: ~0000101101110000 -> 0101000011010000:
00:02:32.348.433 INFO root:    1111111111111111111111110100111111111111100011111111111111111111
00:02:32.349.434 INFO root:    1111011111111111101111111111111011111111110111111111101110111111
00:02:32.349.435 INFO root:    0011010011111111111110001001100000100010010011111100001000001111
00:02:32.350.435 INFO root:    1010111000111101000001000000000011001110110101111011110110110101
00:02:32.351.436 INFO root:    0000001000000100000000001000000000000010000000001000000000000000
00:02:32.351.436 INFO root:    0000000000000101000000000000000000000000000011010000000000000000
00:02:48.340.425 INFO root: verify ok! 8 SuperSboxes 12 MixColumns
00:02:48.341.426 INFO root: ~0000011100001010 -> 0111110100000000:
00:02:48.342.427 INFO root:    1111111111111111111111111000111111111111111111111111111101011111
00:02:48.342.427 INFO root:    1111101111110111110111111111111111111111111111111101111101111111
00:02:48.342.427 INFO root:    1001010111111111100100110001010000001111111101001111010001001000
00:02:48.343.428 INFO root:    0000110100000111100100000111011001111100111100001101011110110111
00:02:48.343.428 INFO root:    1000000000000000000000000000000000000010001000000000000010011000
00:02:48.343.429 INFO root:    0000000000000111000000000000110100000000000000000000000000000000
00:03:00.743.828 INFO root: verify ok! 8 SuperSboxes 12 MixColumns
00:03:00.744.830 INFO root: ~0000000010111011 -> 1011000000000111:
00:03:00.745.830 INFO root:    1111111111111111111111111111111111111111010011111111111101001111
00:03:00.745.830 INFO root:    1111111111111011111111111111111011111011101111111101110111111111
00:03:00.746.831 INFO root:    1011111111110100001001111000011010010000110110001111010000100001
00:03:00.746.831 INFO root:    1011111100000000110110110000111101110000000001111101011100001101
00:03:00.746.832 INFO root:    0000000000000100000100000000100010000100000000000000100000000000
00:03:00.747.832 INFO root:    0000000000001011000000000000000000000000000000000000000000000111
00:03:15.769.854 INFO root: verify ok! 8 SuperSboxes 12 MixColumns
00:03:15.770.855 INFO root: ~0111000000000110 -> 0000110100001011:
00:03:15.770.856 INFO root:    1111111110001111111111111111111111111111111111111111111110011111
00:03:15.771.856 INFO root:    1111111101111111111111111011111111010111111111111111111111110111
00:03:15.771.856 INFO root:    1000100000000011010011111011111100100010010010001111100011111010
00:03:15.772.857 INFO root:    1101011100101100000011011011011101100000000001110111101011010000
00:03:15.772.857 INFO root:    0010000000000000000000100000110100000000001000000000000000000000
00:03:15.772.857 INFO root:    0000000000000000000000000000110100000000000000000000000000001011
00:03:28.754.839 INFO root: verify ok! 8 SuperSboxes 12 MixColumns
00:03:28.755.840 INFO root: ~0000101100000111 -> 0000000001110111:
00:03:28.755.841 INFO root:    1111111111111111111111110100111111111111111111111111111110001111
00:03:28.756.841 INFO root:    1111111111111101111111111111111111111011111110011110111101111111
00:03:28.756.841 INFO root:    0101111111111111111110111000000011110100011001001010100010101000
00:03:28.756.841 INFO root:    1110000010111100101101111011110011011101011101100111000010110000
00:03:28.756.842 INFO root:    0000000110000000000000000001001000100000000000001000000000000000
00:03:28.757.842 INFO root:    0000000000000000000000000000000000000000000001110000000000000111
00:03:39.950.035 INFO root: verify ok! 8 SuperSboxes 12 MixColumns
00:03:39.951.036 INFO root: ~1011000000000111 -> 0111000010110000:
00:03:39.951.037 INFO root:    1111111101001111111111111111111111111111111111111111111110001111
00:03:39.952.037 INFO root:    1111111111111110111101110011111110111111111111111111111111111011
00:03:39.952.037 INFO root:    0100111101001111010010000010001001000100010000001111010011111111
00:03:39.952.038 INFO root:    0111110100000000111001011111000001101011000100001110011110110000
00:03:39.953.038 INFO root:    0000010000000000001000000010000000001000000000000100000000100000
00:03:39.953.038 INFO root:    0000000000000111000000000000000000000000000010110000000000000000
00:03:51.208.293 INFO root: verify ok! 8 SuperSboxes 12 MixColumns
00:03:51.209.294 INFO root: ~0000110101110000 -> 0000011101110000:
00:03:51.209.294 INFO root:    1111111111111111111111110010111111111111100011111111111111111111
00:03:51.210.295 INFO root:    0111011111111111111111111111110111111111111110111111111011101111
00:03:51.210.295 INFO root:    1111001100111111010001011111100010100100111110000011001000100000
00:03:51.210.295 INFO root:    1110000000000010111010000100111010111011110111100011000110111001
00:03:51.210.296 INFO root:    1000000000000000000010001000000000000000000000100100000000000100
00:03:51.211.296 INFO root:    0000000000000000000000000000011100000000000001110000000000000000
00:04:02.557.642 INFO root: verify ok! 8 SuperSboxes 12 MixColumns
00:04:02.558.643 INFO root: ~0000101110110000 -> 0000000010111101:
00:04:02.558.643 INFO root:    1111111111111111111111110100111111111111010011111111111111111111
00:04:02.558.644 INFO root:    1111111111111111101111111111101111111111011110111111101101111111
00:04:02.559.644 INFO root:    1000001000101111100100101111110111110111010000101001111100000000
00:04:02.559.644 INFO root:    0000110111111011101111011110000011101011000011000000011100001001
00:04:02.559.645 INFO root:    0000000101000000000000001000000001000000000000100000100000000000
00:04:02.560.645 INFO root:    0000000000000000000000000000000000000000000010110000000000001101
00:04:14.360.446 INFO root: verify ok! 8 SuperSboxes 12 MixColumns
00:04:14.361.447 INFO root: ~0000000011011101 -> 0000000001111101:
00:04:14.362.447 INFO root:    1111111111111111111111111111111111111111001011111111111100101111
00:04:14.362.448 INFO root:    1101111111111101111111110111111111111101011111111111011111111111
00:04:14.363.448 INFO root:    0010111111111111111100010010000101001111100011110100000000001000
00:04:14.363.448 INFO root:    0000000111011011110100001011001000000111011110111101000011010111
00:04:14.363.449 INFO root:    0000000010000000000000001000001000000000000000011000010000000000
00:04:14.364.449 INFO root:    0000000000000000000000000000000000000000000001110000000000001101
00:04:27.628.713 INFO root: verify ok! 8 SuperSboxes 12 MixColumns
00:04:27.629.714 INFO root: ~0000000011011011 -> 1101101100000000:
00:04:27.630.715 INFO root:    1111111111111111111111111111111111111111001011111111111101001111
00:04:27.630.715 INFO root:    1111111111110111111111111101011111111111011111111110110111111111
00:04:27.630.715 INFO root:    0010010010001000100011001111001011111111000011111111011010000000
00:04:27.631.716 INFO root:    0000111111010000101110101100110100001011000011110011000001011011
00:04:27.631.716 INFO root:    0010000000000010000010000000000000001000000000000000000000100010
00:04:27.631.716 INFO root:    0000000000001101000000000000101100000000000000000000000000000000
00:04:42.600.685 INFO root: verify ok! 8 SuperSboxes 12 MixColumns
00:04:42.601.686 INFO root: ~1011000000001011 -> 1100000011010000:
00:04:42.602.687 INFO root:    1111111101001111111111111111111111111111111111111111111101001111
00:04:42.602.687 INFO root:    1111111101110111111111111111111111011101111111111101111111111101
00:04:42.602.687 INFO root:    0010101011111111000111001111001000010100110110000100111110100000
00:04:42.603.688 INFO root:    1100101110000000110101111100110101111101001010101101000000001101
00:04:42.603.688 INFO root:    0000010000000000010000000000000000000000000000100010000001000000
00:04:42.603.688 INFO root:    0000000000001100000000000000000000000000000011010000000000000000
00:04:57.378.463 INFO root: verify ok! 8 SuperSboxes 12 MixColumns
00:04:57.379.465 INFO root: ~0000101100001011 -> 0000110100001011:
00:04:57.380.465 INFO root:    1111111111111111111111110100111111111111111111111111111101001111
00:04:57.380.465 INFO root:    1111101111110111111111111101111111111111111110111101111111011111
00:04:57.381.466 INFO root:    1100110100011111111011111000000011111000100011100111111100011001
00:04:57.381.466 INFO root:    1011111011111101110011101011110101011101000010100000101101110000
00:04:57.381.467 INFO root:    0010000001000000000001000000100000000000010000000000001000000000
00:04:57.382.467 INFO root:    0000000000000000000000000000110100000000000000000000000000001011
00:05:12.143.228 INFO root: verify ok! 8 SuperSboxes 12 MixColumns
00:05:12.144.230 INFO root: ~1101000000000111 -> 1011000001110000:
00:05:12.145.230 INFO root:    1111111100101111111111111111111111111111111111111111111110001111
00:05:12.145.230 INFO root:    1111111111101110111111011011111111111101111111111111111111110111
00:05:12.145.231 INFO root:    1111000100101010111110000001000111110010010011001111010010001000
00:05:12.146.231 INFO root:    0000110101001011111111001011111100110000000000000011110101000110
00:05:12.146.231 INFO root:    0000010000001000100000000000000000000000000010001000000010000000
00:05:12.146.232 INFO root:    0000000000001011000000000000000000000000000001110000000000000000
00:05:27.582.667 INFO root: verify ok! 8 SuperSboxes 12 MixColumns
00:05:27.583.668 INFO root: ~0111000000000111 -> 0111000000000110:
00:05:27.584.669 INFO root:    1111111110001111111111111111111111111111111111111111111110001111
00:05:27.584.669 INFO root:    1111111101111111111111110111111111011011111111111101111111110111
00:05:27.584.670 INFO root:    0001010011110101100010000000010111101111110000100100111101001111
00:05:27.585.670 INFO root:    1011000010110011000011110000000011010111011100001011010110111101
00:05:27.585.670 INFO root:    0000000010000001001000000000000000001000000000000000100000000000
00:05:27.586.671 INFO root:    0000000000000111000000000000000000000000000000000000000000000110
00:05:40.050.135 INFO root: verify ok! 8 SuperSboxes 12 MixColumns
00:05:40.051.136 INFO root: verified 24 trails for I 2 J 3
00:05:40.051.136 INFO root: generating ANFs... I
00:05:40.280.366 INFO root: load .cache/SboxDivision.components_anf_closures.self_sboxC188DCAA77C45B94.args_0A482B9CD9E7EAF940EBCF3535BE3082A49F858505A0A6EA9511114359BB0EE6 succeeded
00:05:40.372.457 INFO root: unique masks 2021
00:05:40.372.457 INFO root: generating ANFs... J
00:05:40.589.674 INFO root: load .cache/SboxDivision.components_anf_closures.self_sboxFA83BF4B256071FB.args_0A482B9CD9E7EAF940EBCF3535BE3082A49F858505A0A6EA9511114359BB0EE6 succeeded
00:05:40.671.756 INFO root: unique masks 1785
00:05:40.671.756 INFO root: enumerating all mask pairs
00:06:01.062.148 INFO root: verified all masks for I 2 J 3
00:06:01.063.148 INFO root: VERIFIED I 2 J 3
