00:00:00.103.527 INFO root: added file handler at 2021-09-13.16:16:08
00:00:00.104.527 INFO root: columns 0 -> 1
00:00:01.467.890 INFO root: Constraints: 100101010
00:00:01.467.891 INFO root: cons_SSB_card = 1
00:00:01.467.891 INFO root: cons_SSB_box_lb = 0
00:00:01.467.891 INFO root: cons_SSB_box_ub = 0
00:00:01.467.891 INFO root: cons_SSB_lb = 1
00:00:01.468.892 INFO root: cons_SSB_ub = 0
00:00:01.468.892 INFO root: cons_MC_card = 1
00:00:01.468.892 INFO root: cons_MC_matching = 0
00:00:01.468.892 INFO root: cons_MC_lb = 1
00:00:01.468.892 INFO root: cons_MC_ub2 = 0
00:00:01.793.217 INFO root: full ssb
00:00:02.144.568 INFO root: load .cache/SboxDivision.components_anf_closures.self_sboxB3EE8018B75371CE.args_068BA53CAF4BB89BC84341E5E0A9E860E078799A9E9F3CD8F2B19C3FC4CEC936 succeeded
00:00:02.155.579 INFO root: anfsI 255
00:00:02.167.591 INFO root: load .cache/SboxDivision.components_anf_closures.self_sbox57571A0BC333968E.args_068BA53CAF4BB89BC84341E5E0A9E860E078799A9E9F3CD8F2B19C3FC4CEC936 succeeded
00:00:02.178.602 INFO root: anfsO 255
00:00:02.246.670 INFO root: load .cache/SboxDivision.cnf_lb.self_sbox391D96FD000E6C5B.args_068BA53CAF4BB89BC84341E5E0A9E860E078799A9E9F3CD8F2B19C3FC4CEC936 succeeded
00:00:04.910.334 INFO root: SSB round 2 column 0
00:00:06.373.797 INFO root: load .cache/SboxDivision.minimal_max.self_sbox0F7EC76E48F1C66A.args_068BA53CAF4BB89BC84341E5E0A9E860E078799A9E9F3CD8F2B19C3FC4CEC936 succeeded
00:00:14.364.788 INFO root: load .cache/SboxDivision.divcore.self_sbox0F7EC76E48F1C66A.args_068BA53CAF4BB89BC84341E5E0A9E860E078799A9E9F3CD8F2B19C3FC4CEC936 succeeded
00:00:20.352.776 INFO root: load .cache/SboxDivision.cnf_lb.self_sbox0F7EC76E48F1C66A.args_068BA53CAF4BB89BC84341E5E0A9E860E078799A9E9F3CD8F2B19C3FC4CEC936 succeeded
00:00:31.431.855 INFO root: SSB round 2 column 1
00:00:33.046.470 INFO root: load .cache/SboxDivision.minimal_max.self_sbox97CD3E51D99FE8E5.args_068BA53CAF4BB89BC84341E5E0A9E860E078799A9E9F3CD8F2B19C3FC4CEC936 succeeded
00:00:41.134.558 INFO root: load .cache/SboxDivision.divcore.self_sbox97CD3E51D99FE8E5.args_068BA53CAF4BB89BC84341E5E0A9E860E078799A9E9F3CD8F2B19C3FC4CEC936 succeeded
00:00:47.245.669 INFO root: load .cache/SboxDivision.cnf_lb.self_sbox97CD3E51D99FE8E5.args_068BA53CAF4BB89BC84341E5E0A9E860E078799A9E9F3CD8F2B19C3FC4CEC936 succeeded
00:00:58.206.630 INFO root: SSB round 2 column 2
00:00:59.629.053 INFO root: load .cache/SboxDivision.minimal_max.self_sboxFA83BF4B256071FB.args_068BA53CAF4BB89BC84341E5E0A9E860E078799A9E9F3CD8F2B19C3FC4CEC936 succeeded
00:01:07.619.043 INFO root: load .cache/SboxDivision.divcore.self_sboxFA83BF4B256071FB.args_068BA53CAF4BB89BC84341E5E0A9E860E078799A9E9F3CD8F2B19C3FC4CEC936 succeeded
00:01:13.792.215 INFO root: load .cache/SboxDivision.cnf_lb.self_sboxFA83BF4B256071FB.args_068BA53CAF4BB89BC84341E5E0A9E860E078799A9E9F3CD8F2B19C3FC4CEC936 succeeded
00:01:24.930.354 INFO root: SSB round 2 column 3
00:01:50.631.055 INFO root: SSB round 4 column 0
00:02:14.158.582 INFO root: SSB round 4 column 1
00:02:15.889.313 INFO root: load .cache/SboxDivision.minimal_max.self_sboxB5083D73B8917F33.args_068BA53CAF4BB89BC84341E5E0A9E860E078799A9E9F3CD8F2B19C3FC4CEC936 succeeded
00:02:24.746.170 INFO root: load .cache/SboxDivision.divcore.self_sboxB5083D73B8917F33.args_068BA53CAF4BB89BC84341E5E0A9E860E078799A9E9F3CD8F2B19C3FC4CEC936 succeeded
00:02:32.045.469 INFO root: load .cache/SboxDivision.cnf_lb.self_sboxB5083D73B8917F33.args_068BA53CAF4BB89BC84341E5E0A9E860E078799A9E9F3CD8F2B19C3FC4CEC936 succeeded
00:02:44.873.297 INFO root: SSB round 4 column 2
00:03:08.043.467 INFO root: SSB round 4 column 3
00:03:35.570.994 INFO root: mask pairs: 255 x 255 = 65025
00:03:35.571.995 INFO root: #trails 0 
00:03:35.571.995 INFO root: mask pair #1 / 65025: 0001000100000000 0000101010101010anfI_max <DenseSet hash=bd76f5598cd603f2 n=16 wt=89 | 3:4 4:15 5:53 6:17> anfO_max <DenseSet hash=c88bf0c94f762525 n=16 wt=70 | 3:2 4:13 5:20 6:35>
00:03:43.795.219 INFO root: solving SAT...
00:04:26.741.165 INFO root: SAT solve time: 42.945433616638184
00:04:26.742.165 INFO root: SAT_times: 42.9 - 42.9, avg 42.9 med 42.9
00:04:26.742.166 INFO root: middle division transition ~0000101111000000 -> 0111011100000000 (~5 -> 6)
00:04:26.742.166 INFO root: mid transition: 0000101111000000 0111011100000000 5 6
00:04:26.743.166 INFO root: full trace:
00:04:26.743.167 INFO root: 1111 1111 1111 1111 0100 1111 1111 1111 0011 1111 1111 1111 1111 1111 1111 1111# initial
00:04:26.744.168 INFO root: 1111 1111 0111 1110 1111 1111 1011 1111 1011 1101 1111 1111 1111 1111 1111 1111# after SR MC SR
00:04:26.744.168 INFO root: 1111 1111 1110 1111 0010 0100 1000 1111 1000 0010 0001 1000 0010 0010 0011 1000# after SSB
00:04:26.745.169 INFO root: 1111 1101 1101 0101 0000 0111 1110 0000 0101 0000 1000 0100 1101 1100 1011 1000# after SR MC SR
00:04:26.745.169 INFO root: 0000 0000 1000 0000 0000 0000 0010 0000 1000 0000 0000 0010 1000 0100 0000 0000# after SSB
00:04:26.746.170 INFO root: 0000 0111 0000 0000 0000 0111 0000 0000 0000 0000 0000 0000 0000 0000 0000 0000# after SR MC SR
00:04:26.746.170 INFO root: 
00:04:26.746.170 INFO root: new trail: 0000101111000000 -> 0111011100000000
00:04:26.747.171 INFO root: #trails 1 
00:04:26.747.171 INFO root: mask pair #2 / 65025: 0110000001100001 1011000110101011anfI_max <DenseSet hash=5e4d5ffcb7d91242 n=16 wt=81 | 3:5 4:30 5:22 6:24> anfO_max <DenseSet hash=36398445752a62e1 n=16 wt=81 | 3:2 4:11 5:42 6:26>
00:04:34.901.324 INFO root: solving SAT...
00:05:15.219.643 INFO root: SAT solve time: 40.31809163093567
00:05:15.220.644 INFO root: SAT_times: 40.3 - 42.9, avg 41.6 med 42.9
00:05:15.221.645 INFO root: middle division transition ~1100000000001011 -> 0000110101110000 (~5 -> 6)
00:05:15.222.646 INFO root: mid transition: 1100000000001011 0000110101110000 5 6
00:05:15.222.646 INFO root: full trace:
00:05:15.223.647 INFO root: 0011 1111 1111 1111 1111 1111 1111 1111 1111 1111 1111 1111 0100 1111 1111 1111# initial
00:05:15.224.647 INFO root: 1110 1101 1111 1111 1101 1111 1111 0111 1111 1111 1111 1111 1111 1111 0111 1111# after SR MC SR
00:05:15.224.648 INFO root: 0010 0010 1111 0010 0010 1111 1000 0010 0010 1011 0100 0010 0100 1000 0110 1111# after SSB
00:05:15.225.649 INFO root: 1110 0000 0000 1100 1110 1101 1011 1011 0010 0000 1101 0000 0011 0001 0001 1011# after SR MC SR
00:05:15.226.650 INFO root: 0000 0000 0010 0100 1000 0000 0000 0000 1000 0000 0000 0000 0000 0001 1000 0000# after SSB
00:05:15.227.651 INFO root: 0000 0000 0000 0000 0000 1101 0000 0000 0000 0111 0000 0000 0000 0000 0000 0000# after SR MC SR
00:05:15.227.651 INFO root: 
00:05:15.228.652 INFO root: new trail: 1100000000001011 -> 0000110101110000
00:05:15.229.653 INFO root: #trails 2 
00:05:15.229.653 INFO root: mask pair #4 / 65025: 0110000000010111 1011101100010000anfI_max <DenseSet hash=0d3515bb080d029f n=16 wt=92 | 3:3 4:26 5:40 6:23> anfO_max <DenseSet hash=5313c47f6b378915 n=16 wt=86 | 3:5 4:21 5:43 6:17>
00:05:23.702.126 INFO root: solving SAT...
00:05:57.639.063 INFO root: SAT solve time: 33.93630290031433
00:05:57.640.064 INFO root: SAT_times: 33.9 - 42.9, avg 39.1 med 40.3
00:05:57.640.064 INFO root: middle division transition ~0000000011010111 -> 1011000001110000 (~6 -> 6)
00:05:57.640.064 INFO root: mid transition: 0000000011010111 1011000001110000 6 6
00:05:57.641.064 INFO root: full trace:
00:05:57.641.065 INFO root: 1111 1111 1111 1111 1111 1111 1111 1111 0010 1111 1111 1111 1000 1111 1111 1111# initial
00:05:57.642.065 INFO root: 1111 1011 1101 1111 1111 1111 1111 1111 1011 1111 1111 0111 1111 1111 0111 1101# after SR MC SR
00:05:57.642.066 INFO root: 1111 1000 0000 0001 0101 1111 1111 1000 0010 0011 0001 1100 0010 1011 1111 0001# after SSB
00:05:57.642.066 INFO root: 1111 0111 1100 0111 0000 0000 1101 0111 0000 0100 0000 0011 0101 1101 0111 1101# after SR MC SR
00:05:57.643.067 INFO root: 0000 0100 0000 0001 0001 0000 0000 0000 0000 0000 0000 0001 0100 0000 1000 0000# after SSB
00:05:57.643.067 INFO root: 0000 1011 0000 0000 0000 0000 0000 0000 0000 0111 0000 0000 0000 0000 0000 0000# after SR MC SR
00:05:57.643.067 INFO root: 
00:05:57.644.067 INFO root: new trail: 0000000011010111 -> 1011000001110000
00:05:57.644.068 INFO root: #trails 3 
00:05:57.645.068 INFO root: mask pair #5 / 65025: 0000000000000001 0000000110110000anfI_max <DenseSet hash=8db558a71970ed73 n=16 wt=68 | 3:2 4:12 5:14 6:40> anfO_max <DenseSet hash=803f4267f7f43d75 n=16 wt=85 | 3:4 4:21 5:45 6:15>
00:06:05.472.895 INFO root: solving SAT...
00:07:02.073.497 INFO root: SAT solve time: 56.60111904144287
00:07:02.074.498 INFO root: SAT_times: 33.9 - 56.6, avg 43.5 med 42.9
00:07:02.074.498 INFO root: middle division transition ~0000000011010110 -> 0111000010110000 (~5 -> 6)
00:07:02.074.498 INFO root: mid transition: 0000000011010110 0111000010110000 5 6
00:07:02.074.498 INFO root: full trace:
00:07:02.075.499 INFO root: 1111 1111 1111 1111 1111 1111 1111 1111 0010 1111 1111 1111 1001 1111 1111 1111# initial
00:07:02.075.499 INFO root: 1111 1110 1011 1111 1111 1111 1111 1111 1101 1111 1111 1011 1111 1111 1111 1110# after SR MC SR
00:07:02.076.499 INFO root: 0100 0111 1111 0001 0100 0100 0010 0100 0100 1111 0100 0010 1111 1111 1000 0010# after SSB
00:07:02.076.500 INFO root: 0000 1011 1111 1111 0000 1011 0000 0000 0000 1011 0001 1011 0000 1101 1101 1011# after SR MC SR
00:07:02.076.500 INFO root: 0000 0100 0000 0100 0000 0000 0010 0000 0000 1000 0000 0010 0000 0000 0100 0000# after SSB
00:07:02.077.501 INFO root: 0000 0111 0000 0000 0000 0000 0000 0000 0000 1011 0000 0000 0000 0000 0000 0000# after SR MC SR
00:07:02.077.501 INFO root: 
00:07:02.077.501 INFO root: new trail: 0000000011010110 -> 0111000010110000
00:07:02.078.501 INFO root: #trails 4 
00:07:02.078.502 INFO root: mask pair #6 / 65025: 0000000001100110 0000101000001011anfI_max <DenseSet hash=6e1e197c1bfdf4b0 n=16 wt=100 | 3:2 4:15 5:56 6:27> anfO_max <DenseSet hash=4691c5fb82e2bf50 n=16 wt=79 | 3:4 4:15 5:35 6:25>
00:07:11.005.429 INFO root: solving SAT...
00:07:45.199.623 INFO root: SAT solve time: 34.19356107711792
00:07:45.199.623 INFO root: SAT_times: 33.9 - 56.6, avg 41.6 med 40.3
00:07:45.200.624 INFO root: middle division transition ~1100000000001101 -> 0000110110110000 (~5 -> 6)
00:07:45.200.624 INFO root: mid transition: 1100000000001101 0000110110110000 5 6
00:07:45.200.624 INFO root: full trace:
00:07:45.201.625 INFO root: 0011 1111 1111 1111 1111 1111 1111 1111 1111 1111 1111 1111 0010 1111 1111 1111# initial
00:07:45.201.625 INFO root: 1111 1011 1111 1111 0111 1111 1111 0111 1111 1111 1111 1111 1111 0111 1101 1111# after SR MC SR
00:07:45.202.625 INFO root: 1111 0100 1111 1000 1000 0000 1100 1111 0100 1111 1011 0111 1011 1000 0100 1010# after SSB
00:07:45.202.626 INFO root: 0111 1011 1111 1011 1101 0000 0000 0000 1101 1000 1110 1101 1011 1011 0000 1011# after SR MC SR
00:07:45.202.626 INFO root: 0000 0000 1000 0000 1000 0000 0000 1000 0010 0010 0000 0000 0000 0000 0100 0000# after SSB
00:07:45.203.626 INFO root: 0000 0000 0000 0000 0000 1101 0000 0000 0000 1011 0000 0000 0000 0000 0000 0000# after SR MC SR
00:07:45.203.627 INFO root: 
00:07:45.203.627 INFO root: new trail: 1100000000001101 -> 0000110110110000
00:07:45.204.627 INFO root: #trails 5 
00:07:45.204.628 INFO root: mask pair #13 / 65025: 0000000001110110 1011000110101010anfI_max <DenseSet hash=87819fc915ff4819 n=16 wt=90 | 3:4 4:32 5:37 6:17> anfO_max <DenseSet hash=0a570960e6416ff8 n=16 wt=79 | 3:2 4:12 5:36 6:29>
00:07:53.868.292 INFO root: solving SAT...
00:08:15.071.495 INFO root: SAT solve time: 21.20202374458313
00:08:15.071.495 INFO root: SAT_times: 21.2 - 56.6, avg 38.2 med 40.3
00:08:15.072.496 INFO root: middle division transition ~1011000000001011 -> 0000101100001011 (~6 -> 6)
00:08:15.072.496 INFO root: mid transition: 1011000000001011 0000101100001011 6 6
00:08:15.072.496 INFO root: full trace:
00:08:15.073.497 INFO root: 0100 1111 1111 1111 1111 1111 1111 1111 1111 1111 1111 1111 0100 1111 1111 1111# initial
00:08:15.073.497 INFO root: 1101 1110 1111 1111 1111 1111 1111 1110 1111 1111 1111 1011 1111 0111 1011 1111# after SR MC SR
00:08:15.074.498 INFO root: 0101 1000 1000 1111 1001 0100 0010 0000 1111 0010 1001 1111 0010 0100 1111 0011# after SSB
00:08:15.075.499 INFO root: 0000 0111 0000 0111 0001 0111 1001 1011 1101 1101 1111 0111 1110 0000 0000 0000# after SR MC SR
00:08:15.075.499 INFO root: 0001 0000 0100 0000 0000 1000 0000 0010 0001 0000 0001 0000 0000 0000 0000 0000# after SSB
00:08:15.076.500 INFO root: 0000 0000 0000 0000 0000 1011 0000 0000 0000 0000 0000 0000 0000 1011 0000 0000# after SR MC SR
00:08:15.076.500 INFO root: 
00:08:15.077.501 INFO root: new trail: 1011000000001011 -> 0000101100001011
00:08:15.078.502 INFO root: #trails 6 
00:08:15.078.502 INFO root: mask pair #24 / 65025: 0001011000010000 1010101010111010anfI_max <DenseSet hash=63c49b438da7ffa4 n=16 wt=112 | 3:2 4:11 5:83 6:16> anfO_max <DenseSet hash=bc188ecbca172006 n=16 wt=74 | 3:5 4:11 5:36 6:22>
00:08:23.528.952 INFO root: solving SAT...
00:09:10.235.659 INFO root: SAT solve time: 46.70599436759949
00:09:10.235.659 INFO root: SAT_times: 21.2 - 56.6, avg 39.4 med 40.3
00:09:10.236.660 INFO root: middle division transition ~0000000001111011 -> 0111000000000111 (~6 -> 6)
00:09:10.236.660 INFO root: mid transition: 0000000001111011 0111000000000111 6 6
00:09:10.236.660 INFO root: full trace:
00:09:10.237.661 INFO root: 1111 1111 1111 1111 1111 1111 1111 1111 1000 1111 1111 1111 0100 1111 1111 1111# initial
00:09:10.237.661 INFO root: 1111 1111 0111 1111 1101 1101 1111 1111 1111 1111 1111 1011 1111 1111 1101 1101# after SR MC SR
00:09:10.238.662 INFO root: 1001 0010 0110 0000 1010 0010 0010 1111 1111 1001 0000 1100 1011 1111 1111 0100# after SSB
00:09:10.238.662 INFO root: 0000 0000 1101 0111 0001 1111 0000 0000 1111 1011 0010 1011 0110 1101 0111 1101# after SR MC SR
00:09:10.239.663 INFO root: 1000 1000 0000 0000 0000 0010 0000 0000 0000 0000 0010 0010 1000 0000 0000 0000# after SSB
00:09:10.239.663 INFO root: 0000 0111 0000 0000 0000 0000 0000 0000 0000 0000 0000 0000 0000 0111 0000 0000# after SR MC SR
00:09:10.239.663 INFO root: 
00:09:10.240.664 INFO root: new trail: 0000000001111011 -> 0111000000000111
00:09:10.241.665 INFO root: #trails 7 
00:09:10.241.665 INFO root: mask pair #30 / 65025: 0000000101100001 0001101000010001anfI_max <DenseSet hash=f9a2622cd9ba514d n=16 wt=92 | 3:1 4:16 5:50 6:25> anfO_max <DenseSet hash=33c3c25251923002 n=16 wt=75 | 3:4 4:12 5:34 6:25>
00:09:18.499.923 INFO root: solving SAT...
00:10:48.200.624 INFO root: SAT solve time: 89.70071864128113
00:10:48.201.625 INFO root: SAT_times: 21.2 - 89.7, avg 45.7 med 42.9
00:10:48.202.625 INFO root: middle division transition ~1011110100000000 -> 0000110100001011 (~6 -> 6)
00:10:48.202.626 INFO root: mid transition: 1011110100000000 0000110100001011 6 6
00:10:48.202.626 INFO root: full trace:
00:10:48.203.627 INFO root: 0100 1111 1111 1111 0010 1111 1111 1111 1111 1111 1111 1111 1111 1111 1111 1111# initial
00:10:48.203.627 INFO root: 1110 1111 1111 1110 1111 1111 1110 0111 1111 0111 1011 1111 1111 1111 1111 1111# after SR MC SR
00:10:48.204.628 INFO root: 0101 1111 0011 1100 1100 1000 0010 1111 1111 0010 0001 0000 1111 1000 1000 1111# after SSB
00:10:48.204.628 INFO root: 1010 0111 0111 0011 0111 0111 0000 0000 1110 0100 1011 0101 0111 1101 0100 1001# after SR MC SR
00:10:48.205.629 INFO root: 1000 0000 0000 0000 0000 0001 0000 0010 0100 0000 0010 0000 0000 0001 0000 0000# after SSB
00:10:48.205.629 INFO root: 0000 0000 0000 0000 0000 1101 0000 0000 0000 0000 0000 0000 0000 1011 0000 0000# after SR MC SR
00:10:48.206.629 INFO root: 
00:10:48.206.630 INFO root: new trail: 1011110100000000 -> 0000110100001011
00:10:48.207.631 INFO root: #trails 8 
00:10:48.207.631 INFO root: mask pair #54 / 65025: 0111011000000000 0000000010100001anfI_max <DenseSet hash=3243f0f9336aa8fa n=16 wt=80 | 3:3 4:23 5:29 6:25> anfO_max <DenseSet hash=f9982e082eadb740 n=16 wt=80 | 3:3 4:20 5:33 6:24>
00:10:55.946.370 INFO root: solving SAT...
00:11:55.069.493 INFO root: SAT solve time: 59.122384786605835
00:11:55.070.494 INFO root: SAT_times: 21.2 - 89.7, avg 47.2 med 42.9
00:11:55.070.494 INFO root: middle division transition ~0000110100000111 -> 0111000000001101 (~6 -> 6)
00:11:55.070.494 INFO root: mid transition: 0000110100000111 0111000000001101 6 6
00:11:55.070.494 INFO root: full trace:
00:11:55.071.495 INFO root: 1111 1111 1111 1111 0010 1111 1111 1111 1111 1111 1111 1111 1000 1111 1111 1111# initial
00:11:55.071.495 INFO root: 1111 0111 1111 0111 0111 1111 1101 1111 1111 0111 1111 1111 1111 1111 1110 1111# after SR MC SR
00:11:55.072.496 INFO root: 0110 0000 0010 0010 0010 1100 0110 0101 1111 1111 0100 1111 0100 1000 0100 0100# after SSB
00:11:55.072.496 INFO root: 0000 0111 1011 0000 1100 1111 1111 0001 0100 0000 0111 1001 0111 1100 0000 0000# after SR MC SR
00:11:55.073.496 INFO root: 1000 1000 0000 0000 0000 0010 0010 0000 0000 0000 0100 1000 0000 0000 0000 0000# after SSB
00:11:55.073.497 INFO root: 0000 0111 0000 0000 0000 0000 0000 0000 0000 0000 0000 0000 0000 1101 0000 0000# after SR MC SR
00:11:55.073.497 INFO root: 
00:11:55.073.497 INFO root: new trail: 0000110100000111 -> 0111000000001101
00:11:55.074.498 INFO root: #trails 9 
00:11:55.074.498 INFO root: mask pair #55 / 65025: 0111011001100000 0000101110111010anfI_max <DenseSet hash=b8ecdbd0c009bc2c n=16 wt=79 | 3:1 4:7 5:43 6:28> anfO_max <DenseSet hash=5a070468a0ab5b21 n=16 wt=87 | 3:5 4:14 5:41 6:27>
00:12:03.158.582 INFO root: solving SAT...
00:12:26.139.563 INFO root: SAT solve time: 22.980271577835083
00:12:26.139.563 INFO root: SAT_times: 21.2 - 89.7, avg 44.8 med 42.9
00:12:26.139.563 INFO root: middle division transition ~1011000010110000 -> 0000011100001011 (~6 -> 6)
00:12:26.140.564 INFO root: mid transition: 1011000010110000 0000011100001011 6 6
00:12:26.140.564 INFO root: full trace:
00:12:26.140.564 INFO root: 0100 1111 1111 1111 1111 1111 1111 1111 0100 1111 1111 1111 1111 1111 1111 1111# initial
00:12:26.141.564 INFO root: 0111 1111 0111 1111 1111 1101 1111 1011 1111 1111 1101 1111 1111 1111 1111 1101# after SR MC SR
00:12:26.141.565 INFO root: 0101 1000 1000 1111 1000 1111 1000 0000 1111 1101 1000 0101 1001 0010 1100 1001# after SSB
00:12:26.141.565 INFO root: 0011 1101 1101 1001 0000 0000 1011 0111 0000 1001 0000 0000 0111 1111 1101 1011# after SR MC SR
00:12:26.142.566 INFO root: 0001 0000 0000 0000 0000 0100 0000 0110 0000 0000 1000 0000 0000 1000 0000 0000# after SSB
00:12:26.142.566 INFO root: 0000 0000 0000 0000 0000 0111 0000 0000 0000 0000 0000 0000 0000 1011 0000 0000# after SR MC SR
00:12:26.142.566 INFO root: 
00:12:26.143.566 INFO root: new trail: 1011000010110000 -> 0000011100001011
00:12:26.144.568 INFO root: #trails 10 
00:12:26.144.568 INFO root: mask pair #151 / 65025: 0110000100000000 0000000110111010anfI_max <DenseSet hash=5763b703f91faa0c n=16 wt=96 | 3:2 4:15 5:58 6:21> anfO_max <DenseSet hash=f2a61c478be41953 n=16 wt=91 | 3:4 4:25 5:39 6:23>
00:12:34.109.533 INFO root: solving SAT...
00:14:20.285.709 INFO root: SAT solve time: 106.17596673965454
00:14:20.286.710 INFO root: SAT_times: 21.2 - 106.2, avg 50.4 med 42.9
00:14:20.286.710 INFO root: middle division transition ~0000101100000110 -> 0000101100001001 (~5 -> 5)
00:14:20.287.711 INFO root: mid transition: 0000101100000110 0000101100001001 5 5
00:14:20.287.711 INFO root: full trace:
00:14:20.287.711 INFO root: 1111 1111 1111 1111 0100 1111 1111 1111 1111 1111 1111 1111 1001 1111 1111 1111# initial
00:14:20.288.712 INFO root: 1111 0111 1111 1111 1111 1111 1110 1111 1111 0111 1111 0111 1011 1111 1111 1111# after SR MC SR
00:14:20.288.712 INFO root: 0011 1100 1111 1000 0100 0001 1111 0010 1111 1000 0010 1111 1010 0010 1000 1000# after SSB
00:14:20.289.713 INFO root: 1100 1101 1011 0111 1110 1100 0000 0000 1110 0000 0000 1011 0010 1011 1110 1010# after SR MC SR
00:14:20.289.713 INFO root: 1000 0000 0010 0000 0000 0100 0000 0010 1000 0000 0000 0000 0000 0000 0000 0000# after SSB
00:14:20.289.713 INFO root: 0000 0000 0000 0000 0000 1011 0000 0000 0000 0000 0000 0000 0000 1001 0000 0000# after SR MC SR
00:14:20.290.713 INFO root: 
00:14:20.290.714 INFO root: new trail: 0000101100000110 -> 0000101100001001
00:14:20.291.715 INFO root: #trails 11 
00:14:20.292.716 INFO root: mask pair #213 / 65025: 0111011001110110 0001101010110000anfI_max <DenseSet hash=689f914a2f505dee n=16 wt=88 | 3:3 4:14 5:47 6:24> anfO_max <DenseSet hash=3e6f4590e5ce5f62 n=16 wt=88 | 3:8 4:20 5:45 6:15>
00:14:27.962.386 INFO root: solving SAT...
00:15:00.538.962 INFO root: SAT solve time: 32.57612872123718
00:15:00.539.963 INFO root: SAT_times: 21.2 - 106.2, avg 48.9 med 42.9
00:15:00.539.963 INFO root: middle division transition ~0000000001111011 -> 1011101100000000 (~6 -> 6)
00:15:00.540.964 INFO root: mid transition: 0000000001111011 1011101100000000 6 6
00:15:00.540.964 INFO root: full trace:
00:15:00.540.964 INFO root: 1111 1111 1111 1111 1111 1111 1111 1111 1000 1111 1111 1111 0100 1111 1111 1111# initial
00:15:00.541.965 INFO root: 1111 1101 1011 1111 1111 1111 1111 1111 0111 1111 1111 1011 1111 1111 1011 1110# after SR MC SR
00:15:00.541.965 INFO root: 1111 0110 0000 1001 1000 0010 0010 1000 0100 1111 1111 1000 1001 0010 0010 1000# after SSB
00:15:00.542.966 INFO root: 1110 1011 0000 0111 1011 0001 0000 1111 0000 0111 0000 0000 0011 1110 0000 0011# after SR MC SR
00:15:00.542.966 INFO root: 0000 1000 0000 0000 0000 0000 0000 0100 0010 0000 0000 0100 1000 0001 0000 0000# after SSB
00:15:00.543.967 INFO root: 0000 1011 0000 0000 0000 1011 0000 0000 0000 0000 0000 0000 0000 0000 0000 0000# after SR MC SR
00:15:00.543.967 INFO root: 
00:15:00.543.967 INFO root: new trail: 0000000001111011 -> 1011101100000000
00:15:00.544.968 INFO root: #trails 12 
00:15:00.545.969 INFO root: mask pair #255 / 65025: 0001000101100000 1010000000000000anfI_max <DenseSet hash=1735a206e35e2b44 n=16 wt=105 | 3:2 4:10 5:77 6:16> anfO_max <DenseSet hash=4d700f45c27717be n=16 wt=76 | 3:9 4:32 5:27 6:8>
00:15:08.178.602 INFO root: solving SAT...
00:15:39.245.668 INFO root: SAT solve time: 31.065638065338135
00:15:39.245.669 INFO root: SAT_times: 21.2 - 106.2, avg 47.5 med 40.3
00:15:39.245.669 INFO root: middle division transition ~1011000001110000 -> 1011000000000110 (~6 -> 5)
00:15:39.246.670 INFO root: mid transition: 1011000001110000 1011000000000110 6 5
00:15:39.246.670 INFO root: full trace:
00:15:39.246.670 INFO root: 0100 1111 1111 1111 1111 1111 1111 1111 1000 1111 1111 1111 1111 1111 1111 1111# initial
00:15:39.247.671 INFO root: 1110 1111 0111 1111 1111 1111 1111 1111 0111 1111 1011 1111 1111 1011 1111 1101# after SR MC SR
00:15:39.247.671 INFO root: 1001 1000 0110 1000 0001 0010 0010 1111 0110 1111 1111 1111 0010 1100 0000 0001# after SSB
00:15:39.248.672 INFO root: 0000 0001 1011 0000 0111 1100 1110 0111 1010 0000 1010 0000 1101 0111 1101 1110# after SR MC SR
00:15:39.248.672 INFO root: 1000 1000 0000 0000 0000 0000 1000 0000 0000 0000 0001 1000 0000 0000 0000 0000# after SSB
00:15:39.248.672 INFO root: 0000 1011 0000 0000 0000 0000 0000 0000 0000 0000 0000 0000 0000 0110 0000 0000# after SR MC SR
00:15:39.249.673 INFO root: 
00:15:39.249.673 INFO root: new trail: 1011000001110000 -> 1011000000000110
00:15:39.251.675 INFO root: #trails 13 
00:15:39.251.675 INFO root: mask pair #408 / 65025: 0000000101110001 1010000000000000anfI_max <DenseSet hash=bf383e09114fe99d n=16 wt=95 | 3:3 4:13 5:54 6:25> anfO_max <DenseSet hash=4d700f45c27717be n=16 wt=76 | 3:9 4:32 5:27 6:8>
00:15:46.963.387 INFO root: solving SAT...
00:17:46.852.276 INFO root: SAT solve time: 119.8890814781189
00:17:46.853.277 INFO root: SAT_times: 21.2 - 119.9, avg 52.7 med 42.9
00:17:46.854.278 INFO root: middle division transition ~0011000000001101 -> 0000000011000111 (~5 -> 5)
00:17:46.854.278 INFO root: mid transition: 0011000000001101 0000000011000111 5 5
00:17:46.854.278 INFO root: full trace:
00:17:46.855.279 INFO root: 1100 1111 1111 1111 1111 1111 1111 1111 1111 1111 1111 1111 0010 1111 1111 1111# initial
00:17:46.855.279 INFO root: 1111 1101 1111 1111 1101 1111 1111 1011 1111 1111 0111 1111 1111 1111 1110 1111# after SR MC SR
00:17:46.856.280 INFO root: 1000 1100 0100 0010 1010 1111 0010 1111 0010 1111 0100 0100 1111 0001 0010 0010# after SSB
00:17:46.857.280 INFO root: 0000 1011 1100 0110 0011 1011 0000 1011 0101 1011 1000 1101 1101 1110 0000 0000# after SR MC SR
00:17:46.857.281 INFO root: 0010 0000 0000 0000 0000 0001 0000 0000 0000 0010 0000 0000 0000 0000 0001 1000# after SSB
00:17:46.858.282 INFO root: 0000 0000 0000 0000 0000 0000 0000 0000 0000 1100 0000 0000 0000 0111 0000 0000# after SR MC SR
00:17:46.858.282 INFO root: 
00:17:46.858.282 INFO root: new trail: 0011000000001101 -> 0000000011000111
00:17:46.859.283 INFO root: #trails 14 
00:17:46.860.284 INFO root: mask pair #416 / 65025: 0000000001110110 1010000100001011anfI_max <DenseSet hash=87819fc915ff4819 n=16 wt=90 | 3:4 4:32 5:37 6:17> anfO_max <DenseSet hash=c201b79dd7f7ccd8 n=16 wt=74 | 4:12 5:36 6:26>
00:17:54.886.310 INFO root: solving SAT...
00:18:20.564.988 INFO root: SAT solve time: 25.677406549453735
00:18:20.565.989 INFO root: SAT_times: 21.2 - 119.9, avg 50.9 med 40.3
00:18:20.565.989 INFO root: middle division transition ~1011110100000000 -> 1100000000001101 (~6 -> 5)
00:18:20.566.989 INFO root: mid transition: 1011110100000000 1100000000001101 6 5
00:18:20.566.990 INFO root: full trace:
00:18:20.566.990 INFO root: 0100 1111 1111 1111 0010 1111 1111 1111 1111 1111 1111 1111 1111 1111 1111 1111# initial
00:18:20.567.991 INFO root: 0111 1111 1111 0111 1111 1111 1010 1111 1111 1111 1011 1111 1111 1101 1111 1111# after SR MC SR
00:18:20.568.992 INFO root: 1111 0001 0100 0010 0010 1111 0000 0110 0100 1111 1111 1111 0010 0100 0100 0010# after SSB
00:18:20.568.992 INFO root: 1101 0000 0111 0000 0111 0101 1010 0111 0000 0111 1101 1011 1100 1111 0000 0000# after SR MC SR
00:18:20.569.993 INFO root: 0000 1000 0000 0000 0000 0010 0000 0000 0000 0000 1000 0000 0100 0000 0000 0001# after SSB
00:18:20.570.994 INFO root: 0000 1100 0000 0000 0000 0000 0000 0000 0000 0000 0000 0000 0000 1101 0000 0000# after SR MC SR
00:18:20.570.994 INFO root: 
00:18:20.570.994 INFO root: new trail: 1011110100000000 -> 1100000000001101
00:18:20.574.997 INFO root: #trails 15 
00:18:20.574.998 INFO root: mask pair #578 / 65025: 0111011100010111 1010101010111010anfI_max <DenseSet hash=64d8783bcc7097be n=16 wt=99 | 3:4 4:23 5:53 6:19> anfO_max <DenseSet hash=bc188ecbca172006 n=16 wt=74 | 3:5 4:11 5:36 6:22>
00:18:28.580.003 INFO root: solving SAT...
00:19:05.284.708 INFO root: SAT solve time: 36.70376467704773
00:19:05.284.708 INFO root: SAT_times: 21.2 - 119.9, avg 50.0 med 40.3
00:19:05.285.709 INFO root: middle division transition ~0111000000001011 -> 0000011110010000 (~6 -> 5)
00:19:05.285.709 INFO root: mid transition: 0111000000001011 0000011110010000 6 5
00:19:05.285.709 INFO root: full trace:
00:19:05.286.710 INFO root: 1000 1111 1111 1111 1111 1111 1111 1111 1111 1111 1111 1111 0100 1111 1111 1111# initial
00:19:05.286.710 INFO root: 1111 1111 1111 1111 1011 1111 1111 1011 1111 1111 0111 1111 1111 1110 1010 1111# after SR MC SR
00:19:05.286.710 INFO root: 0010 0100 0100 0100 1111 1111 1111 0010 0100 1111 1011 0100 1000 0010 0000 1111# after SSB
00:19:05.287.711 INFO root: 0111 0111 1010 0111 1111 0000 1011 1011 0000 0111 1101 0000 0000 1011 0000 1001# after SR MC SR
00:19:05.287.711 INFO root: 0000 0000 0000 0000 0010 0000 0000 0010 1000 0000 0000 0000 0000 1000 0010 0000# after SSB
00:19:05.288.712 INFO root: 0000 0000 0000 0000 0000 0111 0000 0000 0000 1001 0000 0000 0000 0000 0000 0000# after SR MC SR
00:19:05.288.712 INFO root: 
00:19:05.288.712 INFO root: new trail: 0111000000001011 -> 0000011110010000
00:19:05.304.728 INFO root: #trails 16 
00:19:05.304.728 INFO root: mask pair #2603 / 65025: 0111011000000000 0000000110100000anfI_max <DenseSet hash=3243f0f9336aa8fa n=16 wt=80 | 3:3 4:23 5:29 6:25> anfO_max <DenseSet hash=58e87f75d3b79363 n=16 wt=84 | 3:4 4:21 5:37 6:22>
00:19:13.372.796 INFO root: solving SAT...
00:19:44.216.640 INFO root: SAT solve time: 30.843518018722534
00:19:44.217.640 INFO root: SAT_times: 21.2 - 119.9, avg 48.9 med 36.7
00:19:44.217.641 INFO root: middle division transition ~0111000001110000 -> 0000000001111101 (~6 -> 6)
00:19:44.217.641 INFO root: mid transition: 0111000001110000 0000000001111101 6 6
00:19:44.218.641 INFO root: full trace:
00:19:44.218.642 INFO root: 1000 1111 1111 1111 1111 1111 1111 1111 1000 1111 1111 1111 1111 1111 1111 1111# initial
00:19:44.219.643 INFO root: 1101 1111 1111 1111 1111 0111 1111 1011 0111 1111 1011 1111 1111 1111 1111 1101# after SR MC SR
00:19:44.219.643 INFO root: 1111 1000 1010 0000 0000 1111 0100 1111 1001 0001 1111 1000 0100 1111 0010 1000# after SSB
00:19:44.220.644 INFO root: 1110 0000 0111 0000 0001 1110 0000 1111 1101 0000 1101 1100 0011 0111 0001 1101# after SR MC SR
00:19:44.220.644 INFO root: 0100 0000 0000 1000 0100 1000 0000 0000 0000 0000 0000 0000 0000 0000 0010 0010# after SSB
00:19:44.221.645 INFO root: 0000 0000 0000 0000 0000 0000 0000 0000 0000 0111 0000 0000 0000 1101 0000 0000# after SR MC SR
00:19:44.221.645 INFO root: 
00:19:44.221.645 INFO root: new trail: 0111000001110000 -> 0000000001111101
00:19:44.281.705 INFO root: #trails 17 
00:19:44.281.705 INFO root: mask pair #7988 / 65025: 0110011101100000 1011000000000000anfI_max <DenseSet hash=430d650a258b0447 n=16 wt=80 | 3:1 4:12 5:40 6:27> anfO_max <DenseSet hash=5fa4d26b96d67071 n=16 wt=59 | 3:2 5:40 6:17>
00:19:53.136.560 INFO root: solving SAT...
00:20:17.337.761 INFO root: SAT solve time: 24.200297832489014
00:20:17.337.761 INFO root: SAT_times: 21.2 - 119.9, avg 47.5 med 36.7
00:20:17.338.761 INFO root: middle division transition ~1010000000001011 -> 1101000010110000 (~5 -> 6)
00:20:17.338.762 INFO root: mid transition: 1010000000001011 1101000010110000 5 6
00:20:17.338.762 INFO root: full trace:
00:20:17.338.762 INFO root: 0101 1111 1111 1111 1111 1111 1111 1111 1111 1111 1111 1111 0100 1111 1111 1111# initial
00:20:17.339.763 INFO root: 1111 1101 1111 1111 1101 1111 1111 0111 1111 1111 1110 1111 1111 1111 0111 1111# after SR MC SR
00:20:17.339.763 INFO root: 0010 1111 0010 1111 1111 0101 0011 0010 0010 1011 0001 1111 0101 0100 0100 0001# after SSB
00:20:17.340.764 INFO root: 1001 1011 1110 0111 1010 1000 0111 0000 0000 1101 0111 1111 1101 0000 0111 0000# after SR MC SR
00:20:17.340.764 INFO root: 0000 1000 0000 0100 0100 0000 1000 0000 0000 0000 0000 1000 0000 0000 0100 0000# after SSB
00:20:17.341.764 INFO root: 0000 1101 0000 0000 0000 0000 0000 0000 0000 1011 0000 0000 0000 0000 0000 0000# after SR MC SR
00:20:17.341.765 INFO root: 
00:20:17.341.765 INFO root: new trail: 1010000000001011 -> 1101000010110000
00:20:17.351.774 INFO root: #trails 18 
00:20:17.351.775 INFO root: mask pair #9172 / 65025: 0110000100010001 0000101100000001anfI_max <DenseSet hash=9ca5b36c65c45975 n=16 wt=104 | 3:2 4:20 5:63 6:19> anfO_max <DenseSet hash=2ecc95775a1a0865 n=16 wt=82 | 3:2 4:28 5:28 6:24>
00:20:24.851.275 INFO root: solving SAT...
00:21:02.083.506 INFO root: SAT solve time: 37.23121905326843
00:21:02.083.507 INFO root: SAT_times: 21.2 - 119.9, avg 47.0 med 36.7
00:21:02.084.507 INFO root: middle division transition ~0000110110110000 -> 1011110100000000 (~6 -> 6)
00:21:02.084.508 INFO root: mid transition: 0000110110110000 1011110100000000 6 6
00:21:02.084.508 INFO root: full trace:
00:21:02.085.508 INFO root: 1111 1111 1111 1111 0010 1111 1111 1111 0100 1111 1111 1111 1111 1111 1111 1111# initial
00:21:02.085.509 INFO root: 1111 1111 0111 1011 1111 1011 1011 1111 0111 1011 1111 1111 1111 1111 1111 1111# after SR MC SR
00:21:02.086.509 INFO root: 1101 0010 0000 0010 1111 1001 1111 0011 0100 1111 0100 1100 1000 0000 0010 1111# after SSB
00:21:02.086.510 INFO root: 1010 0101 0000 1001 0111 1010 0111 1110 0000 1001 1011 1001 0111 1001 1000 0001# after SR MC SR
00:21:02.087.510 INFO root: 0000 0010 0010 0000 0000 0000 0000 1000 0000 0000 0000 0001 1000 0100 0000 0000# after SSB
00:21:02.087.511 INFO root: 0000 1011 0000 0000 0000 1101 0000 0000 0000 0000 0000 0000 0000 0000 0000 0000# after SR MC SR
00:21:02.087.511 INFO root: 
00:21:02.087.511 INFO root: new trail: 0000110110110000 -> 1011110100000000
00:21:02.092.516 INFO root: #trails 19 
00:21:02.093.516 INFO root: mask pair #9457 / 65025: 0000011001110111 0001101010111010anfI_max <DenseSet hash=f732fb69616ff986 n=16 wt=97 | 3:3 4:18 5:50 6:26> anfO_max <DenseSet hash=9ccbba0f79827bb7 n=16 wt=76 | 3:6 4:9 5:42 6:19>
00:21:09.834.258 INFO root: solving SAT...
00:21:42.331.755 INFO root: SAT solve time: 32.496885776519775
00:21:42.332.755 INFO root: SAT_times: 21.2 - 119.9, avg 46.2 med 36.7
00:21:42.332.756 INFO root: middle division transition ~0111000001110000 -> 0111000011010000 (~6 -> 6)
00:21:42.332.756 INFO root: mid transition: 0111000001110000 0111000011010000 6 6
00:21:42.333.756 INFO root: full trace:
00:21:42.333.757 INFO root: 1000 1111 1111 1111 1111 1111 1111 1111 1000 1111 1111 1111 1111 1111 1111 1111# initial
00:21:42.334.758 INFO root: 1110 1111 1110 1111 1111 0111 1111 0111 0111 1111 1110 1111 1111 1111 1111 1111# after SR MC SR
00:21:42.334.758 INFO root: 0010 0011 0010 0111 0100 0010 0010 0101 0010 1111 1000 0101 0010 1100 1000 1111# after SSB
00:21:42.335.759 INFO root: 1101 0000 0111 1011 0111 0000 0000 0000 1011 1011 0001 1101 0111 1110 0000 0000# after SR MC SR
00:21:42.336.759 INFO root: 0000 1000 0000 0001 0011 0000 0001 0000 0000 0000 0000 0000 0001 0000 0000 0000# after SSB
00:21:42.336.760 INFO root: 0000 0111 0000 0000 0000 0000 0000 0000 0000 1101 0000 0000 0000 0000 0000 0000# after SR MC SR
00:21:42.336.760 INFO root: 
00:21:42.337.761 INFO root: new trail: 0111000001110000 -> 0111000011010000
00:21:42.440.864 INFO root: #trails 20 
00:21:42.440.864 INFO root: mask pair #18134 / 65025: 0111000101110110 1011000010100001anfI_max <DenseSet hash=fed5c46ce544c713 n=16 wt=86 | 3:5 4:32 5:24 6:25> anfO_max <DenseSet hash=34895b7ee6851471 n=16 wt=94 | 3:1 4:22 5:52 6:19>
00:21:50.299.723 INFO root: solving SAT...
00:22:10.349.773 INFO root: SAT solve time: 20.049839973449707
00:22:10.349.773 INFO root: SAT_times: 20.0 - 119.9, avg 45.0 med 34.2
00:22:10.350.774 INFO root: middle division transition ~0000101100001100 -> 1101000001110000 (~5 -> 6)
00:22:10.350.774 INFO root: mid transition: 0000101100001100 1101000001110000 5 6
00:22:10.350.774 INFO root: full trace:
00:22:10.351.775 INFO root: 1111 1111 1111 1111 0100 1111 1111 1111 1111 1111 1111 1111 0011 1111 1111 1111# initial
00:22:10.351.775 INFO root: 1111 1101 1111 1101 1111 1111 1111 1111 1111 1011 1111 1111 1101 1111 1110 1111# after SR MC SR
00:22:10.351.775 INFO root: 1100 0100 0010 1000 1111 1100 0100 1111 1000 0001 1111 0011 0100 0100 1111 0100# after SSB
00:22:10.352.776 INFO root: 1101 0000 0000 1011 0111 0111 0111 0111 1111 1111 1011 0000 0000 0000 0011 0000# after SR MC SR
00:22:10.352.776 INFO root: 0000 0001 0000 1000 0100 0000 1000 0000 0000 0100 0000 0000 1000 0000 0000 0000# after SSB
00:22:10.352.776 INFO root: 0000 1101 0000 0000 0000 0000 0000 0000 0000 0111 0000 0000 0000 0000 0000 0000# after SR MC SR
00:22:10.353.777 INFO root: 
00:22:10.353.777 INFO root: new trail: 0000101100001100 -> 1101000001110000
00:22:10.420.844 INFO root: #trails 21 
00:22:10.421.845 INFO root: mask pair #26131 / 65025: 0001011100000001 0000000100000000anfI_max <DenseSet hash=ebe00d438f35fd57 n=16 wt=92 | 3:1 4:16 5:53 6:22> anfO_max <DenseSet hash=e602ded485a2d8fc n=16 wt=77 | 3:5 4:19 5:42 6:11>
00:22:18.177.601 INFO root: solving SAT...
00:22:53.547.971 INFO root: SAT solve time: 35.3691565990448
00:22:53.547.971 INFO root: SAT_times: 20.0 - 119.9, avg 44.5 med 35.4
00:22:53.548.972 INFO root: middle division transition ~1011000000001010 -> 0000101100001010 (~5 -> 5)
00:22:53.548.972 INFO root: mid transition: 1011000000001010 0000101100001010 5 5
00:22:53.548.972 INFO root: full trace:
00:22:53.549.973 INFO root: 0100 1111 1111 1111 1111 1111 1111 1111 1111 1111 1111 1111 0101 1111 1111 1111# initial
00:22:53.549.973 INFO root: 1101 1111 1111 1111 1111 1111 1111 1111 1111 1111 1101 1011 1111 1101 1110 1111# after SR MC SR
00:22:53.550.974 INFO root: 1000 1111 1111 0100 1111 0010 0000 0010 0100 0100 1111 1111 0101 0100 1000 1000# after SSB
00:22:53.550.974 INFO root: 0000 0111 1111 0010 1010 0000 0000 0111 1101 0111 1100 1100 0111 1100 1011 0000# after SR MC SR
00:22:53.551.975 INFO root: 0000 0000 0100 0000 0000 0000 0000 0000 1000 0000 0100 0000 0000 0100 0000 0100# after SSB
00:22:53.551.975 INFO root: 0000 0000 0000 0000 0000 1011 0000 0000 0000 0000 0000 0000 0000 1010 0000 0000# after SR MC SR
00:22:53.552.976 INFO root: 
00:22:53.552.976 INFO root: new trail: 1011000000001010 -> 0000101100001010
00:22:53.644.068 INFO root: #trails 22 
00:22:53.644.068 INFO root: mask pair #35235 / 65025: 0000000000000110 1010000000000000anfI_max <DenseSet hash=68c34902e61fdf85 n=16 wt=92 | 3:2 4:18 5:64 6:8> anfO_max <DenseSet hash=4d700f45c27717be n=16 wt=76 | 3:9 4:32 5:27 6:8>
00:23:01.362.786 INFO root: solving SAT...
00:23:16.155.579 INFO root: SAT solve time: 14.79292368888855
00:23:16.156.580 INFO root: SAT_times: 14.8 - 119.9, avg 43.3 med 34.2
00:23:16.156.580 INFO root: middle division transition ~0000101100001011 -> 0000000011000111 (~6 -> 5)
00:23:16.156.580 INFO root: mid transition: 0000101100001011 0000000011000111 6 5
00:23:16.157.581 INFO root: full trace:
00:23:16.157.581 INFO root: 1111 1111 1111 1111 0100 1111 1111 1111 1111 1111 1111 1111 0100 1111 1111 1111# initial
00:23:16.158.582 INFO root: 1111 1111 1111 0111 1110 1111 0111 1111 1111 1111 1111 1011 1101 1111 1011 1111# after SR MC SR
00:23:16.158.582 INFO root: 1000 1111 0100 1010 0100 1111 0100 0010 0111 1111 0000 0000 0010 1111 1111 1111# after SSB
00:23:16.159.583 INFO root: 1101 0000 0000 1100 0000 1111 1101 0000 1011 1101 1011 1101 0111 0111 1101 1100# after SR MC SR
00:23:16.160.583 INFO root: 0010 0000 0000 0100 0000 1000 0000 0000 0000 1000 1000 0000 0000 0000 0000 0000# after SSB
00:23:16.160.584 INFO root: 0000 0000 0000 0000 0000 0000 0000 0000 0000 1100 0000 0000 0000 0111 0000 0000# after SR MC SR
00:23:16.160.584 INFO root: 
00:23:16.161.585 INFO root: new trail: 0000101100001011 -> 0000000011000111
00:23:16.204.628 INFO root: #trails 23 
00:23:16.205.629 INFO root: mask pair #40749 / 65025: 0111000000000000 1011000010110000anfI_max <DenseSet hash=8e86f97a32b682a0 n=16 wt=72 | 3:11 4:22 5:23 6:16> anfO_max <DenseSet hash=4ed41db576171ef6 n=16 wt=83 | 3:1 4:5 5:54 6:23>
00:23:24.009.432 INFO root: solving SAT...
00:23:57.201.625 INFO root: SAT solve time: 33.19178557395935
00:23:57.201.625 INFO root: SAT_times: 14.8 - 119.9, avg 42.8 med 34.2
00:23:57.202.626 INFO root: middle division transition ~0000000001111101 -> 1011000000001101 (~6 -> 6)
00:23:57.202.626 INFO root: mid transition: 0000000001111101 1011000000001101 6 6
00:23:57.202.626 INFO root: full trace:
00:23:57.203.627 INFO root: 1111 1111 1111 1111 1111 1111 1111 1111 1000 1111 1111 1111 0010 1111 1111 1111# initial
00:23:57.203.627 INFO root: 1111 1101 0111 1111 0111 1111 1111 1111 0111 1111 1111 1111 1111 1111 1011 1101# after SR MC SR
00:23:57.204.628 INFO root: 1111 1010 1111 1101 0010 1111 0110 1111 0100 1001 0010 0011 0000 0110 0000 0111# after SSB
00:23:57.204.628 INFO root: 1111 0000 1011 0000 0000 1001 0111 1101 1110 1101 1011 1011 0000 1010 1101 1101# after SR MC SR
00:23:57.205.629 INFO root: 0010 0100 0000 0000 0000 0000 0001 0000 0000 0000 0100 0000 0100 0000 0000 1000# after SSB
00:23:57.205.629 INFO root: 0000 1011 0000 0000 0000 0000 0000 0000 0000 0000 0000 0000 0000 1101 0000 0000# after SR MC SR
00:23:57.205.629 INFO root: 
00:23:57.206.630 INFO root: new trail: 0000000001111101 -> 1011000000001101
00:23:57.217.641 INFO root: #trails 24 
00:23:57.218.642 INFO root: mask pair #42008 / 65025: 0001011101110001 0000000010110000anfI_max <DenseSet hash=c4efdb37981e65b3 n=16 wt=91 | 3:3 4:4 5:61 6:23> anfO_max <DenseSet hash=4538e1ec0db6e265 n=16 wt=59 | 3:5 4:16 5:24 6:14>
00:24:05.211.635 INFO root: solving SAT...
00:24:21.334.758 INFO root: SAT solve time: 16.12182116508484
00:24:21.334.758 INFO root: SAT_times: 14.8 - 119.9, avg 41.8 med 33.9
00:24:21.335.758 INFO root: middle division transition ~1101101100000000 -> 0111110100000000 (~6 -> 6)
00:24:21.335.759 INFO root: mid transition: 1101101100000000 0111110100000000 6 6
00:24:21.335.759 INFO root: full trace:
00:24:21.336.759 INFO root: 0010 1111 1111 1111 0100 1111 1111 1111 1111 1111 1111 1111 1111 1111 1111 1111# initial
00:24:21.336.760 INFO root: 1110 1111 1111 0111 1111 1111 1011 1101 1111 1101 1111 1111 1111 1101 1111 1111# after SR MC SR
00:24:21.336.760 INFO root: 0100 0100 1111 0010 1111 0000 1000 0000 1111 1111 0001 0010 0010 0011 1111 1111# after SSB
00:24:21.337.761 INFO root: 0000 0000 0111 1111 0011 1111 1011 0000 1101 1011 0111 1001 1101 1011 0000 0000# after SR MC SR
00:24:21.337.761 INFO root: 0000 0100 0000 0000 0000 0000 0010 0001 1000 0000 0000 0010 0000 1000 0000 0000# after SSB
00:24:21.337.761 INFO root: 0000 0111 0000 0000 0000 1101 0000 0000 0000 0000 0000 0000 0000 0000 0000 0000# after SR MC SR
00:24:21.338.761 INFO root: 
00:24:21.338.762 INFO root: new trail: 1101101100000000 -> 0111110100000000
00:24:21.478.902 INFO root: #trails 25 
00:24:21.479.903 INFO root: mask pair #61973 / 65025: 0111011000000000 0001101100010000anfI_max <DenseSet hash=3243f0f9336aa8fa n=16 wt=80 | 3:3 4:23 5:29 6:25> anfO_max <DenseSet hash=b34a9dfe0d178c1f n=16 wt=84 | 3:4 4:21 5:42 6:17>
00:24:29.261.685 INFO root: solving SAT...
00:25:27.603.027 INFO root: SAT solve time: 58.34134221076965
00:25:27.604.027 INFO root: SAT_times: 14.8 - 119.9, avg 42.4 med 34.2
00:25:27.604.028 INFO root: middle division transition ~1101110100000000 -> 0000000001111010 (~6 -> 5)
00:25:27.604.028 INFO root: mid transition: 1101110100000000 0000000001111010 6 5
00:25:27.605.028 INFO root: full trace:
00:25:27.605.029 INFO root: 0010 1111 1111 1111 0010 1111 1111 1111 1111 1111 1111 1111 1111 1111 1111 1111# initial
00:25:27.606.029 INFO root: 1011 1111 1111 1101 1111 1111 1101 1101 1111 1111 1111 1111 1101 1110 1111 1111# after SR MC SR
00:25:27.606.030 INFO root: 1111 1111 0010 1000 1000 1000 1111 0010 1101 1111 1100 0000 0000 0100 1000 1111# after SSB
00:25:27.606.030 INFO root: 1011 0000 0000 0000 1010 1101 1011 1011 0000 1111 1011 1011 0000 1100 0111 0111# after SR MC SR
00:25:27.607.031 INFO root: 0000 0000 0000 0000 0100 0100 0000 0000 0000 0010 0000 0000 0000 0000 0010 0100# after SSB
00:25:27.607.031 INFO root: 0000 0000 0000 0000 0000 0000 0000 0000 0000 0111 0000 0000 0000 1010 0000 0000# after SR MC SR
00:25:27.607.031 INFO root: 
00:25:27.608.032 INFO root: new trail: 1101110100000000 -> 0000000001111010
00:25:27.632.056 INFO root: 
00:25:27.632.056 INFO root: final SAT_times: 14.8 - 119.9, avg 42.4 med 34.2
00:25:27.633.057 INFO root: SAT_times all [14.79292368888855, 16.12182116508484, 20.049839973449707, 21.20202374458313, 22.980271577835083, 24.200297832489014, 25.677406549453735, 30.843518018722534, 31.065638065338135, 32.496885776519775, 32.57612872123718, 33.19178557395935, 33.93630290031433, 34.19356107711792, 35.3691565990448, 36.70376467704773, 37.23121905326843, 40.31809163093567, 42.945433616638184, 46.70599436759949, 56.60111904144287, 58.34134221076965, 59.122384786605835, 89.70071864128113, 106.17596673965454, 119.8890814781189]
00:25:27.633.057 INFO root: Trails:
00:25:27.633.057 INFO root: trail ~0000101111000000 -> 0111011100000000: 1111111111111111010011111111111100111111111111111111111111111111 1111111101111110111111111011111110111101111111111111111111111111 1111111111101111001001001000111110000010000110000010001000111000 1111110111010101000001111110000001010000100001001101110010111000 0000000010000000000000000010000010000000000000101000010000000000 0000011100000000000001110000000000000000000000000000000000000000
00:25:27.634.058 INFO root: trail ~1100000000001011 -> 0000110101110000: 0011111111111111111111111111111111111111111111110100111111111111 1110110111111111110111111111011111111111111111111111111101111111 0010001011110010001011111000001000101011010000100100100001101111 1110000000001100111011011011101100100000110100000011000100011011 0000000000100100100000000000000010000000000000000000000110000000 0000000000000000000011010000000000000111000000000000000000000000
00:25:27.634.058 INFO root: trail ~0000000011010111 -> 1011000001110000: 1111111111111111111111111111111100101111111111111000111111111111 1111101111011111111111111111111110111111111101111111111101111101 1111100000000001010111111111100000100011000111000010101111110001 1111011111000111000000001101011100000100000000110101110101111101 0000010000000001000100000000000000000000000000010100000010000000 0000101100000000000000000000000000000111000000000000000000000000
00:25:27.635.059 INFO root: trail ~0000000011010110 -> 0111000010110000: 1111111111111111111111111111111100101111111111111001111111111111 1111111010111111111111111111111111011111111110111111111111111110 0100011111110001010001000010010001001111010000101111111110000010 0000101111111111000010110000000000001011000110110000110111011011 0000010000000100000000000010000000001000000000100000000001000000 0000011100000000000000000000000000001011000000000000000000000000
00:25:27.635.059 INFO root: trail ~1100000000001101 -> 0000110110110000: 0011111111111111111111111111111111111111111111110010111111111111 1111101111111111011111111111011111111111111111111111011111011111 1111010011111000100000001100111101001111101101111011100001001010 0111101111111011110100000000000011011000111011011011101100001011 0000000010000000100000000000100000100010000000000000000001000000 0000000000000000000011010000000000001011000000000000000000000000
00:25:27.636.059 INFO root: trail ~1011000000001011 -> 0000101100001011: 0100111111111111111111111111111111111111111111110100111111111111 1101111011111111111111111111111011111111111110111111011110111111 0101100010001111100101000010000011110010100111110010010011110011 0000011100000111000101111001101111011101111101111110000000000000 0001000001000000000010000000001000010000000100000000000000000000 0000000000000000000010110000000000000000000000000000101100000000
00:25:27.636.060 INFO root: trail ~0000000001111011 -> 0111000000000111: 1111111111111111111111111111111110001111111111110100111111111111 1111111101111111110111011111111111111111111110111111111111011101 1001001001100000101000100010111111111001000011001011111111110100 0000000011010111000111110000000011111011001010110110110101111101 1000100000000000000000100000000000000000001000101000000000000000 0000011100000000000000000000000000000000000000000000011100000000
00:25:27.636.060 INFO root: trail ~1011110100000000 -> 0000110100001011: 0100111111111111001011111111111111111111111111111111111111111111 1110111111111110111111111110011111110111101111111111111111111111 0101111100111100110010000010111111110010000100001111100010001111 1010011101110011011101110000000011100100101101010111110101001001 1000000000000000000000010000001001000000001000000000000100000000 0000000000000000000011010000000000000000000000000000101100000000
00:25:27.637.061 INFO root: trail ~0000110100000111 -> 0111000000001101: 1111111111111111001011111111111111111111111111111000111111111111 1111011111110111011111111101111111110111111111111111111111101111 0110000000100010001011000110010111111111010011110100100001000100 0000011110110000110011111111000101000000011110010111110000000000 1000100000000000000000100010000000000000010010000000000000000000 0000011100000000000000000000000000000000000000000000110100000000
00:25:27.637.061 INFO root: trail ~1011000010110000 -> 0000011100001011: 0100111111111111111111111111111101001111111111111111111111111111 0111111101111111111111011111101111111111110111111111111111111101 0101100010001111100011111000000011111101100001011001001011001001 0011110111011001000000001011011100001001000000000111111111011011 0001000000000000000001000000011000000000100000000000100000000000 0000000000000000000001110000000000000000000000000000101100000000
00:25:27.638.062 INFO root: trail ~0000101100000110 -> 0000101100001001: 1111111111111111010011111111111111111111111111111001111111111111 1111011111111111111111111110111111110111111101111011111111111111 0011110011111000010000011111001011111000001011111010001010001000 1100110110110111111011000000000011100000000010110010101111101010 1000000000100000000001000000001010000000000000000000000000000000 0000000000000000000010110000000000000000000000000000100100000000
00:25:27.638.062 INFO root: trail ~0000000001111011 -> 1011101100000000: 1111111111111111111111111111111110001111111111110100111111111111 1111110110111111111111111111111101111111111110111111111110111110 1111011000001001100000100010100001001111111110001001001000101000 1110101100000111101100010000111100000111000000000011111000000011 0000100000000000000000000000010000100000000001001000000100000000 0000101100000000000010110000000000000000000000000000000000000000
00:25:27.639.062 INFO root: trail ~1011000001110000 -> 1011000000000110: 0100111111111111111111111111111110001111111111111111111111111111 1110111101111111111111111111111101111111101111111111101111111101 1001100001101000000100100010111101101111111111110010110000000001 0000000110110000011111001110011110100000101000001101011111011110 1000100000000000000000001000000000000000000110000000000000000000 0000101100000000000000000000000000000000000000000000011000000000
00:25:27.639.063 INFO root: trail ~0011000000001101 -> 0000000011000111: 1100111111111111111111111111111111111111111111110010111111111111 1111110111111111110111111111101111111111011111111111111111101111 1000110001000010101011110010111100101111010001001111000100100010 0000101111000110001110110000101101011011100011011101111000000000 0010000000000000000000010000000000000010000000000000000000011000 0000000000000000000000000000000000001100000000000000011100000000
00:25:27.640.063 INFO root: trail ~1011110100000000 -> 1100000000001101: 0100111111111111001011111111111111111111111111111111111111111111 0111111111110111111111111010111111111111101111111111110111111111 1111000101000010001011110000011001001111111111110010010001000010 1101000001110000011101011010011100000111110110111100111100000000 0000100000000000000000100000000000000000100000000100000000000001 0000110000000000000000000000000000000000000000000000110100000000
00:25:27.640.064 INFO root: trail ~0111000000001011 -> 0000011110010000: 1000111111111111111111111111111111111111111111110100111111111111 1111111111111111101111111111101111111111011111111111111010101111 0010010001000100111111111111001001001111101101001000001000001111 0111011110100111111100001011101100000111110100000000101100001001 0000000000000000001000000000001010000000000000000000100000100000 0000000000000000000001110000000000001001000000000000000000000000
00:25:27.641.065 INFO root: trail ~0111000001110000 -> 0000000001111101: 1000111111111111111111111111111110001111111111111111111111111111 1101111111111111111101111111101101111111101111111111111111111101 1111100010100000000011110100111110010001111110000100111100101000 1110000001110000000111100000111111010000110111000011011100011101 0100000000001000010010000000000000000000000000000000000000100010 0000000000000000000000000000000000000111000000000000110100000000
00:25:27.641.065 INFO root: trail ~1010000000001011 -> 1101000010110000: 0101111111111111111111111111111111111111111111110100111111111111 1111110111111111110111111111011111111111111011111111111101111111 0010111100101111111101010011001000101011000111110101010001000001 1001101111100111101010000111000000001101011111111101000001110000 0000100000000100010000001000000000000000000010000000000001000000 0000110100000000000000000000000000001011000000000000000000000000
00:25:27.642.065 INFO root: trail ~0000110110110000 -> 1011110100000000: 1111111111111111001011111111111101001111111111111111111111111111 1111111101111011111110111011111101111011111111111111111111111111 1101001000000010111110011111001101001111010011001000000000101111 1010010100001001011110100111111000001001101110010111100110000001 0000001000100000000000000000100000000000000000011000010000000000 0000101100000000000011010000000000000000000000000000000000000000
00:25:27.642.066 INFO root: trail ~0111000001110000 -> 0111000011010000: 1000111111111111111111111111111110001111111111111111111111111111 1110111111101111111101111111011101111111111011111111111111111111 0010001100100111010000100010010100101111100001010010110010001111 1101000001111011011100000000000010111011000111010111111000000000 0000100000000001001100000001000000000000000000000001000000000000 0000011100000000000000000000000000001101000000000000000000000000
00:25:27.642.066 INFO root: trail ~0000101100001100 -> 1101000001110000: 1111111111111111010011111111111111111111111111110011111111111111 1111110111111101111111111111111111111011111111111101111111101111 1100010000101000111111000100111110000001111100110100010011110100 1101000000001011011101110111011111111111101100000000000000110000 0000000100001000010000001000000000000100000000001000000000000000 0000110100000000000000000000000000000111000000000000000000000000
00:25:27.643.067 INFO root: trail ~1011000000001010 -> 0000101100001010: 0100111111111111111111111111111111111111111111110101111111111111 1101111111111111111111111111111111111111110110111111110111101111 1000111111110100111100100000001001000100111111110101010010001000 0000011111110010101000000000011111010111110011000111110010110000 0000000001000000000000000000000010000000010000000000010000000100 0000000000000000000010110000000000000000000000000000101000000000
00:25:27.643.067 INFO root: trail ~0000101100001011 -> 0000000011000111: 1111111111111111010011111111111111111111111111110100111111111111 1111111111110111111011110111111111111111111110111101111110111111 1000111101001010010011110100001001111111000000000010111111111111 1101000000001100000011111101000010111101101111010111011111011100 0010000000000100000010000000000000001000100000000000000000000000 0000000000000000000000000000000000001100000000000000011100000000
00:25:27.644.068 INFO root: trail ~0000000001111101 -> 1011000000001101: 1111111111111111111111111111111110001111111111110010111111111111 1111110101111111011111111111111101111111111111111111111110111101 1111101011111101001011110110111101001001001000110000011000000111 1111000010110000000010010111110111101101101110110000101011011101 0010010000000000000000000001000000000000010000000100000000001000 0000101100000000000000000000000000000000000000000000110100000000
00:25:27.644.068 INFO root: trail ~1101101100000000 -> 0111110100000000: 0010111111111111010011111111111111111111111111111111111111111111 1110111111110111111111111011110111111101111111111111110111111111 0100010011110010111100001000000011111111000100100010001111111111 0000000001111111001111111011000011011011011110011101101100000000 0000010000000000000000000010000110000000000000100000100000000000 0000011100000000000011010000000000000000000000000000000000000000
00:25:27.645.069 INFO root: trail ~1101110100000000 -> 0000000001111010: 0010111111111111001011111111111111111111111111111111111111111111 1011111111111101111111111101110111111111111111111101111011111111 1111111100101000100010001111001011011111110000000000010010001111 1011000000000000101011011011101100001111101110110000110001110111 0000000000000000010001000000000000000010000000000000000000100100 0000000000000000000000000000000000000111000000000000101000000000
00:25:27.645.069 INFO root: 
00:25:27.645.069 INFO root: Greedy:
00:25:27.662.086 INFO root: greedy iter, tocover 65025
00:25:36.467.891 INFO root: trail (Bin(0b0011000000001101, n=16), Bin(0b0000000011000111, n=16)) cnt 43008
00:25:36.563.986 INFO root: -----
00:25:36.563.987 INFO root: greedy iter, tocover 22017
00:25:37.331.755 INFO root: trail (Bin(0b0000101100000110, n=16), Bin(0b0000101100001001, n=16)) cnt 12672
00:25:37.361.785 INFO root: -----
00:25:37.362.786 INFO root: greedy iter, tocover 9345
00:25:37.707.130 INFO root: trail (Bin(0b1101110100000000, n=16), Bin(0b0000000001111010, n=16)) cnt 3696
00:25:37.721.145 INFO root: -----
00:25:37.721.145 INFO root: greedy iter, tocover 5649
00:25:37.929.353 INFO root: trail (Bin(0b1011110100000000, n=16), Bin(0b1100000000001101, n=16)) cnt 2310
00:25:37.938.362 INFO root: -----
00:25:37.938.362 INFO root: greedy iter, tocover 3339
00:25:38.062.486 INFO root: trail (Bin(0b1010000000001011, n=16), Bin(0b1101000010110000, n=16)) cnt 1394
00:25:38.068.492 INFO root: -----
00:25:38.068.492 INFO root: greedy iter, tocover 1945
00:25:38.147.571 INFO root: trail (Bin(0b0000000011010110, n=16), Bin(0b0111000010110000, n=16)) cnt 840
00:25:38.150.574 INFO root: -----
00:25:38.151.574 INFO root: greedy iter, tocover 1105
00:25:38.194.618 INFO root: trail (Bin(0b0000101111000000, n=16), Bin(0b0111011100000000, n=16)) cnt 467
00:25:38.196.620 INFO root: -----
00:25:38.196.620 INFO root: greedy iter, tocover 638
00:25:38.220.644 INFO root: trail (Bin(0b1011000001110000, n=16), Bin(0b1011000000000110, n=16)) cnt 238
00:25:38.222.645 INFO root: -----
00:25:38.222.646 INFO root: greedy iter, tocover 400
00:25:38.237.661 INFO root: trail (Bin(0b0000110100000111, n=16), Bin(0b0111000000001101, n=16)) cnt 130
00:25:38.238.662 INFO root: -----
00:25:38.238.662 INFO root: greedy iter, tocover 270
00:25:38.249.673 INFO root: trail (Bin(0b0000110110110000, n=16), Bin(0b1011110100000000, n=16)) cnt 85
00:25:38.249.673 INFO root: -----
00:25:38.250.674 INFO root: greedy iter, tocover 185
00:25:38.257.681 INFO root: trail (Bin(0b1101101100000000, n=16), Bin(0b0111110100000000, n=16)) cnt 59
00:25:38.257.681 INFO root: -----
00:25:38.258.681 INFO root: greedy iter, tocover 126
00:25:38.263.687 INFO root: trail (Bin(0b1011000000001010, n=16), Bin(0b0000101100001010, n=16)) cnt 40
00:25:38.263.687 INFO root: -----
00:25:38.264.687 INFO root: greedy iter, tocover 86
00:25:38.267.691 INFO root: trail (Bin(0b1100000000001011, n=16), Bin(0b0000110101110000, n=16)) cnt 25
00:25:38.267.691 INFO root: -----
00:25:38.268.692 INFO root: greedy iter, tocover 61
00:25:38.270.694 INFO root: trail (Bin(0b0000000001111101, n=16), Bin(0b1011000000001101, n=16)) cnt 19
00:25:38.271.695 INFO root: -----
00:25:38.271.695 INFO root: greedy iter, tocover 42
00:25:38.273.697 INFO root: trail (Bin(0b1100000000001101, n=16), Bin(0b0000110110110000, n=16)) cnt 11
00:25:38.273.697 INFO root: -----
00:25:38.273.697 INFO root: greedy iter, tocover 31
00:25:38.275.699 INFO root: trail (Bin(0b0000101100001100, n=16), Bin(0b1101000001110000, n=16)) cnt 10
00:25:38.275.699 INFO root: -----
00:25:38.275.699 INFO root: greedy iter, tocover 21
00:25:38.277.700 INFO root: trail (Bin(0b1011000010110000, n=16), Bin(0b0000011100001011, n=16)) cnt 6
00:25:38.277.701 INFO root: -----
00:25:38.277.701 INFO root: greedy iter, tocover 15
00:25:38.278.702 INFO root: trail (Bin(0b0111000000001011, n=16), Bin(0b0000011110010000, n=16)) cnt 4
00:25:38.278.702 INFO root: -----
00:25:38.278.702 INFO root: greedy iter, tocover 11
00:25:38.279.703 INFO root: trail (Bin(0b0111000001110000, n=16), Bin(0b0000000001111101, n=16)) cnt 3
00:25:38.279.703 INFO root: -----
00:25:38.279.703 INFO root: greedy iter, tocover 8
00:25:38.280.704 INFO root: trail (Bin(0b0000000001111011, n=16), Bin(0b1011101100000000, n=16)) cnt 3
00:25:38.280.704 INFO root: -----
00:25:38.280.704 INFO root: greedy iter, tocover 5
00:25:38.281.705 INFO root: trail (Bin(0b1011110100000000, n=16), Bin(0b0000110100001011, n=16)) cnt 2
00:25:38.281.705 INFO root: -----
00:25:38.281.705 INFO root: greedy iter, tocover 3
00:25:38.282.706 INFO root: trail (Bin(0b0000101100001011, n=16), Bin(0b0000000011000111, n=16)) cnt 1
00:25:38.282.706 INFO root: -----
00:25:38.282.706 INFO root: greedy iter, tocover 2
00:25:38.282.706 INFO root: trail (Bin(0b0000000001111011, n=16), Bin(0b0111000000000111, n=16)) cnt 1
00:25:38.283.707 INFO root: -----
00:25:38.283.707 INFO root: greedy iter, tocover 1
00:25:38.283.707 INFO root: trail (Bin(0b0000000011010111, n=16), Bin(0b1011000001110000, n=16)) cnt 1
00:25:38.283.707 INFO root: -----
00:25:38.284.708 INFO root: chosen trails: 24
00:25:38.284.708 INFO root: trail ~0011000000001101 -> 0000000011000111: 1100111111111111111111111111111111111111111111110010111111111111 1111110111111111110111111111101111111111011111111111111111101111 1000110001000010101011110010111100101111010001001111000100100010 0000101111000110001110110000101101011011100011011101111000000000 0010000000000000000000010000000000000010000000000000000000011000 0000000000000000000000000000000000001100000000000000011100000000
00:25:38.285.709 INFO root: trail ~0000101100000110 -> 0000101100001001: 1111111111111111010011111111111111111111111111111001111111111111 1111011111111111111111111110111111110111111101111011111111111111 0011110011111000010000011111001011111000001011111010001010001000 1100110110110111111011000000000011100000000010110010101111101010 1000000000100000000001000000001010000000000000000000000000000000 0000000000000000000010110000000000000000000000000000100100000000
00:25:38.286.709 INFO root: trail ~1101110100000000 -> 0000000001111010: 0010111111111111001011111111111111111111111111111111111111111111 1011111111111101111111111101110111111111111111111101111011111111 1111111100101000100010001111001011011111110000000000010010001111 1011000000000000101011011011101100001111101110110000110001110111 0000000000000000010001000000000000000010000000000000000000100100 0000000000000000000000000000000000000111000000000000101000000000
00:25:38.286.710 INFO root: trail ~1011110100000000 -> 1100000000001101: 0100111111111111001011111111111111111111111111111111111111111111 0111111111110111111111111010111111111111101111111111110111111111 1111000101000010001011110000011001001111111111110010010001000010 1101000001110000011101011010011100000111110110111100111100000000 0000100000000000000000100000000000000000100000000100000000000001 0000110000000000000000000000000000000000000000000000110100000000
00:25:38.287.711 INFO root: trail ~1010000000001011 -> 1101000010110000: 0101111111111111111111111111111111111111111111110100111111111111 1111110111111111110111111111011111111111111011111111111101111111 0010111100101111111101010011001000101011000111110101010001000001 1001101111100111101010000111000000001101011111111101000001110000 0000100000000100010000001000000000000000000010000000000001000000 0000110100000000000000000000000000001011000000000000000000000000
00:25:38.288.711 INFO root: trail ~0000000011010110 -> 0111000010110000: 1111111111111111111111111111111100101111111111111001111111111111 1111111010111111111111111111111111011111111110111111111111111110 0100011111110001010001000010010001001111010000101111111110000010 0000101111111111000010110000000000001011000110110000110111011011 0000010000000100000000000010000000001000000000100000000001000000 0000011100000000000000000000000000001011000000000000000000000000
00:25:38.288.712 INFO root: trail ~0000101111000000 -> 0111011100000000: 1111111111111111010011111111111100111111111111111111111111111111 1111111101111110111111111011111110111101111111111111111111111111 1111111111101111001001001000111110000010000110000010001000111000 1111110111010101000001111110000001010000100001001101110010111000 0000000010000000000000000010000010000000000000101000010000000000 0000011100000000000001110000000000000000000000000000000000000000
00:25:38.289.713 INFO root: trail ~1011000001110000 -> 1011000000000110: 0100111111111111111111111111111110001111111111111111111111111111 1110111101111111111111111111111101111111101111111111101111111101 1001100001101000000100100010111101101111111111110010110000000001 0000000110110000011111001110011110100000101000001101011111011110 1000100000000000000000001000000000000000000110000000000000000000 0000101100000000000000000000000000000000000000000000011000000000
00:25:38.290.713 INFO root: trail ~0000110100000111 -> 0111000000001101: 1111111111111111001011111111111111111111111111111000111111111111 1111011111110111011111111101111111110111111111111111111111101111 0110000000100010001011000110010111111111010011110100100001000100 0000011110110000110011111111000101000000011110010111110000000000 1000100000000000000000100010000000000000010010000000000000000000 0000011100000000000000000000000000000000000000000000110100000000
00:25:38.290.714 INFO root: trail ~0000110110110000 -> 1011110100000000: 1111111111111111001011111111111101001111111111111111111111111111 1111111101111011111110111011111101111011111111111111111111111111 1101001000000010111110011111001101001111010011001000000000101111 1010010100001001011110100111111000001001101110010111100110000001 0000001000100000000000000000100000000000000000011000010000000000 0000101100000000000011010000000000000000000000000000000000000000
00:25:38.291.715 INFO root: trail ~1101101100000000 -> 0111110100000000: 0010111111111111010011111111111111111111111111111111111111111111 1110111111110111111111111011110111111101111111111111110111111111 0100010011110010111100001000000011111111000100100010001111111111 0000000001111111001111111011000011011011011110011101101100000000 0000010000000000000000000010000110000000000000100000100000000000 0000011100000000000011010000000000000000000000000000000000000000
00:25:38.291.715 INFO root: trail ~1011000000001010 -> 0000101100001010: 0100111111111111111111111111111111111111111111110101111111111111 1101111111111111111111111111111111111111110110111111110111101111 1000111111110100111100100000001001000100111111110101010010001000 0000011111110010101000000000011111010111110011000111110010110000 0000000001000000000000000000000010000000010000000000010000000100 0000000000000000000010110000000000000000000000000000101000000000
00:25:38.292.716 INFO root: trail ~1100000000001011 -> 0000110101110000: 0011111111111111111111111111111111111111111111110100111111111111 1110110111111111110111111111011111111111111111111111111101111111 0010001011110010001011111000001000101011010000100100100001101111 1110000000001100111011011011101100100000110100000011000100011011 0000000000100100100000000000000010000000000000000000000110000000 0000000000000000000011010000000000000111000000000000000000000000
00:25:38.293.717 INFO root: trail ~0000000001111101 -> 1011000000001101: 1111111111111111111111111111111110001111111111110010111111111111 1111110101111111011111111111111101111111111111111111111110111101 1111101011111101001011110110111101001001001000110000011000000111 1111000010110000000010010111110111101101101110110000101011011101 0010010000000000000000000001000000000000010000000100000000001000 0000101100000000000000000000000000000000000000000000110100000000
00:25:38.294.718 INFO root: trail ~1100000000001101 -> 0000110110110000: 0011111111111111111111111111111111111111111111110010111111111111 1111101111111111011111111111011111111111111111111111011111011111 1111010011111000100000001100111101001111101101111011100001001010 0111101111111011110100000000000011011000111011011011101100001011 0000000010000000100000000000100000100010000000000000000001000000 0000000000000000000011010000000000001011000000000000000000000000
00:25:38.294.718 INFO root: trail ~0000101100001100 -> 1101000001110000: 1111111111111111010011111111111111111111111111110011111111111111 1111110111111101111111111111111111111011111111111101111111101111 1100010000101000111111000100111110000001111100110100010011110100 1101000000001011011101110111011111111111101100000000000000110000 0000000100001000010000001000000000000100000000001000000000000000 0000110100000000000000000000000000000111000000000000000000000000
00:25:38.295.719 INFO root: trail ~1011000010110000 -> 0000011100001011: 0100111111111111111111111111111101001111111111111111111111111111 0111111101111111111111011111101111111111110111111111111111111101 0101100010001111100011111000000011111101100001011001001011001001 0011110111011001000000001011011100001001000000000111111111011011 0001000000000000000001000000011000000000100000000000100000000000 0000000000000000000001110000000000000000000000000000101100000000
00:25:38.296.720 INFO root: trail ~0111000000001011 -> 0000011110010000: 1000111111111111111111111111111111111111111111110100111111111111 1111111111111111101111111111101111111111011111111111111010101111 0010010001000100111111111111001001001111101101001000001000001111 0111011110100111111100001011101100000111110100000000101100001001 0000000000000000001000000000001010000000000000000000100000100000 0000000000000000000001110000000000001001000000000000000000000000
00:25:38.297.720 INFO root: trail ~0111000001110000 -> 0000000001111101: 1000111111111111111111111111111110001111111111111111111111111111 1101111111111111111101111111101101111111101111111111111111111101 1111100010100000000011110100111110010001111110000100111100101000 1110000001110000000111100000111111010000110111000011011100011101 0100000000001000010010000000000000000000000000000000000000100010 0000000000000000000000000000000000000111000000000000110100000000
00:25:38.297.721 INFO root: trail ~0000000001111011 -> 1011101100000000: 1111111111111111111111111111111110001111111111110100111111111111 1111110110111111111111111111111101111111111110111111111110111110 1111011000001001100000100010100001001111111110001001001000101000 1110101100000111101100010000111100000111000000000011111000000011 0000100000000000000000000000010000100000000001001000000100000000 0000101100000000000010110000000000000000000000000000000000000000
00:25:38.298.722 INFO root: trail ~1011110100000000 -> 0000110100001011: 0100111111111111001011111111111111111111111111111111111111111111 1110111111111110111111111110011111110111101111111111111111111111 0101111100111100110010000010111111110010000100001111100010001111 1010011101110011011101110000000011100100101101010111110101001001 1000000000000000000000010000001001000000001000000000000100000000 0000000000000000000011010000000000000000000000000000101100000000
00:25:38.299.723 INFO root: trail ~0000101100001011 -> 0000000011000111: 1111111111111111010011111111111111111111111111110100111111111111 1111111111110111111011110111111111111111111110111101111110111111 1000111101001010010011110100001001111111000000000010111111111111 1101000000001100000011111101000010111101101111010111011111011100 0010000000000100000010000000000000001000100000000000000000000000 0000000000000000000000000000000000001100000000000000011100000000
00:25:38.299.723 INFO root: trail ~0000000001111011 -> 0111000000000111: 1111111111111111111111111111111110001111111111110100111111111111 1111111101111111110111011111111111111111111110111111111111011101 1001001001100000101000100010111111111001000011001011111111110100 0000000011010111000111110000000011111011001010110110110101111101 1000100000000000000000100000000000000000001000101000000000000000 0000011100000000000000000000000000000000000000000000011100000000
00:25:38.300.724 INFO root: trail ~0000000011010111 -> 1011000001110000: 1111111111111111111111111111111100101111111111111000111111111111 1111101111011111111111111111111110111111111101111111111101111101 1111100000000001010111111111100000100011000111000010101111110001 1111011111000111000000001101011100000100000000110101110101111101 0000010000000001000100000000000000000000000000010100000010000000 0000101100000000000000000000000000000111000000000000000000000000
00:25:38.300.724 INFO root: end
