00:00:00.101.488 INFO root: added file handler at 2021-09-13.17:42:12
00:00:00.101.488 INFO root: columns 3 -> 2
00:00:01.596.983 INFO root: Constraints: 100101010
00:00:01.596.983 INFO root: cons_SSB_card = 1
00:00:01.597.983 INFO root: cons_SSB_box_lb = 0
00:00:01.597.984 INFO root: cons_SSB_box_ub = 0
00:00:01.597.984 INFO root: cons_SSB_lb = 1
00:00:01.597.984 INFO root: cons_SSB_ub = 0
00:00:01.597.984 INFO root: cons_MC_card = 1
00:00:01.597.984 INFO root: cons_MC_matching = 0
00:00:01.598.984 INFO root: cons_MC_lb = 1
00:00:01.598.985 INFO root: cons_MC_ub2 = 0
00:00:01.708.095 INFO root: full ssb
00:00:01.822.208 INFO root: load .cache/SboxDivision.components_anf_closures.self_sboxC188DCAA77C45B94.args_068BA53CAF4BB89BC84341E5E0A9E860E078799A9E9F3CD8F2B19C3FC4CEC936 succeeded
00:00:01.833.220 INFO root: anfsI 255
00:00:01.840.227 INFO root: load .cache/SboxDivision.components_anf_closures.self_sboxFA83BF4B256071FB.args_068BA53CAF4BB89BC84341E5E0A9E860E078799A9E9F3CD8F2B19C3FC4CEC936 succeeded
00:00:01.850.237 INFO root: anfsO 255
00:00:01.913.299 INFO root: load .cache/SboxDivision.cnf_lb.self_sbox391D96FD000E6C5B.args_068BA53CAF4BB89BC84341E5E0A9E860E078799A9E9F3CD8F2B19C3FC4CEC936 succeeded
00:00:04.753.140 INFO root: SSB round 2 column 0
00:00:06.399.785 INFO root: load .cache/SboxDivision.minimal_max.self_sbox0F7EC76E48F1C66A.args_068BA53CAF4BB89BC84341E5E0A9E860E078799A9E9F3CD8F2B19C3FC4CEC936 succeeded
00:00:14.025.412 INFO root: load .cache/SboxDivision.divcore.self_sbox0F7EC76E48F1C66A.args_068BA53CAF4BB89BC84341E5E0A9E860E078799A9E9F3CD8F2B19C3FC4CEC936 succeeded
00:00:19.952.339 INFO root: load .cache/SboxDivision.cnf_lb.self_sbox0F7EC76E48F1C66A.args_068BA53CAF4BB89BC84341E5E0A9E860E078799A9E9F3CD8F2B19C3FC4CEC936 succeeded
00:00:30.620.006 INFO root: SSB round 2 column 1
00:00:31.801.188 INFO root: load .cache/SboxDivision.minimal_max.self_sbox97CD3E51D99FE8E5.args_068BA53CAF4BB89BC84341E5E0A9E860E078799A9E9F3CD8F2B19C3FC4CEC936 succeeded
00:00:39.472.859 INFO root: load .cache/SboxDivision.divcore.self_sbox97CD3E51D99FE8E5.args_068BA53CAF4BB89BC84341E5E0A9E860E078799A9E9F3CD8F2B19C3FC4CEC936 succeeded
00:00:46.083.470 INFO root: load .cache/SboxDivision.cnf_lb.self_sbox97CD3E51D99FE8E5.args_068BA53CAF4BB89BC84341E5E0A9E860E078799A9E9F3CD8F2B19C3FC4CEC936 succeeded
00:00:57.749.136 INFO root: SSB round 2 column 2
00:00:58.708.095 INFO root: load .cache/SboxDivision.minimal_max.self_sboxFA83BF4B256071FB.args_068BA53CAF4BB89BC84341E5E0A9E860E078799A9E9F3CD8F2B19C3FC4CEC936 succeeded
00:01:06.131.517 INFO root: load .cache/SboxDivision.divcore.self_sboxFA83BF4B256071FB.args_068BA53CAF4BB89BC84341E5E0A9E860E078799A9E9F3CD8F2B19C3FC4CEC936 succeeded
00:01:12.571.958 INFO root: load .cache/SboxDivision.cnf_lb.self_sboxFA83BF4B256071FB.args_068BA53CAF4BB89BC84341E5E0A9E860E078799A9E9F3CD8F2B19C3FC4CEC936 succeeded
00:01:24.399.786 INFO root: SSB round 2 column 3
00:01:52.554.941 INFO root: SSB round 4 column 0
00:02:19.255.642 INFO root: SSB round 4 column 1
00:02:20.421.808 INFO root: load .cache/SboxDivision.minimal_max.self_sboxB5083D73B8917F33.args_068BA53CAF4BB89BC84341E5E0A9E860E078799A9E9F3CD8F2B19C3FC4CEC936 succeeded
00:02:27.581.968 INFO root: load .cache/SboxDivision.divcore.self_sboxB5083D73B8917F33.args_068BA53CAF4BB89BC84341E5E0A9E860E078799A9E9F3CD8F2B19C3FC4CEC936 succeeded
00:02:34.138.525 INFO root: load .cache/SboxDivision.cnf_lb.self_sboxB5083D73B8917F33.args_068BA53CAF4BB89BC84341E5E0A9E860E078799A9E9F3CD8F2B19C3FC4CEC936 succeeded
00:02:45.401.788 INFO root: SSB round 4 column 2
00:03:11.085.471 INFO root: SSB round 4 column 3
00:03:45.570.957 INFO root: mask pairs: 255 x 255 = 65025
00:03:45.570.957 INFO root: #trails 0 
00:03:45.570.957 INFO root: mask pair #1 / 65025: 0001000100010111 1010101110110000anfI_max <DenseSet hash=e92a2c2a0b56378f n=16 wt=75 | 3:8 4:12 5:24 6:31> anfO_max <DenseSet hash=3cf7f6efaf86c033 n=16 wt=81 | 3:3 4:9 5:46 6:23>
00:03:51.252.639 INFO root: solving SAT...
00:04:44.182.569 INFO root: SAT solve time: 52.92947006225586
00:04:44.183.570 INFO root: SAT_times: 52.9 - 52.9, avg 52.9 med 52.9
00:04:44.183.570 INFO root: middle division transition ~0000011110110000 -> 0000110100001100 (~6 -> 5)
00:04:44.184.571 INFO root: mid transition: 0000011110110000 0000110100001100 6 5
00:04:44.184.571 INFO root: full trace:
00:04:44.184.571 INFO root: 1111 1111 1111 1111 1111 1111 1111 1000 1111 1111 1111 0100 1111 1111 1111 1111# initial
00:04:44.185.572 INFO root: 1111 1101 1011 1111 0111 1111 1111 1111 0111 1111 1111 1011 1111 1111 1111 1011# after SR MC SR
00:04:44.186.572 INFO root: 0000 1111 0101 0010 1111 0010 1011 0101 1001 0100 0010 0001 0010 0010 1111 1000# after SSB
00:04:44.186.573 INFO root: 0000 0000 0000 0111 1011 0000 1111 0000 1011 0000 1101 0111 0111 0000 0111 1111# after SR MC SR
00:04:44.187.574 INFO root: 0000 0000 0000 0010 0010 0000 0010 0000 0000 0000 0000 0100 0000 0000 0100 0000# after SSB
00:04:44.187.574 INFO root: 0000 0000 0000 0000 0000 0000 1101 0000 0000 0000 0000 0000 0000 0000 1100 0000# after SR MC SR
00:04:44.187.574 INFO root: 
00:04:44.188.575 INFO root: new trail: 0000011110110000 -> 0000110100001100
00:04:44.188.575 INFO root: #trails 1 
00:04:44.189.576 INFO root: mask pair #2 / 65025: 0111011000010000 1011000110111010anfI_max <DenseSet hash=46e09dad54d4b752 n=16 wt=87 | 3:1 4:9 5:58 6:19> anfO_max <DenseSet hash=50c977de7afb2d8d n=16 wt=82 | 3:4 4:10 5:40 6:28>
00:04:51.251.638 INFO root: solving SAT...
00:05:26.124.511 INFO root: SAT solve time: 34.87237524986267
00:05:26.125.512 INFO root: SAT_times: 34.9 - 52.9, avg 43.9 med 52.9
00:05:26.125.512 INFO root: middle division transition ~0000000011011011 -> 1011000011010000 (~6 -> 6)
00:05:26.126.512 INFO root: mid transition: 0000000011011011 1011000011010000 6 6
00:05:26.126.513 INFO root: full trace:
00:05:26.127.513 INFO root: 1111 1111 1111 1111 1111 1111 1111 1111 1111 1111 1111 0010 1111 1111 1111 0100# initial
00:05:26.127.514 INFO root: 1111 1101 1111 1111 0111 1111 1111 1110 1111 1111 1011 0111 1111 1011 1111 1111# after SR MC SR
00:05:26.128.515 INFO root: 1111 0001 1000 1111 0110 0011 1010 0000 0010 1100 0010 1111 1010 1000 1111 1100# after SSB
00:05:26.128.515 INFO root: 0000 0000 0000 0111 0111 1011 1011 1111 0000 1101 1010 1101 0111 1101 0111 0000# after SR MC SR
00:05:26.129.516 INFO root: 0000 0000 0000 0000 0000 0100 0000 1000 0001 0000 0100 0000 0000 1000 0000 1000# after SSB
00:05:26.129.516 INFO root: 0000 0000 1011 0000 0000 0000 0000 0000 0000 0000 1101 0000 0000 0000 0000 0000# after SR MC SR
00:05:26.130.516 INFO root: 
00:05:26.130.517 INFO root: new trail: 0000000011011011 -> 1011000011010000
00:05:26.130.517 INFO root: #trails 2 
00:05:26.131.518 INFO root: mask pair #4 / 65025: 0110011100010110 1011000010111011anfI_max <DenseSet hash=f22b235d61c108ef n=16 wt=79 | 3:1 4:12 5:38 6:28> anfO_max <DenseSet hash=c4fad38086b75f37 n=16 wt=89 | 3:1 4:24 5:40 6:24>
00:05:32.107.493 INFO root: solving SAT...
00:06:29.374.761 INFO root: SAT solve time: 57.26661539077759
00:06:29.374.761 INFO root: SAT_times: 34.9 - 57.3, avg 48.4 med 52.9
00:06:29.375.762 INFO root: middle division transition ~0111101100000000 -> 0000110111010000 (~6 -> 6)
00:06:29.375.762 INFO root: mid transition: 0111101100000000 0000110111010000 6 6
00:06:29.375.762 INFO root: full trace:
00:06:29.376.763 INFO root: 1111 1111 1111 1000 1111 1111 1111 0100 1111 1111 1111 1111 1111 1111 1111 1111# initial
00:06:29.377.764 INFO root: 1111 1111 0111 1011 1111 1111 0111 1111 0111 1101 1111 1111 1111 1111 1111 0111# after SR MC SR
00:06:29.377.764 INFO root: 0111 0100 1000 1001 1111 0010 0000 0101 1000 1111 1111 0100 1000 0010 1101 1000# after SSB
00:06:29.378.765 INFO root: 0111 0000 0111 1111 0000 0000 1101 0111 1010 1110 1011 0000 0111 0000 1101 0000# after SR MC SR
00:06:29.379.765 INFO root: 0100 0000 0000 0001 0000 0000 0000 0000 0000 0001 0100 0000 0000 0000 0010 0010# after SSB
00:06:29.379.766 INFO root: 0000 0000 0000 0000 0000 0000 1101 0000 0000 0000 1101 0000 0000 0000 0000 0000# after SR MC SR
00:06:29.379.766 INFO root: 
00:06:29.380.767 INFO root: new trail: 0111101100000000 -> 0000110111010000
00:06:29.380.767 INFO root: #trails 3 
00:06:29.381.768 INFO root: mask pair #7 / 65025: 0000011000000110 1011101000010000anfI_max <DenseSet hash=c3549e6054f52b46 n=16 wt=73 | 3:1 4:10 5:31 6:31> anfO_max <DenseSet hash=ec2d2a29c38d0dd8 n=16 wt=86 | 3:3 4:14 5:47 6:22>
00:06:35.516.903 INFO root: solving SAT...
00:07:09.707.094 INFO root: SAT solve time: 34.19107389450073
00:07:09.708.095 INFO root: SAT_times: 34.2 - 57.3, avg 44.8 med 52.9
00:07:09.708.095 INFO root: middle division transition ~1101110100000000 -> 1001000000001101 (~6 -> 5)
00:07:09.708.095 INFO root: mid transition: 1101110100000000 1001000000001101 6 5
00:07:09.708.095 INFO root: full trace:
00:07:09.709.096 INFO root: 1111 1111 1111 0010 1111 1111 1111 0010 1111 1111 1111 1111 1111 1111 1111 1111# initial
00:07:09.709.096 INFO root: 1111 1111 1011 0111 1111 1011 1011 1111 1011 1101 1111 1111 1111 1111 1111 1111# after SR MC SR
00:07:09.710.096 INFO root: 1111 0100 1111 1111 0100 0000 0010 0010 0110 1111 0000 0011 1100 0101 0010 0100# after SSB
00:07:09.710.097 INFO root: 0000 0111 0111 1101 0000 1011 0111 1100 0000 1111 1011 0111 0000 0000 0000 1101# after SR MC SR
00:07:09.710.097 INFO root: 0000 1000 0000 0000 0000 0000 0010 0001 0000 0000 0000 0010 0000 0100 0000 0000# after SSB
00:07:09.711.097 INFO root: 0000 0000 1001 0000 0000 0000 0000 0000 0000 0000 0000 0000 0000 0000 1101 0000# after SR MC SR
00:07:09.711.098 INFO root: 
00:07:09.711.098 INFO root: new trail: 1101110100000000 -> 1001000000001101
00:07:09.712.098 INFO root: #trails 4 
00:07:09.712.099 INFO root: mask pair #22 / 65025: 0001000100010001 0000101010100001anfI_max <DenseSet hash=0d8a7e93b0f6b163 n=16 wt=74 | 3:4 4:9 5:30 6:31> anfO_max <DenseSet hash=2e367860c36884c1 n=16 wt=77 | 3:6 4:18 5:31 6:22>
00:07:15.623.010 INFO root: solving SAT...
00:07:59.454.841 INFO root: SAT solve time: 43.83020329475403
00:07:59.455.842 INFO root: SAT_times: 34.2 - 57.3, avg 44.6 med 43.8
00:07:59.455.842 INFO root: middle division transition ~1011101100000000 -> 0111000001100000 (~6 -> 5)
00:07:59.456.843 INFO root: mid transition: 1011101100000000 0111000001100000 6 5
00:07:59.456.843 INFO root: full trace:
00:07:59.457.844 INFO root: 1111 1111 1111 0100 1111 1111 1111 0100 1111 1111 1111 1111 1111 1111 1111 1111# initial
00:07:59.458.845 INFO root: 1111 1111 1011 1111 1111 1011 1101 1111 1111 1011 1111 1111 1101 1111 1111 1110# after SR MC SR
00:07:59.459.846 INFO root: 0101 1111 1111 1111 0100 0000 1100 1111 1111 1010 0000 0101 1000 0010 1000 1000# after SSB
00:07:59.459.846 INFO root: 0000 1001 1011 0101 1101 0111 0111 0000 1111 0000 0000 1001 1011 1011 0110 1101# after SR MC SR
00:07:59.460.847 INFO root: 0010 0000 1000 0000 0000 0010 0000 0010 1000 0000 0000 0000 0000 0000 0000 0000# after SSB
00:07:59.460.847 INFO root: 0000 0000 0111 0000 0000 0000 0000 0000 0000 0000 0110 0000 0000 0000 0000 0000# after SR MC SR
00:07:59.461.848 INFO root: 
00:07:59.461.848 INFO root: new trail: 1011101100000000 -> 0111000001100000
00:07:59.462.849 INFO root: #trails 5 
00:07:59.463.850 INFO root: mask pair #25 / 65025: 0110000100000000 0001101110110001anfI_max <DenseSet hash=5763b703f91faa0c n=16 wt=96 | 3:2 4:15 5:58 6:21> anfO_max <DenseSet hash=37ba9644383334f9 n=16 wt=76 | 3:4 4:12 5:31 6:29>
00:08:08.635.022 INFO root: solving SAT...
00:09:22.531.918 INFO root: SAT solve time: 73.89526677131653
00:09:22.532.918 INFO root: SAT_times: 34.2 - 73.9, avg 49.5 med 52.9
00:09:22.532.919 INFO root: middle division transition ~0000000011010111 -> 1101000000001010 (~6 -> 5)
00:09:22.533.919 INFO root: mid transition: 0000000011010111 1101000000001010 6 5
00:09:22.533.920 INFO root: full trace:
00:09:22.534.921 INFO root: 1111 1111 1111 1111 1111 1111 1111 1111 1111 1111 1111 0010 1111 1111 1111 1000# initial
00:09:22.535.922 INFO root: 1101 1111 1111 1111 0111 1111 1111 0111 1111 1111 1111 1101 1111 0111 0111 1111# after SR MC SR
00:09:22.536.922 INFO root: 1111 1111 0001 1111 0010 1000 1111 0100 0100 1010 1100 0100 0000 0100 1111 0000# after SSB
00:09:22.536.923 INFO root: 0000 1101 0000 1000 0111 0000 1111 1101 0100 1011 1011 0000 1101 0010 0111 1011# after SR MC SR
00:09:22.537.924 INFO root: 0000 0000 0010 0000 0000 0000 1000 0000 0010 0000 0000 0010 0000 1000 0000 0000# after SSB
00:09:22.538.925 INFO root: 0000 0000 1101 0000 0000 0000 0000 0000 0000 0000 0000 0000 0000 0000 1010 0000# after SR MC SR
00:09:22.539.925 INFO root: 
00:09:22.539.926 INFO root: new trail: 0000000011010111 -> 1101000000001010
00:09:22.540.927 INFO root: #trails 6 
00:09:22.541.927 INFO root: mask pair #27 / 65025: 0110000100010111 1010101010100001anfI_max <DenseSet hash=486f60aa5d89a1eb n=16 wt=113 | 3:4 4:17 5:77 6:15> anfO_max <DenseSet hash=dd062d905c54db28 n=16 wt=74 | 3:3 4:6 5:35 6:30>
00:09:32.456.843 INFO root: solving SAT...
00:09:48.644.031 INFO root: SAT solve time: 16.187193393707275
00:09:48.645.032 INFO root: SAT_times: 16.2 - 73.9, avg 44.7 med 43.8
00:09:48.645.032 INFO root: middle division transition ~0000110100001011 -> 0000011100000111 (~6 -> 6)
00:09:48.646.033 INFO root: mid transition: 0000110100001011 0000011100000111 6 6
00:09:48.646.033 INFO root: full trace:
00:09:48.647.034 INFO root: 1111 1111 1111 1111 1111 1111 1111 0010 1111 1111 1111 1111 1111 1111 1111 0100# initial
00:09:48.647.034 INFO root: 1111 1111 0111 1111 1111 0111 1111 1011 0111 1111 1101 1111 1111 1101 1111 1111# after SR MC SR
00:09:48.648.035 INFO root: 1000 0100 0100 0100 0011 1111 0000 0010 1000 0000 0110 1111 1111 1010 1111 0101# after SSB
00:09:48.649.035 INFO root: 0000 1101 0111 1111 0100 1010 1101 1101 0000 0000 1011 0110 0000 0111 0111 0000# after SR MC SR
00:09:48.649.036 INFO root: 0000 0010 0000 0100 0010 0000 0001 0000 0000 0000 0000 0100 0000 0000 0100 0000# after SSB
00:09:48.650.037 INFO root: 0000 0000 0000 0000 0000 0000 0111 0000 0000 0000 0000 0000 0000 0000 0111 0000# after SR MC SR
00:09:48.650.037 INFO root: 
00:09:48.651.037 INFO root: new trail: 0000110100001011 -> 0000011100000111
00:09:48.652.038 INFO root: #trails 7 
00:09:48.652.039 INFO root: mask pair #37 / 65025: 0110000100010111 0000101110110000anfI_max <DenseSet hash=486f60aa5d89a1eb n=16 wt=113 | 3:4 4:17 5:77 6:15> anfO_max <DenseSet hash=50b3e29abcb65b85 n=16 wt=94 | 3:5 4:16 5:48 6:25>
00:09:57.953.340 INFO root: solving SAT...
00:10:47.368.755 INFO root: SAT solve time: 49.414111852645874
00:10:47.368.755 INFO root: SAT_times: 16.2 - 73.9, avg 45.3 med 49.4
00:10:47.369.755 INFO root: middle division transition ~0000000010110111 -> 0000011100001011 (~6 -> 6)
00:10:47.369.756 INFO root: mid transition: 0000000010110111 0000011100001011 6 6
00:10:47.369.756 INFO root: full trace:
00:10:47.369.756 INFO root: 1111 1111 1111 1111 1111 1111 1111 1111 1111 1111 1111 0100 1111 1111 1111 1000# initial
00:10:47.370.757 INFO root: 0111 1011 1111 1111 1101 1111 1111 1111 1111 1111 0111 1111 1111 1110 0111 1111# after SR MC SR
00:10:47.370.757 INFO root: 1111 0010 1111 1111 0000 1000 0001 1111 1000 0001 1111 1111 1000 1000 0000 1111# after SSB
00:10:47.371.758 INFO root: 1111 1011 0001 1100 0100 0111 0111 0111 1011 0000 0111 0000 0000 1011 0111 1011# after SR MC SR
00:10:47.371.758 INFO root: 0000 0100 0000 1000 1000 0000 0001 0000 0000 0000 0000 0000 1000 0000 0001 0000# after SSB
00:10:47.372.758 INFO root: 0000 0000 0000 0000 0000 0000 0111 0000 0000 0000 0000 0000 0000 0000 1011 0000# after SR MC SR
00:10:47.372.759 INFO root: 
00:10:47.372.759 INFO root: new trail: 0000000010110111 -> 0000011100001011
00:10:47.373.760 INFO root: #trails 8 
00:10:47.373.760 INFO root: mask pair #65 / 65025: 0111011000010111 0000000100011010anfI_max <DenseSet hash=f5edae8f040c5a1c n=16 wt=87 | 3:3 4:11 5:42 6:31> anfO_max <DenseSet hash=63dded585162c8cd n=16 wt=71 | 3:8 4:16 5:23 6:24>
00:10:57.508.895 INFO root: solving SAT...
00:11:45.645.032 INFO root: SAT solve time: 48.13624811172485
00:11:45.646.033 INFO root: SAT_times: 16.2 - 73.9, avg 45.6 med 48.1
00:11:45.647.034 INFO root: middle division transition ~0000110100000111 -> 1001000011010000 (~6 -> 5)
00:11:45.647.034 INFO root: mid transition: 0000110100000111 1001000011010000 6 5
00:11:45.648.035 INFO root: full trace:
00:11:45.648.035 INFO root: 1111 1111 1111 1111 1111 1111 1111 0010 1111 1111 1111 1111 1111 1111 1111 1000# initial
00:11:45.649.036 INFO root: 1010 1111 1111 1111 1111 1101 1111 1111 1111 1111 1011 1111 1111 1111 1111 0110# after SR MC SR
00:11:45.650.037 INFO root: 1111 0100 0100 1111 0100 1111 1000 1100 1001 0100 0011 1101 1000 0100 1111 0010# after SSB
00:11:45.651.038 INFO root: 1011 1011 0000 0110 0000 0000 1100 0111 0101 1101 1101 0000 1101 1100 1011 1111# after SR MC SR
00:11:45.652.038 INFO root: 0100 0000 0000 0000 0000 0000 0000 1000 0000 0000 1000 0000 0000 1000 0000 1000# after SSB
00:11:45.652.039 INFO root: 0000 0000 1001 0000 0000 0000 0000 0000 0000 0000 1101 0000 0000 0000 0000 0000# after SR MC SR
00:11:45.653.039 INFO root: 
00:11:45.653.040 INFO root: new trail: 0000110100000111 -> 1001000011010000
00:11:45.655.042 INFO root: #trails 9 
00:11:45.656.042 INFO root: mask pair #119 / 65025: 0110000101100111 1010000010111010anfI_max <DenseSet hash=44ab89648ac44245 n=16 wt=91 | 3:4 4:8 5:59 6:20> anfO_max <DenseSet hash=336e6daae3862e53 n=16 wt=77 | 4:7 5:42 6:28>
00:11:56.447.834 INFO root: solving SAT...
00:12:55.426.813 INFO root: SAT solve time: 58.97767734527588
00:12:55.427.814 INFO root: SAT_times: 16.2 - 73.9, avg 47.0 med 49.4
00:12:55.427.814 INFO root: middle division transition ~0000101111010000 -> 0000000001111010 (~6 -> 5)
00:12:55.428.815 INFO root: mid transition: 0000101111010000 0000000001111010 6 5
00:12:55.428.815 INFO root: full trace:
00:12:55.429.816 INFO root: 1111 1111 1111 1111 1111 1111 1111 0100 1111 1111 1111 0010 1111 1111 1111 1111# initial
00:12:55.430.816 INFO root: 1111 1101 1011 1111 1011 1011 1111 1111 1111 1111 1111 1101 1111 1111 1111 1011# after SR MC SR
00:12:55.430.817 INFO root: 0100 0010 1000 0000 0100 0000 1001 1000 0010 1111 0100 0010 1111 1010 1111 1111# after SSB
00:12:55.431.818 INFO root: 1101 1100 0000 1011 1101 0111 0000 0000 0101 0111 0000 1011 1110 1110 0000 0000# after SR MC SR
00:12:55.432.818 INFO root: 0100 0001 0000 0000 0000 0100 0000 0000 0000 0000 0000 0000 0001 0000 0000 0001# after SSB
00:12:55.432.819 INFO root: 0000 0000 0000 0000 0000 0000 0000 0000 0000 0000 0111 0000 0000 0000 1010 0000# after SR MC SR
00:12:55.433.819 INFO root: 
00:12:55.433.820 INFO root: new trail: 0000101111010000 -> 0000000001111010
00:12:55.436.823 INFO root: #trails 10 
00:12:55.438.824 INFO root: mask pair #263 / 65025: 0001011001100001 1010000100010000anfI_max <DenseSet hash=1d8426b92b3c0d89 n=16 wt=81 | 3:2 4:18 5:34 6:27> anfO_max <DenseSet hash=4dad66400de6a598 n=16 wt=80 | 3:2 4:9 5:41 6:28>
00:13:06.122.509 INFO root: solving SAT...
00:14:15.728.115 INFO root: SAT solve time: 69.60524082183838
00:14:15.728.115 INFO root: SAT_times: 16.2 - 73.9, avg 49.0 med 49.4
00:14:15.729.116 INFO root: middle division transition ~0000110100000110 -> 1101000000000111 (~5 -> 6)
00:14:15.729.116 INFO root: mid transition: 0000110100000110 1101000000000111 5 6
00:14:15.729.116 INFO root: full trace:
00:14:15.730.117 INFO root: 1111 1111 1111 1111 1111 1111 1111 0010 1111 1111 1111 1111 1111 1111 1111 1001# initial
00:14:15.731.117 INFO root: 1111 1111 0111 1111 1111 0111 1111 0111 1111 1111 1011 1111 1111 1111 1111 1101# after SR MC SR
00:14:15.731.118 INFO root: 1111 1111 0001 0000 1111 1000 0100 1000 1111 1000 0010 1111 1111 0111 0010 1000# after SSB
00:14:15.732.119 INFO root: 0000 1011 0000 0000 1011 0111 1011 1110 1011 0000 1011 1011 0111 1000 1111 1011# after SR MC SR
00:14:15.732.119 INFO root: 0000 0000 0100 0000 0000 0000 1000 0100 0000 0000 0000 1000 0010 0100 0000 0000# after SSB
00:14:15.733.120 INFO root: 0000 0000 1101 0000 0000 0000 0000 0000 0000 0000 0000 0000 0000 0000 0111 0000# after SR MC SR
00:14:15.733.120 INFO root: 
00:14:15.734.121 INFO root: new trail: 0000110100000110 -> 1101000000000111
00:14:15.735.122 INFO root: #trails 11 
00:14:15.736.123 INFO root: mask pair #280 / 65025: 0111000100000000 0001101010110000anfI_max <DenseSet hash=008e7887ec8cffa5 n=16 wt=96 | 3:8 4:21 5:51 6:16> anfO_max <DenseSet hash=3e6f4590e5ce5f62 n=16 wt=88 | 3:8 4:20 5:45 6:15>
00:14:25.009.396 INFO root: solving SAT...
00:15:12.046.433 INFO root: SAT solve time: 47.03687500953674
00:15:12.047.434 INFO root: SAT_times: 16.2 - 73.9, avg 48.9 med 49.4
00:15:12.047.434 INFO root: middle division transition ~1011000000000111 -> 0000000001111011 (~6 -> 6)
00:15:12.048.434 INFO root: mid transition: 1011000000000111 0000000001111011 6 6
00:15:12.048.435 INFO root: full trace:
00:15:12.048.435 INFO root: 1111 1111 1111 0100 1111 1111 1111 1111 1111 1111 1111 1111 1111 1111 1111 1000# initial
00:15:12.049.436 INFO root: 1101 1111 1111 0111 1111 1111 1101 1011 1111 1111 1111 1111 0111 1110 1111 1111# after SR MC SR
00:15:12.050.437 INFO root: 1000 0101 1111 0100 0001 1111 0001 1011 0100 1001 1000 0100 0010 1111 1111 0001# after SSB
00:15:12.050.437 INFO root: 0000 0111 1011 1011 0001 0111 1100 1100 1011 0111 0110 0010 0000 1011 0000 1110# after SR MC SR
00:15:12.051.438 INFO root: 0000 0100 0000 0000 0000 0001 0000 0000 0000 0000 0010 0100 0001 0000 0000 0100# after SSB
00:15:12.051.438 INFO root: 0000 0000 0000 0000 0000 0000 0000 0000 0000 0000 0111 0000 0000 0000 1011 0000# after SR MC SR
00:15:12.052.439 INFO root: 
00:15:12.052.439 INFO root: new trail: 1011000000000111 -> 0000000001111011
00:15:12.055.442 INFO root: #trails 12 
00:15:12.055.442 INFO root: mask pair #418 / 65025: 0110000100010111 1011101100010001anfI_max <DenseSet hash=486f60aa5d89a1eb n=16 wt=113 | 3:4 4:17 5:77 6:15> anfO_max <DenseSet hash=6e9da375b5224210 n=16 wt=76 | 3:3 4:11 5:40 6:22>
00:15:21.707.093 INFO root: solving SAT...
00:16:13.316.702 INFO root: SAT solve time: 51.60822129249573
00:16:13.316.703 INFO root: SAT_times: 16.2 - 73.9, avg 49.1 med 49.4
00:16:13.317.704 INFO root: middle division transition ~0000011100001011 -> 1011000011000000 (~6 -> 5)
00:16:13.317.704 INFO root: mid transition: 0000011100001011 1011000011000000 6 5
00:16:13.317.704 INFO root: full trace:
00:16:13.318.705 INFO root: 1111 1111 1111 1111 1111 1111 1111 1000 1111 1111 1111 1111 1111 1111 1111 0100# initial
00:16:13.319.705 INFO root: 0111 1111 0111 1111 1111 1011 1111 1101 1110 1111 1110 1111 1111 1111 1111 1111# after SR MC SR
00:16:13.319.706 INFO root: 1111 1111 1100 1111 1111 1000 0100 1000 0000 1001 0011 0011 0010 0101 1101 1100# after SSB
00:16:13.320.707 INFO root: 0000 0000 0000 1111 1001 1101 1011 1011 1010 0111 0111 1011 1101 1011 1101 0000# after SR MC SR
00:16:13.320.707 INFO root: 0000 0000 0000 0000 0000 0000 0000 0010 0100 0000 0100 0000 0000 1000 0000 1000# after SSB
00:16:13.321.708 INFO root: 0000 0000 1011 0000 0000 0000 0000 0000 0000 0000 1100 0000 0000 0000 0000 0000# after SR MC SR
00:16:13.321.708 INFO root: 
00:16:13.322.708 INFO root: new trail: 0000011100001011 -> 1011000011000000
00:16:13.324.711 INFO root: #trails 13 
00:16:13.324.711 INFO root: mask pair #481 / 65025: 0001000101110110 1010000110100000anfI_max <DenseSet hash=a3e45429ddd0d4d0 n=16 wt=98 | 3:2 4:28 5:44 6:24> anfO_max <DenseSet hash=b3f21cf554c49615 n=16 wt=83 | 3:4 4:13 5:42 6:24>
00:16:22.478.865 INFO root: solving SAT...
00:16:59.251.638 INFO root: SAT solve time: 36.77284622192383
00:16:59.252.639 INFO root: SAT_times: 16.2 - 73.9, avg 48.2 med 49.4
00:16:59.252.639 INFO root: middle division transition ~0000110100001001 -> 0000101110110000 (~5 -> 6)
00:16:59.253.640 INFO root: mid transition: 0000110100001001 0000101110110000 5 6
00:16:59.253.640 INFO root: full trace:
00:16:59.254.640 INFO root: 1111 1111 1111 1111 1111 1111 1111 0010 1111 1111 1111 1111 1111 1111 1111 0110# initial
00:16:59.254.641 INFO root: 1111 1111 0111 1111 1111 0111 1111 1110 0111 1111 1111 1111 1111 1011 1111 1111# after SR MC SR
00:16:59.255.642 INFO root: 1111 1000 1100 1001 0010 0000 0101 0110 1000 0010 1111 1111 0101 1111 1100 1111# after SSB
00:16:59.255.642 INFO root: 0110 0111 0111 0111 0111 0111 1011 0111 0111 0000 0111 0000 0000 1111 1101 0000# after SR MC SR
00:16:59.256.643 INFO root: 0010 0000 0000 0001 0000 0100 0000 0000 0000 0100 0001 0000 0000 0000 1000 0000# after SSB
00:16:59.257.643 INFO root: 0000 0000 0000 0000 0000 0000 1011 0000 0000 0000 1011 0000 0000 0000 0000 0000# after SR MC SR
00:16:59.257.644 INFO root: 
00:16:59.257.644 INFO root: new trail: 0000110100001001 -> 0000101110110000
00:16:59.259.646 INFO root: #trails 14 
00:16:59.260.647 INFO root: mask pair #558 / 65025: 0000000001110110 0000000010110000anfI_max <DenseSet hash=87819fc915ff4819 n=16 wt=90 | 3:4 4:32 5:37 6:17> anfO_max <DenseSet hash=4538e1ec0db6e265 n=16 wt=59 | 3:5 4:16 5:24 6:14>
00:17:09.344.731 INFO root: solving SAT...
00:18:10.458.844 INFO root: SAT solve time: 61.112974882125854
00:18:10.458.845 INFO root: SAT_times: 16.2 - 73.9, avg 49.1 med 49.4
00:18:10.459.845 INFO root: middle division transition ~0000110110110000 -> 0000110101110000 (~6 -> 6)
00:18:10.459.846 INFO root: mid transition: 0000110110110000 0000110101110000 6 6
00:18:10.459.846 INFO root: full trace:
00:18:10.460.847 INFO root: 1111 1111 1111 1111 1111 1111 1111 0010 1111 1111 1111 0100 1111 1111 1111 1111# initial
00:18:10.460.847 INFO root: 1111 1101 1111 1111 1110 1101 1111 1111 0111 1111 1111 1111 1111 1111 1011 0111# after SR MC SR
00:18:10.461.848 INFO root: 0001 1001 1111 1111 0100 1100 1111 0100 1011 1000 0010 0010 0011 0010 0001 1010# after SSB
00:18:10.462.848 INFO root: 0100 1111 1011 0100 1100 0111 0111 0000 1110 0000 1101 1110 1101 0110 0000 0000# after SR MC SR
00:18:10.462.849 INFO root: 0100 0000 0000 0000 0001 0100 0000 0000 0000 0100 0000 0000 0000 0000 0010 1000# after SSB
00:18:10.463.850 INFO root: 0000 0000 0000 0000 0000 0000 1101 0000 0000 0000 0111 0000 0000 0000 0000 0000# after SR MC SR
00:18:10.463.850 INFO root: 
00:18:10.463.850 INFO root: new trail: 0000110110110000 -> 0000110101110000
00:18:10.468.855 INFO root: #trails 15 
00:18:10.469.856 INFO root: mask pair #840 / 65025: 0111000001100000 0001101100010001anfI_max <DenseSet hash=490b4b10167dd4c3 n=16 wt=98 | 3:2 4:27 5:44 6:25> anfO_max <DenseSet hash=290c8aa4a596467a n=16 wt=73 | 3:6 4:11 5:30 6:26>
00:18:19.363.750 INFO root: solving SAT...
00:18:48.552.939 INFO root: SAT solve time: 29.18831491470337
00:18:48.553.940 INFO root: SAT_times: 16.2 - 73.9, avg 47.8 med 49.4
00:18:48.553.940 INFO root: middle division transition ~1011000001100000 -> 0111000010110000 (~5 -> 6)
00:18:48.553.940 INFO root: mid transition: 1011000001100000 0111000010110000 5 6
00:18:48.554.941 INFO root: full trace:
00:18:48.554.941 INFO root: 1111 1111 1111 0100 1111 1111 1111 1111 1111 1111 1111 1001 1111 1111 1111 1111# initial
00:18:48.555.942 INFO root: 1111 1111 1111 1111 0111 1111 1110 1111 1111 1011 1111 0111 0111 1111 1111 1111# after SR MC SR
00:18:48.556.942 INFO root: 0010 1000 0100 0100 1111 1111 1111 0100 0000 0010 1000 1111 1000 0010 1111 0011# after SSB
00:18:48.556.943 INFO root: 0111 0000 0000 1011 1011 0000 1111 1101 1011 0000 0110 1111 1110 0000 0111 0000# after SR MC SR
00:18:48.557.943 INFO root: 0001 0000 1000 0000 0000 0000 0000 0100 1000 0000 0010 0000 0000 0000 0000 0100# after SSB
00:18:48.557.944 INFO root: 0000 0000 0111 0000 0000 0000 0000 0000 0000 0000 1011 0000 0000 0000 0000 0000# after SR MC SR
00:18:48.558.945 INFO root: 
00:18:48.558.945 INFO root: new trail: 1011000001100000 -> 0111000010110000
00:18:48.567.954 INFO root: #trails 16 
00:18:48.567.954 INFO root: mask pair #1438 / 65025: 0001000000010111 0000101010100001anfI_max <DenseSet hash=9d59654a883c16ea n=16 wt=83 | 3:1 4:29 5:34 6:19> anfO_max <DenseSet hash=2e367860c36884c1 n=16 wt=77 | 3:6 4:18 5:31 6:22>
00:18:58.270.657 INFO root: solving SAT...
00:19:44.839.226 INFO root: SAT solve time: 46.56849503517151
00:19:44.840.227 INFO root: SAT_times: 16.2 - 73.9, avg 47.7 med 48.1
00:19:44.840.227 INFO root: middle division transition ~0111000000001101 -> 0111000000001101 (~6 -> 6)
00:19:44.841.227 INFO root: mid transition: 0111000000001101 0111000000001101 6 6
00:19:44.841.228 INFO root: full trace:
00:19:44.842.228 INFO root: 1111 1111 1111 1000 1111 1111 1111 1111 1111 1111 1111 1111 1111 1111 1111 0010# initial
00:19:44.842.229 INFO root: 1111 1111 1111 1111 1111 1111 1110 1101 1111 0111 0111 1111 1011 1110 1111 1111# after SR MC SR
00:19:44.843.230 INFO root: 1000 0100 0001 0010 0110 0101 1001 1001 0100 0001 1000 1000 1111 1111 1000 1111# after SSB
00:19:44.843.230 INFO root: 1111 1101 1011 1001 0001 1101 0111 1111 1010 0000 0000 1000 0000 0000 1011 0000# after SR MC SR
00:19:44.844.231 INFO root: 0000 0010 0100 0000 0000 0000 0000 0010 0010 0000 0000 0100 0010 0000 0000 0000# after SSB
00:19:44.845.231 INFO root: 0000 0000 0111 0000 0000 0000 0000 0000 0000 0000 0000 0000 0000 0000 1101 0000# after SR MC SR
00:19:44.845.232 INFO root: 
00:19:44.845.232 INFO root: new trail: 0111000000001101 -> 0111000000001101
00:19:44.847.234 INFO root: #trails 17 
00:19:44.848.235 INFO root: mask pair #1486 / 65025: 0110011101100000 1011101000000000anfI_max <DenseSet hash=430d650a258b0447 n=16 wt=80 | 3:1 4:12 5:40 6:27> anfO_max <DenseSet hash=53b35de24340db18 n=16 wt=86 | 3:3 4:25 5:45 6:13>
00:19:53.972.359 INFO root: solving SAT...
00:20:42.052.439 INFO root: SAT solve time: 48.079240798950195
00:20:42.052.439 INFO root: SAT_times: 16.2 - 73.9, avg 47.8 med 48.1
00:20:42.053.440 INFO root: middle division transition ~0000011100000111 -> 1011000001110000 (~6 -> 6)
00:20:42.053.440 INFO root: mid transition: 0000011100000111 1011000001110000 6 6
00:20:42.053.440 INFO root: full trace:
00:20:42.054.441 INFO root: 1111 1111 1111 1111 1111 1111 1111 1000 1111 1111 1111 1111 1111 1111 1111 1000# initial
00:20:42.054.441 INFO root: 1011 1111 1110 1111 1111 0111 1111 1011 0111 1111 0111 1111 1111 1111 1111 1111# after SR MC SR
00:20:42.055.442 INFO root: 0001 1111 1111 1000 0100 1111 0000 0110 1000 0001 1111 0100 0010 0010 0010 1111# after SSB
00:20:42.055.442 INFO root: 0011 0111 0000 0000 0000 1101 0010 1111 1001 0000 1101 1101 1101 1111 0000 1011# after SR MC SR
00:20:42.056.442 INFO root: 0000 0000 0000 0000 0000 0010 0000 0010 1000 0000 0001 0000 0000 0100 0000 1000# after SSB
00:20:42.056.443 INFO root: 0000 0000 1011 0000 0000 0000 0000 0000 0000 0000 0111 0000 0000 0000 0000 0000# after SR MC SR
00:20:42.056.443 INFO root: 
00:20:42.057.443 INFO root: new trail: 0000011100000111 -> 1011000001110000
00:20:42.061.448 INFO root: #trails 18 
00:20:42.061.448 INFO root: mask pair #1691 / 65025: 0000011000010001 0001101110100000anfI_max <DenseSet hash=fe0b8f012cd7521f n=16 wt=93 | 3:3 4:6 5:57 6:27> anfO_max <DenseSet hash=9587aa654c85d034 n=16 wt=77 | 3:6 4:22 5:30 6:19>
00:20:51.944.331 INFO root: solving SAT...
00:21:07.053.440 INFO root: SAT solve time: 15.109038352966309
00:21:07.054.441 INFO root: SAT_times: 15.1 - 73.9, avg 46.0 med 48.1
00:21:07.054.441 INFO root: middle division transition ~0111000010110000 -> 1101101100000000 (~6 -> 6)
00:21:07.055.442 INFO root: mid transition: 0111000010110000 1101101100000000 6 6
00:21:07.055.442 INFO root: full trace:
00:21:07.055.442 INFO root: 1111 1111 1111 1000 1111 1111 1111 1111 1111 1111 1111 0100 1111 1111 1111 1111# initial
00:21:07.056.443 INFO root: 1111 1111 1111 1110 0111 1111 0111 1111 1111 1101 1111 1110 1111 1111 0111 1111# after SR MC SR
00:21:07.056.443 INFO root: 0010 0001 0000 1111 1000 1000 0100 0000 1111 1111 1000 1111 0100 1111 1111 1111# after SSB
00:21:07.057.443 INFO root: 1101 0111 0000 1011 1011 1011 1111 0110 0101 0111 0110 0000 1011 0000 0001 1011# after SR MC SR
00:21:07.057.444 INFO root: 0000 0000 0100 0010 0001 0000 0000 0000 0100 0000 0000 0000 0000 0010 0100 0000# after SSB
00:21:07.057.444 INFO root: 0000 0000 1101 0000 0000 0000 1011 0000 0000 0000 0000 0000 0000 0000 0000 0000# after SR MC SR
00:21:07.058.444 INFO root: 
00:21:07.058.445 INFO root: new trail: 0111000010110000 -> 1101101100000000
00:21:07.066.453 INFO root: #trails 19 
00:21:07.067.454 INFO root: mask pair #2675 / 65025: 0001000101100000 1011101110101011anfI_max <DenseSet hash=1735a206e35e2b44 n=16 wt=105 | 3:2 4:10 5:77 6:16> anfO_max <DenseSet hash=f1fbe5bec0cd958f n=16 wt=75 | 3:3 4:22 5:28 6:22>
00:21:16.033.420 INFO root: solving SAT...
00:22:07.085.472 INFO root: SAT solve time: 51.05159068107605
00:22:07.086.472 INFO root: SAT_times: 15.1 - 73.9, avg 46.3 med 48.1
00:22:07.086.473 INFO root: middle division transition ~1100000010110000 -> 1101101100000000 (~5 -> 6)
00:22:07.086.473 INFO root: mid transition: 1100000010110000 1101101100000000 5 6
00:22:07.087.473 INFO root: full trace:
00:22:07.087.474 INFO root: 1111 1111 1111 0011 1111 1111 1111 1111 1111 1111 1111 0100 1111 1111 1111 1111# initial
00:22:07.088.475 INFO root: 1111 1101 1111 1011 1011 1111 1101 1111 1111 1111 1111 1111 1111 1111 0111 1111# after SR MC SR
00:22:07.088.475 INFO root: 0010 0101 1000 1000 0010 1111 1000 1111 1101 0011 0001 0100 1111 0100 1111 0101# after SSB
00:22:07.089.476 INFO root: 1111 0111 0000 0111 0000 1011 0000 1011 1101 0101 1000 1110 1101 0000 1100 1011# after SR MC SR
00:22:07.089.476 INFO root: 0000 0000 0000 1000 0100 0000 0000 0001 0100 0000 0000 0000 0000 0010 0001 0000# after SSB
00:22:07.090.477 INFO root: 0000 0000 1101 0000 0000 0000 1011 0000 0000 0000 0000 0000 0000 0000 0000 0000# after SR MC SR
00:22:07.090.477 INFO root: 
00:22:07.090.477 INFO root: new trail: 1100000010110000 -> 1101101100000000
00:22:07.096.483 INFO root: #trails 20 
00:22:07.097.484 INFO root: mask pair #3098 / 65025: 0001000000000000 1011101000001010anfI_max <DenseSet hash=c624d6a10178ac83 n=16 wt=78 | 3:11 4:28 5:28 6:11> anfO_max <DenseSet hash=8f410949038675ff n=16 wt=84 | 3:3 4:16 5:46 6:19>
00:22:14.217.603 INFO root: solving SAT...
00:22:50.398.785 INFO root: SAT solve time: 36.180769205093384
00:22:50.398.785 INFO root: SAT_times: 15.1 - 73.9, avg 45.8 med 48.1
00:22:50.399.785 INFO root: middle division transition ~0000000001110111 -> 0000000011011011 (~6 -> 6)
00:22:50.399.786 INFO root: mid transition: 0000000001110111 0000000011011011 6 6
00:22:50.399.786 INFO root: full trace:
00:22:50.399.786 INFO root: 1111 1111 1111 1111 1111 1111 1111 1111 1111 1111 1111 1000 1111 1111 1111 1000# initial
00:22:50.400.787 INFO root: 1110 0111 1111 1111 1101 1111 1111 1111 1111 1111 1011 0111 1111 1101 1111 1111# after SR MC SR
00:22:50.400.787 INFO root: 1001 1111 1110 1111 0010 1000 0100 0011 0111 0000 0100 0100 1000 0010 1111 1010# after SSB
00:22:50.401.788 INFO root: 0000 0010 1110 1011 0000 0111 1110 1000 0000 1101 1100 1011 0000 1101 1101 1110# after SR MC SR
00:22:50.401.788 INFO root: 0000 0001 0000 0000 0000 1000 1000 0000 0000 0000 0100 0100 0000 0000 0000 0010# after SSB
00:22:50.402.789 INFO root: 0000 0000 0000 0000 0000 0000 0000 0000 0000 0000 1101 0000 0000 0000 1011 0000# after SR MC SR
00:22:50.402.789 INFO root: 
00:22:50.402.789 INFO root: new trail: 0000000001110111 -> 0000000011011011
00:22:50.409.796 INFO root: #trails 21 
00:22:50.410.796 INFO root: mask pair #3868 / 65025: 0110011000000001 1011000110101011anfI_max <DenseSet hash=5dcedb7458fee61f n=16 wt=100 | 3:2 4:24 5:58 6:16> anfO_max <DenseSet hash=36398445752a62e1 n=16 wt=81 | 3:2 4:11 5:42 6:26>
00:22:56.849.236 INFO root: solving SAT...
00:23:44.057.444 INFO root: SAT solve time: 47.20728659629822
00:23:44.058.444 INFO root: SAT_times: 15.1 - 73.9, avg 45.9 med 48.1
00:23:44.058.445 INFO root: middle division transition ~0000110000000111 -> 0000101101110000 (~5 -> 6)
00:23:44.058.445 INFO root: mid transition: 0000110000000111 0000101101110000 5 6
00:23:44.059.445 INFO root: full trace:
00:23:44.059.446 INFO root: 1111 1111 1111 1111 1111 1111 1111 0011 1111 1111 1111 1111 1111 1111 1111 1000# initial
00:23:44.060.447 INFO root: 1110 1111 0111 1111 1111 1111 1111 0111 1111 1111 1111 1111 1111 0111 1111 0111# after SR MC SR
00:23:44.061.447 INFO root: 1110 0011 1111 1111 0100 1000 1000 0000 1111 1001 0100 1110 1111 1111 0010 0100# after SSB
00:23:44.061.448 INFO root: 0000 0111 1101 1011 1111 1101 1110 0111 1101 0000 1101 0000 0110 0000 0111 1011# after SR MC SR
00:23:44.062.449 INFO root: 1000 0000 0000 0010 0100 0001 0000 0000 0000 0000 0001 0000 0000 0000 1000 0000# after SSB
00:23:44.062.449 INFO root: 0000 0000 0000 0000 0000 0000 1011 0000 0000 0000 0111 0000 0000 0000 0000 0000# after SR MC SR
00:23:44.063.449 INFO root: 
00:23:44.063.450 INFO root: new trail: 0000110000000111 -> 0000101101110000
00:23:44.071.458 INFO root: #trails 22 
00:23:44.072.459 INFO root: mask pair #4373 / 65025: 0111011100010001 1011101000001011anfI_max <DenseSet hash=57a314d1e32bd2f8 n=16 wt=99 | 3:2 4:14 5:62 6:21> anfO_max <DenseSet hash=8a9038156504114a n=16 wt=83 | 3:4 4:19 5:42 6:18>
00:23:52.685.072 INFO root: solving SAT...
00:24:38.383.770 INFO root: SAT solve time: 45.697375535964966
00:24:38.384.771 INFO root: SAT_times: 15.1 - 73.9, avg 45.9 med 47.2
00:24:38.384.771 INFO root: middle division transition ~0000000010101101 -> 1101000011010000 (~5 -> 6)
00:24:38.385.771 INFO root: mid transition: 0000000010101101 1101000011010000 5 6
00:24:38.385.772 INFO root: full trace:
00:24:38.385.772 INFO root: 1111 1111 1111 1111 1111 1111 1111 1111 1111 1111 1111 0101 1111 1111 1111 0010# initial
00:24:38.386.773 INFO root: 1011 1111 1111 1111 1111 1111 1111 1111 1111 1111 0111 1011 1111 1110 1110 1111# after SR MC SR
00:24:38.387.773 INFO root: 0010 0100 0100 1111 1111 1111 0100 0010 1110 1111 0101 0010 1001 0010 0100 0011# after SSB
00:24:38.387.774 INFO root: 1111 0000 0010 1101 1011 1101 1111 0111 0000 1011 0000 0000 1011 0101 0011 0101# after SR MC SR
00:24:38.388.775 INFO root: 1000 0000 1000 0000 0000 0000 0000 0000 0100 0000 1000 0000 0000 1000 0000 0010# after SSB
00:24:38.388.775 INFO root: 0000 0000 1101 0000 0000 0000 0000 0000 0000 0000 1101 0000 0000 0000 0000 0000# after SR MC SR
00:24:38.389.775 INFO root: 
00:24:38.389.776 INFO root: new trail: 0000000010101101 -> 1101000011010000
00:24:38.426.813 INFO root: #trails 23 
00:24:38.427.814 INFO root: mask pair #7035 / 65025: 0000000001110110 0000101110110001anfI_max <DenseSet hash=87819fc915ff4819 n=16 wt=90 | 3:4 4:32 5:37 6:17> anfO_max <DenseSet hash=ef8638eed3785e01 n=16 wt=93 | 3:7 4:29 5:39 6:18>
00:24:48.044.431 INFO root: solving SAT...
00:25:24.905.292 INFO root: SAT solve time: 36.85980582237244
00:25:24.905.292 INFO root: SAT_times: 15.1 - 73.9, avg 45.5 med 47.2
00:25:24.906.292 INFO root: middle division transition ~1011110100000000 -> 0111000000000111 (~6 -> 6)
00:25:24.906.293 INFO root: mid transition: 1011110100000000 0111000000000111 6 6
00:25:24.906.293 INFO root: full trace:
00:25:24.907.293 INFO root: 1111 1111 1111 0100 1111 1111 1111 0010 1111 1111 1111 1111 1111 1111 1111 1111# initial
00:25:24.907.294 INFO root: 1111 1111 0111 1111 1111 1111 0111 1111 1101 0111 1111 1111 1011 1111 1111 1110# after SR MC SR
00:25:24.907.294 INFO root: 1000 0101 0000 1111 0001 1111 0010 1111 0100 0011 1111 1110 1111 1000 1000 1011# after SSB
00:25:24.908.295 INFO root: 1101 0111 1110 0000 1100 0111 1101 1110 0000 1100 1110 1010 0111 1110 1011 0000# after SR MC SR
00:25:24.908.295 INFO root: 0000 0010 1000 0000 0000 0000 1000 0000 0010 0000 0000 0100 0000 1000 0000 0000# after SSB
00:25:24.909.295 INFO root: 0000 0000 0111 0000 0000 0000 0000 0000 0000 0000 0000 0000 0000 0000 0111 0000# after SR MC SR
00:25:24.909.296 INFO root: 
00:25:24.909.296 INFO root: new trail: 1011110100000000 -> 0111000000000111
00:25:24.914.301 INFO root: #trails 24 
00:25:24.914.301 INFO root: mask pair #7418 / 65025: 0111000100000000 1010000000000000anfI_max <DenseSet hash=008e7887ec8cffa5 n=16 wt=96 | 3:8 4:21 5:51 6:16> anfO_max <DenseSet hash=4d700f45c27717be n=16 wt=76 | 3:9 4:32 5:27 6:8>
00:25:31.154.541 INFO root: solving SAT...
00:26:22.668.055 INFO root: SAT solve time: 51.51294922828674
00:26:22.668.055 INFO root: SAT_times: 15.1 - 73.9, avg 45.7 med 47.2
00:26:22.669.056 INFO root: middle division transition ~0000000010010111 -> 1101000001110000 (~5 -> 6)
00:26:22.669.056 INFO root: mid transition: 0000000010010111 1101000001110000 5 6
00:26:22.669.056 INFO root: full trace:
00:26:22.670.057 INFO root: 1111 1111 1111 1111 1111 1111 1111 1111 1111 1111 1111 0110 1111 1111 1111 1000# initial
00:26:22.670.057 INFO root: 1011 1111 1111 1111 1111 1111 1111 1011 1111 1111 1111 1011 1111 1110 1011 1111# after SR MC SR
00:26:22.671.058 INFO root: 0010 1111 1111 0010 1011 1000 1001 0010 0100 1111 0010 0000 1111 0011 0100 1111# after SSB
00:26:22.672.058 INFO root: 1101 0010 1001 1100 1101 0000 1011 0000 1110 1011 0000 1101 1000 1111 1101 1011# after SR MC SR
00:26:22.672.059 INFO root: 0001 0000 0100 0000 0000 0010 0000 0000 0100 0000 0000 0000 0000 0010 0000 0100# after SSB
00:26:22.673.060 INFO root: 0000 0000 1101 0000 0000 0000 0000 0000 0000 0000 0111 0000 0000 0000 0000 0000# after SR MC SR
00:26:22.673.060 INFO root: 
00:26:22.674.060 INFO root: new trail: 0000000010010111 -> 1101000001110000
00:26:22.697.084 INFO root: #trails 25 
00:26:22.698.085 INFO root: mask pair #9139 / 65025: 0000000001110110 1011000010111011anfI_max <DenseSet hash=87819fc915ff4819 n=16 wt=90 | 3:4 4:32 5:37 6:17> anfO_max <DenseSet hash=c4fad38086b75f37 n=16 wt=89 | 3:1 4:24 5:40 6:24>
00:26:30.051.438 INFO root: solving SAT...
00:28:39.253.640 INFO root: SAT solve time: 129.20074462890625
00:28:39.253.640 INFO root: SAT_times: 15.1 - 129.2, avg 48.9 med 48.1
00:28:39.254.641 INFO root: middle division transition ~0000000010111011 -> 1011000000001101 (~6 -> 6)
00:28:39.254.641 INFO root: mid transition: 0000000010111011 1011000000001101 6 6
00:28:39.254.641 INFO root: full trace:
00:28:39.255.641 INFO root: 1111 1111 1111 1111 1111 1111 1111 1111 1111 1111 1111 0100 1111 1111 1111 0100# initial
00:28:39.255.642 INFO root: 0110 1111 1111 1111 1101 1111 1111 1111 1111 1111 1111 1110 1111 1011 0111 1111# after SR MC SR
00:28:39.256.642 INFO root: 1000 0010 0001 0010 1111 1111 0100 1111 0000 0100 1111 1000 0010 0100 1111 1111# after SSB
00:28:39.256.643 INFO root: 1111 1101 1011 0011 0001 0000 0111 1011 0000 1111 1101 0000 0100 1011 0000 1011# after SR MC SR
00:28:39.256.643 INFO root: 0000 0100 1000 0000 0000 0000 0000 0000 1000 0000 0000 0100 1000 0100 0000 0000# after SSB
00:28:39.257.644 INFO root: 0000 0000 1011 0000 0000 0000 0000 0000 0000 0000 0000 0000 0000 0000 1101 0000# after SR MC SR
00:28:39.257.644 INFO root: 
00:28:39.257.644 INFO root: new trail: 0000000010111011 -> 1011000000001101
00:28:39.290.677 INFO root: #trails 26 
00:28:39.290.677 INFO root: mask pair #12416 / 65025: 0111011100010111 0000000000001010anfI_max <DenseSet hash=64d8783bcc7097be n=16 wt=99 | 3:4 4:23 5:53 6:19> anfO_max <DenseSet hash=4770c501345291cf n=16 wt=66 | 3:4 4:14 5:32 6:16>
00:28:46.092.478 INFO root: solving SAT...
00:29:38.921.308 INFO root: SAT solve time: 52.82890272140503
00:29:38.922.308 INFO root: SAT_times: 15.1 - 129.2, avg 49.1 med 48.1
00:29:38.922.309 INFO root: middle division transition ~1101000000001011 -> 0000000011010111 (~6 -> 6)
00:29:38.922.309 INFO root: mid transition: 1101000000001011 0000000011010111 6 6
00:29:38.922.309 INFO root: full trace:
00:29:38.923.310 INFO root: 1111 1111 1111 0010 1111 1111 1111 1111 1111 1111 1111 1111 1111 1111 1111 0100# initial
00:29:38.923.310 INFO root: 1101 1111 1111 1011 1111 1111 1101 1011 1111 1110 1111 1111 1111 1011 1111 1111# after SR MC SR
00:29:38.924.311 INFO root: 1111 0011 0010 0010 1011 1111 1001 1000 1000 0001 1111 0011 1011 0010 0100 1000# after SSB
00:29:38.924.311 INFO root: 1101 0000 0000 1011 0111 0111 0000 1011 0010 0111 0111 1111 0000 1111 0110 0000# after SR MC SR
00:29:38.925.311 INFO root: 0010 1000 0000 0000 0000 0010 0001 0000 0000 0000 0000 0010 0000 0000 0000 1000# after SSB
00:29:38.925.312 INFO root: 0000 0000 0000 0000 0000 0000 0000 0000 0000 0000 1101 0000 0000 0000 0111 0000# after SR MC SR
00:29:38.925.312 INFO root: 
00:29:38.925.312 INFO root: new trail: 1101000000001011 -> 0000000011010111
00:29:38.932.319 INFO root: #trails 27 
00:29:38.933.319 INFO root: mask pair #12953 / 65025: 0110011000000001 1010000000000000anfI_max <DenseSet hash=5dcedb7458fee61f n=16 wt=100 | 3:2 4:24 5:58 6:16> anfO_max <DenseSet hash=4d700f45c27717be n=16 wt=76 | 3:9 4:32 5:27 6:8>
00:29:44.655.042 INFO root: solving SAT...
00:30:41.565.952 INFO root: SAT solve time: 56.910067558288574
00:30:41.566.953 INFO root: SAT_times: 15.1 - 129.2, avg 49.4 med 48.1
00:30:41.566.953 INFO root: middle division transition ~0000101100001011 -> 1011000000000111 (~6 -> 6)
00:30:41.566.953 INFO root: mid transition: 0000101100001011 1011000000000111 6 6
00:30:41.567.953 INFO root: full trace:
00:30:41.567.954 INFO root: 1111 1111 1111 1111 1111 1111 1111 0100 1111 1111 1111 1111 1111 1111 1111 0100# initial
00:30:41.567.954 INFO root: 1011 1111 0111 1111 1111 1111 1111 1111 1101 1111 1011 1111 1111 1101 1111 1110# after SR MC SR
00:30:41.568.955 INFO root: 0010 0010 0010 1011 1111 1111 0110 1111 0010 0101 1000 1111 0000 0100 0100 1111# after SSB
00:30:41.568.955 INFO root: 0010 1011 1011 1011 0100 0010 1011 1110 0000 0000 1101 1110 1111 0111 0000 0111# after SR MC SR
00:30:41.569.955 INFO root: 0000 1000 0100 0000 0000 0000 0000 0010 0100 0000 0000 0010 0100 0000 0000 0000# after SSB
00:30:41.569.956 INFO root: 0000 0000 1011 0000 0000 0000 0000 0000 0000 0000 0000 0000 0000 0000 0111 0000# after SR MC SR
00:30:41.569.956 INFO root: 
00:30:41.569.956 INFO root: new trail: 0000101100001011 -> 1011000000000111
00:30:41.608.994 INFO root: #trails 28 
00:30:41.608.995 INFO root: mask pair #16711 / 65025: 0001000000000000 0001101100000000anfI_max <DenseSet hash=c624d6a10178ac83 n=16 wt=78 | 3:11 4:28 5:28 6:11> anfO_max <DenseSet hash=15a820b8b8862124 n=16 wt=90 | 3:4 4:22 5:46 6:18>
00:30:47.400.786 INFO root: solving SAT...
00:31:17.871.258 INFO root: SAT solve time: 30.470833778381348
00:31:17.871.258 INFO root: SAT_times: 15.1 - 129.2, avg 48.7 med 48.1
00:31:17.872.259 INFO root: middle division transition ~0000101110110000 -> 0111101100000000 (~6 -> 6)
00:31:17.872.259 INFO root: mid transition: 0000101110110000 0111101100000000 6 6
00:31:17.872.259 INFO root: full trace:
00:31:17.873.259 INFO root: 1111 1111 1111 1111 1111 1111 1111 0100 1111 1111 1111 0100 1111 1111 1111 1111# initial
00:31:17.873.260 INFO root: 1111 1111 1111 1111 1011 1011 1111 1111 1011 1111 1111 1011 1111 1111 1011 0111# after SR MC SR
00:31:17.874.261 INFO root: 0011 1111 1111 0100 1000 0010 0110 0000 0010 0010 0011 1110 0001 0101 0101 1111# after SSB
00:31:17.874.261 INFO root: 1100 1011 0010 1001 0001 0000 0000 1100 1101 1011 0010 1011 0000 1111 1101 1110# after SR MC SR
00:31:17.875.261 INFO root: 0000 0000 1000 0010 0010 0000 0000 0100 0000 0010 0000 0000 0000 1000 0000 0000# after SSB
00:31:17.875.262 INFO root: 0000 0000 0111 0000 0000 0000 1011 0000 0000 0000 0000 0000 0000 0000 0000 0000# after SR MC SR
00:31:17.875.262 INFO root: 
00:31:17.875.262 INFO root: new trail: 0000101110110000 -> 0111101100000000
00:31:17.907.294 INFO root: #trails 29 
00:31:17.908.295 INFO root: mask pair #20037 / 65025: 0001000000010111 1011101000000000anfI_max <DenseSet hash=9d59654a883c16ea n=16 wt=83 | 3:1 4:29 5:34 6:19> anfO_max <DenseSet hash=53b35de24340db18 n=16 wt=86 | 3:3 4:25 5:45 6:13>
00:31:23.553.940 INFO root: solving SAT...
00:31:58.319.706 INFO root: SAT solve time: 34.765583515167236
00:31:58.320.706 INFO root: SAT_times: 15.1 - 129.2, avg 48.2 med 48.1
00:31:58.320.707 INFO root: middle division transition ~1101000000000111 -> 1001000001110000 (~6 -> 5)
00:31:58.320.707 INFO root: mid transition: 1101000000000111 1001000001110000 6 5
00:31:58.320.707 INFO root: full trace:
00:31:58.321.708 INFO root: 1111 1111 1111 0010 1111 1111 1111 1111 1111 1111 1111 1111 1111 1111 1111 1000# initial
00:31:58.321.708 INFO root: 1101 1111 1111 1111 1111 1111 1101 1011 1111 1011 1111 1111 1110 1110 1111 1111# after SR MC SR
00:31:58.321.708 INFO root: 1011 0010 0100 1000 0100 0100 1110 0010 1101 0100 1000 1111 1000 0010 1111 0010# after SSB
00:31:58.322.709 INFO root: 1101 1101 0000 1011 1101 1011 0000 0000 0000 1001 0000 0111 0011 0111 0000 1011# after SR MC SR
00:31:58.322.709 INFO root: 0000 0000 0000 0000 0000 0101 0000 0000 0100 0000 0000 0000 0000 1000 0000 1000# after SSB
00:31:58.323.709 INFO root: 0000 0000 1001 0000 0000 0000 0000 0000 0000 0000 0111 0000 0000 0000 0000 0000# after SR MC SR
00:31:58.323.710 INFO root: 
00:31:58.323.710 INFO root: new trail: 1101000000000111 -> 1001000001110000
00:31:58.383.770 INFO root: #trails 30 
00:31:58.384.770 INFO root: mask pair #29139 / 65025: 0110000100010111 0000000010110000anfI_max <DenseSet hash=486f60aa5d89a1eb n=16 wt=113 | 3:4 4:17 5:77 6:15> anfO_max <DenseSet hash=4538e1ec0db6e265 n=16 wt=59 | 3:5 4:16 5:24 6:14>
00:32:03.998.384 INFO root: solving SAT...
00:32:34.806.193 INFO root: SAT solve time: 30.8084614276886
00:32:34.807.194 INFO root: SAT_times: 15.1 - 129.2, avg 47.7 med 47.2
00:32:34.807.194 INFO root: middle division transition ~0000000010110111 -> 0000110100000111 (~6 -> 6)
00:32:34.807.194 INFO root: mid transition: 0000000010110111 0000110100000111 6 6
00:32:34.808.194 INFO root: full trace:
00:32:34.808.195 INFO root: 1111 1111 1111 1111 1111 1111 1111 1111 1111 1111 1111 0100 1111 1111 1111 1000# initial
00:32:34.808.195 INFO root: 0111 1111 1111 1111 1111 1111 1111 1111 1111 1111 0111 1010 1111 1101 1011 1111# after SR MC SR
00:32:34.809.196 INFO root: 1000 1111 0100 1111 0011 0010 0010 1010 1111 0110 1100 0010 0010 0010 0001 0010# after SSB
00:32:34.809.196 INFO root: 0000 0111 1010 0101 0001 1101 1011 0000 0000 0111 1001 0111 0001 1011 0000 0111# after SR MC SR
00:32:34.809.196 INFO root: 0000 0010 0000 0000 0000 0000 0000 0000 0000 1000 0000 0010 0001 0000 1001 0000# after SSB
00:32:34.810.197 INFO root: 0000 0000 0000 0000 0000 0000 1101 0000 0000 0000 0000 0000 0000 0000 0111 0000# after SR MC SR
00:32:34.810.197 INFO root: 
00:32:34.810.197 INFO root: new trail: 0000000010110111 -> 0000110100000111
00:32:34.862.249 INFO root: #trails 31 
00:32:34.862.249 INFO root: mask pair #36516 / 65025: 0110011001110111 1010000000000000anfI_max <DenseSet hash=b887579a659448f9 n=16 wt=116 | 3:4 4:33 5:66 6:13> anfO_max <DenseSet hash=4d700f45c27717be n=16 wt=76 | 3:9 4:32 5:27 6:8>
00:32:40.512.899 INFO root: solving SAT...
00:33:15.160.546 INFO root: SAT solve time: 34.646902322769165
00:33:15.160.547 INFO root: SAT_times: 15.1 - 129.2, avg 47.3 med 47.2
00:33:15.160.547 INFO root: middle division transition ~0101000000001011 -> 1101000001110000 (~5 -> 6)
00:33:15.161.547 INFO root: mid transition: 0101000000001011 1101000001110000 5 6
00:33:15.161.548 INFO root: full trace:
00:33:15.161.548 INFO root: 1111 1111 1111 1010 1111 1111 1111 1111 1111 1111 1111 1111 1111 1111 1111 0100# initial
00:33:15.161.548 INFO root: 1111 1111 1111 1111 1111 1111 1111 1101 1111 1111 1011 1111 1010 1101 1111 1111# after SR MC SR
00:33:15.162.549 INFO root: 0010 0011 1111 1111 1111 1111 0010 1000 1001 1000 0010 0100 0011 0101 1001 0100# after SSB
00:33:15.162.549 INFO root: 1010 0000 1110 1111 1101 1011 1111 1001 1011 1011 0000 0111 0000 0111 0000 0000# after SR MC SR
00:33:15.162.549 INFO root: 0100 0000 0100 0000 0000 0000 0000 1000 0000 0000 0010 0000 0000 0010 0000 0010# after SSB
00:33:15.163.550 INFO root: 0000 0000 1101 0000 0000 0000 0000 0000 0000 0000 0111 0000 0000 0000 0000 0000# after SR MC SR
00:33:15.163.550 INFO root: 
00:33:15.163.550 INFO root: new trail: 0101000000001011 -> 1101000001110000
00:33:15.248.635 INFO root: #trails 32 
00:33:15.249.636 INFO root: mask pair #49517 / 65025: 0001000000000000 0000000000010000anfI_max <DenseSet hash=c624d6a10178ac83 n=16 wt=78 | 3:11 4:28 5:28 6:11> anfO_max <DenseSet hash=8055c9ac1b7851b6 n=16 wt=70 | 3:5 4:14 5:32 6:19>
00:33:21.211.598 INFO root: solving SAT...
00:35:48.874.260 INFO root: SAT solve time: 147.66196179389954
00:35:48.874.261 INFO root: SAT_times: 15.1 - 147.7, avg 50.3 med 47.2
00:35:48.874.261 INFO root: middle division transition ~0000101110110000 -> 0111000011010000 (~6 -> 6)
00:35:48.874.261 INFO root: mid transition: 0000101110110000 0111000011010000 6 6
00:35:48.875.261 INFO root: full trace:
00:35:48.875.262 INFO root: 1111 1111 1111 1111 1111 1111 1111 0100 1111 1111 1111 0100 1111 1111 1111 1111# initial
00:35:48.875.262 INFO root: 1111 1111 0111 1111 1110 1011 1111 1111 1101 1111 1111 1011 1111 1111 0111 1111# after SR MC SR
00:35:48.876.262 INFO root: 0011 1111 1111 1111 0001 0101 0000 1000 0100 1000 0011 0010 0100 1100 1000 0010# after SSB
00:35:48.876.263 INFO root: 0000 0111 1111 1101 0000 0000 0000 1101 0000 1111 0111 0000 0000 1000 1101 1111# after SR MC SR
00:35:48.876.263 INFO root: 0000 0000 1000 0000 0000 0010 0000 0100 0000 0000 0100 0000 0000 1000 0000 1000# after SSB
00:35:48.877.263 INFO root: 0000 0000 0111 0000 0000 0000 0000 0000 0000 0000 1101 0000 0000 0000 0000 0000# after SR MC SR
00:35:48.877.264 INFO root: 
00:35:48.877.264 INFO root: new trail: 0000101110110000 -> 0111000011010000
00:35:48.939.325 INFO root: #trails 33 
00:35:48.939.326 INFO root: mask pair #57132 / 65025: 0111011001110001 1010000000010001anfI_max <DenseSet hash=cb401f9911125b22 n=16 wt=109 | 3:1 4:10 5:78 6:20> anfO_max <DenseSet hash=1cb7c5bc033688cb n=16 wt=97 | 3:3 4:30 5:44 6:20>
00:35:54.572.959 INFO root: solving SAT...
00:36:38.833.219 INFO root: SAT solve time: 44.26017642021179
00:36:38.833.220 INFO root: SAT_times: 15.1 - 147.7, avg 50.1 med 47.2
00:36:38.833.220 INFO root: middle division transition ~0000000000111011 -> 0101011100000000 (~5 -> 5)
00:36:38.833.220 INFO root: mid transition: 0000000000111011 0101011100000000 5 5
00:36:38.834.220 INFO root: full trace:
00:36:38.834.221 INFO root: 1111 1111 1111 1111 1111 1111 1111 1111 1111 1111 1111 1100 1111 1111 1111 0100# initial
00:36:38.834.221 INFO root: 0111 1111 1111 1111 1111 1111 1111 1111 1111 1111 1110 0111 1111 1011 1110 1111# after SR MC SR
00:36:38.835.221 INFO root: 1000 1111 0010 0011 1100 0110 0100 1001 1111 0011 0010 1111 1000 0110 1000 0100# after SSB
00:36:38.835.222 INFO root: 1010 0110 1011 0110 0111 1101 0000 0000 0000 0101 1011 1100 1011 0000 0111 0111# after SR MC SR
00:36:38.835.222 INFO root: 0000 0000 0100 0000 1001 0000 0000 0100 0000 0100 0000 0000 0000 0000 0000 0000# after SSB
00:36:38.836.222 INFO root: 0000 0000 0101 0000 0000 0000 0111 0000 0000 0000 0000 0000 0000 0000 0000 0000# after SR MC SR
00:36:38.836.222 INFO root: 
00:36:38.836.223 INFO root: new trail: 0000000000111011 -> 0101011100000000
00:36:38.895.282 INFO root: 
00:36:38.895.282 INFO root: final SAT_times: 15.1 - 147.7, avg 50.1 med 47.2
00:36:38.896.282 INFO root: SAT_times all [15.109038352966309, 16.187193393707275, 29.18831491470337, 30.470833778381348, 30.8084614276886, 34.19107389450073, 34.646902322769165, 34.765583515167236, 34.87237524986267, 36.180769205093384, 36.77284622192383, 36.85980582237244, 43.83020329475403, 44.26017642021179, 45.697375535964966, 46.56849503517151, 47.03687500953674, 47.20728659629822, 48.079240798950195, 48.13624811172485, 49.414111852645874, 51.05159068107605, 51.51294922828674, 51.60822129249573, 52.82890272140503, 52.92947006225586, 56.910067558288574, 57.26661539077759, 58.97767734527588, 61.112974882125854, 69.60524082183838, 73.89526677131653, 129.20074462890625, 147.66196179389954]
00:36:38.896.283 INFO root: Trails:
00:36:38.896.283 INFO root: trail ~0000011110110000 -> 0000110100001100: 1111111111111111111111111111100011111111111101001111111111111111 1111110110111111011111111111111101111111111110111111111111111011 0000111101010010111100101011010110010100001000010010001011111000 0000000000000111101100001111000010110000110101110111000001111111 0000000000000010001000000010000000000000000001000000000001000000 0000000000000000000000001101000000000000000000000000000011000000
00:36:38.897.284 INFO root: trail ~0000000011011011 -> 1011000011010000: 1111111111111111111111111111111111111111111100101111111111110100 1111110111111111011111111111111011111111101101111111101111111111 1111000110001111011000111010000000101100001011111010100011111100 0000000000000111011110111011111100001101101011010111110101110000 0000000000000000000001000000100000010000010000000000100000001000 0000000010110000000000000000000000000000110100000000000000000000
00:36:38.897.284 INFO root: trail ~0111101100000000 -> 0000110111010000: 1111111111111000111111111111010011111111111111111111111111111111 1111111101111011111111110111111101111101111111111111111111110111 0111010010001001111100100000010110001111111101001000001011011000 0111000001111111000000001101011110101110101100000111000011010000 0100000000000001000000000000000000000001010000000000000000100010 0000000000000000000000001101000000000000110100000000000000000000
00:36:38.898.285 INFO root: trail ~1101110100000000 -> 1001000000001101: 1111111111110010111111111111001011111111111111111111111111111111 1111111110110111111110111011111110111101111111111111111111111111 1111010011111111010000000010001001101111000000111100010100100100 0000011101111101000010110111110000001111101101110000000000001101 0000100000000000000000000010000100000000000000100000010000000000 0000000010010000000000000000000000000000000000000000000011010000
00:36:38.898.285 INFO root: trail ~1011101100000000 -> 0111000001100000: 1111111111110100111111111111010011111111111111111111111111111111 1111111110111111111110111101111111111011111111111101111111111110 0101111111111111010000001100111111111010000001011000001010001000 0000100110110101110101110111000011110000000010011011101101101101 0010000010000000000000100000001010000000000000000000000000000000 0000000001110000000000000000000000000000011000000000000000000000
00:36:38.899.285 INFO root: trail ~0000000011010111 -> 1101000000001010: 1111111111111111111111111111111111111111111100101111111111111000 1101111111111111011111111111011111111111111111011111011101111111 1111111100011111001010001111010001001010110001000000010011110000 0000110100001000011100001111110101001011101100001101001001111011 0000000000100000000000001000000000100000000000100000100000000000 0000000011010000000000000000000000000000000000000000000010100000
00:36:38.899.286 INFO root: trail ~0000110100001011 -> 0000011100000111: 1111111111111111111111111111001011111111111111111111111111110100 1111111101111111111101111111101101111111110111111111110111111111 1000010001000100001111110000001010000000011011111111101011110101 0000110101111111010010101101110100000000101101100000011101110000 0000001000000100001000000001000000000000000001000000000001000000 0000000000000000000000000111000000000000000000000000000001110000
00:36:38.900.286 INFO root: trail ~0000000010110111 -> 0000011100001011: 1111111111111111111111111111111111111111111101001111111111111000 0111101111111111110111111111111111111111011111111111111001111111 1111001011111111000010000001111110000001111111111000100000001111 1111101100011100010001110111011110110000011100000000101101111011 0000010000001000100000000001000000000000000000001000000000010000 0000000000000000000000000111000000000000000000000000000010110000
00:36:38.900.287 INFO root: trail ~0000110100000111 -> 1001000011010000: 1111111111111111111111111111001011111111111111111111111111111000 1010111111111111111111011111111111111111101111111111111111110110 1111010001001111010011111000110010010100001111011000010011110010 1011101100000110000000001100011101011101110100001101110010111111 0100000000000000000000000000100000000000100000000000100000001000 0000000010010000000000000000000000000000110100000000000000000000
00:36:38.900.287 INFO root: trail ~0000101111010000 -> 0000000001111010: 1111111111111111111111111111010011111111111100101111111111111111 1111110110111111101110111111111111111111111111011111111111111011 0100001010000000010000001001100000101111010000101111101011111111 1101110000001011110101110000000001010111000010111110111000000000 0100000100000000000001000000000000000000000000000001000000000001 0000000000000000000000000000000000000000011100000000000010100000
00:36:38.901.288 INFO root: trail ~0000110100000110 -> 1101000000000111: 1111111111111111111111111111001011111111111111111111111111111001 1111111101111111111101111111011111111111101111111111111111111101 1111111100010000111110000100100011111000001011111111011100101000 0000101100000000101101111011111010110000101110110111100011111011 0000000001000000000000001000010000000000000010000010010000000000 0000000011010000000000000000000000000000000000000000000001110000
00:36:38.901.288 INFO root: trail ~1011000000000111 -> 0000000001111011: 1111111111110100111111111111111111111111111111111111111111111000 1101111111110111111111111101101111111111111111110111111011111111 1000010111110100000111110001101101001001100001000010111111110001 0000011110111011000101111100110010110111011000100000101100001110 0000010000000000000000010000000000000000001001000001000000000100 0000000000000000000000000000000000000000011100000000000010110000
00:36:38.902.288 INFO root: trail ~0000011100001011 -> 1011000011000000: 1111111111111111111111111111100011111111111111111111111111110100 0111111101111111111110111111110111101111111011111111111111111111 1111111111001111111110000100100000001001001100110010010111011100 0000000000001111100111011011101110100111011110111101101111010000 0000000000000000000000000000001001000000010000000000100000001000 0000000010110000000000000000000000000000110000000000000000000000
00:36:38.902.289 INFO root: trail ~0000110100001001 -> 0000101110110000: 1111111111111111111111111111001011111111111111111111111111110110 1111111101111111111101111111111001111111111111111111101111111111 1111100011001001001000000101011010000010111111110101111111001111 0110011101110111011101111011011101110000011100000000111111010000 0010000000000001000001000000000000000100000100000000000010000000 0000000000000000000000001011000000000000101100000000000000000000
00:36:38.902.289 INFO root: trail ~0000110110110000 -> 0000110101110000: 1111111111111111111111111111001011111111111101001111111111111111 1111110111111111111011011111111101111111111111111111111110110111 0001100111111111010011001111010010111000001000100011001000011010 0100111110110100110001110111000011100000110111101101011000000000 0100000000000000000101000000000000000100000000000000000000101000 0000000000000000000000001101000000000000011100000000000000000000
00:36:38.903.290 INFO root: trail ~1011000001100000 -> 0111000010110000: 1111111111110100111111111111111111111111111110011111111111111111 1111111111111111011111111110111111111011111101110111111111111111 0010100001000100111111111111010000000010100011111000001011110011 0111000000001011101100001111110110110000011011111110000001110000 0001000010000000000000000000010010000000001000000000000000000100 0000000001110000000000000000000000000000101100000000000000000000
00:36:38.903.290 INFO root: trail ~0111000000001101 -> 0111000000001101: 1111111111111000111111111111111111111111111111111111111111110010 1111111111111111111111111110110111110111011111111011111011111111 1000010000010010011001011001100101000001100010001111111110001111 1111110110111001000111010111111110100000000010000000000010110000 0000001001000000000000000000001000100000000001000010000000000000 0000000001110000000000000000000000000000000000000000000011010000
00:36:38.904.290 INFO root: trail ~0000011100000111 -> 1011000001110000: 1111111111111111111111111111100011111111111111111111111111111000 1011111111101111111101111111101101111111011111111111111111111111 0001111111111000010011110000011010000001111101000010001000101111 0011011100000000000011010010111110010000110111011101111100001011 0000000000000000000000100000001010000000000100000000010000001000 0000000010110000000000000000000000000000011100000000000000000000
00:36:38.904.291 INFO root: trail ~0111000010110000 -> 1101101100000000: 1111111111111000111111111111111111111111111101001111111111111111 1111111111111110011111110111111111111101111111101111111101111111 0010000100001111100010000100000011111111100011110100111111111111 1101011100001011101110111111011001010111011000001011000000011011 0000000001000010000100000000000001000000000000000000001001000000 0000000011010000000000001011000000000000000000000000000000000000
00:36:38.904.291 INFO root: trail ~1100000010110000 -> 1101101100000000: 1111111111110011111111111111111111111111111101001111111111111111 1111110111111011101111111101111111111111111111111111111101111111 0010010110001000001011111000111111010011000101001111010011110101 1111011100000111000010110000101111010101100011101101000011001011 0000000000001000010000000000000101000000000000000000001000010000 0000000011010000000000001011000000000000000000000000000000000000
00:36:38.905.292 INFO root: trail ~0000000001110111 -> 0000000011011011: 1111111111111111111111111111111111111111111110001111111111111000 1110011111111111110111111111111111111111101101111111110111111111 1001111111101111001010000100001101110000010001001000001011111010 0000001011101011000001111110100000001101110010110000110111011110 0000000100000000000010001000000000000000010001000000000000000010 0000000000000000000000000000000000000000110100000000000010110000
00:36:38.905.292 INFO root: trail ~0000110000000111 -> 0000101101110000: 1111111111111111111111111111001111111111111111111111111111111000 1110111101111111111111111111011111111111111111111111011111110111 1110001111111111010010001000000011111001010011101111111100100100 0000011111011011111111011110011111010000110100000110000001111011 1000000000000010010000010000000000000000000100000000000010000000 0000000000000000000000001011000000000000011100000000000000000000
00:36:38.906.293 INFO root: trail ~0000000010101101 -> 1101000011010000: 1111111111111111111111111111111111111111111101011111111111110010 1011111111111111111111111111111111111111011110111111111011101111 0010010001001111111111110100001011101111010100101001001001000011 1111000000101101101111011111011100001011000000001011010100110101 1000000010000000000000000000000001000000100000000000100000000010 0000000011010000000000000000000000000000110100000000000000000000
00:36:38.906.293 INFO root: trail ~1011110100000000 -> 0111000000000111: 1111111111110100111111111111001011111111111111111111111111111111 1111111101111111111111110111111111010111111111111011111111111110 1000010100001111000111110010111101000011111111101111100010001011 1101011111100000110001111101111000001100111010100111111010110000 0000001010000000000000001000000000100000000001000000100000000000 0000000001110000000000000000000000000000000000000000000001110000
00:36:38.907.293 INFO root: trail ~0000000010010111 -> 1101000001110000: 1111111111111111111111111111111111111111111101101111111111111000 1011111111111111111111111111101111111111111110111111111010111111 0010111111110010101110001001001001001111001000001111001101001111 1101001010011100110100001011000011101011000011011000111111011011 0001000001000000000000100000000001000000000000000000001000000100 0000000011010000000000000000000000000000011100000000000000000000
00:36:38.907.294 INFO root: trail ~0000000010111011 -> 1011000000001101: 1111111111111111111111111111111111111111111101001111111111110100 0110111111111111110111111111111111111111111111101111101101111111 1000001000010010111111110100111100000100111110000010010011111111 1111110110110011000100000111101100001111110100000100101100001011 0000010010000000000000000000000010000000000001001000010000000000 0000000010110000000000000000000000000000000000000000000011010000
00:36:38.908.294 INFO root: trail ~1101000000001011 -> 0000000011010111: 1111111111110010111111111111111111111111111111111111111111110100 1101111111111011111111111101101111111110111111111111101111111111 1111001100100010101111111001100010000001111100111011001001001000 1101000000001011011101110000101100100111011111110000111101100000 0010100000000000000000100001000000000000000000100000000000001000 0000000000000000000000000000000000000000110100000000000001110000
00:36:38.908.295 INFO root: trail ~0000101100001011 -> 1011000000000111: 1111111111111111111111111111010011111111111111111111111111110100 1011111101111111111111111111111111011111101111111111110111111110 0010001000101011111111110110111100100101100011110000010001001111 0010101110111011010000101011111000000000110111101111011100000111 0000100001000000000000000000001001000000000000100100000000000000 0000000010110000000000000000000000000000000000000000000001110000
00:36:38.908.295 INFO root: trail ~0000101110110000 -> 0111101100000000: 1111111111111111111111111111010011111111111101001111111111111111 1111111111111111101110111111111110111111111110111111111110110111 0011111111110100100000100110000000100010001111100001010101011111 1100101100101001000100000000110011011011001010110000111111011110 0000000010000010001000000000010000000010000000000000100000000000 0000000001110000000000001011000000000000000000000000000000000000
00:36:38.909.296 INFO root: trail ~1101000000000111 -> 1001000001110000: 1111111111110010111111111111111111111111111111111111111111111000 1101111111111111111111111101101111111011111111111110111011111111 1011001001001000010001001110001011010100100011111000001011110010 1101110100001011110110110000000000001001000001110011011100001011 0000000000000000000001010000000001000000000000000000100000001000 0000000010010000000000000000000000000000011100000000000000000000
00:36:38.909.296 INFO root: trail ~0000000010110111 -> 0000110100000111: 1111111111111111111111111111111111111111111101001111111111111000 0111111111111111111111111111111111111111011110101111110110111111 1000111101001111001100100010101011110110110000100010001000010010 0000011110100101000111011011000000000111100101110001101100000111 0000001000000000000000000000000000001000000000100001000010010000 0000000000000000000000001101000000000000000000000000000001110000
00:36:38.910.296 INFO root: trail ~0101000000001011 -> 1101000001110000: 1111111111111010111111111111111111111111111111111111111111110100 1111111111111111111111111111110111111111101111111010110111111111 0010001111111111111111110010100010011000001001000011010110010100 1010000011101111110110111111100110111011000001110000011100000000 0100000001000000000000000000100000000000001000000000001000000010 0000000011010000000000000000000000000000011100000000000000000000
00:36:38.910.297 INFO root: trail ~0000101110110000 -> 0111000011010000: 1111111111111111111111111111010011111111111101001111111111111111 1111111101111111111010111111111111011111111110111111111101111111 0011111111111111000101010000100001001000001100100100110010000010 0000011111111101000000000000110100001111011100000000100011011111 0000000010000000000000100000010000000000010000000000100000001000 0000000001110000000000000000000000000000110100000000000000000000
00:36:38.910.297 INFO root: trail ~0000000000111011 -> 0101011100000000: 1111111111111111111111111111111111111111111111001111111111110100 0111111111111111111111111111111111111111111001111111101111101111 1000111100100011110001100100100111110011001011111000011010000100 1010011010110110011111010000000000000101101111001011000001110111 0000000001000000100100000000010000000100000000000000000000000000 0000000001010000000000000111000000000000000000000000000000000000
00:36:38.911.297 INFO root: 
00:36:38.911.298 INFO root: Greedy:
00:36:38.927.314 INFO root: greedy iter, tocover 65025
00:36:50.285.672 INFO root: trail (Bin(0b0000000000111011, n=16), Bin(0b0101011100000000, n=16)) cnt 43008
00:36:50.384.770 INFO root: -----
00:36:50.384.771 INFO root: greedy iter, tocover 22017
00:36:51.579.966 INFO root: trail (Bin(0b0000000010010111, n=16), Bin(0b1101000001110000, n=16)) cnt 9856
00:36:51.638.024 INFO root: -----
00:36:51.638.025 INFO root: greedy iter, tocover 12161
00:36:52.488.875 INFO root: trail (Bin(0b0000110100001001, n=16), Bin(0b0000101110110000, n=16)) cnt 5520
00:36:52.506.893 INFO root: -----
00:36:52.506.893 INFO root: greedy iter, tocover 6641
00:36:52.873.260 INFO root: trail (Bin(0b1011000001100000, n=16), Bin(0b0111000010110000, n=16)) cnt 2616
00:36:52.889.276 INFO root: -----
00:36:52.889.276 INFO root: greedy iter, tocover 4025
00:36:53.204.591 INFO root: trail (Bin(0b1100000010110000, n=16), Bin(0b1101101100000000, n=16)) cnt 1628
00:36:53.211.598 INFO root: -----
00:36:53.212.599 INFO root: greedy iter, tocover 2397
00:36:53.377.763 INFO root: trail (Bin(0b1011101100000000, n=16), Bin(0b0111000001100000, n=16)) cnt 1026
00:36:53.384.771 INFO root: -----
00:36:53.385.771 INFO root: greedy iter, tocover 1371
00:36:53.489.876 INFO root: trail (Bin(0b0000110000000111, n=16), Bin(0b0000101101110000, n=16)) cnt 580
00:36:53.493.880 INFO root: -----
00:36:53.494.880 INFO root: greedy iter, tocover 791
00:36:53.554.941 INFO root: trail (Bin(0b0000000010101101, n=16), Bin(0b1101000011010000, n=16)) cnt 354
00:36:53.556.942 INFO root: -----
00:36:53.556.943 INFO root: greedy iter, tocover 437
00:36:53.584.971 INFO root: trail (Bin(0b0000011110110000, n=16), Bin(0b0000110100001100, n=16)) cnt 171
00:36:53.586.973 INFO root: -----
00:36:53.586.973 INFO root: greedy iter, tocover 266
00:36:53.609.996 INFO root: trail (Bin(0b0000101111010000, n=16), Bin(0b0000000001111010, n=16)) cnt 92
00:36:53.610.997 INFO root: -----
00:36:53.611.997 INFO root: greedy iter, tocover 174
00:36:53.626.013 INFO root: trail (Bin(0b1101000000000111, n=16), Bin(0b1001000001110000, n=16)) cnt 72
00:36:53.627.014 INFO root: -----
00:36:53.627.014 INFO root: greedy iter, tocover 102
00:36:53.636.023 INFO root: trail (Bin(0b1101110100000000, n=16), Bin(0b1001000000001101, n=16)) cnt 32
00:36:53.637.024 INFO root: -----
00:36:53.637.024 INFO root: greedy iter, tocover 70
00:36:53.644.030 INFO root: trail (Bin(0b0000110100001011, n=16), Bin(0b0000011100000111, n=16)) cnt 22
00:36:53.644.031 INFO root: -----
00:36:53.644.031 INFO root: greedy iter, tocover 48
00:36:53.649.036 INFO root: trail (Bin(0b0000101100001011, n=16), Bin(0b1011000000000111, n=16)) cnt 14
00:36:53.650.036 INFO root: -----
00:36:53.650.037 INFO root: greedy iter, tocover 34
00:36:53.653.040 INFO root: trail (Bin(0b0000000011010111, n=16), Bin(0b1101000000001010, n=16)) cnt 11
00:36:53.654.041 INFO root: -----
00:36:53.654.041 INFO root: greedy iter, tocover 23
00:36:53.656.043 INFO root: trail (Bin(0b1011110100000000, n=16), Bin(0b0111000000000111, n=16)) cnt 7
00:36:53.657.044 INFO root: -----
00:36:53.657.044 INFO root: greedy iter, tocover 16
00:36:53.659.046 INFO root: trail (Bin(0b1011000000000111, n=16), Bin(0b0000000001111011, n=16)) cnt 7
00:36:53.659.046 INFO root: -----
00:36:53.660.046 INFO root: greedy iter, tocover 9
00:36:53.661.048 INFO root: trail (Bin(0b0101000000001011, n=16), Bin(0b1101000001110000, n=16)) cnt 3
00:36:53.661.048 INFO root: -----
00:36:53.661.048 INFO root: greedy iter, tocover 6
00:36:53.662.049 INFO root: trail (Bin(0b0000000001110111, n=16), Bin(0b0000000011011011, n=16)) cnt 3
00:36:53.663.050 INFO root: -----
00:36:53.663.050 INFO root: greedy iter, tocover 3
00:36:53.664.051 INFO root: trail (Bin(0b0000000010110111, n=16), Bin(0b0000110100000111, n=16)) cnt 1
00:36:53.664.051 INFO root: -----
00:36:53.664.051 INFO root: greedy iter, tocover 2
00:36:53.665.052 INFO root: trail (Bin(0b0111000000001101, n=16), Bin(0b0111000000001101, n=16)) cnt 1
00:36:53.665.052 INFO root: -----
00:36:53.665.052 INFO root: greedy iter, tocover 1
00:36:53.666.053 INFO root: trail (Bin(0b0000011100001011, n=16), Bin(0b1011000011000000, n=16)) cnt 1
00:36:53.666.053 INFO root: -----
00:36:53.667.053 INFO root: chosen trails: 22
00:36:53.667.054 INFO root: trail ~0000000000111011 -> 0101011100000000: 1111111111111111111111111111111111111111111111001111111111110100 0111111111111111111111111111111111111111111001111111101111101111 1000111100100011110001100100100111110011001011111000011010000100 1010011010110110011111010000000000000101101111001011000001110111 0000000001000000100100000000010000000100000000000000000000000000 0000000001010000000000000111000000000000000000000000000000000000
00:36:53.669.055 INFO root: trail ~0000000010010111 -> 1101000001110000: 1111111111111111111111111111111111111111111101101111111111111000 1011111111111111111111111111101111111111111110111111111010111111 0010111111110010101110001001001001001111001000001111001101001111 1101001010011100110100001011000011101011000011011000111111011011 0001000001000000000000100000000001000000000000000000001000000100 0000000011010000000000000000000000000000011100000000000000000000
00:36:53.670.057 INFO root: trail ~0000110100001001 -> 0000101110110000: 1111111111111111111111111111001011111111111111111111111111110110 1111111101111111111101111111111001111111111111111111101111111111 1111100011001001001000000101011010000010111111110101111111001111 0110011101110111011101111011011101110000011100000000111111010000 0010000000000001000001000000000000000100000100000000000010000000 0000000000000000000000001011000000000000101100000000000000000000
00:36:53.671.058 INFO root: trail ~1011000001100000 -> 0111000010110000: 1111111111110100111111111111111111111111111110011111111111111111 1111111111111111011111111110111111111011111101110111111111111111 0010100001000100111111111111010000000010100011111000001011110011 0111000000001011101100001111110110110000011011111110000001110000 0001000010000000000000000000010010000000001000000000000000000100 0000000001110000000000000000000000000000101100000000000000000000
00:36:53.672.059 INFO root: trail ~1100000010110000 -> 1101101100000000: 1111111111110011111111111111111111111111111101001111111111111111 1111110111111011101111111101111111111111111111111111111101111111 0010010110001000001011111000111111010011000101001111010011110101 1111011100000111000010110000101111010101100011101101000011001011 0000000000001000010000000000000101000000000000000000001000010000 0000000011010000000000001011000000000000000000000000000000000000
00:36:53.674.061 INFO root: trail ~1011101100000000 -> 0111000001100000: 1111111111110100111111111111010011111111111111111111111111111111 1111111110111111111110111101111111111011111111111101111111111110 0101111111111111010000001100111111111010000001011000001010001000 0000100110110101110101110111000011110000000010011011101101101101 0010000010000000000000100000001010000000000000000000000000000000 0000000001110000000000000000000000000000011000000000000000000000
00:36:53.675.062 INFO root: trail ~0000110000000111 -> 0000101101110000: 1111111111111111111111111111001111111111111111111111111111111000 1110111101111111111111111111011111111111111111111111011111110111 1110001111111111010010001000000011111001010011101111111100100100 0000011111011011111111011110011111010000110100000110000001111011 1000000000000010010000010000000000000000000100000000000010000000 0000000000000000000000001011000000000000011100000000000000000000
00:36:53.676.063 INFO root: trail ~0000000010101101 -> 1101000011010000: 1111111111111111111111111111111111111111111101011111111111110010 1011111111111111111111111111111111111111011110111111111011101111 0010010001001111111111110100001011101111010100101001001001000011 1111000000101101101111011111011100001011000000001011010100110101 1000000010000000000000000000000001000000100000000000100000000010 0000000011010000000000000000000000000000110100000000000000000000
00:36:53.678.064 INFO root: trail ~0000011110110000 -> 0000110100001100: 1111111111111111111111111111100011111111111101001111111111111111 1111110110111111011111111111111101111111111110111111111111111011 0000111101010010111100101011010110010100001000010010001011111000 0000000000000111101100001111000010110000110101110111000001111111 0000000000000010001000000010000000000000000001000000000001000000 0000000000000000000000001101000000000000000000000000000011000000
00:36:53.679.066 INFO root: trail ~0000101111010000 -> 0000000001111010: 1111111111111111111111111111010011111111111100101111111111111111 1111110110111111101110111111111111111111111111011111111111111011 0100001010000000010000001001100000101111010000101111101011111111 1101110000001011110101110000000001010111000010111110111000000000 0100000100000000000001000000000000000000000000000001000000000001 0000000000000000000000000000000000000000011100000000000010100000
00:36:53.680.067 INFO root: trail ~1101000000000111 -> 1001000001110000: 1111111111110010111111111111111111111111111111111111111111111000 1101111111111111111111111101101111111011111111111110111011111111 1011001001001000010001001110001011010100100011111000001011110010 1101110100001011110110110000000000001001000001110011011100001011 0000000000000000000001010000000001000000000000000000100000001000 0000000010010000000000000000000000000000011100000000000000000000
00:36:53.681.068 INFO root: trail ~1101110100000000 -> 1001000000001101: 1111111111110010111111111111001011111111111111111111111111111111 1111111110110111111110111011111110111101111111111111111111111111 1111010011111111010000000010001001101111000000111100010100100100 0000011101111101000010110111110000001111101101110000000000001101 0000100000000000000000000010000100000000000000100000010000000000 0000000010010000000000000000000000000000000000000000000011010000
00:36:53.683.069 INFO root: trail ~0000110100001011 -> 0000011100000111: 1111111111111111111111111111001011111111111111111111111111110100 1111111101111111111101111111101101111111110111111111110111111111 1000010001000100001111110000001010000000011011111111101011110101 0000110101111111010010101101110100000000101101100000011101110000 0000001000000100001000000001000000000000000001000000000001000000 0000000000000000000000000111000000000000000000000000000001110000
00:36:53.684.071 INFO root: trail ~0000101100001011 -> 1011000000000111: 1111111111111111111111111111010011111111111111111111111111110100 1011111101111111111111111111111111011111101111111111110111111110 0010001000101011111111110110111100100101100011110000010001001111 0010101110111011010000101011111000000000110111101111011100000111 0000100001000000000000000000001001000000000000100100000000000000 0000000010110000000000000000000000000000000000000000000001110000
00:36:53.685.072 INFO root: trail ~0000000011010111 -> 1101000000001010: 1111111111111111111111111111111111111111111100101111111111111000 1101111111111111011111111111011111111111111111011111011101111111 1111111100011111001010001111010001001010110001000000010011110000 0000110100001000011100001111110101001011101100001101001001111011 0000000000100000000000001000000000100000000000100000100000000000 0000000011010000000000000000000000000000000000000000000010100000
00:36:53.686.073 INFO root: trail ~1011110100000000 -> 0111000000000111: 1111111111110100111111111111001011111111111111111111111111111111 1111111101111111111111110111111111010111111111111011111111111110 1000010100001111000111110010111101000011111111101111100010001011 1101011111100000110001111101111000001100111010100111111010110000 0000001010000000000000001000000000100000000001000000100000000000 0000000001110000000000000000000000000000000000000000000001110000
00:36:53.688.075 INFO root: trail ~1011000000000111 -> 0000000001111011: 1111111111110100111111111111111111111111111111111111111111111000 1101111111110111111111111101101111111111111111110111111011111111 1000010111110100000111110001101101001001100001000010111111110001 0000011110111011000101111100110010110111011000100000101100001110 0000010000000000000000010000000000000000001001000001000000000100 0000000000000000000000000000000000000000011100000000000010110000
00:36:53.689.076 INFO root: trail ~0101000000001011 -> 1101000001110000: 1111111111111010111111111111111111111111111111111111111111110100 1111111111111111111111111111110111111111101111111010110111111111 0010001111111111111111110010100010011000001001000011010110010100 1010000011101111110110111111100110111011000001110000011100000000 0100000001000000000000000000100000000000001000000000001000000010 0000000011010000000000000000000000000000011100000000000000000000
00:36:53.690.077 INFO root: trail ~0000000001110111 -> 0000000011011011: 1111111111111111111111111111111111111111111110001111111111111000 1110011111111111110111111111111111111111101101111111110111111111 1001111111101111001010000100001101110000010001001000001011111010 0000001011101011000001111110100000001101110010110000110111011110 0000000100000000000010001000000000000000010001000000000000000010 0000000000000000000000000000000000000000110100000000000010110000
00:36:53.692.079 INFO root: trail ~0000000010110111 -> 0000110100000111: 1111111111111111111111111111111111111111111101001111111111111000 0111111111111111111111111111111111111111011110101111110110111111 1000111101001111001100100010101011110110110000100010001000010010 0000011110100101000111011011000000000111100101110001101100000111 0000001000000000000000000000000000001000000000100001000010010000 0000000000000000000000001101000000000000000000000000000001110000
00:36:53.693.080 INFO root: trail ~0111000000001101 -> 0111000000001101: 1111111111111000111111111111111111111111111111111111111111110010 1111111111111111111111111110110111110111011111111011111011111111 1000010000010010011001011001100101000001100010001111111110001111 1111110110111001000111010111111110100000000010000000000010110000 0000001001000000000000000000001000100000000001000010000000000000 0000000001110000000000000000000000000000000000000000000011010000
00:36:53.695.082 INFO root: trail ~0000011100001011 -> 1011000011000000: 1111111111111111111111111111100011111111111111111111111111110100 0111111101111111111110111111110111101111111011111111111111111111 1111111111001111111110000100100000001001001100110010010111011100 0000000000001111100111011011101110100111011110111101101111010000 0000000000000000000000000000001001000000010000000000100000001000 0000000010110000000000000000000000000000110000000000000000000000
00:36:53.696.083 INFO root: end
