00:00:05.458.351 INFO root: starting at 2021-09-13.18:30:59
00:00:05.458.351 INFO root: I = 0 J = 0:
00:00:05.459.352 INFO root: ~0000011000000111 -> 1100000010110000:
00:00:05.460.353 INFO root:    1111111111111111100111111111111111111111111111111000111111111111
00:00:05.460.353 INFO root:    1111111011111111111111111111111111111110111111011011111101111111
00:00:05.460.354 INFO root:    0010001011001111111100011111010010011000111110000101111100010010
00:00:05.461.354 INFO root:    0000101100001101101111010111111110110001101100001011000000111101
00:00:05.461.354 INFO root:    0000000010000000000001000000010010000000000000000000000000000100
00:00:05.461.354 INFO root:    1100000000000000000000000000000010110000000000000000000000000000
00:00:07.231.124 INFO root: load .cache/SboxDivision.full_dppt.self_sbox0F7EC76E48F1C66A.args_068BA53CAF4BB89BC84341E5E0A9E860E078799A9E9F3CD8F2B19C3FC4CEC936 succeeded
00:00:09.590.483 INFO root: load .cache/SboxDivision.full_dppt.self_sbox97CD3E51D99FE8E5.args_068BA53CAF4BB89BC84341E5E0A9E860E078799A9E9F3CD8F2B19C3FC4CEC936 succeeded
00:00:11.792.685 INFO root: load .cache/SboxDivision.full_dppt.self_sboxFA83BF4B256071FB.args_068BA53CAF4BB89BC84341E5E0A9E860E078799A9E9F3CD8F2B19C3FC4CEC936 succeeded
00:00:17.483.376 INFO root: load .cache/SboxDivision.full_dppt.self_sboxB5083D73B8917F33.args_068BA53CAF4BB89BC84341E5E0A9E860E078799A9E9F3CD8F2B19C3FC4CEC936 succeeded
00:00:22.204.098 INFO root: verify ok! 8 SuperSboxes 12 MixColumns
00:00:22.205.099 INFO root: ~0110000010110000 -> 0000110101010000:
00:00:22.206.099 INFO root:    1001111111111111111111111111111101001111111111111111111111111111
00:00:22.206.099 INFO root:    1111111111011111111101111111101110111111011111111111111111111111
00:00:22.206.100 INFO root:    0100111111110011010000010000010001111000010010001111111100101111
00:00:22.207.100 INFO root:    0101000010110000101101111100110010111011100010110000101011010111
00:00:22.207.100 INFO root:    0000001000010000000000000001000000100000000000100000000000000000
00:00:22.207.101 INFO root:    0000000000000000110100000000000001010000000000000000000000000000
00:00:37.823.716 INFO root: verify ok! 8 SuperSboxes 12 MixColumns
00:00:37.824.717 INFO root: ~0000110110010000 -> 1101011100000000:
00:00:37.824.717 INFO root:    1111111111111111001011111111111101101111111111111111111111111111
00:00:37.824.718 INFO root:    1111111111001101111111111111111111111101111111111011111111111111
00:00:37.825.718 INFO root:    0100101011111001111101110100001011110101010011110001111101100010
00:00:37.825.718 INFO root:    1101011111011100000011011001000011111101000001111101011111001101
00:00:37.825.719 INFO root:    0100010000000000000010000000000000000000001001000100000000000000
00:00:37.826.719 INFO root:    1101000000000000011100000000000000000000000000000000000000000000
00:00:53.532.425 INFO root: verify ok! 8 SuperSboxes 12 MixColumns
00:00:53.533.426 INFO root: ~0000110100001001 -> 0000000010110111:
00:00:53.534.427 INFO root:    1111111111111111001011111111111111111111111111110110111111111111
00:00:53.534.427 INFO root:    1111101111111101111111111101111111111111111111111101111111011111
00:00:53.534.428 INFO root:    0100001110001000000111110100111111110001010010101111111101100100
00:00:53.535.428 INFO root:    0000000011110000011110110000001110111101101011010011110101110111
00:00:53.535.428 INFO root:    0000000001000000101000000000010000000000000000000000001000100000
00:00:53.535.429 INFO root:    0000000000000000000000000000000010110000000000000111000000000000
00:01:11.556.449 INFO root: verify ok! 8 SuperSboxes 12 MixColumns
00:01:11.565.458 INFO root: ~0000000011010111 -> 0111000000001100:
00:01:11.566.459 INFO root:    1111111111111111111111111111111100101111111111111000111111111111
00:01:11.567.460 INFO root:    1111111111011111101101111111111110111111111111011111111111101111
00:01:11.567.461 INFO root:    0000110010000010111111111000000101000100110011111100001000011111
00:01:11.568.461 INFO root:    0010000000001011011100011011110010110010111101110000011101110000
00:01:11.569.462 INFO root:    1000000000000000000000000000000000000100001000000000000000101000
00:01:11.569.462 INFO root:    0111000000000000000000000000000000000000000000001100000000000000
00:01:29.492.385 INFO root: verify ok! 8 SuperSboxes 12 MixColumns
00:01:29.494.387 INFO root: ~0111000000001010 -> 1101000001110000:
00:01:29.495.388 INFO root:    1000111111111111111111111111111111111111111111110101111111111111
00:01:29.496.389 INFO root:    1011011111111111111111111111110111111111110111111111111111101111
00:01:29.496.389 INFO root:    1001111100010100111110000010100001000011100000111000010001001111
00:01:29.497.390 INFO root:    0111000000001100011111111101001100000000000010101011111001110000
00:01:29.497.391 INFO root:    0000000000100000000010010000000000100000000000000000001000000010
00:01:29.498.391 INFO root:    1101000000000000000000000000000001110000000000000000000000000000
00:01:44.646.539 INFO root: verify ok! 8 SuperSboxes 12 MixColumns
00:01:44.647.540 INFO root: ~1101000011010000 -> 0000000010011101:
00:01:44.647.540 INFO root:    0010111111111111111111111111111100101111111111111111111111111111
00:01:44.648.541 INFO root:    1011111101111111111111101111110110111111111111111111011111111111
00:01:44.648.541 INFO root:    1110010011000100111110000100100001010001111101000000001001101111
00:01:44.648.541 INFO root:    1011000010000100011101011011101100001000110100001110101100000111
00:01:44.649.542 INFO root:    0000000000000000010000000000001000010100000000000000000010000000
00:01:44.649.542 INFO root:    0000000000000000000000000000000010010000000000001101000000000000
00:01:56.859.752 INFO root: verify ok! 8 SuperSboxes 12 MixColumns
00:01:56.860.753 INFO root: ~0000101100000111 -> 1100101100000000:
00:01:56.860.753 INFO root:    1111111111111111010011111111111111111111111111111000111111111111
00:01:56.860.754 INFO root:    1111011111111011111111111101111111111111111101111101111111101111
00:01:56.861.754 INFO root:    1100111100000000111101010011111100010100111100101111100011110100
00:01:56.861.754 INFO root:    1111110110110111001100000000000000001101011001110111011111011011
00:01:56.861.755 INFO root:    0010010000000000000000000000000000000000001001000010000000000000
00:01:56.862.755 INFO root:    1100000000000000101100000000000000000000000000000000000000000000
00:02:12.194.087 INFO root: verify ok! 8 SuperSboxes 12 MixColumns
00:02:12.195.088 INFO root: ~0000101111010000 -> 0000110000001101:
00:02:12.195.088 INFO root:    1111111111111111010011111111111100101111111111111111111111111111
00:02:12.196.089 INFO root:    1111111111011011111110111101111101111111111111110111111111111111
00:02:12.196.089 INFO root:    1010001000101111111101000000100000000110111111111000111110001111
00:02:12.196.089 INFO root:    0111000000000110011110110111111011011011001100001110110110110000
00:02:12.197.090 INFO root:    0000000000000100001000000100000000000010000000001000000000000000
00:02:12.197.090 INFO root:    0000000000000000110000000000000000000000000000001101000000000000
00:02:24.303.196 INFO root: verify ok! 8 SuperSboxes 12 MixColumns
00:02:24.304.197 INFO root: ~0000000010111101 -> 0000110100001010:
00:02:24.304.197 INFO root:    1111111111111111111111111111111101001111111111110010111111111111
00:02:24.305.198 INFO root:    1111111111101111011101111111111110111111111111011111111111011111
00:02:24.305.198 INFO root:    0010001001001100000111111110010100101001100001000001010000011111
00:02:24.305.198 INFO root:    0111000011100111111000001101111100000000110100000000000011100110
00:02:24.306.199 INFO root:    0000000000001000000000001000000000000000000000100100000001000000
00:02:24.306.199 INFO root:    0000000000000000110100000000000000000000000000001010000000000000
00:02:35.085.978 INFO root: verify ok! 8 SuperSboxes 12 MixColumns
00:02:35.086.979 INFO root: ~0000110110110000 -> 0000000001110111:
00:02:35.086.980 INFO root:    1111111111111111001011111111111101001111111111111111111111111111
00:02:35.087.980 INFO root:    1111111101111101111101111110111111101111111111111011111111111111
00:02:35.087.980 INFO root:    1100010111110010000111111111111100100111000000110100010110001100
00:02:35.087.981 INFO root:    0100110100000000000011111101011101110000001001111101011110111111
00:02:35.088.981 INFO root:    0000000000000010000000000000100001000010000000000000100010000000
00:02:35.088.981 INFO root:    0000000000000000000000000000000001110000000000000111000000000000
00:02:45.769.662 INFO root: verify ok! 8 SuperSboxes 12 MixColumns
00:02:45.770.663 INFO root: ~1011000000000111 -> 0111110100000000:
00:02:45.770.663 INFO root:    0100111111111111111111111111111111111111111111111000111111111111
00:02:45.770.664 INFO root:    1111111111111111011111111111011011111111111110111111101111101111
00:02:45.771.664 INFO root:    1000100011111111001010000010000000101001111110011111111111001000
00:02:45.771.664 INFO root:    0000001001110000111000000111101001111011101110001011101001111101
00:02:45.772.665 INFO root:    0001001000000000000000000001000000000000000100000100000000001000
00:02:45.772.665 INFO root:    0111000000000000110100000000000000000000000000000000000000000000
00:02:59.922.816 INFO root: verify ok! 8 SuperSboxes 12 MixColumns
00:02:59.924.817 INFO root: ~1011000000001011 -> 1011000000000111:
00:02:59.924.817 INFO root:    0100111111111111111111111111111111111111111111110100111111111111
00:02:59.924.817 INFO root:    0111011111111111111111111111111111111111111011011111110111011111
00:02:59.925.818 INFO root:    1100100010110100010011110001111111110110011010010010000000100010
00:02:59.925.818 INFO root:    0111011111011101000110010011010010110000110001000000110100001110
00:02:59.925.818 INFO root:    1100000000000010000000000000000000001000000000000000000001000100
00:02:59.926.819 INFO root:    1011000000000000000000000000000000000000000000000111000000000000
00:03:14.795.688 INFO root: verify ok! 8 SuperSboxes 12 MixColumns
00:03:14.796.689 INFO root: ~1101000000000111 -> 0111000010110000:
00:03:14.797.690 INFO root:    0010111111111111111111111111111111111111111111111000111111111111
00:03:14.797.690 INFO root:    1101110111111111101111111111111111111111101101111111011111111111
00:03:14.798.691 INFO root:    0000010011111000001000000100101101000100100111111111111111100011
00:03:14.798.691 INFO root:    0000000011110000111110110000000010101101000111101011011101110111
00:03:14.799.692 INFO root:    1000000000100000000000100000010000100000100000000000000000000000
00:03:14.799.692 INFO root:    0111000000000000000000000000000010110000000000000000000000000000
00:03:29.591.484 INFO root: verify ok! 8 SuperSboxes 12 MixColumns
00:03:29.595.488 INFO root: ~1011110100000000 -> 0000101100000111:
00:03:29.595.489 INFO root:    0100111111111111001011111111111111111111111111111111111111111111
00:03:29.596.489 INFO root:    1101111111111111111111111011101111111011011111111101111111111111
00:03:29.596.489 INFO root:    1000110000000110111111111111010000101111011110000000100011001111
00:03:29.596.490 INFO root:    1100101100000111000011010111101100001110111101101110111000110000
00:03:29.597.490 INFO root:    0000100000000000001000000100000000001000000000100000000001000000
00:03:29.597.490 INFO root:    0000000000000000101100000000000000000000000000000111000000000000
00:03:44.439.332 INFO root: verify ok! 8 SuperSboxes 12 MixColumns
00:03:44.440.333 INFO root: ~0101011100000000 -> 1011000011010000:
00:03:44.440.333 INFO root:    1010111111111111100011111111111111111111111111111111111111111111
00:03:44.440.334 INFO root:    1111111111110111111111111111111111110111110111111101011111111111
00:03:44.441.334 INFO root:    1111100000100100010110000101011011111011100001001111010011111111
00:03:44.441.334 INFO root:    0100000001101101101110110111011111011111110110110000011101100000
00:03:44.441.334 INFO root:    0000000010000000000010000000000010000000000100000000001000001000
00:03:44.442.335 INFO root:    1011000000000000000000000000000011010000000000000000000000000000
00:03:59.306.199 INFO root: verify ok! 8 SuperSboxes 12 MixColumns
00:03:59.307.200 INFO root: ~1011000010110000 -> 0000000011011101:
00:03:59.307.200 INFO root:    0100111111111111111111111111111101001111111111111111111111111111
00:03:59.307.201 INFO root:    1101111110111111111101111111011111111111111111111111110111110111
00:03:59.308.201 INFO root:    0110001011000100111100101000111101000100010000100111001011110000
00:03:59.308.201 INFO root:    1011000000000101000110101000000010111111001001101101000010111011
00:03:59.308.202 INFO root:    0000000000000000010000000000100001000100000000000000100000100000
00:03:59.309.202 INFO root:    0000000000000000000000000000000011010000000000001101000000000000
00:04:14.253.146 INFO root: verify ok! 8 SuperSboxes 12 MixColumns
00:04:14.254.147 INFO root: ~0000011100000111 -> 0111000000000011:
00:04:14.254.147 INFO root:    1111111111111111100011111111111111111111111111111000111111111111
00:04:14.254.147 INFO root:    1111011111111110111011110111111111110111111101111111111111111111
00:04:14.255.148 INFO root:    0011111110000010111101001111100011110010110000010100000001001000
00:04:14.255.148 INFO root:    1101101111010111010100010000000000000000101010101111100011010110
00:04:14.255.148 INFO root:    1000000000000000100001000000000000000000000000000000000000101000
00:04:14.256.149 INFO root:    0111000000000000000000000000000000000000000000000011000000000000
00:04:29.615.508 INFO root: verify ok! 8 SuperSboxes 12 MixColumns
00:04:29.616.509 INFO root: ~0111000000001010 -> 0000000010111011:
00:04:29.616.509 INFO root:    1000111111111111111111111111111111111111111111110101111111111111
00:04:29.617.510 INFO root:    1101111111111111101111111111011111111111111111111111011111011111
00:04:29.617.510 INFO root:    1111010001000010100011110100100001000010100011110000101111110100
00:04:29.617.511 INFO root:    0000000010110000011101110111110100001011101111010100111100000000
00:04:29.618.511 INFO root:    0000000010001000000000000000000000011001000000000000010000000000
00:04:29.618.511 INFO root:    0000000000000000000000000000000010110000000000001011000000000000
00:04:43.330.223 INFO root: verify ok! 8 SuperSboxes 12 MixColumns
00:04:43.331.224 INFO root: ~0000101100001011 -> 0000101110110000:
00:04:43.331.224 INFO root:    1111111111111111010011111111111111111111111111110100111111111111
00:04:43.332.225 INFO root:    1111111111111001101111111111111111111011111111111111111110101111
00:04:43.332.225 INFO root:    1111010001000100100111000100111111000100111101000010111100100010
00:04:43.332.225 INFO root:    1111000111010000000010011100011101110110111101110001000000001011
00:04:43.333.226 INFO root:    0000100000100000000000000100100000100000000000001000000000000000
00:04:43.333.226 INFO root:    0000000000000000101100000000000010110000000000000000000000000000
00:04:58.694.587 INFO root: verify ok! 8 SuperSboxes 12 MixColumns
00:04:58.695.588 INFO root: ~1011000010110000 -> 0000011101110000:
00:04:58.695.588 INFO root:    0100111111111111111111111111111101001111111111111111111111111111
00:04:58.696.589 INFO root:    0111111101111111111111111111101101111111111111111111101111111101
00:04:58.696.589 INFO root:    0000001011110110001000110100001000100100010100001111111101001111
00:04:58.696.589 INFO root:    0101101111010000110100001000010010111111101000000000101100001111
00:04:58.696.590 INFO root:    0000010000100000000000000000100000000000000000100100010000000000
00:04:58.697.590 INFO root:    0000000000000000011100000000000001110000000000000000000000000000
00:05:14.076.969 INFO root: verify ok! 8 SuperSboxes 12 MixColumns
00:05:14.077.970 INFO root: ~1011101100000000 -> 1101011100000000:
00:05:14.078.971 INFO root:    0100111111111111010011111111111111111111111111111111111111111111
00:05:14.078.971 INFO root:    0111111111111111111111111101101111111101111111110111110111111111
00:05:14.078.971 INFO root:    0000111111110110111100100011111101000100001111001001000010001001
00:05:14.079.972 INFO root:    0101011100101010111001110000110110010111000011101101000001001110
00:05:14.079.972 INFO root:    0001010000000000000000000000000000000000100001000100000000000100
00:05:14.079.972 INFO root:    1101000000000000011100000000000000000000000000000000000000000000
00:05:29.301.194 INFO root: verify ok! 8 SuperSboxes 12 MixColumns
00:05:29.302.195 INFO root: ~0000000011010111 -> 0000110100001011:
00:05:29.303.196 INFO root:    1111111111111111111111111111111100101111111111111000111111111111
00:05:29.303.196 INFO root:    1111110111111111111111001111111101111111111110111111111111101111
00:05:29.303.196 INFO root:    1111010001000001010001001101001001000001111111110100011011111111
00:05:29.304.197 INFO root:    1111011100001010011101111100101110011101101101000000110101010000
00:05:29.304.197 INFO root:    0000010000000000100000000000000000000001000001000100000001000000
00:05:29.304.197 INFO root:    0000000000000000110100000000000000000000000000001011000000000000
00:05:44.283.176 INFO root: verify ok! 8 SuperSboxes 12 MixColumns
00:05:44.284.177 INFO root: ~0000000011011011 -> 1101000000001101:
00:05:44.284.177 INFO root:    1111111111111111111111111111111100101111111111110100111111111111
00:05:44.284.178 INFO root:    1111110111101111110111111111111111011111111110111111111111111101
00:05:44.285.178 INFO root:    0101111111110010000011111111000011110001001011111000010010000100
00:05:44.285.178 INFO root:    0000011110110000111100000000110001110000111101111101010110111011
00:05:44.286.179 INFO root:    1000000000000000100000000000000000000001100000000000000000100100
00:05:44.286.179 INFO root:    1101000000000000000000000000000000000000000000001101000000000000
00:05:59.291.184 INFO root: verify ok! 8 SuperSboxes 12 MixColumns
00:05:59.291.185 INFO root: verified 24 trails for I 0 J 0
00:05:59.292.185 INFO root: generating ANFs... I
00:06:00.153.047 INFO root: load .cache/SboxDivision.components_anf_closures.self_sboxB3EE8018B75371CE.args_0A482B9CD9E7EAF940EBCF3535BE3082A49F858505A0A6EA9511114359BB0EE6 succeeded
00:06:00.312.205 INFO root: unique masks 2021
00:06:00.312.205 INFO root: generating ANFs... J
00:06:01.041.934 INFO root: computing SboxDivision.components_anf_closures.self_sbox0F7EC76E48F1C66A.args_0A482B9CD9E7EAF940EBCF3535BE3082A49F858505A0A6EA9511114359BB0EE6
00:06:14.340.233 INFO root: save .cache/SboxDivision.components_anf_closures.self_sbox0F7EC76E48F1C66A.args_0A482B9CD9E7EAF940EBCF3535BE3082A49F858505A0A6EA9511114359BB0EE6 succeeded
00:06:14.424.317 INFO root: unique masks 1785
00:06:14.424.317 INFO root: enumerating all mask pairs
00:06:25.663.556 INFO root: verified all masks for I 0 J 0
00:06:25.664.557 INFO root: VERIFIED I 0 J 0
