00:00:03.569.300 INFO root: starting at 2021-09-13.18:42:15
00:00:03.569.300 INFO root: I = 2 J = 0:
00:00:03.570.301 INFO root: ~0000000001100111 -> 1101101000000000:
00:00:03.570.302 INFO root:    1111111111111111111111111111111111111111100111111111111110001111
00:00:03.571.302 INFO root:    1111111111111111111111111110101111110111110111110111111111111111
00:00:03.571.302 INFO root:    1100010000100010111100101000001010110100101000101101111110001111
00:00:03.571.303 INFO root:    1011000011010000000001100000001110111111100011010111011110110010
00:00:03.572.303 INFO root:    0000001000000000000001000000000000000000010000000010000000001000
00:00:03.572.303 INFO root:    1101000000000000101000000000000000000000000000000000000000000000
00:00:04.922.654 INFO root: load .cache/SboxDivision.full_dppt.self_sbox0F7EC76E48F1C66A.args_068BA53CAF4BB89BC84341E5E0A9E860E078799A9E9F3CD8F2B19C3FC4CEC936 succeeded
00:00:07.309.040 INFO root: load .cache/SboxDivision.full_dppt.self_sbox97CD3E51D99FE8E5.args_068BA53CAF4BB89BC84341E5E0A9E860E078799A9E9F3CD8F2B19C3FC4CEC936 succeeded
00:00:09.882.613 INFO root: load .cache/SboxDivision.full_dppt.self_sboxFA83BF4B256071FB.args_068BA53CAF4BB89BC84341E5E0A9E860E078799A9E9F3CD8F2B19C3FC4CEC936 succeeded
00:00:17.097.828 INFO root: load .cache/SboxDivision.full_dppt.self_sboxB5083D73B8917F33.args_068BA53CAF4BB89BC84341E5E0A9E860E078799A9E9F3CD8F2B19C3FC4CEC936 succeeded
00:00:21.942.673 INFO root: verify ok! 8 SuperSboxes 12 MixColumns
00:00:21.943.675 INFO root: ~0111010100000000 -> 0011000001110000:
00:00:21.944.675 INFO root:    1111111110001111111111111010111111111111111111111111111111111111
00:00:21.944.675 INFO root:    1111111111111111111111011111111110111111111110111111111101111110
00:00:21.944.676 INFO root:    0111111101010010010100101111100011110100010001001000110001001000
00:00:21.945.676 INFO root:    0000111100001101101110110000000010110000011100000101110111101110
00:00:21.945.676 INFO root:    0000000000000000000000100000100010000000100000000000100000000000
00:00:21.945.677 INFO root:    0011000000000000000000000000000001110000000000000000000000000000
00:00:37.380.111 INFO root: verify ok! 8 SuperSboxes 12 MixColumns
00:00:37.381.113 INFO root: ~0000011000001101 -> 0000101100001100:
00:00:37.382.113 INFO root:    1111111111111111111111111001111111111111111111111111111100101111
00:00:37.382.113 INFO root:    1111111011111101111111111111111111110111111111111011111101111111
00:00:37.382.114 INFO root:    1111001001010001010010001010100110110010001111110100100011111111
00:00:37.383.114 INFO root:    1011101110100001110001111101101000000000111000001011101111101011
00:00:37.383.114 INFO root:    0000001000000100000000001000000000000000000000000100000000100000
00:00:37.383.115 INFO root:    0000000000000000101100000000000000000000000000001100000000000000
00:00:51.972.703 INFO root: verify ok! 8 SuperSboxes 12 MixColumns
00:00:51.973.704 INFO root: ~1101000001110000 -> 1100000010010000:
00:00:51.973.705 INFO root:    1111111100101111111111111111111111111111100011111111111111111111
00:00:51.974.705 INFO root:    1101111110111111111111111111110110111111111111111111110111111101
00:00:51.974.705 INFO root:    0010101011110010010011111001000100011011010110000100001010000001
00:00:51.974.706 INFO root:    1011101100001110000010110000111010000000000011011011110000000111
00:00:51.975.706 INFO root:    0000000000000000000001000000010000100000000000000000000000000100
00:00:51.975.706 INFO root:    1100000000000000000000000000000010010000000000000000000000000000
00:01:03.282.013 INFO root: verify ok! 8 SuperSboxes 12 MixColumns
00:01:03.283.014 INFO root: ~0000101100000110 -> 0000011101110000:
00:01:03.283.014 INFO root:    1111111111111111111111110100111111111111111111111111111110011111
00:01:03.283.015 INFO root:    1111011111111111101111110111111111111011111111011111111111111111
00:01:03.284.015 INFO root:    1000010010001111101100001000101101011111111101001111010101000010
00:01:03.284.015 INFO root:    1101101110111100001100001111000001111101000000000111110101011010
00:01:03.284.016 INFO root:    0000000000100000000000000100000000010000000000010010001000000000
00:01:03.285.016 INFO root:    0000000000000000011100000000000001110000000000000000000000000000
00:01:14.826.558 INFO root: verify ok! 8 SuperSboxes 12 MixColumns
00:01:14.827.558 INFO root: ~1101000000001001 -> 0000110100000111:
00:01:14.827.559 INFO root:    1111111100101111111111111111111111111111111111111111111101101111
00:01:14.828.559 INFO root:    1111111111111101111101111101111111011111111111111111111111110111
00:01:14.828.559 INFO root:    0100110000101000010010001010010011111111001100001010010011111111
00:01:14.828.560 INFO root:    0000010100001101100010110111111000011101110010110100110100001101
00:01:14.829.560 INFO root:    0000001000001000000000000000000000000010000001000100000010000000
00:01:14.829.560 INFO root:    0000000000000000110100000000000000000000000000000111000000000000
00:01:25.787.518 INFO root: verify ok! 8 SuperSboxes 12 MixColumns
00:01:25.788.519 INFO root: ~1010101100000000 -> 0111000000001101:
00:01:25.788.519 INFO root:    1111111101011111111111110100111111111111111111111111111111111111
00:01:25.788.520 INFO root:    1111111111111111101111101111111111111111111110111111111111010111
00:01:25.789.520 INFO root:    1111111111110100100000110100001101011111100010000010001001001100
00:01:25.789.520 INFO root:    0010110110111100011011010000010100001010110100001101111010101101
00:01:25.789.521 INFO root:    1001000000000010000000010000000000000100000000000000000001000000
00:01:25.790.521 INFO root:    0111000000000000000000000000000000000000000000001101000000000000
00:01:36.944.675 INFO root: verify ok! 8 SuperSboxes 12 MixColumns
00:01:36.945.676 INFO root: ~0000011000001011 -> 1011000000001101:
00:01:36.945.677 INFO root:    1111111111111111111111111001111111111111111111111111111101001111
00:01:36.946.677 INFO root:    1111011111111101101111111011111111111101111111111111111111111111
00:01:36.946.677 INFO root:    0100001001000101010010100100111100101010111111101111100010001111
00:01:36.947.678 INFO root:    1101111010010000011101111111100100101100011110110000110100000010
00:01:36.947.678 INFO root:    0010000000000100000000100000000000000100100000000000000000100000
00:01:36.947.678 INFO root:    1011000000000000000000000000000000000000000000001101000000000000
00:01:48.053.784 INFO root: verify ok! 8 SuperSboxes 12 MixColumns
00:01:48.054.785 INFO root: ~0110000001110000 -> 0000011110110000:
00:01:48.054.785 INFO root:    1111111110011111111111111111111111111111100011111111111111111111
00:01:48.054.786 INFO root:    1101111110111111111111011111110111111111011111111111111111111111
00:01:48.055.786 INFO root:    0110001011111111010100010001010011111111010010000100111100010011
00:01:48.055.786 INFO root:    0000000011111101100010111010101111010111110011010111001000001110
00:01:48.055.787 INFO root:    0000010000100000000000001000000100100000000000100000000000000000
00:01:48.056.787 INFO root:    0000000000000000011100000000000010110000000000000000000000000000
00:01:58.888.619 INFO root: verify ok! 8 SuperSboxes 12 MixColumns
00:01:58.889.620 INFO root: ~0110000000001011 -> 0000000011010111:
00:01:58.889.620 INFO root:    1111111110011111111111111111111111111111111111111111111101001111
00:01:58.890.621 INFO root:    1111111110110111111111011101111111111111111111111110111111111111
00:01:58.890.621 INFO root:    0101111100101000011101100010010111111000000100111111001110001111
00:01:58.890.622 INFO root:    0000011100000000101111101100101101111110011111010001101111000111
00:01:58.891.622 INFO root:    0000000010001001000000000000000001000010000000000000100000000000
00:01:58.891.622 INFO root:    0000000000000000000000000000000011010000000000000111000000000000
00:02:12.228.960 INFO root: verify ok! 8 SuperSboxes 12 MixColumns
00:02:12.230.961 INFO root: ~0000000001011101 -> 0000011110110000:
00:02:12.230.961 INFO root:    1111111111111111111111111111111111111111101011111111111100101111
00:02:12.230.962 INFO root:    1111111111111101111111111111111111110111110111111011110111111111
00:02:12.231.962 INFO root:    0100100100101011010000001001011001010100001000101111111111111111
00:02:12.231.962 INFO root:    0000110111111101101100001011000010100000101111010111111000001101
00:02:12.231.963 INFO root:    0000110010000000000000000100001001000000000000000000000000000000
00:02:12.232.963 INFO root:    0000000000000000011100000000000010110000000000000000000000000000
00:02:27.825.556 INFO root: verify ok! 8 SuperSboxes 12 MixColumns
00:02:27.826.557 INFO root: ~0000110110110000 -> 0000000010111101:
00:02:27.827.558 INFO root:    1111111111111111111111110010111111111111010011111111111111111111
00:02:27.827.558 INFO root:    1111101111111111110111111111011111111111011101111111111011111111
00:02:27.827.558 INFO root:    1110001001111001111111110110100110000100111100010101000101010010
00:02:27.827.559 INFO root:    1011000000000000101011001101011111100111101100101101110110111010
00:02:27.828.559 INFO root:    0000000000000000100000000000001000100000000000000000010001100000
00:02:27.828.559 INFO root:    0000000000000000000000000000000010110000000000001101000000000000
00:02:43.478.209 INFO root: verify ok! 8 SuperSboxes 12 MixColumns
00:02:43.480.211 INFO root: ~0000101110110000 -> 0000110110110000:
00:02:43.481.212 INFO root:    1111111111111111111111110100111111111111010011111111111111111111
00:02:43.481.212 INFO root:    1011111111111111110111111111110111111111111101111111101111011111
00:02:43.482.213 INFO root:    0000101001000100011111111111000011111000100010000100001000101111
00:02:43.482.214 INFO root:    1011110100000000101110110000000011101101011100001110110110100000
00:02:43.483.214 INFO root:    0000001000010000000000000000000000100000000000000110010000000000
00:02:43.483.215 INFO root:    0000000000000000110100000000000010110000000000000000000000000000
00:02:59.135.866 INFO root: verify ok! 8 SuperSboxes 12 MixColumns
00:02:59.136.867 INFO root: ~0111000000000110 -> 0111110100000000:
00:02:59.137.868 INFO root:    1111111110001111111111111111111111111111111111111111111110011111
00:02:59.137.868 INFO root:    1111111111010111111111111111111111010111111111111111111111110111
00:02:59.137.869 INFO root:    1110001000100100100111111101111111111010001110000100101011110000
00:02:59.138.869 INFO root:    1101101111110000000001111110110101101011000001111011111000000101
00:02:59.138.869 INFO root:    1000010000000000000000101000000000000000100010000000000000000000
00:02:59.138.870 INFO root:    0111000000000000110100000000000000000000000000000000000000000000
00:03:14.551.282 INFO root: verify ok! 8 SuperSboxes 12 MixColumns
00:03:14.552.283 INFO root: ~0000101100001011 -> 1101000000000111:
00:03:14.552.283 INFO root:    1111111111111111111111110100111111111111111111111111111101001111
00:03:14.552.284 INFO root:    1111111111111011110111111011111111111110111111011111111111101111
00:03:14.553.284 INFO root:    1111110010100001100011111100001011001111101011101000001011101000
00:03:14.553.284 INFO root:    1011110100000000011010110111111100001101100011011011111000001101
00:03:14.554.285 INFO root:    1000000000000010000000010000000000000100000000000000000000010100
00:03:14.554.285 INFO root:    1101000000000000000000000000000000000000000000000111000000000000
00:03:25.723.454 INFO root: verify ok! 8 SuperSboxes 12 MixColumns
00:03:25.724.455 INFO root: ~1011000000000111 -> 0000000010110111:
00:03:25.724.455 INFO root:    1111111101001111111111111111111111111111111111111111111110001111
00:03:25.724.456 INFO root:    1111111101111110111110111111111111011011111111111101111111111111
00:03:25.725.456 INFO root:    1001000000101111100011111111010111110100110011110000001001000100
00:03:25.725.456 INFO root:    1011001100000000000011010000110110101101110110011111000011110111
00:03:25.725.457 INFO root:    0000000001000000001000000000100010000010000000000000000000010000
00:03:25.726.457 INFO root:    0000000000000000000000000000000010110000000000000111000000000000
00:03:37.082.814 INFO root: verify ok! 8 SuperSboxes 12 MixColumns
00:03:37.084.815 INFO root: ~0000000011011011 -> 0000000011010111:
00:03:37.084.815 INFO root:    1111111111111111111111111111111111111111001011111111111101001111
00:03:37.085.816 INFO root:    1101111111110111111111111101111011111111111111111101101111111111
00:03:37.085.816 INFO root:    0000000111111000001011111110001011000110010000011111111101000010
00:03:37.085.817 INFO root:    0000011101100000111110110000000011010111011100000011110110011011
00:03:37.086.817 INFO root:    0000000000100001001000000000000001000001000000000000100000000000
00:03:37.086.817 INFO root:    0000000000000000000000000000000011010000000000000111000000000000
00:03:52.188.920 INFO root: verify ok! 8 SuperSboxes 12 MixColumns
00:03:52.189.921 INFO root: ~0000011100000111 -> 0000000001111010:
00:03:52.190.921 INFO root:    1111111111111111111111111000111111111111111111111111111110001111
00:03:52.190.921 INFO root:    1111110111110110110111110111111111111111111111111111111110111111
00:03:52.190.922 INFO root:    1101011000010100010010011010100100101111110111011111001011001111
00:03:52.191.922 INFO root:    0111011100001011110000001001011101100111011111100000101110111110
00:03:52.191.922 INFO root:    0000000010000100100000000000010000000000000000000000100000000000
00:03:52.191.923 INFO root:    0000000000000000000000000000000001110000000000001010000000000000
00:04:07.496.227 INFO root: verify ok! 8 SuperSboxes 12 MixColumns
00:04:07.497.228 INFO root: ~0000101100000111 -> 0000000011011011:
00:04:07.498.229 INFO root:    1111111111111111111111110100111111111111111111111111111110001111
00:04:07.498.229 INFO root:    1111011111110111111011110111111111111111111111111011111111011111
00:04:07.498.230 INFO root:    1000010011110001010010011000111110011111011011111110001000001111
00:04:07.499.230 INFO root:    1101000010011110011101110000101101110000000001110111011111101011
00:04:07.499.230 INFO root:    0000000000000100000100000000000110000000000000000000000100100000
00:04:07.499.230 INFO root:    0000000000000000000000000000000011010000000000001011000000000000
00:04:22.676.407 INFO root: verify ok! 8 SuperSboxes 12 MixColumns
00:04:22.677.408 INFO root: ~0000101111010000 -> 0111000000000111:
00:04:22.678.409 INFO root:    1111111111111111111111110100111111111111001011111111111111111111
00:04:22.678.409 INFO root:    1101110111111111110111111111101111111111110111011111111111111111
00:04:22.678.410 INFO root:    0000111101001001100000100011001011111010111111111000010000100000
00:04:22.679.410 INFO root:    0110011110110100101000011101011110111010000000110000000011110000
00:04:22.679.410 INFO root:    1000000000000010000001000000000000000000100000000000000010100000
00:04:22.679.411 INFO root:    0111000000000000000000000000000000000000000000000111000000000000
00:04:37.852.584 INFO root: verify ok! 8 SuperSboxes 12 MixColumns
00:04:37.854.585 INFO root: ~0111000000001101 -> 1101110100000000:
00:04:37.854.585 INFO root:    1111111110001111111111111111111111111111111111111111111100101111
00:04:37.854.586 INFO root:    1111111110111101111111111111111110110111111111111011111111111011
00:04:37.855.586 INFO root:    0010100001010001000000101000000111111000111100101001111100100100
00:04:37.855.586 INFO root:    1101110101110000000011110000000011111101111100000000000001010000
00:04:37.855.587 INFO root:    0100100000000000000010000100000000000000001000000001000000000000
00:04:37.856.587 INFO root:    1101000000000000110100000000000000000000000000000000000000000000
00:04:52.364.095 INFO root: verify ok! 8 SuperSboxes 12 MixColumns
00:04:52.365.096 INFO root: ~1011011100000000 -> 0111000000001011:
00:04:52.365.096 INFO root:    1111111101001111111111111000111111111111111111111111111111111111
00:04:52.365.097 INFO root:    1111111111111111111110111111111111011111111100101111111111110111
00:04:52.366.097 INFO root:    0101001011111001100010001111001011111111111100010010001011110001
00:04:52.366.097 INFO root:    1011100111000111000001101110101011010011110110111011000011001110
00:04:52.366.098 INFO root:    0000000000001000010001000000000000000000000100000000000000101000
00:04:52.367.098 INFO root:    0111000000000000000000000000000000000000000000001011000000000000
00:05:06.780.511 INFO root: verify ok! 8 SuperSboxes 12 MixColumns
00:05:06.781.513 INFO root: ~0000110110110000 -> 0000011100001011:
00:05:06.782.513 INFO root:    1111111111111111111111110010111111111111010011111111111111111111
00:05:06.782.513 INFO root:    1101111111111111011111111111111111111111101101111111110111101111
00:05:06.782.514 INFO root:    1110111100100010010000100100010000001010101110011111101101111111
00:05:06.783.514 INFO root:    1010101011011011101100110100011100000000110111101101011101110000
00:05:06.783.514 INFO root:    0000000000000001000000000001000000000100000000010010000001000000
00:05:06.783.515 INFO root:    0000000000000000011100000000000000000000000000001011000000000000
00:05:21.027.759 INFO root: verify ok! 8 SuperSboxes 12 MixColumns
00:05:21.028.759 INFO root: verified 23 trails for I 2 J 0
00:05:21.028.759 INFO root: generating ANFs... I
00:05:21.407.138 INFO root: load .cache/SboxDivision.components_anf_closures.self_sboxC188DCAA77C45B94.args_0A482B9CD9E7EAF940EBCF3535BE3082A49F858505A0A6EA9511114359BB0EE6 succeeded
00:05:21.557.289 INFO root: unique masks 2021
00:05:21.558.289 INFO root: generating ANFs... J
00:05:22.337.068 INFO root: load .cache/SboxDivision.components_anf_closures.self_sbox0F7EC76E48F1C66A.args_0A482B9CD9E7EAF940EBCF3535BE3082A49F858505A0A6EA9511114359BB0EE6 succeeded
00:05:22.464.195 INFO root: unique masks 1785
00:05:22.464.196 INFO root: enumerating all mask pairs
00:05:38.266.997 INFO root: verified all masks for I 2 J 0
00:05:38.267.998 INFO root: VERIFIED I 2 J 0
