00:00:03.688.473 INFO root: starting at 2021-09-13.18:37:47
00:00:03.688.473 INFO root: I = 1 J = 3:
00:00:03.692.477 INFO root: ~1100000010110000 -> 0000100110110000:
00:00:03.692.478 INFO root:    1111001111111111111111111111111111110100111111111111111111111111
00:00:03.693.478 INFO root:    1111111111110111110111111011111111111011111111111111111101111111
00:00:03.694.479 INFO root:    0011010111110100100000100110001011110010101011111000111100001111
00:00:03.694.479 INFO root:    1011000001110000011101110111101111010000000001110000111011011111
00:00:03.694.480 INFO root:    0000000000000000000000101000000000000000000001000100000000000100
00:00:03.695.480 INFO root:    0000000000000000000000000000100100000000000010110000000000000000
00:00:05.074.859 INFO root: load .cache/SboxDivision.full_dppt.self_sbox0F7EC76E48F1C66A.args_068BA53CAF4BB89BC84341E5E0A9E860E078799A9E9F3CD8F2B19C3FC4CEC936 succeeded
00:00:07.528.314 INFO root: load .cache/SboxDivision.full_dppt.self_sbox97CD3E51D99FE8E5.args_068BA53CAF4BB89BC84341E5E0A9E860E078799A9E9F3CD8F2B19C3FC4CEC936 succeeded
00:00:09.770.555 INFO root: load .cache/SboxDivision.full_dppt.self_sboxFA83BF4B256071FB.args_068BA53CAF4BB89BC84341E5E0A9E860E078799A9E9F3CD8F2B19C3FC4CEC936 succeeded
00:00:14.884.669 INFO root: load .cache/SboxDivision.full_dppt.self_sboxB5083D73B8917F33.args_068BA53CAF4BB89BC84341E5E0A9E860E078799A9E9F3CD8F2B19C3FC4CEC936 succeeded
00:00:18.445.230 INFO root: verify ok! 8 SuperSboxes 12 MixColumns
00:00:18.445.231 INFO root: ~0000010100001101 -> 0000001101110000:
00:00:18.446.231 INFO root:    1111111111111111111110101111111111111111111111111111001011111111
00:00:18.446.231 INFO root:    1111111110111111111101111111101111111111101111111111111111111101
00:00:18.447.232 INFO root:    1111100001000100111100100000100111111111111110001111010010000100
00:00:18.447.232 INFO root:    1101000000001111101101111101110101111101100100000000100101110110
00:00:18.447.232 INFO root:    0100010000000000000000001000000000000000000001000000000000000100
00:00:18.448.233 INFO root:    0000000000000000000000000000001100000000000001110000000000000000
00:00:29.997.782 INFO root: verify ok! 8 SuperSboxes 12 MixColumns
00:00:29.998.783 INFO root: ~0101110100000000 -> 1011000000001100:
00:00:29.998.784 INFO root:    1111101011111111111100101111111111111111111111111111111111111111
00:00:29.999.784 INFO root:    1111110111111111101111111111110111111111011111111111011111111111
00:00:29.999.784 INFO root:    1000111101000100100001001000111101001100010001001111000011111010
00:00:30.000.785 INFO root:    1101111101111010000000001100000000000001000001110111001111011101
00:00:30.000.785 INFO root:    0000000001000100001000000000000000000100000000000000100000000000
00:00:30.000.786 INFO root:    0000000000001011000000000000000000000000000000000000000000001100
00:00:40.890.675 INFO root: verify ok! 8 SuperSboxes 12 MixColumns
00:00:40.891.676 INFO root: ~0000110100110000 -> 0000110100001101:
00:00:40.892.677 INFO root:    1111111111111111111100101111111111111100111111111111111111111111
00:00:40.892.677 INFO root:    1111111111111111111111111011110111111111110111111011101111111111
00:00:40.892.677 INFO root:    1000111111110101111100100000111101000101010001000100101000110101
00:00:40.892.678 INFO root:    1110011111101111110111011011000011100000000000001011101000001010
00:00:40.893.678 INFO root:    0010000001000000000000100000100000100000000000000000000000000100
00:00:40.893.678 INFO root:    0000000000000000000000000000110100000000000000000000000000001101
00:00:52.005.790 INFO root: verify ok! 8 SuperSboxes 12 MixColumns
00:00:52.009.794 INFO root: ~1011000000000011 -> 0000000001110111:
00:00:52.010.795 INFO root:    1111010011111111111111111111111111111111111111111111110011111111
00:00:52.010.795 INFO root:    1111101101101111011111111111111111111111111111011111111111111111
00:00:52.011.796 INFO root:    1010111101000010010100100010111110010101010010111111111111111010
00:00:52.011.796 INFO root:    0111011111110111111011010000000010010111011101111110000001111010
00:00:52.011.796 INFO root:    0000000000100000000000001000000000100000000010001000010000000000
00:00:52.012.797 INFO root:    0000000000000000000000000000000000000000000001110000000000000111
00:01:03.289.074 INFO root: verify ok! 8 SuperSboxes 12 MixColumns
00:01:03.290.075 INFO root: ~0000000010010111 -> 0111011100000000:
00:01:03.290.075 INFO root:    1111111111111111111111111111111111110110111111111111100011111111
00:01:03.290.075 INFO root:    1111111101111111111101111101111111111111111111111011111111111011
00:01:03.291.076 INFO root:    0010010100011000111101000110111101001000001110001001111100011010
00:01:03.291.076 INFO root:    1011011100001101000101110000110111111111000011010000000000001110
00:01:03.291.076 INFO root:    1000000000000100001001000000000000000010000000000000000000001000
00:01:03.291.077 INFO root:    0000000000000111000000000000011100000000000000000000000000000000
00:01:14.496.281 INFO root: verify ok! 8 SuperSboxes 12 MixColumns
00:01:14.497.282 INFO root: ~1011000010110000 -> 1101000000110000:
00:01:14.498.283 INFO root:    1111010011111111111111111111111111110100111111111111111111111111
00:01:14.498.283 INFO root:    1111011111110111101111111111111111110111111111111101111111011111
00:01:14.499.284 INFO root:    0001010000101111100000100100010000100100111111100001000101000100
00:01:14.499.284 INFO root:    1111101100000000000001110000011100001111000010111110000000000100
00:01:14.500.285 INFO root:    0000001000000010010000000000000000001000000000000100000000000000
00:01:14.500.285 INFO root:    0000000000001101000000000000000000000000000000110000000000000000
00:01:25.579.365 INFO root: verify ok! 8 SuperSboxes 12 MixColumns
00:01:25.580.366 INFO root: ~0111000011000000 -> 0111000000000111:
00:01:25.581.366 INFO root:    1111100011111111111111111111111111110011111111111111111111111111
00:01:25.581.366 INFO root:    1111111011111111101111111101111111111111111101110111111111111111
00:01:25.582.367 INFO root:    0100101011110010001011110001001001010100111111111000111101011011
00:01:25.582.367 INFO root:    0111101101110000011110111100011111010000110110000111110100010011
00:01:25.582.367 INFO root:    0000000000100000000100000000100001000010000000000000000010000000
00:01:25.583.368 INFO root:    0000000000000111000000000000000000000000000000000000000000000111
00:01:38.557.342 INFO root: verify ok! 8 SuperSboxes 12 MixColumns
00:01:38.558.343 INFO root: ~0000110001110000 -> 0111000000001101:
00:01:38.558.343 INFO root:    1111111111111111111100111111111111111000111111111111111111111111
00:01:38.559.344 INFO root:    0111111111111101111111110111111111111110111111111111111011111111
00:01:38.559.344 INFO root:    1111010010001111001010001000111101001011001000011000100011110100
00:01:38.559.345 INFO root:    1111101111010111000011110111111000000111000000001011000010000000
00:01:38.560.345 INFO root:    0000000000000000000100000000001001001000000000000000100000100000
00:01:38.560.345 INFO root:    0000000000000111000000000000000000000000000000000000000000001101
00:01:53.617.402 INFO root: verify ok! 8 SuperSboxes 12 MixColumns
00:01:53.618.403 INFO root: ~0000010110110000 -> 0111000001110000:
00:01:53.619.404 INFO root:    1111111111111111111110101111111111110100111111111111111111111111
00:01:53.619.404 INFO root:    1101111111111111111111110111110111110111111111110111111111111111
00:01:53.620.405 INFO root:    1001111111111111000010001101001011110100100001001000100010000101
00:01:53.620.405 INFO root:    0000000010110100101100100100000011110100011101111011101110110110
00:01:53.621.406 INFO root:    0000100000001000010000001000000000000000000000000100000010000000
00:01:53.621.406 INFO root:    0000000000000111000000000000000000000000000001110000000000000000
00:02:08.931.716 INFO root: verify ok! 8 SuperSboxes 12 MixColumns
00:02:08.932.718 INFO root: ~0000011100001100 -> 1011000000000111:
00:02:08.933.718 INFO root:    1111111111111111111110001111111111111111111111111111001111111111
00:02:08.934.719 INFO root:    1101111111011111111111111111111111111111111111111111101011111110
00:02:08.934.719 INFO root:    1111111111110010100000100011111110010100100011111000010100100100
00:02:08.935.720 INFO root:    1111101001110000110110111111000010110000000010110000101111011110
00:02:08.935.720 INFO root:    0000000010001000100000000000000001000000000000000000100010000000
00:02:08.935.721 INFO root:    0000000000001011000000000000000000000000000000000000000000000111
00:02:24.398.183 INFO root: verify ok! 8 SuperSboxes 12 MixColumns
00:02:24.399.184 INFO root: ~1011000000001011 -> 1101011100000000:
00:02:24.400.185 INFO root:    1111010011111111111111111111111111111111111111111111010011111111
00:02:24.400.185 INFO root:    1111111011011111111110111111111111111111111101111111111110111011
00:02:24.400.186 INFO root:    1111010001000010111100011111000011110010000001001111001010001111
00:02:24.401.186 INFO root:    1010111100000000000011011010111110001100011110110111000001110110
00:02:24.401.186 INFO root:    0000000000001000100010000000000000001000001000000000000000000100
00:02:24.402.187 INFO root:    0000000000001101000000000000011100000000000000000000000000000000
00:02:36.551.336 INFO root: verify ok! 8 SuperSboxes 12 MixColumns
00:02:36.552.337 INFO root: ~0111000011010000 -> 0000100110110000:
00:02:36.552.337 INFO root:    1111100011111111111111111111111111110010111111111111111111111111
00:02:36.552.337 INFO root:    1111111111111011101111111111111111111001111111011111111101111111
00:02:36.553.338 INFO root:    1000111111111111100011110100001011110001001000001100100001001001
00:02:36.553.338 INFO root:    0000000011100000011001110001101111001011011011010111011100110011
00:02:36.553.338 INFO root:    0010001000000000000000000001000000000000100000100000000000000000
00:02:36.553.339 INFO root:    0000000000000000000000000000100100000000000010110000000000000000
00:02:47.715.500 INFO root: verify ok! 8 SuperSboxes 12 MixColumns
00:02:47.716.501 INFO root: ~0111000000001011 -> 1011100100000000:
00:02:47.716.501 INFO root:    1111100011111111111111111111111111111111111111111111010011111111
00:02:47.716.502 INFO root:    1111100111011111111111011111111110111111111101111111111111111111
00:02:47.717.502 INFO root:    0100100000101110111111110111001000101000111111111111000010001000
00:02:47.717.502 INFO root:    0000111000001101011100001011011110110000111111011101011111010000
00:02:47.717.503 INFO root:    0000000000000000001000000000000000000100001000000000000010000100
00:02:47.718.503 INFO root:    0000000000001011000000000000100100000000000000000000000000000000
00:02:58.789.575 INFO root: verify ok! 8 SuperSboxes 12 MixColumns
00:02:58.790.576 INFO root: ~0111000010110000 -> 0000001101110000:
00:02:58.791.576 INFO root:    1111100011111111111111111111111111110100111111111111111111111111
00:02:58.791.576 INFO root:    1111111011111111111111111110111111111011111110111101111110111111
00:02:58.792.577 INFO root:    1111001000101111111110100010010000010010100000010110100000101111
00:02:58.792.577 INFO root:    0110110011010110000000001101110100000011101100000111101111010001
00:02:58.792.577 INFO root:    0000000000000000000001000100000000000000000100100001000000000000
00:02:58.793.578 INFO root:    0000000000000000000000000000001100000000000001110000000000000000
00:03:09.904.689 INFO root: verify ok! 8 SuperSboxes 12 MixColumns
00:03:09.905.690 INFO root: ~0000101111010000 -> 1101000001110000:
00:03:09.905.691 INFO root:    1111111111111111111101001111111111110010111111111111111111111111
00:03:09.906.691 INFO root:    0111111111111101111111110111101111111111111111111101011111111111
00:03:09.906.691 INFO root:    0000000110011000111111110100100010001111111110001001001110000001
00:03:09.906.691 INFO root:    0101010101111011111000001011010000011011111100000010110000000101
00:03:09.907.692 INFO root:    0000100000000100010000001000000000000000000000001000000001000000
00:03:09.907.692 INFO root:    0000000000001101000000000000000000000000000001110000000000000000
00:03:24.450.235 INFO root: verify ok! 8 SuperSboxes 12 MixColumns
00:03:24.451.236 INFO root: ~0000000010111011 -> 1011101100000000:
00:03:24.452.237 INFO root:    1111111111111111111111111111111111110100111111111111010011111111
00:03:24.452.237 INFO root:    1111111101111111111111011001111111111111111111111110111111111110
00:03:24.453.238 INFO root:    1111101001001111111111010010010001011111000111110100010000011001
00:03:24.453.238 INFO root:    0111110111011111000000001110011001100111001111000111110111100000
00:03:24.453.239 INFO root:    0000000000001000100010000000000000000000100000000000000010000010
00:03:24.454.239 INFO root:    0000000000001011000000000000101100000000000000000000000000000000
00:03:39.864.649 INFO root: verify ok! 8 SuperSboxes 12 MixColumns
00:03:39.865.650 INFO root: ~1011101100000000 -> 0000000001111011:
00:03:39.865.650 INFO root:    1111010011111111111101001111111111111111111111111111111111111111
00:03:39.866.651 INFO root:    0111111111111111110111111111110111111111111111101111011111011111
00:03:39.866.651 INFO root:    0100011111001100010011001100111100101000010011110100111111110000
00:03:39.866.651 INFO root:    0100111111010011111010110001000010101100011110111110000000001101
00:03:39.867.652 INFO root:    0000010000000000000000000100010000100000000000000010010000000000
00:03:39.867.652 INFO root:    0000000000000000000000000000000000000000000001110000000000001011
00:03:55.236.021 INFO root: verify ok! 8 SuperSboxes 12 MixColumns
00:03:55.237.022 INFO root: ~0000110110110000 -> 0111000000001011:
00:03:55.237.022 INFO root:    1111111111111111111100101111111111110100111111111111111111111111
00:03:55.237.023 INFO root:    1101111111110111111111111110111111111011111111111111100111111111
00:03:55.238.023 INFO root:    0101010001001011111111111111110100110011110011110111000011111000
00:03:55.238.023 INFO root:    1011110110111011101101111011110100001011000011011111110111010000
00:03:55.238.024 INFO root:    0000000001000100010000000000000010000001000000000000010000000000
00:03:55.239.024 INFO root:    0000000000000111000000000000000000000000000000000000000000001011
00:04:10.272.057 INFO root: verify ok! 8 SuperSboxes 12 MixColumns
00:04:10.273.058 INFO root: ~0000000011010111 -> 0000101100001101:
00:04:10.273.058 INFO root:    1111111111111111111111111111111111110010111111111111100011111111
00:04:10.274.059 INFO root:    1111111111111111111111011011111101110111111111111101111111110111
00:04:10.274.059 INFO root:    0000100000101111001011110010111100100000010000011111001011110100
00:04:10.274.059 INFO root:    0111110000000111000000000111111011111110000001110000000010011101
00:04:10.275.060 INFO root:    0001000000000000000000000000001001000000000100000000001000000001
00:04:10.275.060 INFO root:    0000000000000000000000000000101100000000000000000000000000001101
00:04:25.498.283 INFO root: verify ok! 8 SuperSboxes 12 MixColumns
00:04:25.499.284 INFO root: verified 20 trails for I 1 J 3
00:04:25.499.284 INFO root: generating ANFs... I
00:04:26.349.135 INFO root: load .cache/SboxDivision.components_anf_closures.self_sboxBD59AECE64673816.args_0A482B9CD9E7EAF940EBCF3535BE3082A49F858505A0A6EA9511114359BB0EE6 succeeded
00:04:26.505.290 INFO root: unique masks 2021
00:04:26.505.291 INFO root: generating ANFs... J
00:04:26.898.683 INFO root: load .cache/SboxDivision.components_anf_closures.self_sboxFA83BF4B256071FB.args_0A482B9CD9E7EAF940EBCF3535BE3082A49F858505A0A6EA9511114359BB0EE6 succeeded
00:04:27.033.818 INFO root: unique masks 1785
00:04:27.033.818 INFO root: enumerating all mask pairs
00:04:42.696.481 INFO root: verified all masks for I 1 J 3
00:04:42.697.482 INFO root: VERIFIED I 1 J 3
