00:00:00.104.361 INFO root: added file handler at 2021-09-13.17:15:48
00:00:00.104.361 INFO root: columns 2 -> 3
00:00:01.669.926 INFO root: Constraints: 100101010
00:00:01.669.926 INFO root: cons_SSB_card = 1
00:00:01.670.926 INFO root: cons_SSB_box_lb = 0
00:00:01.670.927 INFO root: cons_SSB_box_ub = 0
00:00:01.670.927 INFO root: cons_SSB_lb = 1
00:00:01.670.927 INFO root: cons_SSB_ub = 0
00:00:01.670.927 INFO root: cons_MC_card = 1
00:00:01.670.927 INFO root: cons_MC_matching = 0
00:00:01.670.927 INFO root: cons_MC_lb = 1
00:00:01.671.927 INFO root: cons_MC_ub2 = 0
00:00:01.785.042 INFO root: full ssb
00:00:01.902.159 INFO root: load .cache/SboxDivision.components_anf_closures.self_sboxC188DCAA77C45B94.args_068BA53CAF4BB89BC84341E5E0A9E860E078799A9E9F3CD8F2B19C3FC4CEC936 succeeded
00:00:01.913.170 INFO root: anfsI 255
00:00:01.919.176 INFO root: load .cache/SboxDivision.components_anf_closures.self_sboxFA83BF4B256071FB.args_068BA53CAF4BB89BC84341E5E0A9E860E078799A9E9F3CD8F2B19C3FC4CEC936 succeeded
00:00:01.930.187 INFO root: anfsO 255
00:00:01.995.252 INFO root: load .cache/SboxDivision.cnf_lb.self_sbox391D96FD000E6C5B.args_068BA53CAF4BB89BC84341E5E0A9E860E078799A9E9F3CD8F2B19C3FC4CEC936 succeeded
00:00:04.528.785 INFO root: SSB round 2 column 0
00:00:05.741.998 INFO root: load .cache/SboxDivision.minimal_max.self_sbox0F7EC76E48F1C66A.args_068BA53CAF4BB89BC84341E5E0A9E860E078799A9E9F3CD8F2B19C3FC4CEC936 succeeded
00:00:12.761.018 INFO root: load .cache/SboxDivision.divcore.self_sbox0F7EC76E48F1C66A.args_068BA53CAF4BB89BC84341E5E0A9E860E078799A9E9F3CD8F2B19C3FC4CEC936 succeeded
00:00:18.500.757 INFO root: load .cache/SboxDivision.cnf_lb.self_sbox0F7EC76E48F1C66A.args_068BA53CAF4BB89BC84341E5E0A9E860E078799A9E9F3CD8F2B19C3FC4CEC936 succeeded
00:00:29.128.385 INFO root: SSB round 2 column 1
00:00:30.555.812 INFO root: load .cache/SboxDivision.minimal_max.self_sbox97CD3E51D99FE8E5.args_068BA53CAF4BB89BC84341E5E0A9E860E078799A9E9F3CD8F2B19C3FC4CEC936 succeeded
00:00:38.152.409 INFO root: load .cache/SboxDivision.divcore.self_sbox97CD3E51D99FE8E5.args_068BA53CAF4BB89BC84341E5E0A9E860E078799A9E9F3CD8F2B19C3FC4CEC936 succeeded
00:00:44.180.437 INFO root: load .cache/SboxDivision.cnf_lb.self_sbox97CD3E51D99FE8E5.args_068BA53CAF4BB89BC84341E5E0A9E860E078799A9E9F3CD8F2B19C3FC4CEC936 succeeded
00:00:56.493.750 INFO root: SSB round 2 column 2
00:00:57.441.698 INFO root: load .cache/SboxDivision.minimal_max.self_sboxFA83BF4B256071FB.args_068BA53CAF4BB89BC84341E5E0A9E860E078799A9E9F3CD8F2B19C3FC4CEC936 succeeded
00:01:05.082.338 INFO root: load .cache/SboxDivision.divcore.self_sboxFA83BF4B256071FB.args_068BA53CAF4BB89BC84341E5E0A9E860E078799A9E9F3CD8F2B19C3FC4CEC936 succeeded
00:01:11.447.704 INFO root: load .cache/SboxDivision.cnf_lb.self_sboxFA83BF4B256071FB.args_068BA53CAF4BB89BC84341E5E0A9E860E078799A9E9F3CD8F2B19C3FC4CEC936 succeeded
00:01:22.687.944 INFO root: SSB round 2 column 3
00:01:48.460.717 INFO root: SSB round 4 column 0
00:02:12.230.487 INFO root: SSB round 4 column 1
00:02:13.338.595 INFO root: load .cache/SboxDivision.minimal_max.self_sboxB5083D73B8917F33.args_068BA53CAF4BB89BC84341E5E0A9E860E078799A9E9F3CD8F2B19C3FC4CEC936 succeeded
00:02:20.659.916 INFO root: load .cache/SboxDivision.divcore.self_sboxB5083D73B8917F33.args_068BA53CAF4BB89BC84341E5E0A9E860E078799A9E9F3CD8F2B19C3FC4CEC936 succeeded
00:02:27.019.276 INFO root: load .cache/SboxDivision.cnf_lb.self_sboxB5083D73B8917F33.args_068BA53CAF4BB89BC84341E5E0A9E860E078799A9E9F3CD8F2B19C3FC4CEC936 succeeded
00:02:38.758.015 INFO root: SSB round 4 column 2
00:03:03.189.446 INFO root: SSB round 4 column 3
00:03:31.189.446 INFO root: mask pairs: 255 x 255 = 65025
00:03:31.189.446 INFO root: #trails 0 
00:03:31.189.446 INFO root: mask pair #1 / 65025: 0111000100010000 0001000110110000anfI_max <DenseSet hash=174ed43434fefc9b n=16 wt=71 | 3:3 4:7 5:23 6:38> anfO_max <DenseSet hash=41a4cc6f8d0d2e94 n=16 wt=75 | 3:2 4:6 5:39 6:28>
00:03:38.544.801 INFO root: solving SAT...
00:04:11.049.306 INFO root: SAT solve time: 32.50390553474426
00:04:11.049.306 INFO root: SAT_times: 32.5 - 32.5, avg 32.5 med 32.5
00:04:11.050.307 INFO root: middle division transition ~1101000001110000 -> 0111000000001101 (~6 -> 6)
00:04:11.050.307 INFO root: mid transition: 1101000001110000 0111000000001101 6 6
00:04:11.050.307 INFO root: full trace:
00:04:11.051.308 INFO root: 1111 1111 0010 1111 1111 1111 1111 1111 1111 1111 1000 1111 1111 1111 1111 1111# initial
00:04:11.051.308 INFO root: 1101 1111 1111 1111 1111 1011 1111 1111 1111 1111 1110 1111 1111 1101 1111 1100# after SR MC SR
00:04:11.052.309 INFO root: 0101 0001 1111 0011 1111 1000 1111 0001 0100 0001 0110 1111 1000 0010 0100 1111# after SSB
00:04:11.053.310 INFO root: 1101 0111 1010 1011 0000 1110 0000 0000 0001 1001 1011 1101 1101 1110 1111 1000# after SR MC SR
00:04:11.053.310 INFO root: 0000 0000 0010 1000 0000 0000 0000 0000 0010 0010 0000 0000 0000 0010 1000 0000# after SSB
00:04:11.054.311 INFO root: 0000 0000 0000 0111 0000 0000 0000 0000 0000 0000 0000 0000 0000 0000 0000 1101# after SR MC SR
00:04:11.054.311 INFO root: 
00:04:11.054.311 INFO root: new trail: 1101000001110000 -> 0111000000001101
00:04:11.055.312 INFO root: #trails 1 
00:04:11.055.312 INFO root: mask pair #3 / 65025: 0111011101100110 1010101110101010anfI_max <DenseSet hash=33ee9f4dce5207ac n=16 wt=68 | 3:2 4:4 5:22 6:40> anfO_max <DenseSet hash=15ac7722258339ed n=16 wt=66 | 3:2 4:9 5:17 6:38>
00:04:18.323.580 INFO root: solving SAT...
00:06:17.866.123 INFO root: SAT solve time: 119.54274225234985
00:06:17.867.124 INFO root: SAT_times: 32.5 - 119.5, avg 76.0 med 119.5
00:06:17.868.125 INFO root: middle division transition ~0111000000000111 -> 1101011100000000 (~6 -> 6)
00:06:17.868.125 INFO root: mid transition: 0111000000000111 1101011100000000 6 6
00:06:17.868.125 INFO root: full trace:
00:06:17.868.125 INFO root: 1111 1111 1000 1111 1111 1111 1111 1111 1111 1111 1111 1111 1111 1111 1000 1111# initial
00:06:17.869.126 INFO root: 1111 1111 1111 1101 1111 1110 1011 1111 1011 0111 1111 1111 1111 1111 1111 0111# after SR MC SR
00:06:17.869.126 INFO root: 0110 0010 1111 1000 0111 1111 1000 0011 1111 0001 0100 0000 1101 1100 0100 1111# after SSB
00:06:17.870.127 INFO root: 1101 1001 1111 1111 0000 1011 0000 0101 1101 0000 1101 0000 0101 0111 1011 0110# after SR MC SR
00:06:17.870.127 INFO root: 0000 0000 0000 0100 1000 0010 0000 0000 0000 0000 0010 0000 0000 0000 0010 0100# after SSB
00:06:17.871.127 INFO root: 0000 0000 0000 1101 0000 0000 0000 0111 0000 0000 0000 0000 0000 0000 0000 0000# after SR MC SR
00:06:17.871.128 INFO root: 
00:06:17.871.128 INFO root: new trail: 0111000000000111 -> 1101011100000000
00:06:17.872.128 INFO root: #trails 2 
00:06:17.872.129 INFO root: mask pair #9 / 65025: 0000011000010001 1011101010110000anfI_max <DenseSet hash=fe0b8f012cd7521f n=16 wt=93 | 3:3 4:6 5:57 6:27> anfO_max <DenseSet hash=9183080537a467e9 n=16 wt=80 | 3:4 4:17 5:42 6:17>
00:06:25.344.601 INFO root: solving SAT...
00:06:57.630.887 INFO root: SAT solve time: 32.285706758499146
00:06:57.631.888 INFO root: SAT_times: 32.3 - 119.5, avg 61.4 med 32.5
00:06:57.631.888 INFO root: middle division transition ~0000000010111011 -> 1011000000000111 (~6 -> 6)
00:06:57.632.889 INFO root: mid transition: 0000000010111011 1011000000000111 6 6
00:06:57.632.889 INFO root: full trace:
00:06:57.633.889 INFO root: 1111 1111 1111 1111 1111 1111 1111 1111 1111 1111 0100 1111 1111 1111 0100 1111# initial
00:06:57.633.890 INFO root: 1111 1111 1111 1011 1111 1111 1111 1110 1111 1011 1011 1111 1101 1101 1111 1111# after SR MC SR
00:06:57.634.891 INFO root: 1011 1111 1111 0100 0010 0111 1000 0110 1001 0000 1101 1000 1111 0100 0010 0001# after SSB
00:06:57.634.891 INFO root: 1011 1111 0000 0000 1101 1011 0000 1111 0111 0000 0000 0111 1101 0111 0000 1101# after SR MC SR
00:06:57.635.891 INFO root: 0000 0000 0000 0100 0001 0000 0000 1000 1000 0100 0000 0000 0000 1000 0000 0000# after SSB
00:06:57.635.892 INFO root: 0000 0000 0000 1011 0000 0000 0000 0000 0000 0000 0000 0000 0000 0000 0000 0111# after SR MC SR
00:06:57.635.892 INFO root: 
00:06:57.636.892 INFO root: new trail: 0000000010111011 -> 1011000000000111
00:06:57.636.893 INFO root: #trails 3 
00:06:57.637.894 INFO root: mask pair #14 / 65025: 0111000100000110 0000000010100001anfI_max <DenseSet hash=154979d6455bce92 n=16 wt=94 | 3:1 4:16 5:55 6:22> anfO_max <DenseSet hash=f9982e082eadb740 n=16 wt=80 | 3:3 4:20 5:33 6:24>
00:07:04.445.702 INFO root: solving SAT...
00:07:48.496.753 INFO root: SAT solve time: 44.05069351196289
00:07:48.496.753 INFO root: SAT_times: 32.3 - 119.5, avg 57.1 med 44.1
00:07:48.497.754 INFO root: middle division transition ~0000101101110000 -> 0000110100000111 (~6 -> 6)
00:07:48.497.754 INFO root: mid transition: 0000101101110000 0000110100000111 6 6
00:07:48.497.754 INFO root: full trace:
00:07:48.498.755 INFO root: 1111 1111 1111 1111 1111 1111 0100 1111 1111 1111 1000 1111 1111 1111 1111 1111# initial
00:07:48.498.755 INFO root: 1110 0111 1111 1111 1111 1111 1111 1011 1111 1111 1111 1011 1111 1011 0111 1111# after SR MC SR
00:07:48.499.756 INFO root: 1111 1111 1100 0001 1111 0001 1000 0100 0100 1111 1111 0101 0101 0000 0011 1000# after SSB
00:07:48.499.756 INFO root: 1011 1011 0111 1101 0001 0100 0111 0111 0000 0110 0101 0011 1101 0101 1110 0000# after SR MC SR
00:07:48.500.756 INFO root: 0000 0000 0010 0000 0000 0100 0000 0000 1000 0000 0010 0000 0000 1000 0000 0010# after SSB
00:07:48.500.757 INFO root: 0000 0000 0000 0000 0000 0000 0000 1101 0000 0000 0000 0000 0000 0000 0000 0111# after SR MC SR
00:07:48.500.757 INFO root: 
00:07:48.500.757 INFO root: new trail: 0000101101110000 -> 0000110100000111
00:07:48.501.758 INFO root: #trails 4 
00:07:48.501.758 INFO root: mask pair #16 / 65025: 0001011100010000 1011101100000001anfI_max <DenseSet hash=7e7c25a0a6465394 n=16 wt=103 | 3:1 4:12 5:68 6:22> anfO_max <DenseSet hash=5ae8280722275ffa n=16 wt=84 | 3:6 4:17 5:40 6:21>
00:07:55.551.808 INFO root: solving SAT...
00:08:39.052.309 INFO root: SAT solve time: 43.50027418136597
00:08:39.052.309 INFO root: SAT_times: 32.3 - 119.5, avg 54.4 med 43.5
00:08:39.053.310 INFO root: middle division transition ~1011000000001011 -> 1011000000000111 (~6 -> 6)
00:08:39.053.310 INFO root: mid transition: 1011000000001011 1011000000000111 6 6
00:08:39.053.310 INFO root: full trace:
00:08:39.054.311 INFO root: 1111 1111 0100 1111 1111 1111 1111 1111 1111 1111 1111 1111 1111 1111 0100 1111# initial
00:08:39.054.311 INFO root: 1111 1111 1111 1111 1111 0111 1110 1111 1011 1011 1111 1111 1011 1111 1111 0111# after SR MC SR
00:08:39.055.312 INFO root: 1000 0100 0100 0101 0000 0100 1111 1000 0011 0000 0111 1111 1111 1111 1111 1101# after SSB
00:08:39.056.313 INFO root: 0110 0111 1110 1101 1111 1100 0111 0000 0000 0000 1110 1011 0000 1101 1101 1101# after SR MC SR
00:08:39.056.313 INFO root: 0000 0000 1000 0000 0001 0000 0000 0010 0010 1000 0000 0000 0000 0000 0100 0000# after SSB
00:08:39.057.313 INFO root: 0000 0000 0000 1011 0000 0000 0000 0000 0000 0000 0000 0000 0000 0000 0000 0111# after SR MC SR
00:08:39.057.314 INFO root: 
00:08:39.057.314 INFO root: new trail: 1011000000001011 -> 1011000000000111
00:08:39.058.315 INFO root: #trails 5 
00:08:39.058.315 INFO root: mask pair #22 / 65025: 0000000101110110 0000101000001010anfI_max <DenseSet hash=22d998d895da8c5e n=16 wt=92 | 3:3 4:27 5:37 6:25> anfO_max <DenseSet hash=9c1994826864292a n=16 wt=76 | 3:3 4:6 5:37 6:30>
00:08:46.530.787 INFO root: solving SAT...
00:09:35.349.605 INFO root: SAT solve time: 48.81846380233765
00:09:35.349.606 INFO root: SAT_times: 32.3 - 119.5, avg 53.5 med 44.1
00:09:35.350.606 INFO root: middle division transition ~1101000011010000 -> 0000000001110111 (~6 -> 6)
00:09:35.350.607 INFO root: mid transition: 1101000011010000 0000000001110111 6 6
00:09:35.350.607 INFO root: full trace:
00:09:35.351.608 INFO root: 1111 1111 0010 1111 1111 1111 1111 1111 1111 1111 0010 1111 1111 1111 1111 1111# initial
00:09:35.351.608 INFO root: 1111 1111 1111 1111 1111 1011 1111 1101 1101 1111 1011 1111 1111 1101 1111 0111# after SR MC SR
00:09:35.352.609 INFO root: 0001 1110 0101 0100 0010 0000 0011 0010 1111 1111 1111 0110 1111 0100 0010 0010# after SSB
00:09:35.352.609 INFO root: 1000 1101 1100 0000 0111 0110 0000 0101 0000 1011 1011 1101 1111 0000 1010 1111# after SR MC SR
00:09:35.353.610 INFO root: 0000 0000 0000 0000 0000 0000 0100 1000 0010 0000 0000 1000 1000 0100 0000 0000# after SSB
00:09:35.354.611 INFO root: 0000 0000 0000 0000 0000 0000 0000 0000 0000 0000 0000 0111 0000 0000 0000 0111# after SR MC SR
00:09:35.354.611 INFO root: 
00:09:35.354.611 INFO root: new trail: 1101000011010000 -> 0000000001110111
00:09:35.355.612 INFO root: #trails 6 
00:09:35.356.613 INFO root: mask pair #31 / 65025: 0001011000000000 1011000010111011anfI_max <DenseSet hash=fa5ff23bf1fdb9a0 n=16 wt=74 | 4:7 5:37 6:30> anfO_max <DenseSet hash=c4fad38086b75f37 n=16 wt=89 | 3:1 4:24 5:40 6:24>
00:09:43.047.304 INFO root: solving SAT...
00:11:44.167.424 INFO root: SAT solve time: 121.11877870559692
00:11:44.167.424 INFO root: SAT_times: 32.3 - 121.1, avg 63.1 med 44.1
00:11:44.168.425 INFO root: middle division transition ~0111000000000111 -> 0111000000000110 (~6 -> 5)
00:11:44.168.425 INFO root: mid transition: 0111000000000111 0111000000000110 6 5
00:11:44.168.425 INFO root: full trace:
00:11:44.169.426 INFO root: 1111 1111 1000 1111 1111 1111 1111 1111 1111 1111 1111 1111 1111 1111 1000 1111# initial
00:11:44.170.427 INFO root: 1111 1111 0111 1111 1111 1111 0111 1111 1101 1011 1111 1111 1101 1111 1111 0111# after SR MC SR
00:11:44.170.427 INFO root: 0001 0100 1111 0101 1000 1000 0000 0101 1110 1111 1100 0010 0100 1111 0100 1111# after SSB
00:11:44.171.428 INFO root: 1011 0000 1011 0011 0000 1111 0000 0000 1101 0111 0111 0000 1011 0101 1011 1101# after SR MC SR
00:11:44.172.428 INFO root: 0000 0000 1000 0001 0010 0000 0000 0000 0000 1000 0000 0000 0000 1000 0000 0000# after SSB
00:11:44.172.429 INFO root: 0000 0000 0000 0111 0000 0000 0000 0000 0000 0000 0000 0000 0000 0000 0000 0110# after SR MC SR
00:11:44.172.429 INFO root: 
00:11:44.173.430 INFO root: new trail: 0111000000000111 -> 0111000000000110
00:11:44.174.431 INFO root: #trails 7 
00:11:44.174.431 INFO root: mask pair #36 / 65025: 0111011100000001 1011101100000000anfI_max <DenseSet hash=2216c3d8ad9d912c n=16 wt=89 | 4:19 5:47 6:23> anfO_max <DenseSet hash=ab2a4a6137438c2e n=16 wt=87 | 3:2 4:25 5:44 6:16>
00:11:51.908.165 INFO root: solving SAT...
00:12:29.078.335 INFO root: SAT solve time: 37.16943430900574
00:12:29.079.336 INFO root: SAT_times: 32.3 - 121.1, avg 59.9 med 44.1
00:12:29.079.336 INFO root: middle division transition ~0101000010110000 -> 0111000000001011 (~5 -> 6)
00:12:29.079.336 INFO root: mid transition: 0101000010110000 0111000000001011 5 6
00:12:29.079.336 INFO root: full trace:
00:12:29.080.337 INFO root: 1111 1111 1010 1111 1111 1111 1111 1111 1111 1111 0100 1111 1111 1111 1111 1111# initial
00:12:29.080.337 INFO root: 1011 1111 1111 1111 1111 1011 1111 1111 1111 1111 0111 1111 1111 1011 1111 1011# after SR MC SR
00:12:29.080.337 INFO root: 1100 0001 1000 0100 1111 1111 1111 0100 1000 1111 0010 1111 0110 0000 1000 0010# after SSB
00:12:29.081.338 INFO root: 1101 0111 0000 1001 1101 0111 1111 1010 0000 0001 0000 0111 1101 1110 0101 0000# after SR MC SR
00:12:29.081.338 INFO root: 0000 0000 0001 1000 0000 0000 0000 0000 0010 1000 0000 0000 0000 0010 0010 0000# after SSB
00:12:29.082.338 INFO root: 0000 0000 0000 0111 0000 0000 0000 0000 0000 0000 0000 0000 0000 0000 0000 1011# after SR MC SR
00:12:29.082.339 INFO root: 
00:12:29.082.339 INFO root: new trail: 0101000010110000 -> 0111000000001011
00:12:29.083.340 INFO root: #trails 8 
00:12:29.083.340 INFO root: mask pair #46 / 65025: 0111011100000000 1011000100011010anfI_max <DenseSet hash=baad7a13e8742601 n=16 wt=75 | 3:3 4:18 5:23 6:31> anfO_max <DenseSet hash=40c901f7219ab61e n=16 wt=68 | 3:5 4:7 5:21 6:35>
00:12:36.233.490 INFO root: solving SAT...
00:13:12.418.675 INFO root: SAT solve time: 36.18483233451843
00:13:12.418.675 INFO root: SAT_times: 32.3 - 121.1, avg 57.2 med 43.5
00:13:12.419.676 INFO root: middle division transition ~1101000000001011 -> 1101000000001101 (~6 -> 6)
00:13:12.419.676 INFO root: mid transition: 1101000000001011 1101000000001101 6 6
00:13:12.419.676 INFO root: full trace:
00:13:12.420.677 INFO root: 1111 1111 0010 1111 1111 1111 1111 1111 1111 1111 1111 1111 1111 1111 0100 1111# initial
00:13:12.420.677 INFO root: 1111 1111 0111 0111 1111 1011 1101 1111 1101 1110 1111 1111 1111 1111 1111 1111# after SR MC SR
00:13:12.421.678 INFO root: 1010 0010 1111 0101 1000 1000 0001 1001 1111 0001 1111 1111 0010 0100 0000 0010# after SSB
00:13:12.421.678 INFO root: 1001 1101 1111 1000 1001 1100 0000 1001 1110 0000 1011 0000 1011 0010 1100 0101# after SR MC SR
00:13:12.422.679 INFO root: 0000 0000 0100 0000 1000 0000 0000 0010 1000 1000 0000 0000 0000 0000 0010 0000# after SSB
00:13:12.422.679 INFO root: 0000 0000 0000 1101 0000 0000 0000 0000 0000 0000 0000 0000 0000 0000 0000 1101# after SR MC SR
00:13:12.422.679 INFO root: 
00:13:12.423.680 INFO root: new trail: 1101000000001011 -> 1101000000001101
00:13:12.424.681 INFO root: #trails 9 
00:13:12.424.681 INFO root: mask pair #72 / 65025: 0000011101100111 0001101000001011anfI_max <DenseSet hash=b4728f391b66d34a n=16 wt=84 | 3:2 4:13 5:39 6:30> anfO_max <DenseSet hash=825738baa78d9184 n=16 wt=83 | 2:1 3:4 4:20 5:38 6:20>
00:13:19.948.205 INFO root: solving SAT...
00:13:44.875.132 INFO root: SAT solve time: 24.926897048950195
00:13:44.876.133 INFO root: SAT_times: 24.9 - 121.1, avg 54.0 med 43.5
00:13:44.876.133 INFO root: middle division transition ~0111110100000000 -> 0111000010100000 (~6 -> 5)
00:13:44.876.133 INFO root: mid transition: 0111110100000000 0111000010100000 6 5
00:13:44.877.134 INFO root: full trace:
00:13:44.877.134 INFO root: 1111 1111 1000 1111 1111 1111 0010 1111 1111 1111 1111 1111 1111 1111 1111 1111# initial
00:13:44.878.135 INFO root: 1111 1011 1111 1111 1111 0111 1111 1111 1101 1111 1111 1011 1111 1111 1101 0111# after SR MC SR
00:13:44.878.135 INFO root: 0001 0001 1000 0101 1111 0010 1011 0000 0100 0100 1111 0010 1111 1000 1001 1111# after SSB
00:13:44.879.136 INFO root: 1111 0111 0000 0100 0000 0000 1010 1010 0111 0111 1100 1011 1011 0110 1011 0000# after SR MC SR
00:13:44.879.136 INFO root: 0000 0000 0000 1000 0100 0000 1000 0000 0000 1000 0000 0000 0100 0000 0000 0000# after SSB
00:13:44.880.137 INFO root: 0000 0000 0000 0111 0000 0000 0000 0000 0000 0000 0000 1010 0000 0000 0000 0000# after SR MC SR
00:13:44.880.137 INFO root: 
00:13:44.880.137 INFO root: new trail: 0111110100000000 -> 0111000010100000
00:13:44.881.138 INFO root: #trails 10 
00:13:44.881.138 INFO root: mask pair #75 / 65025: 0001000100000110 0000101010101011anfI_max <DenseSet hash=4a6a30ef183ec36b n=16 wt=95 | 3:2 4:20 5:54 6:19> anfO_max <DenseSet hash=a7e7f8b70ae72161 n=16 wt=74 | 3:4 4:8 5:32 6:30>
00:13:52.039.296 INFO root: solving SAT...
00:14:36.215.472 INFO root: SAT solve time: 44.174962282180786
00:14:36.215.472 INFO root: SAT_times: 24.9 - 121.1, avg 53.1 med 43.5
00:14:36.216.473 INFO root: middle division transition ~1011000000001011 -> 1100000011010000 (~6 -> 5)
00:14:36.216.473 INFO root: mid transition: 1011000000001011 1100000011010000 6 5
00:14:36.216.473 INFO root: full trace:
00:14:36.216.473 INFO root: 1111 1111 0100 1111 1111 1111 1111 1111 1111 1111 1111 1111 1111 1111 0100 1111# initial
00:14:36.217.474 INFO root: 1111 1111 0111 0111 1111 1111 1111 1111 1101 1101 1111 1111 1101 1111 1111 1101# after SR MC SR
00:14:36.217.474 INFO root: 0010 1010 1111 1111 0001 1100 1111 0010 0001 0100 1101 1000 0100 1111 1010 0000# after SSB
00:14:36.218.474 INFO root: 1100 1011 1000 0000 1101 0111 1100 1101 0111 1101 0010 1010 1101 0000 0000 1101# after SR MC SR
00:14:36.218.475 INFO root: 0000 0100 0000 0000 0100 0000 0000 0000 0000 0000 0000 0010 0010 0000 0100 0000# after SSB
00:14:36.218.475 INFO root: 0000 0000 0000 1100 0000 0000 0000 0000 0000 0000 0000 1101 0000 0000 0000 0000# after SR MC SR
00:14:36.218.475 INFO root: 
00:14:36.219.475 INFO root: new trail: 1011000000001011 -> 1100000011010000
00:14:36.220.477 INFO root: #trails 11 
00:14:36.220.477 INFO root: mask pair #122 / 65025: 0110000000010111 0000101110101011anfI_max <DenseSet hash=0d3515bb080d029f n=16 wt=92 | 3:3 4:26 5:40 6:23> anfO_max <DenseSet hash=0d3ee2df1ad917ab n=16 wt=85 | 3:3 4:16 5:43 6:23>
00:14:45.582.839 INFO root: solving SAT...
00:15:33.960.217 INFO root: SAT solve time: 48.37796664237976
00:15:33.961.218 INFO root: SAT_times: 24.9 - 121.1, avg 52.7 med 44.1
00:15:33.961.218 INFO root: middle division transition ~0000000011011101 -> 0000000001111101 (~6 -> 6)
00:15:33.962.219 INFO root: mid transition: 0000000011011101 0000000001111101 6 6
00:15:33.962.219 INFO root: full trace:
00:15:33.963.220 INFO root: 1111 1111 1111 1111 1111 1111 1111 1111 1111 1111 0010 1111 1111 1111 0010 1111# initial
00:15:33.964.221 INFO root: 1101 1111 1111 1101 1111 1111 0111 1111 1111 1101 0111 1111 1111 0111 1111 1111# after SR MC SR
00:15:33.964.221 INFO root: 0010 1111 1111 1111 1111 0001 0010 0001 0100 1111 1000 1111 0100 0000 0000 1000# after SSB
00:15:33.965.222 INFO root: 0000 0001 1101 1011 1101 0000 1011 0010 0000 0111 0111 1011 1101 0000 1101 0111# after SR MC SR
00:15:33.966.222 INFO root: 0000 0000 1000 0000 0000 0000 1000 0010 0000 0000 0000 0001 1000 0100 0000 0000# after SSB
00:15:33.966.223 INFO root: 0000 0000 0000 0000 0000 0000 0000 0000 0000 0000 0000 0111 0000 0000 0000 1101# after SR MC SR
00:15:33.966.223 INFO root: 
00:15:33.967.224 INFO root: new trail: 0000000011011101 -> 0000000001111101
00:15:34.004.261 INFO root: #trails 12 
00:15:34.053.310 INFO root: mask pair #132 / 65025: 0111011100000111 0001101110111010anfI_max <DenseSet hash=74d8fa3002e40f78 n=16 wt=100 | 3:4 4:22 5:55 6:19> anfO_max <DenseSet hash=4bcbbf5593d1e134 n=16 wt=86 | 3:4 4:17 5:43 6:22>
00:15:42.775.032 INFO root: solving SAT...
00:16:29.038.295 INFO root: SAT solve time: 46.26181769371033
00:16:29.038.295 INFO root: SAT_times: 24.9 - 121.1, avg 52.2 med 44.1
00:16:29.039.296 INFO root: middle division transition ~0000110101110000 -> 0000011101110000 (~6 -> 6)
00:16:29.039.296 INFO root: mid transition: 0000110101110000 0000011101110000 6 6
00:16:29.039.296 INFO root: full trace:
00:16:29.040.297 INFO root: 1111 1111 1111 1111 1111 1111 0010 1111 1111 1111 1000 1111 1111 1111 1111 1111# initial
00:16:29.041.298 INFO root: 0111 0111 1111 1111 1111 1111 1111 1101 1111 1111 1111 1011 1111 1110 1110 1111# after SR MC SR
00:16:29.041.298 INFO root: 1111 0011 0011 1111 0100 0101 1111 1000 1010 0100 1111 1000 0011 0010 0010 0000# after SSB
00:16:29.042.299 INFO root: 1110 0000 0000 0010 1110 1000 0100 1110 1011 1011 1101 1110 0011 0001 1011 1001# after SR MC SR
00:16:29.042.299 INFO root: 1000 0000 0000 0000 0000 1000 1000 0000 0000 0000 0000 0010 0100 0000 0000 0100# after SSB
00:16:29.043.300 INFO root: 0000 0000 0000 0000 0000 0000 0000 0111 0000 0000 0000 0111 0000 0000 0000 0000# after SR MC SR
00:16:29.043.300 INFO root: 
00:16:29.044.301 INFO root: new trail: 0000110101110000 -> 0000011101110000
00:16:29.047.304 INFO root: #trails 13 
00:16:29.047.304 INFO root: mask pair #275 / 65025: 0110000101100001 1011101110100000anfI_max <DenseSet hash=12e64d1a96900542 n=16 wt=76 | 3:2 4:6 5:48 6:20> anfO_max <DenseSet hash=1b269507634ca0b9 n=16 wt=79 | 3:4 4:18 5:34 6:23>
00:16:40.866.123 INFO root: solving SAT...
00:16:56.109.366 INFO root: SAT solve time: 15.242432594299316
00:16:56.110.367 INFO root: SAT_times: 15.2 - 121.1, avg 49.6 med 44.1
00:16:56.110.367 INFO root: middle division transition ~0000101100001101 -> 1101110100000000 (~6 -> 6)
00:16:56.111.368 INFO root: mid transition: 0000101100001101 1101110100000000 6 6
00:16:56.111.368 INFO root: full trace:
00:16:56.112.369 INFO root: 1111 1111 1111 1111 1111 1111 0100 1111 1111 1111 1111 1111 1111 1111 0010 1111# initial
00:16:56.112.369 INFO root: 1111 0111 1111 1011 1011 1111 1110 1111 1111 0111 1111 1111 1111 1111 0111 1111# after SR MC SR
00:16:56.113.370 INFO root: 0010 0000 0100 0010 0010 0010 0100 1111 1111 1000 1000 0100 0010 1111 0100 0100# after SSB
00:16:56.113.370 INFO root: 0001 0000 1011 1011 0000 1101 0000 0000 0111 0001 1011 0000 0000 0000 1101 1111# after SR MC SR
00:16:56.114.371 INFO root: 0001 0000 0000 1100 0000 0010 0000 0000 0000 0000 0000 0000 0000 0000 0100 1000# after SSB
00:16:56.114.371 INFO root: 0000 0000 0000 1101 0000 0000 0000 1101 0000 0000 0000 0000 0000 0000 0000 0000# after SR MC SR
00:16:56.115.372 INFO root: 
00:16:56.115.372 INFO root: new trail: 0000101100001101 -> 1101110100000000
00:16:56.120.376 INFO root: #trails 14 
00:16:56.120.377 INFO root: mask pair #513 / 65025: 0110011000010000 0000101110100001anfI_max <DenseSet hash=71d2f93de9b1193d n=16 wt=88 | 3:2 4:10 5:52 6:24> anfO_max <DenseSet hash=ccdfad3714fcd29f n=16 wt=81 | 3:2 4:17 5:45 6:17>
00:17:06.567.824 INFO root: solving SAT...
00:17:54.600.857 INFO root: SAT solve time: 48.03308939933777
00:17:54.601.858 INFO root: SAT_times: 15.2 - 121.1, avg 49.5 med 44.1
00:17:54.601.858 INFO root: middle division transition ~1011000000000111 -> 0111000010110000 (~6 -> 6)
00:17:54.601.858 INFO root: mid transition: 1011000000000111 0111000010110000 6 6
00:17:54.601.858 INFO root: full trace:
00:17:54.602.859 INFO root: 1111 1111 0100 1111 1111 1111 1111 1111 1111 1111 1111 1111 1111 1111 1000 1111# initial
00:17:54.602.859 INFO root: 1111 1111 1111 1110 1111 0111 0011 1111 1011 1111 1111 1111 1111 1111 1111 1011# after SR MC SR
00:17:54.603.860 INFO root: 0100 1111 0100 1111 0100 1000 0010 0010 0100 0100 0100 0000 1111 0100 1111 1111# after SSB
00:17:54.603.860 INFO root: 0111 1101 0000 0000 1110 0101 1111 0000 0110 1011 0001 0000 1110 0111 1011 0000# after SR MC SR
00:17:54.604.860 INFO root: 0000 0100 0000 0000 0010 0000 0010 0000 0000 1000 0000 0000 0100 0000 0010 0000# after SSB
00:17:54.604.861 INFO root: 0000 0000 0000 0111 0000 0000 0000 0000 0000 0000 0000 1011 0000 0000 0000 0000# after SR MC SR
00:17:54.604.861 INFO root: 
00:17:54.604.861 INFO root: new trail: 1011000000000111 -> 0111000010110000
00:17:54.606.863 INFO root: #trails 15 
00:17:54.606.863 INFO root: mask pair #570 / 65025: 0111000101100000 1010000000001011anfI_max <DenseSet hash=f9a3c2a6ccef0f44 n=16 wt=88 | 3:1 4:17 5:45 6:25> anfO_max <DenseSet hash=421e8930ab1f714d n=16 wt=80 | 3:6 4:16 5:35 6:23>
00:18:03.044.301 INFO root: solving SAT...
00:19:01.946.203 INFO root: SAT solve time: 58.901395320892334
00:19:01.946.203 INFO root: SAT_times: 15.2 - 121.1, avg 50.1 med 44.2
00:19:01.947.204 INFO root: middle division transition ~0110000010110000 -> 1011011100000000 (~5 -> 6)
00:19:01.947.204 INFO root: mid transition: 0110000010110000 1011011100000000 5 6
00:19:01.947.204 INFO root: full trace:
00:19:01.948.204 INFO root: 1111 1111 1001 1111 1111 1111 1111 1111 1111 1111 0100 1111 1111 1111 1111 1111# initial
00:19:01.948.205 INFO root: 1101 1111 1111 1111 1111 1011 1111 1111 1111 1111 1011 1111 1111 1011 1111 1011# after SR MC SR
00:19:01.948.205 INFO root: 1000 1111 0010 1110 1111 0000 0100 1001 0001 1000 1111 1111 1111 1010 0011 1111# after SSB
00:19:01.949.206 INFO root: 1011 1011 0000 1101 1111 0111 1011 0111 1011 1111 1101 1011 0000 0000 1101 0000# after SR MC SR
00:19:01.949.206 INFO root: 1000 0000 0000 0000 0010 0100 0000 0000 0000 0100 0000 0000 0000 0000 1000 1000# after SSB
00:19:01.949.206 INFO root: 0000 0000 0000 1011 0000 0000 0000 0111 0000 0000 0000 0000 0000 0000 0000 0000# after SR MC SR
00:19:01.950.207 INFO root: 
00:19:01.950.207 INFO root: new trail: 0110000010110000 -> 1011011100000000
00:19:01.951.208 INFO root: #trails 16 
00:19:01.952.208 INFO root: mask pair #587 / 65025: 0001011000000111 0000101110100001anfI_max <DenseSet hash=c280d7def0a58f9b n=16 wt=71 | 3:6 4:3 5:32 6:30> anfO_max <DenseSet hash=ccdfad3714fcd29f n=16 wt=81 | 3:2 4:17 5:45 6:17>
00:19:09.268.525 INFO root: solving SAT...
00:19:48.192.449 INFO root: SAT solve time: 38.923678159713745
00:19:48.193.450 INFO root: SAT_times: 15.2 - 121.1, avg 49.4 med 44.1
00:19:48.194.451 INFO root: middle division transition ~0000101101110000 -> 0101000011010000 (~6 -> 5)
00:19:48.195.452 INFO root: mid transition: 0000101101110000 0101000011010000 6 5
00:19:48.195.452 INFO root: full trace:
00:19:48.196.453 INFO root: 1111 1111 1111 1111 1111 1111 0100 1111 1111 1111 1000 1111 1111 1111 1111 1111# initial
00:19:48.197.454 INFO root: 1111 0111 1111 1111 1011 1111 1111 1110 1111 1111 1101 1111 1111 1011 1011 1111# after SR MC SR
00:19:48.198.455 INFO root: 0011 0100 1111 1111 1111 1000 1001 1000 0010 0010 0100 1111 1100 0010 0000 1111# after SSB
00:19:48.199.456 INFO root: 1010 1110 0011 1101 0000 0100 0000 0000 1100 1110 1101 0111 1011 1101 1011 0101# after SR MC SR
00:19:48.200.457 INFO root: 0000 0010 0000 0100 0000 0000 1000 0000 0000 0010 0000 0000 1000 0000 0000 0000# after SSB
00:19:48.201.458 INFO root: 0000 0000 0000 0101 0000 0000 0000 0000 0000 0000 0000 1101 0000 0000 0000 0000# after SR MC SR
00:19:48.201.458 INFO root: 
00:19:48.202.459 INFO root: new trail: 0000101101110000 -> 0101000011010000
00:19:48.208.465 INFO root: #trails 17 
00:19:48.208.465 INFO root: mask pair #773 / 65025: 0001011000010110 0000101010100001anfI_max <DenseSet hash=147dadc3b536282f n=16 wt=115 | 3:4 4:20 5:75 6:16> anfO_max <DenseSet hash=2e367860c36884c1 n=16 wt=77 | 3:6 4:18 5:31 6:22>
00:19:59.028.285 INFO root: solving SAT...
00:21:43.203.460 INFO root: SAT solve time: 104.1739456653595
00:21:43.203.460 INFO root: SAT_times: 15.2 - 121.1, avg 52.5 med 44.2
00:21:43.204.461 INFO root: middle division transition ~0000000000110111 -> 0000011100001011 (~5 -> 6)
00:21:43.204.461 INFO root: mid transition: 0000000000110111 0000011100001011 5 6
00:21:43.204.461 INFO root: full trace:
00:21:43.204.461 INFO root: 1111 1111 1111 1111 1111 1111 1111 1111 1111 1111 1100 1111 1111 1111 1000 1111# initial
00:21:43.205.462 INFO root: 1101 1111 1111 1101 1111 1111 0111 1111 1111 1111 0111 1111 0111 1111 1111 1111# after SR MC SR
00:21:43.205.462 INFO root: 1000 1111 1111 1111 0100 1111 0100 0010 0001 1111 0000 0111 0001 1111 1101 1101# after SSB
00:21:43.206.463 INFO root: 1010 1101 1101 1101 0000 0111 1110 1101 0011 1011 1101 0111 1011 0000 1101 1001# after SR MC SR
00:21:43.206.463 INFO root: 0010 0000 1000 0000 0000 0000 0000 0001 0000 0000 0010 0000 0000 0100 0000 0001# after SSB
00:21:43.206.463 INFO root: 0000 0000 0000 0000 0000 0000 0000 0111 0000 0000 0000 0000 0000 0000 0000 1011# after SR MC SR
00:21:43.207.464 INFO root: 
00:21:43.207.464 INFO root: new trail: 0000000000110111 -> 0000011100001011
00:21:43.209.466 INFO root: #trails 18 
00:21:43.209.466 INFO root: mask pair #903 / 65025: 0110011000000001 1011101110100001anfI_max <DenseSet hash=5dcedb7458fee61f n=16 wt=100 | 3:2 4:24 5:58 6:16> anfO_max <DenseSet hash=808dd2555fdb2975 n=16 wt=74 | 3:1 4:19 5:34 6:20>
00:21:50.129.386 INFO root: solving SAT...
00:22:13.607.864 INFO root: SAT solve time: 23.477371215820312
00:22:13.607.864 INFO root: SAT_times: 15.2 - 121.1, avg 50.9 med 44.1
00:22:13.607.864 INFO root: middle division transition ~0000101100001011 -> 1101000000000110 (~6 -> 5)
00:22:13.608.865 INFO root: mid transition: 0000101100001011 1101000000000110 6 5
00:22:13.608.865 INFO root: full trace:
00:22:13.608.865 INFO root: 1111 1111 1111 1111 1111 1111 0100 1111 1111 1111 1111 1111 1111 1111 0100 1111# initial
00:22:13.609.866 INFO root: 1111 1111 1111 0111 0111 1111 1110 1111 1111 1101 1111 0111 1111 1111 1011 1111# after SR MC SR
00:22:13.609.866 INFO root: 1111 1111 0011 0110 0100 1010 1101 1111 1000 1000 0010 0000 0011 0100 0001 0010# after SSB
00:22:13.610.867 INFO root: 0111 1011 0000 0000 0000 1011 0100 1100 1110 1000 0111 1011 1101 0000 1101 0011# after SR MC SR
00:22:13.611.867 INFO root: 0000 0000 1000 0100 1000 0000 0000 0000 0010 0010 0000 0000 0000 0000 0000 0000# after SSB
00:22:13.611.868 INFO root: 0000 0000 0000 1101 0000 0000 0000 0000 0000 0000 0000 0000 0000 0000 0000 0110# after SR MC SR
00:22:13.611.868 INFO root: 
00:22:13.612.868 INFO root: new trail: 0000101100001011 -> 1101000000000110
00:22:13.617.874 INFO root: #trails 19 
00:22:13.617.874 INFO root: mask pair #1209 / 65025: 0001011101100000 1011101010111010anfI_max <DenseSet hash=3491516ac9e3f559 n=16 wt=99 | 3:3 4:26 5:47 6:23> anfO_max <DenseSet hash=e6bdde5178374275 n=16 wt=80 | 3:6 4:11 5:42 6:21>
00:22:20.589.846 INFO root: solving SAT...
00:23:02.991.248 INFO root: SAT solve time: 42.40215063095093
00:23:02.992.249 INFO root: SAT_times: 15.2 - 121.1, avg 50.5 med 44.1
00:23:02.992.249 INFO root: middle division transition ~1101000001110000 -> 0000110000000111 (~6 -> 5)
00:23:02.992.249 INFO root: mid transition: 1101000001110000 0000110000000111 6 5
00:23:02.992.249 INFO root: full trace:
00:23:02.993.250 INFO root: 1111 1111 0010 1111 1111 1111 1111 1111 1111 1111 1000 1111 1111 1111 1111 1111# initial
00:23:02.993.250 INFO root: 1011 1111 0111 1111 1111 1110 1111 1101 1101 1111 1111 1111 1111 1011 1111 1111# after SR MC SR
00:23:02.993.250 INFO root: 0000 0100 0011 0110 1001 1000 0010 1111 1111 1011 0100 0100 0110 0101 1111 0010# after SSB
00:23:02.994.250 INFO root: 0000 1100 0111 1011 1000 1011 0111 0000 1011 1110 0000 0011 1010 1110 0000 1101# after SR MC SR
00:23:02.994.251 INFO root: 1000 0000 0001 0000 0000 0100 0000 1000 0000 0000 0000 0000 0000 0010 0000 0000# after SSB
00:23:02.994.251 INFO root: 0000 0000 0000 0000 0000 0000 0000 1100 0000 0000 0000 0000 0000 0000 0000 0111# after SR MC SR
00:23:02.994.251 INFO root: 
00:23:02.995.252 INFO root: new trail: 1101000001110000 -> 0000110000000111
00:23:02.996.253 INFO root: #trails 20 
00:23:02.996.253 INFO root: mask pair #1246 / 65025: 0001011000010110 0000000010111011anfI_max <DenseSet hash=147dadc3b536282f n=16 wt=115 | 3:4 4:20 5:75 6:16> anfO_max <DenseSet hash=c902998d92a5c4da n=16 wt=74 | 2:1 3:5 4:11 5:34 6:23>
00:23:10.080.337 INFO root: solving SAT...
00:24:45.454.711 INFO root: SAT solve time: 95.37421250343323
00:24:45.455.712 INFO root: SAT_times: 15.2 - 121.1, avg 52.6 med 44.1
00:24:45.455.712 INFO root: middle division transition ~0000000011011011 -> 1101101100000000 (~6 -> 6)
00:24:45.455.712 INFO root: mid transition: 0000000011011011 1101101100000000 6 6
00:24:45.455.712 INFO root: full trace:
00:24:45.456.713 INFO root: 1111 1111 1111 1111 1111 1111 1111 1111 1111 1111 0010 1111 1111 1111 0100 1111# initial
00:24:45.456.713 INFO root: 1111 1111 1111 0111 1111 1111 1101 0111 1111 1111 0111 1111 1110 1101 1111 1111# after SR MC SR
00:24:45.457.713 INFO root: 0010 0100 1000 1000 1000 1100 1111 0010 1111 1111 0000 1111 1111 0110 1000 0000# after SSB
00:24:45.457.714 INFO root: 0000 1111 1101 0000 1011 1010 1100 1101 0000 1011 0000 1111 0011 0000 0101 1011# after SR MC SR
00:24:45.457.714 INFO root: 0010 0000 0000 0010 0000 1000 0000 0000 0000 1000 0000 0000 0000 0000 0010 0010# after SSB
00:24:45.458.714 INFO root: 0000 0000 0000 1101 0000 0000 0000 1011 0000 0000 0000 0000 0000 0000 0000 0000# after SR MC SR
00:24:45.458.715 INFO root: 
00:24:45.458.715 INFO root: new trail: 0000000011011011 -> 1101101100000000
00:24:45.460.717 INFO root: #trails 21 
00:24:45.461.718 INFO root: mask pair #1390 / 65025: 0001011000010110 0000000100001010anfI_max <DenseSet hash=147dadc3b536282f n=16 wt=115 | 3:4 4:20 5:75 6:16> anfO_max <DenseSet hash=75db1a46f113dc9a n=16 wt=85 | 3:9 4:24 5:35 6:17>
00:24:52.423.680 INFO root: solving SAT...
00:25:21.877.134 INFO root: SAT solve time: 29.453615188598633
00:25:21.877.134 INFO root: SAT_times: 15.2 - 121.1, avg 51.6 med 44.1
00:25:21.878.135 INFO root: middle division transition ~0000010100000111 -> 0111000000000111 (~5 -> 6)
00:25:21.878.135 INFO root: mid transition: 0000010100000111 0111000000000111 5 6
00:25:21.878.135 INFO root: full trace:
00:25:21.878.135 INFO root: 1111 1111 1111 1111 1111 1111 1010 1111 1111 1111 1111 1111 1111 1111 1000 1111# initial
00:25:21.879.136 INFO root: 1111 0111 1111 0111 1011 1111 1101 1111 1111 0111 1111 1111 1111 1111 1111 1111# after SR MC SR
00:25:21.879.136 INFO root: 1000 1111 1111 0010 1111 1000 0010 1111 0011 0100 0100 0100 1000 0000 1000 1000# after SSB
00:25:21.879.136 INFO root: 1011 1110 0111 1111 1011 1100 0000 0000 1100 0000 0010 0000 1101 0000 0001 1110# after SR MC SR
00:25:21.880.137 INFO root: 0000 0000 0000 1000 0001 0000 0000 1000 0100 0000 0000 0000 0000 0010 0010 0000# after SSB
00:25:21.880.137 INFO root: 0000 0000 0000 0111 0000 0000 0000 0000 0000 0000 0000 0000 0000 0000 0000 0111# after SR MC SR
00:25:21.880.137 INFO root: 
00:25:21.880.137 INFO root: new trail: 0000010100000111 -> 0111000000000111
00:25:21.898.155 INFO root: #trails 22 
00:25:21.898.155 INFO root: mask pair #3589 / 65025: 0110011000000001 1011000110111011anfI_max <DenseSet hash=5dcedb7458fee61f n=16 wt=100 | 3:2 4:24 5:58 6:16> anfO_max <DenseSet hash=8b362185f41d3530 n=16 wt=81 | 3:4 4:15 5:37 6:25>
00:25:29.120.376 INFO root: solving SAT...
00:26:01.871.128 INFO root: SAT solve time: 32.75085949897766
00:26:01.871.128 INFO root: SAT_times: 15.2 - 121.1, avg 50.8 med 43.5
00:26:01.872.129 INFO root: middle division transition ~0000101110110000 -> 0000000010111101 (~6 -> 6)
00:26:01.872.129 INFO root: mid transition: 0000101110110000 0000000010111101 6 6
00:26:01.872.129 INFO root: full trace:
00:26:01.872.129 INFO root: 1111 1111 1111 1111 1111 1111 0100 1111 1111 1111 0100 1111 1111 1111 1111 1111# initial
00:26:01.873.130 INFO root: 1111 1111 1111 1111 1011 1111 1111 1011 1111 1111 0111 1011 1111 1011 0111 1111# after SR MC SR
00:26:01.873.130 INFO root: 1000 0010 0010 1111 1001 0010 1111 1101 1111 0111 0100 0010 1001 1111 0000 0000# after SSB
00:26:01.873.130 INFO root: 0000 1101 1111 1011 1011 1101 1110 0000 1110 1011 0000 1100 0000 0111 0000 1001# after SR MC SR
00:26:01.874.131 INFO root: 0000 0001 0100 0000 0000 0000 1000 0000 0100 0000 0000 0010 0000 1000 0000 0000# after SSB
00:26:01.874.131 INFO root: 0000 0000 0000 0000 0000 0000 0000 0000 0000 0000 0000 1011 0000 0000 0000 1101# after SR MC SR
00:26:01.874.131 INFO root: 
00:26:01.874.131 INFO root: new trail: 0000101110110000 -> 0000000010111101
00:26:01.905.162 INFO root: #trails 23 
00:26:01.906.163 INFO root: mask pair #6458 / 65025: 0110011001110111 1011000010110001anfI_max <DenseSet hash=b887579a659448f9 n=16 wt=116 | 3:4 4:33 5:66 6:13> anfO_max <DenseSet hash=aecaba4f23f4b270 n=16 wt=87 | 3:1 4:17 5:47 6:22>
00:26:09.347.604 INFO root: solving SAT...
00:27:00.099.356 INFO root: SAT solve time: 50.75194716453552
00:27:00.100.357 INFO root: SAT_times: 15.2 - 121.1, avg 50.8 med 44.1
00:27:00.100.357 INFO root: middle division transition ~0000011100001010 -> 0111110100000000 (~5 -> 6)
00:27:00.100.357 INFO root: mid transition: 0000011100001010 0111110100000000 5 6
00:27:00.100.357 INFO root: full trace:
00:27:00.101.358 INFO root: 1111 1111 1111 1111 1111 1111 1000 1111 1111 1111 1111 1111 1111 1111 0101 1111# initial
00:27:00.101.358 INFO root: 1111 1011 1111 0111 1101 1111 1111 1111 1111 1111 1111 1111 1101 1111 0111 1111# after SR MC SR
00:27:00.101.358 INFO root: 1001 0101 1111 1111 1001 0011 0001 0100 0000 1111 1111 0100 1111 0100 0100 1000# after SSB
00:27:00.102.358 INFO root: 0000 1101 0000 0111 1001 0000 0111 0110 0111 1100 1111 0000 1101 0111 1011 0111# after SR MC SR
00:27:00.102.359 INFO root: 1000 0000 0000 0000 0000 0000 0000 0000 0000 0010 0010 0000 0000 0000 1001 1000# after SSB
00:27:00.102.359 INFO root: 0000 0000 0000 0111 0000 0000 0000 1101 0000 0000 0000 0000 0000 0000 0000 0000# after SR MC SR
00:27:00.102.359 INFO root: 
00:27:00.103.359 INFO root: new trail: 0000011100001010 -> 0111110100000000
00:27:00.113.370 INFO root: #trails 24 
00:27:00.113.370 INFO root: mask pair #7136 / 65025: 0111011101110111 0001101000001011anfI_max <DenseSet hash=62247a808e416d9f n=16 wt=106 | 3:6 4:23 5:59 6:18> anfO_max <DenseSet hash=825738baa78d9184 n=16 wt=83 | 2:1 3:4 4:20 5:38 6:20>
00:27:07.061.318 INFO root: solving SAT...
00:27:40.589.846 INFO root: SAT solve time: 33.52705645561218
00:27:40.589.846 INFO root: SAT_times: 15.2 - 121.1, avg 50.1 med 43.5
00:27:40.589.846 INFO root: middle division transition ~1101000000001100 -> 0000110111010000 (~5 -> 6)
00:27:40.590.847 INFO root: mid transition: 1101000000001100 0000110111010000 5 6
00:27:40.590.847 INFO root: full trace:
00:27:40.590.847 INFO root: 1111 1111 0010 1111 1111 1111 1111 1111 1111 1111 1111 1111 1111 1111 0011 1111# initial
00:27:40.591.848 INFO root: 1111 1111 1101 1110 1111 1111 1111 1111 1011 0111 1111 1111 1111 1111 1111 1110# after SR MC SR
00:27:40.591.848 INFO root: 1111 1001 0110 1111 0101 1111 1110 1100 0110 0010 1000 1101 0100 1110 1111 0011# after SSB
00:27:40.591.848 INFO root: 1011 0111 1101 0111 1011 0000 1011 1011 0111 0011 0111 0000 1110 1010 1101 0111# after SR MC SR
00:27:40.592.849 INFO root: 0010 0100 0000 0000 0000 0000 0001 0000 0000 0000 1000 0000 0001 0000 0000 1000# after SSB
00:27:40.593.850 INFO root: 0000 0000 0000 0000 0000 0000 0000 1101 0000 0000 0000 1101 0000 0000 0000 0000# after SR MC SR
00:27:40.593.850 INFO root: 
00:27:40.593.850 INFO root: new trail: 1101000000001100 -> 0000110111010000
00:27:40.657.914 INFO root: #trails 25 
00:27:40.657.914 INFO root: mask pair #11759 / 65025: 0001000000010111 0000101110100001anfI_max <DenseSet hash=9d59654a883c16ea n=16 wt=83 | 3:1 4:29 5:34 6:19> anfO_max <DenseSet hash=ccdfad3714fcd29f n=16 wt=81 | 3:2 4:17 5:45 6:17>
00:27:47.977.234 INFO root: solving SAT...
00:28:12.912.169 INFO root: SAT solve time: 24.934160470962524
00:28:12.912.169 INFO root: SAT_times: 15.2 - 121.1, avg 49.1 med 43.5
00:28:12.912.169 INFO root: middle division transition ~0000101100000111 -> 0000000001110111 (~6 -> 6)
00:28:12.913.170 INFO root: mid transition: 0000101100000111 0000000001110111 6 6
00:28:12.913.170 INFO root: full trace:
00:28:12.913.170 INFO root: 1111 1111 1111 1111 1111 1111 0100 1111 1111 1111 1111 1111 1111 1111 1000 1111# initial
00:28:12.914.171 INFO root: 1111 1111 1111 1101 1111 1111 1111 1111 1111 1011 1111 1001 1110 1111 0111 1111# after SR MC SR
00:28:12.914.171 INFO root: 0101 1111 1111 1111 1111 1011 1000 0000 1111 0100 0110 0100 1010 1000 1010 1000# after SSB
00:28:12.915.171 INFO root: 1110 0000 1011 1100 1011 0111 1011 1100 1101 1101 0111 0110 0111 0000 1011 0000# after SR MC SR
00:28:12.915.172 INFO root: 0000 0001 1000 0000 0000 0000 0001 0010 0010 0000 0000 0000 1000 0000 0000 0000# after SSB
00:28:12.915.172 INFO root: 0000 0000 0000 0000 0000 0000 0000 0000 0000 0000 0000 0111 0000 0000 0000 0111# after SR MC SR
00:28:12.916.172 INFO root: 
00:28:12.916.173 INFO root: new trail: 0000101100000111 -> 0000000001110111
00:28:12.956.213 INFO root: #trails 26 
00:28:12.957.214 INFO root: mask pair #15449 / 65025: 0111000100000000 1011101000000000anfI_max <DenseSet hash=008e7887ec8cffa5 n=16 wt=96 | 3:8 4:21 5:51 6:16> anfO_max <DenseSet hash=53b35de24340db18 n=16 wt=86 | 3:3 4:25 5:45 6:13>
00:28:20.070.327 INFO root: solving SAT...
00:28:56.400.657 INFO root: SAT solve time: 36.329429149627686
00:28:56.400.657 INFO root: SAT_times: 15.2 - 121.1, avg 48.6 med 42.4
00:28:56.401.658 INFO root: middle division transition ~1101000000000111 -> 1011000001110000 (~6 -> 6)
00:28:56.401.658 INFO root: mid transition: 1101000000000111 1011000001110000 6 6
00:28:56.401.658 INFO root: full trace:
00:28:56.401.658 INFO root: 1111 1111 0010 1111 1111 1111 1111 1111 1111 1111 1111 1111 1111 1111 1000 1111# initial
00:28:56.402.659 INFO root: 1111 1111 1110 1110 1111 1101 1011 1111 1111 1101 1111 1111 1111 1111 1111 0111# after SR MC SR
00:28:56.402.659 INFO root: 1111 0001 0010 1010 1111 1000 0001 0001 1111 0010 0100 1100 1111 0100 1000 1000# after SSB
00:28:56.403.660 INFO root: 0000 1101 0100 1011 1111 1100 1011 1111 0011 0000 0000 0000 0011 1101 0100 0110# after SR MC SR
00:28:56.403.660 INFO root: 0000 0100 0000 1000 1000 0000 0000 0000 0000 0000 0000 1000 1000 0000 1000 0000# after SSB
00:28:56.403.660 INFO root: 0000 0000 0000 1011 0000 0000 0000 0000 0000 0000 0000 0111 0000 0000 0000 0000# after SR MC SR
00:28:56.403.660 INFO root: 
00:28:56.404.661 INFO root: new trail: 1101000000000111 -> 1011000001110000
00:28:56.487.744 INFO root: #trails 27 
00:28:56.488.745 INFO root: mask pair #23436 / 65025: 0000000000000110 1011000010111011anfI_max <DenseSet hash=68c34902e61fdf85 n=16 wt=92 | 3:2 4:18 5:64 6:8> anfO_max <DenseSet hash=c4fad38086b75f37 n=16 wt=89 | 3:1 4:24 5:40 6:24>
00:29:05.363.620 INFO root: solving SAT...
00:29:37.106.363 INFO root: SAT solve time: 31.742137908935547
00:29:37.107.363 INFO root: SAT_times: 15.2 - 121.1, avg 48.0 med 42.4
00:29:37.107.364 INFO root: middle division transition ~0000011110110000 -> 0000110110110000 (~6 -> 6)
00:29:37.107.364 INFO root: mid transition: 0000011110110000 0000110110110000 6 6
00:29:37.108.364 INFO root: full trace:
00:29:37.108.365 INFO root: 1111 1111 1111 1111 1111 1111 1000 1111 1111 1111 0100 1111 1111 1111 1111 1111# initial
00:29:37.109.366 INFO root: 0111 1011 1111 1111 1101 1111 1111 0011 1111 1111 1111 1111 1111 1111 1110 1111# after SR MC SR
00:29:37.109.366 INFO root: 1000 0101 1111 1101 1111 1001 1101 0010 0010 0010 0100 1111 0000 1111 1111 1000# after SSB
00:29:37.110.367 INFO root: 0000 1011 0111 1111 1011 0000 1100 0000 1111 1011 1101 1101 1101 0011 0000 1101# after SR MC SR
00:29:37.110.367 INFO root: 1000 1000 0000 0000 0000 0000 0000 0000 0000 0000 0010 0100 0010 0000 0000 0100# after SSB
00:29:37.111.368 INFO root: 0000 0000 0000 0000 0000 0000 0000 1101 0000 0000 0000 1011 0000 0000 0000 0000# after SR MC SR
00:29:37.111.368 INFO root: 
00:29:37.112.369 INFO root: new trail: 0000011110110000 -> 0000110110110000
00:29:37.238.495 INFO root: #trails 28 
00:29:37.238.495 INFO root: mask pair #31901 / 65025: 0111000000010111 1010000000010001anfI_max <DenseSet hash=637f0c9624686925 n=16 wt=100 | 3:2 4:16 5:62 6:20> anfO_max <DenseSet hash=1cb7c5bc033688cb n=16 wt=97 | 3:3 4:30 5:44 6:20>
00:29:44.745.002 INFO root: solving SAT...
00:30:16.510.767 INFO root: SAT solve time: 31.763755321502686
00:30:16.510.767 INFO root: SAT_times: 15.2 - 121.1, avg 47.5 med 38.9
00:30:16.511.768 INFO root: middle division transition ~1001000011010000 -> 0000011110110000 (~5 -> 6)
00:30:16.511.768 INFO root: mid transition: 1001000011010000 0000011110110000 5 6
00:30:16.511.768 INFO root: full trace:
00:30:16.512.769 INFO root: 1111 1111 0110 1111 1111 1111 1111 1111 1111 1111 0010 1111 1111 1111 1111 1111# initial
00:30:16.512.769 INFO root: 1101 1111 1101 1111 1111 1111 1111 0111 1011 1111 1101 1111 1111 1111 1111 1111# after SR MC SR
00:30:16.513.770 INFO root: 0010 1111 0001 1111 0100 1111 0010 0001 1000 1111 0001 1111 0100 1111 0010 0010# after SSB
00:30:16.513.770 INFO root: 1110 0111 1011 0000 1100 0000 1011 0010 1011 1111 0000 1100 1101 0111 1011 0100# after SR MC SR
00:30:16.514.771 INFO root: 0100 1000 0000 0000 0000 0100 0000 0000 0000 0000 0100 1000 0001 0000 0000 0000# after SSB
00:30:16.514.771 INFO root: 0000 0000 0000 0000 0000 0000 0000 0111 0000 0000 0000 1011 0000 0000 0000 0000# after SR MC SR
00:30:16.515.772 INFO root: 
00:30:16.515.772 INFO root: new trail: 1001000011010000 -> 0000011110110000
00:30:16.660.916 INFO root: #trails 29 
00:30:16.660.917 INFO root: mask pair #42408 / 65025: 0111000000000000 1011101110100001anfI_max <DenseSet hash=8e86f97a32b682a0 n=16 wt=72 | 3:11 4:22 5:23 6:16> anfO_max <DenseSet hash=808dd2555fdb2975 n=16 wt=74 | 3:1 4:19 5:34 6:20>
00:30:24.916.173 INFO root: solving SAT...
00:30:38.777.034 INFO root: SAT solve time: 13.860761165618896
00:30:38.777.034 INFO root: SAT_times: 13.9 - 121.1, avg 46.4 med 38.9
00:30:38.778.034 INFO root: middle division transition ~0111000000000110 -> 0000110100001011 (~5 -> 6)
00:30:38.778.035 INFO root: mid transition: 0111000000000110 0000110100001011 5 6
00:30:38.778.035 INFO root: full trace:
00:30:38.778.035 INFO root: 1111 1111 1000 1111 1111 1111 1111 1111 1111 1111 1111 1111 1111 1111 1001 1111# initial
00:30:38.779.035 INFO root: 1111 1111 0111 1111 1111 1111 1011 1111 1101 0111 1111 1111 1111 1111 1111 0111# after SR MC SR
00:30:38.779.036 INFO root: 1000 1000 0000 0011 0100 1111 1011 1111 0010 0010 0100 1000 1111 1000 1111 1010# after SSB
00:30:38.779.036 INFO root: 1101 0111 0010 1100 0000 1101 1011 0111 0110 0000 0000 0111 0111 1010 1101 0000# after SR MC SR
00:30:38.780.036 INFO root: 0010 0000 0000 0000 0000 0010 0000 1101 0000 0000 0010 0000 0000 0000 0000 0000# after SSB
00:30:38.780.037 INFO root: 0000 0000 0000 0000 0000 0000 0000 1101 0000 0000 0000 0000 0000 0000 0000 1011# after SR MC SR
00:30:38.780.037 INFO root: 
00:30:38.780.037 INFO root: new trail: 0111000000000110 -> 0000110100001011
00:30:38.786.043 INFO root: #trails 30 
00:30:38.787.044 INFO root: mask pair #42920 / 65025: 0110011000000001 0000000000010000anfI_max <DenseSet hash=5dcedb7458fee61f n=16 wt=100 | 3:2 4:24 5:58 6:16> anfO_max <DenseSet hash=8055c9ac1b7851b6 n=16 wt=70 | 3:5 4:14 5:32 6:19>
00:30:46.166.423 INFO root: solving SAT...
00:31:13.088.345 INFO root: SAT solve time: 26.921640872955322
00:31:13.089.346 INFO root: SAT_times: 13.9 - 121.1, avg 45.7 med 37.2
00:31:13.089.346 INFO root: middle division transition ~0000101100001011 -> 0000110100001011 (~6 -> 6)
00:31:13.089.346 INFO root: mid transition: 0000101100001011 0000110100001011 6 6
00:31:13.090.347 INFO root: full trace:
00:31:13.090.347 INFO root: 1111 1111 1111 1111 1111 1111 0100 1111 1111 1111 1111 1111 1111 1111 0100 1111# initial
00:31:13.091.348 INFO root: 1111 1011 1111 0111 1111 1111 1101 1111 1111 1111 1111 1011 1101 1111 1101 1111# after SR MC SR
00:31:13.091.348 INFO root: 1100 1101 0001 1111 1110 1111 1000 0000 1111 1000 1000 1110 0111 1111 0001 1001# after SSB
00:31:13.092.349 INFO root: 1011 1110 1111 1101 1100 1110 1011 1101 0101 1101 0000 1010 0000 1011 0111 0000# after SR MC SR
00:31:13.092.349 INFO root: 0010 0000 0100 0000 0000 0100 0000 1000 0000 0000 0100 0000 0000 0010 0000 0000# after SSB
00:31:13.093.350 INFO root: 0000 0000 0000 0000 0000 0000 0000 1101 0000 0000 0000 0000 0000 0000 0000 1011# after SR MC SR
00:31:13.093.350 INFO root: 
00:31:13.094.350 INFO root: new trail: 0000101100001011 -> 0000110100001011
00:31:13.144.401 INFO root: #trails 31 
00:31:13.145.402 INFO root: mask pair #46108 / 65025: 0000011000010000 1010000000000000anfI_max <DenseSet hash=f4f5568bec550dca n=16 wt=107 | 3:4 4:18 5:66 6:19> anfO_max <DenseSet hash=4d700f45c27717be n=16 wt=76 | 3:9 4:32 5:27 6:8>
00:31:25.228.485 INFO root: solving SAT...
00:32:01.373.630 INFO root: SAT solve time: 36.14444875717163
00:32:01.373.630 INFO root: SAT_times: 13.9 - 121.1, avg 45.4 med 37.2
00:32:01.374.631 INFO root: middle division transition ~0111101100000000 -> 1011100100000000 (~6 -> 5)
00:32:01.374.631 INFO root: mid transition: 0111101100000000 1011100100000000 6 5
00:32:01.374.631 INFO root: full trace:
00:32:01.375.632 INFO root: 1111 1111 1000 1111 1111 1111 0100 1111 1111 1111 1111 1111 1111 1111 1111 1111# initial
00:32:01.376.633 INFO root: 1111 1011 1111 1111 1111 0111 1111 1111 1110 1111 1111 1011 1111 1111 1101 0111# after SR MC SR
00:32:01.376.633 INFO root: 1111 0011 0100 1111 1111 0010 0101 0010 0010 0100 0101 1000 1110 0100 1111 0000# after SSB
00:32:01.377.634 INFO root: 0000 1010 1001 1101 0111 0000 1011 0111 1001 1011 1100 1011 1111 0011 0000 0000# after SR MC SR
00:32:01.378.634 INFO root: 1000 0000 0000 1000 1000 0100 0000 0000 0000 0000 0000 0000 0000 0000 1000 0000# after SSB
00:32:01.378.635 INFO root: 0000 0000 0000 1011 0000 0000 0000 1001 0000 0000 0000 0000 0000 0000 0000 0000# after SR MC SR
00:32:01.378.635 INFO root: 
00:32:01.379.636 INFO root: new trail: 0111101100000000 -> 1011100100000000
00:32:01.556.813 INFO root: #trails 32 
00:32:01.556.813 INFO root: mask pair #57929 / 65025: 0000011000010111 1011101010110000anfI_max <DenseSet hash=7f5678126b14c046 n=16 wt=99 | 3:1 4:11 5:64 6:23> anfO_max <DenseSet hash=9183080537a467e9 n=16 wt=80 | 3:4 4:17 5:42 6:17>
00:32:10.829.086 INFO root: solving SAT...
00:34:06.673.930 INFO root: SAT solve time: 115.84394907951355
00:34:06.674.931 INFO root: SAT_times: 13.9 - 121.1, avg 47.6 med 37.2
00:34:06.674.931 INFO root: middle division transition ~0011110100000000 -> 0000000001111011 (~5 -> 6)
00:34:06.675.932 INFO root: mid transition: 0011110100000000 0000000001111011 5 6
00:34:06.675.932 INFO root: full trace:
00:34:06.676.932 INFO root: 1111 1111 1100 1111 1111 1111 0010 1111 1111 1111 1111 1111 1111 1111 1111 1111# initial
00:34:06.676.933 INFO root: 1111 0111 1111 1111 1111 1111 1111 1111 1011 1111 1111 1011 1111 1111 1110 1011# after SR MC SR
00:34:06.677.934 INFO root: 1111 1111 1000 0100 0110 0100 1111 0100 1101 1001 1111 0001 1111 1000 1111 0001# after SSB
00:34:06.677.934 INFO root: 1101 1101 1101 0000 1111 0000 0111 1111 0000 1011 0000 1101 1101 0111 1011 0111# after SR MC SR
00:34:06.678.935 INFO root: 0000 1000 1000 0000 0000 0000 0000 0100 1000 0000 0000 0100 0100 0000 0000 0000# after SSB
00:34:06.678.935 INFO root: 0000 0000 0000 0000 0000 0000 0000 0000 0000 0000 0000 0111 0000 0000 0000 1011# after SR MC SR
00:34:06.679.935 INFO root: 
00:34:06.679.936 INFO root: new trail: 0011110100000000 -> 0000000001111011
00:34:06.791.047 INFO root: 
00:34:06.791.048 INFO root: final SAT_times: 13.9 - 121.1, avg 47.6 med 37.2
00:34:06.791.048 INFO root: SAT_times all [13.860761165618896, 15.242432594299316, 23.477371215820312, 24.926897048950195, 24.934160470962524, 26.921640872955322, 29.453615188598633, 31.742137908935547, 31.763755321502686, 32.285706758499146, 32.50390553474426, 32.75085949897766, 33.52705645561218, 36.14444875717163, 36.18483233451843, 36.329429149627686, 37.16943430900574, 38.923678159713745, 42.40215063095093, 43.50027418136597, 44.05069351196289, 44.174962282180786, 46.26181769371033, 48.03308939933777, 48.37796664237976, 48.81846380233765, 50.75194716453552, 58.901395320892334, 95.37421250343323, 104.1739456653595, 115.84394907951355, 119.54274225234985, 121.11877870559692]
00:34:06.792.048 INFO root: Trails:
00:34:06.792.049 INFO root: trail ~1101000001110000 -> 0111000000001101: 1111111100101111111111111111111111111111100011111111111111111111 1101111111111111111110111111111111111111111011111111110111111100 0101000111110011111110001111000101000001011011111000001001001111 1101011110101011000011100000000000011001101111011101111011111000 0000000000101000000000000000000000100010000000000000001010000000 0000000000000111000000000000000000000000000000000000000000001101
00:34:06.793.050 INFO root: trail ~0111000000000111 -> 1101011100000000: 1111111110001111111111111111111111111111111111111111111110001111 1111111111111101111111101011111110110111111111111111111111110111 0110001011111000011111111000001111110001010000001101110001001111 1101100111111111000010110000010111010000110100000101011110110110 0000000000000100100000100000000000000000001000000000000000100100 0000000000001101000000000000011100000000000000000000000000000000
00:34:06.793.050 INFO root: trail ~0000000010111011 -> 1011000000000111: 1111111111111111111111111111111111111111010011111111111101001111 1111111111111011111111111111111011111011101111111101110111111111 1011111111110100001001111000011010010000110110001111010000100001 1011111100000000110110110000111101110000000001111101011100001101 0000000000000100000100000000100010000100000000000000100000000000 0000000000001011000000000000000000000000000000000000000000000111
00:34:06.794.051 INFO root: trail ~0000101101110000 -> 0000110100000111: 1111111111111111111111110100111111111111100011111111111111111111 1110011111111111111111111111101111111111111110111111101101111111 1111111111000001111100011000010001001111111101010101000000111000 1011101101111101000101000111011100000110010100111101010111100000 0000000000100000000001000000000010000000001000000000100000000010 0000000000000000000000000000110100000000000000000000000000000111
00:34:06.794.051 INFO root: trail ~1011000000001011 -> 1011000000000111: 1111111101001111111111111111111111111111111111111111111101001111 1111111111111111111101111110111110111011111111111011111111110111 1000010001000101000001001111100000110000011111111111111111111101 0110011111101101111111000111000000000000111010110000110111011101 0000000010000000000100000000001000101000000000000000000001000000 0000000000001011000000000000000000000000000000000000000000000111
00:34:06.795.052 INFO root: trail ~1101000011010000 -> 0000000001110111: 1111111100101111111111111111111111111111001011111111111111111111 1111111111111111111110111111110111011111101111111111110111110111 0001111001010100001000000011001011111111111101101111010000100010 1000110111000000011101100000010100001011101111011111000010101111 0000000000000000000000000100100000100000000010001000010000000000 0000000000000000000000000000000000000000000001110000000000000111
00:34:06.796.053 INFO root: trail ~0111000000000111 -> 0111000000000110: 1111111110001111111111111111111111111111111111111111111110001111 1111111101111111111111110111111111011011111111111101111111110111 0001010011110101100010000000010111101111110000100100111101001111 1011000010110011000011110000000011010111011100001011010110111101 0000000010000001001000000000000000001000000000000000100000000000 0000000000000111000000000000000000000000000000000000000000000110
00:34:06.796.053 INFO root: trail ~0101000010110000 -> 0111000000001011: 1111111110101111111111111111111111111111010011111111111111111111 1011111111111111111110111111111111111111011111111111101111111011 1100000110000100111111111111010010001111001011110110000010000010 1101011100001001110101111111101000000001000001111101111001010000 0000000000011000000000000000000000101000000000000000001000100000 0000000000000111000000000000000000000000000000000000000000001011
00:34:06.797.054 INFO root: trail ~1101000000001011 -> 1101000000001101: 1111111100101111111111111111111111111111111111111111111101001111 1111111101110111111110111101111111011110111111111111111111111111 1010001011110101100010000001100111110001111111110010010000000010 1001110111111000100111000000100111100000101100001011001011000101 0000000001000000100000000000001010001000000000000000000000100000 0000000000001101000000000000000000000000000000000000000000001101
00:34:06.798.055 INFO root: trail ~0111110100000000 -> 0111000010100000: 1111111110001111111111110010111111111111111111111111111111111111 1111101111111111111101111111111111011111111110111111111111010111 0001000110000101111100101011000001000100111100101111100010011111 1111011100000100000000001010101001110111110010111011011010110000 0000000000001000010000001000000000001000000000000100000000000000 0000000000000111000000000000000000000000000010100000000000000000
00:34:06.798.055 INFO root: trail ~1011000000001011 -> 1100000011010000: 1111111101001111111111111111111111111111111111111111111101001111 1111111101110111111111111111111111011101111111111101111111111101 0010101011111111000111001111001000010100110110000100111110100000 1100101110000000110101111100110101111101001010101101000000001101 0000010000000000010000000000000000000000000000100010000001000000 0000000000001100000000000000000000000000000011010000000000000000
00:34:06.799.056 INFO root: trail ~0000000011011101 -> 0000000001111101: 1111111111111111111111111111111111111111001011111111111100101111 1101111111111101111111110111111111111101011111111111011111111111 0010111111111111111100010010000101001111100011110100000000001000 0000000111011011110100001011001000000111011110111101000011010111 0000000010000000000000001000001000000000000000011000010000000000 0000000000000000000000000000000000000000000001110000000000001101
00:34:06.800.057 INFO root: trail ~0000110101110000 -> 0000011101110000: 1111111111111111111111110010111111111111100011111111111111111111 0111011111111111111111111111110111111111111110111111111011101111 1111001100111111010001011111100010100100111110000011001000100000 1110000000000010111010000100111010111011110111100011000110111001 1000000000000000000010001000000000000000000000100100000000000100 0000000000000000000000000000011100000000000001110000000000000000
00:34:06.800.057 INFO root: trail ~0000101100001101 -> 1101110100000000: 1111111111111111111111110100111111111111111111111111111100101111 1111011111111011101111111110111111110111111111111111111101111111 0010000001000010001000100100111111111000100001000010111101000100 0001000010111011000011010000000001110001101100000000000011011111 0001000000001100000000100000000000000000000000000000000001001000 0000000000001101000000000000110100000000000000000000000000000000
00:34:06.801.058 INFO root: trail ~1011000000000111 -> 0111000010110000: 1111111101001111111111111111111111111111111111111111111110001111 1111111111111110111101110011111110111111111111111111111111111011 0100111101001111010010000010001001000100010000001111010011111111 0111110100000000111001011111000001101011000100001110011110110000 0000010000000000001000000010000000001000000000000100000000100000 0000000000000111000000000000000000000000000010110000000000000000
00:34:06.802.059 INFO root: trail ~0110000010110000 -> 1011011100000000: 1111111110011111111111111111111111111111010011111111111111111111 1101111111111111111110111111111111111111101111111111101111111011 1000111100101110111100000100100100011000111111111111101000111111 1011101100001101111101111011011110111111110110110000000011010000 1000000000000000001001000000000000000100000000000000000010001000 0000000000001011000000000000011100000000000000000000000000000000
00:34:06.802.059 INFO root: trail ~0000101101110000 -> 0101000011010000: 1111111111111111111111110100111111111111100011111111111111111111 1111011111111111101111111111111011111111110111111111101110111111 0011010011111111111110001001100000100010010011111100001000001111 1010111000111101000001000000000011001110110101111011110110110101 0000001000000100000000001000000000000010000000001000000000000000 0000000000000101000000000000000000000000000011010000000000000000
00:34:06.803.060 INFO root: trail ~0000000000110111 -> 0000011100001011: 1111111111111111111111111111111111111111110011111111111110001111 1101111111111101111111110111111111111111011111110111111111111111 1000111111111111010011110100001000011111000001110001111111011101 1010110111011101000001111110110100111011110101111011000011011001 0010000010000000000000000000000100000000001000000000010000000001 0000000000000000000000000000011100000000000000000000000000001011
00:34:06.804.061 INFO root: trail ~0000101100001011 -> 1101000000000110: 1111111111111111111111110100111111111111111111111111111101001111 1111111111110111011111111110111111111101111101111111111110111111 1111111100110110010010101101111110001000001000000011010000010010 0111101100000000000010110100110011101000011110111101000011010011 0000000010000100100000000000000000100010000000000000000000000000 0000000000001101000000000000000000000000000000000000000000000110
00:34:06.804.061 INFO root: trail ~1101000001110000 -> 0000110000000111: 1111111100101111111111111111111111111111100011111111111111111111 1011111101111111111111101111110111011111111111111111101111111111 0000010000110110100110000010111111111011010001000110010111110010 0000110001111011100010110111000010111110000000111010111000001101 1000000000010000000001000000100000000000000000000000001000000000 0000000000000000000000000000110000000000000000000000000000000111
00:34:06.805.062 INFO root: trail ~0000000011011011 -> 1101101100000000: 1111111111111111111111111111111111111111001011111111111101001111 1111111111110111111111111101011111111111011111111110110111111111 0010010010001000100011001111001011111111000011111111011010000000 0000111111010000101110101100110100001011000011110011000001011011 0010000000000010000010000000000000001000000000000000000000100010 0000000000001101000000000000101100000000000000000000000000000000
00:34:06.805.062 INFO root: trail ~0000010100000111 -> 0111000000000111: 1111111111111111111111111010111111111111111111111111111110001111 1111011111110111101111111101111111110111111111111111111111111111 1000111111110010111110000010111100110100010001001000000010001000 1011111001111111101111000000000011000000001000001101000000011110 0000000000001000000100000000100001000000000000000000001000100000 0000000000000111000000000000000000000000000000000000000000000111
00:34:06.806.063 INFO root: trail ~0000101110110000 -> 0000000010111101: 1111111111111111111111110100111111111111010011111111111111111111 1111111111111111101111111111101111111111011110111111101101111111 1000001000101111100100101111110111110111010000101001111100000000 0000110111111011101111011110000011101011000011000000011100001001 0000000101000000000000001000000001000000000000100000100000000000 0000000000000000000000000000000000000000000010110000000000001101
00:34:06.807.064 INFO root: trail ~0000011100001010 -> 0111110100000000: 1111111111111111111111111000111111111111111111111111111101011111 1111101111110111110111111111111111111111111111111101111101111111 1001010111111111100100110001010000001111111101001111010001001000 0000110100000111100100000111011001111100111100001101011110110111 1000000000000000000000000000000000000010001000000000000010011000 0000000000000111000000000000110100000000000000000000000000000000
00:34:06.808.064 INFO root: trail ~1101000000001100 -> 0000110111010000: 1111111100101111111111111111111111111111111111111111111100111111 1111111111011110111111111111111110110111111111111111111111111110 1111100101101111010111111110110001100010100011010100111011110011 1011011111010111101100001011101101110011011100001110101011010111 0010010000000000000000000001000000000000100000000001000000001000 0000000000000000000000000000110100000000000011010000000000000000
00:34:06.808.065 INFO root: trail ~0000101100000111 -> 0000000001110111: 1111111111111111111111110100111111111111111111111111111110001111 1111111111111101111111111111111111111011111110011110111101111111 0101111111111111111110111000000011110100011001001010100010101000 1110000010111100101101111011110011011101011101100111000010110000 0000000110000000000000000001001000100000000000001000000000000000 0000000000000000000000000000000000000000000001110000000000000111
00:34:06.809.066 INFO root: trail ~1101000000000111 -> 1011000001110000: 1111111100101111111111111111111111111111111111111111111110001111 1111111111101110111111011011111111111101111111111111111111110111 1111000100101010111110000001000111110010010011001111010010001000 0000110101001011111111001011111100110000000000000011110101000110 0000010000001000100000000000000000000000000010001000000010000000 0000000000001011000000000000000000000000000001110000000000000000
00:34:06.809.066 INFO root: trail ~0000011110110000 -> 0000110110110000: 1111111111111111111111111000111111111111010011111111111111111111 0111101111111111110111111111001111111111111111111111111111101111 1000010111111101111110011101001000100010010011110000111111111000 0000101101111111101100001100000011111011110111011101001100001101 1000100000000000000000000000000000000000001001000010000000000100 0000000000000000000000000000110100000000000010110000000000000000
00:34:06.810.067 INFO root: trail ~1001000011010000 -> 0000011110110000: 1111111101101111111111111111111111111111001011111111111111111111 1101111111011111111111111111011110111111110111111111111111111111 0010111100011111010011110010000110001111000111110100111100100010 1110011110110000110000001011001010111111000011001101011110110100 0100100000000000000001000000000000000000010010000001000000000000 0000000000000000000000000000011100000000000010110000000000000000
00:34:06.811.068 INFO root: trail ~0111000000000110 -> 0000110100001011: 1111111110001111111111111111111111111111111111111111111110011111 1111111101111111111111111011111111010111111111111111111111110111 1000100000000011010011111011111100100010010010001111100011111010 1101011100101100000011011011011101100000000001110111101011010000 0010000000000000000000100000110100000000001000000000000000000000 0000000000000000000000000000110100000000000000000000000000001011
00:34:06.811.068 INFO root: trail ~0000101100001011 -> 0000110100001011: 1111111111111111111111110100111111111111111111111111111101001111 1111101111110111111111111101111111111111111110111101111111011111 1100110100011111111011111000000011111000100011100111111100011001 1011111011111101110011101011110101011101000010100000101101110000 0010000001000000000001000000100000000000010000000000001000000000 0000000000000000000000000000110100000000000000000000000000001011
00:34:06.812.069 INFO root: trail ~0111101100000000 -> 1011100100000000: 1111111110001111111111110100111111111111111111111111111111111111 1111101111111111111101111111111111101111111110111111111111010111 1111001101001111111100100101001000100100010110001110010011110000 0000101010011101011100001011011110011011110010111111001100000000 1000000000001000100001000000000000000000000000000000000010000000 0000000000001011000000000000100100000000000000000000000000000000
00:34:06.812.069 INFO root: trail ~0011110100000000 -> 0000000001111011: 1111111111001111111111110010111111111111111111111111111111111111 1111011111111111111111111111111110111111111110111111111111101011 1111111110000100011001001111010011011001111100011111100011110001 1101110111010000111100000111111100001011000011011101011110110111 0000100010000000000000000000010010000000000001000100000000000000 0000000000000000000000000000000000000000000001110000000000001011
00:34:06.813.070 INFO root: 
00:34:06.813.070 INFO root: Greedy:
00:34:06.839.096 INFO root: greedy iter, tocover 65025
00:34:24.774.031 INFO root: trail (Bin(0b0011110100000000, n=16), Bin(0b0000000001111011, n=16)) cnt 28672
00:34:24.950.207 INFO root: -----
00:34:24.950.207 INFO root: greedy iter, tocover 36353
00:34:27.969.226 INFO root: trail (Bin(0b0000000000110111, n=16), Bin(0b0000011100001011, n=16)) cnt 16128
00:34:28.062.319 INFO root: -----
00:34:28.063.320 INFO root: greedy iter, tocover 20225
00:34:29.725.982 INFO root: trail (Bin(0b1001000011010000, n=16), Bin(0b0000011110110000, n=16)) cnt 8896
00:34:29.781.038 INFO root: -----
00:34:29.781.038 INFO root: greedy iter, tocover 11329
00:34:30.751.008 INFO root: trail (Bin(0b0111101100000000, n=16), Bin(0b1011100100000000, n=16)) cnt 4440
00:34:30.783.039 INFO root: -----
00:34:30.783.040 INFO root: greedy iter, tocover 6889
00:34:31.365.622 INFO root: trail (Bin(0b0000010100000111, n=16), Bin(0b0111000000000111, n=16)) cnt 2748
00:34:31.384.641 INFO root: -----
00:34:31.385.642 INFO root: greedy iter, tocover 4141
00:34:31.746.003 INFO root: trail (Bin(0b1101000000001100, n=16), Bin(0b0000110111010000, n=16)) cnt 1694
00:34:31.757.014 INFO root: -----
00:34:31.758.015 INFO root: greedy iter, tocover 2447
00:34:31.970.227 INFO root: trail (Bin(0b0101000010110000, n=16), Bin(0b0111000000001011, n=16)) cnt 1040
00:34:31.977.233 INFO root: -----
00:34:31.977.234 INFO root: greedy iter, tocover 1407
00:34:32.095.352 INFO root: trail (Bin(0b0000101100001011, n=16), Bin(0b1101000000000110, n=16)) cnt 625
00:34:32.099.356 INFO root: -----
00:34:32.099.356 INFO root: greedy iter, tocover 782
00:34:32.166.423 INFO root: trail (Bin(0b1101000001110000, n=16), Bin(0b0000110000000111, n=16)) cnt 303
00:34:32.169.426 INFO root: -----
00:34:32.169.426 INFO root: greedy iter, tocover 479
00:34:32.212.469 INFO root: trail (Bin(0b0110000010110000, n=16), Bin(0b1011011100000000, n=16)) cnt 178
00:34:32.213.470 INFO root: -----
00:34:32.214.471 INFO root: greedy iter, tocover 301
00:34:32.241.498 INFO root: trail (Bin(0b0000101101110000, n=16), Bin(0b0101000011010000, n=16)) cnt 105
00:34:32.242.499 INFO root: -----
00:34:32.242.499 INFO root: greedy iter, tocover 196
00:34:32.260.517 INFO root: trail (Bin(0b0000011100001010, n=16), Bin(0b0111110100000000, n=16)) cnt 68
00:34:32.261.518 INFO root: -----
00:34:32.262.519 INFO root: greedy iter, tocover 128
00:34:32.273.530 INFO root: trail (Bin(0b0000000010111011, n=16), Bin(0b1011000000000111, n=16)) cnt 41
00:34:32.273.530 INFO root: -----
00:34:32.274.531 INFO root: greedy iter, tocover 87
00:34:32.281.538 INFO root: trail (Bin(0b0111000000000110, n=16), Bin(0b0000110100001011, n=16)) cnt 28
00:34:32.282.539 INFO root: -----
00:34:32.282.539 INFO root: greedy iter, tocover 59
00:34:32.287.544 INFO root: trail (Bin(0b0000101100000111, n=16), Bin(0b0000000001110111, n=16)) cnt 19
00:34:32.288.545 INFO root: -----
00:34:32.288.545 INFO root: greedy iter, tocover 40
00:34:32.292.549 INFO root: trail (Bin(0b1011000000000111, n=16), Bin(0b0111000010110000, n=16)) cnt 13
00:34:32.292.549 INFO root: -----
00:34:32.292.549 INFO root: greedy iter, tocover 27
00:34:32.295.552 INFO root: trail (Bin(0b0000110101110000, n=16), Bin(0b0000011101110000, n=16)) cnt 10
00:34:32.296.553 INFO root: -----
00:34:32.296.553 INFO root: greedy iter, tocover 17
00:34:32.298.555 INFO root: trail (Bin(0b0000101110110000, n=16), Bin(0b0000000010111101, n=16)) cnt 5
00:34:32.298.555 INFO root: -----
00:34:32.298.555 INFO root: greedy iter, tocover 12
00:34:32.300.557 INFO root: trail (Bin(0b0000000011011101, n=16), Bin(0b0000000001111101, n=16)) cnt 4
00:34:32.300.557 INFO root: -----
00:34:32.300.557 INFO root: greedy iter, tocover 8
00:34:32.302.558 INFO root: trail (Bin(0b0000000011011011, n=16), Bin(0b1101101100000000, n=16)) cnt 3
00:34:32.302.559 INFO root: -----
00:34:32.302.559 INFO root: greedy iter, tocover 5
00:34:32.303.560 INFO root: trail (Bin(0b1011000000001011, n=16), Bin(0b1100000011010000, n=16)) cnt 2
00:34:32.303.560 INFO root: -----
00:34:32.304.561 INFO root: greedy iter, tocover 3
00:34:32.304.561 INFO root: trail (Bin(0b0000101100001011, n=16), Bin(0b0000110100001011, n=16)) cnt 1
00:34:32.305.562 INFO root: -----
00:34:32.305.562 INFO root: greedy iter, tocover 2
00:34:32.305.562 INFO root: trail (Bin(0b1101000000000111, n=16), Bin(0b1011000001110000, n=16)) cnt 1
00:34:32.306.563 INFO root: -----
00:34:32.306.563 INFO root: greedy iter, tocover 1
00:34:32.306.563 INFO root: trail (Bin(0b0111000000000111, n=16), Bin(0b0111000000000110, n=16)) cnt 1
00:34:32.307.564 INFO root: -----
00:34:32.307.564 INFO root: chosen trails: 24
00:34:32.308.565 INFO root: trail ~0011110100000000 -> 0000000001111011: 1111111111001111111111110010111111111111111111111111111111111111 1111011111111111111111111111111110111111111110111111111111101011 1111111110000100011001001111010011011001111100011111100011110001 1101110111010000111100000111111100001011000011011101011110110111 0000100010000000000000000000010010000000000001000100000000000000 0000000000000000000000000000000000000000000001110000000000001011
00:34:32.309.566 INFO root: trail ~0000000000110111 -> 0000011100001011: 1111111111111111111111111111111111111111110011111111111110001111 1101111111111101111111110111111111111111011111110111111111111111 1000111111111111010011110100001000011111000001110001111111011101 1010110111011101000001111110110100111011110101111011000011011001 0010000010000000000000000000000100000000001000000000010000000001 0000000000000000000000000000011100000000000000000000000000001011
00:34:32.310.567 INFO root: trail ~1001000011010000 -> 0000011110110000: 1111111101101111111111111111111111111111001011111111111111111111 1101111111011111111111111111011110111111110111111111111111111111 0010111100011111010011110010000110001111000111110100111100100010 1110011110110000110000001011001010111111000011001101011110110100 0100100000000000000001000000000000000000010010000001000000000000 0000000000000000000000000000011100000000000010110000000000000000
00:34:32.311.568 INFO root: trail ~0111101100000000 -> 1011100100000000: 1111111110001111111111110100111111111111111111111111111111111111 1111101111111111111101111111111111101111111110111111111111010111 1111001101001111111100100101001000100100010110001110010011110000 0000101010011101011100001011011110011011110010111111001100000000 1000000000001000100001000000000000000000000000000000000010000000 0000000000001011000000000000100100000000000000000000000000000000
00:34:32.313.570 INFO root: trail ~0000010100000111 -> 0111000000000111: 1111111111111111111111111010111111111111111111111111111110001111 1111011111110111101111111101111111110111111111111111111111111111 1000111111110010111110000010111100110100010001001000000010001000 1011111001111111101111000000000011000000001000001101000000011110 0000000000001000000100000000100001000000000000000000001000100000 0000000000000111000000000000000000000000000000000000000000000111
00:34:32.314.571 INFO root: trail ~1101000000001100 -> 0000110111010000: 1111111100101111111111111111111111111111111111111111111100111111 1111111111011110111111111111111110110111111111111111111111111110 1111100101101111010111111110110001100010100011010100111011110011 1011011111010111101100001011101101110011011100001110101011010111 0010010000000000000000000001000000000000100000000001000000001000 0000000000000000000000000000110100000000000011010000000000000000
00:34:32.315.572 INFO root: trail ~0101000010110000 -> 0111000000001011: 1111111110101111111111111111111111111111010011111111111111111111 1011111111111111111110111111111111111111011111111111101111111011 1100000110000100111111111111010010001111001011110110000010000010 1101011100001001110101111111101000000001000001111101111001010000 0000000000011000000000000000000000101000000000000000001000100000 0000000000000111000000000000000000000000000000000000000000001011
00:34:32.316.573 INFO root: trail ~0000101100001011 -> 1101000000000110: 1111111111111111111111110100111111111111111111111111111101001111 1111111111110111011111111110111111111101111101111111111110111111 1111111100110110010010101101111110001000001000000011010000010010 0111101100000000000010110100110011101000011110111101000011010011 0000000010000100100000000000000000100010000000000000000000000000 0000000000001101000000000000000000000000000000000000000000000110
00:34:32.317.574 INFO root: trail ~1101000001110000 -> 0000110000000111: 1111111100101111111111111111111111111111100011111111111111111111 1011111101111111111111101111110111011111111111111111101111111111 0000010000110110100110000010111111111011010001000110010111110010 0000110001111011100010110111000010111110000000111010111000001101 1000000000010000000001000000100000000000000000000000001000000000 0000000000000000000000000000110000000000000000000000000000000111
00:34:32.319.576 INFO root: trail ~0110000010110000 -> 1011011100000000: 1111111110011111111111111111111111111111010011111111111111111111 1101111111111111111110111111111111111111101111111111101111111011 1000111100101110111100000100100100011000111111111111101000111111 1011101100001101111101111011011110111111110110110000000011010000 1000000000000000001001000000000000000100000000000000000010001000 0000000000001011000000000000011100000000000000000000000000000000
00:34:32.320.577 INFO root: trail ~0000101101110000 -> 0101000011010000: 1111111111111111111111110100111111111111100011111111111111111111 1111011111111111101111111111111011111111110111111111101110111111 0011010011111111111110001001100000100010010011111100001000001111 1010111000111101000001000000000011001110110101111011110110110101 0000001000000100000000001000000000000010000000001000000000000000 0000000000000101000000000000000000000000000011010000000000000000
00:34:32.321.578 INFO root: trail ~0000011100001010 -> 0111110100000000: 1111111111111111111111111000111111111111111111111111111101011111 1111101111110111110111111111111111111111111111111101111101111111 1001010111111111100100110001010000001111111101001111010001001000 0000110100000111100100000111011001111100111100001101011110110111 1000000000000000000000000000000000000010001000000000000010011000 0000000000000111000000000000110100000000000000000000000000000000
00:34:32.322.579 INFO root: trail ~0000000010111011 -> 1011000000000111: 1111111111111111111111111111111111111111010011111111111101001111 1111111111111011111111111111111011111011101111111101110111111111 1011111111110100001001111000011010010000110110001111010000100001 1011111100000000110110110000111101110000000001111101011100001101 0000000000000100000100000000100010000100000000000000100000000000 0000000000001011000000000000000000000000000000000000000000000111
00:34:32.323.580 INFO root: trail ~0111000000000110 -> 0000110100001011: 1111111110001111111111111111111111111111111111111111111110011111 1111111101111111111111111011111111010111111111111111111111110111 1000100000000011010011111011111100100010010010001111100011111010 1101011100101100000011011011011101100000000001110111101011010000 0010000000000000000000100000110100000000001000000000000000000000 0000000000000000000000000000110100000000000000000000000000001011
00:34:32.325.581 INFO root: trail ~0000101100000111 -> 0000000001110111: 1111111111111111111111110100111111111111111111111111111110001111 1111111111111101111111111111111111111011111110011110111101111111 0101111111111111111110111000000011110100011001001010100010101000 1110000010111100101101111011110011011101011101100111000010110000 0000000110000000000000000001001000100000000000001000000000000000 0000000000000000000000000000000000000000000001110000000000000111
00:34:32.326.583 INFO root: trail ~1011000000000111 -> 0111000010110000: 1111111101001111111111111111111111111111111111111111111110001111 1111111111111110111101110011111110111111111111111111111111111011 0100111101001111010010000010001001000100010000001111010011111111 0111110100000000111001011111000001101011000100001110011110110000 0000010000000000001000000010000000001000000000000100000000100000 0000000000000111000000000000000000000000000010110000000000000000
00:34:32.327.584 INFO root: trail ~0000110101110000 -> 0000011101110000: 1111111111111111111111110010111111111111100011111111111111111111 0111011111111111111111111111110111111111111110111111111011101111 1111001100111111010001011111100010100100111110000011001000100000 1110000000000010111010000100111010111011110111100011000110111001 1000000000000000000010001000000000000000000000100100000000000100 0000000000000000000000000000011100000000000001110000000000000000
00:34:32.328.585 INFO root: trail ~0000101110110000 -> 0000000010111101: 1111111111111111111111110100111111111111010011111111111111111111 1111111111111111101111111111101111111111011110111111101101111111 1000001000101111100100101111110111110111010000101001111100000000 0000110111111011101111011110000011101011000011000000011100001001 0000000101000000000000001000000001000000000000100000100000000000 0000000000000000000000000000000000000000000010110000000000001101
00:34:32.330.587 INFO root: trail ~0000000011011101 -> 0000000001111101: 1111111111111111111111111111111111111111001011111111111100101111 1101111111111101111111110111111111111101011111111111011111111111 0010111111111111111100010010000101001111100011110100000000001000 0000000111011011110100001011001000000111011110111101000011010111 0000000010000000000000001000001000000000000000011000010000000000 0000000000000000000000000000000000000000000001110000000000001101
00:34:32.331.588 INFO root: trail ~0000000011011011 -> 1101101100000000: 1111111111111111111111111111111111111111001011111111111101001111 1111111111110111111111111101011111111111011111111110110111111111 0010010010001000100011001111001011111111000011111111011010000000 0000111111010000101110101100110100001011000011110011000001011011 0010000000000010000010000000000000001000000000000000000000100010 0000000000001101000000000000101100000000000000000000000000000000
00:34:32.333.590 INFO root: trail ~1011000000001011 -> 1100000011010000: 1111111101001111111111111111111111111111111111111111111101001111 1111111101110111111111111111111111011101111111111101111111111101 0010101011111111000111001111001000010100110110000100111110100000 1100101110000000110101111100110101111101001010101101000000001101 0000010000000000010000000000000000000000000000100010000001000000 0000000000001100000000000000000000000000000011010000000000000000
00:34:32.334.591 INFO root: trail ~0000101100001011 -> 0000110100001011: 1111111111111111111111110100111111111111111111111111111101001111 1111101111110111111111111101111111111111111110111101111111011111 1100110100011111111011111000000011111000100011100111111100011001 1011111011111101110011101011110101011101000010100000101101110000 0010000001000000000001000000100000000000010000000000001000000000 0000000000000000000000000000110100000000000000000000000000001011
00:34:32.335.592 INFO root: trail ~1101000000000111 -> 1011000001110000: 1111111100101111111111111111111111111111111111111111111110001111 1111111111101110111111011011111111111101111111111111111111110111 1111000100101010111110000001000111110010010011001111010010001000 0000110101001011111111001011111100110000000000000011110101000110 0000010000001000100000000000000000000000000010001000000010000000 0000000000001011000000000000000000000000000001110000000000000000
00:34:32.336.593 INFO root: trail ~0111000000000111 -> 0111000000000110: 1111111110001111111111111111111111111111111111111111111110001111 1111111101111111111111110111111111011011111111111101111111110111 0001010011110101100010000000010111101111110000100100111101001111 1011000010110011000011110000000011010111011100001011010110111101 0000000010000001001000000000000000001000000000000000100000000000 0000000000000111000000000000000000000000000000000000000000000110
00:34:32.337.594 INFO root: end
