00:00:05.555.837 INFO root: starting at 2021-09-13.18:47:52
00:00:05.555.838 INFO root: I = 3 J = 0:
00:00:05.557.839 INFO root: ~0000101100000011 -> 0000101010110000:
00:00:05.557.839 INFO root:    1111111111111111111111111111010011111111111111111111111111111100
00:00:05.557.839 INFO root:    1111111110111111111110111111101110111111110111111111111111111111
00:00:05.558.840 INFO root:    0010001000100010111100101111100010001111100000110010011000001111
00:00:05.558.840 INFO root:    1011101100000000000000000111011101101110001011111101000010000111
00:00:05.558.840 INFO root:    0000010000100000000000000000010000100000000010000000000000000000
00:00:05.559.841 INFO root:    0000000000000000101000000000000010110000000000000000000000000000
00:00:08.012.294 INFO root: load .cache/SboxDivision.full_dppt.self_sbox0F7EC76E48F1C66A.args_068BA53CAF4BB89BC84341E5E0A9E860E078799A9E9F3CD8F2B19C3FC4CEC936 succeeded
00:00:11.421.704 INFO root: load .cache/SboxDivision.full_dppt.self_sbox97CD3E51D99FE8E5.args_068BA53CAF4BB89BC84341E5E0A9E860E078799A9E9F3CD8F2B19C3FC4CEC936 succeeded
00:00:14.401.683 INFO root: load .cache/SboxDivision.full_dppt.self_sboxFA83BF4B256071FB.args_068BA53CAF4BB89BC84341E5E0A9E860E078799A9E9F3CD8F2B19C3FC4CEC936 succeeded
00:00:21.718.000 INFO root: load .cache/SboxDivision.full_dppt.self_sboxB5083D73B8917F33.args_068BA53CAF4BB89BC84341E5E0A9E860E078799A9E9F3CD8F2B19C3FC4CEC936 succeeded
00:00:26.872.154 INFO root: verify ok! 8 SuperSboxes 12 MixColumns
00:00:26.874.156 INFO root: ~0000100110110000 -> 0110011100000000:
00:00:26.874.157 INFO root:    1111111111111111111111111111011011111111111101001111111111111111
00:00:26.875.157 INFO root:    1111101101111111011111111111111111111111111111111111111101111110
00:00:26.875.158 INFO root:    1101111100000010001100100100100011111001100011110100100111111111
00:00:26.876.158 INFO root:    0111110110110111111110101101110111001011110101110000000000000000
00:00:26.877.159 INFO root:    1000100000000000000000000100000000000000000000001000000000001000
00:00:26.877.160 INFO root:    0110000000000000011100000000000000000000000000000000000000000000
00:00:42.468.751 INFO root: verify ok! 8 SuperSboxes 12 MixColumns
00:00:42.469.752 INFO root: ~1001000000001011 -> 0000110100000101:
00:00:42.470.752 INFO root:    1111111111110110111111111111111111111111111111111111111111110100
00:00:42.470.752 INFO root:    1111111111111101111111111111101111111111110111111101110111111111
00:00:42.470.753 INFO root:    0100010001001000010010000100000010000100010010001111111111111111
00:00:42.471.753 INFO root:    1111100000000110110101110000000000000111000010111100101100001101
00:00:42.471.753 INFO root:    0000001000000000001000000000000000001000000000101000000000000000
00:00:42.471.754 INFO root:    0000000000000000110100000000000000000000000000000101000000000000
00:00:57.664.946 INFO root: verify ok! 8 SuperSboxes 12 MixColumns
00:00:57.668.950 INFO root: ~0000100100000111 -> 0000000011000111:
00:00:57.669.951 INFO root:    1111111111111111111111111111011011111111111111111111111111111000
00:00:57.670.952 INFO root:    1111111111111111111111011111011111011111101111111111101111111111
00:00:57.670.952 INFO root:    0100000001001101111111110001111111010010111110000100001011110110
00:00:57.671.953 INFO root:    1101000000001011101111011011101010110111110100001110101100001101
00:00:57.671.954 INFO root:    0000000010000010000100000000000010000010000000000000000000000000
00:00:57.672.954 INFO root:    0000000000000000000000000000000011000000000000000111000000000000
00:01:13.251.534 INFO root: verify ok! 8 SuperSboxes 12 MixColumns
00:01:13.253.535 INFO root: ~0011110100000000 -> 0111000011010000:
00:01:13.253.535 INFO root:    1111111111111100111111111111001011111111111111111111111111111111
00:01:13.253.536 INFO root:    1111111101111111111111110111111101111101111111111111111111111101
00:01:13.254.536 INFO root:    1111100111110110111101010000111100010100011101001001111100101010
00:01:13.254.536 INFO root:    1011010111110111000011010111101101110000011101110110001100000111
00:01:13.254.537 INFO root:    1000000000100000000000000000000100000000100000000000100000000010
00:01:13.255.537 INFO root:    0111000000000000000000000000000011010000000000000000000000000000
00:01:28.819.101 INFO root: verify ok! 8 SuperSboxes 12 MixColumns
00:01:28.820.102 INFO root: ~0000000010111010 -> 1101000011010000:
00:01:28.821.103 INFO root:    1111111111111111111111111111111111111111111101001111111111110101
00:01:28.821.103 INFO root:    1111111111111111101111111111111111111111101101111111110110111111
00:01:28.821.104 INFO root:    1100110000111111011010000000101010001100100010001111111111111010
00:01:28.822.104 INFO root:    0111001001101101110101111101110100000111000000000111000001111111
00:01:28.822.104 INFO root:    0000000000000000000001000000010001100000010000000000000000001000
00:01:28.822.105 INFO root:    1101000000000000000000000000000011010000000000000000000000000000
00:01:44.267.549 INFO root: verify ok! 8 SuperSboxes 12 MixColumns
00:01:44.268.550 INFO root: ~1100000011000000 -> 1011000000000111:
00:01:44.269.551 INFO root:    1111111111110011111111111111111111111111111100111111111111111111
00:01:44.269.551 INFO root:    1111111111111011101111111111111111111101111111111111111110111111
00:01:44.270.552 INFO root:    1111111110001100100110000010111101111011111100100010111110100110
00:01:44.270.552 INFO root:    1010000001111011111010110000111001110111110101001011011110111011
00:01:44.271.553 INFO root:    0100000000001000000110000000000000000000000000000000000010000001
00:01:44.271.553 INFO root:    1011000000000000000000000000000000000000000000000111000000000000
00:01:59.408.691 INFO root: verify ok! 8 SuperSboxes 12 MixColumns
00:01:59.409.691 INFO root: ~0000000110110000 -> 0111000000000111:
00:01:59.410.692 INFO root:    1111111111111111111111111111111011111111111101001111111111111111
00:01:59.410.692 INFO root:    1111111111111111110111111111111110111111111101111111111110111111
00:01:59.410.693 INFO root:    0010111101001111111111111111001000001111001011001000111110001000
00:01:59.411.693 INFO root:    1101110111010111101100000111101110111111000010111110001001100000
00:01:59.411.693 INFO root:    1000000000000000000101000000000000000100000000000000000010001000
00:01:59.411.693 INFO root:    0111000000000000000000000000000000000000000000000111000000000000
00:02:10.150.432 INFO root: verify ok! 8 SuperSboxes 12 MixColumns
00:02:10.158.440 INFO root: ~0110000011010000 -> 1101000001110000:
00:02:10.159.441 INFO root:    1111111111111001111111111111111111111111111100101111111111111111
00:02:10.159.441 INFO root:    1111110111110111111111111111111111111111111111010111111111011111
00:02:10.159.442 INFO root:    1010100111110001101111111010010010010010100101001111100101000100
00:02:10.160.442 INFO root:    0001011101110000011100001011101011100100101101110011110100001101
00:02:10.160.442 INFO root:    0100000000000000000010000000110010000000001000000000000000000000
00:02:10.160.443 INFO root:    1101000000000000000000000000000001110000000000000000000000000000
00:02:21.040.322 INFO root: verify ok! 8 SuperSboxes 12 MixColumns
00:02:21.041.323 INFO root: ~1101000001010000 -> 0000011111010000:
00:02:21.041.324 INFO root:    1111111111110010111111111111111111111111111110101111111111111111
00:02:21.042.324 INFO root:    1111111111110111111011111011111111111011111101111111111111111111
00:02:21.042.324 INFO root:    1111111111111111101101001000010111111000000110001100011011110000
00:02:21.042.325 INFO root:    0000011101110111011011101101011101110111000000000111101101111011
00:02:21.043.325 INFO root:    0000011000000000000000000010100010000000000000000000001000000000
00:02:21.043.325 INFO root:    0000000000000000011100000000000011010000000000000000000000000000
00:02:32.396.678 INFO root: verify ok! 8 SuperSboxes 12 MixColumns
00:02:32.397.679 INFO root: ~0011000001010000 -> 0111011100000000:
00:02:32.397.680 INFO root:    1111111111111100111111111111111111111111111110101111111111111111
00:02:32.398.680 INFO root:    1111111111111111011111111101111111110111111101111111111111111111
00:02:32.398.680 INFO root:    0010111101000010001010001010101111110100010011111011001011110011
00:02:32.398.681 INFO root:    0000111100001100101111100110110111010000011001110111000010111011
00:02:32.399.681 INFO root:    0000001000000000000001000000000000000000100010000010000000000001
00:02:32.399.681 INFO root:    0111000000000000011100000000000000000000000000000000000000000000
00:02:47.590.873 INFO root: verify ok! 8 SuperSboxes 12 MixColumns
00:02:47.591.874 INFO root: ~0111000010110000 -> 0111110100000000:
00:02:47.592.874 INFO root:    1111111111111000111111111111111111111111111101001111111111111111
00:02:47.592.875 INFO root:    1111111111111011110111110111111111111111111101110111111101111111
00:02:47.593.875 INFO root:    0001111100100110000111110000100001011111010000010010111111111010
00:02:47.593.875 INFO root:    0110010110111110011010111110000000001101011100000101111010100011
00:02:47.593.876 INFO root:    1000010000000000000001000010000000000000100001000000000000000000
00:02:47.594.876 INFO root:    0111000000000000110100000000000000000000000000000000000000000000
00:03:03.140.422 INFO root: verify ok! 8 SuperSboxes 12 MixColumns
00:03:03.141.423 INFO root: ~1101000000000111 -> 1011011100000000:
00:03:03.141.424 INFO root:    1111111111110010111111111111111111111111111111111111111111111000
00:03:03.142.424 INFO root:    0111111111110111111111111111111111111101011111110111101111111111
00:03:03.142.424 INFO root:    1000001011011000000101000100111010000010111110101000000101001111
00:03:03.142.425 INFO root:    1111011001111111000001110000000001100000101100000000011101110000
00:03:03.143.425 INFO root:    0010001000000000000000000000000000000000100000010010000000000001
00:03:03.143.425 INFO root:    1011000000000000011100000000000000000000000000000000000000000000
00:03:18.472.755 INFO root: verify ok! 8 SuperSboxes 12 MixColumns
00:03:18.474.756 INFO root: ~0000101100000111 -> 0000101101110000:
00:03:18.474.756 INFO root:    1111111111111111111111111111010011111111111111111111111111111000
00:03:18.474.757 INFO root:    1101111111111111111111011111111101111111011111111111011111111101
00:03:18.475.757 INFO root:    0000100010001000111100010010111100100010001010000100010011110100
00:03:18.475.757 INFO root:    1101000011010100000001110110000000011111000000001101000011110000
00:03:18.475.758 INFO root:    0000001000100000000000000100000000100000000000010000001000000000
00:03:18.476.758 INFO root:    0000000000000000101100000000000001110000000000000000000000000000
00:03:34.056.338 INFO root: verify ok! 8 SuperSboxes 12 MixColumns
00:03:34.057.339 INFO root: ~0000000010110111 -> 0111011000000000:
00:03:34.057.339 INFO root:    1111111111111111111111111111111111111111111101001111111111111000
00:03:34.058.340 INFO root:    1111110111111111110111111111011111111111110111111111011111011111
00:03:34.058.340 INFO root:    0010111100001000111001001000100000100011111111111111000010101001
00:03:34.058.341 INFO root:    0110111100000111011100110000101100000011101110111101000001110000
00:03:34.059.341 INFO root:    0100100000000000000001000000000000000000000110000000000000000000
00:03:34.059.341 INFO root:    0111000000000000011000000000000000000000000000000000000000000000
00:03:47.847.129 INFO root: verify ok! 8 SuperSboxes 12 MixColumns
00:03:47.847.130 INFO root: ~1101000000000111 -> 0000110100001101:
00:03:47.848.130 INFO root:    1111111111110010111111111111111111111111111111111111111111111000
00:03:47.848.130 INFO root:    1111111111111111111111111101011111111011110111111110011111111111
00:03:47.848.131 INFO root:    1111010011110010011000000100001001010010000011111111111101001100
00:03:47.849.131 INFO root:    1110011110110000101111100111101110000000000001111010000000101111
00:03:47.849.131 INFO root:    0000010000000010100000000000000000000000000000101000000001000000
00:03:47.849.132 INFO root:    0000000000000000110100000000000000000000000000001101000000000000
00:04:00.430.712 INFO root: verify ok! 8 SuperSboxes 12 MixColumns
00:04:00.431.713 INFO root: ~0111101100000000 -> 0000011101110000:
00:04:00.431.714 INFO root:    1111111111111000111111111111010011111111111111111111111111111111
00:04:00.432.714 INFO root:    1111111111111111111111011001111101111101111111111111111111111101
00:04:00.432.714 INFO root:    1000001000101111111111111111100011110000001011111000100000100001
00:04:00.432.715 INFO root:    1000011110110000110100001011110101010111110111111011000000000110
00:04:00.433.715 INFO root:    0000000000000000000000001000010000010000000000100100000100000000
00:04:00.433.715 INFO root:    0000000000000000011100000000000001110000000000000000000000000000
00:04:14.933.215 INFO root: verify ok! 8 SuperSboxes 12 MixColumns
00:04:14.934.216 INFO root: ~0000101101110000 -> 0000110110110000:
00:04:14.934.217 INFO root:    1111111111111111111111111111010011111111111110001111111111111111
00:04:14.935.217 INFO root:    1111110110111111101111011111111111111111111111011111111111110111
00:04:14.935.218 INFO root:    1111001011111111010000001000111001111111010010100010100111010000
00:04:14.936.218 INFO root:    0001000010110111011101111110000010110111010100111110101000001011
00:04:14.936.218 INFO root:    0000000000100000000000001000000010000000000000100010010000000000
00:04:14.936.219 INFO root:    0000000000000000110100000000000010110000000000000000000000000000
00:04:27.031.314 INFO root: verify ok! 8 SuperSboxes 12 MixColumns
00:04:27.032.314 INFO root: verified 18 trails for I 3 J 0
00:04:27.032.314 INFO root: generating ANFs... I
00:04:27.283.565 INFO root: load .cache/SboxDivision.components_anf_closures.self_sboxC188DCAA77C45B94.args_0A482B9CD9E7EAF940EBCF3535BE3082A49F858505A0A6EA9511114359BB0EE6 succeeded
00:04:27.381.663 INFO root: unique masks 2021
00:04:27.381.664 INFO root: generating ANFs... J
00:04:28.322.605 INFO root: load .cache/SboxDivision.components_anf_closures.self_sbox0F7EC76E48F1C66A.args_0A482B9CD9E7EAF940EBCF3535BE3082A49F858505A0A6EA9511114359BB0EE6 succeeded
00:04:28.455.737 INFO root: unique masks 1785
00:04:28.456.738 INFO root: enumerating all mask pairs
00:04:42.198.481 INFO root: verified all masks for I 3 J 0
00:04:42.199.481 INFO root: VERIFIED I 3 J 0
