00:00:00.163.243 INFO root: added file handler at 2021-09-13.17:09:55
00:00:00.163.243 INFO root: columns 2 -> 2
00:00:02.635.715 INFO root: Constraints: 100101010
00:00:02.636.716 INFO root: cons_SSB_card = 1
00:00:02.636.716 INFO root: cons_SSB_box_lb = 0
00:00:02.636.716 INFO root: cons_SSB_box_ub = 0
00:00:02.636.716 INFO root: cons_SSB_lb = 1
00:00:02.637.717 INFO root: cons_SSB_ub = 0
00:00:02.637.717 INFO root: cons_MC_card = 1
00:00:02.637.717 INFO root: cons_MC_matching = 0
00:00:02.637.717 INFO root: cons_MC_lb = 1
00:00:02.637.717 INFO root: cons_MC_ub2 = 0
00:00:02.835.915 INFO root: full ssb
00:00:03.031.111 INFO root: load .cache/SboxDivision.components_anf_closures.self_sboxC188DCAA77C45B94.args_068BA53CAF4BB89BC84341E5E0A9E860E078799A9E9F3CD8F2B19C3FC4CEC936 succeeded
00:00:03.048.128 INFO root: anfsI 255
00:00:03.057.136 INFO root: load .cache/SboxDivision.components_anf_closures.self_sboxFA83BF4B256071FB.args_068BA53CAF4BB89BC84341E5E0A9E860E078799A9E9F3CD8F2B19C3FC4CEC936 succeeded
00:00:03.073.153 INFO root: anfsO 255
00:00:03.179.259 INFO root: load .cache/SboxDivision.cnf_lb.self_sbox391D96FD000E6C5B.args_068BA53CAF4BB89BC84341E5E0A9E860E078799A9E9F3CD8F2B19C3FC4CEC936 succeeded
00:00:07.618.698 INFO root: SSB round 2 column 0
00:00:09.405.485 INFO root: load .cache/SboxDivision.minimal_max.self_sbox0F7EC76E48F1C66A.args_068BA53CAF4BB89BC84341E5E0A9E860E078799A9E9F3CD8F2B19C3FC4CEC936 succeeded
00:00:22.276.356 INFO root: load .cache/SboxDivision.divcore.self_sbox0F7EC76E48F1C66A.args_068BA53CAF4BB89BC84341E5E0A9E860E078799A9E9F3CD8F2B19C3FC4CEC936 succeeded
00:00:31.132.212 INFO root: load .cache/SboxDivision.cnf_lb.self_sbox0F7EC76E48F1C66A.args_068BA53CAF4BB89BC84341E5E0A9E860E078799A9E9F3CD8F2B19C3FC4CEC936 succeeded
00:00:42.621.701 INFO root: SSB round 2 column 1
00:00:43.818.898 INFO root: load .cache/SboxDivision.minimal_max.self_sbox97CD3E51D99FE8E5.args_068BA53CAF4BB89BC84341E5E0A9E860E078799A9E9F3CD8F2B19C3FC4CEC936 succeeded
00:00:51.708.788 INFO root: load .cache/SboxDivision.divcore.self_sbox97CD3E51D99FE8E5.args_068BA53CAF4BB89BC84341E5E0A9E860E078799A9E9F3CD8F2B19C3FC4CEC936 succeeded
00:00:58.010.090 INFO root: load .cache/SboxDivision.cnf_lb.self_sbox97CD3E51D99FE8E5.args_068BA53CAF4BB89BC84341E5E0A9E860E078799A9E9F3CD8F2B19C3FC4CEC936 succeeded
00:01:09.135.215 INFO root: SSB round 2 column 2
00:01:10.109.189 INFO root: load .cache/SboxDivision.minimal_max.self_sboxFA83BF4B256071FB.args_068BA53CAF4BB89BC84341E5E0A9E860E078799A9E9F3CD8F2B19C3FC4CEC936 succeeded
00:01:17.820.900 INFO root: load .cache/SboxDivision.divcore.self_sboxFA83BF4B256071FB.args_068BA53CAF4BB89BC84341E5E0A9E860E078799A9E9F3CD8F2B19C3FC4CEC936 succeeded
00:01:24.701.781 INFO root: load .cache/SboxDivision.cnf_lb.self_sboxFA83BF4B256071FB.args_068BA53CAF4BB89BC84341E5E0A9E860E078799A9E9F3CD8F2B19C3FC4CEC936 succeeded
00:01:35.805.885 INFO root: SSB round 2 column 3
00:02:03.353.433 INFO root: SSB round 4 column 0
00:02:29.012.092 INFO root: SSB round 4 column 1
00:02:30.219.298 INFO root: load .cache/SboxDivision.minimal_max.self_sboxB5083D73B8917F33.args_068BA53CAF4BB89BC84341E5E0A9E860E078799A9E9F3CD8F2B19C3FC4CEC936 succeeded
00:02:37.808.888 INFO root: load .cache/SboxDivision.divcore.self_sboxB5083D73B8917F33.args_068BA53CAF4BB89BC84341E5E0A9E860E078799A9E9F3CD8F2B19C3FC4CEC936 succeeded
00:02:44.493.573 INFO root: load .cache/SboxDivision.cnf_lb.self_sboxB5083D73B8917F33.args_068BA53CAF4BB89BC84341E5E0A9E860E078799A9E9F3CD8F2B19C3FC4CEC936 succeeded
00:02:55.570.650 INFO root: SSB round 4 column 2
00:03:18.385.465 INFO root: SSB round 4 column 3
00:03:44.997.077 INFO root: mask pairs: 255 x 255 = 65025
00:03:44.998.078 INFO root: #trails 0 
00:03:44.998.078 INFO root: mask pair #1 / 65025: 0001000001110001 0001101010111010anfI_max <DenseSet hash=fe139669d97daf1c n=16 wt=85 | 3:3 4:14 5:38 6:30> anfO_max <DenseSet hash=9ccbba0f79827bb7 n=16 wt=76 | 3:6 4:9 5:42 6:19>
00:03:52.890.970 INFO root: solving SAT...
00:04:52.108.188 INFO root: SAT solve time: 59.21784019470215
00:04:52.109.189 INFO root: SAT_times: 59.2 - 59.2, avg 59.2 med 59.2
00:04:52.109.189 INFO root: middle division transition ~0111110100000000 -> 0000011110110000 (~6 -> 6)
00:04:52.110.189 INFO root: mid transition: 0111110100000000 0000011110110000 6 6
00:04:52.110.190 INFO root: full trace:
00:04:52.110.190 INFO root: 1111 1111 1000 1111 1111 1111 0010 1111 1111 1111 1111 1111 1111 1111 1111 1111# initial
00:04:52.111.191 INFO root: 1111 1110 1011 1111 1111 1111 1111 1111 0111 1111 1111 1101 1111 1111 0111 1011# after SR MC SR
00:04:52.111.191 INFO root: 1010 1111 0011 0010 1011 1111 0000 1000 1111 1000 1111 0100 0010 1001 0010 0110# after SSB
00:04:52.112.192 INFO root: 1111 1101 1001 0000 0000 0001 0111 1011 0101 0000 1100 1011 0111 0111 0000 1111# after SR MC SR
00:04:52.112.192 INFO root: 0100 0000 0000 1000 1000 0000 0000 0000 0000 0100 0010 0000 0000 0000 0000 0010# after SSB
00:04:52.113.193 INFO root: 0000 0000 0000 0000 0000 0000 0111 0000 0000 0000 1011 0000 0000 0000 0000 0000# after SR MC SR
00:04:52.113.193 INFO root: 
00:04:52.113.193 INFO root: new trail: 0111110100000000 -> 0000011110110000
00:04:52.114.193 INFO root: #trails 1 
00:04:52.114.194 INFO root: mask pair #2 / 65025: 0110000000000111 1011000100001010anfI_max <DenseSet hash=fc64358e9fe3af2d n=16 wt=75 | 3:3 4:13 5:24 6:35> anfO_max <DenseSet hash=66132c061ab553ac n=16 wt=66 | 3:3 4:9 5:24 6:30>
00:04:59.001.081 INFO root: solving SAT...
00:05:34.711.791 INFO root: SAT solve time: 35.70969319343567
00:05:34.712.792 INFO root: SAT_times: 35.7 - 59.2, avg 47.5 med 59.2
00:05:34.712.792 INFO root: middle division transition ~1101011100000000 -> 0000101101110000 (~6 -> 6)
00:05:34.712.792 INFO root: mid transition: 1101011100000000 0000101101110000 6 6
00:05:34.713.792 INFO root: full trace:
00:05:34.713.793 INFO root: 1111 1111 0010 1111 1111 1111 1000 1111 1111 1111 1111 1111 1111 1111 1111 1111# initial
00:05:34.713.793 INFO root: 1111 1110 1011 1111 0111 1111 1111 1111 1110 1111 1111 1111 1111 1111 1101 1011# after SR MC SR
00:05:34.714.793 INFO root: 1000 1111 0001 0010 0001 1111 1100 1111 1000 1101 1001 0100 0100 1011 1000 1001# after SSB
00:05:34.714.794 INFO root: 1011 0110 0000 1011 1011 1111 0000 0111 1100 0000 0000 1011 1101 1011 0000 1011# after SR MC SR
00:05:34.714.794 INFO root: 0001 0000 0000 0010 0100 0010 0000 0000 0000 0010 0000 0000 0000 0000 0000 0100# after SSB
00:05:34.715.795 INFO root: 0000 0000 0000 0000 0000 0000 1011 0000 0000 0000 0111 0000 0000 0000 0000 0000# after SR MC SR
00:05:34.715.795 INFO root: 
00:05:34.715.795 INFO root: new trail: 1101011100000000 -> 0000101101110000
00:05:34.715.795 INFO root: #trails 2 
00:05:34.716.796 INFO root: mask pair #4 / 65025: 0001011100010111 1011000110101010anfI_max <DenseSet hash=d5ec24ea86a2d8d3 n=16 wt=95 | 3:3 4:45 5:25 6:22> anfO_max <DenseSet hash=0a570960e6416ff8 n=16 wt=79 | 3:2 4:12 5:36 6:29>
00:05:42.686.766 INFO root: solving SAT...
00:06:23.771.851 INFO root: SAT solve time: 41.084721326828
00:06:23.772.852 INFO root: SAT_times: 35.7 - 59.2, avg 45.3 med 41.1
00:06:23.772.852 INFO root: middle division transition ~1101000011010000 -> 0111000010110000 (~6 -> 6)
00:06:23.772.852 INFO root: mid transition: 1101000011010000 0111000010110000 6 6
00:06:23.772.852 INFO root: full trace:
00:06:23.773.853 INFO root: 1111 1111 0010 1111 1111 1111 1111 1111 1111 1111 0010 1111 1111 1111 1111 1111# initial
00:06:23.773.853 INFO root: 1111 1111 1111 1111 1111 1011 1111 1101 1011 1111 1101 1111 1111 1011 1111 1101# after SR MC SR
00:06:23.773.853 INFO root: 1111 1111 0101 1000 0100 1111 0010 0001 0111 0100 1000 0010 1001 0000 1111 1001# after SSB
00:06:23.774.854 INFO root: 1100 0000 0000 0111 1111 0111 0010 1011 0001 1011 1101 0000 0000 1011 1111 1010# after SR MC SR
00:06:23.774.854 INFO root: 0010 0000 1000 0000 0000 0100 0000 0010 1000 0000 1000 0000 0000 0000 0000 0000# after SSB
00:06:23.775.854 INFO root: 0000 0000 0111 0000 0000 0000 0000 0000 0000 0000 1011 0000 0000 0000 0000 0000# after SR MC SR
00:06:23.775.855 INFO root: 
00:06:23.775.855 INFO root: new trail: 1101000011010000 -> 0111000010110000
00:06:23.775.855 INFO root: #trails 3 
00:06:23.776.856 INFO root: mask pair #6 / 65025: 0001011100010000 1011101100000001anfI_max <DenseSet hash=7e7c25a0a6465394 n=16 wt=103 | 3:1 4:12 5:68 6:22> anfO_max <DenseSet hash=5ae8280722275ffa n=16 wt=84 | 3:6 4:17 5:40 6:21>
00:06:30.586.665 INFO root: solving SAT...
00:07:18.671.750 INFO root: SAT solve time: 48.08451437950134
00:07:18.671.751 INFO root: SAT_times: 35.7 - 59.2, avg 46.0 med 48.1
00:07:18.671.751 INFO root: middle division transition ~1011000000001010 -> 1100000000000111 (~5 -> 5)
00:07:18.672.752 INFO root: mid transition: 1011000000001010 1100000000000111 5 5
00:07:18.672.752 INFO root: full trace:
00:07:18.673.752 INFO root: 1111 1111 0100 1111 1111 1111 1111 1111 1111 1111 1111 1111 1111 1111 0101 1111# initial
00:07:18.673.753 INFO root: 1111 1111 1101 1111 1111 0111 1111 1111 1111 1011 1111 1111 1101 1111 1111 1011# after SR MC SR
00:07:18.674.753 INFO root: 0100 0000 0010 0100 0100 1000 1111 1000 0010 1111 1010 1111 1111 1001 1000 1000# after SSB
00:07:18.674.754 INFO root: 0000 1101 1011 0000 1110 0000 0000 0010 0000 1101 1100 1101 1111 0011 1101 1010# after SR MC SR
00:07:18.674.754 INFO root: 0000 0000 0000 0000 0000 0000 1000 0000 0100 0000 0000 1000 0010 0010 0000 0000# after SSB
00:07:18.675.755 INFO root: 0000 0000 1100 0000 0000 0000 0000 0000 0000 0000 0000 0000 0000 0000 0111 0000# after SR MC SR
00:07:18.675.755 INFO root: 
00:07:18.675.755 INFO root: new trail: 1011000000001010 -> 1100000000000111
00:07:18.676.756 INFO root: #trails 4 
00:07:18.676.756 INFO root: mask pair #12 / 65025: 0110000000000000 1011000010111011anfI_max <DenseSet hash=1f35bb0005968012 n=16 wt=76 | 3:5 4:20 5:32 6:19> anfO_max <DenseSet hash=c4fad38086b75f37 n=16 wt=89 | 3:1 4:24 5:40 6:24>
00:07:25.458.537 INFO root: solving SAT...
00:08:06.997.077 INFO root: SAT solve time: 41.53941345214844
00:08:06.998.078 INFO root: SAT_times: 35.7 - 59.2, avg 45.1 med 41.5
00:08:06.998.078 INFO root: middle division transition ~0111000010110000 -> 1101000001110000 (~6 -> 6)
00:08:06.998.078 INFO root: mid transition: 0111000010110000 1101000001110000 6 6
00:08:06.998.078 INFO root: full trace:
00:08:06.999.079 INFO root: 1111 1111 1000 1111 1111 1111 1111 1111 1111 1111 0100 1111 1111 1111 1111 1111# initial
00:08:06.999.079 INFO root: 0111 1111 1101 1111 1111 1111 1111 0111 0111 1111 1111 1111 1111 1101 1111 0111# after SR MC SR
00:08:06.999.079 INFO root: 1111 1111 1001 0000 0000 0010 1000 1111 0100 0100 1111 0111 0011 0110 1000 1000# after SSB
00:08:07.000.080 INFO root: 1011 1010 1011 1010 1101 0011 0000 0011 1111 0000 1110 0110 0000 1010 1110 0000# after SR MC SR
00:08:07.000.080 INFO root: 0010 0000 0010 0000 0000 0000 0000 0000 0010 0000 0010 0000 0000 1000 0000 1000# after SSB
00:08:07.000.080 INFO root: 0000 0000 1101 0000 0000 0000 0000 0000 0000 0000 0111 0000 0000 0000 0000 0000# after SR MC SR
00:08:07.001.080 INFO root: 
00:08:07.001.081 INFO root: new trail: 0111000010110000 -> 1101000001110000
00:08:07.001.081 INFO root: #trails 5 
00:08:07.002.082 INFO root: mask pair #13 / 65025: 0001000000010000 0001101110101011anfI_max <DenseSet hash=1591899b62a2e738 n=16 wt=72 | 3:3 4:7 5:23 6:39> anfO_max <DenseSet hash=811978c195f08edd n=16 wt=67 | 3:9 4:18 5:14 6:26>
00:08:13.875.955 INFO root: solving SAT...
00:08:27.341.421 INFO root: SAT solve time: 13.465672731399536
00:08:27.341.421 INFO root: SAT_times: 13.5 - 59.2, avg 39.9 med 41.5
00:08:27.342.422 INFO root: middle division transition ~0000110110110000 -> 1001000001110000 (~6 -> 5)
00:08:27.342.422 INFO root: mid transition: 0000110110110000 1001000001110000 6 5
00:08:27.342.422 INFO root: full trace:
00:08:27.343.423 INFO root: 1111 1111 1111 1111 1111 1111 0010 1111 1111 1111 0100 1111 1111 1111 1111 1111# initial
00:08:27.343.423 INFO root: 1110 1101 1111 1111 1111 1111 1111 1011 1111 1111 1111 1011 1111 1011 0111 1111# after SR MC SR
00:08:27.343.423 INFO root: 1111 1000 1111 1000 0100 1110 1000 0100 0011 0001 0100 0001 1111 1000 1101 1000# after SSB
00:08:27.344.424 INFO root: 1101 0000 1011 1011 1111 0000 1011 0111 1011 0000 1101 0000 0000 0000 1110 1100# after SR MC SR
00:08:27.344.424 INFO root: 0010 0000 0010 0000 0000 0000 0000 0000 1000 0000 1000 0000 0000 0000 0000 1000# after SSB
00:08:27.344.424 INFO root: 0000 0000 1001 0000 0000 0000 0000 0000 0000 0000 0111 0000 0000 0000 0000 0000# after SR MC SR
00:08:27.345.425 INFO root: 
00:08:27.345.425 INFO root: new trail: 0000110110110000 -> 1001000001110000
00:08:27.346.425 INFO root: #trails 6 
00:08:27.346.426 INFO root: mask pair #14 / 65025: 0000000101100001 1011000110100000anfI_max <DenseSet hash=f9a2622cd9ba514d n=16 wt=92 | 3:1 4:16 5:50 6:25> anfO_max <DenseSet hash=ce81234de2986041 n=16 wt=78 | 3:2 4:14 5:33 6:29>
00:08:34.486.566 INFO root: solving SAT...
00:09:22.887.967 INFO root: SAT solve time: 48.400609731674194
00:09:22.887.967 INFO root: SAT_times: 13.5 - 59.2, avg 41.1 med 41.5
00:09:22.888.968 INFO root: middle division transition ~0111000000000111 -> 0000101100001011 (~6 -> 6)
00:09:22.888.968 INFO root: mid transition: 0111000000000111 0000101100001011 6 6
00:09:22.888.968 INFO root: full trace:
00:09:22.888.968 INFO root: 1111 1111 1000 1111 1111 1111 1111 1111 1111 1111 1111 1111 1111 1111 1000 1111# initial
00:09:22.889.969 INFO root: 1111 1111 0111 1110 1111 1101 1111 1111 1111 1011 1111 1111 1101 1111 1111 0111# after SR MC SR
00:09:22.889.969 INFO root: 0100 1111 1011 0011 1111 1000 1100 0001 1101 0100 1111 1000 0010 0000 0011 1010# after SSB
00:09:22.890.970 INFO root: 0110 0000 0000 0000 0110 1111 1101 0010 0000 1101 1101 0101 0111 0110 1111 1101# after SR MC SR
00:09:22.890.970 INFO root: 0000 1000 0000 0000 1000 0000 0100 0000 0000 0100 0000 1000 0000 0000 0100 0000# after SSB
00:09:22.890.970 INFO root: 0000 0000 0000 0000 0000 0000 1011 0000 0000 0000 0000 0000 0000 0000 1011 0000# after SR MC SR
00:09:22.890.970 INFO root: 
00:09:22.891.971 INFO root: new trail: 0111000000000111 -> 0000101100001011
00:09:22.891.971 INFO root: #trails 7 
00:09:22.892.972 INFO root: mask pair #18 / 65025: 0001000001110000 1010101100000001anfI_max <DenseSet hash=767a5ac4246a7a6b n=16 wt=78 | 3:1 4:5 5:46 6:26> anfO_max <DenseSet hash=c34604f5b724ba20 n=16 wt=76 | 3:5 4:13 5:32 6:26>
00:09:30.686.766 INFO root: solving SAT...
00:09:44.877.957 INFO root: SAT solve time: 14.19053864479065
00:09:44.878.957 INFO root: SAT_times: 13.5 - 59.2, avg 37.7 med 41.5
00:09:44.878.958 INFO root: middle division transition ~0000101100000111 -> 1101000000001011 (~6 -> 6)
00:09:44.878.958 INFO root: mid transition: 0000101100000111 1101000000001011 6 6
00:09:44.878.958 INFO root: full trace:
00:09:44.879.958 INFO root: 1111 1111 1111 1111 1111 1111 0100 1111 1111 1111 1111 1111 1111 1111 1000 1111# initial
00:09:44.879.959 INFO root: 1111 0111 1111 0111 1011 1111 0111 1111 1111 1110 1111 1111 1111 1111 1011 1111# after SR MC SR
00:09:44.879.959 INFO root: 0110 0100 0100 0100 0010 1100 0010 1111 1000 0001 1111 1010 1111 1100 0000 1100# after SSB
00:09:44.880.959 INFO root: 0111 0000 0000 0000 0111 0000 0111 1101 1111 0000 1111 1011 0000 0000 1001 1111# after SR MC SR
00:09:44.880.960 INFO root: 0000 0000 0100 0000 0000 0000 1000 1000 0010 0000 0000 0010 0010 0000 0000 0000# after SSB
00:09:44.880.960 INFO root: 0000 0000 1101 0000 0000 0000 0000 0000 0000 0000 0000 0000 0000 0000 1011 0000# after SR MC SR
00:09:44.880.960 INFO root: 
00:09:44.881.960 INFO root: new trail: 0000101100000111 -> 1101000000001011
00:09:44.881.961 INFO root: #trails 8 
00:09:44.882.962 INFO root: mask pair #21 / 65025: 0001000000010111 0001101010111010anfI_max <DenseSet hash=9d59654a883c16ea n=16 wt=83 | 3:1 4:29 5:34 6:19> anfO_max <DenseSet hash=9ccbba0f79827bb7 n=16 wt=76 | 3:6 4:9 5:42 6:19>
00:09:52.026.106 INFO root: solving SAT...
00:10:29.618.698 INFO root: SAT solve time: 37.59162521362305
00:10:29.619.699 INFO root: SAT_times: 13.5 - 59.2, avg 37.7 med 41.1
00:10:29.619.699 INFO root: middle division transition ~1011011100000000 -> 0000000010110101 (~6 -> 5)
00:10:29.619.699 INFO root: mid transition: 1011011100000000 0000000010110101 6 5
00:10:29.620.699 INFO root: full trace:
00:10:29.620.700 INFO root: 1111 1111 0100 1111 1111 1111 1000 1111 1111 1111 1111 1111 1111 1111 1111 1111# initial
00:10:29.620.700 INFO root: 1111 1110 1101 1111 0111 1111 1111 1111 0111 1111 1111 1111 1111 1111 0111 1101# after SR MC SR
00:10:29.621.701 INFO root: 1111 0101 0100 1111 0000 0100 0010 1000 1110 1111 1000 1010 1000 1111 0010 1001# after SSB
00:10:29.621.701 INFO root: 1101 0111 0000 0111 0000 1110 0000 1011 1011 1110 0000 0111 0111 0101 0000 1011# after SR MC SR
00:10:29.622.701 INFO root: 1000 1000 0000 0000 0000 1000 0000 0000 0000 0000 0000 0001 0000 0000 0000 0100# after SSB
00:10:29.622.702 INFO root: 0000 0000 0000 0000 0000 0000 0000 0000 0000 0000 1011 0000 0000 0000 0101 0000# after SR MC SR
00:10:29.622.702 INFO root: 
00:10:29.622.702 INFO root: new trail: 1011011100000000 -> 0000000010110101
00:10:29.623.703 INFO root: #trails 9 
00:10:29.624.704 INFO root: mask pair #38 / 65025: 0111000000000110 1011000110111010anfI_max <DenseSet hash=c063a03e902c4111 n=16 wt=92 | 3:2 4:9 5:61 6:20> anfO_max <DenseSet hash=50c977de7afb2d8d n=16 wt=82 | 3:4 4:10 5:40 6:28>
00:10:36.399.479 INFO root: solving SAT...
00:11:31.745.825 INFO root: SAT solve time: 55.34511709213257
00:11:31.745.825 INFO root: SAT_times: 13.5 - 59.2, avg 39.5 med 41.5
00:11:31.746.826 INFO root: middle division transition ~0000010111010000 -> 0000000010110110 (~5 -> 5)
00:11:31.746.826 INFO root: mid transition: 0000010111010000 0000000010110110 5 5
00:11:31.746.826 INFO root: full trace:
00:11:31.746.826 INFO root: 1111 1111 1111 1111 1111 1111 1010 1111 1111 1111 0010 1111 1111 1111 1111 1111# initial
00:11:31.747.827 INFO root: 1111 1111 1111 1111 1011 1111 1111 1101 1111 1111 1101 1011 1111 1011 1111 1111# after SR MC SR
00:11:31.747.827 INFO root: 1111 1111 1110 0001 0010 0100 0100 0101 0110 1100 1111 0100 0100 1001 0010 0010# after SSB
00:11:31.747.827 INFO root: 1110 1011 1110 0000 0000 0000 0111 1101 1011 1001 1011 1101 0000 0100 0001 0111# after SR MC SR
00:11:31.748.828 INFO root: 1000 1000 0000 0000 0000 0000 0010 0000 0000 0000 0100 0000 0000 0000 0000 0010# after SSB
00:11:31.748.828 INFO root: 0000 0000 0000 0000 0000 0000 0000 0000 0000 0000 1011 0000 0000 0000 0110 0000# after SR MC SR
00:11:31.748.828 INFO root: 
00:11:31.749.828 INFO root: new trail: 0000010111010000 -> 0000000010110110
00:11:31.750.830 INFO root: #trails 10 
00:11:31.750.830 INFO root: mask pair #68 / 65025: 0110011101110111 0000000010110000anfI_max <DenseSet hash=4d784acf88b99f10 n=16 wt=96 | 3:3 4:16 5:54 6:23> anfO_max <DenseSet hash=4538e1ec0db6e265 n=16 wt=59 | 3:5 4:16 5:24 6:14>
00:11:38.853.933 INFO root: solving SAT...
00:12:42.016.096 INFO root: SAT solve time: 63.16198515892029
00:12:42.017.096 INFO root: SAT_times: 13.5 - 63.2, avg 41.6 med 41.5
00:12:42.017.097 INFO root: middle division transition ~0000000011011101 -> 0111000010100000 (~6 -> 5)
00:12:42.017.097 INFO root: mid transition: 0000000011011101 0111000010100000 6 5
00:12:42.018.098 INFO root: full trace:
00:12:42.018.098 INFO root: 1111 1111 1111 1111 1111 1111 1111 1111 1111 1111 0010 1111 1111 1111 0010 1111# initial
00:12:42.019.099 INFO root: 1011 1111 1111 1111 1111 1111 1101 1101 1111 0111 1111 1111 1101 0111 1111 1111# after SR MC SR
00:12:42.020.099 INFO root: 1010 0000 1111 1111 1111 0010 0010 1000 0000 0100 0100 0100 0100 1111 0010 1001# after SSB
00:12:42.020.100 INFO root: 0111 0000 0000 1011 0000 1011 0000 0111 1101 1111 0000 1011 1011 0000 0000 0111# after SR MC SR
00:12:42.021.101 INFO root: 0000 0000 0000 0000 0000 0001 0000 0010 0010 0000 0000 0000 0000 1000 0000 0001# after SSB
00:12:42.021.101 INFO root: 0000 0000 0111 0000 0000 0000 0000 0000 0000 0000 1010 0000 0000 0000 0000 0000# after SR MC SR
00:12:42.021.101 INFO root: 
00:12:42.022.102 INFO root: new trail: 0000000011011101 -> 0111000010100000
00:12:42.024.104 INFO root: #trails 11 
00:12:42.024.104 INFO root: mask pair #121 / 65025: 0111000100000000 1011000000000000anfI_max <DenseSet hash=008e7887ec8cffa5 n=16 wt=96 | 3:8 4:21 5:51 6:16> anfO_max <DenseSet hash=5fa4d26b96d67071 n=16 wt=59 | 3:2 5:40 6:17>
00:12:49.350.430 INFO root: solving SAT...
00:13:02.823.903 INFO root: SAT solve time: 13.472668886184692
00:13:02.823.903 INFO root: SAT_times: 13.5 - 63.2, avg 39.3 med 41.5
00:13:02.824.904 INFO root: middle division transition ~0101000000001011 -> 0000011100001101 (~5 -> 6)
00:13:02.824.904 INFO root: mid transition: 0101000000001011 0000011100001101 5 6
00:13:02.824.904 INFO root: full trace:
00:13:02.824.904 INFO root: 1111 1111 1010 1111 1111 1111 1111 1111 1111 1111 1111 1111 1111 1111 0100 1111# initial
00:13:02.825.905 INFO root: 1111 1111 1111 0111 1111 1110 1101 1111 1111 1111 1111 1111 1101 1111 1111 1011# after SR MC SR
00:13:02.825.905 INFO root: 0110 1111 0100 0000 1111 1111 0010 0010 0101 1000 0100 1111 0110 0110 1111 0101# after SSB
00:13:02.826.905 INFO root: 0000 1011 0111 1011 1111 0000 0010 1101 1011 0110 1011 1111 1011 1101 0000 0000# after SR MC SR
00:13:02.826.906 INFO root: 0000 0000 0000 0100 1000 0000 0010 0000 0000 0100 0000 0010 1000 0000 0000 0000# after SSB
00:13:02.826.906 INFO root: 0000 0000 0000 0000 0000 0000 0111 0000 0000 0000 0000 0000 0000 0000 1101 0000# after SR MC SR
00:13:02.826.906 INFO root: 
00:13:02.827.907 INFO root: new trail: 0101000000001011 -> 0000011100001101
00:13:02.828.908 INFO root: #trails 12 
00:13:02.829.908 INFO root: mask pair #205 / 65025: 0000000000000110 1011000010101010anfI_max <DenseSet hash=68c34902e61fdf85 n=16 wt=92 | 3:2 4:18 5:64 6:8> anfO_max <DenseSet hash=a8794947a1d00086 n=16 wt=76 | 3:3 4:9 5:30 6:34>
00:13:10.495.575 INFO root: solving SAT...
00:13:48.596.676 INFO root: SAT solve time: 38.10019016265869
00:13:48.597.676 INFO root: SAT_times: 13.5 - 63.2, avg 39.2 med 41.1
00:13:48.597.677 INFO root: middle division transition ~0000110100001000 -> 0000110100001101 (~4 -> 6)
00:13:48.597.677 INFO root: mid transition: 0000110100001000 0000110100001101 4 6
00:13:48.597.677 INFO root: full trace:
00:13:48.598.678 INFO root: 1111 1111 1111 1111 1111 1111 0010 1111 1111 1111 1111 1111 1111 1111 0111 1111# initial
00:13:48.598.678 INFO root: 1111 0111 1111 1111 1111 1111 1111 1111 1111 1111 1111 0111 1110 1111 0111 1111# after SR MC SR
00:13:48.598.678 INFO root: 1000 1111 0100 1111 0100 0010 0010 1001 1111 0100 1111 0010 1111 0010 1011 1000# after SSB
00:13:48.599.679 INFO root: 0101 0011 1111 1101 0111 0100 0111 1110 0000 0000 0000 0011 0111 1001 1011 1110# after SR MC SR
00:13:48.599.679 INFO root: 0000 0000 0000 0010 0000 0000 0010 0000 0000 0100 0000 1000 0100 0000 0100 0000# after SSB
00:13:48.600.679 INFO root: 0000 0000 0000 0000 0000 0000 1101 0000 0000 0000 0000 0000 0000 0000 1101 0000# after SR MC SR
00:13:48.600.680 INFO root: 
00:13:48.600.680 INFO root: new trail: 0000110100001000 -> 0000110100001101
00:13:48.602.682 INFO root: #trails 13 
00:13:48.602.682 INFO root: mask pair #264 / 65025: 0110011101110111 1011101110110001anfI_max <DenseSet hash=4d784acf88b99f10 n=16 wt=96 | 3:3 4:16 5:54 6:23> anfO_max <DenseSet hash=42ade0176e8a8de7 n=16 wt=83 | 3:4 4:17 5:39 6:23>
00:13:56.167.247 INFO root: solving SAT...
00:14:47.792.872 INFO root: SAT solve time: 51.62417531013489
00:14:47.792.872 INFO root: SAT_times: 13.5 - 63.2, avg 40.1 med 41.5
00:14:47.792.872 INFO root: middle division transition ~1011101100000000 -> 0000101111010000 (~6 -> 6)
00:14:47.793.873 INFO root: mid transition: 1011101100000000 0000101111010000 6 6
00:14:47.793.873 INFO root: full trace:
00:14:47.793.873 INFO root: 1111 1111 0100 1111 1111 1111 0100 1111 1111 1111 1111 1111 1111 1111 1111 1111# initial
00:14:47.794.873 INFO root: 1111 1111 0111 1111 0111 1111 1111 1111 1011 1111 1111 0111 1111 1111 1110 1011# after SR MC SR
00:14:47.794.874 INFO root: 0010 1111 0100 0101 0100 1111 0010 1111 0100 1111 0001 0000 0100 1111 0100 1000# after SSB
00:14:47.794.874 INFO root: 0000 0000 1110 1010 1101 1011 0111 0001 1111 1011 1110 0000 0000 1011 1011 0000# after SR MC SR
00:14:47.795.875 INFO root: 0100 0000 0000 0000 0001 0000 0000 0000 0000 0010 0010 0000 0000 0000 0100 0001# after SSB
00:14:47.795.875 INFO root: 0000 0000 0000 0000 0000 0000 1011 0000 0000 0000 1101 0000 0000 0000 0000 0000# after SR MC SR
00:14:47.795.875 INFO root: 
00:14:47.796.876 INFO root: new trail: 1011101100000000 -> 0000101111010000
00:14:47.797.877 INFO root: #trails 14 
00:14:47.797.877 INFO root: mask pair #292 / 65025: 0110011100010000 1011101010110001anfI_max <DenseSet hash=259a9d5fa58ffd44 n=16 wt=79 | 3:3 4:8 5:42 6:26> anfO_max <DenseSet hash=0c0c27d56f3fc2a6 n=16 wt=75 | 3:3 4:9 5:35 6:28>
00:14:55.288.368 INFO root: solving SAT...
00:15:34.140.219 INFO root: SAT solve time: 38.85116624832153
00:15:34.140.220 INFO root: SAT_times: 13.5 - 63.2, avg 40.0 med 41.1
00:15:34.140.220 INFO root: middle division transition ~0111101100000000 -> 0111000000000111 (~6 -> 6)
00:15:34.140.220 INFO root: mid transition: 0111101100000000 0111000000000111 6 6
00:15:34.141.220 INFO root: full trace:
00:15:34.141.221 INFO root: 1111 1111 1000 1111 1111 1111 0100 1111 1111 1111 1111 1111 1111 1111 1111 1111# initial
00:15:34.141.221 INFO root: 1111 0111 1011 1111 1111 1111 1111 1111 0111 1111 1111 1101 1111 1111 0111 1110# after SR MC SR
00:15:34.142.221 INFO root: 1000 1111 1000 0000 1111 1000 1111 1111 1000 0001 0000 1111 1000 1111 0011 0100# after SSB
00:15:34.142.222 INFO root: 0000 1101 1110 0000 1011 0111 0110 0000 0001 1101 0111 1111 0011 0000 1110 1101# after SR MC SR
00:15:34.142.222 INFO root: 0000 0000 1000 0000 0000 0000 1000 0100 0000 0000 0000 0001 0010 1000 0000 0000# after SSB
00:15:34.143.222 INFO root: 0000 0000 0111 0000 0000 0000 0000 0000 0000 0000 0000 0000 0000 0000 0111 0000# after SR MC SR
00:15:34.143.223 INFO root: 
00:15:34.143.223 INFO root: new trail: 0111101100000000 -> 0111000000000111
00:15:34.145.225 INFO root: #trails 15 
00:15:34.145.225 INFO root: mask pair #401 / 65025: 0110000100010111 1010000110110000anfI_max <DenseSet hash=486f60aa5d89a1eb n=16 wt=113 | 3:4 4:17 5:77 6:15> anfO_max <DenseSet hash=b911ea31159c60b3 n=16 wt=91 | 3:4 4:15 5:53 6:19>
00:15:41.505.585 INFO root: solving SAT...
00:16:16.479.559 INFO root: SAT solve time: 34.972777366638184
00:16:16.479.559 INFO root: SAT_times: 13.5 - 63.2, avg 39.7 med 41.1
00:16:16.479.559 INFO root: middle division transition ~1011000000001011 -> 0000011101110000 (~6 -> 6)
00:16:16.480.559 INFO root: mid transition: 1011000000001011 0000011101110000 6 6
00:16:16.480.560 INFO root: full trace:
00:16:16.480.560 INFO root: 1111 1111 0100 1111 1111 1111 1111 1111 1111 1111 1111 1111 1111 1111 0100 1111# initial
00:16:16.481.561 INFO root: 1111 1111 1101 1111 1111 0111 1101 1111 1101 1110 1111 1111 0111 1111 1111 1111# after SR MC SR
00:16:16.481.561 INFO root: 1111 1111 1100 1111 0000 0000 0001 1111 1000 1010 0100 1111 1000 1111 0001 1111# after SSB
00:16:16.481.561 INFO root: 0000 0111 0110 1100 1100 1101 0000 1101 1101 0111 0111 0111 1001 1101 0101 1011# after SR MC SR
00:16:16.482.562 INFO root: 0000 0000 0000 1000 0100 0100 0000 0000 0000 0001 1000 0000 0000 0000 0000 0010# after SSB
00:16:16.482.562 INFO root: 0000 0000 0000 0000 0000 0000 0111 0000 0000 0000 0111 0000 0000 0000 0000 0000# after SR MC SR
00:16:16.482.562 INFO root: 
00:16:16.483.562 INFO root: new trail: 1011000000001011 -> 0000011101110000
00:16:16.486.566 INFO root: #trails 16 
00:16:16.487.566 INFO root: mask pair #707 / 65025: 0110000000000000 0000000110110000anfI_max <DenseSet hash=1f35bb0005968012 n=16 wt=76 | 3:5 4:20 5:32 6:19> anfO_max <DenseSet hash=803f4267f7f43d75 n=16 wt=85 | 3:4 4:21 5:45 6:15>
00:16:23.609.689 INFO root: solving SAT...
00:16:38.228.308 INFO root: SAT solve time: 14.61824655532837
00:16:38.228.308 INFO root: SAT_times: 13.5 - 63.2, avg 38.2 med 38.9
00:16:38.229.308 INFO root: middle division transition ~1001000000000111 -> 0111000000001011 (~5 -> 6)
00:16:38.229.309 INFO root: mid transition: 1001000000000111 0111000000001011 5 6
00:16:38.229.309 INFO root: full trace:
00:16:38.230.309 INFO root: 1111 1111 0110 1111 1111 1111 1111 1111 1111 1111 1111 1111 1111 1111 1000 1111# initial
00:16:38.230.310 INFO root: 1111 1111 1111 1111 1111 1011 0111 1111 1111 1011 1111 1111 1101 1111 1111 1101# after SR MC SR
00:16:38.230.310 INFO root: 0110 1000 0010 0100 1111 1000 0010 1000 0010 1111 0010 1111 1000 0000 1111 1000# after SSB
00:16:38.231.311 INFO root: 0000 1111 0000 1101 0000 1011 0111 0110 0000 1101 1110 0111 1111 0000 0000 0000# after SR MC SR
00:16:38.231.311 INFO root: 0000 1000 0000 0000 0000 0000 0100 0100 0001 0000 0000 0000 0010 1000 0000 0000# after SSB
00:16:38.232.312 INFO root: 0000 0000 0111 0000 0000 0000 0000 0000 0000 0000 0000 0000 0000 0000 1011 0000# after SR MC SR
00:16:38.232.312 INFO root: 
00:16:38.232.312 INFO root: new trail: 1001000000000111 -> 0111000000001011
00:16:38.234.314 INFO root: #trails 17 
00:16:38.235.315 INFO root: mask pair #758 / 65025: 0110000001100001 1011101110110001anfI_max <DenseSet hash=5e4d5ffcb7d91242 n=16 wt=81 | 3:5 4:30 5:22 6:24> anfO_max <DenseSet hash=42ade0176e8a8de7 n=16 wt=83 | 3:4 4:17 5:39 6:23>
00:16:45.752.832 INFO root: solving SAT...
00:18:19.110.190 INFO root: SAT solve time: 93.35728931427002
00:18:19.110.190 INFO root: SAT_times: 13.5 - 93.4, avg 41.3 med 41.1
00:18:19.111.191 INFO root: middle division transition ~1011000001110000 -> 0111011100000000 (~6 -> 6)
00:18:19.111.191 INFO root: mid transition: 1011000001110000 0111011100000000 6 6
00:18:19.111.191 INFO root: full trace:
00:18:19.112.191 INFO root: 1111 1111 0100 1111 1111 1111 1111 1111 1111 1111 1000 1111 1111 1111 1111 1111# initial
00:18:19.112.192 INFO root: 1111 1111 1111 1111 1111 1101 1111 1101 1110 1111 0111 1111 1111 1110 1111 1011# after SR MC SR
00:18:19.112.192 INFO root: 1000 1101 0100 0010 1111 0010 1001 1111 0010 0111 0010 0100 1111 0001 1111 0010# after SSB
00:18:19.113.193 INFO root: 0010 0100 1101 1011 1101 1101 1101 0100 0100 1101 0000 1011 1110 0110 1101 0000# after SR MC SR
00:18:19.113.193 INFO root: 0000 0000 0100 0100 1000 0000 0000 0000 0001 0010 0000 0000 0000 0010 0000 0000# after SSB
00:18:19.113.193 INFO root: 0000 0000 0111 0000 0000 0000 0111 0000 0000 0000 0000 0000 0000 0000 0000 0000# after SR MC SR
00:18:19.113.193 INFO root: 
00:18:19.114.194 INFO root: new trail: 1011000001110000 -> 0111011100000000
00:18:19.118.197 INFO root: #trails 18 
00:18:19.118.198 INFO root: mask pair #1089 / 65025: 0000011101110000 1010000000000000anfI_max <DenseSet hash=240c4b5db8ab49a8 n=16 wt=79 | 3:4 4:14 5:35 6:26> anfO_max <DenseSet hash=4d700f45c27717be n=16 wt=76 | 3:9 4:32 5:27 6:8>
00:18:26.250.330 INFO root: solving SAT...
00:20:32.078.157 INFO root: SAT solve time: 125.82675862312317
00:20:32.078.158 INFO root: SAT_times: 13.5 - 125.8, avg 45.7 med 41.1
00:20:32.078.158 INFO root: middle division transition ~1011000000000111 -> 1101000001100000 (~6 -> 5)
00:20:32.079.159 INFO root: mid transition: 1011000000000111 1101000001100000 6 5
00:20:32.079.159 INFO root: full trace:
00:20:32.079.159 INFO root: 1111 1111 0100 1111 1111 1111 1111 1111 1111 1111 1111 1111 1111 1111 1000 1111# initial
00:20:32.080.160 INFO root: 1111 1111 1111 1111 1111 0111 0111 1111 0111 1101 1111 1111 0111 1111 1111 1011# after SR MC SR
00:20:32.081.160 INFO root: 0100 1000 0010 0100 1111 1111 0100 1000 0000 1000 0010 1111 1000 0000 1111 1000# after SSB
00:20:32.081.161 INFO root: 1111 0110 0000 1100 0100 0011 1100 0000 0000 1101 0111 1000 1011 0000 1101 0000# after SR MC SR
00:20:32.082.162 INFO root: 0100 0000 0010 0000 0000 0010 0000 0100 1000 0000 0000 0000 0000 0000 0000 0000# after SSB
00:20:32.082.162 INFO root: 0000 0000 1101 0000 0000 0000 0000 0000 0000 0000 0110 0000 0000 0000 0000 0000# after SR MC SR
00:20:32.082.162 INFO root: 
00:20:32.083.163 INFO root: new trail: 1011000000000111 -> 1101000001100000
00:20:32.094.174 INFO root: #trails 19 
00:20:32.095.175 INFO root: mask pair #1836 / 65025: 0110011000000001 0000000010110000anfI_max <DenseSet hash=5dcedb7458fee61f n=16 wt=100 | 3:2 4:24 5:58 6:16> anfO_max <DenseSet hash=4538e1ec0db6e265 n=16 wt=59 | 3:5 4:16 5:24 6:14>
00:20:39.472.552 INFO root: solving SAT...
00:21:26.186.266 INFO root: SAT solve time: 46.71398997306824
00:21:26.188.268 INFO root: SAT_times: 13.5 - 125.8, avg 45.8 med 41.5
00:21:26.189.268 INFO root: middle division transition ~0101110100000000 -> 0000000000110111 (~5 -> 5)
00:21:26.189.269 INFO root: mid transition: 0101110100000000 0000000000110111 5 5
00:21:26.190.270 INFO root: full trace:
00:21:26.190.270 INFO root: 1111 1111 1010 1111 1111 1111 0010 1111 1111 1111 1111 1111 1111 1111 1111 1111# initial
00:21:26.191.271 INFO root: 1111 0111 1111 1111 1011 1101 1111 1111 1111 1111 1111 1111 1111 1111 0111 0111# after SR MC SR
00:21:26.192.272 INFO root: 1001 0000 0101 0111 0010 0100 0011 1111 0011 0010 0010 0100 1111 1111 1111 0100# after SSB
00:21:26.193.273 INFO root: 0000 1001 1011 0111 1001 0111 1011 0100 1011 0000 0100 0000 0111 1011 0111 0111# after SR MC SR
00:21:26.194.274 INFO root: 0100 1000 0000 0000 0000 0000 0001 0000 0000 0000 1000 0010 0000 0000 0000 0000# after SSB
00:21:26.195.275 INFO root: 0000 0000 0000 0000 0000 0000 0000 0000 0000 0000 0011 0000 0000 0000 0111 0000# after SR MC SR
00:21:26.195.275 INFO root: 
00:21:26.196.276 INFO root: new trail: 0101110100000000 -> 0000000000110111
00:21:26.234.314 INFO root: #trails 20 
00:21:26.235.314 INFO root: mask pair #4149 / 65025: 0110000000010001 1010000000000000anfI_max <DenseSet hash=be5161a098043e6b n=16 wt=102 | 3:1 4:18 5:58 6:25> anfO_max <DenseSet hash=4d700f45c27717be n=16 wt=76 | 3:9 4:32 5:27 6:8>
00:21:34.798.878 INFO root: solving SAT...
00:23:27.411.491 INFO root: SAT solve time: 112.61190128326416
00:23:27.412.492 INFO root: SAT_times: 13.5 - 125.8, avg 48.9 med 41.5
00:23:27.412.492 INFO root: middle division transition ~1011101100000000 -> 0000011100000111 (~6 -> 6)
00:23:27.413.493 INFO root: mid transition: 1011101100000000 0000011100000111 6 6
00:23:27.413.493 INFO root: full trace:
00:23:27.414.494 INFO root: 1111 1111 0100 1111 1111 1111 0100 1111 1111 1111 1111 1111 1111 1111 1111 1111# initial
00:23:27.414.494 INFO root: 1111 0110 1110 1111 1011 1111 1111 1111 1101 1111 1111 1111 1111 1111 1111 1011# after SR MC SR
00:23:27.415.495 INFO root: 0010 1111 0100 1111 0000 0001 1111 0010 1111 0100 0110 0110 0011 1111 1111 0011# after SSB
00:23:27.415.495 INFO root: 1011 1101 1111 1011 1011 0000 1011 1110 1101 1101 0000 0111 0000 0000 1101 0111# after SR MC SR
00:23:27.416.496 INFO root: 0000 0001 0000 0100 1000 0000 0010 0000 0000 0000 0000 0100 0000 0000 0010 0000# after SSB
00:23:27.416.496 INFO root: 0000 0000 0000 0000 0000 0000 0111 0000 0000 0000 0000 0000 0000 0000 0111 0000# after SR MC SR
00:23:27.417.496 INFO root: 
00:23:27.417.497 INFO root: new trail: 1011101100000000 -> 0000011100000111
00:23:27.449.529 INFO root: #trails 21 
00:23:27.449.529 INFO root: mask pair #6158 / 65025: 0001011000010110 1011000000000000anfI_max <DenseSet hash=147dadc3b536282f n=16 wt=115 | 3:4 4:20 5:75 6:16> anfO_max <DenseSet hash=5fa4d26b96d67071 n=16 wt=59 | 3:2 5:40 6:17>
00:23:34.718.798 INFO root: solving SAT...
00:24:34.618.698 INFO root: SAT solve time: 59.89950442314148
00:24:34.619.699 INFO root: SAT_times: 13.5 - 125.8, avg 49.4 med 46.7
00:24:34.619.699 INFO root: middle division transition ~0000100110100000 -> 0000011100001101 (~4 -> 6)
00:24:34.620.700 INFO root: mid transition: 0000100110100000 0000011100001101 4 6
00:24:34.620.700 INFO root: full trace:
00:24:34.621.701 INFO root: 1111 1111 1111 1111 1111 1111 0110 1111 1111 1111 0101 1111 1111 1111 1111 1111# initial
00:24:34.621.701 INFO root: 1111 1111 1111 1111 1101 1111 1111 1111 1111 1111 0111 1101 1111 0111 1111 1111# after SR MC SR
00:24:34.622.702 INFO root: 0111 1110 1000 0100 1111 1001 1111 0100 1010 1111 1000 0100 1000 0110 1000 1111# after SSB
00:24:34.623.702 INFO root: 0111 1110 1011 1111 1101 1011 1101 0111 0000 0001 1000 0111 1001 1011 0000 0000# after SR MC SR
00:24:34.623.703 INFO root: 0000 0100 0000 0010 1000 0000 0010 0000 0000 0010 0000 1000 0000 0000 0000 0000# after SSB
00:24:34.624.704 INFO root: 0000 0000 0000 0000 0000 0000 0111 0000 0000 0000 0000 0000 0000 0000 1101 0000# after SR MC SR
00:24:34.624.704 INFO root: 
00:24:34.624.704 INFO root: new trail: 0000100110100000 -> 0000011100001101
00:24:34.633.712 INFO root: #trails 22 
00:24:34.633.713 INFO root: mask pair #6574 / 65025: 0110000000000000 1010000000001011anfI_max <DenseSet hash=1f35bb0005968012 n=16 wt=76 | 3:5 4:20 5:32 6:19> anfO_max <DenseSet hash=421e8930ab1f714d n=16 wt=80 | 3:6 4:16 5:35 6:23>
00:24:46.418.498 INFO root: solving SAT...
00:26:49.888.968 INFO root: SAT solve time: 123.4694287776947
00:26:49.889.969 INFO root: SAT_times: 13.5 - 125.8, avg 52.7 med 46.7
00:26:49.889.969 INFO root: middle division transition ~1101000010110000 -> 0000101100010000 (~6 -> 4)
00:26:49.889.969 INFO root: mid transition: 1101000010110000 0000101100010000 6 4
00:26:49.890.970 INFO root: full trace:
00:26:49.890.970 INFO root: 1111 1111 0010 1111 1111 1111 1111 1111 1111 1111 0100 1111 1111 1111 1111 1111# initial
00:26:49.891.971 INFO root: 1011 1111 1101 1111 1111 1111 1111 0111 1110 1111 1111 1111 1111 1011 1111 1101# after SR MC SR
00:26:49.891.971 INFO root: 0001 1000 1111 0011 1000 0010 1000 1000 0010 1111 1001 0000 1000 0100 1000 1111# after SSB
00:26:49.892.972 INFO root: 1101 0000 0111 0101 0100 1101 0000 0000 0000 1011 1101 0010 1101 1001 0100 0100# after SR MC SR
00:26:49.892.972 INFO root: 0000 0000 0000 0100 0010 0010 0000 0000 0000 0000 0000 0000 0000 0000 0100 0000# after SSB
00:26:49.893.973 INFO root: 0000 0000 0000 0000 0000 0000 1011 0000 0000 0000 0001 0000 0000 0000 0000 0000# after SR MC SR
00:26:49.893.973 INFO root: 
00:26:49.893.973 INFO root: new trail: 1101000010110000 -> 0000101100010000
00:26:49.903.982 INFO root: #trails 23 
00:26:49.903.983 INFO root: mask pair #7166 / 65025: 0001000101110110 1010000010110000anfI_max <DenseSet hash=a3e45429ddd0d4d0 n=16 wt=98 | 3:2 4:28 5:44 6:24> anfO_max <DenseSet hash=1a8dfb26200531c3 n=16 wt=75 | 3:5 4:22 5:30 6:18>
00:26:56.958.038 INFO root: solving SAT...
00:27:37.627.707 INFO root: SAT solve time: 40.66849493980408
00:27:37.627.707 INFO root: SAT_times: 13.5 - 125.8, avg 52.2 med 46.7
00:27:37.627.707 INFO root: middle division transition ~1011000010110000 -> 0111101100000000 (~6 -> 6)
00:27:37.628.708 INFO root: mid transition: 1011000010110000 0111101100000000 6 6
00:27:37.628.708 INFO root: full trace:
00:27:37.628.708 INFO root: 1111 1111 0100 1111 1111 1111 1111 1111 1111 1111 0100 1111 1111 1111 1111 1111# initial
00:27:37.629.709 INFO root: 1111 1111 1111 1111 1111 1011 1111 0111 0111 1111 0111 1111 1111 0111 1111 1101# after SR MC SR
00:27:37.629.709 INFO root: 1100 1111 1010 0000 1101 1000 1111 0110 1111 1000 0100 0100 0111 0000 1011 1111# after SSB
00:27:37.629.709 INFO root: 1101 1100 0111 1011 1011 1010 0100 1100 1101 0111 0000 1111 0000 1110 1101 0000# after SR MC SR
00:27:37.630.710 INFO root: 0000 0000 0100 0010 1000 0000 0000 0100 0000 0010 0000 0000 0000 0001 0000 0000# after SSB
00:27:37.630.710 INFO root: 0000 0000 0111 0000 0000 0000 1011 0000 0000 0000 0000 0000 0000 0000 0000 0000# after SR MC SR
00:27:37.630.710 INFO root: 
00:27:37.631.710 INFO root: new trail: 1011000010110000 -> 0111101100000000
00:27:37.676.756 INFO root: #trails 24 
00:27:37.676.756 INFO root: mask pair #12607 / 65025: 0110000000000111 1010000000000000anfI_max <DenseSet hash=fc64358e9fe3af2d n=16 wt=75 | 3:3 4:13 5:24 6:35> anfO_max <DenseSet hash=4d700f45c27717be n=16 wt=76 | 3:9 4:32 5:27 6:8>
00:27:44.628.707 INFO root: solving SAT...
00:28:08.049.129 INFO root: SAT solve time: 23.420692920684814
00:28:08.049.129 INFO root: SAT_times: 13.5 - 125.8, avg 51.0 med 41.5
00:28:08.049.129 INFO root: middle division transition ~1011000001110000 -> 0000011100110000 (~6 -> 5)
00:28:08.050.130 INFO root: mid transition: 1011000001110000 0000011100110000 6 5
00:28:08.050.130 INFO root: full trace:
00:28:08.050.130 INFO root: 1111 1111 0100 1111 1111 1111 1111 1111 1111 1111 1000 1111 1111 1111 1111 1111# initial
00:28:08.050.130 INFO root: 1101 1111 1111 1111 1111 1101 1111 1111 1101 1111 1101 1111 1111 1011 1111 1011# after SR MC SR
00:28:08.051.131 INFO root: 0000 1000 0010 0100 0110 0010 1111 0010 0100 0100 0010 1111 1111 0100 1000 1001# after SSB
00:28:08.051.131 INFO root: 0100 1011 1010 1011 0111 1000 0000 1001 0001 1010 0001 1111 0000 0000 1011 0000# after SR MC SR
00:28:08.052.131 INFO root: 1000 0000 0000 0100 0000 0000 0000 0000 0000 0100 0000 0000 0000 0000 0010 0010# after SSB
00:28:08.052.132 INFO root: 0000 0000 0000 0000 0000 0000 0111 0000 0000 0000 0011 0000 0000 0000 0000 0000# after SR MC SR
00:28:08.052.132 INFO root: 
00:28:08.052.132 INFO root: new trail: 1011000001110000 -> 0000011100110000
00:28:08.155.235 INFO root: #trails 25 
00:28:08.155.235 INFO root: mask pair #25383 / 65025: 0000000000000110 0000000110110000anfI_max <DenseSet hash=68c34902e61fdf85 n=16 wt=92 | 3:2 4:18 5:64 6:8> anfO_max <DenseSet hash=803f4267f7f43d75 n=16 wt=85 | 3:4 4:21 5:45 6:15>
00:28:15.171.251 INFO root: solving SAT...
00:28:51.552.632 INFO root: SAT solve time: 36.380300760269165
00:28:51.552.632 INFO root: SAT_times: 13.5 - 125.8, avg 50.5 med 41.5
00:28:51.553.633 INFO root: middle division transition ~1011000010110000 -> 0110110100000000 (~6 -> 5)
00:28:51.553.633 INFO root: mid transition: 1011000010110000 0110110100000000 6 5
00:28:51.553.633 INFO root: full trace:
00:28:51.554.634 INFO root: 1111 1111 0100 1111 1111 1111 1111 1111 1111 1111 0100 1111 1111 1111 1111 1111# initial
00:28:51.554.634 INFO root: 1110 1111 1101 1111 1111 1110 1111 0111 1110 1111 1111 1111 1111 0111 1111 1111# after SR MC SR
00:28:51.554.634 INFO root: 0101 0100 0010 0010 0010 0001 1001 0100 1000 0110 1111 1111 1000 1000 1000 1100# after SSB
00:28:51.555.635 INFO root: 0111 1011 0000 1111 1010 1011 0000 0111 0010 0000 0000 0111 0001 1011 0000 0000# after SR MC SR
00:28:51.555.635 INFO root: 0000 0000 0000 0010 0001 0000 0000 0100 0001 1000 0000 0000 0000 0000 0000 0000# after SSB
00:28:51.555.635 INFO root: 0000 0000 0110 0000 0000 0000 1101 0000 0000 0000 0000 0000 0000 0000 0000 0000# after SR MC SR
00:28:51.556.636 INFO root: 
00:28:51.556.636 INFO root: new trail: 1011000010110000 -> 0110110100000000
00:28:51.616.696 INFO root: #trails 26 
00:28:51.617.696 INFO root: mask pair #32579 / 65025: 0111000101110001 1010000000000000anfI_max <DenseSet hash=ede16bc31b23cf2d n=16 wt=76 | 3:5 4:17 5:21 6:33> anfO_max <DenseSet hash=4d700f45c27717be n=16 wt=76 | 3:9 4:32 5:27 6:8>
00:28:58.856.936 INFO root: solving SAT...
00:29:40.157.237 INFO root: SAT solve time: 41.2998833656311
00:29:40.157.237 INFO root: SAT_times: 13.5 - 125.8, avg 50.1 med 41.3
00:29:40.157.237 INFO root: middle division transition ~0000011101110000 -> 0000011101110000 (~6 -> 6)
00:29:40.158.238 INFO root: mid transition: 0000011101110000 0000011101110000 6 6
00:29:40.158.238 INFO root: full trace:
00:29:40.158.238 INFO root: 1111 1111 1111 1111 1111 1111 1000 1111 1111 1111 1000 1111 1111 1111 1111 1111# initial
00:29:40.158.238 INFO root: 0111 1111 1111 1111 1111 1111 1111 1111 1111 1111 1101 1011 1111 1101 1010 1111# after SR MC SR
00:29:40.159.239 INFO root: 1000 0010 0000 1111 0110 1111 1111 0011 1111 1000 0010 0011 1100 0100 0011 1100# after SSB
00:29:40.159.239 INFO root: 1001 0000 0111 1011 0111 0001 0000 0111 0000 1111 1101 1011 0110 0000 1011 0111# after SR MC SR
00:29:40.159.239 INFO root: 0000 0000 0000 1000 1000 0001 0000 0000 0000 1000 1000 0000 0000 0000 0000 0100# after SSB
00:29:40.160.240 INFO root: 0000 0000 0000 0000 0000 0000 0111 0000 0000 0000 0111 0000 0000 0000 0000 0000# after SR MC SR
00:29:40.160.240 INFO root: 
00:29:40.160.240 INFO root: new trail: 0000011101110000 -> 0000011101110000
00:29:40.211.291 INFO root: #trails 27 
00:29:40.212.292 INFO root: mask pair #37541 / 65025: 0001000000000000 1010000000001011anfI_max <DenseSet hash=c624d6a10178ac83 n=16 wt=78 | 3:11 4:28 5:28 6:11> anfO_max <DenseSet hash=421e8930ab1f714d n=16 wt=80 | 3:6 4:16 5:35 6:23>
00:29:47.124.204 INFO root: solving SAT...
00:30:38.739.819 INFO root: SAT solve time: 51.61445879936218
00:30:38.739.819 INFO root: SAT_times: 13.5 - 125.8, avg 50.2 med 41.5
00:30:38.740.820 INFO root: middle division transition ~0000101110110000 -> 1011000011010000 (~6 -> 6)
00:30:38.740.820 INFO root: mid transition: 0000101110110000 1011000011010000 6 6
00:30:38.740.820 INFO root: full trace:
00:30:38.740.820 INFO root: 1111 1111 1111 1111 1111 1111 0100 1111 1111 1111 0100 1111 1111 1111 1111 1111# initial
00:30:38.741.821 INFO root: 1011 0111 1111 1111 0111 1111 1111 1101 1111 1111 1111 1111 1111 0111 0111 1111# after SR MC SR
00:30:38.741.821 INFO root: 0110 1111 1001 0100 0000 0100 0100 1001 1111 0000 1000 1111 0010 0010 1111 0110# after SSB
00:30:38.741.821 INFO root: 0000 0000 1110 0000 1111 0000 0111 0111 0111 0000 1011 1011 0101 0000 1110 1101# after SR MC SR
00:30:38.742.822 INFO root: 0010 0000 0100 0000 0000 0000 0000 0000 0101 0000 1000 0000 0000 0000 0000 0010# after SSB
00:30:38.742.822 INFO root: 0000 0000 1011 0000 0000 0000 0000 0000 0000 0000 1101 0000 0000 0000 0000 0000# after SR MC SR
00:30:38.742.822 INFO root: 
00:30:38.742.822 INFO root: new trail: 0000101110110000 -> 1011000011010000
00:30:38.772.852 INFO root: #trails 28 
00:30:38.773.852 INFO root: mask pair #41087 / 65025: 0110011000000001 0000000100000000anfI_max <DenseSet hash=5dcedb7458fee61f n=16 wt=100 | 3:2 4:24 5:58 6:16> anfO_max <DenseSet hash=e602ded485a2d8fc n=16 wt=77 | 3:5 4:19 5:42 6:11>
00:30:45.825.905 INFO root: solving SAT...
00:31:16.718.798 INFO root: SAT solve time: 30.89193081855774
00:31:16.718.798 INFO root: SAT_times: 13.5 - 125.8, avg 49.5 med 41.3
00:31:16.719.798 INFO root: middle division transition ~0110000010110000 -> 1001000001110000 (~5 -> 5)
00:31:16.719.799 INFO root: mid transition: 0110000010110000 1001000001110000 5 5
00:31:16.719.799 INFO root: full trace:
00:31:16.720.799 INFO root: 1111 1111 1001 1111 1111 1111 1111 1111 1111 1111 0100 1111 1111 1111 1111 1111# initial
00:31:16.720.800 INFO root: 1101 1111 0111 1111 1111 1011 1111 1011 1111 1111 1111 1111 1111 0111 1111 1111# after SR MC SR
00:31:16.721.801 INFO root: 0011 1000 1111 1111 0010 0011 0011 0100 1111 1111 0100 0010 0110 0000 0100 0011# after SSB
00:31:16.721.801 INFO root: 0000 0111 0011 1010 1101 1101 1001 1001 0010 1011 1100 0000 1011 1101 0000 0111# after SR MC SR
00:31:16.722.802 INFO root: 0100 0000 0010 0000 0000 0001 0000 0000 0000 0000 0000 0000 0000 1000 0000 0010# after SSB
00:31:16.722.802 INFO root: 0000 0000 1001 0000 0000 0000 0000 0000 0000 0000 0111 0000 0000 0000 0000 0000# after SR MC SR
00:31:16.722.802 INFO root: 
00:31:16.723.803 INFO root: new trail: 0110000010110000 -> 1001000001110000
00:31:16.879.959 INFO root: #trails 29 
00:31:16.880.959 INFO root: mask pair #54878 / 65025: 0000011000010000 1010000000000000anfI_max <DenseSet hash=f4f5568bec550dca n=16 wt=107 | 3:4 4:18 5:66 6:19> anfO_max <DenseSet hash=4d700f45c27717be n=16 wt=76 | 3:9 4:32 5:27 6:8>
00:31:24.554.634 INFO root: solving SAT...
00:32:02.479.559 INFO root: SAT solve time: 37.92391014099121
00:32:02.479.559 INFO root: SAT_times: 13.5 - 125.8, avg 49.1 med 41.3
00:32:02.480.559 INFO root: middle division transition ~0000100111010000 -> 1101000001110000 (~5 -> 6)
00:32:02.480.560 INFO root: mid transition: 0000100111010000 1101000001110000 5 6
00:32:02.480.560 INFO root: full trace:
00:32:02.480.560 INFO root: 1111 1111 1111 1111 1111 1111 0110 1111 1111 1111 0010 1111 1111 1111 1111 1111# initial
00:32:02.481.561 INFO root: 0111 1111 1111 1111 1101 1111 1111 0111 1111 1111 1111 1111 1111 0111 1101 1111# after SR MC SR
00:32:02.481.561 INFO root: 1000 1111 0100 1111 0000 1101 1111 1011 1111 1001 0001 0100 1001 1111 1111 1000# after SSB
00:32:02.482.562 INFO root: 0000 0111 1011 1110 1100 1101 0001 0111 1101 1011 0111 0111 0111 0000 1011 1110# after SR MC SR
00:32:02.482.562 INFO root: 1000 0000 0010 0000 0000 0000 0000 0100 0000 0000 0001 0000 0000 1000 0000 1000# after SSB
00:32:02.483.563 INFO root: 0000 0000 1101 0000 0000 0000 0000 0000 0000 0000 0111 0000 0000 0000 0000 0000# after SR MC SR
00:32:02.483.563 INFO root: 
00:32:02.483.563 INFO root: new trail: 0000100111010000 -> 1101000001110000
00:32:02.569.649 INFO root: 
00:32:02.569.649 INFO root: final SAT_times: 13.5 - 125.8, avg 49.1 med 41.3
00:32:02.569.649 INFO root: SAT_times all [13.465672731399536, 13.472668886184692, 14.19053864479065, 14.61824655532837, 23.420692920684814, 30.89193081855774, 34.972777366638184, 35.70969319343567, 36.380300760269165, 37.59162521362305, 37.92391014099121, 38.10019016265869, 38.85116624832153, 40.66849493980408, 41.084721326828, 41.2998833656311, 41.53941345214844, 46.71398997306824, 48.08451437950134, 48.400609731674194, 51.61445879936218, 51.62417531013489, 55.34511709213257, 59.21784019470215, 59.89950442314148, 63.16198515892029, 93.35728931427002, 112.61190128326416, 123.4694287776947, 125.82675862312317]
00:32:02.570.650 INFO root: Trails:
00:32:02.570.650 INFO root: trail ~0111110100000000 -> 0000011110110000: 1111111110001111111111110010111111111111111111111111111111111111 1111111010111111111111111111111101111111111111011111111101111011 1010111100110010101111110000100011111000111101000010100100100110 1111110110010000000000010111101101010000110010110111011100001111 0100000000001000100000000000000000000100001000000000000000000010 0000000000000000000000000111000000000000101100000000000000000000
00:32:02.571.650 INFO root: trail ~1101011100000000 -> 0000101101110000: 1111111100101111111111111000111111111111111111111111111111111111 1111111010111111011111111111111111101111111111111111111111011011 1000111100010010000111111100111110001101100101000100101110001001 1011011000001011101111110000011111000000000010111101101100001011 0001000000000010010000100000000000000010000000000000000000000100 0000000000000000000000001011000000000000011100000000000000000000
00:32:02.571.651 INFO root: trail ~1101000011010000 -> 0111000010110000: 1111111100101111111111111111111111111111001011111111111111111111 1111111111111111111110111111110110111111110111111111101111111101 1111111101011000010011110010000101110100100000101001000011111001 1100000000000111111101110010101100011011110100000000101111111010 0010000010000000000001000000001010000000100000000000000000000000 0000000001110000000000000000000000000000101100000000000000000000
00:32:02.571.651 INFO root: trail ~1011000000001010 -> 1100000000000111: 1111111101001111111111111111111111111111111111111111111101011111 1111111111011111111101111111111111111011111111111101111111111011 0100000000100100010010001111100000101111101011111111100110001000 0000110110110000111000000000001000001101110011011111001111011010 0000000000000000000000001000000001000000000010000010001000000000 0000000011000000000000000000000000000000000000000000000001110000
00:32:02.572.652 INFO root: trail ~0111000010110000 -> 1101000001110000: 1111111110001111111111111111111111111111010011111111111111111111 0111111111011111111111111111011101111111111111111111110111110111 1111111110010000000000101000111101000100111101110011011010001000 1011101010111010110100110000001111110000111001100000101011100000 0010000000100000000000000000000000100000001000000000100000001000 0000000011010000000000000000000000000000011100000000000000000000
00:32:02.572.652 INFO root: trail ~0000110110110000 -> 1001000001110000: 1111111111111111111111110010111111111111010011111111111111111111 1110110111111111111111111111101111111111111110111111101101111111 1111100011111000010011101000010000110001010000011111100011011000 1101000010111011111100001011011110110000110100000000000011101100 0010000000100000000000000000000010000000100000000000000000001000 0000000010010000000000000000000000000000011100000000000000000000
00:32:02.573.653 INFO root: trail ~0111000000000111 -> 0000101100001011: 1111111110001111111111111111111111111111111111111111111110001111 1111111101111110111111011111111111111011111111111101111111110111 0100111110110011111110001100000111010100111110000010000000111010 0110000000000000011011111101001000001101110101010111011011111101 0000100000000000100000000100000000000100000010000000000001000000 0000000000000000000000001011000000000000000000000000000010110000
00:32:02.573.653 INFO root: trail ~0000101100000111 -> 1101000000001011: 1111111111111111111111110100111111111111111111111111111110001111 1111011111110111101111110111111111111110111111111111111110111111 0110010001000100001011000010111110000001111110101111110000001100 0111000000000000011100000111110111110000111110110000000010011111 0000000001000000000000001000100000100000000000100010000000000000 0000000011010000000000000000000000000000000000000000000010110000
00:32:02.574.653 INFO root: trail ~1011011100000000 -> 0000000010110101: 1111111101001111111111111000111111111111111111111111111111111111 1111111011011111011111111111111101111111111111111111111101111101 1111010101001111000001000010100011101111100010101000111100101001 1101011100000111000011100000101110111110000001110111010100001011 1000100000000000000010000000000000000000000000010000000000000100 0000000000000000000000000000000000000000101100000000000001010000
00:32:02.574.654 INFO root: trail ~0000010111010000 -> 0000000010110110: 1111111111111111111111111010111111111111001011111111111111111111 1111111111111111101111111111110111111111110110111111101111111111 1111111111100001001001000100010101101100111101000100100100100010 1110101111100000000000000111110110111001101111010000010000010111 1000100000000000000000000010000000000000010000000000000000000010 0000000000000000000000000000000000000000101100000000000001100000
00:32:02.574.654 INFO root: trail ~0000000011011101 -> 0111000010100000: 1111111111111111111111111111111111111111001011111111111100101111 1011111111111111111111111101110111110111111111111101011111111111 1010000011111111111100100010100000000100010001000100111100101001 0111000000001011000010110000011111011111000010111011000000000111 0000000000000000000000010000001000100000000000000000100000000001 0000000001110000000000000000000000000000101000000000000000000000
00:32:02.575.655 INFO root: trail ~0101000000001011 -> 0000011100001101: 1111111110101111111111111111111111111111111111111111111101001111 1111111111110111111111101101111111111111111111111101111111111011 0110111101000000111111110010001001011000010011110110011011110101 0000101101111011111100000010110110110110101111111011110100000000 0000000000000100100000000010000000000100000000101000000000000000 0000000000000000000000000111000000000000000000000000000011010000
00:32:02.575.655 INFO root: trail ~0000110100001000 -> 0000110100001101: 1111111111111111111111110010111111111111111111111111111101111111 1111011111111111111111111111111111111111111101111110111101111111 1000111101001111010000100010100111110100111100101111001010111000 0101001111111101011101000111111000000000000000110111100110111110 0000000000000010000000000010000000000100000010000100000001000000 0000000000000000000000001101000000000000000000000000000011010000
00:32:02.576.656 INFO root: trail ~1011101100000000 -> 0000101111010000: 1111111101001111111111110100111111111111111111111111111111111111 1111111101111111011111111111111110111111111101111111111111101011 0010111101000101010011110010111101001111000100000100111101001000 0000000011101010110110110111000111111011111000000000101110110000 0100000000000000000100000000000000000010001000000000000001000001 0000000000000000000000001011000000000000110100000000000000000000
00:32:02.576.656 INFO root: trail ~0111101100000000 -> 0111000000000111: 1111111110001111111111110100111111111111111111111111111111111111 1111011110111111111111111111111101111111111111011111111101111110 1000111110000000111110001111111110000001000011111000111100110100 0000110111100000101101110110000000011101011111110011000011101101 0000000010000000000000001000010000000000000000010010100000000000 0000000001110000000000000000000000000000000000000000000001110000
00:32:02.576.656 INFO root: trail ~1011000000001011 -> 0000011101110000: 1111111101001111111111111111111111111111111111111111111101001111 1111111111011111111101111101111111011110111111110111111111111111 1111111111001111000000000001111110001010010011111000111100011111 0000011101101100110011010000110111010111011101111001110101011011 0000000000001000010001000000000000000001100000000000000000000010 0000000000000000000000000111000000000000011100000000000000000000
00:32:02.577.657 INFO root: trail ~1001000000000111 -> 0111000000001011: 1111111101101111111111111111111111111111111111111111111110001111 1111111111111111111110110111111111111011111111111101111111111101 0110100000100100111110000010100000101111001011111000000011111000 0000111100001101000010110111011000001101111001111111000000000000 0000100000000000000000000100010000010000000000000010100000000000 0000000001110000000000000000000000000000000000000000000010110000
00:32:02.577.657 INFO root: trail ~1011000001110000 -> 0111011100000000: 1111111101001111111111111111111111111111100011111111111111111111 1111111111111111111111011111110111101111011111111111111011111011 1000110101000010111100101001111100100111001001001111000111110010 0010010011011011110111011101010001001101000010111110011011010000 0000000001000100100000000000000000010010000000000000001000000000 0000000001110000000000000111000000000000000000000000000000000000
00:32:02.578.658 INFO root: trail ~1011000000000111 -> 1101000001100000: 1111111101001111111111111111111111111111111111111111111110001111 1111111111111111111101110111111101111101111111110111111111111011 0100100000100100111111110100100000001000001011111000000011111000 1111011000001100010000111100000000001101011110001011000011010000 0100000000100000000000100000010010000000000000000000000000000000 0000000011010000000000000000000000000000011000000000000000000000
00:32:02.578.658 INFO root: trail ~0101110100000000 -> 0000000000110111: 1111111110101111111111110010111111111111111111111111111111111111 1111011111111111101111011111111111111111111111111111111101110111 1001000001010111001001000011111100110010001001001111111111110100 0000100110110111100101111011010010110000010000000111101101110111 0100100000000000000000000001000000000000100000100000000000000000 0000000000000000000000000000000000000000001100000000000001110000
00:32:02.578.658 INFO root: trail ~1011101100000000 -> 0000011100000111: 1111111101001111111111110100111111111111111111111111111111111111 1111011011101111101111111111111111011111111111111111111111111011 0010111101001111000000011111001011110100011001100011111111110011 1011110111111011101100001011111011011101000001110000000011010111 0000000100000100100000000010000000000000000001000000000000100000 0000000000000000000000000111000000000000000000000000000001110000
00:32:02.579.659 INFO root: trail ~0000100110100000 -> 0000011100001101: 1111111111111111111111110110111111111111010111111111111111111111 1111111111111111110111111111111111111111011111011111011111111111 0111111010000100111110011111010010101111100001001000011010001111 0111111010111111110110111101011100000001100001111001101100000000 0000010000000010100000000010000000000010000010000000000000000000 0000000000000000000000000111000000000000000000000000000011010000
00:32:02.579.659 INFO root: trail ~1101000010110000 -> 0000101100010000: 1111111100101111111111111111111111111111010011111111111111111111 1011111111011111111111111111011111101111111111111111101111111101 0001100011110011100000101000100000101111100100001000010010001111 1101000001110101010011010000000000001011110100101101100101000100 0000000000000100001000100000000000000000000000000000000001000000 0000000000000000000000001011000000000000000100000000000000000000
00:32:02.580.660 INFO root: trail ~1011000010110000 -> 0111101100000000: 1111111101001111111111111111111111111111010011111111111111111111 1111111111111111111110111111011101111111011111111111011111111101 1100111110100000110110001111011011111000010001000111000010111111 1101110001111011101110100100110011010111000011110000111011010000 0000000001000010100000000000010000000010000000000000000100000000 0000000001110000000000001011000000000000000000000000000000000000
00:32:02.580.660 INFO root: trail ~1011000001110000 -> 0000011100110000: 1111111101001111111111111111111111111111100011111111111111111111 1101111111111111111111011111111111011111110111111111101111111011 0000100000100100011000101111001001000100001011111111010010001001 0100101110101011011110000000100100011010000111110000000010110000 1000000000000100000000000000000000000100000000000000000000100010 0000000000000000000000000111000000000000001100000000000000000000
00:32:02.581.661 INFO root: trail ~1011000010110000 -> 0110110100000000: 1111111101001111111111111111111111111111010011111111111111111111 1110111111011111111111101111011111101111111111111111011111111111 0101010000100010001000011001010010000110111111111000100010001100 0111101100001111101010110000011100100000000001110001101100000000 0000000000000010000100000000010000011000000000000000000000000000 0000000001100000000000001101000000000000000000000000000000000000
00:32:02.581.661 INFO root: trail ~0000011101110000 -> 0000011101110000: 1111111111111111111111111000111111111111100011111111111111111111 0111111111111111111111111111111111111111110110111111110110101111 1000001000001111011011111111001111111000001000111100010000111100 1001000001111011011100010000011100001111110110110110000010110111 0000000000001000100000010000000000001000100000000000000000000100 0000000000000000000000000111000000000000011100000000000000000000
00:32:02.581.661 INFO root: trail ~0000101110110000 -> 1011000011010000: 1111111111111111111111110100111111111111010011111111111111111111 1011011111111111011111111111110111111111111111111111011101111111 0110111110010100000001000100100111110000100011110010001011110110 0000000011100000111100000111011101110000101110110101000011101101 0010000001000000000000000000000001010000100000000000000000000010 0000000010110000000000000000000000000000110100000000000000000000
00:32:02.582.662 INFO root: trail ~0110000010110000 -> 1001000001110000: 1111111110011111111111111111111111111111010011111111111111111111 1101111101111111111110111111101111111111111111111111011111111111 0011100011111111001000110011010011111111010000100110000001000011 0000011100111010110111011001100100101011110000001011110100000111 0100000000100000000000010000000000000000000000000000100000000010 0000000010010000000000000000000000000000011100000000000000000000
00:32:02.582.662 INFO root: trail ~0000100111010000 -> 1101000001110000: 1111111111111111111111110110111111111111001011111111111111111111 0111111111111111110111111111011111111111111111111111011111011111 1000111101001111000011011111101111111001000101001001111111111000 0000011110111110110011010001011111011011011101110111000010111110 1000000000100000000000000000010000000000000100000000100000001000 0000000011010000000000000000000000000000011100000000000000000000
00:32:02.583.662 INFO root: 
00:32:02.583.663 INFO root: Greedy:
00:32:02.599.679 INFO root: greedy iter, tocover 65025
00:32:12.883.963 INFO root: trail (Bin(0b0110000010110000, n=16), Bin(0b1001000001110000, n=16)) cnt 36864
00:32:12.979.059 INFO root: -----
00:32:12.979.059 INFO root: greedy iter, tocover 28161
00:32:14.129.209 INFO root: trail (Bin(0b0101110100000000, n=16), Bin(0b0000000000110111, n=16)) cnt 16128
00:32:14.171.251 INFO root: -----
00:32:14.171.251 INFO root: greedy iter, tocover 12033
00:32:14.691.771 INFO root: trail (Bin(0b0000100110100000, n=16), Bin(0b0000011100001101, n=16)) cnt 6096
00:32:14.709.789 INFO root: -----
00:32:14.710.790 INFO root: greedy iter, tocover 5937
00:32:14.977.057 INFO root: trail (Bin(0b0000010111010000, n=16), Bin(0b0000000010110110, n=16)) cnt 3044
00:32:14.986.066 INFO root: -----
00:32:14.987.066 INFO root: greedy iter, tocover 2893
00:32:15.123.203 INFO root: trail (Bin(0b0000110100001000, n=16), Bin(0b0000110100001101, n=16)) cnt 1462
00:32:15.128.208 INFO root: -----
00:32:15.129.209 INFO root: greedy iter, tocover 1431
00:32:15.195.275 INFO root: trail (Bin(0b1001000000000111, n=16), Bin(0b0111000000001011, n=16)) cnt 728
00:32:15.198.277 INFO root: -----
00:32:15.198.278 INFO root: greedy iter, tocover 703
00:32:15.242.322 INFO root: trail (Bin(0b0000000011011101, n=16), Bin(0b0111000010100000, n=16)) cnt 328
00:32:15.245.325 INFO root: -----
00:32:15.245.325 INFO root: greedy iter, tocover 375
00:32:15.276.355 INFO root: trail (Bin(0b1011000001110000, n=16), Bin(0b0000011100110000, n=16)) cnt 179
00:32:15.277.357 INFO root: -----
00:32:15.277.357 INFO root: greedy iter, tocover 196
00:32:15.293.373 INFO root: trail (Bin(0b1011000000000111, n=16), Bin(0b1101000001100000, n=16)) cnt 70
00:32:15.294.374 INFO root: -----
00:32:15.294.374 INFO root: greedy iter, tocover 126
00:32:15.305.385 INFO root: trail (Bin(0b1011000010110000, n=16), Bin(0b0110110100000000, n=16)) cnt 46
00:32:15.306.385 INFO root: -----
00:32:15.306.386 INFO root: greedy iter, tocover 80
00:32:15.312.392 INFO root: trail (Bin(0b1011000000001010, n=16), Bin(0b1100000000000111, n=16)) cnt 33
00:32:15.313.393 INFO root: -----
00:32:15.313.393 INFO root: greedy iter, tocover 47
00:32:15.316.396 INFO root: trail (Bin(0b0000101110110000, n=16), Bin(0b1011000011010000, n=16)) cnt 18
00:32:15.316.396 INFO root: -----
00:32:15.316.396 INFO root: greedy iter, tocover 29
00:32:15.318.398 INFO root: trail (Bin(0b1011101100000000, n=16), Bin(0b0000011100000111, n=16)) cnt 10
00:32:15.319.398 INFO root: -----
00:32:15.319.399 INFO root: greedy iter, tocover 19
00:32:15.320.400 INFO root: trail (Bin(0b1011000000001011, n=16), Bin(0b0000011101110000, n=16)) cnt 7
00:32:15.320.400 INFO root: -----
00:32:15.320.400 INFO root: greedy iter, tocover 12
00:32:15.321.401 INFO root: trail (Bin(0b0111101100000000, n=16), Bin(0b0111000000000111, n=16)) cnt 4
00:32:15.321.401 INFO root: -----
00:32:15.322.402 INFO root: greedy iter, tocover 8
00:32:15.322.402 INFO root: trail (Bin(0b0000100111010000, n=16), Bin(0b1101000001110000, n=16)) cnt 3
00:32:15.322.402 INFO root: -----
00:32:15.323.402 INFO root: greedy iter, tocover 5
00:32:15.323.403 INFO root: trail (Bin(0b1101000010110000, n=16), Bin(0b0000101100010000, n=16)) cnt 2
00:32:15.323.403 INFO root: -----
00:32:15.323.403 INFO root: greedy iter, tocover 3
00:32:15.324.404 INFO root: trail (Bin(0b0000110110110000, n=16), Bin(0b1001000001110000, n=16)) cnt 2
00:32:15.324.404 INFO root: -----
00:32:15.324.404 INFO root: greedy iter, tocover 1
00:32:15.324.404 INFO root: trail (Bin(0b1011011100000000, n=16), Bin(0b0000000010110101, n=16)) cnt 1
00:32:15.325.404 INFO root: -----
00:32:15.325.405 INFO root: chosen trails: 19
00:32:15.325.405 INFO root: trail ~0110000010110000 -> 1001000001110000: 1111111110011111111111111111111111111111010011111111111111111111 1101111101111111111110111111101111111111111111111111011111111111 0011100011111111001000110011010011111111010000100110000001000011 0000011100111010110111011001100100101011110000001011110100000111 0100000000100000000000010000000000000000000000000000100000000010 0000000010010000000000000000000000000000011100000000000000000000
00:32:15.326.406 INFO root: trail ~0101110100000000 -> 0000000000110111: 1111111110101111111111110010111111111111111111111111111111111111 1111011111111111101111011111111111111111111111111111111101110111 1001000001010111001001000011111100110010001001001111111111110100 0000100110110111100101111011010010110000010000000111101101110111 0100100000000000000000000001000000000000100000100000000000000000 0000000000000000000000000000000000000000001100000000000001110000
00:32:15.327.407 INFO root: trail ~0000100110100000 -> 0000011100001101: 1111111111111111111111110110111111111111010111111111111111111111 1111111111111111110111111111111111111111011111011111011111111111 0111111010000100111110011111010010101111100001001000011010001111 0111111010111111110110111101011100000001100001111001101100000000 0000010000000010100000000010000000000010000010000000000000000000 0000000000000000000000000111000000000000000000000000000011010000
00:32:15.328.408 INFO root: trail ~0000010111010000 -> 0000000010110110: 1111111111111111111111111010111111111111001011111111111111111111 1111111111111111101111111111110111111111110110111111101111111111 1111111111100001001001000100010101101100111101000100100100100010 1110101111100000000000000111110110111001101111010000010000010111 1000100000000000000000000010000000000000010000000000000000000010 0000000000000000000000000000000000000000101100000000000001100000
00:32:15.329.409 INFO root: trail ~0000110100001000 -> 0000110100001101: 1111111111111111111111110010111111111111111111111111111101111111 1111011111111111111111111111111111111111111101111110111101111111 1000111101001111010000100010100111110100111100101111001010111000 0101001111111101011101000111111000000000000000110111100110111110 0000000000000010000000000010000000000100000010000100000001000000 0000000000000000000000001101000000000000000000000000000011010000
00:32:15.330.410 INFO root: trail ~1001000000000111 -> 0111000000001011: 1111111101101111111111111111111111111111111111111111111110001111 1111111111111111111110110111111111111011111111111101111111111101 0110100000100100111110000010100000101111001011111000000011111000 0000111100001101000010110111011000001101111001111111000000000000 0000100000000000000000000100010000010000000000000010100000000000 0000000001110000000000000000000000000000000000000000000010110000
00:32:15.331.411 INFO root: trail ~0000000011011101 -> 0111000010100000: 1111111111111111111111111111111111111111001011111111111100101111 1011111111111111111111111101110111110111111111111101011111111111 1010000011111111111100100010100000000100010001000100111100101001 0111000000001011000010110000011111011111000010111011000000000111 0000000000000000000000010000001000100000000000000000100000000001 0000000001110000000000000000000000000000101000000000000000000000
00:32:15.331.411 INFO root: trail ~1011000001110000 -> 0000011100110000: 1111111101001111111111111111111111111111100011111111111111111111 1101111111111111111111011111111111011111110111111111101111111011 0000100000100100011000101111001001000100001011111111010010001001 0100101110101011011110000000100100011010000111110000000010110000 1000000000000100000000000000000000000100000000000000000000100010 0000000000000000000000000111000000000000001100000000000000000000
00:32:15.332.412 INFO root: trail ~1011000000000111 -> 1101000001100000: 1111111101001111111111111111111111111111111111111111111110001111 1111111111111111111101110111111101111101111111110111111111111011 0100100000100100111111110100100000001000001011111000000011111000 1111011000001100010000111100000000001101011110001011000011010000 0100000000100000000000100000010010000000000000000000000000000000 0000000011010000000000000000000000000000011000000000000000000000
00:32:15.333.413 INFO root: trail ~1011000010110000 -> 0110110100000000: 1111111101001111111111111111111111111111010011111111111111111111 1110111111011111111111101111011111101111111111111111011111111111 0101010000100010001000011001010010000110111111111000100010001100 0111101100001111101010110000011100100000000001110001101100000000 0000000000000010000100000000010000011000000000000000000000000000 0000000001100000000000001101000000000000000000000000000000000000
00:32:15.334.413 INFO root: trail ~1011000000001010 -> 1100000000000111: 1111111101001111111111111111111111111111111111111111111101011111 1111111111011111111101111111111111111011111111111101111111111011 0100000000100100010010001111100000101111101011111111100110001000 0000110110110000111000000000001000001101110011011111001111011010 0000000000000000000000001000000001000000000010000010001000000000 0000000011000000000000000000000000000000000000000000000001110000
00:32:15.334.414 INFO root: trail ~0000101110110000 -> 1011000011010000: 1111111111111111111111110100111111111111010011111111111111111111 1011011111111111011111111111110111111111111111111111011101111111 0110111110010100000001000100100111110000100011110010001011110110 0000000011100000111100000111011101110000101110110101000011101101 0010000001000000000000000000000001010000100000000000000000000010 0000000010110000000000000000000000000000110100000000000000000000
00:32:15.335.415 INFO root: trail ~1011101100000000 -> 0000011100000111: 1111111101001111111111110100111111111111111111111111111111111111 1111011011101111101111111111111111011111111111111111111111111011 0010111101001111000000011111001011110100011001100011111111110011 1011110111111011101100001011111011011101000001110000000011010111 0000000100000100100000000010000000000000000001000000000000100000 0000000000000000000000000111000000000000000000000000000001110000
00:32:15.336.416 INFO root: trail ~1011000000001011 -> 0000011101110000: 1111111101001111111111111111111111111111111111111111111101001111 1111111111011111111101111101111111011110111111110111111111111111 1111111111001111000000000001111110001010010011111000111100011111 0000011101101100110011010000110111010111011101111001110101011011 0000000000001000010001000000000000000001100000000000000000000010 0000000000000000000000000111000000000000011100000000000000000000
00:32:15.337.417 INFO root: trail ~0111101100000000 -> 0111000000000111: 1111111110001111111111110100111111111111111111111111111111111111 1111011110111111111111111111111101111111111111011111111101111110 1000111110000000111110001111111110000001000011111000111100110100 0000110111100000101101110110000000011101011111110011000011101101 0000000010000000000000001000010000000000000000010010100000000000 0000000001110000000000000000000000000000000000000000000001110000
00:32:15.337.417 INFO root: trail ~0000100111010000 -> 1101000001110000: 1111111111111111111111110110111111111111001011111111111111111111 0111111111111111110111111111011111111111111111111111011111011111 1000111101001111000011011111101111111001000101001001111111111000 0000011110111110110011010001011111011011011101110111000010111110 1000000000100000000000000000010000000000000100000000100000001000 0000000011010000000000000000000000000000011100000000000000000000
00:32:15.338.418 INFO root: trail ~1101000010110000 -> 0000101100010000: 1111111100101111111111111111111111111111010011111111111111111111 1011111111011111111111111111011111101111111111111111101111111101 0001100011110011100000101000100000101111100100001000010010001111 1101000001110101010011010000000000001011110100101101100101000100 0000000000000100001000100000000000000000000000000000000001000000 0000000000000000000000001011000000000000000100000000000000000000
00:32:15.339.419 INFO root: trail ~0000110110110000 -> 1001000001110000: 1111111111111111111111110010111111111111010011111111111111111111 1110110111111111111111111111101111111111111110111111101101111111 1111100011111000010011101000010000110001010000011111100011011000 1101000010111011111100001011011110110000110100000000000011101100 0010000000100000000000000000000010000000100000000000000000001000 0000000010010000000000000000000000000000011100000000000000000000
00:32:15.340.420 INFO root: trail ~1011011100000000 -> 0000000010110101: 1111111101001111111111111000111111111111111111111111111111111111 1111111011011111011111111111111101111111111111111111111101111101 1111010101001111000001000010100011101111100010101000111100101001 1101011100000111000011100000101110111110000001110111010100001011 1000100000000000000010000000000000000000000000010000000000000100 0000000000000000000000000000000000000000101100000000000001010000
00:32:15.341.421 INFO root: end
