00:00:05.443.462 INFO root: starting at 2021-09-13.18:30:59
00:00:05.444.462 INFO root: I = 0 J = 1:
00:00:05.445.463 INFO root: ~0011000000001101 -> 0000000011000111:
00:00:05.445.464 INFO root:    1100111111111111111111111111111111111111111111110010111111111111
00:00:05.446.464 INFO root:    1111110111111111110111111111101111111111011111111111111111101111
00:00:05.446.464 INFO root:    1000110001000010101011110010111100101111010001001111000100100010
00:00:05.446.465 INFO root:    0000101111000110001110110000101101011011100011011101111000000000
00:00:05.446.465 INFO root:    0010000000000000000000010000000000000010000000000000000000011000
00:00:05.447.465 INFO root:    0000000000000000000000000000000000001100000000000000011100000000
00:00:07.206.224 INFO root: load .cache/SboxDivision.full_dppt.self_sbox0F7EC76E48F1C66A.args_068BA53CAF4BB89BC84341E5E0A9E860E078799A9E9F3CD8F2B19C3FC4CEC936 succeeded
00:00:10.214.233 INFO root: load .cache/SboxDivision.full_dppt.self_sbox97CD3E51D99FE8E5.args_068BA53CAF4BB89BC84341E5E0A9E860E078799A9E9F3CD8F2B19C3FC4CEC936 succeeded
00:00:12.299.318 INFO root: load .cache/SboxDivision.full_dppt.self_sboxFA83BF4B256071FB.args_068BA53CAF4BB89BC84341E5E0A9E860E078799A9E9F3CD8F2B19C3FC4CEC936 succeeded
00:00:17.461.480 INFO root: load .cache/SboxDivision.full_dppt.self_sboxB5083D73B8917F33.args_068BA53CAF4BB89BC84341E5E0A9E860E078799A9E9F3CD8F2B19C3FC4CEC936 succeeded
00:00:20.892.910 INFO root: verify ok! 8 SuperSboxes 12 MixColumns
00:00:20.892.911 INFO root: ~0000101100000110 -> 0000101100001001:
00:00:20.893.911 INFO root:    1111111111111111010011111111111111111111111111111001111111111111
00:00:20.893.912 INFO root:    1111011111111111111111111110111111110111111101111011111111111111
00:00:20.893.912 INFO root:    0011110011111000010000011111001011111000001011111010001010001000
00:00:20.894.912 INFO root:    1100110110110111111011000000000011100000000010110010101111101010
00:00:20.894.913 INFO root:    1000000000100000000001000000001010000000000000000000000000000000
00:00:20.894.913 INFO root:    0000000000000000000010110000000000000000000000000000100100000000
00:00:31.970.989 INFO root: verify ok! 8 SuperSboxes 12 MixColumns
00:00:31.971.990 INFO root: ~1101110100000000 -> 0000000001111010:
00:00:31.972.990 INFO root:    0010111111111111001011111111111111111111111111111111111111111111
00:00:31.972.991 INFO root:    1011111111111101111111111101110111111111111111111101111011111111
00:00:31.972.991 INFO root:    1111111100101000100010001111001011011111110000000000010010001111
00:00:31.973.991 INFO root:    1011000000000000101011011011101100001111101110110000110001110111
00:00:31.973.992 INFO root:    0000000000000000010001000000000000000010000000000000000000100100
00:00:31.973.992 INFO root:    0000000000000000000000000000000000000111000000000000101000000000
00:00:42.636.655 INFO root: verify ok! 8 SuperSboxes 12 MixColumns
00:00:42.637.656 INFO root: ~1011110100000000 -> 1100000000001101:
00:00:42.638.656 INFO root:    0100111111111111001011111111111111111111111111111111111111111111
00:00:42.638.657 INFO root:    0111111111110111111111111010111111111111101111111111110111111111
00:00:42.639.657 INFO root:    1111000101000010001011110000011001001111111111110010010001000010
00:00:42.639.657 INFO root:    1101000001110000011101011010011100000111110110111100111100000000
00:00:42.639.658 INFO root:    0000100000000000000000100000000000000000100000000100000000000001
00:00:42.640.658 INFO root:    0000110000000000000000000000000000000000000000000000110100000000
00:00:56.136.155 INFO root: verify ok! 8 SuperSboxes 12 MixColumns
00:00:56.138.157 INFO root: ~1010000000001011 -> 1101000010110000:
00:00:56.139.157 INFO root:    0101111111111111111111111111111111111111111111110100111111111111
00:00:56.139.158 INFO root:    1111110111111111110111111111011111111111111011111111111101111111
00:00:56.140.158 INFO root:    0010111100101111111101010011001000101011000111110101010001000001
00:00:56.140.159 INFO root:    1001101111100111101010000111000000001101011111111101000001110000
00:00:56.141.160 INFO root:    0000100000000100010000001000000000000000000010000000000001000000
00:00:56.142.160 INFO root:    0000110100000000000000000000000000001011000000000000000000000000
00:01:14.356.375 INFO root: verify ok! 8 SuperSboxes 12 MixColumns
00:01:14.368.386 INFO root: ~0000000011010110 -> 0111000010110000:
00:01:14.368.387 INFO root:    1111111111111111111111111111111100101111111111111001111111111111
00:01:14.369.387 INFO root:    1111111010111111111111111111111111011111111110111111111111111110
00:01:14.369.388 INFO root:    0100011111110001010001000010010001001111010000101111111110000010
00:01:14.370.389 INFO root:    0000101111111111000010110000000000001011000110110000110111011011
00:01:14.371.389 INFO root:    0000010000000100000000000010000000001000000000100000000001000000
00:01:14.371.390 INFO root:    0000011100000000000000000000000000001011000000000000000000000000
00:01:31.852.870 INFO root: verify ok! 8 SuperSboxes 12 MixColumns
00:01:31.853.871 INFO root: ~0000101111000000 -> 0111011100000000:
00:01:31.853.872 INFO root:    1111111111111111010011111111111100111111111111111111111111111111
00:01:31.853.872 INFO root:    1111111101111110111111111011111110111101111111111111111111111111
00:01:31.854.872 INFO root:    1111111111101111001001001000111110000010000110000010001000111000
00:01:31.854.873 INFO root:    1111110111010101000001111110000001010000100001001101110010111000
00:01:31.854.873 INFO root:    0000000010000000000000000010000010000000000000101000010000000000
00:01:31.855.873 INFO root:    0000011100000000000001110000000000000000000000000000000000000000
00:01:44.161.179 INFO root: verify ok! 8 SuperSboxes 12 MixColumns
00:01:44.161.180 INFO root: ~1011000001110000 -> 1011000000000110:
00:01:44.162.180 INFO root:    0100111111111111111111111111111110001111111111111111111111111111
00:01:44.162.181 INFO root:    1110111101111111111111111111111101111111101111111111101111111101
00:01:44.162.181 INFO root:    1001100001101000000100100010111101101111111111110010110000000001
00:01:44.163.181 INFO root:    0000000110110000011111001110011110100000101000001101011111011110
00:01:44.163.182 INFO root:    1000100000000000000000001000000000000000000110000000000000000000
00:01:44.163.182 INFO root:    0000101100000000000000000000000000000000000000000000011000000000
00:01:54.859.877 INFO root: verify ok! 8 SuperSboxes 12 MixColumns
00:01:54.860.878 INFO root: ~0000110100000111 -> 0111000000001101:
00:01:54.862.880 INFO root:    1111111111111111001011111111111111111111111111111000111111111111
00:01:54.862.881 INFO root:    1111011111110111011111111101111111110111111111111111111111101111
00:01:54.863.881 INFO root:    0110000000100010001011000110010111111111010011110100100001000100
00:01:54.863.881 INFO root:    0000011110110000110011111111000101000000011110010111110000000000
00:01:54.863.882 INFO root:    1000100000000000000000100010000000000000010010000000000000000000
00:01:54.864.882 INFO root:    0000011100000000000000000000000000000000000000000000110100000000
00:02:05.585.603 INFO root: verify ok! 8 SuperSboxes 12 MixColumns
00:02:05.586.604 INFO root: ~0000110110110000 -> 1011110100000000:
00:02:05.586.605 INFO root:    1111111111111111001011111111111101001111111111111111111111111111
00:02:05.586.605 INFO root:    1111111101111011111110111011111101111011111111111111111111111111
00:02:05.587.605 INFO root:    1101001000000010111110011111001101001111010011001000000000101111
00:02:05.587.606 INFO root:    1010010100001001011110100111111000001001101110010111100110000001
00:02:05.589.607 INFO root:    0000001000100000000000000000100000000000000000011000010000000000
00:02:05.589.608 INFO root:    0000101100000000000011010000000000000000000000000000000000000000
00:02:20.030.048 INFO root: verify ok! 8 SuperSboxes 12 MixColumns
00:02:20.031.049 INFO root: ~1101101100000000 -> 0111110100000000:
00:02:20.031.050 INFO root:    0010111111111111010011111111111111111111111111111111111111111111
00:02:20.032.050 INFO root:    1110111111110111111111111011110111111101111111111111110111111111
00:02:20.032.051 INFO root:    0100010011110010111100001000000011111111000100100010001111111111
00:02:20.033.051 INFO root:    0000000001111111001111111011000011011011011110011101101100000000
00:02:20.033.052 INFO root:    0000010000000000000000000010000110000000000000100000100000000000
00:02:20.033.052 INFO root:    0000011100000000000011010000000000000000000000000000000000000000
00:02:35.008.027 INFO root: verify ok! 8 SuperSboxes 12 MixColumns
00:02:35.009.028 INFO root: ~1011000000001010 -> 0000101100001010:
00:02:35.010.028 INFO root:    0100111111111111111111111111111111111111111111110101111111111111
00:02:35.010.029 INFO root:    1101111111111111111111111111111111111111110110111111110111101111
00:02:35.010.029 INFO root:    1000111111110100111100100000001001000100111111110101010010001000
00:02:35.011.029 INFO root:    0000011111110010101000000000011111010111110011000111110010110000
00:02:35.011.030 INFO root:    0000000001000000000000000000000010000000010000000000010000000100
00:02:35.011.030 INFO root:    0000000000000000000010110000000000000000000000000000101000000000
00:02:49.231.249 INFO root: verify ok! 8 SuperSboxes 12 MixColumns
00:02:49.232.250 INFO root: ~1100000000001011 -> 0000110101110000:
00:02:49.232.251 INFO root:    0011111111111111111111111111111111111111111111110100111111111111
00:02:49.232.251 INFO root:    1110110111111111110111111111011111111111111111111111111101111111
00:02:49.233.251 INFO root:    0010001011110010001011111000001000101011010000100100100001101111
00:02:49.233.252 INFO root:    1110000000001100111011011011101100100000110100000011000100011011
00:02:49.233.252 INFO root:    0000000000100100100000000000000010000000000000000000000110000000
00:02:49.234.252 INFO root:    0000000000000000000011010000000000000111000000000000000000000000
00:03:00.222.240 INFO root: verify ok! 8 SuperSboxes 12 MixColumns
00:03:00.223.242 INFO root: ~0000000001111101 -> 1011000000001101:
00:03:00.224.243 INFO root:    1111111111111111111111111111111110001111111111110010111111111111
00:03:00.225.243 INFO root:    1111110101111111011111111111111101111111111111111111111110111101
00:03:00.225.244 INFO root:    1111101011111101001011110110111101001001001000110000011000000111
00:03:00.226.244 INFO root:    1111000010110000000010010111110111101101101110110000101011011101
00:03:00.226.245 INFO root:    0010010000000000000000000001000000000000010000000100000000001000
00:03:00.227.245 INFO root:    0000101100000000000000000000000000000000000000000000110100000000
00:03:14.951.969 INFO root: verify ok! 8 SuperSboxes 12 MixColumns
00:03:14.952.970 INFO root: ~1100000000001101 -> 0000110110110000:
00:03:14.952.971 INFO root:    0011111111111111111111111111111111111111111111110010111111111111
00:03:14.953.971 INFO root:    1111101111111111011111111111011111111111111111111111011111011111
00:03:14.953.972 INFO root:    1111010011111000100000001100111101001111101101111011100001001010
00:03:14.953.972 INFO root:    0111101111111011110100000000000011011000111011011011101100001011
00:03:14.954.972 INFO root:    0000000010000000100000000000100000100010000000000000000001000000
00:03:14.954.973 INFO root:    0000000000000000000011010000000000001011000000000000000000000000
00:03:29.601.619 INFO root: verify ok! 8 SuperSboxes 12 MixColumns
00:03:29.602.620 INFO root: ~0000101100001100 -> 1101000001110000:
00:03:29.602.620 INFO root:    1111111111111111010011111111111111111111111111110011111111111111
00:03:29.602.621 INFO root:    1111110111111101111111111111111111111011111111111101111111101111
00:03:29.603.621 INFO root:    1100010000101000111111000100111110000001111100110100010011110100
00:03:29.603.621 INFO root:    1101000000001011011101110111011111111111101100000000000000110000
00:03:29.603.622 INFO root:    0000000100001000010000001000000000000100000000001000000000000000
00:03:29.604.622 INFO root:    0000110100000000000000000000000000000111000000000000000000000000
00:03:44.288.307 INFO root: verify ok! 8 SuperSboxes 12 MixColumns
00:03:44.289.308 INFO root: ~1011000010110000 -> 0000011100001011:
00:03:44.290.308 INFO root:    0100111111111111111111111111111101001111111111111111111111111111
00:03:44.290.309 INFO root:    0111111101111111111111011111101111111111110111111111111111111101
00:03:44.290.309 INFO root:    0101100010001111100011111000000011111101100001011001001011001001
00:03:44.291.309 INFO root:    0011110111011001000000001011011100001001000000000111111111011011
00:03:44.291.310 INFO root:    0001000000000000000001000000011000000000100000000000100000000000
00:03:44.291.310 INFO root:    0000000000000000000001110000000000000000000000000000101100000000
00:03:58.926.944 INFO root: verify ok! 8 SuperSboxes 12 MixColumns
00:03:58.927.945 INFO root: ~0111000000001011 -> 0000011110010000:
00:03:58.927.946 INFO root:    1000111111111111111111111111111111111111111111110100111111111111
00:03:58.928.946 INFO root:    1111111111111111101111111111101111111111011111111111111010101111
00:03:58.928.947 INFO root:    0010010001000100111111111111001001001111101101001000001000001111
00:03:58.928.947 INFO root:    0111011110100111111100001011101100000111110100000000101100001001
00:03:58.929.947 INFO root:    0000000000000000001000000000001010000000000000000000100000100000
00:03:58.929.948 INFO root:    0000000000000000000001110000000000001001000000000000000000000000
00:04:13.629.647 INFO root: verify ok! 8 SuperSboxes 12 MixColumns
00:04:13.630.649 INFO root: ~0111000001110000 -> 0000000001111101:
00:04:13.631.649 INFO root:    1000111111111111111111111111111110001111111111111111111111111111
00:04:13.631.650 INFO root:    1101111111111111111101111111101101111111101111111111111111111101
00:04:13.631.650 INFO root:    1111100010100000000011110100111110010001111110000100111100101000
00:04:13.632.650 INFO root:    1110000001110000000111100000111111010000110111000011011100011101
00:04:13.632.651 INFO root:    0100000000001000010010000000000000000000000000000000000000100010
00:04:13.632.651 INFO root:    0000000000000000000000000000000000000111000000000000110100000000
00:04:27.563.582 INFO root: verify ok! 8 SuperSboxes 12 MixColumns
00:04:27.564.583 INFO root: ~0000000001111011 -> 1011101100000000:
00:04:27.565.584 INFO root:    1111111111111111111111111111111110001111111111110100111111111111
00:04:27.565.584 INFO root:    1111110110111111111111111111111101111111111110111111111110111110
00:04:27.566.584 INFO root:    1111011000001001100000100010100001001111111110001001001000101000
00:04:27.566.585 INFO root:    1110101100000111101100010000111100000111000000000011111000000011
00:04:27.567.585 INFO root:    0000100000000000000000000000010000100000000001001000000100000000
00:04:27.567.586 INFO root:    0000101100000000000010110000000000000000000000000000000000000000
00:04:42.062.081 INFO root: verify ok! 8 SuperSboxes 12 MixColumns
00:04:42.064.082 INFO root: ~1011110100000000 -> 0000110100001011:
00:04:42.064.083 INFO root:    0100111111111111001011111111111111111111111111111111111111111111
00:04:42.064.083 INFO root:    1110111111111110111111111110011111110111101111111111111111111111
00:04:42.065.083 INFO root:    0101111100111100110010000010111111110010000100001111100010001111
00:04:42.065.084 INFO root:    1010011101110011011101110000000011100100101101010111110101001001
00:04:42.065.084 INFO root:    1000000000000000000000010000001001000000001000000000000100000000
00:04:42.066.084 INFO root:    0000000000000000000011010000000000000000000000000000101100000000
00:04:57.413.431 INFO root: verify ok! 8 SuperSboxes 12 MixColumns
00:04:57.414.432 INFO root: ~0000101100001011 -> 0000000011000111:
00:04:57.414.433 INFO root:    1111111111111111010011111111111111111111111111110100111111111111
00:04:57.415.433 INFO root:    1111111111110111111011110111111111111111111110111101111110111111
00:04:57.415.433 INFO root:    1000111101001010010011110100001001111111000000000010111111111111
00:04:57.415.434 INFO root:    1101000000001100000011111101000010111101101111010111011111011100
00:04:57.416.434 INFO root:    0010000000000100000010000000000000001000100000000000000000000000
00:04:57.416.434 INFO root:    0000000000000000000000000000000000001100000000000000011100000000
00:05:12.803.821 INFO root: verify ok! 8 SuperSboxes 12 MixColumns
00:05:12.804.822 INFO root: ~0000000001111011 -> 0111000000000111:
00:05:12.804.823 INFO root:    1111111111111111111111111111111110001111111111110100111111111111
00:05:12.805.823 INFO root:    1111111101111111110111011111111111111111111110111111111111011101
00:05:12.805.824 INFO root:    1001001001100000101000100010111111111001000011001011111111110100
00:05:12.805.824 INFO root:    0000000011010111000111110000000011111011001010110110110101111101
00:05:12.806.824 INFO root:    1000100000000000000000100000000000000000001000101000000000000000
00:05:12.806.825 INFO root:    0000011100000000000000000000000000000000000000000000011100000000
00:05:28.082.101 INFO root: verify ok! 8 SuperSboxes 12 MixColumns
00:05:28.084.102 INFO root: ~0000000011010111 -> 1011000001110000:
00:05:28.084.103 INFO root:    1111111111111111111111111111111100101111111111111000111111111111
00:05:28.084.103 INFO root:    1111101111011111111111111111111110111111111101111111111101111101
00:05:28.085.103 INFO root:    1111100000000001010111111111100000100011000111000010101111110001
00:05:28.085.104 INFO root:    1111011111000111000000001101011100000100000000110101110101111101
00:05:28.085.104 INFO root:    0000010000000001000100000000000000000000000000010100000010000000
00:05:28.086.104 INFO root:    0000101100000000000000000000000000000111000000000000000000000000
00:05:43.099.117 INFO root: verify ok! 8 SuperSboxes 12 MixColumns
00:05:43.100.118 INFO root: verified 24 trails for I 0 J 1
00:05:43.100.118 INFO root: generating ANFs... I
00:05:43.886.905 INFO root: load .cache/SboxDivision.components_anf_closures.self_sboxB3EE8018B75371CE.args_0A482B9CD9E7EAF940EBCF3535BE3082A49F858505A0A6EA9511114359BB0EE6 succeeded
00:05:44.040.059 INFO root: unique masks 2021
00:05:44.041.059 INFO root: generating ANFs... J
00:05:44.767.786 INFO root: computing SboxDivision.components_anf_closures.self_sbox57571A0BC333968E.args_0A482B9CD9E7EAF940EBCF3535BE3082A49F858505A0A6EA9511114359BB0EE6
00:06:00.102.121 INFO root: save .cache/SboxDivision.components_anf_closures.self_sbox57571A0BC333968E.args_0A482B9CD9E7EAF940EBCF3535BE3082A49F858505A0A6EA9511114359BB0EE6 succeeded
00:06:00.214.233 INFO root: unique masks 1785
00:06:00.215.233 INFO root: enumerating all mask pairs
00:06:11.872.890 INFO root: verified all masks for I 0 J 1
00:06:11.872.891 INFO root: VERIFIED I 0 J 1
