00:00:00.118.186 INFO root: added file handler at 2021-09-13.17:38:03
00:00:00.118.187 INFO root: columns 3 -> 1
00:00:01.604.673 INFO root: Constraints: 100101010
00:00:01.605.673 INFO root: cons_SSB_card = 1
00:00:01.605.673 INFO root: cons_SSB_box_lb = 0
00:00:01.605.673 INFO root: cons_SSB_box_ub = 0
00:00:01.605.674 INFO root: cons_SSB_lb = 1
00:00:01.605.674 INFO root: cons_SSB_ub = 0
00:00:01.606.674 INFO root: cons_MC_card = 1
00:00:01.606.674 INFO root: cons_MC_matching = 0
00:00:01.606.674 INFO root: cons_MC_lb = 1
00:00:01.606.675 INFO root: cons_MC_ub2 = 0
00:00:01.719.787 INFO root: full ssb
00:00:02.047.115 INFO root: load .cache/SboxDivision.components_anf_closures.self_sboxC188DCAA77C45B94.args_068BA53CAF4BB89BC84341E5E0A9E860E078799A9E9F3CD8F2B19C3FC4CEC936 succeeded
00:00:02.058.126 INFO root: anfsI 255
00:00:02.064.133 INFO root: load .cache/SboxDivision.components_anf_closures.self_sbox57571A0BC333968E.args_068BA53CAF4BB89BC84341E5E0A9E860E078799A9E9F3CD8F2B19C3FC4CEC936 succeeded
00:00:02.075.143 INFO root: anfsO 255
00:00:02.136.204 INFO root: load .cache/SboxDivision.cnf_lb.self_sbox391D96FD000E6C5B.args_068BA53CAF4BB89BC84341E5E0A9E860E078799A9E9F3CD8F2B19C3FC4CEC936 succeeded
00:00:04.729.797 INFO root: SSB round 2 column 0
00:00:05.961.029 INFO root: load .cache/SboxDivision.minimal_max.self_sbox0F7EC76E48F1C66A.args_068BA53CAF4BB89BC84341E5E0A9E860E078799A9E9F3CD8F2B19C3FC4CEC936 succeeded
00:00:13.359.427 INFO root: load .cache/SboxDivision.divcore.self_sbox0F7EC76E48F1C66A.args_068BA53CAF4BB89BC84341E5E0A9E860E078799A9E9F3CD8F2B19C3FC4CEC936 succeeded
00:00:19.102.170 INFO root: load .cache/SboxDivision.cnf_lb.self_sbox0F7EC76E48F1C66A.args_068BA53CAF4BB89BC84341E5E0A9E860E078799A9E9F3CD8F2B19C3FC4CEC936 succeeded
00:00:29.830.899 INFO root: SSB round 2 column 1
00:00:31.083.152 INFO root: load .cache/SboxDivision.minimal_max.self_sbox97CD3E51D99FE8E5.args_068BA53CAF4BB89BC84341E5E0A9E860E078799A9E9F3CD8F2B19C3FC4CEC936 succeeded
00:00:38.584.652 INFO root: load .cache/SboxDivision.divcore.self_sbox97CD3E51D99FE8E5.args_068BA53CAF4BB89BC84341E5E0A9E860E078799A9E9F3CD8F2B19C3FC4CEC936 succeeded
00:00:46.238.307 INFO root: load .cache/SboxDivision.cnf_lb.self_sbox97CD3E51D99FE8E5.args_068BA53CAF4BB89BC84341E5E0A9E860E078799A9E9F3CD8F2B19C3FC4CEC936 succeeded
00:00:57.470.538 INFO root: SSB round 2 column 2
00:00:58.457.526 INFO root: load .cache/SboxDivision.minimal_max.self_sboxFA83BF4B256071FB.args_068BA53CAF4BB89BC84341E5E0A9E860E078799A9E9F3CD8F2B19C3FC4CEC936 succeeded
00:01:08.532.601 INFO root: load .cache/SboxDivision.divcore.self_sboxFA83BF4B256071FB.args_068BA53CAF4BB89BC84341E5E0A9E860E078799A9E9F3CD8F2B19C3FC4CEC936 succeeded
00:01:15.768.836 INFO root: load .cache/SboxDivision.cnf_lb.self_sboxFA83BF4B256071FB.args_068BA53CAF4BB89BC84341E5E0A9E860E078799A9E9F3CD8F2B19C3FC4CEC936 succeeded
00:01:26.399.468 INFO root: SSB round 2 column 3
00:01:52.299.368 INFO root: SSB round 4 column 0
00:02:14.803.872 INFO root: SSB round 4 column 1
00:02:15.965.034 INFO root: load .cache/SboxDivision.minimal_max.self_sboxB5083D73B8917F33.args_068BA53CAF4BB89BC84341E5E0A9E860E078799A9E9F3CD8F2B19C3FC4CEC936 succeeded
00:02:24.093.161 INFO root: load .cache/SboxDivision.divcore.self_sboxB5083D73B8917F33.args_068BA53CAF4BB89BC84341E5E0A9E860E078799A9E9F3CD8F2B19C3FC4CEC936 succeeded
00:02:30.046.114 INFO root: load .cache/SboxDivision.cnf_lb.self_sboxB5083D73B8917F33.args_068BA53CAF4BB89BC84341E5E0A9E860E078799A9E9F3CD8F2B19C3FC4CEC936 succeeded
00:02:41.425.493 INFO root: SSB round 4 column 2
00:03:04.455.524 INFO root: SSB round 4 column 3
00:03:31.282.350 INFO root: mask pairs: 255 x 255 = 65025
00:03:31.282.351 INFO root: #trails 0 
00:03:31.283.351 INFO root: mask pair #1 / 65025: 0001011001110110 1011000110101011anfI_max <DenseSet hash=c81f040059e66886 n=16 wt=92 | 3:2 4:18 5:45 6:27> anfO_max <DenseSet hash=36398445752a62e1 n=16 wt=81 | 3:2 4:11 5:42 6:26>
00:03:37.228.297 INFO root: solving SAT...
00:04:09.100.168 INFO root: SAT solve time: 31.870574951171875
00:04:09.100.168 INFO root: SAT_times: 31.9 - 31.9, avg 31.9 med 31.9
00:04:09.100.169 INFO root: middle division transition ~0000011100001011 -> 0000110101110000 (~6 -> 6)
00:04:09.101.169 INFO root: mid transition: 0000011100001011 0000110101110000 6 6
00:04:09.101.169 INFO root: full trace:
00:04:09.101.170 INFO root: 1111 1111 1111 1111 1111 1111 1111 1000 1111 1111 1111 1111 1111 1111 1111 0100# initial
00:04:09.102.170 INFO root: 1110 1111 1011 1111 1111 1101 1111 1111 1111 1111 1001 1111 1111 1111 1111 0111# after SR MC SR
00:04:09.102.171 INFO root: 1111 0010 0000 0100 1111 1000 1111 0100 0001 1100 0010 1000 1111 1111 1010 1111# after SSB
00:04:09.103.171 INFO root: 1011 1010 1011 0111 1100 0000 0000 1011 0000 0111 0101 0111 1101 1010 0111 1101# after SR MC SR
00:04:09.103.172 INFO root: 0000 0000 0000 0001 0100 0000 0000 0010 0000 0000 0000 0000 0000 1001 1000 0000# after SSB
00:04:09.104.172 INFO root: 0000 0000 0000 0000 0000 1101 0000 0000 0000 0111 0000 0000 0000 0000 0000 0000# after SR MC SR
00:04:09.104.172 INFO root: 
00:04:09.104.173 INFO root: new trail: 0000011100001011 -> 0000110101110000
00:04:09.105.173 INFO root: #trails 1 
00:04:09.105.174 INFO root: mask pair #3 / 65025: 0110000101110111 1011101010100000anfI_max <DenseSet hash=fcb0d6351a6e780d n=16 wt=95 | 3:2 4:16 5:47 6:30> anfO_max <DenseSet hash=f1100443e71bc41e n=16 wt=79 | 3:2 4:8 5:39 6:30>
00:04:15.098.166 INFO root: solving SAT...
00:04:48.646.714 INFO root: SAT solve time: 33.546860218048096
00:04:48.646.715 INFO root: SAT_times: 31.9 - 33.5, avg 32.7 med 33.5
00:04:48.647.715 INFO root: middle division transition ~0000110110110000 -> 0111000001110000 (~6 -> 6)
00:04:48.647.715 INFO root: mid transition: 0000110110110000 0111000001110000 6 6
00:04:48.647.715 INFO root: full trace:
00:04:48.648.716 INFO root: 1111 1111 1111 1111 1111 1111 1111 0010 1111 1111 1111 0100 1111 1111 1111 1111# initial
00:04:48.648.716 INFO root: 1111 1111 0111 1111 1101 0111 1111 1111 1111 1111 1111 0111 1111 1111 1011 1101# after SR MC SR
00:04:48.648.717 INFO root: 1000 1111 0001 0000 1000 0100 0010 0111 1000 0100 1011 0100 1111 0010 1111 1111# after SSB
00:04:48.649.717 INFO root: 0111 1111 0101 1101 1011 0110 1110 0000 0101 0000 1011 0000 0000 0111 1011 0000# after SR MC SR
00:04:48.649.717 INFO root: 0000 0100 0000 0000 0100 0000 0010 0000 0000 0100 0000 0010 0000 0000 0001 0000# after SSB
00:04:48.649.718 INFO root: 0000 0111 0000 0000 0000 0000 0000 0000 0000 0111 0000 0000 0000 0000 0000 0000# after SR MC SR
00:04:48.650.718 INFO root: 
00:04:48.650.718 INFO root: new trail: 0000110110110000 -> 0111000001110000
00:04:48.650.719 INFO root: #trails 2 
00:04:48.651.719 INFO root: mask pair #4 / 65025: 0111000101110111 0000101100011010anfI_max <DenseSet hash=e0c5bed51e2d976f n=16 wt=68 | 3:1 4:6 5:26 6:35> anfO_max <DenseSet hash=64af692a16501935 n=16 wt=64 | 3:2 4:9 5:15 6:38>
00:04:54.558.626 INFO root: solving SAT...
00:05:29.484.552 INFO root: SAT solve time: 34.92509078979492
00:05:29.484.552 INFO root: SAT_times: 31.9 - 34.9, avg 33.4 med 33.5
00:05:29.484.553 INFO root: middle division transition ~1101110100000000 -> 0111011100000000 (~6 -> 6)
00:05:29.485.553 INFO root: mid transition: 1101110100000000 0111011100000000 6 6
00:05:29.485.553 INFO root: full trace:
00:05:29.485.554 INFO root: 1111 1111 1111 0010 1111 1111 1111 0010 1111 1111 1111 1111 1111 1111 1111 1111# initial
00:05:29.486.554 INFO root: 1111 1111 1011 1101 1111 1111 1111 1111 1101 1011 1111 1111 1110 1111 1111 1110# after SR MC SR
00:05:29.486.554 INFO root: 0101 1000 1110 0100 0110 0100 0011 1000 0001 1111 1000 0100 1010 1110 1111 0111# after SSB
00:05:29.486.555 INFO root: 0000 0000 0000 0101 0111 0111 1100 0111 0111 1011 1110 1011 1111 0001 0000 0011# after SR MC SR
00:05:29.487.555 INFO root: 0000 0000 0000 0000 0000 0000 0100 1000 0100 0000 0000 0001 1000 0010 0000 0000# after SSB
00:05:29.487.556 INFO root: 0000 0111 0000 0000 0000 0111 0000 0000 0000 0000 0000 0000 0000 0000 0000 0000# after SR MC SR
00:05:29.488.556 INFO root: 
00:05:29.488.556 INFO root: new trail: 1101110100000000 -> 0111011100000000
00:05:29.488.557 INFO root: #trails 3 
00:05:29.489.557 INFO root: mask pair #5 / 65025: 0001011000010000 0000000000001010anfI_max <DenseSet hash=63c49b438da7ffa4 n=16 wt=112 | 3:2 4:11 5:83 6:16> anfO_max <DenseSet hash=4770c501345291cf n=16 wt=66 | 3:4 4:14 5:32 6:16>
00:05:35.401.469 INFO root: solving SAT...
00:06:09.641.709 INFO root: SAT solve time: 34.239720821380615
00:06:09.641.710 INFO root: SAT_times: 31.9 - 34.9, avg 33.6 med 34.2
00:06:09.642.710 INFO root: middle division transition ~0000000011011011 -> 0000011100000101 (~6 -> 5)
00:06:09.642.711 INFO root: mid transition: 0000000011011011 0000011100000101 6 5
00:06:09.642.711 INFO root: full trace:
00:06:09.643.711 INFO root: 1111 1111 1111 1111 1111 1111 1111 1111 1111 1111 1111 0010 1111 1111 1111 0100# initial
00:06:09.644.712 INFO root: 0111 1111 1111 1111 1011 1111 1111 1111 1111 1111 1101 1011 1111 1101 1101 1111# after SR MC SR
00:06:09.644.712 INFO root: 1111 1111 0000 0101 0000 0010 0010 1111 1000 1111 1111 1100 0010 0001 0100 0100# after SSB
00:06:09.645.713 INFO root: 0011 0111 1011 0111 0110 0101 1101 1101 0000 0000 1110 0000 0100 0011 1110 0001# after SR MC SR
00:06:09.645.714 INFO root: 0000 0000 0010 0000 0000 0000 0000 0000 0010 0000 0100 0000 0000 1000 0000 0010# after SSB
00:06:09.646.714 INFO root: 0000 0000 0000 0000 0000 0111 0000 0000 0000 0000 0000 0000 0000 0101 0000 0000# after SR MC SR
00:06:09.646.714 INFO root: 
00:06:09.646.715 INFO root: new trail: 0000000011011011 -> 0000011100000101
00:06:09.647.715 INFO root: #trails 4 
00:06:09.647.716 INFO root: mask pair #6 / 65025: 0001000000000000 1010000000011010anfI_max <DenseSet hash=c624d6a10178ac83 n=16 wt=78 | 3:11 4:28 5:28 6:11> anfO_max <DenseSet hash=a94d9d4eb9decd42 n=16 wt=75 | 3:1 4:7 5:38 6:29>
00:06:16.382.451 INFO root: solving SAT...
00:06:55.955.024 INFO root: SAT solve time: 39.57230091094971
00:06:55.956.024 INFO root: SAT_times: 31.9 - 39.6, avg 34.8 med 34.2
00:06:55.956.024 INFO root: middle division transition ~0000101110110000 -> 0000110110110000 (~6 -> 6)
00:06:55.956.025 INFO root: mid transition: 0000101110110000 0000110110110000 6 6
00:06:55.956.025 INFO root: full trace:
00:06:55.957.025 INFO root: 1111 1111 1111 1111 1111 1111 1111 0100 1111 1111 1111 0100 1111 1111 1111 1111# initial
00:06:55.957.025 INFO root: 1111 0111 1111 1111 1101 1011 1111 1111 1101 1111 1111 1111 1111 1111 1101 1011# after SR MC SR
00:06:55.958.026 INFO root: 1111 1111 1000 1111 0000 0000 0100 0010 0100 1111 1111 1011 1000 0111 0100 0010# after SSB
00:06:55.958.026 INFO root: 0111 1110 0000 1110 0000 0000 0000 1010 0111 0111 1111 1011 1101 0000 1101 1101# after SR MC SR
00:06:55.958.027 INFO root: 0000 0000 0010 0001 0000 0000 0000 1000 1000 0010 0000 0000 0000 0000 0001 0000# after SSB
00:06:55.959.027 INFO root: 0000 0000 0000 0000 0000 1101 0000 0000 0000 1011 0000 0000 0000 0000 0000 0000# after SR MC SR
00:06:55.959.027 INFO root: 
00:06:55.959.027 INFO root: new trail: 0000101110110000 -> 0000110110110000
00:06:55.960.028 INFO root: #trails 5 
00:06:55.960.028 INFO root: mask pair #7 / 65025: 0110011100010001 0001101100010000anfI_max <DenseSet hash=3f6fe3c17b7af8bd n=16 wt=83 | 3:3 4:13 5:39 6:28> anfO_max <DenseSet hash=b34a9dfe0d178c1f n=16 wt=84 | 3:4 4:21 5:42 6:17>
00:07:01.663.731 INFO root: solving SAT...
00:07:41.568.636 INFO root: SAT solve time: 39.90497541427612
00:07:41.569.637 INFO root: SAT_times: 31.9 - 39.9, avg 35.7 med 34.9
00:07:41.569.638 INFO root: middle division transition ~1101001100000000 -> 0101110100000000 (~5 -> 5)
00:07:41.570.638 INFO root: mid transition: 1101001100000000 0101110100000000 5 5
00:07:41.570.638 INFO root: full trace:
00:07:41.570.639 INFO root: 1111 1111 1111 0010 1111 1111 1111 1100 1111 1111 1111 1111 1111 1111 1111 1111# initial
00:07:41.571.639 INFO root: 1111 1111 0111 1011 1111 1111 1111 1111 0111 1101 1111 1111 1101 1111 1111 1111# after SR MC SR
00:07:41.572.640 INFO root: 0000 1000 1111 1111 0010 1111 1000 1101 1000 1000 0100 0010 1111 1000 1000 0010# after SSB
00:07:41.572.641 INFO root: 1111 0000 1101 1101 0101 1011 1100 0000 0000 0000 0000 0111 1010 1100 1001 1101# after SR MC SR
00:07:41.573.641 INFO root: 0000 0001 1000 0000 0000 0000 0000 1000 0010 0000 0000 0000 1000 0000 0000 0000# after SSB
00:07:41.574.642 INFO root: 0000 0101 0000 0000 0000 1101 0000 0000 0000 0000 0000 0000 0000 0000 0000 0000# after SR MC SR
00:07:41.574.642 INFO root: 
00:07:41.574.643 INFO root: new trail: 1101001100000000 -> 0101110100000000
00:07:41.575.644 INFO root: #trails 6 
00:07:41.576.644 INFO root: mask pair #11 / 65025: 0110011000000000 1011101000011011anfI_max <DenseSet hash=582deb465656658b n=16 wt=73 | 3:4 4:9 5:26 6:34> anfO_max <DenseSet hash=d5e253d2b5cbbe9f n=16 wt=78 | 3:4 4:17 5:34 6:23>
00:07:48.443.511 INFO root: solving SAT...
00:08:30.320.388 INFO root: SAT solve time: 41.87661838531494
00:08:30.320.389 INFO root: SAT_times: 31.9 - 41.9, avg 36.6 med 34.9
00:08:30.321.389 INFO root: middle division transition ~0000110100001011 -> 0000110100001101 (~6 -> 6)
00:08:30.321.389 INFO root: mid transition: 0000110100001011 0000110100001101 6 6
00:08:30.321.389 INFO root: full trace:
00:08:30.321.390 INFO root: 1111 1111 1111 1111 1111 1111 1111 0010 1111 1111 1111 1111 1111 1111 1111 0100# initial
00:08:30.322.390 INFO root: 0111 1111 0111 1111 1111 1011 1111 1110 1101 1111 1111 1111 1111 1011 1111 1111# after SR MC SR
00:08:30.322.390 INFO root: 0000 1111 0010 1111 1110 0010 0100 1000 1111 0000 1111 1111 0010 0100 1111 0010# after SSB
00:08:30.322.391 INFO root: 0111 1111 0000 1101 1110 1100 1011 0000 0110 0110 1011 0111 1110 0000 0000 1011# after SR MC SR
00:08:30.322.391 INFO root: 1000 0000 0000 0000 0000 0010 0000 0010 0010 0000 0001 0000 0000 0100 0000 0000# after SSB
00:08:30.323.391 INFO root: 0000 0000 0000 0000 0000 1101 0000 0000 0000 0000 0000 0000 0000 1101 0000 0000# after SR MC SR
00:08:30.323.391 INFO root: 
00:08:30.323.391 INFO root: new trail: 0000110100001011 -> 0000110100001101
00:08:30.324.392 INFO root: #trails 7 
00:08:30.324.392 INFO root: mask pair #13 / 65025: 0000000100000000 1010101100011010anfI_max <DenseSet hash=31b156f4e44c425e n=16 wt=76 | 3:3 4:12 5:41 6:20> anfO_max <DenseSet hash=daaa12b675e46155 n=16 wt=63 | 3:1 4:4 5:16 6:42>
00:08:37.508.576 INFO root: solving SAT...
00:09:23.189.258 INFO root: SAT solve time: 45.68122673034668
00:09:23.190.258 INFO root: SAT_times: 31.9 - 45.7, avg 37.7 med 39.6
00:09:23.190.259 INFO root: middle division transition ~0000110110110000 -> 1011000000001101 (~6 -> 6)
00:09:23.191.259 INFO root: mid transition: 0000110110110000 1011000000001101 6 6
00:09:23.191.259 INFO root: full trace:
00:09:23.191.260 INFO root: 1111 1111 1111 1111 1111 1111 1111 0010 1111 1111 1111 0100 1111 1111 1111 1111# initial
00:09:23.192.260 INFO root: 1111 0111 1111 1111 1111 0111 1111 1111 1101 1111 1111 1111 1111 1111 1100 1110# after SR MC SR
00:09:23.193.261 INFO root: 1111 0000 1111 0010 0010 1000 0100 0010 1000 1000 1000 1111 1000 1111 0011 1111# after SSB
00:09:23.193.261 INFO root: 1101 0111 1111 1011 0111 1100 1000 1111 1101 0010 0111 0000 0000 0000 0000 0010# after SR MC SR
00:09:23.194.262 INFO root: 0100 0100 0000 0000 0000 0000 0010 0000 0000 0000 0100 0100 0000 0000 0000 0010# after SSB
00:09:23.194.262 INFO root: 0000 1011 0000 0000 0000 0000 0000 0000 0000 0000 0000 0000 0000 1101 0000 0000# after SR MC SR
00:09:23.194.263 INFO root: 
00:09:23.195.263 INFO root: new trail: 0000110110110000 -> 1011000000001101
00:09:23.196.264 INFO root: #trails 8 
00:09:23.196.264 INFO root: mask pair #34 / 65025: 0110000101110001 1010000000001010anfI_max <DenseSet hash=6bc41c95212da52f n=16 wt=80 | 3:4 4:23 5:21 6:32> anfO_max <DenseSet hash=e25bc44c1ba9c480 n=16 wt=70 | 3:5 4:9 5:36 6:20>
00:09:29.177.245 INFO root: solving SAT...
00:10:16.481.549 INFO root: SAT solve time: 47.30350112915039
00:10:16.482.550 INFO root: SAT_times: 31.9 - 47.3, avg 38.8 med 39.6
00:10:16.482.550 INFO root: middle division transition ~0000011101110000 -> 1011000000000111 (~6 -> 6)
00:10:16.482.551 INFO root: mid transition: 0000011101110000 1011000000000111 6 6
00:10:16.483.551 INFO root: full trace:
00:10:16.483.551 INFO root: 1111 1111 1111 1111 1111 1111 1111 1000 1111 1111 1111 1000 1111 1111 1111 1111# initial
00:10:16.484.552 INFO root: 1111 1011 1111 1111 1111 1101 1111 1111 1110 1111 1111 1110 1111 1111 1110 1110# after SR MC SR
00:10:16.484.553 INFO root: 1111 1111 1011 0010 1111 0100 0100 0100 1001 0000 1111 0100 1000 1000 1111 0100# after SSB
00:10:16.485.553 INFO root: 1111 0000 0000 0000 0000 0101 1011 0000 1101 0111 1011 1111 1011 1101 1011 0110# after SR MC SR
00:10:16.485.554 INFO root: 0010 1000 0000 0000 0000 0000 0000 0000 0000 0000 0010 0100 1000 0000 0000 0001# after SSB
00:10:16.486.554 INFO root: 0000 1011 0000 0000 0000 0000 0000 0000 0000 0000 0000 0000 0000 0111 0000 0000# after SR MC SR
00:10:16.486.554 INFO root: 
00:10:16.486.554 INFO root: new trail: 0000011101110000 -> 1011000000000111
00:10:16.487.556 INFO root: #trails 9 
00:10:16.488.556 INFO root: mask pair #57 / 65025: 0111000000000110 0000101110110000anfI_max <DenseSet hash=c063a03e902c4111 n=16 wt=92 | 3:2 4:9 5:61 6:20> anfO_max <DenseSet hash=50b3e29abcb65b85 n=16 wt=94 | 3:5 4:16 5:48 6:25>
00:10:22.172.240 INFO root: solving SAT...
00:13:02.883.951 INFO root: SAT solve time: 160.7100989818573
00:13:02.883.952 INFO root: SAT_times: 31.9 - 160.7, avg 51.0 med 39.9
00:13:02.884.952 INFO root: middle division transition ~1101000010110000 -> 0000011100001101 (~6 -> 6)
00:13:02.884.953 INFO root: mid transition: 1101000010110000 0000011100001101 6 6
00:13:02.885.953 INFO root: full trace:
00:13:02.885.954 INFO root: 1111 1111 1111 0010 1111 1111 1111 1111 1111 1111 1111 0100 1111 1111 1111 1111# initial
00:13:02.886.954 INFO root: 1111 0111 1111 0011 1011 1111 1101 1111 1111 1111 1111 1011 1111 1111 1111 1111# after SR MC SR
00:13:02.887.955 INFO root: 0100 1000 1000 0000 0100 0110 0101 1100 1110 1111 1111 1111 1111 1000 1000 1100# after SSB
00:13:02.887.956 INFO root: 1011 1001 1011 0000 1110 0000 0111 1011 0000 1011 0000 1011 0000 0111 1101 1111# after SR MC SR
00:13:02.888.956 INFO root: 1000 0000 1000 0000 0000 0000 0000 1000 0000 0000 0000 0000 0000 0100 0000 0011# after SSB
00:13:02.889.957 INFO root: 0000 0000 0000 0000 0000 0111 0000 0000 0000 0000 0000 0000 0000 1101 0000 0000# after SR MC SR
00:13:02.889.957 INFO root: 
00:13:02.889.957 INFO root: new trail: 1101000010110000 -> 0000011100001101
00:13:02.890.959 INFO root: #trails 10 
00:13:02.891.959 INFO root: mask pair #63 / 65025: 0001011100010001 0000000000001011anfI_max <DenseSet hash=5e74c37eba61bac5 n=16 wt=83 | 3:1 4:11 5:43 6:28> anfO_max <DenseSet hash=192d01f8c8e44c20 n=16 wt=53 | 3:2 5:28 6:23>
00:13:12.671.739 INFO root: solving SAT...
00:14:01.216.285 INFO root: SAT solve time: 48.544984340667725
00:14:01.217.285 INFO root: SAT_times: 31.9 - 160.7, avg 50.7 med 39.9
00:14:01.217.286 INFO root: middle division transition ~0000000010111011 -> 0000110100000111 (~6 -> 6)
00:14:01.218.286 INFO root: mid transition: 0000000010111011 0000110100000111 6 6
00:14:01.218.286 INFO root: full trace:
00:14:01.219.287 INFO root: 1111 1111 1111 1111 1111 1111 1111 1111 1111 1111 1111 0100 1111 1111 1111 0100# initial
00:14:01.219.288 INFO root: 0111 1101 1111 1111 1011 1111 1111 1110 1111 1111 1101 1110 1111 1111 1111 1111# after SR MC SR
00:14:01.220.288 INFO root: 0000 1111 0001 0100 1000 1000 1111 0101 0011 0100 1111 0100 1111 1000 1111 1000# after SSB
00:14:01.221.289 INFO root: 0000 0111 0000 1100 1101 0111 0011 0000 1011 0111 0111 1111 0000 1101 1101 0000# after SR MC SR
00:14:01.221.289 INFO root: 0000 0000 0000 0000 0000 0010 0000 0001 0001 0000 0010 0000 0000 0010 0000 0100# after SSB
00:14:01.222.290 INFO root: 0000 0000 0000 0000 0000 1101 0000 0000 0000 0000 0000 0000 0000 0111 0000 0000# after SR MC SR
00:14:01.222.290 INFO root: 
00:14:01.222.291 INFO root: new trail: 0000000010111011 -> 0000110100000111
00:14:01.224.292 INFO root: #trails 11 
00:14:01.225.293 INFO root: mask pair #97 / 65025: 0000000100000110 0000101100001011anfI_max <DenseSet hash=6101de51291d9ed2 n=16 wt=89 | 3:5 4:17 5:45 6:22> anfO_max <DenseSet hash=106cf6ec8d16d99b n=16 wt=78 | 3:2 4:14 5:26 6:36>
00:14:07.383.451 INFO root: solving SAT...
00:15:11.678.747 INFO root: SAT solve time: 64.2946605682373
00:15:11.685.753 INFO root: SAT_times: 31.9 - 160.7, avg 51.9 med 41.9
00:15:11.686.754 INFO root: middle division transition ~1011000000000111 -> 0000110111010000 (~6 -> 6)
00:15:11.686.754 INFO root: mid transition: 1011000000000111 0000110111010000 6 6
00:15:11.686.755 INFO root: full trace:
00:15:11.687.755 INFO root: 1111 1111 1111 0100 1111 1111 1111 1111 1111 1111 1111 1111 1111 1111 1111 1000# initial
00:15:11.687.756 INFO root: 0111 1111 1111 0111 1111 1111 1111 1101 1111 1011 0111 1111 1011 1111 1111 1111# after SR MC SR
00:15:11.688.756 INFO root: 0111 1101 0111 1000 0000 1010 1111 1011 1111 1111 0010 1111 0010 0110 1000 0000# after SSB
00:15:11.689.757 INFO root: 1010 1110 0111 0101 1110 1101 0000 0000 0111 0110 0110 1101 1001 1010 1011 1101# after SR MC SR
00:15:11.689.758 INFO root: 0000 0000 0000 0000 0010 0000 0000 1000 0010 0001 0000 0000 0000 0100 1000 0000# after SSB
00:15:11.690.758 INFO root: 0000 0000 0000 0000 0000 1101 0000 0000 0000 1101 0000 0000 0000 0000 0000 0000# after SR MC SR
00:15:11.690.759 INFO root: 
00:15:11.690.759 INFO root: new trail: 1011000000000111 -> 0000110111010000
00:15:11.692.760 INFO root: #trails 12 
00:15:11.692.761 INFO root: mask pair #104 / 65025: 0000000001100110 1010101110110000anfI_max <DenseSet hash=6e1e197c1bfdf4b0 n=16 wt=100 | 3:2 4:15 5:56 6:27> anfO_max <DenseSet hash=3cf7f6efaf86c033 n=16 wt=81 | 3:3 4:9 5:46 6:23>
00:15:21.990.058 INFO root: solving SAT...
00:16:08.404.472 INFO root: SAT solve time: 46.41338610649109
00:16:08.404.472 INFO root: SAT_times: 31.9 - 160.7, avg 51.5 med 41.9
00:16:08.405.473 INFO root: middle division transition ~0000110100000111 -> 0111000000001011 (~6 -> 6)
00:16:08.405.473 INFO root: mid transition: 0000110100000111 0111000000001011 6 6
00:16:08.405.473 INFO root: full trace:
00:16:08.406.474 INFO root: 1111 1111 1111 1111 1111 1111 1111 0010 1111 1111 1111 1111 1111 1111 1111 1000# initial
00:16:08.406.474 INFO root: 0111 1111 0111 1111 1111 1011 1111 0111 1111 1111 1110 1111 1111 1111 1111 1101# after SR MC SR
00:16:08.407.475 INFO root: 0010 0101 0100 0000 0011 1111 0100 1111 1111 1010 0001 1000 1000 1000 0011 0010# after SSB
00:16:08.407.475 INFO root: 1011 0000 0111 0101 0010 0111 1110 0101 1111 0100 1100 0100 0000 0000 1011 0000# after SR MC SR
00:16:08.408.476 INFO root: 0100 1000 0000 0000 0000 0000 0010 0000 0000 0000 0010 0000 1000 0000 0000 0100# after SSB
00:16:08.408.476 INFO root: 0000 0111 0000 0000 0000 0000 0000 0000 0000 0000 0000 0000 0000 1011 0000 0000# after SR MC SR
00:16:08.408.477 INFO root: 
00:16:08.409.477 INFO root: new trail: 0000110100000111 -> 0111000000001011
00:16:08.412.481 INFO root: #trails 13 
00:16:08.413.481 INFO root: mask pair #239 / 65025: 0001000000010111 0001101010111010anfI_max <DenseSet hash=9d59654a883c16ea n=16 wt=83 | 3:1 4:29 5:34 6:19> anfO_max <DenseSet hash=9ccbba0f79827bb7 n=16 wt=76 | 3:6 4:9 5:42 6:19>
00:16:14.993.061 INFO root: solving SAT...
00:17:27.639.707 INFO root: SAT solve time: 72.64583802223206
00:17:27.639.708 INFO root: SAT_times: 31.9 - 160.7, avg 53.0 med 45.7
00:17:27.640.708 INFO root: middle division transition ~1101000000000110 -> 0000101100001100 (~5 -> 5)
00:17:27.640.709 INFO root: mid transition: 1101000000000110 0000101100001100 5 5
00:17:27.640.709 INFO root: full trace:
00:17:27.641.709 INFO root: 1111 1111 1111 0010 1111 1111 1111 1111 1111 1111 1111 1111 1111 1111 1111 1001# initial
00:17:27.641.710 INFO root: 1111 1111 1111 1111 1111 1111 0111 0011 1111 1101 1111 1111 0111 1111 1111 1111# after SR MC SR
00:17:27.642.710 INFO root: 1001 1001 1111 0010 0100 1011 0010 1000 1000 1000 0110 1111 1111 1111 0100 1000# after SSB
00:17:27.642.711 INFO root: 1101 1011 1011 0000 0110 1000 0000 1101 1011 1000 0110 1101 0111 0000 1011 1101# after SR MC SR
00:17:27.643.711 INFO root: 0010 0000 0010 0000 0000 0000 0000 0000 0010 0000 0000 0000 0000 0100 0000 0100# after SSB
00:17:27.643.711 INFO root: 0000 0000 0000 0000 0000 1011 0000 0000 0000 0000 0000 0000 0000 1100 0000 0000# after SR MC SR
00:17:27.643.712 INFO root: 
00:17:27.644.712 INFO root: new trail: 1101000000000110 -> 0000101100001100
00:17:27.645.713 INFO root: #trails 14 
00:17:27.645.714 INFO root: mask pair #254 / 65025: 0000000100000110 0000101010110000anfI_max <DenseSet hash=6101de51291d9ed2 n=16 wt=89 | 3:5 4:17 5:45 6:22> anfO_max <DenseSet hash=af2ead387528fae6 n=16 wt=83 | 3:2 4:12 5:45 6:24>
00:17:38.258.326 INFO root: solving SAT...
00:18:26.715.783 INFO root: SAT solve time: 48.45655846595764
00:18:26.716.784 INFO root: SAT_times: 31.9 - 160.7, avg 52.7 med 45.7
00:18:26.716.785 INFO root: middle division transition ~1011000000001010 -> 1101000000001011 (~5 -> 6)
00:18:26.717.785 INFO root: mid transition: 1011000000001010 1101000000001011 5 6
00:18:26.717.785 INFO root: full trace:
00:18:26.718.786 INFO root: 1111 1111 1111 0100 1111 1111 1111 1111 1111 1111 1111 1111 1111 1111 1111 0101# initial
00:18:26.718.787 INFO root: 0111 1111 1111 1101 1111 1111 0111 1111 1111 1101 1110 1111 1111 1111 1111 1111# after SR MC SR
00:18:26.719.787 INFO root: 0010 1111 0001 1111 0011 0100 1110 0101 0101 1011 1000 0010 1111 1111 0010 0010# after SSB
00:18:26.720.788 INFO root: 0000 1111 0111 1110 1001 0000 0100 0111 0111 1101 0000 1011 1011 0100 1011 1110# after SR MC SR
00:18:26.720.789 INFO root: 0000 0010 0000 0000 0000 0100 0000 0000 0000 0000 0010 0010 1000 0000 0000 1000# after SSB
00:18:26.721.789 INFO root: 0000 1101 0000 0000 0000 0000 0000 0000 0000 0000 0000 0000 0000 1011 0000 0000# after SR MC SR
00:18:26.721.789 INFO root: 
00:18:26.721.790 INFO root: new trail: 1011000000001010 -> 1101000000001011
00:18:26.729.798 INFO root: #trails 15 
00:18:26.730.798 INFO root: mask pair #672 / 65025: 0000000100000110 0000000010110000anfI_max <DenseSet hash=6101de51291d9ed2 n=16 wt=89 | 3:5 4:17 5:45 6:22> anfO_max <DenseSet hash=4538e1ec0db6e265 n=16 wt=59 | 3:5 4:16 5:24 6:14>
00:18:35.303.372 INFO root: solving SAT...
00:19:07.288.356 INFO root: SAT solve time: 31.983854293823242
00:19:07.288.357 INFO root: SAT_times: 31.9 - 160.7, avg 51.4 med 45.7
00:19:07.289.357 INFO root: middle division transition ~0000110100000111 -> 0000101101110000 (~6 -> 6)
00:19:07.289.358 INFO root: mid transition: 0000110100000111 0000101101110000 6 6
00:19:07.289.358 INFO root: full trace:
00:19:07.290.358 INFO root: 1111 1111 1111 1111 1111 1111 1111 0010 1111 1111 1111 1111 1111 1111 1111 1000# initial
00:19:07.291.359 INFO root: 1011 1111 1011 1111 1111 1101 1111 0111 1101 1111 1011 1111 1111 1111 1111 1111# after SR MC SR
00:19:07.291.360 INFO root: 0100 1111 0101 1111 0000 0101 0000 1101 1000 1101 1111 0010 1111 0100 1000 1100# after SSB
00:19:07.292.360 INFO root: 0111 1101 1000 0000 0000 0010 1110 0111 1101 1001 0000 0111 1011 1110 1101 1010# after SR MC SR
00:19:07.292.361 INFO root: 0000 0000 0100 0010 0000 0000 0000 0000 1000 0001 0000 0000 0000 0100 0001 0000# after SSB
00:19:07.293.361 INFO root: 0000 0000 0000 0000 0000 1011 0000 0000 0000 0111 0000 0000 0000 0000 0000 0000# after SR MC SR
00:19:07.293.362 INFO root: 
00:19:07.293.362 INFO root: new trail: 0000110100000111 -> 0000101101110000
00:19:07.295.364 INFO root: #trails 16 
00:19:07.296.364 INFO root: mask pair #699 / 65025: 0110000100000110 1010000000000000anfI_max <DenseSet hash=0e6f5eadfd687c37 n=16 wt=90 | 3:4 4:12 5:47 6:27> anfO_max <DenseSet hash=4d700f45c27717be n=16 wt=76 | 3:9 4:32 5:27 6:8>
00:19:13.774.842 INFO root: solving SAT...
00:20:01.760.829 INFO root: SAT solve time: 47.985867738723755
00:20:01.761.829 INFO root: SAT_times: 31.9 - 160.7, avg 51.2 med 45.7
00:20:01.761.830 INFO root: middle division transition ~0000000001111100 -> 1011000001110000 (~5 -> 6)
00:20:01.762.830 INFO root: mid transition: 0000000001111100 1011000001110000 5 6
00:20:01.762.830 INFO root: full trace:
00:20:01.763.831 INFO root: 1111 1111 1111 1111 1111 1111 1111 1111 1111 1111 1111 1000 1111 1111 1111 0011# initial
00:20:01.763.832 INFO root: 1101 0111 1111 1111 1111 1111 1111 1111 1111 1111 0111 1101 1111 1111 1101 1111# after SR MC SR
00:20:01.764.832 INFO root: 1001 0010 0011 1111 1111 1111 1101 0100 0010 0111 0111 1101 1100 0011 0001 0100# after SSB
00:20:01.765.833 INFO root: 1001 0000 0000 1011 1011 1011 1111 0011 0000 1011 1101 1101 1100 1011 0111 1110# after SR MC SR
00:20:01.765.834 INFO root: 0000 0000 0000 0001 0000 0000 0010 0000 0000 0010 0000 0100 1000 0000 0100 0000# after SSB
00:20:01.766.834 INFO root: 0000 1011 0000 0000 0000 0000 0000 0000 0000 0111 0000 0000 0000 0000 0000 0000# after SR MC SR
00:20:01.766.835 INFO root: 
00:20:01.767.835 INFO root: new trail: 0000000001111100 -> 1011000001110000
00:20:01.771.839 INFO root: #trails 17 
00:20:01.771.840 INFO root: mask pair #819 / 65025: 0111011001110001 0000000000001010anfI_max <DenseSet hash=cb401f9911125b22 n=16 wt=109 | 3:1 4:10 5:78 6:20> anfO_max <DenseSet hash=4770c501345291cf n=16 wt=66 | 3:4 4:14 5:32 6:16>
00:20:09.540.608 INFO root: solving SAT...
00:21:13.809.877 INFO root: SAT solve time: 64.26844525337219
00:21:13.810.878 INFO root: SAT_times: 31.9 - 160.7, avg 51.9 med 46.4
00:21:13.810.878 INFO root: middle division transition ~0000101101110000 -> 0000011111010000 (~6 -> 6)
00:21:13.810.879 INFO root: mid transition: 0000101101110000 0000011111010000 6 6
00:21:13.810.879 INFO root: full trace:
00:21:13.811.879 INFO root: 1111 1111 1111 1111 1111 1111 1111 0100 1111 1111 1111 1000 1111 1111 1111 1111# initial
00:21:13.811.880 INFO root: 1111 1011 1111 1111 1111 1011 1111 1111 1011 1111 1111 0111 1111 1111 1011 1101# after SR MC SR
00:21:13.812.880 INFO root: 0100 0000 1000 0100 1000 0100 0110 0100 1111 0100 1111 0010 1000 1111 0101 1000# after SSB
00:21:13.812.880 INFO root: 0111 0000 1011 0000 0110 1000 1010 1000 0111 1110 0000 0000 0000 0111 0101 1110# after SR MC SR
00:21:13.813.881 INFO root: 0000 0000 0000 0001 0000 0000 0000 0001 0010 0001 0000 0000 0000 1000 1000 0000# after SSB
00:21:13.813.881 INFO root: 0000 0000 0000 0000 0000 0111 0000 0000 0000 1101 0000 0000 0000 0000 0000 0000# after SR MC SR
00:21:13.813.882 INFO root: 
00:21:13.814.882 INFO root: new trail: 0000101101110000 -> 0000011111010000
00:21:13.823.891 INFO root: #trails 18 
00:21:13.823.892 INFO root: mask pair #1703 / 65025: 0001000000000000 0000000100001010anfI_max <DenseSet hash=c624d6a10178ac83 n=16 wt=78 | 3:11 4:28 5:28 6:11> anfO_max <DenseSet hash=75db1a46f113dc9a n=16 wt=85 | 3:9 4:24 5:35 6:17>
00:21:20.159.227 INFO root: solving SAT...
00:23:34.434.503 INFO root: SAT solve time: 134.27500104904175
00:23:34.435.503 INFO root: SAT_times: 31.9 - 160.7, avg 56.2 med 46.4
00:23:34.435.503 INFO root: middle division transition ~0000101100000111 -> 0111110100000000 (~6 -> 6)
00:23:34.435.504 INFO root: mid transition: 0000101100000111 0111110100000000 6 6
00:23:34.436.504 INFO root: full trace:
00:23:34.436.504 INFO root: 1111 1111 1111 1111 1111 1111 1111 0100 1111 1111 1111 1111 1111 1111 1111 1000# initial
00:23:34.436.505 INFO root: 1111 1111 1111 1111 1111 1011 1111 0111 1011 1111 1101 1111 1111 0111 1111 0111# after SR MC SR
00:23:34.437.505 INFO root: 0010 0000 0011 0110 1111 1000 1000 0010 1100 1010 1111 1000 0010 1111 1111 0100# after SSB
00:23:34.437.506 INFO root: 0000 1101 0111 1101 0000 1100 0111 0000 1101 1110 1111 0000 0111 1110 0000 0010# after SR MC SR
00:23:34.438.506 INFO root: 0000 0100 0100 0000 0000 0000 0010 0010 0000 0000 0000 0000 0010 1000 0000 0000# after SSB
00:23:34.438.506 INFO root: 0000 0111 0000 0000 0000 1101 0000 0000 0000 0000 0000 0000 0000 0000 0000 0000# after SR MC SR
00:23:34.438.507 INFO root: 
00:23:34.438.507 INFO root: new trail: 0000101100000111 -> 0111110100000000
00:23:34.441.510 INFO root: #trails 19 
00:23:34.442.510 INFO root: mask pair #1798 / 65025: 0001000001100001 1011101000001011anfI_max <DenseSet hash=7f5d755cff76413c n=16 wt=83 | 3:1 4:27 5:31 6:24> anfO_max <DenseSet hash=8a9038156504114a n=16 wt=83 | 3:4 4:19 5:42 6:18>
00:23:41.078.146 INFO root: solving SAT...
00:24:31.385.454 INFO root: SAT solve time: 50.30726170539856
00:24:31.387.455 INFO root: SAT_times: 31.9 - 160.7, avg 55.9 med 47.3
00:24:31.387.456 INFO root: middle division transition ~0000011100001011 -> 0111011100000000 (~6 -> 6)
00:24:31.388.456 INFO root: mid transition: 0000011100001011 0111011100000000 6 6
00:24:31.388.457 INFO root: full trace:
00:24:31.389.458 INFO root: 1111 1111 1111 1111 1111 1111 1111 1000 1111 1111 1111 1111 1111 1111 1111 0100# initial
00:24:31.390.458 INFO root: 1011 1111 0111 1111 1111 1111 1111 1011 0111 1111 1111 1111 1111 1101 1111 1011# after SR MC SR
00:24:31.391.459 INFO root: 1111 1001 1000 0100 0100 0100 1111 1111 1010 1000 1001 0000 0000 1111 0010 0010# after SSB
00:24:31.391.460 INFO root: 0100 0000 1011 0100 1001 1100 0000 1101 1110 1101 0001 1101 0000 0111 0001 1011# after SR MC SR
00:24:31.392.460 INFO root: 0000 1000 0010 0000 0000 0000 0000 0010 0010 0000 0000 1000 0010 0000 0000 0000# after SSB
00:24:31.393.461 INFO root: 0000 0111 0000 0000 0000 0111 0000 0000 0000 0000 0000 0000 0000 0000 0000 0000# after SR MC SR
00:24:31.393.462 INFO root: 
00:24:31.394.462 INFO root: new trail: 0000011100001011 -> 0111011100000000
00:24:31.405.473 INFO root: #trails 20 
00:24:31.406.474 INFO root: mask pair #2232 / 65025: 0110000001100000 0000000000001010anfI_max <DenseSet hash=a3f2fb10b8eb3827 n=16 wt=102 | 3:3 4:33 5:48 6:18> anfO_max <DenseSet hash=4770c501345291cf n=16 wt=66 | 3:4 4:14 5:32 6:16>
00:24:41.638.707 INFO root: solving SAT...
00:25:46.226.294 INFO root: SAT solve time: 64.58720254898071
00:25:46.227.295 INFO root: SAT_times: 31.9 - 160.7, avg 56.4 med 47.3
00:25:46.227.296 INFO root: middle division transition ~1101101100000000 -> 0111110000000000 (~6 -> 5)
00:25:46.227.296 INFO root: mid transition: 1101101100000000 0111110000000000 6 5
00:25:46.228.296 INFO root: full trace:
00:25:46.228.297 INFO root: 1111 1111 1111 0010 1111 1111 1111 0100 1111 1111 1111 1111 1111 1111 1111 1111# initial
00:25:46.229.297 INFO root: 1111 1111 1111 1101 1111 1101 1110 1111 0111 1111 1111 1111 0111 1111 1111 1101# after SR MC SR
00:25:46.230.298 INFO root: 1111 1111 1001 1111 0010 1011 1111 0010 0000 0010 0110 1100 0011 0011 1111 0000# after SSB
00:25:46.230.299 INFO root: 0000 0111 0000 0111 0111 0000 0011 1101 1010 1001 1101 0111 1011 0111 1101 1011# after SR MC SR
00:25:46.231.299 INFO root: 0000 0000 0000 0000 0000 0000 0100 0010 0000 0000 0000 0001 1000 0100 0000 0000# after SSB
00:25:46.231.300 INFO root: 0000 0111 0000 0000 0000 1100 0000 0000 0000 0000 0000 0000 0000 0000 0000 0000# after SR MC SR
00:25:46.232.300 INFO root: 
00:25:46.232.300 INFO root: new trail: 1101101100000000 -> 0111110000000000
00:25:46.243.311 INFO root: #trails 21 
00:25:46.244.312 INFO root: mask pair #2885 / 65025: 0001011100000000 0000000000001010anfI_max <DenseSet hash=b7699b370237dfaf n=16 wt=64 | 3:1 4:3 5:22 6:38> anfO_max <DenseSet hash=4770c501345291cf n=16 wt=66 | 3:4 4:14 5:32 6:16>
00:25:53.567.636 INFO root: solving SAT...
00:26:17.950.018 INFO root: SAT solve time: 24.38187885284424
00:26:17.950.019 INFO root: SAT_times: 24.4 - 160.7, avg 54.9 med 47.3
00:26:17.951.019 INFO root: middle division transition ~0000000000111011 -> 0000011101110000 (~5 -> 6)
00:26:17.951.019 INFO root: mid transition: 0000000000111011 0000011101110000 5 6
00:26:17.951.020 INFO root: full trace:
00:26:17.952.020 INFO root: 1111 1111 1111 1111 1111 1111 1111 1111 1111 1111 1111 1100 1111 1111 1111 0100# initial
00:26:17.953.021 INFO root: 0111 1111 1111 1111 1110 1111 1111 1101 1111 1111 1111 1111 1111 1101 1011 1111# after SR MC SR
00:26:17.953.022 INFO root: 1000 1111 1011 1000 1000 0011 0010 1111 1000 0100 0100 1101 0100 1101 1111 1010# after SSB
00:26:17.954.022 INFO root: 0001 1011 1011 1111 0000 1011 0000 0000 1101 1101 0101 0111 0000 1011 1011 0110# after SR MC SR
00:26:17.954.023 INFO root: 0000 0000 1000 1000 0001 0000 0000 1000 0000 0001 0000 0000 0000 0001 0000 0000# after SSB
00:26:17.955.023 INFO root: 0000 0000 0000 0000 0000 0111 0000 0000 0000 0111 0000 0000 0000 0000 0000 0000# after SR MC SR
00:26:17.955.024 INFO root: 
00:26:17.956.024 INFO root: new trail: 0000000000111011 -> 0000011101110000
00:26:17.974.042 INFO root: #trails 22 
00:26:17.974.043 INFO root: mask pair #3926 / 65025: 0000000100000000 1010000100010001anfI_max <DenseSet hash=31b156f4e44c425e n=16 wt=76 | 3:3 4:12 5:41 6:20> anfO_max <DenseSet hash=aab55188535bafc1 n=16 wt=93 | 3:4 4:21 5:47 6:21>
00:26:26.194.262 INFO root: solving SAT...
00:27:01.421.490 INFO root: SAT solve time: 35.22693061828613
00:27:01.422.490 INFO root: SAT_times: 24.4 - 160.7, avg 54.0 med 46.4
00:27:01.422.491 INFO root: middle division transition ~0000110110110000 -> 1101000011000000 (~6 -> 5)
00:27:01.423.491 INFO root: mid transition: 0000110110110000 1101000011000000 6 5
00:27:01.423.491 INFO root: full trace:
00:27:01.424.492 INFO root: 1111 1111 1111 1111 1111 1111 1111 0010 1111 1111 1111 0100 1111 1111 1111 1111# initial
00:27:01.424.493 INFO root: 1111 1111 0111 1111 0111 0111 1111 1111 1111 1111 1111 0111 1111 1111 0111 1101# after SR MC SR
00:27:01.425.493 INFO root: 0010 1000 1111 0000 1000 1111 0101 1111 0010 0010 1110 1000 1111 0010 0000 1000# after SSB
00:27:01.426.494 INFO root: 0000 1011 0111 0000 0000 0111 1100 0111 0000 0000 0111 0110 0000 1011 1101 1111# after SR MC SR
00:27:01.426.495 INFO root: 0000 1000 0000 0010 0000 0000 0001 0000 0000 0000 0000 0100 0000 0000 0001 0000# after SSB
00:27:01.427.495 INFO root: 0000 1101 0000 0000 0000 0000 0000 0000 0000 1100 0000 0000 0000 0000 0000 0000# after SR MC SR
00:27:01.427.495 INFO root: 
00:27:01.427.496 INFO root: new trail: 0000110110110000 -> 1101000011000000
00:27:01.431.500 INFO root: #trails 23 
00:27:01.432.500 INFO root: mask pair #4094 / 65025: 0000011000000110 0000101110110001anfI_max <DenseSet hash=c3549e6054f52b46 n=16 wt=73 | 3:1 4:10 5:31 6:31> anfO_max <DenseSet hash=ef8638eed3785e01 n=16 wt=93 | 3:7 4:29 5:39 6:18>
00:27:08.207.276 INFO root: solving SAT...
00:27:34.007.076 INFO root: SAT solve time: 25.799433946609497
00:27:34.008.076 INFO root: SAT_times: 24.4 - 160.7, avg 52.9 med 46.4
00:27:34.008.077 INFO root: middle division transition ~0000011100001011 -> 0111000000001011 (~6 -> 6)
00:27:34.009.077 INFO root: mid transition: 0000011100001011 0111000000001011 6 6
00:27:34.009.077 INFO root: full trace:
00:27:34.010.078 INFO root: 1111 1111 1111 1111 1111 1111 1111 1000 1111 1111 1111 1111 1111 1111 1111 0100# initial
00:27:34.010.079 INFO root: 1011 1111 0111 1111 1111 0111 1111 1011 1111 1111 1111 1111 1111 1101 1111 0111# after SR MC SR
00:27:34.011.079 INFO root: 0010 0010 1000 0001 1001 1111 1111 0010 0011 0000 0100 0100 1111 1100 0010 0100# after SSB
00:27:34.011.080 INFO root: 0111 0100 0000 0000 1111 1101 1100 1000 0000 0000 1011 0001 0101 0000 1111 1011# after SR MC SR
00:27:34.012.080 INFO root: 1000 1000 0000 0000 0000 0000 0100 0000 0000 0000 0100 0000 1000 0000 0000 0010# after SSB
00:27:34.013.081 INFO root: 0000 0111 0000 0000 0000 0000 0000 0000 0000 0000 0000 0000 0000 1011 0000 0000# after SR MC SR
00:27:34.013.081 INFO root: 
00:27:34.013.082 INFO root: new trail: 0000011100001011 -> 0111000000001011
00:27:34.016.084 INFO root: #trails 24 
00:27:34.016.085 INFO root: mask pair #4160 / 65025: 0001000000000000 1011000000000000anfI_max <DenseSet hash=c624d6a10178ac83 n=16 wt=78 | 3:11 4:28 5:28 6:11> anfO_max <DenseSet hash=5fa4d26b96d67071 n=16 wt=59 | 3:2 5:40 6:17>
00:27:40.285.354 INFO root: solving SAT...
00:28:22.213.281 INFO root: SAT solve time: 41.92702531814575
00:28:22.214.282 INFO root: SAT_times: 24.4 - 160.7, avg 52.4 med 45.7
00:28:22.214.283 INFO root: middle division transition ~0000101100000111 -> 1101000000001101 (~6 -> 6)
00:28:22.215.283 INFO root: mid transition: 0000101100000111 1101000000001101 6 6
00:28:22.215.283 INFO root: full trace:
00:28:22.216.284 INFO root: 1111 1111 1111 1111 1111 1111 1111 0100 1111 1111 1111 1111 1111 1111 1111 1000# initial
00:28:22.216.285 INFO root: 0111 1111 0111 1111 1111 1111 1111 0111 0111 1111 1111 1111 1111 1101 1111 1011# after SR MC SR
00:28:22.217.285 INFO root: 0010 1111 0110 0100 0000 1000 1000 1111 1111 0110 1010 0001 1011 1001 1111 0100# after SSB
00:28:22.218.286 INFO root: 0000 0000 0111 1000 1111 1111 0000 0000 1101 0111 1100 1011 0111 1011 0101 0110# after SR MC SR
00:28:22.219.287 INFO root: 1000 0100 0000 0000 0000 0010 0100 0000 0000 0000 0000 0000 0100 0000 0000 0100# after SSB
00:28:22.219.288 INFO root: 0000 1101 0000 0000 0000 0000 0000 0000 0000 0000 0000 0000 0000 1101 0000 0000# after SR MC SR
00:28:22.220.288 INFO root: 
00:28:22.220.288 INFO root: new trail: 0000101100000111 -> 1101000000001101
00:28:22.226.294 INFO root: #trails 25 
00:28:22.226.295 INFO root: mask pair #4421 / 65025: 0001011100010111 0000000000001010anfI_max <DenseSet hash=d5ec24ea86a2d8d3 n=16 wt=95 | 3:3 4:45 5:25 6:22> anfO_max <DenseSet hash=4770c501345291cf n=16 wt=66 | 3:4 4:14 5:32 6:16>
00:28:31.836.904 INFO root: solving SAT...
00:29:14.859.927 INFO root: SAT solve time: 43.022104024887085
00:29:14.859.928 INFO root: SAT_times: 24.4 - 160.7, avg 52.1 med 45.7
00:29:14.860.928 INFO root: middle division transition ~1011000000000111 -> 0111000011010000 (~6 -> 6)
00:29:14.860.928 INFO root: mid transition: 1011000000000111 0111000011010000 6 6
00:29:14.860.928 INFO root: full trace:
00:29:14.861.929 INFO root: 1111 1111 1111 0100 1111 1111 1111 1111 1111 1111 1111 1111 1111 1111 1111 1000# initial
00:29:14.861.930 INFO root: 0111 1111 1111 1101 1111 1111 0111 0111 1111 0111 1111 1111 1111 1011 1111 1111# after SR MC SR
00:29:14.862.930 INFO root: 1000 0010 1111 0001 0101 1111 0010 1010 1111 0000 0100 1000 0010 0100 0100 0100# after SSB
00:29:14.862.931 INFO root: 1101 0100 1011 0000 0111 1111 1010 0000 1111 1010 1111 0000 0000 0000 0000 0000# after SR MC SR
00:29:14.863.931 INFO root: 0000 0100 0000 0000 0100 0000 0010 0000 0000 0010 0000 0000 0010 0000 0010 0000# after SSB
00:29:14.863.931 INFO root: 0000 0111 0000 0000 0000 0000 0000 0000 0000 1101 0000 0000 0000 0000 0000 0000# after SR MC SR
00:29:14.863.932 INFO root: 
00:29:14.864.932 INFO root: new trail: 1011000000000111 -> 0111000011010000
00:29:14.933.002 INFO root: #trails 26 
00:29:14.934.002 INFO root: mask pair #9519 / 65025: 0000000101100001 1010000000001010anfI_max <DenseSet hash=f9a2622cd9ba514d n=16 wt=92 | 3:1 4:16 5:50 6:25> anfO_max <DenseSet hash=e25bc44c1ba9c480 n=16 wt=70 | 3:5 4:9 5:36 6:20>
00:29:22.757.825 INFO root: solving SAT...
00:30:11.698.766 INFO root: SAT solve time: 48.94041085243225
00:30:11.698.767 INFO root: SAT_times: 24.4 - 160.7, avg 52.0 med 45.7
00:30:11.699.767 INFO root: middle division transition ~0000000010110111 -> 1011100100000000 (~6 -> 5)
00:30:11.699.768 INFO root: mid transition: 0000000010110111 1011100100000000 6 5
00:30:11.699.768 INFO root: full trace:
00:30:11.700.768 INFO root: 1111 1111 1111 1111 1111 1111 1111 1111 1111 1111 1111 0100 1111 1111 1111 1000# initial
00:30:11.701.769 INFO root: 0111 1111 1111 1111 0111 1111 1111 0111 1111 1111 1111 0111 1111 1011 1110 1111# after SR MC SR
00:30:11.701.770 INFO root: 1000 0111 1101 1000 0000 0010 0100 0000 1111 1111 1111 1111 1011 0010 1111 1000# after SSB
00:30:11.702.770 INFO root: 0111 1011 1011 0000 1011 1010 0111 0011 0000 1011 0000 0011 0111 1010 1101 1011# after SR MC SR
00:30:11.703.771 INFO root: 0000 1000 1000 0000 0000 0000 0000 0000 0000 0000 0000 0100 1000 0100 0000 0000# after SSB
00:30:11.703.771 INFO root: 0000 1011 0000 0000 0000 1001 0000 0000 0000 0000 0000 0000 0000 0000 0000 0000# after SR MC SR
00:30:11.703.772 INFO root: 
00:30:11.704.772 INFO root: new trail: 0000000010110111 -> 1011100100000000
00:30:11.709.777 INFO root: #trails 27 
00:30:11.709.778 INFO root: mask pair #9717 / 65025: 0001000000010111 0000000000001010anfI_max <DenseSet hash=9d59654a883c16ea n=16 wt=83 | 3:1 4:29 5:34 6:19> anfO_max <DenseSet hash=4770c501345291cf n=16 wt=66 | 3:4 4:14 5:32 6:16>
00:30:21.784.853 INFO root: solving SAT...
00:30:36.703.771 INFO root: SAT solve time: 14.917813777923584
00:30:36.704.772 INFO root: SAT_times: 14.9 - 160.7, avg 50.6 med 45.7
00:30:36.704.772 INFO root: middle division transition ~1011110000000000 -> 0000000010110111 (~5 -> 6)
00:30:36.704.773 INFO root: mid transition: 1011110000000000 0000000010110111 5 6
00:30:36.705.773 INFO root: full trace:
00:30:36.705.774 INFO root: 1111 1111 1111 0100 1111 1111 1111 0011 1111 1111 1111 1111 1111 1111 1111 1111# initial
00:30:36.706.774 INFO root: 1111 1111 0111 1101 1111 1111 1111 1111 1111 0111 1111 1111 1011 1111 1111 1011# after SR MC SR
00:30:36.707.775 INFO root: 0001 1111 0011 1000 1111 1001 1000 1111 1111 1000 1111 0100 1000 0100 0010 0000# after SSB
00:30:36.707.776 INFO root: 1110 0000 1010 0000 1101 0011 0100 0111 1101 1101 0000 0101 0111 0100 1100 1111# after SR MC SR
00:30:36.708.776 INFO root: 1000 0000 0000 1000 0001 0000 0000 0000 0000 1000 1000 0000 0000 0000 0000 1000# after SSB
00:30:36.708.777 INFO root: 0000 0000 0000 0000 0000 0000 0000 0000 0000 1011 0000 0000 0000 0111 0000 0000# after SR MC SR
00:30:36.709.777 INFO root: 
00:30:36.709.777 INFO root: new trail: 1011110000000000 -> 0000000010110111
00:30:36.970.038 INFO root: #trails 28 
00:30:36.971.039 INFO root: mask pair #25304 / 65025: 0001000000000000 1010000000010001anfI_max <DenseSet hash=c624d6a10178ac83 n=16 wt=78 | 3:11 4:28 5:28 6:11> anfO_max <DenseSet hash=1cb7c5bc033688cb n=16 wt=97 | 3:3 4:30 5:44 6:20>
00:30:47.103.171 INFO root: solving SAT...
00:31:16.956.024 INFO root: SAT solve time: 29.85215711593628
00:31:16.956.025 INFO root: SAT_times: 14.9 - 160.7, avg 49.9 med 43.0
00:31:16.957.025 INFO root: middle division transition ~0000010100000111 -> 0111100100000000 (~5 -> 5)
00:31:16.957.025 INFO root: mid transition: 0000010100000111 0111100100000000 5 5
00:31:16.957.026 INFO root: full trace:
00:31:16.958.026 INFO root: 1111 1111 1111 1111 1111 1111 1111 1010 1111 1111 1111 1111 1111 1111 1111 1000# initial
00:31:16.958.027 INFO root: 0111 1111 1101 1111 1111 1101 1111 0110 1111 1111 1111 1111 1111 1111 1111 1111# after SR MC SR
00:31:16.959.027 INFO root: 1000 1111 0010 0010 1100 0100 0101 0100 1111 1000 1111 1111 0010 1100 0010 1101# after SSB
00:31:16.959.027 INFO root: 0000 1100 0111 0000 1011 0000 1000 1011 1011 1000 1101 1101 1101 0111 1101 1010# after SR MC SR
00:31:16.960.028 INFO root: 0000 0100 0001 0000 0000 0000 0010 1000 0000 0000 0000 0000 0010 0000 0000 0000# after SSB
00:31:16.960.028 INFO root: 0000 0111 0000 0000 0000 1001 0000 0000 0000 0000 0000 0000 0000 0000 0000 0000# after SR MC SR
00:31:16.960.029 INFO root: 
00:31:16.961.029 INFO root: new trail: 0000010100000111 -> 0111100100000000
00:31:17.112.181 INFO root: #trails 29 
00:31:17.113.181 INFO root: mask pair #40984 / 65025: 0000000001110000 0000000110111011anfI_max <DenseSet hash=9396a3c3f81fa08d n=16 wt=85 | 3:6 4:14 5:48 6:17> anfO_max <DenseSet hash=68fe5afbd11ac70c n=16 wt=76 | 3:6 4:20 5:26 6:24>
00:31:26.240.309 INFO root: solving SAT...
00:32:11.025.093 INFO root: SAT solve time: 44.783509254455566
00:32:11.025.094 INFO root: SAT_times: 14.9 - 160.7, avg 49.7 med 44.8
00:32:11.026.094 INFO root: middle division transition ~0000000001111011 -> 1101010100000000 (~6 -> 5)
00:32:11.026.095 INFO root: mid transition: 0000000001111011 1101010100000000 6 5
00:32:11.027.095 INFO root: full trace:
00:32:11.027.095 INFO root: 1111 1111 1111 1111 1111 1111 1111 1111 1111 1111 1111 1000 1111 1111 1111 0100# initial
00:32:11.028.096 INFO root: 1011 1111 1111 1111 0111 1111 1111 1111 1111 1111 1011 0111 1111 1110 1101 1111# after SR MC SR
00:32:11.028.097 INFO root: 0100 1111 1000 1000 0010 1111 0010 1111 0010 0100 1110 0101 1000 1001 1000 0010# after SSB
00:32:11.029.097 INFO root: 0111 1010 0000 1110 1011 0011 0000 0111 1011 0001 0000 1101 0000 1101 0000 1101# after SR MC SR
00:32:11.030.098 INFO root: 0000 0100 0000 0000 0000 0000 0000 0001 0000 0000 0000 0010 0100 1000 0000 0000# after SSB
00:32:11.030.099 INFO root: 0000 1101 0000 0000 0000 0101 0000 0000 0000 0000 0000 0000 0000 0000 0000 0000# after SR MC SR
00:32:11.030.099 INFO root: 
00:32:11.031.099 INFO root: new trail: 0000000001111011 -> 1101010100000000
00:32:11.167.235 INFO root: #trails 30 
00:32:11.167.236 INFO root: mask pair #50474 / 65025: 0001011100010111 1010000000000000anfI_max <DenseSet hash=d5ec24ea86a2d8d3 n=16 wt=95 | 3:3 4:45 5:25 6:22> anfO_max <DenseSet hash=4d700f45c27717be n=16 wt=76 | 3:9 4:32 5:27 6:8>
00:32:19.826.895 INFO root: solving SAT...
00:33:03.927.995 INFO root: SAT solve time: 44.10004734992981
00:33:03.928.996 INFO root: SAT_times: 14.9 - 160.7, avg 49.6 med 44.1
00:33:03.928.997 INFO root: middle division transition ~1100110100000000 -> 1101000000000111 (~5 -> 6)
00:33:03.929.997 INFO root: mid transition: 1100110100000000 1101000000000111 5 6
00:33:03.929.997 INFO root: full trace:
00:33:03.930.998 INFO root: 1111 1111 1111 0011 1111 1111 1111 0010 1111 1111 1111 1111 1111 1111 1111 1111# initial
00:33:03.930.999 INFO root: 1111 1111 1111 0111 1111 1011 1011 1111 1101 1111 1111 1111 1111 1111 1111 1011# after SR MC SR
00:33:03.931.999 INFO root: 0101 1000 0100 0000 0010 0010 0101 0010 0010 1111 1111 1000 1111 0011 1001 1111# after SSB
00:33:03.931.000 INFO root: 0010 0111 0111 1100 0000 0110 1011 1111 0000 0000 1110 0101 1010 1011 1110 0000# after SR MC SR
00:33:03.932.000 INFO root: 0010 0100 0000 0000 0000 0000 1000 0000 0000 0000 0010 0010 0000 0000 0000 0100# after SSB
00:33:03.933.001 INFO root: 0000 1101 0000 0000 0000 0000 0000 0000 0000 0000 0000 0000 0000 0111 0000 0000# after SR MC SR
00:33:03.933.001 INFO root: 
00:33:03.933.001 INFO root: new trail: 1100110100000000 -> 1101000000000111
00:33:04.153.222 INFO root: 
00:33:04.154.222 INFO root: final SAT_times: 14.9 - 160.7, avg 49.6 med 44.1
00:33:04.154.223 INFO root: SAT_times all [14.917813777923584, 24.38187885284424, 25.799433946609497, 29.85215711593628, 31.870574951171875, 31.983854293823242, 33.546860218048096, 34.239720821380615, 34.92509078979492, 35.22693061828613, 39.57230091094971, 39.90497541427612, 41.87661838531494, 41.92702531814575, 43.022104024887085, 44.10004734992981, 44.783509254455566, 45.68122673034668, 46.41338610649109, 47.30350112915039, 47.985867738723755, 48.45655846595764, 48.544984340667725, 48.94041085243225, 50.30726170539856, 64.26844525337219, 64.2946605682373, 64.58720254898071, 72.64583802223206, 134.27500104904175, 160.7100989818573]
00:33:04.155.223 INFO root: Trails:
00:33:04.155.224 INFO root: trail ~0000011100001011 -> 0000110101110000: 1111111111111111111111111111100011111111111111111111111111110100 1110111110111111111111011111111111111111100111111111111111110111 1111001000000100111110001111010000011100001010001111111110101111 1011101010110111110000000000101100000111010101111101101001111101 0000000000000001010000000000001000000000000000000000100110000000 0000000000000000000011010000000000000111000000000000000000000000
00:33:04.157.225 INFO root: trail ~0000110110110000 -> 0111000001110000: 1111111111111111111111111111001011111111111101001111111111111111 1111111101111111110101111111111111111111111101111111111110111101 1000111100010000100001000010011110000100101101001111001011111111 0111111101011101101101101110000001010000101100000000011110110000 0000010000000000010000000010000000000100000000100000000000010000 0000011100000000000000000000000000000111000000000000000000000000
00:33:04.157.226 INFO root: trail ~1101110100000000 -> 0111011100000000: 1111111111110010111111111111001011111111111111111111111111111111 1111111110111101111111111111111111011011111111111110111111111110 0101100011100100011001000011100000011111100001001010111011110111 0000000000000101011101111100011101111011111010111111000100000011 0000000000000000000000000100100001000000000000011000001000000000 0000011100000000000001110000000000000000000000000000000000000000
00:33:04.158.226 INFO root: trail ~0000000011011011 -> 0000011100000101: 1111111111111111111111111111111111111111111100101111111111110100 0111111111111111101111111111111111111111110110111111110111011111 1111111100000101000000100010111110001111111111000010000101000100 0011011110110111011001011101110100000000111000000100001111100001 0000000000100000000000000000000000100000010000000000100000000010 0000000000000000000001110000000000000000000000000000010100000000
00:33:04.159.227 INFO root: trail ~0000101110110000 -> 0000110110110000: 1111111111111111111111111111010011111111111101001111111111111111 1111011111111111110110111111111111011111111111111111111111011011 1111111110001111000000000100001001001111111110111000011101000010 0111111000001110000000000000101001110111111110111101000011011101 0000000000100001000000000000100010000010000000000000000000010000 0000000000000000000011010000000000001011000000000000000000000000
00:33:04.159.228 INFO root: trail ~1101001100000000 -> 0101110100000000: 1111111111110010111111111111110011111111111111111111111111111111 1111111101111011111111111111111101111101111111111101111111111111 0000100011111111001011111000110110001000010000101111100010000010 1111000011011101010110111100000000000000000001111010110010011101 0000000110000000000000000000100000100000000000001000000000000000 0000010100000000000011010000000000000000000000000000000000000000
00:33:04.160.228 INFO root: trail ~0000110100001011 -> 0000110100001101: 1111111111111111111111111111001011111111111111111111111111110100 0111111101111111111110111111111011011111111111111111101111111111 0000111100101111111000100100100011110000111111110010010011110010 0111111100001101111011001011000001100110101101111110000000001011 1000000000000000000000100000001000100000000100000000010000000000 0000000000000000000011010000000000000000000000000000110100000000
00:33:04.161.229 INFO root: trail ~0000110110110000 -> 1011000000001101: 1111111111111111111111111111001011111111111101001111111111111111 1111011111111111111101111111111111011111111111111111111111001110 1111000011110010001010000100001010001000100011111000111100111111 1101011111111011011111001000111111010010011100000000000000000010 0100010000000000000000000010000000000000010001000000000000000010 0000101100000000000000000000000000000000000000000000110100000000
00:33:04.162.230 INFO root: trail ~0000011101110000 -> 1011000000000111: 1111111111111111111111111111100011111111111110001111111111111111 1111101111111111111111011111111111101111111111101111111111101110 1111111110110010111101000100010010010000111101001000100011110100 1111000000000000000001011011000011010111101111111011110110110110 0010100000000000000000000000000000000000001001001000000000000001 0000101100000000000000000000000000000000000000000000011100000000
00:33:04.162.231 INFO root: trail ~1101000010110000 -> 0000011100001101: 1111111111110010111111111111111111111111111101001111111111111111 1111011111110011101111111101111111111111111110111111111111111111 0100100010000000010001100101110011101111111111111111100010001100 1011100110110000111000000111101100001011000010110000011111011111 1000000010000000000000000000100000000000000000000000010000000011 0000000000000000000001110000000000000000000000000000110100000000
00:33:04.163.231 INFO root: trail ~0000000010111011 -> 0000110100000111: 1111111111111111111111111111111111111111111101001111111111110100 0111110111111111101111111111111011111111110111101111111111111111 0000111100010100100010001111010100110100111101001111100011111000 0000011100001100110101110011000010110111011111110000110111010000 0000000000000000000000100000000100010000001000000000001000000100 0000000000000000000011010000000000000000000000000000011100000000
00:33:04.164.232 INFO root: trail ~1011000000000111 -> 0000110111010000: 1111111111110100111111111111111111111111111111111111111111111000 0111111111110111111111111111110111111011011111111011111111111111 0111110101111000000010101111101111111111001011110010011010000000 1010111001110101111011010000000001110110011011011001101010111101 0000000000000000001000000000100000100001000000000000010010000000 0000000000000000000011010000000000001101000000000000000000000000
00:33:04.165.233 INFO root: trail ~0000110100000111 -> 0111000000001011: 1111111111111111111111111111001011111111111111111111111111111000 0111111101111111111110111111011111111111111011111111111111111101 0010010101000000001111110100111111111010000110001000100000110010 1011000001110101001001111110010111110100110001000000000010110000 0100100000000000000000000010000000000000001000001000000000000100 0000011100000000000000000000000000000000000000000000101100000000
00:33:04.165.234 INFO root: trail ~1101000000000110 -> 0000101100001100: 1111111111110010111111111111111111111111111111111111111111111001 1111111111111111111111110111001111111101111111110111111111111111 1001100111110010010010110010100010001000011011111111111101001000 1101101110110000011010000000110110111000011011010111000010111101 0010000000100000000000000000000000100000000000000000010000000100 0000000000000000000010110000000000000000000000000000110000000000
00:33:04.166.235 INFO root: trail ~1011000000001010 -> 1101000000001011: 1111111111110100111111111111111111111111111111111111111111110101 0111111111111101111111110111111111111101111011111111111111111111 0010111100011111001101001110010101011011100000101111111100100010 0000111101111110100100000100011101111101000010111011010010111110 0000001000000000000001000000000000000000001000101000000000001000 0000110100000000000000000000000000000000000000000000101100000000
00:33:04.167.236 INFO root: trail ~0000110100000111 -> 0000101101110000: 1111111111111111111111111111001011111111111111111111111111111000 1011111110111111111111011111011111011111101111111111111111111111 0100111101011111000001010000110110001101111100101111010010001100 0111110110000000000000101110011111011001000001111011111011011010 0000000001000010000000000000000010000001000000000000010000010000 0000000000000000000010110000000000000111000000000000000000000000
00:33:04.168.237 INFO root: trail ~0000000001111100 -> 1011000001110000: 1111111111111111111111111111111111111111111110001111111111110011 1101011111111111111111111111111111111111011111011111111111011111 1001001000111111111111111101010000100111011111011100001100010100 1001000000001011101110111111001100001011110111011100101101111110 0000000000000001000000000010000000000010000001001000000001000000 0000101100000000000000000000000000000111000000000000000000000000
00:33:04.169.238 INFO root: trail ~0000101101110000 -> 0000011111010000: 1111111111111111111111111111010011111111111110001111111111111111 1111101111111111111110111111111110111111111101111111111110111101 0100000010000100100001000110010011110100111100101000111101011000 0111000010110000011010001010100001111110000000000000011101011110 0000000000000001000000000000000100100001000000000000100010000000 0000000000000000000001110000000000001101000000000000000000000000
00:33:04.170.238 INFO root: trail ~0000101100000111 -> 0111110100000000: 1111111111111111111111111111010011111111111111111111111111111000 1111111111111111111110111111011110111111110111111111011111110111 0010000000110110111110001000001011001010111110000010111111110100 0000110101111101000011000111000011011110111100000111111000000010 0000010001000000000000000010001000000000000000000010100000000000 0000011100000000000011010000000000000000000000000000000000000000
00:33:04.171.239 INFO root: trail ~0000011100001011 -> 0111011100000000: 1111111111111111111111111111100011111111111111111111111111110100 1011111101111111111111111111101101111111111111111111110111111011 1111100110000100010001001111111110101000100100000000111100100010 0100000010110100100111000000110111101101000111010000011100011011 0000100000100000000000000000001000100000000010000010000000000000 0000011100000000000001110000000000000000000000000000000000000000
00:33:04.172.240 INFO root: trail ~1101101100000000 -> 0111110000000000: 1111111111110010111111111111010011111111111111111111111111111111 1111111111111101111111011110111101111111111111110111111111111101 1111111110011111001010111111001000000010011011000011001111110000 0000011100000111011100000011110110101001110101111011011111011011 0000000000000000000000000100001000000000000000011000010000000000 0000011100000000000011000000000000000000000000000000000000000000
00:33:04.173.241 INFO root: trail ~0000000000111011 -> 0000011101110000: 1111111111111111111111111111111111111111111111001111111111110100 0111111111111111111011111111110111111111111111111111110110111111 1000111110111000100000110010111110000100010011010100110111111010 0001101110111111000010110000000011011101010101110000101110110110 0000000010001000000100000000100000000001000000000000000100000000 0000000000000000000001110000000000000111000000000000000000000000
00:33:04.173.242 INFO root: trail ~0000110110110000 -> 1101000011000000: 1111111111111111111111111111001011111111111101001111111111111111 1111111101111111011101111111111111111111111101111111111101111101 0010100011110000100011110101111100100010111010001111001000001000 0000101101110000000001111100011100000000011101100000101111011111 0000100000000010000000000001000000000000000001000000000000010000 0000110100000000000000000000000000001100000000000000000000000000
00:33:04.174.243 INFO root: trail ~0000011100001011 -> 0111000000001011: 1111111111111111111111111111100011111111111111111111111111110100 1011111101111111111101111111101111111111111111111111110111110111 0010001010000001100111111111001000110000010001001111110000100100 0111010000000000111111011100100000000000101100010101000011111011 1000100000000000000000000100000000000000010000001000000000000010 0000011100000000000000000000000000000000000000000000101100000000
00:33:04.175.243 INFO root: trail ~0000101100000111 -> 1101000000001101: 1111111111111111111111111111010011111111111111111111111111111000 0111111101111111111111111111011101111111111111111111110111111011 0010111101100100000010001000111111110110101000011011100111110100 0000000001111000111111110000000011010111110010110111101101010110 1000010000000000000000100100000000000000000000000100000000000100 0000110100000000000000000000000000000000000000000000110100000000
00:33:04.176.244 INFO root: trail ~1011000000000111 -> 0111000011010000: 1111111111110100111111111111111111111111111111111111111111111000 0111111111111101111111110111011111110111111111111111101111111111 1000001011110001010111110010101011110000010010000010010001000100 1101010010110000011111111010000011111010111100000000000000000000 0000010000000000010000000010000000000010000000000010000000100000 0000011100000000000000000000000000001101000000000000000000000000
00:33:04.176.245 INFO root: trail ~0000000010110111 -> 1011100100000000: 1111111111111111111111111111111111111111111101001111111111111000 0111111111111111011111111111011111111111111101111111101111101111 1000011111011000000000100100000011111111111111111011001011111000 0111101110110000101110100111001100001011000000110111101011011011 0000100010000000000000000000000000000000000001001000010000000000 0000101100000000000010010000000000000000000000000000000000000000
00:33:04.177.245 INFO root: trail ~1011110000000000 -> 0000000010110111: 1111111111110100111111111111001111111111111111111111111111111111 1111111101111101111111111111111111110111111111111011111111111011 0001111100111000111110011000111111111000111101001000010000100000 1110000010100000110100110100011111011101000001010111010011001111 1000000000001000000100000000000000001000100000000000000000001000 0000000000000000000000000000000000001011000000000000011100000000
00:33:04.178.246 INFO root: trail ~0000010100000111 -> 0111100100000000: 1111111111111111111111111111101011111111111111111111111111111000 0111111111011111111111011111011011111111111111111111111111111111 1000111100100010110001000101010011111000111111110010110000101101 0000110001110000101100001000101110111000110111011101011111011010 0000010000010000000000000010100000000000000000000010000000000000 0000011100000000000010010000000000000000000000000000000000000000
00:33:04.179.247 INFO root: trail ~0000000001111011 -> 1101010100000000: 1111111111111111111111111111111111111111111110001111111111110100 1011111111111111011111111111111111111111101101111111111011011111 0100111110001000001011110010111100100100111001011000100110000010 0111101000001110101100110000011110110001000011010000110100001101 0000010000000000000000000000000100000000000000100100100000000000 0000110100000000000001010000000000000000000000000000000000000000
00:33:04.179.248 INFO root: trail ~1100110100000000 -> 1101000000000111: 1111111111110011111111111111001011111111111111111111111111111111 1111111111110111111110111011111111011111111111111111111111111011 0101100001000000001000100101001000101111111110001111001110011111 0010011101111100000001101011111100000000111001011010101111100000 0010010000000000000000001000000000000000001000100000000000000100 0000110100000000000000000000000000000000000000000000011100000000
00:33:04.180.248 INFO root: 
00:33:04.180.248 INFO root: Greedy:
00:33:04.210.279 INFO root: greedy iter, tocover 65025
00:33:17.023.092 INFO root: trail (Bin(0b0000010100000111, n=16), Bin(0b0111100100000000, n=16)) cnt 36864
00:33:17.127.196 INFO root: -----
00:33:17.128.196 INFO root: greedy iter, tocover 28161
00:33:18.484.552 INFO root: trail (Bin(0b1101000000000110, n=16), Bin(0b0000101100001100, n=16)) cnt 16128
00:33:18.535.604 INFO root: -----
00:33:18.536.604 INFO root: greedy iter, tocover 12033
00:33:19.126.194 INFO root: trail (Bin(0b1101001100000000, n=16), Bin(0b0101110100000000, n=16)) cnt 6048
00:33:19.147.216 INFO root: -----
00:33:19.148.216 INFO root: greedy iter, tocover 5985
00:33:19.472.540 INFO root: trail (Bin(0b0000000000111011, n=16), Bin(0b0000011101110000, n=16)) cnt 2788
00:33:19.482.550 INFO root: -----
00:33:19.482.551 INFO root: greedy iter, tocover 3197
00:33:19.640.708 INFO root: trail (Bin(0b1011110000000000, n=16), Bin(0b0000000010110111, n=16)) cnt 1354
00:33:19.646.714 INFO root: -----
00:33:19.646.714 INFO root: greedy iter, tocover 1843
00:33:19.738.806 INFO root: trail (Bin(0b0000000001111100, n=16), Bin(0b1011000001110000, n=16)) cnt 724
00:33:19.742.810 INFO root: -----
00:33:19.742.810 INFO root: greedy iter, tocover 1119
00:33:19.798.866 INFO root: trail (Bin(0b0000000011011011, n=16), Bin(0b0000011100000101, n=16)) cnt 417
00:33:19.800.868 INFO root: -----
00:33:19.800.868 INFO root: greedy iter, tocover 702
00:33:19.834.903 INFO root: trail (Bin(0b0000110110110000, n=16), Bin(0b1101000011000000, n=16)) cnt 261
00:33:19.836.904 INFO root: -----
00:33:19.836.905 INFO root: greedy iter, tocover 441
00:33:19.858.926 INFO root: trail (Bin(0b1011000000000111, n=16), Bin(0b0000110111010000, n=16)) cnt 158
00:33:19.859.927 INFO root: -----
00:33:19.859.927 INFO root: greedy iter, tocover 283
00:33:19.873.942 INFO root: trail (Bin(0b1100110100000000, n=16), Bin(0b1101000000000111, n=16)) cnt 105
00:33:19.874.942 INFO root: -----
00:33:19.874.943 INFO root: greedy iter, tocover 178
00:33:19.883.952 INFO root: trail (Bin(0b0000011100001011, n=16), Bin(0b0111000000001011, n=16)) cnt 67
00:33:19.884.952 INFO root: -----
00:33:19.884.952 INFO root: greedy iter, tocover 111
00:33:19.890.958 INFO root: trail (Bin(0b1011000000001010, n=16), Bin(0b1101000000001011, n=16)) cnt 36
00:33:19.890.958 INFO root: -----
00:33:19.890.959 INFO root: greedy iter, tocover 75
00:33:19.895.963 INFO root: trail (Bin(0b0000000010111011, n=16), Bin(0b0000110100000111, n=16)) cnt 22
00:33:19.895.963 INFO root: -----
00:33:19.895.964 INFO root: greedy iter, tocover 53
00:33:19.899.967 INFO root: trail (Bin(0b1011000000000111, n=16), Bin(0b0111000011010000, n=16)) cnt 15
00:33:19.899.967 INFO root: -----
00:33:19.899.968 INFO root: greedy iter, tocover 38
00:33:19.901.970 INFO root: trail (Bin(0b0000110110110000, n=16), Bin(0b0111000001110000, n=16)) cnt 12
00:33:19.902.970 INFO root: -----
00:33:19.902.970 INFO root: greedy iter, tocover 26
00:33:19.903.972 INFO root: trail (Bin(0b0000000010110111, n=16), Bin(0b1011100100000000, n=16)) cnt 9
00:33:19.904.972 INFO root: -----
00:33:19.904.972 INFO root: greedy iter, tocover 17
00:33:19.905.973 INFO root: trail (Bin(0b1101101100000000, n=16), Bin(0b0111110000000000, n=16)) cnt 6
00:33:19.905.974 INFO root: -----
00:33:19.905.974 INFO root: greedy iter, tocover 11
00:33:19.906.975 INFO root: trail (Bin(0b0000011101110000, n=16), Bin(0b1011000000000111, n=16)) cnt 4
00:33:19.906.975 INFO root: -----
00:33:19.907.975 INFO root: greedy iter, tocover 7
00:33:19.907.976 INFO root: trail (Bin(0b0000101100000111, n=16), Bin(0b1101000000001101, n=16)) cnt 3
00:33:19.907.976 INFO root: -----
00:33:19.908.976 INFO root: greedy iter, tocover 4
00:33:19.908.976 INFO root: trail (Bin(0b0000000001111011, n=16), Bin(0b1101010100000000, n=16)) cnt 2
00:33:19.908.977 INFO root: -----
00:33:19.909.977 INFO root: greedy iter, tocover 2
00:33:19.909.977 INFO root: trail (Bin(0b0000110100000111, n=16), Bin(0b0111000000001011, n=16)) cnt 1
00:33:19.909.978 INFO root: -----
00:33:19.909.978 INFO root: greedy iter, tocover 1
00:33:19.910.978 INFO root: trail (Bin(0b0000101110110000, n=16), Bin(0b0000110110110000, n=16)) cnt 1
00:33:19.910.978 INFO root: -----
00:33:19.910.979 INFO root: chosen trails: 22
00:33:19.911.980 INFO root: trail ~0000010100000111 -> 0111100100000000: 1111111111111111111111111111101011111111111111111111111111111000 0111111111011111111111011111011011111111111111111111111111111111 1000111100100010110001000101010011111000111111110010110000101101 0000110001110000101100001000101110111000110111011101011111011010 0000010000010000000000000010100000000000000000000010000000000000 0000011100000000000010010000000000000000000000000000000000000000
00:33:19.912.981 INFO root: trail ~1101000000000110 -> 0000101100001100: 1111111111110010111111111111111111111111111111111111111111111001 1111111111111111111111110111001111111101111111110111111111111111 1001100111110010010010110010100010001000011011111111111101001000 1101101110110000011010000000110110111000011011010111000010111101 0010000000100000000000000000000000100000000000000000010000000100 0000000000000000000010110000000000000000000000000000110000000000
00:33:19.913.981 INFO root: trail ~1101001100000000 -> 0101110100000000: 1111111111110010111111111111110011111111111111111111111111111111 1111111101111011111111111111111101111101111111111101111111111111 0000100011111111001011111000110110001000010000101111100010000010 1111000011011101010110111100000000000000000001111010110010011101 0000000110000000000000000000100000100000000000001000000000000000 0000010100000000000011010000000000000000000000000000000000000000
00:33:19.914.982 INFO root: trail ~0000000000111011 -> 0000011101110000: 1111111111111111111111111111111111111111111111001111111111110100 0111111111111111111011111111110111111111111111111111110110111111 1000111110111000100000110010111110000100010011010100110111111010 0001101110111111000010110000000011011101010101110000101110110110 0000000010001000000100000000100000000001000000000000000100000000 0000000000000000000001110000000000000111000000000000000000000000
00:33:19.915.983 INFO root: trail ~1011110000000000 -> 0000000010110111: 1111111111110100111111111111001111111111111111111111111111111111 1111111101111101111111111111111111110111111111111011111111111011 0001111100111000111110011000111111111000111101001000010000100000 1110000010100000110100110100011111011101000001010111010011001111 1000000000001000000100000000000000001000100000000000000000001000 0000000000000000000000000000000000001011000000000000011100000000
00:33:19.915.984 INFO root: trail ~0000000001111100 -> 1011000001110000: 1111111111111111111111111111111111111111111110001111111111110011 1101011111111111111111111111111111111111011111011111111111011111 1001001000111111111111111101010000100111011111011100001100010100 1001000000001011101110111111001100001011110111011100101101111110 0000000000000001000000000010000000000010000001001000000001000000 0000101100000000000000000000000000000111000000000000000000000000
00:33:19.916.985 INFO root: trail ~0000000011011011 -> 0000011100000101: 1111111111111111111111111111111111111111111100101111111111110100 0111111111111111101111111111111111111111110110111111110111011111 1111111100000101000000100010111110001111111111000010000101000100 0011011110110111011001011101110100000000111000000100001111100001 0000000000100000000000000000000000100000010000000000100000000010 0000000000000000000001110000000000000000000000000000010100000000
00:33:19.918.986 INFO root: trail ~0000110110110000 -> 1101000011000000: 1111111111111111111111111111001011111111111101001111111111111111 1111111101111111011101111111111111111111111101111111111101111101 0010100011110000100011110101111100100010111010001111001000001000 0000101101110000000001111100011100000000011101100000101111011111 0000100000000010000000000001000000000000000001000000000000010000 0000110100000000000000000000000000001100000000000000000000000000
00:33:19.919.987 INFO root: trail ~1011000000000111 -> 0000110111010000: 1111111111110100111111111111111111111111111111111111111111111000 0111111111110111111111111111110111111011011111111011111111111111 0111110101111000000010101111101111111111001011110010011010000000 1010111001110101111011010000000001110110011011011001101010111101 0000000000000000001000000000100000100001000000000000010010000000 0000000000000000000011010000000000001101000000000000000000000000
00:33:19.920.988 INFO root: trail ~1100110100000000 -> 1101000000000111: 1111111111110011111111111111001011111111111111111111111111111111 1111111111110111111110111011111111011111111111111111111111111011 0101100001000000001000100101001000101111111110001111001110011111 0010011101111100000001101011111100000000111001011010101111100000 0010010000000000000000001000000000000000001000100000000000000100 0000110100000000000000000000000000000000000000000000011100000000
00:33:19.921.989 INFO root: trail ~0000011100001011 -> 0111000000001011: 1111111111111111111111111111100011111111111111111111111111110100 1011111101111111111101111111101111111111111111111111110111110111 0010001010000001100111111111001000110000010001001111110000100100 0111010000000000111111011100100000000000101100010101000011111011 1000100000000000000000000100000000000000010000001000000000000010 0000011100000000000000000000000000000000000000000000101100000000
00:33:19.922.990 INFO root: trail ~1011000000001010 -> 1101000000001011: 1111111111110100111111111111111111111111111111111111111111110101 0111111111111101111111110111111111111101111011111111111111111111 0010111100011111001101001110010101011011100000101111111100100010 0000111101111110100100000100011101111101000010111011010010111110 0000001000000000000001000000000000000000001000101000000000001000 0000110100000000000000000000000000000000000000000000101100000000
00:33:19.922.991 INFO root: trail ~0000000010111011 -> 0000110100000111: 1111111111111111111111111111111111111111111101001111111111110100 0111110111111111101111111111111011111111110111101111111111111111 0000111100010100100010001111010100110100111101001111100011111000 0000011100001100110101110011000010110111011111110000110111010000 0000000000000000000000100000000100010000001000000000001000000100 0000000000000000000011010000000000000000000000000000011100000000
00:33:19.923.992 INFO root: trail ~1011000000000111 -> 0111000011010000: 1111111111110100111111111111111111111111111111111111111111111000 0111111111111101111111110111011111110111111111111111101111111111 1000001011110001010111110010101011110000010010000010010001000100 1101010010110000011111111010000011111010111100000000000000000000 0000010000000000010000000010000000000010000000000010000000100000 0000011100000000000000000000000000001101000000000000000000000000
00:33:19.924.993 INFO root: trail ~0000110110110000 -> 0111000001110000: 1111111111111111111111111111001011111111111101001111111111111111 1111111101111111110101111111111111111111111101111111111110111101 1000111100010000100001000010011110000100101101001111001011111111 0111111101011101101101101110000001010000101100000000011110110000 0000010000000000010000000010000000000100000000100000000000010000 0000011100000000000000000000000000000111000000000000000000000000
00:33:19.925.993 INFO root: trail ~0000000010110111 -> 1011100100000000: 1111111111111111111111111111111111111111111101001111111111111000 0111111111111111011111111111011111111111111101111111101111101111 1000011111011000000000100100000011111111111111111011001011111000 0111101110110000101110100111001100001011000000110111101011011011 0000100010000000000000000000000000000000000001001000010000000000 0000101100000000000010010000000000000000000000000000000000000000
00:33:19.926.994 INFO root: trail ~1101101100000000 -> 0111110000000000: 1111111111110010111111111111010011111111111111111111111111111111 1111111111111101111111011110111101111111111111110111111111111101 1111111110011111001010111111001000000010011011000011001111110000 0000011100000111011100000011110110101001110101111011011111011011 0000000000000000000000000100001000000000000000011000010000000000 0000011100000000000011000000000000000000000000000000000000000000
00:33:19.927.996 INFO root: trail ~0000011101110000 -> 1011000000000111: 1111111111111111111111111111100011111111111110001111111111111111 1111101111111111111111011111111111101111111111101111111111101110 1111111110110010111101000100010010010000111101001000100011110100 1111000000000000000001011011000011010111101111111011110110110110 0010100000000000000000000000000000000000001001001000000000000001 0000101100000000000000000000000000000000000000000000011100000000
00:33:19.929.997 INFO root: trail ~0000101100000111 -> 1101000000001101: 1111111111111111111111111111010011111111111111111111111111111000 0111111101111111111111111111011101111111111111111111110111111011 0010111101100100000010001000111111110110101000011011100111110100 0000000001111000111111110000000011010111110010110111101101010110 1000010000000000000000100100000000000000000000000100000000000100 0000110100000000000000000000000000000000000000000000110100000000
00:33:19.930.998 INFO root: trail ~0000000001111011 -> 1101010100000000: 1111111111111111111111111111111111111111111110001111111111110100 1011111111111111011111111111111111111111101101111111111011011111 0100111110001000001011110010111100100100111001011000100110000010 0111101000001110101100110000011110110001000011010000110100001101 0000010000000000000000000000000100000000000000100100100000000000 0000110100000000000001010000000000000000000000000000000000000000
00:33:19.931.000 INFO root: trail ~0000110100000111 -> 0111000000001011: 1111111111111111111111111111001011111111111111111111111111111000 0111111101111111111110111111011111111111111011111111111111111101 0010010101000000001111110100111111111010000110001000100000110010 1011000001110101001001111110010111110100110001000000000010110000 0100100000000000000000000010000000000000001000001000000000000100 0000011100000000000000000000000000000000000000000000101100000000
00:33:19.933.001 INFO root: trail ~0000101110110000 -> 0000110110110000: 1111111111111111111111111111010011111111111101001111111111111111 1111011111111111110110111111111111011111111111111111111111011011 1111111110001111000000000100001001001111111110111000011101000010 0111111000001110000000000000101001110111111110111101000011011101 0000000000100001000000000000100010000010000000000000000000010000 0000000000000000000011010000000000001011000000000000000000000000
00:33:19.934.002 INFO root: end
