00:00:00.115.856 INFO root: starting at 2021-09-24.06:42:55
00:00:00.116.857 INFO __main__:RandomSboxBenchmark: Namespace(large=True, n=32, output='divcore_random', seed='2021')
00:00:00.116.857 INFO __main__:RandomSboxBenchmark: generating 32-bit S-box...
00:11:30.799.540 INFO __main__:RandomSboxBenchmark: <Sbox hash=910485a0a0a26f62 n=32 m=32>
00:11:30.799.540 INFO __main__:RandomSboxBenchmark: saving to divcore_random/32/fw.sbox ...
00:11:46.121.862 INFO __main__:RandomSboxBenchmark: hashing...
00:13:03.560.301 INFO __main__:RandomSboxBenchmark: sha256sum: b'22bbc7bc5bb320c1589af35d711c4a52118dbb1d0a0786cd99f09edd466c4911'
00:13:03.561.302 INFO __main__:RandomSboxBenchmark: splitting into coordinates...
00:14:17.356.097 INFO __main__:RandomSboxBenchmark: coord 0/32 saved
00:15:32.728.469 INFO __main__:RandomSboxBenchmark: coord 1/32 saved
00:16:46.966.707 INFO __main__:RandomSboxBenchmark: coord 2/32 saved
00:18:01.503.244 INFO __main__:RandomSboxBenchmark: coord 3/32 saved
00:19:16.009.750 INFO __main__:RandomSboxBenchmark: coord 4/32 saved
00:20:30.446.187 INFO __main__:RandomSboxBenchmark: coord 5/32 saved
00:21:45.214.955 INFO __main__:RandomSboxBenchmark: coord 6/32 saved
00:23:00.135.876 INFO __main__:RandomSboxBenchmark: coord 7/32 saved
00:24:14.581.322 INFO __main__:RandomSboxBenchmark: coord 8/32 saved
00:25:29.623.364 INFO __main__:RandomSboxBenchmark: coord 9/32 saved
00:26:44.325.066 INFO __main__:RandomSboxBenchmark: coord 10/32 saved
00:27:59.252.993 INFO __main__:RandomSboxBenchmark: coord 11/32 saved
00:29:14.704.444 INFO __main__:RandomSboxBenchmark: coord 12/32 saved
00:30:30.645.386 INFO __main__:RandomSboxBenchmark: coord 13/32 saved
00:31:45.828.569 INFO __main__:RandomSboxBenchmark: coord 14/32 saved
00:33:01.006.747 INFO __main__:RandomSboxBenchmark: coord 15/32 saved
00:34:17.594.335 INFO __main__:RandomSboxBenchmark: coord 16/32 saved
00:35:33.314.055 INFO __main__:RandomSboxBenchmark: coord 17/32 saved
00:36:49.263.004 INFO __main__:RandomSboxBenchmark: coord 18/32 saved
00:38:06.160.901 INFO __main__:RandomSboxBenchmark: coord 19/32 saved
00:39:21.319.060 INFO __main__:RandomSboxBenchmark: coord 20/32 saved
00:40:36.915.656 INFO __main__:RandomSboxBenchmark: coord 21/32 saved
00:41:52.475.216 INFO __main__:RandomSboxBenchmark: coord 22/32 saved
00:43:07.787.528 INFO __main__:RandomSboxBenchmark: coord 23/32 saved
00:44:23.259.000 INFO __main__:RandomSboxBenchmark: coord 24/32 saved
00:45:38.993.734 INFO __main__:RandomSboxBenchmark: coord 25/32 saved
00:46:54.515.256 INFO __main__:RandomSboxBenchmark: coord 26/32 saved
00:48:10.322.063 INFO __main__:RandomSboxBenchmark: coord 27/32 saved
00:49:26.413.154 INFO __main__:RandomSboxBenchmark: coord 28/32 saved
00:50:42.126.867 INFO __main__:RandomSboxBenchmark: coord 29/32 saved
00:51:57.751.492 INFO __main__:RandomSboxBenchmark: coord 30/32 saved
00:53:13.578.319 INFO __main__:RandomSboxBenchmark: coord 31/32 saved
00:53:13.579.320 INFO __main__:RandomSboxBenchmark: inverting...
00:57:45.377.118 INFO __main__:RandomSboxBenchmark: saving to divcore_random/32/bk.sbox ...
00:58:00.227.968 INFO __main__:RandomSboxBenchmark: hashing...
00:59:21.551.292 INFO __main__:RandomSboxBenchmark: sha256sum: b'6e856c9bcf246b6c61d95e30d7c307ef12fc1dfbce6f19414dde24d8dee130d6'
00:59:21.551.292 INFO __main__:RandomSboxBenchmark: splitting into coordinates...
01:00:41.396.137 INFO __main__:RandomSboxBenchmark: coord 0/32 saved
01:02:02.472.213 INFO __main__:RandomSboxBenchmark: coord 1/32 saved
01:03:22.571.311 INFO __main__:RandomSboxBenchmark: coord 2/32 saved
01:04:40.242.983 INFO __main__:RandomSboxBenchmark: coord 3/32 saved
01:06:02.939.680 INFO __main__:RandomSboxBenchmark: coord 4/32 saved
01:07:26.793.534 INFO __main__:RandomSboxBenchmark: coord 5/32 saved
01:08:48.964.705 INFO __main__:RandomSboxBenchmark: coord 6/32 saved
01:10:11.856.597 INFO __main__:RandomSboxBenchmark: coord 7/32 saved
01:11:31.568.309 INFO __main__:RandomSboxBenchmark: coord 8/32 saved
01:12:53.407.148 INFO __main__:RandomSboxBenchmark: coord 9/32 saved
01:14:10.713.454 INFO __main__:RandomSboxBenchmark: coord 10/32 saved
01:15:28.172.913 INFO __main__:RandomSboxBenchmark: coord 11/32 saved
01:16:44.152.893 INFO __main__:RandomSboxBenchmark: coord 12/32 saved
01:18:00.062.803 INFO __main__:RandomSboxBenchmark: coord 13/32 saved
01:19:17.121.862 INFO __main__:RandomSboxBenchmark: coord 14/32 saved
01:20:34.318.059 INFO __main__:RandomSboxBenchmark: coord 15/32 saved
01:21:51.195.936 INFO __main__:RandomSboxBenchmark: coord 16/32 saved
01:23:07.923.664 INFO __main__:RandomSboxBenchmark: coord 17/32 saved
01:24:24.666.407 INFO __main__:RandomSboxBenchmark: coord 18/32 saved
01:25:45.333.074 INFO __main__:RandomSboxBenchmark: coord 19/32 saved
01:27:06.189.930 INFO __main__:RandomSboxBenchmark: coord 20/32 saved
01:28:26.120.861 INFO __main__:RandomSboxBenchmark: coord 21/32 saved
01:29:49.460.201 INFO __main__:RandomSboxBenchmark: coord 22/32 saved
01:31:10.304.045 INFO __main__:RandomSboxBenchmark: coord 23/32 saved
01:32:28.099.840 INFO __main__:RandomSboxBenchmark: coord 24/32 saved
01:33:43.504.245 INFO __main__:RandomSboxBenchmark: coord 25/32 saved
01:34:59.016.757 INFO __main__:RandomSboxBenchmark: coord 26/32 saved
01:36:14.344.085 INFO __main__:RandomSboxBenchmark: coord 27/32 saved
01:37:29.919.660 INFO __main__:RandomSboxBenchmark: coord 28/32 saved
01:38:46.392.133 INFO __main__:RandomSboxBenchmark: coord 29/32 saved
01:40:03.060.801 INFO __main__:RandomSboxBenchmark: coord 30/32 saved
01:41:20.579.320 INFO __main__:RandomSboxBenchmark: coord 31/32 saved
01:41:21.546.287 INFO __main__:RandomSboxBenchmark: heavy peeks
01:41:21.547.288 INFO __main__:HeavyPeeks: loading forward coordinates to memory
01:41:48.583.324 INFO __main__:HeavyPeeks: loading backward coordinates to memory
01:42:14.888.629 INFO __main__:HeavyPeeks: loaded to memory done
01:42:14.899.640 DEBUG __main__:HeavyPeeks: run #1 mask (0,) inv? False queue (1023)
01:42:21.919.660 DEBUG __main__:HeavyPeeks: run #3 mask (2,) inv? False queue (1022)
01:42:28.936.677 DEBUG __main__:HeavyPeeks: run #5 mask (6,) inv? False queue (1021)
01:42:35.995.736 DEBUG __main__:HeavyPeeks: run #7 mask (14,) inv? False queue (1020)
01:42:43.052.793 DEBUG __main__:HeavyPeeks: run #9 mask (30,) inv? False queue (1020)
01:42:50.077.818 DEBUG __main__:HeavyPeeks: run #11 mask (29,) inv? False queue (1014)
01:42:57.089.830 DEBUG __main__:HeavyPeeks: run #13 mask (31,) inv? False queue (1013)
01:43:04.086.827 DEBUG __main__:HeavyPeeks: run #15 mask (28,) inv? False queue (1012)
01:43:11.235.976 DEBUG __main__:HeavyPeeks: run #17 mask (27,) inv? False queue (1011)
01:43:18.221.962 DEBUG __main__:HeavyPeeks: run #19 mask (26,) inv? False queue (1010)
01:43:25.285.026 DEBUG __main__:HeavyPeeks: run #21 mask (25,) inv? False queue (1010)
01:43:32.336.077 DEBUG __main__:HeavyPeeks: run #23 mask (24,) inv? False queue (1009)
01:43:39.459.200 DEBUG __main__:HeavyPeeks: run #25 mask (23,) inv? False queue (1008)
01:43:46.465.206 DEBUG __main__:HeavyPeeks: run #27 mask (22,) inv? False queue (1009)
01:43:53.773.514 DEBUG __main__:HeavyPeeks: run #29 mask (21,) inv? False queue (1008)
01:44:00.817.558 DEBUG __main__:HeavyPeeks: run #31 mask (20,) inv? False queue (1010)
01:44:07.849.590 DEBUG __main__:HeavyPeeks: run #33 mask (19,) inv? False queue (1009)
01:44:14.840.581 DEBUG __main__:HeavyPeeks: run #35 mask (18,) inv? False queue (1008)
01:44:21.800.541 DEBUG __main__:HeavyPeeks: run #37 mask (17,) inv? False queue (1006)
01:44:28.794.535 DEBUG __main__:HeavyPeeks: run #39 mask (16,) inv? False queue (1005)
01:44:35.868.609 DEBUG __main__:HeavyPeeks: run #41 mask (15,) inv? False queue (1005)
01:44:42.814.555 DEBUG __main__:HeavyPeeks: run #43 mask (13,) inv? False queue (1003)
01:44:49.835.576 DEBUG __main__:HeavyPeeks: run #45 mask (12,) inv? False queue (1006)
01:44:56.832.573 DEBUG __main__:HeavyPeeks: run #47 mask (11,) inv? False queue (1005)
01:45:03.822.563 DEBUG __main__:HeavyPeeks: run #49 mask (10,) inv? False queue (1004)
01:45:10.837.578 DEBUG __main__:HeavyPeeks: run #51 mask (9,) inv? False queue (1008)
01:45:17.837.578 DEBUG __main__:HeavyPeeks: run #53 mask (8,) inv? False queue (1008)
01:45:24.846.587 DEBUG __main__:HeavyPeeks: run #55 mask (7,) inv? False queue (1013)
01:45:31.873.614 DEBUG __main__:HeavyPeeks: run #57 mask (5,) inv? False queue (1029)
01:45:38.874.615 DEBUG __main__:HeavyPeeks: run #59 mask (4,) inv? False queue (1027)
01:45:45.909.650 DEBUG __main__:HeavyPeeks: run #61 mask (3,) inv? False queue (1026)
01:45:52.959.700 DEBUG __main__:HeavyPeeks: run #63 mask (1,) inv? False queue (1024)
01:46:00.119.860 DEBUG __main__:HeavyPeeks: run #65 mask (0,) inv? True queue (7585)
01:46:07.162.903 DEBUG __main__:HeavyPeeks: run #67 mask (31,) inv? True queue (7584)
01:46:14.170.911 DEBUG __main__:HeavyPeeks: run #69 mask (30,) inv? True queue (7579)
01:46:21.216.957 DEBUG __main__:HeavyPeeks: run #71 mask (28,) inv? True queue (7578)
01:46:28.224.965 DEBUG __main__:HeavyPeeks: run #73 mask (26,) inv? True queue (7577)
01:46:35.216.957 DEBUG __main__:HeavyPeeks: run #75 mask (2,) inv? True queue (7575)
01:46:42.350.091 DEBUG __main__:HeavyPeeks: run #77 mask (7,) inv? True queue (7574)
01:46:49.346.087 DEBUG __main__:HeavyPeeks: run #79 mask (16,) inv? True queue (7550)
01:46:56.340.081 DEBUG __main__:HeavyPeeks: run #81 mask (8,) inv? True queue (7519)
01:47:03.351.092 DEBUG __main__:HeavyPeeks: run #83 mask (15,) inv? True queue (7372)
01:47:10.348.089 DEBUG __main__:HeavyPeeks: run #85 mask (4,) inv? True queue (7262)
01:47:17.333.074 DEBUG __main__:HeavyPeeks: run #87 mask (6,) inv? True queue (7184)
01:47:24.344.085 DEBUG __main__:HeavyPeeks: run #89 mask (1,) inv? True queue (7158)
01:47:31.363.104 DEBUG __main__:HeavyPeeks: run #91 mask (21,) inv? True queue (6908)
01:47:38.392.133 DEBUG __main__:HeavyPeeks: run #93 mask (17,) inv? True queue (6886)
01:47:45.407.148 DEBUG __main__:HeavyPeeks: run #95 mask (10,) inv? True queue (6644)
01:47:52.406.147 DEBUG __main__:HeavyPeeks: run #97 mask (13,) inv? True queue (6606)
01:47:59.431.172 DEBUG __main__:HeavyPeeks: run #99 mask (5,) inv? True queue (6458)
01:48:06.430.171 DEBUG __main__:HeavyPeeks: run #101 mask (3,) inv? True queue (6412)
01:48:13.438.179 DEBUG __main__:HeavyPeeks: run #103 mask (18,) inv? True queue (6129)
01:48:20.428.169 DEBUG __main__:HeavyPeeks: run #105 mask (9,) inv? True queue (6079)
01:48:27.433.174 DEBUG __main__:HeavyPeeks: run #107 mask (29,) inv? True queue (5829)
01:48:34.462.203 DEBUG __main__:HeavyPeeks: run #109 mask (14,) inv? True queue (5828)
01:48:41.686.427 DEBUG __main__:HeavyPeeks: run #111 mask (22,) inv? True queue (5825)
01:48:48.759.500 DEBUG __main__:HeavyPeeks: run #113 mask (11,) inv? True queue (5680)
01:48:55.777.518 DEBUG __main__:HeavyPeeks: run #115 mask (19,) inv? True queue (5468)
01:49:02.806.547 DEBUG __main__:HeavyPeeks: run #117 mask (27,) inv? True queue (5230)
01:49:09.917.658 DEBUG __main__:HeavyPeeks: run #119 mask (23,) inv? True queue (5119)
01:49:16.991.732 DEBUG __main__:HeavyPeeks: run #121 mask (25,) inv? True queue (5115)
01:49:24.020.761 DEBUG __main__:HeavyPeeks: run #123 mask (12,) inv? True queue (5113)
01:49:31.473.214 DEBUG __main__:HeavyPeeks: run #125 mask (24,) inv? True queue (4925)
01:49:39.192.933 DEBUG __main__:HeavyPeeks: run #127 mask (20,) inv? True queue (4839)
01:49:47.467.208 DEBUG __main__:HeavyPeeks: run #129 mask (1, 7) inv? False queue (854)
01:49:55.797.538 DEBUG __main__:HeavyPeeks: run #131 mask (3, 12) inv? False queue (853)
01:50:03.664.405 DEBUG __main__:HeavyPeeks: run #133 mask (16, 20) inv? False queue (852)
01:50:11.216.957 DEBUG __main__:HeavyPeeks: run #135 mask (9, 30) inv? False queue (851)
01:50:18.597.338 DEBUG __main__:HeavyPeeks: run #137 mask (13, 16) inv? False queue (850)
01:50:25.721.462 DEBUG __main__:HeavyPeeks: run #139 mask (15, 28) inv? False queue (849)
01:50:32.771.512 DEBUG __main__:HeavyPeeks: run #141 mask (9, 14) inv? False queue (848)
01:50:39.965.706 DEBUG __main__:HeavyPeeks: run #143 mask (3, 25) inv? False queue (847)
01:50:48.124.865 DEBUG __main__:HeavyPeeks: run #145 mask (9, 27) inv? False queue (846)
01:50:55.450.191 DEBUG __main__:HeavyPeeks: run #147 mask (14, 28) inv? False queue (845)
01:51:02.663.403 DEBUG __main__:HeavyPeeks: run #149 mask (8, 21) inv? False queue (844)
01:51:10.543.284 DEBUG __main__:HeavyPeeks: run #151 mask (8, 9) inv? False queue (843)
01:51:17.722.463 DEBUG __main__:HeavyPeeks: run #153 mask (23, 28) inv? False queue (842)
01:51:25.240.981 DEBUG __main__:HeavyPeeks: run #155 mask (8, 17) inv? False queue (841)
01:51:32.336.077 DEBUG __main__:HeavyPeeks: run #157 mask (25, 26) inv? False queue (840)
01:51:40.574.315 DEBUG __main__:HeavyPeeks: run #159 mask (9, 21) inv? False queue (839)
01:51:48.792.533 DEBUG __main__:HeavyPeeks: run #161 mask (0, 13) inv? False queue (838)
01:51:56.212.953 DEBUG __main__:HeavyPeeks: run #163 mask (8, 25) inv? False queue (837)
01:52:03.633.374 DEBUG __main__:HeavyPeeks: run #165 mask (1, 28) inv? False queue (836)
01:52:11.242.983 DEBUG __main__:HeavyPeeks: run #167 mask (1, 23) inv? False queue (835)
01:52:18.354.095 DEBUG __main__:HeavyPeeks: run #169 mask (1, 15) inv? False queue (834)
01:52:25.601.342 DEBUG __main__:HeavyPeeks: run #171 mask (5, 19) inv? False queue (832)
01:52:32.993.734 DEBUG __main__:HeavyPeeks: run #173 mask (28, 31) inv? False queue (831)
01:52:40.387.128 DEBUG __main__:HeavyPeeks: run #175 mask (14, 26) inv? False queue (829)
01:52:48.027.768 DEBUG __main__:HeavyPeeks: run #177 mask (26, 31) inv? False queue (828)
01:52:55.647.388 DEBUG __main__:HeavyPeeks: run #179 mask (14, 30) inv? False queue (827)
01:53:03.316.057 DEBUG __main__:HeavyPeeks: run #181 mask (14, 18) inv? False queue (826)
01:53:10.557.298 DEBUG __main__:HeavyPeeks: run #183 mask (0, 30) inv? False queue (825)
01:53:19.110.851 DEBUG __main__:HeavyPeeks: run #185 mask (1, 14) inv? False queue (822)
01:53:27.500.241 DEBUG __main__:HeavyPeeks: run #187 mask (11, 25) inv? False queue (821)
01:53:35.918.659 DEBUG __main__:HeavyPeeks: run #189 mask (3, 15) inv? False queue (820)
01:53:43.650.391 DEBUG __main__:HeavyPeeks: run #191 mask (3, 6) inv? False queue (819)
01:53:51.572.313 DEBUG __main__:HeavyPeeks: run #193 mask (3, 19) inv? False queue (818)
01:53:58.824.565 DEBUG __main__:HeavyPeeks: run #195 mask (19, 23) inv? False queue (817)
01:54:05.887.627 DEBUG __main__:HeavyPeeks: run #197 mask (12, 17) inv? False queue (816)
01:54:13.282.023 DEBUG __main__:HeavyPeeks: run #199 mask (7, 31) inv? False queue (815)
01:54:20.572.313 DEBUG __main__:HeavyPeeks: run #201 mask (17, 26) inv? False queue (814)
01:54:28.300.041 DEBUG __main__:HeavyPeeks: run #203 mask (5, 29) inv? False queue (812)
01:54:35.811.552 DEBUG __main__:HeavyPeeks: run #205 mask (5, 7) inv? False queue (811)
01:54:42.994.735 DEBUG __main__:HeavyPeeks: run #207 mask (13, 25) inv? False queue (810)
01:54:50.097.838 DEBUG __main__:HeavyPeeks: run #209 mask (0, 1) inv? False queue (809)
01:54:57.327.068 DEBUG __main__:HeavyPeeks: run #211 mask (20, 26) inv? False queue (808)
01:55:04.535.276 DEBUG __main__:HeavyPeeks: run #213 mask (20, 29) inv? False queue (807)
01:55:11.746.487 DEBUG __main__:HeavyPeeks: run #215 mask (1, 8) inv? False queue (806)
01:55:18.953.694 DEBUG __main__:HeavyPeeks: run #217 mask (4, 30) inv? False queue (803)
01:55:26.135.876 DEBUG __main__:HeavyPeeks: run #219 mask (2, 13) inv? False queue (802)
01:55:33.475.216 DEBUG __main__:HeavyPeeks: run #221 mask (3, 28) inv? False queue (801)
01:55:40.804.545 DEBUG __main__:HeavyPeeks: run #223 mask (19, 25) inv? False queue (798)
01:55:48.047.788 DEBUG __main__:HeavyPeeks: run #225 mask (15, 30) inv? False queue (797)
01:55:55.459.200 DEBUG __main__:HeavyPeeks: run #227 mask (21, 29) inv? False queue (796)
01:56:02.737.478 DEBUG __main__:HeavyPeeks: run #229 mask (25, 29) inv? False queue (794)
01:56:09.957.698 DEBUG __main__:HeavyPeeks: run #231 mask (14, 20) inv? False queue (792)
01:56:17.261.002 DEBUG __main__:HeavyPeeks: run #233 mask (1, 26) inv? False queue (791)
01:56:24.332.072 DEBUG __main__:HeavyPeeks: run #235 mask (19, 26) inv? False queue (790)
01:56:31.535.276 DEBUG __main__:HeavyPeeks: run #237 mask (12, 26) inv? False queue (788)
01:56:38.637.378 DEBUG __main__:HeavyPeeks: run #239 mask (23, 29) inv? False queue (786)
01:56:45.721.462 DEBUG __main__:HeavyPeeks: run #241 mask (17, 31) inv? False queue (785)
01:56:52.794.535 DEBUG __main__:HeavyPeeks: run #243 mask (0, 28) inv? False queue (784)
01:56:59.846.587 DEBUG __main__:HeavyPeeks: run #245 mask (3, 16) inv? False queue (783)
01:57:07.825.566 DEBUG __main__:HeavyPeeks: run #247 mask (5, 24) inv? False queue (782)
01:57:15.020.760 DEBUG __main__:HeavyPeeks: run #249 mask (3, 20) inv? False queue (781)
01:57:22.197.938 DEBUG __main__:HeavyPeeks: run #251 mask (1, 2) inv? False queue (780)
01:57:29.322.063 DEBUG __main__:HeavyPeeks: run #253 mask (8, 16) inv? False queue (779)
01:57:36.481.222 DEBUG __main__:HeavyPeeks: run #255 mask (8, 20) inv? False queue (778)
01:57:43.671.412 DEBUG __main__:HeavyPeeks: run #257 mask (2, 8) inv? False queue (777)
01:57:50.923.664 DEBUG __main__:HeavyPeeks: run #259 mask (6, 28) inv? False queue (776)
01:57:58.026.767 DEBUG __main__:HeavyPeeks: run #261 mask (3, 14) inv? False queue (775)
01:58:05.318.059 DEBUG __main__:HeavyPeeks: run #263 mask (19, 21) inv? False queue (774)
01:58:12.362.103 DEBUG __main__:HeavyPeeks: run #265 mask (2, 14) inv? False queue (773)
01:58:20.294.035 DEBUG __main__:HeavyPeeks: run #267 mask (12, 25) inv? False queue (772)
01:58:27.374.115 DEBUG __main__:HeavyPeeks: run #269 mask (6, 23) inv? False queue (771)
01:58:34.480.221 DEBUG __main__:HeavyPeeks: run #271 mask (13, 20) inv? False queue (768)
01:58:41.557.298 DEBUG __main__:HeavyPeeks: run #273 mask (3, 24) inv? False queue (767)
01:58:48.659.400 DEBUG __main__:HeavyPeeks: run #275 mask (19, 31) inv? False queue (766)
01:58:55.709.450 DEBUG __main__:HeavyPeeks: run #277 mask (7, 22) inv? False queue (765)
01:59:02.798.539 DEBUG __main__:HeavyPeeks: run #279 mask (17, 30) inv? False queue (764)
01:59:09.853.594 DEBUG __main__:HeavyPeeks: run #281 mask (4, 12) inv? False queue (763)
01:59:16.942.683 DEBUG __main__:HeavyPeeks: run #283 mask (19, 27) inv? False queue (762)
01:59:23.985.726 DEBUG __main__:HeavyPeeks: run #285 mask (6, 21) inv? False queue (761)
01:59:31.135.876 DEBUG __main__:HeavyPeeks: run #287 mask (1, 13) inv? False queue (760)
01:59:38.216.957 DEBUG __main__:HeavyPeeks: run #289 mask (21, 30) inv? False queue (759)
01:59:45.318.059 DEBUG __main__:HeavyPeeks: run #291 mask (15, 25) inv? False queue (758)
01:59:52.379.120 DEBUG __main__:HeavyPeeks: run #293 mask (26, 28) inv? False queue (754)
01:59:59.533.274 DEBUG __main__:HeavyPeeks: run #295 mask (4, 20) inv? False queue (753)
02:00:06.637.378 DEBUG __main__:HeavyPeeks: run #297 mask (21, 23) inv? False queue (752)
02:00:13.712.453 DEBUG __main__:HeavyPeeks: run #299 mask (10, 18) inv? False queue (751)
02:00:20.775.516 DEBUG __main__:HeavyPeeks: run #301 mask (9, 23) inv? False queue (748)
02:00:27.844.585 DEBUG __main__:HeavyPeeks: run #303 mask (9, 31) inv? False queue (747)
02:00:34.891.632 DEBUG __main__:HeavyPeeks: run #305 mask (3, 23) inv? False queue (744)
02:00:42.029.770 DEBUG __main__:HeavyPeeks: run #307 mask (4, 6) inv? False queue (742)
02:00:49.113.854 DEBUG __main__:HeavyPeeks: run #309 mask (20, 23) inv? False queue (739)
02:00:56.159.900 DEBUG __main__:HeavyPeeks: run #311 mask (23, 26) inv? False queue (738)
02:01:03.253.994 DEBUG __main__:HeavyPeeks: run #313 mask (13, 22) inv? False queue (734)
02:01:10.559.300 DEBUG __main__:HeavyPeeks: run #315 mask (8, 15) inv? False queue (733)
02:01:17.970.711 DEBUG __main__:HeavyPeeks: run #317 mask (0, 26) inv? False queue (732)
02:01:25.854.595 DEBUG __main__:HeavyPeeks: run #319 mask (5, 14) inv? False queue (731)
02:01:35.151.892 DEBUG __main__:HeavyPeeks: run #321 mask (3, 22) inv? False queue (730)
02:01:44.149.890 DEBUG __main__:HeavyPeeks: run #323 mask (1, 20) inv? False queue (729)
02:01:52.199.940 DEBUG __main__:HeavyPeeks: run #325 mask (14, 24) inv? False queue (728)
02:01:59.755.496 DEBUG __main__:HeavyPeeks: run #327 mask (0, 14) inv? False queue (726)
02:02:06.894.635 DEBUG __main__:HeavyPeeks: run #329 mask (5, 6) inv? False queue (724)
02:02:14.251.992 DEBUG __main__:HeavyPeeks: run #331 mask (2, 19) inv? False queue (723)
02:02:21.672.413 DEBUG __main__:HeavyPeeks: run #333 mask (5, 17) inv? False queue (721)
02:02:29.220.961 DEBUG __main__:HeavyPeeks: run #335 mask (13, 23) inv? False queue (719)
02:02:36.534.275 DEBUG __main__:HeavyPeeks: run #337 mask (12, 18) inv? False queue (718)
02:02:43.935.676 DEBUG __main__:HeavyPeeks: run #339 mask (20, 21) inv? False queue (717)
02:02:52.036.777 DEBUG __main__:HeavyPeeks: run #341 mask (8, 24) inv? False queue (715)
02:02:59.196.937 DEBUG __main__:HeavyPeeks: run #343 mask (25, 28) inv? False queue (714)
02:03:06.457.198 DEBUG __main__:HeavyPeeks: run #345 mask (12, 19) inv? False queue (710)
02:03:14.992.733 DEBUG __main__:HeavyPeeks: run #347 mask (17, 21) inv? False queue (706)
02:03:22.671.412 DEBUG __main__:HeavyPeeks: run #349 mask (5, 28) inv? False queue (705)
02:03:30.092.833 DEBUG __main__:HeavyPeeks: run #351 mask (14, 22) inv? False queue (702)
02:03:38.426.167 DEBUG __main__:HeavyPeeks: run #353 mask (10, 14) inv? False queue (699)
02:03:45.477.218 DEBUG __main__:HeavyPeeks: run #355 mask (11, 24) inv? False queue (694)
02:03:52.567.308 DEBUG __main__:HeavyPeeks: run #357 mask (1, 30) inv? False queue (686)
02:03:59.648.389 DEBUG __main__:HeavyPeeks: run #359 mask (20, 28) inv? False queue (685)
02:04:06.685.426 DEBUG __main__:HeavyPeeks: run #361 mask (14, 15) inv? False queue (683)
02:04:13.772.513 DEBUG __main__:HeavyPeeks: run #363 mask (1, 16) inv? False queue (680)
02:04:20.840.581 DEBUG __main__:HeavyPeeks: run #365 mask (23, 31) inv? False queue (679)
02:04:27.913.654 DEBUG __main__:HeavyPeeks: run #367 mask (4, 19) inv? False queue (678)
02:04:34.959.700 DEBUG __main__:HeavyPeeks: run #369 mask (16, 26) inv? False queue (676)
02:04:42.068.809 DEBUG __main__:HeavyPeeks: run #371 mask (8, 13) inv? False queue (675)
02:04:49.149.890 DEBUG __main__:HeavyPeeks: run #373 mask (2, 20) inv? False queue (674)
02:04:56.226.967 DEBUG __main__:HeavyPeeks: run #375 mask (1, 10) inv? False queue (672)
02:05:03.328.069 DEBUG __main__:HeavyPeeks: run #377 mask (3, 26) inv? False queue (670)
02:05:10.409.150 DEBUG __main__:HeavyPeeks: run #379 mask (2, 23) inv? False queue (667)
02:05:17.439.180 DEBUG __main__:HeavyPeeks: run #381 mask (16, 19) inv? False queue (665)
02:05:24.538.279 DEBUG __main__:HeavyPeeks: run #383 mask (5, 26) inv? False queue (663)
02:05:31.654.395 DEBUG __main__:HeavyPeeks: run #385 mask (2, 9) inv? False queue (661)
02:05:38.759.500 DEBUG __main__:HeavyPeeks: run #387 mask (11, 23) inv? False queue (660)
02:05:45.810.551 DEBUG __main__:HeavyPeeks: run #389 mask (17, 29) inv? False queue (659)
02:05:52.897.638 DEBUG __main__:HeavyPeeks: run #391 mask (5, 20) inv? False queue (657)
02:06:00.140.881 DEBUG __main__:HeavyPeeks: run #393 mask (4, 25) inv? False queue (656)
02:06:08.207.948 DEBUG __main__:HeavyPeeks: run #395 mask (8, 30) inv? False queue (654)
02:06:16.394.135 DEBUG __main__:HeavyPeeks: run #397 mask (14, 23) inv? False queue (650)
02:06:23.497.238 DEBUG __main__:HeavyPeeks: run #399 mask (20, 31) inv? False queue (649)
02:06:30.588.329 DEBUG __main__:HeavyPeeks: run #401 mask (14, 25) inv? False queue (648)
02:06:37.740.481 DEBUG __main__:HeavyPeeks: run #403 mask (15, 29) inv? False queue (646)
02:06:44.801.541 DEBUG __main__:HeavyPeeks: run #405 mask (0, 7) inv? False queue (645)
02:06:52.060.801 DEBUG __main__:HeavyPeeks: run #407 mask (4, 9) inv? False queue (644)
02:06:59.176.917 DEBUG __main__:HeavyPeeks: run #409 mask (10, 19) inv? False queue (642)
02:07:06.275.015 DEBUG __main__:HeavyPeeks: run #411 mask (1, 4) inv? False queue (641)
02:07:13.397.138 DEBUG __main__:HeavyPeeks: run #413 mask (7, 9) inv? False queue (639)
02:07:20.511.252 DEBUG __main__:HeavyPeeks: run #415 mask (13, 26) inv? False queue (637)
02:07:27.620.361 DEBUG __main__:HeavyPeeks: run #417 mask (17, 25) inv? False queue (636)
02:07:34.724.464 DEBUG __main__:HeavyPeeks: run #419 mask (4, 29) inv? False queue (635)
02:07:41.887.628 DEBUG __main__:HeavyPeeks: run #421 mask (8, 26) inv? False queue (632)
02:07:49.058.799 DEBUG __main__:HeavyPeeks: run #423 mask (19, 29) inv? False queue (631)
02:07:56.153.894 DEBUG __main__:HeavyPeeks: run #425 mask (4, 28) inv? False queue (626)
02:08:03.228.969 DEBUG __main__:HeavyPeeks: run #427 mask (0, 10) inv? False queue (625)
02:08:10.266.007 DEBUG __main__:HeavyPeeks: run #429 mask (5, 8) inv? False queue (624)
02:08:17.358.099 DEBUG __main__:HeavyPeeks: run #431 mask (0, 6) inv? False queue (622)
02:08:24.393.134 DEBUG __main__:HeavyPeeks: run #433 mask (10, 17) inv? False queue (620)
02:08:31.470.211 DEBUG __main__:HeavyPeeks: run #435 mask (9, 26) inv? False queue (618)
02:08:38.584.325 DEBUG __main__:HeavyPeeks: run #437 mask (9, 16) inv? False queue (615)
02:08:45.669.410 DEBUG __main__:HeavyPeeks: run #439 mask (2, 22) inv? False queue (614)
02:08:52.764.505 DEBUG __main__:HeavyPeeks: run #441 mask (3, 29) inv? False queue (612)
02:08:59.833.574 DEBUG __main__:HeavyPeeks: run #443 mask (9, 24) inv? False queue (607)
02:09:06.885.626 DEBUG __main__:HeavyPeeks: run #445 mask (9, 19) inv? False queue (606)
02:09:13.977.718 DEBUG __main__:HeavyPeeks: run #447 mask (13, 21) inv? False queue (602)
02:09:21.135.876 DEBUG __main__:HeavyPeeks: run #449 mask (5, 16) inv? False queue (600)
02:09:28.201.942 DEBUG __main__:HeavyPeeks: run #451 mask (9, 20) inv? False queue (599)
02:09:35.231.972 DEBUG __main__:HeavyPeeks: run #453 mask (7, 8) inv? False queue (598)
02:09:42.376.117 DEBUG __main__:HeavyPeeks: run #455 mask (25, 30) inv? False queue (597)
02:09:50.244.985 DEBUG __main__:HeavyPeeks: run #457 mask (1, 21) inv? False queue (595)
02:09:59.187.928 DEBUG __main__:HeavyPeeks: run #459 mask (4, 15) inv? False queue (594)
02:10:06.479.220 DEBUG __main__:HeavyPeeks: run #461 mask (11, 30) inv? False queue (593)
02:10:14.315.056 DEBUG __main__:HeavyPeeks: run #463 mask (9, 25) inv? False queue (591)
02:10:21.410.151 DEBUG __main__:HeavyPeeks: run #465 mask (8, 29) inv? False queue (587)
02:10:28.454.195 DEBUG __main__:HeavyPeeks: run #467 mask (12, 15) inv? False queue (586)
02:10:35.575.316 DEBUG __main__:HeavyPeeks: run #469 mask (15, 26) inv? False queue (585)
02:10:42.677.418 DEBUG __main__:HeavyPeeks: run #471 mask (26, 30) inv? False queue (582)
02:10:49.766.507 DEBUG __main__:HeavyPeeks: run #473 mask (0, 22) inv? False queue (580)
02:10:56.819.560 DEBUG __main__:HeavyPeeks: run #475 mask (7, 30) inv? False queue (577)
02:11:03.982.723 DEBUG __main__:HeavyPeeks: run #477 mask (0, 29) inv? False queue (574)
02:11:11.205.946 DEBUG __main__:HeavyPeeks: run #479 mask (21, 28) inv? False queue (573)
02:11:18.561.302 DEBUG __main__:HeavyPeeks: run #481 mask (10, 15) inv? False queue (572)
02:11:25.802.543 DEBUG __main__:HeavyPeeks: run #483 mask (9, 10) inv? False queue (570)
02:11:33.074.815 DEBUG __main__:HeavyPeeks: run #485 mask (7, 20) inv? False queue (569)
02:11:40.399.140 DEBUG __main__:HeavyPeeks: run #487 mask (12, 21) inv? False queue (564)
02:11:47.707.448 DEBUG __main__:HeavyPeeks: run #489 mask (10, 21) inv? False queue (563)
02:11:54.967.708 DEBUG __main__:HeavyPeeks: run #491 mask (15, 21) inv? False queue (561)
02:12:02.225.966 DEBUG __main__:HeavyPeeks: run #493 mask (26, 29) inv? False queue (559)
02:12:09.554.295 DEBUG __main__:HeavyPeeks: run #495 mask (3, 21) inv? False queue (557)
02:12:16.688.429 DEBUG __main__:HeavyPeeks: run #497 mask (24, 25) inv? False queue (555)
02:12:24.012.753 DEBUG __main__:HeavyPeeks: run #499 mask (1, 19) inv? False queue (553)
02:12:31.198.939 DEBUG __main__:HeavyPeeks: run #501 mask (9, 12) inv? False queue (552)
02:12:38.395.136 DEBUG __main__:HeavyPeeks: run #503 mask (21, 31) inv? False queue (547)
02:12:45.449.190 DEBUG __main__:HeavyPeeks: run #505 mask (18, 20) inv? False queue (546)
02:12:52.585.326 DEBUG __main__:HeavyPeeks: run #507 mask (16, 22) inv? False queue (543)
02:12:59.613.354 DEBUG __main__:HeavyPeeks: run #509 mask (21, 25) inv? False queue (541)
02:13:06.791.532 DEBUG __main__:HeavyPeeks: run #511 mask (16, 18) inv? False queue (538)
02:13:14.014.755 DEBUG __main__:HeavyPeeks: run #513 mask (21, 24) inv? False queue (537)
02:13:21.598.339 DEBUG __main__:HeavyPeeks: run #515 mask (7, 14) inv? False queue (534)
02:13:28.830.571 DEBUG __main__:HeavyPeeks: run #517 mask (0, 20) inv? False queue (532)
02:13:36.111.852 DEBUG __main__:HeavyPeeks: run #519 mask (1, 29) inv? False queue (530)
02:13:43.226.967 DEBUG __main__:HeavyPeeks: run #521 mask (8, 31) inv? False queue (527)
02:13:50.277.018 DEBUG __main__:HeavyPeeks: run #523 mask (4, 27) inv? False queue (526)
02:13:57.461.202 DEBUG __main__:HeavyPeeks: run #525 mask (19, 20) inv? False queue (523)
02:14:04.616.357 DEBUG __main__:HeavyPeeks: run #527 mask (20, 22) inv? False queue (515)
02:14:11.929.670 DEBUG __main__:HeavyPeeks: run #529 mask (0, 8) inv? False queue (512)
02:14:22.588.329 DEBUG __main__:HeavyPeeks: run #531 mask (7, 10) inv? False queue (511)
02:14:30.875.616 DEBUG __main__:HeavyPeeks: run #533 mask (16, 25) inv? False queue (506)
02:14:38.525.266 DEBUG __main__:HeavyPeeks: run #535 mask (19, 30) inv? False queue (503)
02:14:46.387.128 DEBUG __main__:HeavyPeeks: run #537 mask (18, 28) inv? False queue (500)
02:14:54.216.957 DEBUG __main__:HeavyPeeks: run #539 mask (3, 13) inv? False queue (498)
02:15:01.471.212 DEBUG __main__:HeavyPeeks: run #541 mask (6, 22) inv? False queue (496)
02:15:09.328.069 DEBUG __main__:HeavyPeeks: run #543 mask (7, 15) inv? False queue (488)
02:15:18.634.375 DEBUG __main__:HeavyPeeks: run #545 mask (11, 28) inv? False queue (480)
02:15:26.502.243 DEBUG __main__:HeavyPeeks: run #547 mask (18, 26) inv? False queue (476)
02:15:34.961.702 DEBUG __main__:HeavyPeeks: run #549 mask (3, 18) inv? False queue (471)
02:15:42.771.512 DEBUG __main__:HeavyPeeks: run #551 mask (2, 5) inv? False queue (470)
02:15:50.605.346 DEBUG __main__:HeavyPeeks: run #553 mask (2, 17) inv? False queue (469)
02:15:58.072.813 DEBUG __main__:HeavyPeeks: run #555 mask (3, 7) inv? False queue (467)
02:16:05.456.197 DEBUG __main__:HeavyPeeks: run #557 mask (21, 22) inv? False queue (466)
02:16:13.151.892 DEBUG __main__:HeavyPeeks: run #559 mask (25, 31) inv? False queue (465)
02:16:20.928.669 DEBUG __main__:HeavyPeeks: run #561 mask (4, 26) inv? False queue (457)
02:16:28.663.404 DEBUG __main__:HeavyPeeks: run #563 mask (15, 23) inv? False queue (448)
02:16:35.824.565 DEBUG __main__:HeavyPeeks: run #565 mask (1, 31) inv? False queue (444)
02:16:44.385.126 DEBUG __main__:HeavyPeeks: run #567 mask (22, 26) inv? False queue (442)
02:16:51.937.678 DEBUG __main__:HeavyPeeks: run #569 mask (10, 20) inv? False queue (440)
02:16:59.181.921 DEBUG __main__:HeavyPeeks: run #571 mask (2, 15) inv? False queue (437)
02:17:06.313.054 DEBUG __main__:HeavyPeeks: run #573 mask (1, 25) inv? False queue (431)
02:17:13.491.232 DEBUG __main__:HeavyPeeks: run #575 mask (18, 21) inv? False queue (430)
02:17:20.605.346 DEBUG __main__:HeavyPeeks: run #577 mask (16, 17) inv? False queue (428)
02:17:27.694.435 DEBUG __main__:HeavyPeeks: run #579 mask (17, 20) inv? False queue (423)
02:17:34.804.545 DEBUG __main__:HeavyPeeks: run #581 mask (24, 26) inv? False queue (416)
02:17:41.923.664 DEBUG __main__:HeavyPeeks: run #583 mask (9, 28) inv? False queue (399)
02:17:49.010.751 DEBUG __main__:HeavyPeeks: run #585 mask (16, 31) inv? False queue (397)
02:17:56.062.803 DEBUG __main__:HeavyPeeks: run #587 mask (17, 19) inv? False queue (395)
02:18:03.173.914 DEBUG __main__:HeavyPeeks: run #589 mask (22, 23) inv? False queue (387)
02:18:10.253.994 DEBUG __main__:HeavyPeeks: run #591 mask (20, 25) inv? False queue (380)
02:18:17.465.206 DEBUG __main__:HeavyPeeks: run #593 mask (15, 17) inv? False queue (378)
02:18:24.518.259 DEBUG __main__:HeavyPeeks: run #595 mask (4, 22) inv? False queue (376)
02:18:31.579.320 DEBUG __main__:HeavyPeeks: run #597 mask (13, 30) inv? False queue (374)
02:18:38.659.400 DEBUG __main__:HeavyPeeks: run #599 mask (0, 4) inv? False queue (372)
02:18:46.035.776 DEBUG __main__:HeavyPeeks: run #601 mask (1, 22) inv? False queue (369)
02:18:53.089.830 DEBUG __main__:HeavyPeeks: run #603 mask (9, 15) inv? False queue (366)
02:19:00.173.914 DEBUG __main__:HeavyPeeks: run #605 mask (12, 14) inv? False queue (365)
02:19:07.254.995 DEBUG __main__:HeavyPeeks: run #607 mask (16, 24) inv? False queue (362)
02:19:14.293.034 DEBUG __main__:HeavyPeeks: run #609 mask (4, 8) inv? False queue (359)
02:19:21.382.122 DEBUG __main__:HeavyPeeks: run #611 mask (0, 24) inv? False queue (358)
02:19:28.457.198 DEBUG __main__:HeavyPeeks: run #613 mask (18, 27) inv? False queue (354)
02:19:35.607.348 DEBUG __main__:HeavyPeeks: run #615 mask (19, 24) inv? False queue (349)
02:19:42.708.449 DEBUG __main__:HeavyPeeks: run #617 mask (23, 25) inv? False queue (348)
02:19:49.763.504 DEBUG __main__:HeavyPeeks: run #619 mask (1, 11) inv? False queue (347)
02:19:56.851.592 DEBUG __main__:HeavyPeeks: run #621 mask (14, 19) inv? False queue (346)
02:20:03.884.625 DEBUG __main__:HeavyPeeks: run #623 mask (8, 14) inv? False queue (345)
02:20:10.970.711 DEBUG __main__:HeavyPeeks: run #625 mask (28, 30) inv? False queue (341)
02:20:18.057.798 DEBUG __main__:HeavyPeeks: run #627 mask (20, 24) inv? False queue (340)
02:20:25.145.886 DEBUG __main__:HeavyPeeks: run #629 mask (11, 31) inv? False queue (338)
02:20:32.208.949 DEBUG __main__:HeavyPeeks: run #631 mask (7, 25) inv? False queue (333)
02:20:39.341.082 DEBUG __main__:HeavyPeeks: run #633 mask (4, 13) inv? False queue (325)
02:20:46.417.158 DEBUG __main__:HeavyPeeks: run #635 mask (5, 31) inv? False queue (319)
02:20:53.497.238 DEBUG __main__:HeavyPeeks: run #637 mask (11, 12) inv? False queue (303)
02:21:00.527.268 DEBUG __main__:HeavyPeeks: run #639 mask (30, 31) inv? False queue (302)
02:21:07.616.357 DEBUG __main__:HeavyPeeks: run #641 mask (14, 29) inv? False queue (298)
02:21:14.721.462 DEBUG __main__:HeavyPeeks: run #643 mask (6, 31) inv? False queue (297)
02:21:21.810.551 DEBUG __main__:HeavyPeeks: run #645 mask (0, 17) inv? False queue (293)
02:21:28.901.642 DEBUG __main__:HeavyPeeks: run #647 mask (1, 3) inv? False queue (291)
02:21:36.007.748 DEBUG __main__:HeavyPeeks: run #649 mask (17, 23) inv? False queue (290)
02:21:43.118.859 DEBUG __main__:HeavyPeeks: run #651 mask (18, 22) inv? False queue (285)
02:21:50.215.956 DEBUG __main__:HeavyPeeks: run #653 mask (21, 26) inv? False queue (283)
02:21:57.275.016 DEBUG __main__:HeavyPeeks: run #655 mask (17, 22) inv? False queue (282)
02:22:04.353.094 DEBUG __main__:HeavyPeeks: run #657 mask (17, 24) inv? False queue (277)
02:22:11.440.181 DEBUG __main__:HeavyPeeks: run #659 mask (20, 30) inv? False queue (276)
02:22:18.519.260 DEBUG __main__:HeavyPeeks: run #661 mask (10, 26) inv? False queue (271)
02:22:25.572.313 DEBUG __main__:HeavyPeeks: run #663 mask (26, 27) inv? False queue (266)
02:22:32.666.407 DEBUG __main__:HeavyPeeks: run #665 mask (25, 27) inv? False queue (262)
02:22:39.782.523 DEBUG __main__:HeavyPeeks: run #667 mask (28, 29) inv? False queue (261)
02:22:46.842.583 DEBUG __main__:HeavyPeeks: run #669 mask (17, 18) inv? False queue (260)
02:22:53.935.676 DEBUG __main__:HeavyPeeks: run #671 mask (23, 27) inv? False queue (258)
02:23:01.006.747 DEBUG __main__:HeavyPeeks: run #673 mask (2, 25) inv? False queue (253)
02:23:08.083.824 DEBUG __main__:HeavyPeeks: run #675 mask (0, 23) inv? False queue (250)
02:23:15.131.872 DEBUG __main__:HeavyPeeks: run #677 mask (6, 7) inv? False queue (249)
02:23:22.240.981 DEBUG __main__:HeavyPeeks: run #679 mask (7, 26) inv? False queue (233)
02:23:29.304.045 DEBUG __main__:HeavyPeeks: run #681 mask (2, 26) inv? False queue (231)
02:23:36.420.160 DEBUG __main__:HeavyPeeks: run #683 mask (5, 13) inv? False queue (230)
02:23:43.512.253 DEBUG __main__:HeavyPeeks: run #685 mask (3, 31) inv? False queue (228)
02:23:50.627.368 DEBUG __main__:HeavyPeeks: run #687 mask (22, 24) inv? False queue (226)
02:23:57.671.412 DEBUG __main__:HeavyPeeks: run #689 mask (18, 19) inv? False queue (225)
02:24:04.747.488 DEBUG __main__:HeavyPeeks: run #691 mask (5, 23) inv? False queue (223)
02:24:11.824.565 DEBUG __main__:HeavyPeeks: run #693 mask (24, 30) inv? False queue (218)
02:24:18.902.643 DEBUG __main__:HeavyPeeks: run #695 mask (14, 27) inv? False queue (215)
02:24:25.977.718 DEBUG __main__:HeavyPeeks: run #697 mask (2, 12) inv? False queue (204)
02:24:33.030.771 DEBUG __main__:HeavyPeeks: run #699 mask (0, 3) inv? False queue (203)
02:24:40.169.909 DEBUG __main__:HeavyPeeks: run #701 mask (1, 24) inv? False queue (198)
02:24:47.253.994 DEBUG __main__:HeavyPeeks: run #703 mask (7, 19) inv? False queue (191)
02:24:54.334.075 DEBUG __main__:HeavyPeeks: run #705 mask (13, 24) inv? False queue (175)
02:25:01.382.123 DEBUG __main__:HeavyPeeks: run #707 mask (15, 20) inv? False queue (174)
02:25:08.564.305 DEBUG __main__:HeavyPeeks: run #709 mask (13, 15) inv? False queue (164)
02:25:15.634.375 DEBUG __main__:HeavyPeeks: run #711 mask (3, 30) inv? False queue (157)
02:25:22.680.421 DEBUG __main__:HeavyPeeks: run #713 mask (7, 28) inv? False queue (154)
02:25:29.791.532 DEBUG __main__:HeavyPeeks: run #715 mask (22, 30) inv? False queue (142)
02:25:36.908.649 DEBUG __main__:HeavyPeeks: run #717 mask (10, 25) inv? False queue (141)
02:25:45.209.950 DEBUG __main__:HeavyPeeks: run #719 mask (7, 13) inv? False queue (134)
02:25:56.241.982 DEBUG __main__:HeavyPeeks: run #721 mask (24, 27) inv? False queue (128)
02:26:05.751.492 DEBUG __main__:HeavyPeeks: run #723 mask (11, 27) inv? False queue (127)
02:26:13.419.160 DEBUG __main__:HeavyPeeks: run #725 mask (18, 25) inv? False queue (115)
02:26:22.007.748 DEBUG __main__:HeavyPeeks: run #727 mask (9, 13) inv? False queue (111)
02:26:29.862.603 DEBUG __main__:HeavyPeeks: run #729 mask (14, 17) inv? False queue (109)
02:26:39.236.977 DEBUG __main__:HeavyPeeks: run #731 mask (0, 21) inv? False queue (106)
02:26:46.784.525 DEBUG __main__:HeavyPeeks: run #733 mask (22, 25) inv? False queue (103)
02:26:54.177.918 DEBUG __main__:HeavyPeeks: run #735 mask (8, 18) inv? False queue (94)
02:27:02.181.922 DEBUG __main__:HeavyPeeks: run #737 mask (0, 2) inv? False queue (92)
02:27:10.887.628 DEBUG __main__:HeavyPeeks: run #739 mask (7, 23) inv? False queue (75)
02:27:19.102.843 DEBUG __main__:HeavyPeeks: run #741 mask (2, 27) inv? False queue (67)
02:27:27.076.817 DEBUG __main__:HeavyPeeks: run #743 mask (1, 18) inv? False queue (65)
02:27:35.231.972 DEBUG __main__:HeavyPeeks: run #745 mask (6, 26) inv? False queue (55)
02:27:42.828.569 DEBUG __main__:HeavyPeeks: run #747 mask (2, 29) inv? False queue (47)
02:27:50.201.942 DEBUG __main__:HeavyPeeks: run #749 mask (7, 11) inv? False queue (35)
02:27:57.510.251 DEBUG __main__:HeavyPeeks: run #751 mask (15, 18) inv? False queue (28)
02:28:05.140.881 DEBUG __main__:HeavyPeeks: run #753 mask (7, 17) inv? False queue (24)
02:28:12.705.446 DEBUG __main__:HeavyPeeks: run #755 mask (13, 29) inv? False queue (22)
02:28:19.995.736 DEBUG __main__:HeavyPeeks: run #757 mask (5, 21) inv? False queue (18)
02:28:27.185.926 DEBUG __main__:HeavyPeeks: run #759 mask (2, 21) inv? False queue (7)
02:28:34.415.156 DEBUG __main__:HeavyPeeks: run #761 mask (12, 16) inv? True queue (4)
02:28:41.890.630 DEBUG __main__:HeavyPeeks: run #763 mask (0, 22) inv? True queue (3)
02:28:49.348.089 DEBUG __main__:HeavyPeeks: run #765 mask (0, 24) inv? True queue (2)
02:28:56.442.183 DEBUG __main__:HeavyPeeks: run #767 mask (3, 23) inv? True queue (1)
02:29:04.033.774 INFO __main__:RandomSboxBenchmark: reducing redundant: 7152 x m -> 194834
02:29:22.170.911 INFO __main__:RandomSboxBenchmark: reduced: 40093
02:29:22.189.930 INFO __main__:RandomSboxBenchmark: divcore: 7152 elements, saving to divcore_random/32/divcore.txt.gz ...
02:29:22.189.930 INFO __main__:RandomSboxBenchmark: lb: 2958 elements, saving to divcore_random/32/lb.txt.gz ...
02:29:22.190.931 INFO __main__:RandomSboxBenchmark: ub: 40093 elements, saving to divcore_random/32/ub.txt.gz ...
02:29:22.351.092 INFO __main__:RandomSboxBenchmark: finished
